000.000 =============================================================
000.000                     Station A                               
000.000 -------------------------------------------------------------
000.000 Protocol.lib, version 4.0, jiangyanjun0718@bupt.edu.cn
000.000 Channel: 8000 bps, 270 ms propagation delay, bit error rate 0
000.000 Log file "C:\code\CN-Lab1-Windows-VS2017\docs\测试记录\性能测试记录表\perf-table-20260516-235231\row1-utopia-normal-A.log", TCP port 65101, debug mask 0x00
000.000 Station A is waiting for station B on TCP port 65101 ... Done.
000.405 New epoch: Sat May 16 23:52:32 2026
000.405 =================================================================
000.405 
000.405 Designed by Jiang Yanjun, build: May 16 2026  23:11:48
003.459 .... 8 packets received, 7624 bps, 95.30%, Err 0 (0.0e+00)
005.576 .... 16 packets received, 7681 bps, 96.02%, Err 0 (0.0e+00)
007.696 .... 24 packets received, 7698 bps, 96.23%, Err 0 (0.0e+00)
009.792 .... 32 packets received, 7726 bps, 96.58%, Err 0 (0.0e+00)
011.910 .... 40 packets received, 7728 bps, 96.60%, Err 0 (0.0e+00)
014.009 .... 48 packets received, 7741 bps, 96.76%, Err 0 (0.0e+00)
016.177 .... 56 packets received, 7714 bps, 96.43%, Err 0 (0.0e+00)
018.243 .... 64 packets received, 7741 bps, 96.76%, Err 0 (0.0e+00)
020.344 .... 72 packets received, 7747 bps, 96.84%, Err 0 (0.0e+00)
022.492 .... 80 packets received, 7735 bps, 96.69%, Err 0 (0.0e+00)
024.592 .... 88 packets received, 7741 bps, 96.76%, Err 0 (0.0e+00)
026.686 .... 96 packets received, 7748 bps, 96.85%, Err 0 (0.0e+00)
028.825 .... 104 packets received, 7741 bps, 96.76%, Err 0 (0.0e+00)
030.910 .... 112 packets received, 7749 bps, 96.86%, Err 0 (0.0e+00)
033.009 .... 120 packets received, 7753 bps, 96.91%, Err 0 (0.0e+00)
035.128 .... 128 packets received, 7752 bps, 96.90%, Err 0 (0.0e+00)
037.268 .... 136 packets received, 7746 bps, 96.82%, Err 0 (0.0e+00)
039.378 .... 144 packets received, 7747 bps, 96.84%, Err 0 (0.0e+00)
041.461 .... 152 packets received, 7753 bps, 96.91%, Err 0 (0.0e+00)
043.593 .... 160 packets received, 7750 bps, 96.87%, Err 0 (0.0e+00)
045.701 .... 168 packets received, 7751 bps, 96.88%, Err 0 (0.0e+00)
047.842 .... 176 packets received, 7746 bps, 96.83%, Err 0 (0.0e+00)
049.925 .... 184 packets received, 7751 bps, 96.89%, Err 0 (0.0e+00)
052.027 .... 192 packets received, 7753 bps, 96.92%, Err 0 (0.0e+00)
054.176 .... 200 packets received, 7748 bps, 96.85%, Err 0 (0.0e+00)
056.241 .... 208 packets received, 7755 bps, 96.94%, Err 0 (0.0e+00)
058.377 .... 216 packets received, 7752 bps, 96.90%, Err 0 (0.0e+00)
060.477 .... 224 packets received, 7754 bps, 96.92%, Err 0 (0.0e+00)
062.624 .... 232 packets received, 7749 bps, 96.87%, Err 0 (0.0e+00)
064.707 .... 240 packets received, 7753 bps, 96.91%, Err 0 (0.0e+00)
066.807 .... 248 packets received, 7755 bps, 96.93%, Err 0 (0.0e+00)
068.939 .... 256 packets received, 7752 bps, 96.91%, Err 0 (0.0e+00)
071.090 .... 264 packets received, 7748 bps, 96.85%, Err 0 (0.0e+00)
073.158 .... 272 packets received, 7753 bps, 96.92%, Err 0 (0.0e+00)
075.293 .... 280 packets received, 7751 bps, 96.89%, Err 0 (0.0e+00)
077.375 .... 288 packets received, 7754 bps, 96.93%, Err 0 (0.0e+00)
079.492 .... 296 packets received, 7754 bps, 96.92%, Err 0 (0.0e+00)
081.591 .... 304 packets received, 7755 bps, 96.94%, Err 0 (0.0e+00)
083.708 .... 312 packets received, 7755 bps, 96.93%, Err 0 (0.0e+00)
085.841 .... 320 packets received, 7753 bps, 96.91%, Err 0 (0.0e+00)
087.940 .... 328 packets received, 7754 bps, 96.93%, Err 0 (0.0e+00)
090.059 .... 336 packets received, 7754 bps, 96.92%, Err 0 (0.0e+00)
092.175 .... 344 packets received, 7753 bps, 96.92%, Err 0 (0.0e+00)
094.293 .... 352 packets received, 7753 bps, 96.91%, Err 0 (0.0e+00)
096.375 .... 360 packets received, 7756 bps, 96.94%, Err 0 (0.0e+00)
098.492 .... 368 packets received, 7755 bps, 96.94%, Err 0 (0.0e+00)
100.641 .... 376 packets received, 7752 bps, 96.90%, Err 0 (0.0e+00)
104.526 .... 378 packets received, 7500 bps, 93.75%, Err 0 (0.0e+00)
108.725 .... 379 packets received, 7226 bps, 90.33%, Err 0 (0.0e+00)
112.841 .... 380 packets received, 6978 bps, 87.22%, Err 0 (0.0e+00)
116.922 .... 381 packets received, 6749 bps, 84.36%, Err 0 (0.0e+00)
120.990 .... 382 packets received, 6537 bps, 81.71%, Err 0 (0.0e+00)
125.073 .... 383 packets received, 6338 bps, 79.22%, Err 0 (0.0e+00)
129.271 .... 384 packets received, 6146 bps, 76.82%, Err 0 (0.0e+00)
133.340 .... 385 packets received, 5972 bps, 74.65%, Err 0 (0.0e+00)
137.489 .... 386 packets received, 5805 bps, 72.56%, Err 0 (0.0e+00)
141.539 .... 387 packets received, 5652 bps, 70.65%, Err 0 (0.0e+00)
145.608 .... 388 packets received, 5507 bps, 68.84%, Err 0 (0.0e+00)
149.773 .... 389 packets received, 5366 bps, 67.08%, Err 0 (0.0e+00)
153.874 .... 390 packets received, 5235 bps, 65.44%, Err 0 (0.0e+00)
158.122 .... 391 packets received, 5107 bps, 63.83%, Err 0 (0.0e+00)
162.206 .... 392 packets received, 4990 bps, 62.37%, Err 0 (0.0e+00)
166.223 .... 393 packets received, 4881 bps, 61.01%, Err 0 (0.0e+00)
170.273 .... 394 packets received, 4776 bps, 59.70%, Err 0 (0.0e+00)
174.406 .... 395 packets received, 4673 bps, 58.42%, Err 0 (0.0e+00)
178.472 .... 396 packets received, 4578 bps, 57.22%, Err 0 (0.0e+00)
182.589 .... 397 packets received, 4485 bps, 56.06%, Err 0 (0.0e+00)
186.725 .... 398 packets received, 4396 bps, 54.95%, Err 0 (0.0e+00)
190.855 .... 399 packets received, 4311 bps, 53.89%, Err 0 (0.0e+00)
194.888 .... 400 packets received, 4232 bps, 52.90%, Err 0 (0.0e+00)
199.121 .... 401 packets received, 4152 bps, 51.90%, Err 0 (0.0e+00)
201.324 .... 405 packets received, 4147 bps, 51.84%, Err 0 (0.0e+00)
203.437 .... 413 packets received, 4185 bps, 52.31%, Err 0 (0.0e+00)
205.555 .... 421 packets received, 4221 bps, 52.77%, Err 0 (0.0e+00)
207.708 .... 429 packets received, 4257 bps, 53.21%, Err 0 (0.0e+00)
209.789 .... 437 packets received, 4293 bps, 53.66%, Err 0 (0.0e+00)
211.907 .... 445 packets received, 4328 bps, 54.09%, Err 0 (0.0e+00)
214.003 .... 453 packets received, 4362 bps, 54.52%, Err 0 (0.0e+00)
216.140 .... 461 packets received, 4395 bps, 54.93%, Err 0 (0.0e+00)
218.254 .... 469 packets received, 4427 bps, 55.34%, Err 0 (0.0e+00)
220.339 .... 477 packets received, 4460 bps, 55.75%, Err 0 (0.0e+00)
222.472 .... 485 packets received, 4491 bps, 56.14%, Err 0 (0.0e+00)
224.588 .... 493 packets received, 4522 bps, 56.53%, Err 0 (0.0e+00)
226.683 .... 501 packets received, 4553 bps, 56.91%, Err 0 (0.0e+00)
228.805 .... 509 packets received, 4582 bps, 57.28%, Err 0 (0.0e+00)
230.906 .... 517 packets received, 4612 bps, 57.65%, Err 0 (0.0e+00)
233.054 .... 525 packets received, 4640 bps, 58.00%, Err 0 (0.0e+00)
235.136 .... 533 packets received, 4668 bps, 58.35%, Err 0 (0.0e+00)
237.239 .... 541 packets received, 4696 bps, 58.70%, Err 0 (0.0e+00)
239.371 .... 549 packets received, 4723 bps, 59.04%, Err 0 (0.0e+00)
241.467 .... 557 packets received, 4750 bps, 59.37%, Err 0 (0.0e+00)
243.586 .... 565 packets received, 4776 bps, 59.70%, Err 0 (0.0e+00)
245.687 .... 573 packets received, 4802 bps, 60.03%, Err 0 (0.0e+00)
247.822 .... 581 packets received, 4827 bps, 60.34%, Err 0 (0.0e+00)
249.937 .... 589 packets received, 4852 bps, 60.65%, Err 0 (0.0e+00)
252.023 .... 597 packets received, 4877 bps, 60.96%, Err 0 (0.0e+00)
254.152 .... 605 packets received, 4900 bps, 61.26%, Err 0 (0.0e+00)
256.269 .... 613 packets received, 4924 bps, 61.55%, Err 0 (0.0e+00)
258.355 .... 621 packets received, 4948 bps, 61.85%, Err 0 (0.0e+00)
260.488 .... 629 packets received, 4970 bps, 62.13%, Err 0 (0.0e+00)
262.602 .... 637 packets received, 4993 bps, 62.41%, Err 0 (0.0e+00)
264.705 .... 645 packets received, 5015 bps, 62.69%, Err 0 (0.0e+00)
266.818 .... 653 packets received, 5037 bps, 62.96%, Err 0 (0.0e+00)
268.922 .... 661 packets received, 5059 bps, 63.23%, Err 0 (0.0e+00)
271.052 .... 669 packets received, 5079 bps, 63.49%, Err 0 (0.0e+00)
273.154 .... 677 packets received, 5100 bps, 63.75%, Err 0 (0.0e+00)
275.289 .... 685 packets received, 5120 bps, 64.00%, Err 0 (0.0e+00)
277.385 .... 693 packets received, 5141 bps, 64.26%, Err 0 (0.0e+00)
279.504 .... 701 packets received, 5161 bps, 64.51%, Err 0 (0.0e+00)
281.619 .... 709 packets received, 5180 bps, 64.75%, Err 0 (0.0e+00)
283.752 .... 717 packets received, 5199 bps, 64.99%, Err 0 (0.0e+00)
285.836 .... 725 packets received, 5219 bps, 65.23%, Err 0 (0.0e+00)
287.951 .... 733 packets received, 5237 bps, 65.46%, Err 0 (0.0e+00)
290.053 .... 741 packets received, 5256 bps, 65.70%, Err 0 (0.0e+00)
292.171 .... 749 packets received, 5274 bps, 65.92%, Err 0 (0.0e+00)
294.284 .... 757 packets received, 5292 bps, 66.15%, Err 0 (0.0e+00)
296.379 .... 765 packets received, 5310 bps, 66.37%, Err 0 (0.0e+00)
298.489 .... 773 packets received, 5327 bps, 66.59%, Err 0 (0.0e+00)
300.617 .... 781 packets received, 5344 bps, 66.80%, Err 0 (0.0e+00)
304.619 .... 783 packets received, 5287 bps, 66.09%, Err 0 (0.0e+00)
308.735 .... 784 packets received, 5223 bps, 65.29%, Err 0 (0.0e+00)
312.850 .... 785 packets received, 5160 bps, 64.51%, Err 0 (0.0e+00)
316.853 .... 786 packets received, 5101 bps, 63.77%, Err 0 (0.0e+00)
321.003 .... 787 packets received, 5042 bps, 63.02%, Err 0 (0.0e+00)
325.186 .... 788 packets received, 4983 bps, 62.29%, Err 0 (0.0e+00)
329.320 .... 789 packets received, 4926 bps, 61.58%, Err 0 (0.0e+00)
333.385 .... 790 packets received, 4872 bps, 60.90%, Err 0 (0.0e+00)
337.502 .... 791 packets received, 4819 bps, 60.23%, Err 0 (0.0e+00)
341.537 .... 792 packets received, 4767 bps, 59.59%, Err 0 (0.0e+00)
345.866 .... 793 packets received, 4713 bps, 58.92%, Err 0 (0.0e+00)
350.020 .... 794 packets received, 4663 bps, 58.29%, Err 0 (0.0e+00)
354.087 .... 795 packets received, 4615 bps, 57.69%, Err 0 (0.0e+00)
358.284 .... 796 packets received, 4567 bps, 57.08%, Err 0 (0.0e+00)
362.416 .... 797 packets received, 4520 bps, 56.50%, Err 0 (0.0e+00)
366.499 .... 798 packets received, 4475 bps, 55.94%, Err 0 (0.0e+00)
370.602 .... 799 packets received, 4431 bps, 55.39%, Err 0 (0.0e+00)
374.749 .... 800 packets received, 4387 bps, 54.84%, Err 0 (0.0e+00)
378.919 .... 801 packets received, 4344 bps, 54.30%, Err 0 (0.0e+00)
383.098 .... 802 packets received, 4302 bps, 53.78%, Err 0 (0.0e+00)
387.183 .... 803 packets received, 4262 bps, 53.27%, Err 0 (0.0e+00)
391.400 .... 804 packets received, 4221 bps, 52.76%, Err 0 (0.0e+00)
395.548 .... 805 packets received, 4182 bps, 52.27%, Err 0 (0.0e+00)
399.598 .... 806 packets received, 4144 bps, 51.81%, Err 0 (0.0e+00)
401.614 .... 811 packets received, 4149 bps, 51.86%, Err 0 (0.0e+00)
403.716 .... 819 packets received, 4168 bps, 52.10%, Err 0 (0.0e+00)
405.848 .... 827 packets received, 4187 bps, 52.33%, Err 0 (0.0e+00)
407.964 .... 835 packets received, 4205 bps, 52.57%, Err 0 (0.0e+00)
410.065 .... 843 packets received, 4224 bps, 52.80%, Err 0 (0.0e+00)
412.166 .... 851 packets received, 4242 bps, 53.02%, Err 0 (0.0e+00)
414.282 .... 859 packets received, 4260 bps, 53.25%, Err 0 (0.0e+00)
416.397 .... 867 packets received, 4278 bps, 53.47%, Err 0 (0.0e+00)
418.510 .... 875 packets received, 4295 bps, 53.69%, Err 0 (0.0e+00)
420.649 .... 883 packets received, 4312 bps, 53.91%, Err 0 (0.0e+00)
422.746 .... 891 packets received, 4330 bps, 54.12%, Err 0 (0.0e+00)
424.833 .... 899 packets received, 4347 bps, 54.34%, Err 0 (0.0e+00)
426.948 .... 907 packets received, 4364 bps, 54.55%, Err 0 (0.0e+00)
429.047 .... 915 packets received, 4381 bps, 54.76%, Err 0 (0.0e+00)
431.180 .... 923 packets received, 4397 bps, 54.97%, Err 0 (0.0e+00)
433.313 .... 931 packets received, 4414 bps, 55.17%, Err 0 (0.0e+00)
435.398 .... 939 packets received, 4430 bps, 55.38%, Err 0 (0.0e+00)
437.533 .... 947 packets received, 4446 bps, 55.58%, Err 0 (0.0e+00)
439.632 .... 955 packets received, 4462 bps, 55.78%, Err 0 (0.0e+00)
441.733 .... 963 packets received, 4478 bps, 55.98%, Err 0 (0.0e+00)
443.846 .... 971 packets received, 4494 bps, 56.17%, Err 0 (0.0e+00)
445.946 .... 979 packets received, 4509 bps, 56.37%, Err 0 (0.0e+00)
448.066 .... 987 packets received, 4525 bps, 56.56%, Err 0 (0.0e+00)
449.994 ** WARNING: System too busy, sleep 15 ms, but be awakened 72 ms later
450.180 .... 995 packets received, 4540 bps, 56.75%, Err 0 (0.0e+00)
452.285 .... 1003 packets received, 4555 bps, 56.94%, Err 0 (0.0e+00)
454.416 .... 1011 packets received, 4570 bps, 57.12%, Err 0 (0.0e+00)
456.529 .... 1019 packets received, 4584 bps, 57.31%, Err 0 (0.0e+00)
458.649 .... 1027 packets received, 4599 bps, 57.49%, Err 0 (0.0e+00)
460.749 .... 1035 packets received, 4614 bps, 57.67%, Err 0 (0.0e+00)
462.881 .... 1043 packets received, 4628 bps, 57.85%, Err 0 (0.0e+00)
464.966 .... 1051 packets received, 4642 bps, 58.03%, Err 0 (0.0e+00)
467.099 .... 1059 packets received, 4656 bps, 58.20%, Err 0 (0.0e+00)
469.197 .... 1067 packets received, 4670 bps, 58.38%, Err 0 (0.0e+00)
471.295 .... 1075 packets received, 4684 bps, 58.56%, Err 0 (0.0e+00)
473.432 .... 1083 packets received, 4698 bps, 58.72%, Err 0 (0.0e+00)
475.530 .... 1091 packets received, 4712 bps, 58.90%, Err 0 (0.0e+00)
477.646 .... 1099 packets received, 4725 bps, 59.06%, Err 0 (0.0e+00)
479.779 .... 1107 packets received, 4738 bps, 59.23%, Err 0 (0.0e+00)
481.880 .... 1115 packets received, 4752 bps, 59.40%, Err 0 (0.0e+00)
483.977 .... 1123 packets received, 4765 bps, 59.56%, Err 0 (0.0e+00)
486.080 .... 1131 packets received, 4778 bps, 59.73%, Err 0 (0.0e+00)
488.211 .... 1139 packets received, 4791 bps, 59.89%, Err 0 (0.0e+00)
490.332 .... 1147 packets received, 4804 bps, 60.04%, Err 0 (0.0e+00)
492.412 .... 1155 packets received, 4817 bps, 60.21%, Err 0 (0.0e+00)
494.546 .... 1163 packets received, 4829 bps, 60.36%, Err 0 (0.0e+00)
496.682 .... 1171 packets received, 4841 bps, 60.52%, Err 0 (0.0e+00)
498.779 .... 1179 packets received, 4854 bps, 60.67%, Err 0 (0.0e+00)
500.878 .... 1187 packets received, 4866 bps, 60.83%, Err 0 (0.0e+00)
504.545 .... 1188 packets received, 4835 bps, 60.43%, Err 0 (0.0e+00)
508.643 .... 1189 packets received, 4800 bps, 60.00%, Err 0 (0.0e+00)
512.695 .... 1190 packets received, 4766 bps, 59.57%, Err 0 (0.0e+00)
516.746 .... 1191 packets received, 4732 bps, 59.15%, Err 0 (0.0e+00)
520.864 .... 1192 packets received, 4699 bps, 58.73%, Err 0 (0.0e+00)
524.981 .... 1193 packets received, 4666 bps, 58.32%, Err 0 (0.0e+00)
529.112 .... 1194 packets received, 4633 bps, 57.91%, Err 0 (0.0e+00)
533.210 .... 1195 packets received, 4601 bps, 57.51%, Err 0 (0.0e+00)
537.330 .... 1196 packets received, 4570 bps, 57.12%, Err 0 (0.0e+00)
541.445 .... 1197 packets received, 4539 bps, 56.73%, Err 0 (0.0e+00)
545.579 .... 1198 packets received, 4508 bps, 56.35%, Err 0 (0.0e+00)
549.662 .... 1199 packets received, 4478 bps, 55.98%, Err 0 (0.0e+00)
553.861 .... 1200 packets received, 4448 bps, 55.60%, Err 0 (0.0e+00)
558.114 .... 1201 packets received, 4417 bps, 55.22%, Err 0 (0.0e+00)
562.147 .... 1202 packets received, 4389 bps, 54.87%, Err 0 (0.0e+00)
566.293 .... 1203 packets received, 4361 bps, 54.51%, Err 0 (0.0e+00)
570.345 .... 1204 packets received, 4333 bps, 54.17%, Err 0 (0.0e+00)
574.412 .... 1205 packets received, 4306 bps, 53.83%, Err 0 (0.0e+00)
578.543 .... 1206 packets received, 4279 bps, 53.49%, Err 0 (0.0e+00)
582.660 .... 1207 packets received, 4252 bps, 53.15%, Err 0 (0.0e+00)
586.747 .... 1208 packets received, 4226 bps, 52.82%, Err 0 (0.0e+00)
590.762 .... 1209 packets received, 4201 bps, 52.51%, Err 0 (0.0e+00)
594.912 .... 1210 packets received, 4175 bps, 52.18%, Err 0 (0.0e+00)
598.993 .... 1211 packets received, 4150 bps, 51.87%, Err 0 (0.0e+00)
601.061 .... 1214 packets received, 4146 bps, 51.82%, Err 0 (0.0e+00)
603.178 .... 1222 packets received, 4158 bps, 51.98%, Err 0 (0.0e+00)
605.311 .... 1230 packets received, 4171 bps, 52.13%, Err 0 (0.0e+00)
607.407 .... 1238 packets received, 4183 bps, 52.29%, Err 0 (0.0e+00)
609.544 .... 1246 packets received, 4195 bps, 52.44%, Err 0 (0.0e+00)
611.662 .... 1254 packets received, 4208 bps, 52.60%, Err 0 (0.0e+00)
613.760 .... 1262 packets received, 4220 bps, 52.75%, Err 0 (0.0e+00)
615.860 .... 1270 packets received, 4232 bps, 52.90%, Err 0 (0.0e+00)
617.994 .... 1278 packets received, 4244 bps, 53.05%, Err 0 (0.0e+00)
620.027 Quit.
