000.000 =============================================================
000.000                     Station B                               
000.000 -------------------------------------------------------------
000.000 Protocol.lib, version 4.0, jiangyanjun0718@bupt.edu.cn
000.000 Channel: 8000 bps, 270 ms propagation delay, bit error rate 0
000.000 Log file "C:\code\CN-Lab1-Windows-VS2017\docs\测试记录\性能测试记录表\perf-table-20260516-235231\row1-utopia-normal-B.log", TCP port 65101, debug mask 0x00
000.000 Station B is connecting station A (TCP port 65101) ... Done.
000.405 New epoch: Sat May 16 23:52:32 2026
000.405 =================================================================
000.405 
000.405 Designed by Jiang Yanjun, build: May 16 2026  23:11:48
002.826 .... 8 packets received, 7624 bps, 95.30%, Err 0 (0.0e+00)
004.927 .... 16 packets received, 7710 bps, 96.38%, Err 0 (0.0e+00)
007.043 .... 24 packets received, 7721 bps, 96.51%, Err 0 (0.0e+00)
009.127 .... 32 packets received, 7756 bps, 96.95%, Err 0 (0.0e+00)
011.244 .... 40 packets received, 7752 bps, 96.91%, Err 0 (0.0e+00)
013.376 .... 48 packets received, 7741 bps, 96.76%, Err 0 (0.0e+00)
015.509 .... 56 packets received, 7732 bps, 96.66%, Err 0 (0.0e+00)
017.611 .... 64 packets received, 7740 bps, 96.75%, Err 0 (0.0e+00)
019.718 .... 72 packets received, 7744 bps, 96.80%, Err 0 (0.0e+00)
021.812 .... 80 packets received, 7752 bps, 96.90%, Err 0 (0.0e+00)
023.942 .... 88 packets received, 7747 bps, 96.83%, Err 0 (0.0e+00)
026.044 .... 96 packets received, 7751 bps, 96.88%, Err 0 (0.0e+00)
028.175 .... 104 packets received, 7746 bps, 96.82%, Err 0 (0.0e+00)
030.262 .... 112 packets received, 7753 bps, 96.91%, Err 0 (0.0e+00)
032.392 .... 120 packets received, 7749 bps, 96.86%, Err 0 (0.0e+00)
034.494 .... 128 packets received, 7752 bps, 96.90%, Err 0 (0.0e+00)
036.627 .... 136 packets received, 7748 bps, 96.85%, Err 0 (0.0e+00)
038.708 .... 144 packets received, 7755 bps, 96.93%, Err 0 (0.0e+00)
040.843 .... 152 packets received, 7750 bps, 96.88%, Err 0 (0.0e+00)
042.959 .... 160 packets received, 7750 bps, 96.87%, Err 0 (0.0e+00)
045.076 .... 168 packets received, 7749 bps, 96.87%, Err 0 (0.0e+00)
047.177 .... 176 packets received, 7752 bps, 96.89%, Err 0 (0.0e+00)
049.261 .... 184 packets received, 7756 bps, 96.95%, Err 0 (0.0e+00)
051.395 .... 192 packets received, 7753 bps, 96.91%, Err 0 (0.0e+00)
053.493 .... 200 packets received, 7755 bps, 96.94%, Err 0 (0.0e+00)
055.607 .... 208 packets received, 7755 bps, 96.94%, Err 0 (0.0e+00)
057.741 .... 216 packets received, 7752 bps, 96.90%, Err 0 (0.0e+00)
059.844 .... 224 packets received, 7754 bps, 96.92%, Err 0 (0.0e+00)
061.959 .... 232 packets received, 7753 bps, 96.92%, Err 0 (0.0e+00)
064.040 .... 240 packets received, 7757 bps, 96.97%, Err 0 (0.0e+00)
066.175 .... 248 packets received, 7754 bps, 96.93%, Err 0 (0.0e+00)
068.292 .... 256 packets received, 7754 bps, 96.93%, Err 0 (0.0e+00)
070.409 .... 264 packets received, 7754 bps, 96.92%, Err 0 (0.0e+00)
072.490 .... 272 packets received, 7757 bps, 96.96%, Err 0 (0.0e+00)
074.643 .... 280 packets received, 7753 bps, 96.91%, Err 0 (0.0e+00)
076.742 .... 288 packets received, 7754 bps, 96.93%, Err 0 (0.0e+00)
078.843 .... 296 packets received, 7755 bps, 96.94%, Err 0 (0.0e+00)
080.957 .... 304 packets received, 7755 bps, 96.94%, Err 0 (0.0e+00)
083.075 .... 312 packets received, 7755 bps, 96.93%, Err 0 (0.0e+00)
085.157 .... 320 packets received, 7758 bps, 96.97%, Err 0 (0.0e+00)
087.290 .... 328 packets received, 7756 bps, 96.95%, Err 0 (0.0e+00)
089.409 .... 336 packets received, 7755 bps, 96.94%, Err 0 (0.0e+00)
091.526 .... 344 packets received, 7755 bps, 96.93%, Err 0 (0.0e+00)
093.645 .... 352 packets received, 7754 bps, 96.93%, Err 0 (0.0e+00)
095.757 .... 360 packets received, 7754 bps, 96.93%, Err 0 (0.0e+00)
097.877 .... 368 packets received, 7754 bps, 96.92%, Err 0 (0.0e+00)
099.973 .... 376 packets received, 7755 bps, 96.94%, Err 0 (0.0e+00)
102.076 .... 384 packets received, 7756 bps, 96.95%, Err 0 (0.0e+00)
104.225 .... 392 packets received, 7753 bps, 96.91%, Err 0 (0.0e+00)
106.308 .... 400 packets received, 7755 bps, 96.94%, Err 0 (0.0e+00)
108.410 .... 408 packets received, 7756 bps, 96.95%, Err 0 (0.0e+00)
110.541 .... 416 packets received, 7755 bps, 96.93%, Err 0 (0.0e+00)
112.656 .... 424 packets received, 7755 bps, 96.93%, Err 0 (0.0e+00)
114.739 .... 432 packets received, 7757 bps, 96.96%, Err 0 (0.0e+00)
116.858 .... 440 packets received, 7756 bps, 96.95%, Err 0 (0.0e+00)
118.972 .... 448 packets received, 7756 bps, 96.95%, Err 0 (0.0e+00)
121.109 .... 456 packets received, 7754 bps, 96.93%, Err 0 (0.0e+00)
123.205 .... 464 packets received, 7756 bps, 96.94%, Err 0 (0.0e+00)
125.307 .... 472 packets received, 7756 bps, 96.95%, Err 0 (0.0e+00)
127.409 .... 480 packets received, 7757 bps, 96.96%, Err 0 (0.0e+00)
129.557 .... 488 packets received, 7755 bps, 96.93%, Err 0 (0.0e+00)
131.625 .... 496 packets received, 7757 bps, 96.97%, Err 0 (0.0e+00)
133.775 .... 504 packets received, 7755 bps, 96.94%, Err 0 (0.0e+00)
135.872 .... 512 packets received, 7756 bps, 96.95%, Err 0 (0.0e+00)
137.993 .... 520 packets received, 7756 bps, 96.94%, Err 0 (0.0e+00)
140.107 .... 528 packets received, 7755 bps, 96.94%, Err 0 (0.0e+00)
142.207 .... 536 packets received, 7756 bps, 96.95%, Err 0 (0.0e+00)
144.341 .... 544 packets received, 7755 bps, 96.94%, Err 0 (0.0e+00)
146.442 .... 552 packets received, 7756 bps, 96.95%, Err 0 (0.0e+00)
148.540 .... 560 packets received, 7756 bps, 96.95%, Err 0 (0.0e+00)
150.657 .... 568 packets received, 7756 bps, 96.95%, Err 0 (0.0e+00)
152.790 .... 576 packets received, 7755 bps, 96.94%, Err 0 (0.0e+00)
154.875 .... 584 packets received, 7757 bps, 96.96%, Err 0 (0.0e+00)
157.022 .... 592 packets received, 7755 bps, 96.93%, Err 0 (0.0e+00)
159.108 .... 600 packets received, 7756 bps, 96.95%, Err 0 (0.0e+00)
161.240 .... 608 packets received, 7755 bps, 96.94%, Err 0 (0.0e+00)
163.323 .... 616 packets received, 7757 bps, 96.96%, Err 0 (0.0e+00)
165.457 .... 624 packets received, 7756 bps, 96.94%, Err 0 (0.0e+00)
167.542 .... 632 packets received, 7757 bps, 96.96%, Err 0 (0.0e+00)
169.674 .... 640 packets received, 7756 bps, 96.95%, Err 0 (0.0e+00)
171.789 .... 648 packets received, 7756 bps, 96.95%, Err 0 (0.0e+00)
173.889 .... 656 packets received, 7756 bps, 96.95%, Err 0 (0.0e+00)
176.005 .... 664 packets received, 7756 bps, 96.95%, Err 0 (0.0e+00)
178.122 .... 672 packets received, 7756 bps, 96.95%, Err 0 (0.0e+00)
180.236 .... 680 packets received, 7756 bps, 96.95%, Err 0 (0.0e+00)
182.339 .... 688 packets received, 7756 bps, 96.95%, Err 0 (0.0e+00)
184.440 .... 696 packets received, 7757 bps, 96.96%, Err 0 (0.0e+00)
186.554 .... 704 packets received, 7757 bps, 96.96%, Err 0 (0.0e+00)
188.655 .... 712 packets received, 7757 bps, 96.96%, Err 0 (0.0e+00)
190.807 .... 720 packets received, 7756 bps, 96.94%, Err 0 (0.0e+00)
192.890 .... 728 packets received, 7757 bps, 96.96%, Err 0 (0.0e+00)
195.024 .... 736 packets received, 7756 bps, 96.95%, Err 0 (0.0e+00)
197.120 .... 744 packets received, 7757 bps, 96.96%, Err 0 (0.0e+00)
199.239 .... 752 packets received, 7756 bps, 96.95%, Err 0 (0.0e+00)
201.354 .... 760 packets received, 7756 bps, 96.95%, Err 0 (0.0e+00)
203.504 .... 768 packets received, 7755 bps, 96.93%, Err 0 (0.0e+00)
205.605 .... 776 packets received, 7755 bps, 96.94%, Err 0 (0.0e+00)
207.738 .... 784 packets received, 7754 bps, 96.93%, Err 0 (0.0e+00)
209.824 .... 792 packets received, 7755 bps, 96.94%, Err 0 (0.0e+00)
211.955 .... 800 packets received, 7755 bps, 96.93%, Err 0 (0.0e+00)
214.087 .... 808 packets received, 7754 bps, 96.93%, Err 0 (0.0e+00)
216.157 .... 816 packets received, 7756 bps, 96.94%, Err 0 (0.0e+00)
218.290 .... 824 packets received, 7755 bps, 96.94%, Err 0 (0.0e+00)
220.403 .... 832 packets received, 7755 bps, 96.94%, Err 0 (0.0e+00)
222.489 .... 840 packets received, 7756 bps, 96.95%, Err 0 (0.0e+00)
224.622 .... 848 packets received, 7755 bps, 96.94%, Err 0 (0.0e+00)
226.731 .... 856 packets received, 7755 bps, 96.94%, Err 0 (0.0e+00)
228.822 .... 864 packets received, 7756 bps, 96.95%, Err 0 (0.0e+00)
230.956 .... 872 packets received, 7755 bps, 96.94%, Err 0 (0.0e+00)
233.054 .... 880 packets received, 7756 bps, 96.95%, Err 0 (0.0e+00)
235.203 .... 888 packets received, 7754 bps, 96.93%, Err 0 (0.0e+00)
237.304 .... 896 packets received, 7755 bps, 96.94%, Err 0 (0.0e+00)
239.421 .... 904 packets received, 7755 bps, 96.93%, Err 0 (0.0e+00)
241.521 .... 912 packets received, 7755 bps, 96.94%, Err 0 (0.0e+00)
243.638 .... 920 packets received, 7755 bps, 96.94%, Err 0 (0.0e+00)
245.753 .... 928 packets received, 7755 bps, 96.94%, Err 0 (0.0e+00)
247.853 .... 936 packets received, 7755 bps, 96.94%, Err 0 (0.0e+00)
249.955 .... 944 packets received, 7756 bps, 96.95%, Err 0 (0.0e+00)
252.119 .... 952 packets received, 7754 bps, 96.93%, Err 0 (0.0e+00)
254.172 .... 960 packets received, 7756 bps, 96.95%, Err 0 (0.0e+00)
256.286 .... 968 packets received, 7756 bps, 96.95%, Err 0 (0.0e+00)
258.420 .... 976 packets received, 7755 bps, 96.94%, Err 0 (0.0e+00)
260.519 .... 984 packets received, 7756 bps, 96.95%, Err 0 (0.0e+00)
262.621 .... 992 packets received, 7756 bps, 96.95%, Err 0 (0.0e+00)
264.754 .... 1000 packets received, 7755 bps, 96.94%, Err 0 (0.0e+00)
266.855 .... 1008 packets received, 7756 bps, 96.95%, Err 0 (0.0e+00)
268.988 .... 1016 packets received, 7755 bps, 96.94%, Err 0 (0.0e+00)
271.118 .... 1024 packets received, 7755 bps, 96.93%, Err 0 (0.0e+00)
273.188 .... 1032 packets received, 7756 bps, 96.95%, Err 0 (0.0e+00)
275.289 .... 1040 packets received, 7756 bps, 96.95%, Err 0 (0.0e+00)
277.403 .... 1048 packets received, 7756 bps, 96.95%, Err 0 (0.0e+00)
279.519 .... 1056 packets received, 7756 bps, 96.95%, Err 0 (0.0e+00)
281.638 .... 1064 packets received, 7756 bps, 96.95%, Err 0 (0.0e+00)
283.770 .... 1072 packets received, 7755 bps, 96.94%, Err 0 (0.0e+00)
285.853 .... 1080 packets received, 7756 bps, 96.95%, Err 0 (0.0e+00)
287.986 .... 1088 packets received, 7755 bps, 96.94%, Err 0 (0.0e+00)
290.088 .... 1096 packets received, 7756 bps, 96.95%, Err 0 (0.0e+00)
292.204 .... 1104 packets received, 7756 bps, 96.95%, Err 0 (0.0e+00)
294.300 .... 1112 packets received, 7756 bps, 96.95%, Err 0 (0.0e+00)
296.436 .... 1120 packets received, 7756 bps, 96.94%, Err 0 (0.0e+00)
298.536 .... 1128 packets received, 7756 bps, 96.95%, Err 0 (0.0e+00)
300.653 .... 1136 packets received, 7756 bps, 96.95%, Err 0 (0.0e+00)
302.785 .... 1144 packets received, 7755 bps, 96.94%, Err 0 (0.0e+00)
304.886 .... 1152 packets received, 7756 bps, 96.94%, Err 0 (0.0e+00)
307.004 .... 1160 packets received, 7755 bps, 96.94%, Err 0 (0.0e+00)
309.104 .... 1168 packets received, 7756 bps, 96.95%, Err 0 (0.0e+00)
311.218 .... 1176 packets received, 7756 bps, 96.95%, Err 0 (0.0e+00)
313.336 .... 1184 packets received, 7756 bps, 96.94%, Err 0 (0.0e+00)
315.434 .... 1192 packets received, 7756 bps, 96.95%, Err 0 (0.0e+00)
317.536 .... 1200 packets received, 7756 bps, 96.95%, Err 0 (0.0e+00)
319.671 .... 1208 packets received, 7756 bps, 96.94%, Err 0 (0.0e+00)
321.786 .... 1216 packets received, 7756 bps, 96.94%, Err 0 (0.0e+00)
323.868 .... 1224 packets received, 7756 bps, 96.95%, Err 0 (0.0e+00)
326.021 .... 1232 packets received, 7755 bps, 96.94%, Err 0 (0.0e+00)
328.118 .... 1240 packets received, 7756 bps, 96.95%, Err 0 (0.0e+00)
330.234 .... 1248 packets received, 7756 bps, 96.94%, Err 0 (0.0e+00)
332.336 .... 1256 packets received, 7756 bps, 96.95%, Err 0 (0.0e+00)
334.471 .... 1264 packets received, 7755 bps, 96.94%, Err 0 (0.0e+00)
336.570 .... 1272 packets received, 7756 bps, 96.95%, Err 0 (0.0e+00)
338.670 .... 1280 packets received, 7756 bps, 96.95%, Err 0 (0.0e+00)
340.805 .... 1288 packets received, 7755 bps, 96.94%, Err 0 (0.0e+00)
342.917 .... 1296 packets received, 7755 bps, 96.94%, Err 0 (0.0e+00)
344.983 .... 1304 packets received, 7756 bps, 96.96%, Err 0 (0.0e+00)
347.118 .... 1312 packets received, 7756 bps, 96.95%, Err 0 (0.0e+00)
349.247 .... 1320 packets received, 7756 bps, 96.94%, Err 0 (0.0e+00)
351.345 .... 1328 packets received, 7756 bps, 96.95%, Err 0 (0.0e+00)
353.436 .... 1336 packets received, 7756 bps, 96.95%, Err 0 (0.0e+00)
355.550 .... 1344 packets received, 7756 bps, 96.95%, Err 0 (0.0e+00)
357.687 .... 1352 packets received, 7756 bps, 96.95%, Err 0 (0.0e+00)
359.785 .... 1360 packets received, 7756 bps, 96.95%, Err 0 (0.0e+00)
361.915 .... 1368 packets received, 7756 bps, 96.95%, Err 0 (0.0e+00)
364.018 .... 1376 packets received, 7756 bps, 96.95%, Err 0 (0.0e+00)
366.152 .... 1384 packets received, 7755 bps, 96.94%, Err 0 (0.0e+00)
368.233 .... 1392 packets received, 7756 bps, 96.95%, Err 0 (0.0e+00)
370.366 .... 1400 packets received, 7756 bps, 96.95%, Err 0 (0.0e+00)
372.484 .... 1408 packets received, 7756 bps, 96.94%, Err 0 (0.0e+00)
374.565 .... 1416 packets received, 7756 bps, 96.95%, Err 0 (0.0e+00)
376.666 .... 1424 packets received, 7756 bps, 96.96%, Err 0 (0.0e+00)
378.800 .... 1432 packets received, 7756 bps, 96.95%, Err 0 (0.0e+00)
380.917 .... 1440 packets received, 7756 bps, 96.95%, Err 0 (0.0e+00)
383.018 .... 1448 packets received, 7756 bps, 96.95%, Err 0 (0.0e+00)
385.152 .... 1456 packets received, 7756 bps, 96.95%, Err 0 (0.0e+00)
387.248 .... 1464 packets received, 7756 bps, 96.95%, Err 0 (0.0e+00)
389.367 .... 1472 packets received, 7756 bps, 96.95%, Err 0 (0.0e+00)
391.485 .... 1480 packets received, 7756 bps, 96.95%, Err 0 (0.0e+00)
393.580 .... 1488 packets received, 7756 bps, 96.95%, Err 0 (0.0e+00)
395.719 .... 1496 packets received, 7756 bps, 96.95%, Err 0 (0.0e+00)
397.816 .... 1504 packets received, 7756 bps, 96.95%, Err 0 (0.0e+00)
399.898 .... 1512 packets received, 7757 bps, 96.96%, Err 0 (0.0e+00)
402.014 .... 1520 packets received, 7756 bps, 96.96%, Err 0 (0.0e+00)
404.134 .... 1528 packets received, 7756 bps, 96.95%, Err 0 (0.0e+00)
406.283 .... 1536 packets received, 7756 bps, 96.95%, Err 0 (0.0e+00)
408.367 .... 1544 packets received, 7756 bps, 96.95%, Err 0 (0.0e+00)
410.467 .... 1552 packets received, 7756 bps, 96.96%, Err 0 (0.0e+00)
412.597 .... 1560 packets received, 7756 bps, 96.95%, Err 0 (0.0e+00)
414.697 .... 1568 packets received, 7756 bps, 96.95%, Err 0 (0.0e+00)
416.814 .... 1576 packets received, 7756 bps, 96.95%, Err 0 (0.0e+00)
418.946 .... 1584 packets received, 7756 bps, 96.95%, Err 0 (0.0e+00)
421.033 .... 1592 packets received, 7756 bps, 96.95%, Err 0 (0.0e+00)
423.134 .... 1600 packets received, 7757 bps, 96.96%, Err 0 (0.0e+00)
425.282 .... 1608 packets received, 7756 bps, 96.95%, Err 0 (0.0e+00)
427.366 .... 1616 packets received, 7756 bps, 96.95%, Err 0 (0.0e+00)
429.484 .... 1624 packets received, 7756 bps, 96.95%, Err 0 (0.0e+00)
431.599 .... 1632 packets received, 7756 bps, 96.95%, Err 0 (0.0e+00)
433.696 .... 1640 packets received, 7757 bps, 96.96%, Err 0 (0.0e+00)
435.816 .... 1648 packets received, 7756 bps, 96.95%, Err 0 (0.0e+00)
437.916 .... 1656 packets received, 7757 bps, 96.96%, Err 0 (0.0e+00)
440.047 .... 1664 packets received, 7756 bps, 96.95%, Err 0 (0.0e+00)
442.163 .... 1672 packets received, 7756 bps, 96.95%, Err 0 (0.0e+00)
444.280 .... 1680 packets received, 7756 bps, 96.95%, Err 0 (0.0e+00)
446.398 .... 1688 packets received, 7756 bps, 96.95%, Err 0 (0.0e+00)
448.498 .... 1696 packets received, 7756 bps, 96.95%, Err 0 (0.0e+00)
449.994 ** WARNING: System too busy, sleep 15 ms, but be awakened 71 ms later
450.613 .... 1704 packets received, 7756 bps, 96.95%, Err 0 (0.0e+00)
452.746 .... 1712 packets received, 7756 bps, 96.95%, Err 0 (0.0e+00)
454.813 .... 1720 packets received, 7757 bps, 96.96%, Err 0 (0.0e+00)
456.930 .... 1728 packets received, 7757 bps, 96.96%, Err 0 (0.0e+00)
459.030 .... 1736 packets received, 7757 bps, 96.96%, Err 0 (0.0e+00)
461.163 .... 1744 packets received, 7756 bps, 96.95%, Err 0 (0.0e+00)
463.311 .... 1752 packets received, 7756 bps, 96.95%, Err 0 (0.0e+00)
465.414 .... 1760 packets received, 7756 bps, 96.95%, Err 0 (0.0e+00)
467.496 .... 1768 packets received, 7756 bps, 96.96%, Err 0 (0.0e+00)
469.629 .... 1776 packets received, 7756 bps, 96.95%, Err 0 (0.0e+00)
471.715 .... 1784 packets received, 7757 bps, 96.96%, Err 0 (0.0e+00)
473.831 .... 1792 packets received, 7756 bps, 96.96%, Err 0 (0.0e+00)
475.946 .... 1800 packets received, 7756 bps, 96.96%, Err 0 (0.0e+00)
478.049 .... 1808 packets received, 7757 bps, 96.96%, Err 0 (0.0e+00)
480.179 .... 1816 packets received, 7756 bps, 96.95%, Err 0 (0.0e+00)
482.296 .... 1824 packets received, 7756 bps, 96.95%, Err 0 (0.0e+00)
484.379 .... 1832 packets received, 7757 bps, 96.96%, Err 0 (0.0e+00)
486.499 .... 1840 packets received, 7757 bps, 96.96%, Err 0 (0.0e+00)
488.645 .... 1848 packets received, 7756 bps, 96.95%, Err 0 (0.0e+00)
490.729 .... 1856 packets received, 7756 bps, 96.96%, Err 0 (0.0e+00)
492.864 .... 1864 packets received, 7756 bps, 96.95%, Err 0 (0.0e+00)
494.945 .... 1872 packets received, 7757 bps, 96.96%, Err 0 (0.0e+00)
497.081 .... 1880 packets received, 7756 bps, 96.95%, Err 0 (0.0e+00)
499.180 .... 1888 packets received, 7756 bps, 96.96%, Err 0 (0.0e+00)
501.311 .... 1896 packets received, 7756 bps, 96.95%, Err 0 (0.0e+00)
503.412 .... 1904 packets received, 7756 bps, 96.95%, Err 0 (0.0e+00)
505.513 .... 1912 packets received, 7757 bps, 96.96%, Err 0 (0.0e+00)
507.611 .... 1920 packets received, 7757 bps, 96.96%, Err 0 (0.0e+00)
509.762 .... 1928 packets received, 7756 bps, 96.95%, Err 0 (0.0e+00)
511.895 .... 1936 packets received, 7756 bps, 96.95%, Err 0 (0.0e+00)
513.978 .... 1944 packets received, 7756 bps, 96.95%, Err 0 (0.0e+00)
516.079 .... 1952 packets received, 7756 bps, 96.96%, Err 0 (0.0e+00)
518.211 .... 1960 packets received, 7756 bps, 96.95%, Err 0 (0.0e+00)
520.297 .... 1968 packets received, 7757 bps, 96.96%, Err 0 (0.0e+00)
522.395 .... 1976 packets received, 7757 bps, 96.96%, Err 0 (0.0e+00)
524.531 .... 1984 packets received, 7756 bps, 96.96%, Err 0 (0.0e+00)
526.646 .... 1992 packets received, 7756 bps, 96.95%, Err 0 (0.0e+00)
528.760 .... 2000 packets received, 7756 bps, 96.95%, Err 0 (0.0e+00)
530.845 .... 2008 packets received, 7757 bps, 96.96%, Err 0 (0.0e+00)
532.962 .... 2016 packets received, 7757 bps, 96.96%, Err 0 (0.0e+00)
535.110 .... 2024 packets received, 7756 bps, 96.95%, Err 0 (0.0e+00)
537.173 .... 2032 packets received, 7757 bps, 96.96%, Err 0 (0.0e+00)
539.297 .... 2040 packets received, 7757 bps, 96.96%, Err 0 (0.0e+00)
541.411 .... 2048 packets received, 7757 bps, 96.96%, Err 0 (0.0e+00)
543.530 .... 2056 packets received, 7757 bps, 96.96%, Err 0 (0.0e+00)
545.659 .... 2064 packets received, 7756 bps, 96.95%, Err 0 (0.0e+00)
547.747 .... 2072 packets received, 7757 bps, 96.96%, Err 0 (0.0e+00)
549.862 .... 2080 packets received, 7757 bps, 96.96%, Err 0 (0.0e+00)
551.983 .... 2088 packets received, 7757 bps, 96.96%, Err 0 (0.0e+00)
554.095 .... 2096 packets received, 7757 bps, 96.96%, Err 0 (0.0e+00)
556.212 .... 2104 packets received, 7756 bps, 96.96%, Err 0 (0.0e+00)
558.330 .... 2112 packets received, 7756 bps, 96.95%, Err 0 (0.0e+00)
560.445 .... 2120 packets received, 7756 bps, 96.95%, Err 0 (0.0e+00)
562.548 .... 2128 packets received, 7756 bps, 96.96%, Err 0 (0.0e+00)
564.664 .... 2136 packets received, 7756 bps, 96.96%, Err 0 (0.0e+00)
566.762 .... 2144 packets received, 7757 bps, 96.96%, Err 0 (0.0e+00)
568.863 .... 2152 packets received, 7757 bps, 96.96%, Err 0 (0.0e+00)
570.995 .... 2160 packets received, 7757 bps, 96.96%, Err 0 (0.0e+00)
573.129 .... 2168 packets received, 7756 bps, 96.95%, Err 0 (0.0e+00)
575.193 .... 2176 packets received, 7757 bps, 96.96%, Err 0 (0.0e+00)
577.313 .... 2184 packets received, 7757 bps, 96.96%, Err 0 (0.0e+00)
579.445 .... 2192 packets received, 7757 bps, 96.96%, Err 0 (0.0e+00)
581.545 .... 2200 packets received, 7757 bps, 96.96%, Err 0 (0.0e+00)
583.659 .... 2208 packets received, 7757 bps, 96.96%, Err 0 (0.0e+00)
585.776 .... 2216 packets received, 7757 bps, 96.96%, Err 0 (0.0e+00)
587.895 .... 2224 packets received, 7756 bps, 96.96%, Err 0 (0.0e+00)
589.994 .... 2232 packets received, 7757 bps, 96.96%, Err 0 (0.0e+00)
592.128 .... 2240 packets received, 7756 bps, 96.95%, Err 0 (0.0e+00)
594.245 .... 2248 packets received, 7756 bps, 96.95%, Err 0 (0.0e+00)
596.328 .... 2256 packets received, 7757 bps, 96.96%, Err 0 (0.0e+00)
598.461 .... 2264 packets received, 7756 bps, 96.96%, Err 0 (0.0e+00)
600.559 .... 2272 packets received, 7757 bps, 96.96%, Err 0 (0.0e+00)
602.691 .... 2280 packets received, 7756 bps, 96.95%, Err 0 (0.0e+00)
604.795 .... 2288 packets received, 7756 bps, 96.96%, Err 0 (0.0e+00)
606.929 .... 2296 packets received, 7756 bps, 96.95%, Err 0 (0.0e+00)
609.028 .... 2304 packets received, 7756 bps, 96.95%, Err 0 (0.0e+00)
611.161 .... 2312 packets received, 7756 bps, 96.95%, Err 0 (0.0e+00)
613.260 .... 2320 packets received, 7756 bps, 96.95%, Err 0 (0.0e+00)
615.374 .... 2328 packets received, 7756 bps, 96.95%, Err 0 (0.0e+00)
617.478 .... 2336 packets received, 7756 bps, 96.95%, Err 0 (0.0e+00)
619.609 .... 2344 packets received, 7756 bps, 96.95%, Err 0 (0.0e+00)
620.027 Quit.
