000.000 =============================================================
000.000                     Station B                               
000.000 -------------------------------------------------------------
000.000 Protocol.lib, version 4.0, jiangyanjun0718@bupt.edu.cn
000.000 Channel: 8000 bps, 270 ms propagation delay, bit error rate 1.0E-05
000.000 Log file "C:\code\CN-Lab1-Windows-VS2017\docs\测试记录\性能测试记录表\perf-table-20260516-235231\row2-default-normal-B.log", TCP port 65102, debug mask 0x00
000.000 Station B is connecting station A (TCP port 65102) ... Done.
000.840 New epoch: Sat May 16 23:52:32 2026
000.840 =================================================================
000.840 
000.840 Designed by Jiang Yanjun, build: May 16 2026  23:11:48
003.227 .... 8 packets received, 7794 bps, 97.43%, Err 0 (0.0e+00)
005.345 .... 16 packets received, 7765 bps, 97.06%, Err 0 (0.0e+00)
008.026 .... 18 packets received, 5342 bps, 66.77%, Err 1 (1.8e-05)
010.129 .... 29 packets received, 6596 bps, 82.45%, Err 1 (1.5e-05)
012.243 .... 37 packets received, 6816 bps, 85.20%, Err 1 (1.2e-05)
014.361 .... 45 packets received, 6963 bps, 87.04%, Err 1 (1.0e-05)
016.477 .... 53 packets received, 7070 bps, 88.38%, Err 1 (8.6e-06)
018.577 .... 61 packets received, 7158 bps, 89.48%, Err 1 (7.5e-06)
020.711 .... 69 packets received, 7215 bps, 90.19%, Err 1 (6.6e-06)
022.794 .... 77 packets received, 7277 bps, 90.97%, Err 1 (6.0e-06)
024.893 .... 85 packets received, 7324 bps, 91.55%, Err 1 (5.4e-06)
027.565 .... 87 packets received, 6739 bps, 84.24%, Err 3 (1.5e-05)
030.775 .... 93 packets received, 6424 bps, 80.30%, Err 3 (1.3e-05)
032.844 .... 102 packets received, 6586 bps, 82.32%, Err 3 (1.3e-05)
036.857 .... 110 packets received, 6305 bps, 78.81%, Err 4 (1.5e-05)
038.879 .... 119 packets received, 6455 bps, 80.69%, Err 4 (1.4e-05)
041.026 .... 127 packets received, 6519 bps, 81.48%, Err 4 (1.4e-05)
043.093 .... 135 packets received, 6588 bps, 82.35%, Err 5 (1.6e-05)
045.228 .... 143 packets received, 6640 bps, 83.01%, Err 5 (1.5e-05)
047.342 .... 151 packets received, 6691 bps, 83.64%, Err 5 (1.5e-05)
049.494 .... 159 packets received, 6732 bps, 84.15%, Err 5 (1.4e-05)
053.176 .... 166 packets received, 6531 bps, 81.64%, Err 7 (1.8e-05)
055.328 .... 177 packets received, 6688 bps, 83.60%, Err 7 (1.7e-05)
057.409 .... 185 packets received, 6732 bps, 84.14%, Err 7 (1.7e-05)
059.559 .... 193 packets received, 6764 bps, 84.55%, Err 7 (1.6e-05)
061.657 .... 201 packets received, 6801 bps, 85.01%, Err 7 (1.5e-05)
064.324 .... 203 packets received, 6578 bps, 82.23%, Err 8 (1.7e-05)
066.325 .... 214 packets received, 6722 bps, 84.02%, Err 9 (1.9e-05)
068.425 .... 222 packets received, 6756 bps, 84.45%, Err 9 (1.8e-05)
070.542 .... 230 packets received, 6786 bps, 84.82%, Err 9 (1.7e-05)
072.661 .... 238 packets received, 6814 bps, 85.17%, Err 9 (1.7e-05)
074.809 .... 246 packets received, 6837 bps, 85.47%, Err 9 (1.6e-05)
076.907 .... 254 packets received, 6864 bps, 85.80%, Err 9 (1.6e-05)
079.024 .... 262 packets received, 6888 bps, 86.10%, Err 9 (1.5e-05)
081.127 .... 270 packets received, 6912 bps, 86.40%, Err 9 (1.5e-05)
083.229 .... 278 packets received, 6934 bps, 86.68%, Err 9 (1.5e-05)
085.390 .... 286 packets received, 6951 bps, 86.89%, Err 9 (1.4e-05)
087.476 .... 294 packets received, 6973 bps, 87.16%, Err 9 (1.4e-05)
089.590 .... 302 packets received, 6991 bps, 87.39%, Err 9 (1.3e-05)
091.745 .... 310 packets received, 7006 bps, 87.57%, Err 9 (1.3e-05)
093.842 .... 318 packets received, 7024 bps, 87.80%, Err 9 (1.3e-05)
097.825 .... 325 packets received, 6883 bps, 86.04%, Err 12 (1.6e-05)
100.575 .... 330 packets received, 6796 bps, 84.95%, Err 12 (1.6e-05)
102.709 .... 338 packets received, 6814 bps, 85.18%, Err 12 (1.6e-05)
104.789 .... 346 packets received, 6836 bps, 85.45%, Err 12 (1.5e-05)
106.937 .... 354 packets received, 6852 bps, 85.65%, Err 12 (1.5e-05)
109.042 .... 362 packets received, 6870 bps, 85.87%, Err 12 (1.5e-05)
111.126 .... 370 packets received, 6889 bps, 86.11%, Err 12 (1.4e-05)
113.274 .... 378 packets received, 6903 bps, 86.29%, Err 12 (1.4e-05)
115.359 .... 386 packets received, 6920 bps, 86.50%, Err 12 (1.4e-05)
117.505 .... 394 packets received, 6933 bps, 86.67%, Err 12 (1.4e-05)
119.591 .... 402 packets received, 6950 bps, 86.87%, Err 12 (1.3e-05)
123.308 .... 410 packets received, 6872 bps, 85.90%, Err 13 (1.4e-05)
125.356 .... 422 packets received, 6957 bps, 86.96%, Err 13 (1.4e-05)
127.458 .... 430 packets received, 6971 bps, 87.13%, Err 13 (1.4e-05)
129.557 .... 438 packets received, 6984 bps, 87.31%, Err 13 (1.3e-05)
131.672 .... 446 packets received, 6997 bps, 87.46%, Err 13 (1.3e-05)
133.792 .... 454 packets received, 7008 bps, 87.61%, Err 15 (1.5e-05)
135.908 .... 461 packets received, 7005 bps, 87.56%, Err 15 (1.5e-05)
138.159 .... 469 packets received, 7009 bps, 87.62%, Err 15 (1.4e-05)
140.272 .... 477 packets received, 7021 bps, 87.76%, Err 15 (1.4e-05)
142.388 .... 485 packets received, 7031 bps, 87.89%, Err 15 (1.4e-05)
144.491 .... 493 packets received, 7043 bps, 88.03%, Err 15 (1.4e-05)
148.189 .... 501 packets received, 6977 bps, 87.21%, Err 16 (1.4e-05)
150.255 .... 513 packets received, 7045 bps, 88.06%, Err 16 (1.4e-05)
152.323 .... 521 packets received, 7057 bps, 88.21%, Err 16 (1.4e-05)
154.440 .... 529 packets received, 7066 bps, 88.33%, Err 16 (1.4e-05)
156.574 .... 537 packets received, 7075 bps, 88.44%, Err 16 (1.3e-05)
158.673 .... 545 packets received, 7085 bps, 88.56%, Err 16 (1.3e-05)
160.775 .... 553 packets received, 7094 bps, 88.67%, Err 16 (1.3e-05)
162.891 .... 561 packets received, 7102 bps, 88.78%, Err 16 (1.3e-05)
164.991 .... 569 packets received, 7111 bps, 88.89%, Err 16 (1.3e-05)
167.122 .... 577 packets received, 7119 bps, 88.98%, Err 16 (1.3e-05)
169.225 .... 585 packets received, 7127 bps, 89.09%, Err 16 (1.2e-05)
171.324 .... 593 packets received, 7136 bps, 89.19%, Err 16 (1.2e-05)
173.459 .... 601 packets received, 7142 bps, 89.28%, Err 16 (1.2e-05)
175.587 .... 609 packets received, 7149 bps, 89.36%, Err 16 (1.2e-05)
177.654 .... 617 packets received, 7158 bps, 89.48%, Err 16 (1.2e-05)
179.774 .... 625 packets received, 7165 bps, 89.56%, Err 16 (1.2e-05)
181.908 .... 633 packets received, 7171 bps, 89.64%, Err 17 (1.2e-05)
184.007 .... 641 packets received, 7178 bps, 89.73%, Err 17 (1.2e-05)
186.137 .... 649 packets received, 7184 bps, 89.80%, Err 17 (1.2e-05)
188.254 .... 657 packets received, 7190 bps, 89.88%, Err 17 (1.2e-05)
190.389 .... 665 packets received, 7196 bps, 89.95%, Err 17 (1.2e-05)
192.439 .... 673 packets received, 7204 bps, 90.06%, Err 17 (1.1e-05)
194.588 .... 681 packets received, 7209 bps, 90.11%, Err 17 (1.1e-05)
196.690 .... 689 packets received, 7215 bps, 90.19%, Err 17 (1.1e-05)
198.806 .... 697 packets received, 7221 bps, 90.26%, Err 17 (1.1e-05)
200.922 .... 705 packets received, 7227 bps, 90.33%, Err 17 (1.1e-05)
202.991 .... 713 packets received, 7234 bps, 90.42%, Err 17 (1.1e-05)
205.654 .... 715 packets received, 7159 bps, 89.49%, Err 18 (1.1e-05)
207.655 .... 724 packets received, 7179 bps, 89.74%, Err 18 (1.1e-05)
209.755 .... 732 packets received, 7186 bps, 89.82%, Err 18 (1.1e-05)
211.907 .... 740 packets received, 7190 bps, 89.87%, Err 18 (1.1e-05)
214.021 .... 748 packets received, 7196 bps, 89.94%, Err 18 (1.1e-05)
216.120 .... 756 packets received, 7202 bps, 90.02%, Err 18 (1.1e-05)
218.272 .... 764 packets received, 7206 bps, 90.07%, Err 18 (1.1e-05)
220.373 .... 772 packets received, 7211 bps, 90.14%, Err 18 (1.1e-05)
222.472 .... 780 packets received, 7217 bps, 90.21%, Err 18 (1.1e-05)
225.655 .... 784 packets received, 7151 bps, 89.39%, Err 19 (1.1e-05)
227.836 .... 794 packets received, 7173 bps, 89.66%, Err 19 (1.1e-05)
229.919 .... 802 packets received, 7179 bps, 89.74%, Err 19 (1.1e-05)
232.054 .... 810 packets received, 7184 bps, 89.79%, Err 19 (1.1e-05)
234.156 .... 818 packets received, 7189 bps, 89.86%, Err 19 (1.1e-05)
236.286 .... 826 packets received, 7194 bps, 89.92%, Err 19 (1.0e-05)
238.421 .... 834 packets received, 7198 bps, 89.97%, Err 19 (1.0e-05)
240.536 .... 842 packets received, 7203 bps, 90.03%, Err 19 (1.0e-05)
242.640 .... 850 packets received, 7208 bps, 90.10%, Err 19 (1.0e-05)
244.787 .... 858 packets received, 7212 bps, 90.14%, Err 19 (1.0e-05)
246.888 .... 866 packets received, 7217 bps, 90.21%, Err 19 (1.0e-05)
249.004 .... 874 packets received, 7221 bps, 90.26%, Err 19 (9.9e-06)
251.119 .... 882 packets received, 7226 bps, 90.32%, Err 19 (9.8e-06)
253.287 .... 890 packets received, 7228 bps, 90.35%, Err 19 (9.8e-06)
255.390 .... 898 packets received, 7233 bps, 90.41%, Err 19 (9.7e-06)
257.523 .... 906 packets received, 7237 bps, 90.46%, Err 19 (9.6e-06)
259.621 .... 914 packets received, 7241 bps, 90.52%, Err 19 (9.5e-06)
261.719 .... 922 packets received, 7246 bps, 90.57%, Err 19 (9.4e-06)
263.834 .... 930 packets received, 7250 bps, 90.62%, Err 19 (9.3e-06)
267.004 .... 935 packets received, 7202 bps, 90.03%, Err 20 (9.7e-06)
269.019 .... 945 packets received, 7224 bps, 90.30%, Err 20 (9.7e-06)
271.156 .... 953 packets received, 7228 bps, 90.35%, Err 20 (9.6e-06)
273.255 .... 961 packets received, 7232 bps, 90.40%, Err 20 (9.5e-06)
275.368 .... 969 packets received, 7236 bps, 90.45%, Err 20 (9.4e-06)
277.487 .... 977 packets received, 7240 bps, 90.50%, Err 20 (9.4e-06)
279.606 .... 985 packets received, 7244 bps, 90.55%, Err 20 (9.3e-06)
281.734 .... 993 packets received, 7247 bps, 90.59%, Err 20 (9.2e-06)
283.852 .... 1001 packets received, 7251 bps, 90.64%, Err 20 (9.2e-06)
287.054 .... 1006 packets received, 7206 bps, 90.07%, Err 21 (9.5e-06)
290.820 .... 1015 packets received, 7176 bps, 89.69%, Err 22 (9.9e-06)
292.953 .... 1024 packets received, 7186 bps, 89.83%, Err 22 (9.8e-06)
295.101 .... 1032 packets received, 7189 bps, 89.87%, Err 22 (9.7e-06)
297.220 .... 1040 packets received, 7193 bps, 89.92%, Err 22 (9.7e-06)
300.938 .... 1046 packets received, 7145 bps, 89.31%, Err 23 (1.0e-05)
303.203 .... 1059 packets received, 7180 bps, 89.75%, Err 23 (9.9e-06)
305.350 .... 1067 packets received, 7183 bps, 89.79%, Err 23 (9.8e-06)
307.436 .... 1075 packets received, 7187 bps, 89.84%, Err 23 (9.8e-06)
309.551 .... 1083 packets received, 7191 bps, 89.89%, Err 23 (9.7e-06)
311.669 .... 1091 packets received, 7195 bps, 89.94%, Err 23 (9.6e-06)
313.768 .... 1099 packets received, 7199 bps, 89.99%, Err 23 (9.6e-06)
315.902 .... 1107 packets received, 7202 bps, 90.03%, Err 23 (9.5e-06)
318.000 .... 1115 packets received, 7206 bps, 90.08%, Err 23 (9.4e-06)
320.118 .... 1123 packets received, 7210 bps, 90.12%, Err 23 (9.4e-06)
322.235 .... 1130 packets received, 7207 bps, 90.09%, Err 24 (9.7e-06)
324.350 .... 1138 packets received, 7211 bps, 90.13%, Err 24 (9.6e-06)
326.435 .... 1146 packets received, 7215 bps, 90.18%, Err 24 (9.6e-06)
329.087 .... 1150 packets received, 7181 bps, 89.77%, Err 25 (9.9e-06)
331.136 .... 1162 packets received, 7211 bps, 90.14%, Err 25 (9.8e-06)
333.218 .... 1164 packets received, 7178 bps, 89.73%, Err 26 (1.0e-05)
335.253 .... 1176 packets received, 7208 bps, 90.10%, Err 26 (1.0e-05)
337.336 .... 1184 packets received, 7212 bps, 90.15%, Err 26 (1.0e-05)
339.467 .... 1192 packets received, 7215 bps, 90.19%, Err 27 (1.0e-05)
341.567 .... 1199 packets received, 7213 bps, 90.16%, Err 27 (1.0e-05)
343.651 .... 1206 packets received, 7211 bps, 90.14%, Err 27 (1.0e-05)
345.717 .... 1214 packets received, 7215 bps, 90.19%, Err 27 (1.0e-05)
347.883 .... 1222 packets received, 7217 bps, 90.22%, Err 27 (1.0e-05)
349.950 .... 1230 packets received, 7222 bps, 90.27%, Err 27 (1.0e-05)
352.053 .... 1238 packets received, 7225 bps, 90.31%, Err 27 (1.0e-05)
354.183 .... 1246 packets received, 7228 bps, 90.35%, Err 27 (9.9e-06)
356.300 .... 1254 packets received, 7231 bps, 90.38%, Err 27 (9.8e-06)
358.384 .... 1262 packets received, 7234 bps, 90.43%, Err 27 (9.8e-06)
360.498 .... 1270 packets received, 7237 bps, 90.47%, Err 27 (9.7e-06)
362.602 .... 1278 packets received, 7241 bps, 90.51%, Err 27 (9.7e-06)
364.749 .... 1286 packets received, 7243 bps, 90.54%, Err 28 (1.0e-05)
367.899 .... 1292 packets received, 7214 bps, 90.18%, Err 29 (1.0e-05)
369.917 .... 1304 packets received, 7241 bps, 90.52%, Err 29 (1.0e-05)
372.017 .... 1312 packets received, 7245 bps, 90.56%, Err 29 (1.0e-05)
374.116 .... 1320 packets received, 7248 bps, 90.60%, Err 29 (1.0e-05)
376.217 .... 1328 packets received, 7251 bps, 90.64%, Err 30 (1.0e-05)
378.349 .... 1335 packets received, 7248 bps, 90.60%, Err 30 (1.0e-05)
380.382 .... 1341 packets received, 7241 bps, 90.52%, Err 30 (1.0e-05)
382.485 .... 1349 packets received, 7244 bps, 90.56%, Err 30 (1.0e-05)
384.586 .... 1357 packets received, 7248 bps, 90.59%, Err 30 (1.0e-05)
386.718 .... 1365 packets received, 7250 bps, 90.62%, Err 30 (1.0e-05)
388.834 .... 1373 packets received, 7253 bps, 90.66%, Err 30 (1.0e-05)
390.934 .... 1381 packets received, 7256 bps, 90.69%, Err 30 (1.0e-05)
393.031 .... 1389 packets received, 7259 bps, 90.73%, Err 30 (9.9e-06)
395.171 .... 1397 packets received, 7261 bps, 90.76%, Err 30 (9.8e-06)
397.265 .... 1405 packets received, 7264 bps, 90.80%, Err 30 (9.8e-06)
399.348 .... 1413 packets received, 7267 bps, 90.84%, Err 30 (9.7e-06)
401.484 .... 1421 packets received, 7269 bps, 90.86%, Err 30 (9.7e-06)
403.582 .... 1429 packets received, 7272 bps, 90.90%, Err 30 (9.6e-06)
406.413 .... 1431 packets received, 7231 bps, 90.39%, Err 31 (9.9e-06)
408.517 .... 1442 packets received, 7249 bps, 90.61%, Err 31 (9.9e-06)
410.667 .... 1450 packets received, 7251 bps, 90.64%, Err 31 (9.8e-06)
414.082 .... 1456 packets received, 7221 bps, 90.26%, Err 32 (1.0e-05)
416.286 .... 1466 packets received, 7232 bps, 90.40%, Err 32 (1.0e-05)
418.413 .... 1474 packets received, 7234 bps, 90.43%, Err 32 (9.9e-06)
420.559 .... 1482 packets received, 7236 bps, 90.45%, Err 32 (9.9e-06)
422.667 .... 1490 packets received, 7239 bps, 90.49%, Err 32 (9.8e-06)
424.764 .... 1498 packets received, 7242 bps, 90.52%, Err 32 (9.8e-06)
428.748 .... 1505 packets received, 7208 bps, 90.10%, Err 33 (1.0e-05)
430.765 .... 1515 packets received, 7222 bps, 90.27%, Err 34 (1.0e-05)
432.914 .... 1523 packets received, 7224 bps, 90.30%, Err 34 (1.0e-05)
434.997 .... 1531 packets received, 7227 bps, 90.33%, Err 34 (1.0e-05)
437.098 .... 1539 packets received, 7230 bps, 90.37%, Err 34 (1.0e-05)
439.214 .... 1547 packets received, 7232 bps, 90.40%, Err 34 (1.0e-05)
441.364 .... 1555 packets received, 7234 bps, 90.42%, Err 34 (1.0e-05)
443.498 .... 1563 packets received, 7236 bps, 90.45%, Err 34 (1.0e-05)
445.632 .... 1571 packets received, 7238 bps, 90.48%, Err 34 (9.9e-06)
447.732 .... 1579 packets received, 7241 bps, 90.51%, Err 34 (9.9e-06)
449.814 .... 1587 packets received, 7244 bps, 90.55%, Err 34 (9.8e-06)
449.994 ** WARNING: System too busy, sleep 15 ms, but be awakened 72 ms later
451.962 .... 1595 packets received, 7246 bps, 90.57%, Err 34 (9.8e-06)
454.033 .... 1603 packets received, 7249 bps, 90.61%, Err 34 (9.7e-06)
456.180 .... 1611 packets received, 7250 bps, 90.63%, Err 34 (9.7e-06)
458.280 .... 1619 packets received, 7253 bps, 90.66%, Err 34 (9.6e-06)
460.395 .... 1627 packets received, 7255 bps, 90.69%, Err 34 (9.6e-06)
462.512 .... 1635 packets received, 7257 bps, 90.72%, Err 34 (9.5e-06)
464.630 .... 1643 packets received, 7260 bps, 90.75%, Err 34 (9.5e-06)
466.766 .... 1651 packets received, 7261 bps, 90.77%, Err 34 (9.5e-06)
469.465 .... 1653 packets received, 7228 bps, 90.35%, Err 35 (9.7e-06)
471.646 .... 1662 packets received, 7234 bps, 90.43%, Err 35 (9.6e-06)
473.782 .... 1670 packets received, 7236 bps, 90.45%, Err 35 (9.6e-06)
475.879 .... 1678 packets received, 7239 bps, 90.48%, Err 35 (9.6e-06)
477.981 .... 1686 packets received, 7241 bps, 90.51%, Err 35 (9.5e-06)
480.131 .... 1694 packets received, 7243 bps, 90.53%, Err 35 (9.5e-06)
483.562 .... 1699 packets received, 7212 bps, 90.16%, Err 36 (9.7e-06)
485.661 .... 1709 packets received, 7223 bps, 90.29%, Err 36 (9.6e-06)
487.796 .... 1717 packets received, 7225 bps, 90.32%, Err 36 (9.6e-06)
489.896 .... 1725 packets received, 7228 bps, 90.35%, Err 36 (9.6e-06)
493.344 .... 1730 packets received, 7198 bps, 89.98%, Err 37 (9.8e-06)
495.416 .... 1739 packets received, 7205 bps, 90.07%, Err 37 (9.7e-06)
497.579 .... 1747 packets received, 7207 bps, 90.09%, Err 37 (9.7e-06)
499.695 .... 1755 packets received, 7209 bps, 90.11%, Err 37 (9.6e-06)
501.796 .... 1763 packets received, 7212 bps, 90.14%, Err 37 (9.6e-06)
503.914 .... 1771 packets received, 7214 bps, 90.17%, Err 37 (9.6e-06)
506.047 .... 1779 packets received, 7216 bps, 90.20%, Err 37 (9.5e-06)
508.163 .... 1787 packets received, 7218 bps, 90.22%, Err 37 (9.5e-06)
510.253 .... 1795 packets received, 7221 bps, 90.26%, Err 37 (9.4e-06)
512.363 .... 1803 packets received, 7223 bps, 90.28%, Err 37 (9.4e-06)
514.495 .... 1811 packets received, 7225 bps, 90.31%, Err 37 (9.4e-06)
516.594 .... 1819 packets received, 7227 bps, 90.34%, Err 37 (9.3e-06)
518.945 .... 1822 packets received, 7206 bps, 90.08%, Err 38 (9.5e-06)
520.979 .... 1834 packets received, 7225 bps, 90.31%, Err 38 (9.5e-06)
523.064 .... 1842 packets received, 7228 bps, 90.35%, Err 38 (9.4e-06)
525.178 .... 1850 packets received, 7230 bps, 90.37%, Err 38 (9.4e-06)
527.345 .... 1858 packets received, 7231 bps, 90.39%, Err 38 (9.4e-06)
529.412 .... 1866 packets received, 7234 bps, 90.42%, Err 38 (9.3e-06)
531.513 .... 1874 packets received, 7236 bps, 90.45%, Err 38 (9.3e-06)
533.665 .... 1882 packets received, 7238 bps, 90.47%, Err 38 (9.3e-06)
535.762 .... 1890 packets received, 7240 bps, 90.50%, Err 38 (9.2e-06)
537.863 .... 1898 packets received, 7242 bps, 90.53%, Err 38 (9.2e-06)
539.978 .... 1906 packets received, 7244 bps, 90.55%, Err 39 (9.4e-06)
542.112 .... 1914 packets received, 7246 bps, 90.57%, Err 39 (9.3e-06)
544.227 .... 1922 packets received, 7248 bps, 90.60%, Err 39 (9.3e-06)
546.311 .... 1930 packets received, 7250 bps, 90.63%, Err 39 (9.3e-06)
550.013 .... 1938 packets received, 7231 bps, 90.39%, Err 41 (9.7e-06)
552.163 .... 1948 packets received, 7240 bps, 90.50%, Err 41 (9.6e-06)
554.279 .... 1956 packets received, 7242 bps, 90.52%, Err 41 (9.6e-06)
556.446 .... 1964 packets received, 7243 bps, 90.54%, Err 41 (9.6e-06)
558.527 .... 1972 packets received, 7245 bps, 90.57%, Err 41 (9.5e-06)
560.632 .... 1980 packets received, 7248 bps, 90.59%, Err 41 (9.5e-06)
562.747 .... 1982 packets received, 7228 bps, 90.34%, Err 42 (9.7e-06)
564.810 .... 1994 packets received, 7245 bps, 90.56%, Err 42 (9.7e-06)
566.880 .... 2002 packets received, 7247 bps, 90.59%, Err 42 (9.6e-06)
569.011 .... 2010 packets received, 7249 bps, 90.61%, Err 42 (9.6e-06)
571.129 .... 2012 packets received, 7229 bps, 90.36%, Err 43 (9.8e-06)
573.163 .... 2024 packets received, 7246 bps, 90.58%, Err 43 (9.7e-06)
575.263 .... 2032 packets received, 7248 bps, 90.60%, Err 43 (9.7e-06)
578.412 .... 2038 packets received, 7230 bps, 90.38%, Err 44 (9.9e-06)
581.213 .... 2048 packets received, 7230 bps, 90.38%, Err 45 (1.0e-05)
583.344 .... 2060 packets received, 7246 bps, 90.58%, Err 45 (1.0e-05)
585.446 .... 2068 packets received, 7248 bps, 90.60%, Err 45 (1.0e-05)
587.547 .... 2076 packets received, 7250 bps, 90.63%, Err 45 (9.9e-06)
589.693 .... 2084 packets received, 7252 bps, 90.64%, Err 45 (9.9e-06)
591.760 .... 2092 packets received, 7254 bps, 90.67%, Err 45 (9.9e-06)
593.895 .... 2100 packets received, 7255 bps, 90.69%, Err 45 (9.8e-06)
596.015 .... 2108 packets received, 7257 bps, 90.71%, Err 45 (9.8e-06)
598.127 .... 2116 packets received, 7259 bps, 90.74%, Err 45 (9.8e-06)
600.759 .... 2120 packets received, 7241 bps, 90.51%, Err 46 (9.9e-06)
602.962 .... 2131 packets received, 7252 bps, 90.65%, Err 46 (9.9e-06)
605.095 .... 2139 packets received, 7253 bps, 90.66%, Err 46 (9.9e-06)
607.209 .... 2147 packets received, 7255 bps, 90.69%, Err 46 (9.8e-06)
609.309 .... 2155 packets received, 7257 bps, 90.71%, Err 46 (9.8e-06)
611.444 .... 2163 packets received, 7258 bps, 90.73%, Err 46 (9.8e-06)
613.527 .... 2171 packets received, 7260 bps, 90.75%, Err 46 (9.7e-06)
617.512 .... 2178 packets received, 7237 bps, 90.46%, Err 48 (1.0e-05)
620.027 Quit.
