000.000 =============================================================
000.000                     Station B                               
000.000 -------------------------------------------------------------
000.000 Protocol.lib, version 4.0, jiangyanjun0718@bupt.edu.cn
000.000 Channel: 8000 bps, 270 ms propagation delay, bit error rate 1.0E-05
000.000 Log file "C:\code\CN-Lab1-Windows-VS2017\docs\测试记录\性能测试记录表\perf-table-20260516-235231\row4-default-flood-B.log", TCP port 65104, debug mask 0x00
000.000 Station B is connecting station A (TCP port 65104) ... Done.
000.766 New epoch: Sat May 16 23:52:33 2026
000.766 =================================================================
000.766 
000.766 Designed by Jiang Yanjun, build: May 16 2026  23:11:48
003.175 .... 8 packets received, 7645 bps, 95.57%, Err 0 (0.0e+00)
005.296 .... 16 packets received, 7685 bps, 96.06%, Err 0 (0.0e+00)
007.426 .... 24 packets received, 7687 bps, 96.09%, Err 0 (0.0e+00)
009.511 .... 32 packets received, 7729 bps, 96.62%, Err 0 (0.0e+00)
011.676 .... 40 packets received, 7696 bps, 96.20%, Err 0 (0.0e+00)
013.743 .... 48 packets received, 7734 bps, 96.67%, Err 0 (0.0e+00)
015.858 .... 56 packets received, 7736 bps, 96.69%, Err 0 (0.0e+00)
020.124 .... 64 packets received, 6865 bps, 85.82%, Err 1 (6.5e-06)
022.243 .... 74 packets received, 7145 bps, 89.32%, Err 1 (6.1e-06)
024.325 .... 82 packets received, 7210 bps, 90.12%, Err 1 (5.6e-06)
026.461 .... 90 packets received, 7248 bps, 90.61%, Err 2 (1.0e-05)
028.859 .... 91 packets received, 6697 bps, 83.72%, Err 2 (9.3e-06)
031.109 .... 103 packets received, 7013 bps, 87.67%, Err 2 (8.8e-06)
033.210 .... 111 packets received, 7065 bps, 88.31%, Err 2 (8.2e-06)
035.358 .... 119 packets received, 7100 bps, 88.75%, Err 2 (7.6e-06)
037.475 .... 127 packets received, 7137 bps, 89.21%, Err 2 (7.2e-06)
039.606 .... 135 packets received, 7168 bps, 89.59%, Err 2 (6.8e-06)
042.777 .... 139 packets received, 6819 bps, 85.24%, Err 4 (1.3e-05)
044.892 .... 149 packets received, 6957 bps, 86.97%, Err 4 (1.2e-05)
047.024 .... 157 packets received, 6991 bps, 87.39%, Err 4 (1.2e-05)
049.143 .... 165 packets received, 7024 bps, 87.80%, Err 4 (1.1e-05)
051.260 .... 173 packets received, 7054 bps, 88.17%, Err 5 (1.3e-05)
053.390 .... 181 packets received, 7080 bps, 88.50%, Err 5 (1.3e-05)
055.524 .... 189 packets received, 7103 bps, 88.79%, Err 5 (1.2e-05)
057.607 .... 197 packets received, 7131 bps, 89.14%, Err 5 (1.2e-05)
059.741 .... 205 packets received, 7151 bps, 89.39%, Err 5 (1.1e-05)
061.842 .... 213 packets received, 7174 bps, 89.67%, Err 5 (1.1e-05)
063.960 .... 221 packets received, 7192 bps, 89.91%, Err 5 (1.0e-05)
066.075 .... 229 packets received, 7211 bps, 90.13%, Err 5 (1.0e-05)
070.090 .... 236 packets received, 6999 bps, 87.49%, Err 6 (1.1e-05)
072.176 .... 245 packets received, 7053 bps, 88.16%, Err 6 (1.1e-05)
074.293 .... 253 packets received, 7073 bps, 88.41%, Err 6 (1.1e-05)
076.391 .... 261 packets received, 7093 bps, 88.66%, Err 6 (1.0e-05)
078.527 .... 269 packets received, 7109 bps, 88.86%, Err 6 (1.0e-05)
080.642 .... 277 packets received, 7126 bps, 89.07%, Err 6 (9.9e-06)
082.743 .... 285 packets received, 7143 bps, 89.29%, Err 6 (9.6e-06)
084.876 .... 293 packets received, 7157 bps, 89.46%, Err 6 (9.4e-06)
087.793 .... 296 packets received, 6987 bps, 87.34%, Err 7 (1.1e-05)
089.890 .... 306 packets received, 7053 bps, 88.16%, Err 7 (1.0e-05)
092.010 .... 314 packets received, 7068 bps, 88.36%, Err 7 (1.0e-05)
094.173 .... 322 packets received, 7080 bps, 88.50%, Err 7 (9.9e-06)
097.840 .... 328 packets received, 6939 bps, 86.74%, Err 10 (1.4e-05)
100.491 .... 333 packets received, 6857 bps, 85.71%, Err 10 (1.3e-05)
102.641 .... 341 packets received, 6873 bps, 85.91%, Err 10 (1.3e-05)
104.773 .... 349 packets received, 6890 bps, 86.12%, Err 10 (1.3e-05)
106.873 .... 357 packets received, 6908 bps, 86.35%, Err 10 (1.2e-05)
108.973 .... 365 packets received, 6925 bps, 86.57%, Err 10 (1.2e-05)
111.092 .... 373 packets received, 6941 bps, 86.76%, Err 10 (1.2e-05)
113.208 .... 381 packets received, 6956 bps, 86.95%, Err 10 (1.2e-05)
115.341 .... 389 packets received, 6969 bps, 87.12%, Err 10 (1.2e-05)
117.455 .... 397 packets received, 6984 bps, 87.30%, Err 10 (1.1e-05)
119.593 .... 405 packets received, 6996 bps, 87.45%, Err 10 (1.1e-05)
121.674 .... 413 packets received, 7011 bps, 87.64%, Err 10 (1.1e-05)
123.806 .... 421 packets received, 7023 bps, 87.78%, Err 10 (1.1e-05)
125.910 .... 429 packets received, 7036 bps, 87.95%, Err 10 (1.0e-05)
128.041 .... 437 packets received, 7047 bps, 88.08%, Err 10 (1.0e-05)
130.189 .... 445 packets received, 7056 bps, 88.20%, Err 10 (1.0e-05)
132.307 .... 453 packets received, 7067 bps, 88.34%, Err 10 (1.0e-05)
134.406 .... 461 packets received, 7079 bps, 88.49%, Err 10 (9.8e-06)
136.523 .... 469 packets received, 7089 bps, 88.61%, Err 10 (9.6e-06)
138.658 .... 477 packets received, 7098 bps, 88.73%, Err 10 (9.5e-06)
142.356 .... 483 packets received, 6999 bps, 87.49%, Err 11 (1.0e-05)
144.591 .... 493 packets received, 7033 bps, 87.91%, Err 11 (1.0e-05)
146.737 .... 501 packets received, 7042 bps, 88.02%, Err 11 (9.9e-06)
148.821 .... 509 packets received, 7054 bps, 88.17%, Err 11 (9.7e-06)
150.925 .... 517 packets received, 7064 bps, 88.30%, Err 11 (9.6e-06)
153.088 .... 525 packets received, 7071 bps, 88.39%, Err 11 (9.4e-06)
155.188 .... 533 packets received, 7081 bps, 88.51%, Err 11 (9.3e-06)
157.290 .... 541 packets received, 7091 bps, 88.63%, Err 11 (9.2e-06)
159.423 .... 549 packets received, 7099 bps, 88.73%, Err 11 (9.1e-06)
163.106 .... 555 packets received, 7013 bps, 87.66%, Err 12 (9.7e-06)
165.207 .... 565 packets received, 7048 bps, 88.10%, Err 13 (1.0e-05)
167.324 .... 573 packets received, 7057 bps, 88.21%, Err 13 (1.0e-05)
169.455 .... 581 packets received, 7065 bps, 88.31%, Err 13 (1.0e-05)
171.541 .... 589 packets received, 7075 bps, 88.43%, Err 13 (1.0e-05)
173.672 .... 597 packets received, 7082 bps, 88.53%, Err 13 (9.8e-06)
177.641 .... 604 packets received, 7004 bps, 87.55%, Err 14 (1.0e-05)
179.973 .... 612 packets received, 7004 bps, 87.56%, Err 14 (1.0e-05)
182.058 .... 620 packets received, 7014 bps, 87.68%, Err 14 (1.0e-05)
184.187 .... 628 packets received, 7022 bps, 87.78%, Err 14 (1.0e-05)
186.338 .... 636 packets received, 7029 bps, 87.86%, Err 14 (9.9e-06)
189.221 .... 639 packets received, 6954 bps, 86.93%, Err 15 (1.0e-05)
191.454 .... 648 packets received, 6969 bps, 87.12%, Err 15 (1.0e-05)
193.559 .... 656 packets received, 6978 bps, 87.23%, Err 15 (1.0e-05)
195.638 .... 664 packets received, 6988 bps, 87.35%, Err 15 (1.0e-05)
197.772 .... 672 packets received, 6995 bps, 87.44%, Err 15 (1.0e-05)
199.873 .... 680 packets received, 7004 bps, 87.55%, Err 15 (9.9e-06)
201.991 .... 688 packets received, 7011 bps, 87.64%, Err 15 (9.8e-06)
205.989 .... 695 packets received, 6945 bps, 86.81%, Err 16 (1.0e-05)
208.188 .... 705 packets received, 6970 bps, 87.12%, Err 16 (1.0e-05)
212.187 .... 712 packets received, 6906 bps, 86.32%, Err 18 (1.1e-05)
215.291 .... 716 packets received, 6844 bps, 85.55%, Err 18 (1.1e-05)
217.405 .... 727 packets received, 6881 bps, 86.01%, Err 18 (1.1e-05)
219.555 .... 735 packets received, 6888 bps, 86.11%, Err 18 (1.1e-05)
221.672 .... 743 packets received, 6897 bps, 86.21%, Err 18 (1.1e-05)
223.823 .... 751 packets received, 6904 bps, 86.29%, Err 18 (1.1e-05)
225.935 .... 759 packets received, 6912 bps, 86.39%, Err 18 (1.1e-05)
228.101 .... 767 packets received, 6918 bps, 86.47%, Err 18 (1.0e-05)
230.188 .... 775 packets received, 6926 bps, 86.58%, Err 18 (1.0e-05)
232.338 .... 783 packets received, 6933 bps, 86.66%, Err 18 (1.0e-05)
234.470 .... 791 packets received, 6940 bps, 86.75%, Err 18 (1.0e-05)
236.569 .... 799 packets received, 6947 bps, 86.84%, Err 18 (1.0e-05)
238.689 .... 807 packets received, 6954 bps, 86.93%, Err 18 (1.0e-05)
240.806 .... 815 packets received, 6961 bps, 87.02%, Err 18 (9.9e-06)
243.471 .... 817 packets received, 6902 bps, 86.27%, Err 19 (1.0e-05)
245.603 .... 826 packets received, 6917 bps, 86.46%, Err 19 (1.0e-05)
247.737 .... 834 packets received, 6923 bps, 86.54%, Err 19 (1.0e-05)
249.855 .... 842 packets received, 6930 bps, 86.63%, Err 19 (1.0e-05)
252.003 .... 850 packets received, 6936 bps, 86.70%, Err 19 (1.0e-05)
254.119 .... 858 packets received, 6943 bps, 86.79%, Err 19 (9.9e-06)
256.235 .... 866 packets received, 6950 bps, 86.87%, Err 19 (9.8e-06)
260.487 .... 874 packets received, 6899 bps, 86.24%, Err 20 (1.0e-05)
262.572 .... 883 packets received, 6914 bps, 86.43%, Err 20 (1.0e-05)
264.688 .... 891 packets received, 6921 bps, 86.51%, Err 20 (1.0e-05)
266.819 .... 899 packets received, 6927 bps, 86.59%, Err 20 (9.9e-06)
268.955 .... 907 packets received, 6933 bps, 86.66%, Err 20 (9.9e-06)
271.070 .... 915 packets received, 6939 bps, 86.74%, Err 20 (9.8e-06)
273.189 .... 923 packets received, 6946 bps, 86.82%, Err 20 (9.7e-06)
275.305 .... 931 packets received, 6952 bps, 86.90%, Err 20 (9.6e-06)
277.438 .... 939 packets received, 6957 bps, 86.97%, Err 20 (9.5e-06)
279.569 .... 947 packets received, 6963 bps, 87.04%, Err 20 (9.5e-06)
281.672 .... 955 packets received, 6969 bps, 87.12%, Err 20 (9.4e-06)
283.784 .... 963 packets received, 6975 bps, 87.19%, Err 20 (9.3e-06)
285.903 .... 971 packets received, 6981 bps, 87.26%, Err 20 (9.2e-06)
288.051 .... 979 packets received, 6986 bps, 87.32%, Err 20 (9.2e-06)
290.138 .... 987 packets received, 6992 bps, 87.40%, Err 20 (9.1e-06)
292.285 .... 995 packets received, 6997 bps, 87.46%, Err 20 (9.0e-06)
296.220 .... 1002 packets received, 6952 bps, 86.90%, Err 21 (9.4e-06)
298.353 .... 1012 packets received, 6971 bps, 87.14%, Err 21 (9.3e-06)
300.436 .... 1020 packets received, 6977 bps, 87.21%, Err 21 (9.2e-06)
302.554 .... 1028 packets received, 6982 bps, 87.28%, Err 21 (9.2e-06)
305.221 .... 1030 packets received, 6935 bps, 86.68%, Err 22 (9.5e-06)
307.337 .... 1041 packets received, 6960 bps, 87.00%, Err 22 (9.5e-06)
309.486 .... 1049 packets received, 6965 bps, 87.06%, Err 22 (9.4e-06)
313.517 .... 1056 packets received, 6921 bps, 86.51%, Err 24 (1.0e-05)
315.713 .... 1065 packets received, 6931 bps, 86.64%, Err 24 (1.0e-05)
317.836 .... 1073 packets received, 6936 bps, 86.71%, Err 24 (1.0e-05)
319.917 .... 1081 packets received, 6943 bps, 86.78%, Err 24 (1.0e-05)
322.050 .... 1089 packets received, 6947 bps, 86.84%, Err 24 (9.9e-06)
324.186 .... 1097 packets received, 6952 bps, 86.90%, Err 24 (9.8e-06)
326.267 .... 1105 packets received, 6958 bps, 86.98%, Err 24 (9.7e-06)
328.418 .... 1113 packets received, 6962 bps, 87.03%, Err 24 (9.7e-06)
331.588 .... 1117 packets received, 6921 bps, 86.51%, Err 25 (1.0e-05)
333.784 .... 1129 packets received, 6949 bps, 86.86%, Err 25 (9.9e-06)
335.920 .... 1137 packets received, 6953 bps, 86.92%, Err 25 (9.9e-06)
338.066 .... 1145 packets received, 6958 bps, 86.97%, Err 25 (9.8e-06)
340.151 .... 1153 packets received, 6963 bps, 87.04%, Err 25 (9.7e-06)
342.301 .... 1161 packets received, 6967 bps, 87.09%, Err 25 (9.7e-06)
344.434 .... 1169 packets received, 6972 bps, 87.15%, Err 25 (9.6e-06)
346.518 .... 1177 packets received, 6977 bps, 87.21%, Err 25 (9.6e-06)
350.219 .... 1183 packets received, 6938 bps, 86.73%, Err 26 (9.8e-06)
352.369 .... 1194 packets received, 6960 bps, 87.00%, Err 26 (9.8e-06)
356.903 .... 1201 packets received, 6912 bps, 86.40%, Err 27 (1.0e-05)
359.082 .... 1209 packets received, 6915 bps, 86.44%, Err 27 (1.0e-05)
361.186 .... 1217 packets received, 6920 bps, 86.51%, Err 27 (9.9e-06)
363.302 .... 1225 packets received, 6925 bps, 86.57%, Err 27 (9.9e-06)
365.450 .... 1233 packets received, 6929 bps, 86.62%, Err 27 (9.8e-06)
367.584 .... 1241 packets received, 6934 bps, 86.67%, Err 27 (9.8e-06)
369.651 .... 1249 packets received, 6939 bps, 86.74%, Err 27 (9.7e-06)
371.766 .... 1257 packets received, 6944 bps, 86.80%, Err 27 (9.6e-06)
373.900 .... 1265 packets received, 6948 bps, 86.85%, Err 27 (9.6e-06)
376.018 .... 1273 packets received, 6953 bps, 86.91%, Err 27 (9.5e-06)
378.168 .... 1281 packets received, 6956 bps, 86.95%, Err 27 (9.5e-06)
382.371 .... 1289 packets received, 6923 bps, 86.53%, Err 28 (9.7e-06)
384.464 .... 1299 packets received, 6938 bps, 86.73%, Err 28 (9.7e-06)
391.564 .... 1306 packets received, 6849 bps, 85.61%, Err 30 (1.0e-05)
393.773 .... 1314 packets received, 6852 bps, 85.65%, Err 30 (1.0e-05)
395.916 .... 1322 packets received, 6856 bps, 85.70%, Err 30 (1.0e-05)
398.014 .... 1330 packets received, 6861 bps, 85.77%, Err 30 (1.0e-05)
400.151 .... 1338 packets received, 6866 bps, 85.82%, Err 30 (1.0e-05)
402.282 .... 1346 packets received, 6870 bps, 85.88%, Err 30 (9.9e-06)
404.384 .... 1354 packets received, 6875 bps, 85.94%, Err 30 (9.9e-06)
406.485 .... 1362 packets received, 6880 bps, 86.00%, Err 30 (9.8e-06)
408.600 .... 1370 packets received, 6884 bps, 86.05%, Err 30 (9.8e-06)
410.732 .... 1378 packets received, 6888 bps, 86.10%, Err 30 (9.7e-06)
413.382 .... 1380 packets received, 6854 bps, 85.67%, Err 31 (1.0e-05)
415.497 .... 1390 packets received, 6868 bps, 85.86%, Err 31 (9.9e-06)
418.182 .... 1392 packets received, 6834 bps, 85.43%, Err 32 (1.0e-05)
420.200 .... 1401 packets received, 6845 bps, 85.56%, Err 32 (1.0e-05)
422.315 .... 1409 packets received, 6850 bps, 85.62%, Err 32 (1.0e-05)
424.433 .... 1417 packets received, 6854 bps, 85.68%, Err 32 (1.0e-05)
426.533 .... 1425 packets received, 6859 bps, 85.73%, Err 32 (1.0e-05)
428.682 .... 1433 packets received, 6863 bps, 85.78%, Err 32 (1.0e-05)
430.779 .... 1441 packets received, 6867 bps, 85.84%, Err 32 (9.9e-06)
432.896 .... 1449 packets received, 6871 bps, 85.89%, Err 32 (9.8e-06)
436.616 .... 1455 packets received, 6841 bps, 85.51%, Err 34 (1.0e-05)
439.032 .... 1458 packets received, 6817 bps, 85.22%, Err 34 (1.0e-05)
441.229 .... 1468 packets received, 6830 bps, 85.37%, Err 34 (1.0e-05)
443.364 .... 1476 packets received, 6834 bps, 85.42%, Err 34 (1.0e-05)
445.483 .... 1484 packets received, 6838 bps, 85.48%, Err 34 (1.0e-05)
447.613 .... 1492 packets received, 6842 bps, 85.53%, Err 34 (1.0e-05)
448.993 ** WARNING: System too busy, sleep 15 ms, but be awakened 70 ms later
449.732 .... 1500 packets received, 6846 bps, 85.58%, Err 34 (1.0e-05)
451.849 .... 1508 packets received, 6851 bps, 85.63%, Err 34 (1.0e-05)
453.978 .... 1516 packets received, 6855 bps, 85.68%, Err 34 (1.0e-05)
456.084 .... 1524 packets received, 6859 bps, 85.74%, Err 34 (9.9e-06)
458.216 .... 1532 packets received, 6863 bps, 85.78%, Err 34 (9.9e-06)
460.316 .... 1540 packets received, 6867 bps, 85.84%, Err 34 (9.8e-06)
464.014 .... 1546 packets received, 6839 bps, 85.48%, Err 35 (1.0e-05)
466.130 .... 1554 packets received, 6843 bps, 85.54%, Err 35 (1.0e-05)
470.382 .... 1562 packets received, 6816 bps, 85.20%, Err 36 (1.0e-05)
472.464 .... 1572 packets received, 6829 bps, 85.36%, Err 36 (1.0e-05)
474.615 .... 1580 packets received, 6833 bps, 85.41%, Err 36 (1.0e-05)
476.729 .... 1588 packets received, 6837 bps, 85.46%, Err 36 (1.0e-05)
480.165 .... 1593 packets received, 6809 bps, 85.11%, Err 37 (1.0e-05)
482.396 .... 1602 packets received, 6816 bps, 85.20%, Err 37 (1.0e-05)
484.513 .... 1610 packets received, 6820 bps, 85.25%, Err 37 (1.0e-05)
486.662 .... 1618 packets received, 6823 bps, 85.29%, Err 37 (1.0e-05)
488.764 .... 1626 packets received, 6828 bps, 85.35%, Err 37 (1.0e-05)
490.878 .... 1634 packets received, 6832 bps, 85.40%, Err 37 (1.0e-05)
493.030 .... 1642 packets received, 6835 bps, 85.44%, Err 37 (1.0e-05)
495.145 .... 1650 packets received, 6839 bps, 85.49%, Err 37 (1.0e-05)
497.230 .... 1658 packets received, 6843 bps, 85.54%, Err 37 (9.9e-06)
499.348 .... 1666 packets received, 6847 bps, 85.59%, Err 37 (9.9e-06)
501.480 .... 1674 packets received, 6851 bps, 85.63%, Err 37 (9.8e-06)
503.597 .... 1682 packets received, 6854 bps, 85.68%, Err 37 (9.8e-06)
505.694 .... 1690 packets received, 6858 bps, 85.73%, Err 37 (9.7e-06)
507.829 .... 1698 packets received, 6862 bps, 85.77%, Err 37 (9.7e-06)
510.748 .... 1701 packets received, 6834 bps, 85.43%, Err 38 (9.9e-06)
512.978 .... 1709 packets received, 6837 bps, 85.46%, Err 38 (9.9e-06)
515.047 .... 1717 packets received, 6841 bps, 85.51%, Err 38 (9.8e-06)
517.175 .... 1725 packets received, 6845 bps, 85.56%, Err 38 (9.8e-06)
519.280 .... 1733 packets received, 6848 bps, 85.61%, Err 38 (9.7e-06)
521.412 .... 1741 packets received, 6852 bps, 85.65%, Err 38 (9.7e-06)
523.531 .... 1749 packets received, 6855 bps, 85.69%, Err 38 (9.7e-06)
525.666 .... 1757 packets received, 6859 bps, 85.73%, Err 38 (9.6e-06)
527.778 .... 1765 packets received, 6862 bps, 85.78%, Err 38 (9.6e-06)
529.879 .... 1773 packets received, 6866 bps, 85.83%, Err 38 (9.5e-06)
532.029 .... 1781 packets received, 6869 bps, 85.86%, Err 38 (9.5e-06)
534.162 .... 1789 packets received, 6872 bps, 85.90%, Err 38 (9.5e-06)
536.278 .... 1797 packets received, 6876 bps, 85.95%, Err 38 (9.4e-06)
538.364 .... 1805 packets received, 6880 bps, 86.00%, Err 38 (9.4e-06)
540.512 .... 1813 packets received, 6883 bps, 86.03%, Err 38 (9.3e-06)
542.594 .... 1821 packets received, 6886 bps, 86.08%, Err 38 (9.3e-06)
544.760 .... 1829 packets received, 6889 bps, 86.11%, Err 38 (9.3e-06)
546.844 .... 1837 packets received, 6893 bps, 86.16%, Err 38 (9.2e-06)
548.947 .... 1845 packets received, 6896 bps, 86.20%, Err 38 (9.2e-06)
552.127 .... 1849 packets received, 6871 bps, 85.89%, Err 39 (9.4e-06)
556.381 .... 1858 packets received, 6852 bps, 85.65%, Err 40 (9.6e-06)
558.744 .... 1866 packets received, 6852 bps, 85.65%, Err 40 (9.5e-06)
560.913 .... 1874 packets received, 6855 bps, 85.69%, Err 40 (9.5e-06)
564.109 .... 1878 packets received, 6831 bps, 85.38%, Err 41 (9.7e-06)
566.279 .... 1888 packets received, 6841 bps, 85.51%, Err 42 (9.9e-06)
568.413 .... 1895 packets received, 6840 bps, 85.50%, Err 42 (9.9e-06)
570.528 .... 1903 packets received, 6843 bps, 85.54%, Err 42 (9.8e-06)
573.962 .... 1908 packets received, 6820 bps, 85.25%, Err 43 (1.0e-05)
576.161 .... 1920 packets received, 6837 bps, 85.46%, Err 43 (1.0e-05)
578.294 .... 1928 packets received, 6840 bps, 85.50%, Err 43 (9.9e-06)
580.427 .... 1936 packets received, 6843 bps, 85.54%, Err 43 (9.9e-06)
582.543 .... 1944 packets received, 6846 bps, 85.58%, Err 43 (9.8e-06)
585.994 .... 1950 packets received, 6827 bps, 85.34%, Err 44 (1.0e-05)
588.127 .... 1960 packets received, 6837 bps, 85.46%, Err 44 (1.0e-05)
590.247 .... 1968 packets received, 6840 bps, 85.50%, Err 44 (9.9e-06)
592.362 .... 1976 packets received, 6844 bps, 85.55%, Err 44 (9.9e-06)
596.064 .... 1982 packets received, 6822 bps, 85.27%, Err 45 (1.0e-05)
598.211 .... 1992 packets received, 6831 bps, 85.39%, Err 45 (1.0e-05)
600.312 .... 2000 packets received, 6835 bps, 85.44%, Err 45 (1.0e-05)
602.428 .... 2008 packets received, 6838 bps, 85.48%, Err 45 (1.0e-05)
604.562 .... 2016 packets received, 6841 bps, 85.51%, Err 45 (9.9e-06)
608.525 .... 2023 packets received, 6820 bps, 85.25%, Err 46 (1.0e-05)
610.777 .... 2033 packets received, 6828 bps, 85.36%, Err 46 (1.0e-05)
612.912 .... 2041 packets received, 6831 bps, 85.39%, Err 46 (1.0e-05)
615.012 .... 2049 packets received, 6835 bps, 85.43%, Err 46 (1.0e-05)
618.210 .... 2054 packets received, 6816 bps, 85.20%, Err 47 (1.0e-05)
620.027 Quit.
