000.000 =============================================================
000.000                     Station A                               
000.000 -------------------------------------------------------------
000.000 Protocol.lib, version 4.0, jiangyanjun0718@bupt.edu.cn
000.000 Channel: 8000 bps, 270 ms propagation delay, bit error rate 1.0E-04
000.000 Log file "C:\code\CN-Lab1-Windows-VS2017\docs\测试记录\性能测试记录表\perf-table-20260516-235231\row5-highber-flood-A.log", TCP port 65105, debug mask 0x00
000.000 Station A is waiting for station B on TCP port 65105 ... Done.
000.212 New epoch: Sat May 16 23:52:34 2026
000.212 =================================================================
000.212 
000.212 Designed by Jiang Yanjun, build: May 16 2026  23:11:48
003.175 .... 2 packets received, 1520 bps, 19.00%, Err 3 (1.4e-04)
005.599 .... 4 packets received, 1600 bps, 20.00%, Err 4 (1.2e-04)
007.996 .... 14 packets received, 3815 bps, 47.68%, Err 6 (1.1e-04)
010.628 .... 16 packets received, 3229 bps, 40.36%, Err 8 (1.1e-04)
013.312 .... 18 packets received, 2873 bps, 35.91%, Err 9 (1.0e-04)
015.378 .... 28 packets received, 3849 bps, 48.11%, Err 9 (8.7e-05)
018.326 .... 31 packets received, 3558 bps, 44.47%, Err 12 (9.6e-05)
022.495 .... 35 packets received, 3256 bps, 40.70%, Err 15 (9.9e-05)
024.715 .... 39 packets received, 3296 bps, 41.20%, Err 17 (1.0e-04)
027.360 .... 44 packets received, 3352 bps, 41.90%, Err 17 (9.4e-05)
031.279 .... 55 packets received, 3657 bps, 45.72%, Err 18 (8.5e-05)
035.675 .... 65 packets received, 3782 bps, 47.28%, Err 22 (9.4e-05)
038.343 .... 70 packets received, 3786 bps, 47.33%, Err 25 (1.0e-04)
045.244 .... 74 packets received, 3386 bps, 42.32%, Err 34 (1.2e-04)
047.377 .... 85 packets received, 3712 bps, 46.40%, Err 35 (1.1e-04)
049.757 .... 86 packets received, 3574 bps, 44.68%, Err 37 (1.1e-04)
052.924 .... 92 packets received, 3593 bps, 44.91%, Err 37 (1.1e-04)
055.025 .... 104 packets received, 3905 bps, 48.81%, Err 38 (1.1e-04)
057.160 .... 112 packets received, 4047 bps, 50.59%, Err 39 (1.0e-04)
059.542 .... 113 packets received, 3918 bps, 48.98%, Err 41 (1.0e-04)
061.692 .... 121 packets received, 4048 bps, 50.60%, Err 41 (1.0e-04)
063.776 .... 125 packets received, 4044 bps, 50.56%, Err 43 (1.0e-04)
065.924 .... 133 packets received, 4162 bps, 52.03%, Err 43 (9.9e-05)
068.040 .... 141 packets received, 4274 bps, 53.43%, Err 43 (9.5e-05)
072.293 .... 149 packets received, 4249 bps, 53.12%, Err 44 (9.1e-05)
074.526 .... 160 packets received, 4425 bps, 55.32%, Err 44 (8.8e-05)
077.442 .... 163 packets received, 4338 bps, 54.22%, Err 49 (9.4e-05)
079.691 .... 166 packets received, 4292 bps, 53.65%, Err 51 (9.6e-05)
082.340 .... 167 packets received, 4178 bps, 52.23%, Err 56 (1.0e-04)
088.723 .... 173 packets received, 4015 bps, 50.19%, Err 59 (1.0e-04)
090.743 .... 185 packets received, 4198 bps, 52.47%, Err 59 (9.8e-05)
093.658 .... 188 packets received, 4132 bps, 51.65%, Err 60 (9.7e-05)
097.642 .... 200 packets received, 4216 bps, 52.70%, Err 63 (9.7e-05)
099.775 .... 202 packets received, 4166 bps, 52.08%, Err 65 (9.9e-05)
102.008 .... 212 packets received, 4276 bps, 53.46%, Err 65 (9.6e-05)
104.907 .... 215 packets received, 4217 bps, 52.71%, Err 70 (1.0e-04)
107.822 .... 219 packets received, 4178 bps, 52.23%, Err 72 (1.0e-04)
109.959 .... 227 packets received, 4246 bps, 53.08%, Err 72 (9.9e-05)
112.873 .... 229 packets received, 4173 bps, 52.16%, Err 75 (1.0e-04)
115.176 .... 233 packets received, 4160 bps, 52.01%, Err 76 (9.9e-05)
118.755 .... 240 packets received, 4156 bps, 51.95%, Err 79 (1.0e-04)
124.055 .... 250 packets received, 4143 bps, 51.79%, Err 83 (1.0e-04)
126.174 .... 253 packets received, 4122 bps, 51.53%, Err 83 (9.9e-05)
129.141 .... 255 packets received, 4059 bps, 50.74%, Err 86 (1.0e-04)
133.442 .... 267 packets received, 4113 bps, 51.41%, Err 88 (9.9e-05)
136.506 .... 271 packets received, 4080 bps, 51.00%, Err 91 (1.0e-04)
138.789 .... 276 packets received, 4087 bps, 51.09%, Err 93 (1.0e-04)
140.923 .... 287 packets received, 4185 bps, 52.31%, Err 94 (1.0e-04)
143.322 .... 289 packets received, 4144 bps, 51.79%, Err 96 (1.0e-04)
145.737 .... 293 packets received, 4131 bps, 51.64%, Err 97 (1.0e-04)
148.039 .... 298 packets received, 4136 bps, 51.70%, Err 99 (1.0e-04)
150.924 .... 304 packets received, 4138 bps, 51.73%, Err 102 (1.0e-04)
153.075 .... 312 packets received, 4187 bps, 52.34%, Err 102 (1.0e-04)
156.290 .... 315 packets received, 4140 bps, 51.76%, Err 104 (1.0e-04)
158.423 .... 318 packets received, 4123 bps, 51.54%, Err 105 (1.0e-04)
160.590 .... 327 packets received, 4183 bps, 52.28%, Err 106 (9.9e-05)
164.540 .... 333 packets received, 4157 bps, 51.96%, Err 107 (9.7e-05)
168.138 .... 343 packets received, 4190 bps, 52.37%, Err 110 (9.8e-05)
170.590 .... 344 packets received, 4142 bps, 51.77%, Err 112 (9.9e-05)
172.724 .... 347 packets received, 4126 bps, 51.57%, Err 112 (9.7e-05)
180.339 .... 357 packets received, 4065 bps, 50.81%, Err 119 (1.0e-04)
182.373 .... 368 packets received, 4143 bps, 51.79%, Err 121 (1.0e-04)
184.474 .... 369 packets received, 4107 bps, 51.34%, Err 121 (9.9e-05)
188.306 .... 378 packets received, 4122 bps, 51.52%, Err 125 (1.0e-04)
190.957 .... 382 packets received, 4107 bps, 51.34%, Err 127 (1.0e-04)
193.092 .... 391 packets received, 4157 bps, 51.97%, Err 128 (1.0e-04)
195.987 .... 395 packets received, 4138 bps, 51.72%, Err 130 (1.0e-04)
200.971 .... 403 packets received, 4117 bps, 51.46%, Err 133 (1.0e-04)
204.554 .... 411 packets received, 4125 bps, 51.56%, Err 136 (1.0e-04)
211.587 .... 418 packets received, 4055 bps, 50.69%, Err 142 (1.0e-04)
213.754 .... 427 packets received, 4100 bps, 51.25%, Err 142 (1.0e-04)
215.871 .... 435 packets received, 4136 bps, 51.70%, Err 142 (9.9e-05)
219.272 .... 440 packets received, 4119 bps, 51.48%, Err 145 (1.0e-04)
221.453 .... 442 packets received, 4097 bps, 51.21%, Err 145 (9.9e-05)
225.921 .... 451 packets received, 4097 bps, 51.21%, Err 151 (1.0e-04)
228.371 .... 455 packets received, 4089 bps, 51.11%, Err 151 (1.0e-04)
231.771 .... 461 packets received, 4082 bps, 51.02%, Err 154 (1.0e-04)
235.255 .... 468 packets received, 4082 bps, 51.03%, Err 156 (1.0e-04)
238.423 .... 472 packets received, 4063 bps, 50.78%, Err 160 (1.0e-04)
240.857 .... 476 packets received, 4055 bps, 50.69%, Err 161 (1.0e-04)
251.337 .... 482 packets received, 3935 bps, 49.19%, Err 171 (1.0e-04)
254.519 .... 490 packets received, 3950 bps, 49.38%, Err 174 (1.0e-04)
256.638 .... 494 packets received, 3950 bps, 49.37%, Err 174 (1.0e-04)
259.588 .... 502 packets received, 3968 bps, 49.60%, Err 176 (1.0e-04)
261.717 .... 503 packets received, 3943 bps, 49.29%, Err 180 (1.0e-04)
266.068 .... 509 packets received, 3925 bps, 49.06%, Err 180 (1.0e-04)
268.140 .... 518 packets received, 3963 bps, 49.54%, Err 181 (1.0e-04)
270.236 .... 526 packets received, 3993 bps, 49.92%, Err 181 (1.0e-04)
272.371 .... 534 packets received, 4022 bps, 50.28%, Err 182 (1.0e-04)
276.586 .... 542 packets received, 4020 bps, 50.25%, Err 186 (1.0e-04)
280.605 .... 549 packets received, 4014 bps, 50.17%, Err 186 (1.0e-04)
284.538 .... 558 packets received, 4023 bps, 50.29%, Err 189 (1.0e-04)
286.688 .... 560 packets received, 4007 bps, 50.09%, Err 190 (1.0e-04)
289.853 .... 566 packets received, 4006 bps, 50.07%, Err 192 (1.0e-04)
292.668 .... 576 packets received, 4037 bps, 50.47%, Err 193 (9.9e-05)
294.785 .... 578 packets received, 4022 bps, 50.28%, Err 196 (1.0e-04)
297.637 .... 584 packets received, 4025 bps, 50.31%, Err 199 (1.0e-04)
299.753 .... 586 packets received, 4010 bps, 50.13%, Err 199 (1.0e-04)
307.304 .... 596 packets received, 3978 bps, 49.73%, Err 206 (1.0e-04)
309.384 .... 605 packets received, 4011 bps, 50.14%, Err 206 (1.0e-04)
312.053 .... 607 packets received, 3990 bps, 49.87%, Err 210 (1.0e-04)
315.018 .... 611 packets received, 3978 bps, 49.73%, Err 211 (1.0e-04)
317.136 .... 619 packets received, 4003 bps, 50.04%, Err 211 (1.0e-04)
320.852 .... 625 packets received, 3995 bps, 49.94%, Err 213 (1.0e-04)
324.601 .... 631 packets received, 3987 bps, 49.84%, Err 215 (1.0e-04)
328.367 .... 639 packets received, 3991 bps, 49.89%, Err 216 (9.9e-05)
336.284 .... 648 packets received, 3952 bps, 49.40%, Err 223 (1.0e-04)
338.317 .... 658 packets received, 3989 bps, 49.86%, Err 223 (1.0e-04)
342.338 .... 665 packets received, 3984 bps, 49.80%, Err 226 (1.0e-04)
344.450 .... 667 packets received, 3971 bps, 49.64%, Err 228 (1.0e-04)
347.917 .... 672 packets received, 3961 bps, 49.51%, Err 230 (1.0e-04)
352.018 .... 674 packets received, 3927 bps, 49.08%, Err 236 (1.0e-04)
354.103 .... 683 packets received, 3956 bps, 49.44%, Err 237 (1.0e-04)
356.199 .... 691 packets received, 3978 bps, 49.73%, Err 237 (1.0e-04)
359.949 .... 699 packets received, 3982 bps, 49.78%, Err 241 (1.0e-04)
362.364 .... 701 packets received, 3967 bps, 49.59%, Err 242 (1.0e-04)
364.933 .... 703 packets received, 3950 bps, 49.38%, Err 244 (1.0e-04)
367.334 .... 712 packets received, 3975 bps, 49.69%, Err 245 (1.0e-04)
369.483 .... 713 packets received, 3957 bps, 49.47%, Err 246 (1.0e-04)
377.919 .... 716 packets received, 3885 bps, 48.56%, Err 250 (1.0e-04)
381.767 .... 724 packets received, 3889 bps, 48.61%, Err 254 (1.0e-04)
384.748 .... 730 packets received, 3891 bps, 48.63%, Err 254 (1.0e-04)
386.934 .... 739 packets received, 3916 bps, 48.95%, Err 254 (9.9e-05)
389.600 .... 742 packets received, 3905 bps, 48.82%, Err 256 (9.9e-05)
396.649 .... 751 packets received, 3882 bps, 48.53%, Err 259 (9.9e-05)
400.679 .... 761 packets received, 3894 bps, 48.68%, Err 262 (9.9e-05)
402.998 .... 765 packets received, 3892 bps, 48.65%, Err 264 (9.9e-05)
405.130 .... 774 packets received, 3917 bps, 48.97%, Err 265 (9.9e-05)
418.165 .... 776 packets received, 3805 bps, 47.56%, Err 278 (1.0e-04)
421.997 .... 786 packets received, 3819 bps, 47.74%, Err 281 (1.0e-04)
424.081 .... 788 packets received, 3810 bps, 47.62%, Err 282 (1.0e-04)
426.230 .... 797 packets received, 3834 bps, 47.92%, Err 286 (1.0e-04)
428.614 .... 798 packets received, 3817 bps, 47.72%, Err 288 (1.0e-04)
431.797 .... 807 packets received, 3832 bps, 47.90%, Err 289 (1.0e-04)
433.931 .... 814 packets received, 3846 bps, 48.08%, Err 289 (1.0e-04)
437.096 .... 819 packets received, 3842 bps, 48.02%, Err 290 (1.0e-04)
439.364 .... 830 packets received, 3873 bps, 48.41%, Err 290 (1.0e-04)
443.916 .... 838 packets received, 3870 bps, 48.38%, Err 292 (1.0e-04)
446.114 .... 847 packets received, 3893 bps, 48.66%, Err 293 (1.0e-04)
447.994 ** WARNING: System too busy, sleep 15 ms, but be awakened 72 ms later
450.480 .... 851 packets received, 3873 bps, 48.41%, Err 295 (9.9e-05)
452.883 .... 859 packets received, 3889 bps, 48.61%, Err 295 (9.9e-05)
456.062 .... 861 packets received, 3870 bps, 48.38%, Err 298 (9.9e-05)
462.149 .... 872 packets received, 3868 bps, 48.35%, Err 302 (9.9e-05)
464.298 .... 875 packets received, 3864 bps, 48.29%, Err 302 (9.9e-05)
466.399 .... 885 packets received, 3890 bps, 48.63%, Err 305 (9.9e-05)
470.383 .... 887 packets received, 3866 bps, 48.32%, Err 308 (9.9e-05)
472.462 .... 890 packets received, 3862 bps, 48.27%, Err 309 (9.9e-05)
475.413 .... 895 packets received, 3859 bps, 48.24%, Err 311 (9.9e-05)
477.564 .... 903 packets received, 3876 bps, 48.45%, Err 313 (9.9e-05)
481.031 .... 910 packets received, 3878 bps, 48.48%, Err 315 (9.9e-05)
484.213 .... 914 packets received, 3870 bps, 48.37%, Err 320 (1.0e-04)
486.579 .... 918 packets received, 3868 bps, 48.35%, Err 321 (1.0e-04)
489.664 .... 920 packets received, 3852 bps, 48.15%, Err 324 (1.0e-04)
491.896 .... 931 packets received, 3880 bps, 48.50%, Err 325 (1.0e-04)
495.382 .... 935 packets received, 3869 bps, 48.37%, Err 328 (1.0e-04)
500.963 .... 944 packets received, 3863 bps, 48.29%, Err 330 (9.9e-05)
504.594 .... 954 packets received, 3876 bps, 48.45%, Err 333 (1.0e-04)
507.148 .... 960 packets received, 3880 bps, 48.51%, Err 333 (9.9e-05)
510.657 .... 969 packets received, 3890 bps, 48.62%, Err 338 (1.0e-04)
512.828 .... 972 packets received, 3885 bps, 48.57%, Err 340 (1.0e-04)
515.730 .... 979 packets received, 3891 bps, 48.64%, Err 343 (1.0e-04)
520.264 .... 985 packets received, 3881 bps, 48.51%, Err 349 (1.0e-04)
523.526 .... 991 packets received, 3880 bps, 48.50%, Err 352 (1.0e-04)
527.193 .... 996 packets received, 3873 bps, 48.41%, Err 352 (1.0e-04)
530.895 .... 1006 packets received, 3884 bps, 48.55%, Err 356 (1.0e-04)
534.911 .... 1007 packets received, 3859 bps, 48.24%, Err 358 (1.0e-04)
538.347 .... 1016 packets received, 3869 bps, 48.36%, Err 359 (1.0e-04)
542.128 .... 1026 packets received, 3879 bps, 48.49%, Err 360 (1.0e-04)
544.311 .... 1038 packets received, 3909 bps, 48.86%, Err 361 (1.0e-04)
546.697 .... 1039 packets received, 3896 bps, 48.70%, Err 362 (1.0e-04)
548.863 .... 1048 packets received, 3914 bps, 48.92%, Err 362 (1.0e-04)
551.727 .... 1051 packets received, 3905 bps, 48.81%, Err 365 (1.0e-04)
557.080 .... 1057 packets received, 3889 bps, 48.62%, Err 369 (1.0e-04)
562.828 .... 1062 packets received, 3868 bps, 48.35%, Err 372 (1.0e-04)
564.979 .... 1071 packets received, 3886 bps, 48.57%, Err 373 (1.0e-04)
567.395 .... 1073 packets received, 3876 bps, 48.45%, Err 375 (1.0e-04)
572.712 .... 1075 packets received, 3847 bps, 48.09%, Err 378 (1.0e-04)
574.729 .... 1084 packets received, 3866 bps, 48.32%, Err 379 (1.0e-04)
576.862 .... 1092 packets received, 3880 bps, 48.50%, Err 379 (9.9e-05)
580.280 .... 1098 packets received, 3878 bps, 48.48%, Err 381 (9.9e-05)
584.994 .... 1106 packets received, 3875 bps, 48.44%, Err 384 (9.9e-05)
587.143 .... 1107 packets received, 3864 bps, 48.31%, Err 385 (9.9e-05)
590.879 .... 1116 packets received, 3871 bps, 48.39%, Err 387 (9.9e-05)
593.246 .... 1120 packets received, 3870 bps, 48.37%, Err 387 (9.9e-05)
599.643 .... 1128 packets received, 3856 bps, 48.20%, Err 392 (9.9e-05)
603.225 .... 1139 packets received, 3870 bps, 48.38%, Err 395 (9.9e-05)
606.710 .... 1149 packets received, 3882 bps, 48.52%, Err 395 (9.9e-05)
609.358 .... 1151 packets received, 3871 bps, 48.39%, Err 398 (9.9e-05)
612.724 .... 1157 packets received, 3870 bps, 48.38%, Err 401 (9.9e-05)
616.326 .... 1163 packets received, 3868 bps, 48.34%, Err 406 (1.0e-04)
620.029 Quit.
