000.000 =============================================================
000.000                     Station B                               
000.000 -------------------------------------------------------------
000.000 Protocol.lib, version 4.0, jiangyanjun0718@bupt.edu.cn
000.000 Channel: 8000 bps, 270 ms propagation delay, bit error rate 1.0E-04
000.000 Log file "C:\code\CN-Lab1-Windows-VS2017\docs\测试记录\性能测试记录表\perf-table-20260516-235231\row5-highber-flood-B.log", TCP port 65105, debug mask 0x00
000.000 Station B is connecting station A (TCP port 65105) ... Done.
000.212 New epoch: Sat May 16 23:52:34 2026
000.212 =================================================================
000.212 
000.212 Designed by Jiang Yanjun, build: May 16 2026  23:11:48
002.616 .... 8 packets received, 7703 bps, 96.29%, Err 2 (1.1e-04)
005.310 .... 9 packets received, 3823 bps, 47.79%, Err 4 (1.1e-04)
007.444 .... 13 packets received, 3829 bps, 47.86%, Err 6 (1.2e-04)
009.594 .... 22 packets received, 4948 bps, 61.86%, Err 7 (1.0e-04)
012.527 .... 24 packets received, 4083 bps, 51.04%, Err 10 (1.1e-04)
016.827 .... 28 packets received, 3510 bps, 43.87%, Err 11 (9.5e-05)
020.141 .... 38 packets received, 3960 bps, 49.50%, Err 15 (1.1e-04)
022.209 .... 39 packets received, 3677 bps, 45.97%, Err 15 (1.0e-04)
024.670 .... 49 packets received, 4150 bps, 51.88%, Err 17 (1.0e-04)
028.396 .... 53 packets received, 3890 bps, 48.62%, Err 19 (9.8e-05)
031.943 .... 62 packets received, 4037 bps, 50.46%, Err 20 (9.3e-05)
035.975 .... 68 packets received, 3924 bps, 49.06%, Err 24 (9.8e-05)
038.043 .... 69 packets received, 3763 bps, 47.04%, Err 25 (9.8e-05)
041.225 .... 74 packets received, 3720 bps, 46.50%, Err 32 (1.1e-04)
043.874 .... 79 packets received, 3729 bps, 46.62%, Err 32 (1.1e-04)
048.393 .... 89 packets received, 3805 bps, 47.56%, Err 33 (1.0e-04)
054.542 .... 97 packets received, 3675 bps, 45.94%, Err 36 (1.0e-04)
056.591 .... 106 packets received, 3870 bps, 48.37%, Err 38 (1.0e-04)
060.040 .... 110 packets received, 3783 bps, 47.29%, Err 41 (1.0e-04)
065.976 .... 113 packets received, 3534 bps, 44.17%, Err 44 (1.0e-04)
073.476 .... 122 packets received, 3423 bps, 42.79%, Err 51 (1.1e-04)
075.658 .... 131 packets received, 3569 bps, 44.61%, Err 52 (1.1e-04)
077.773 .... 138 packets received, 3657 bps, 45.71%, Err 54 (1.1e-04)
079.893 .... 139 packets received, 3585 bps, 44.81%, Err 56 (1.1e-04)
082.641 .... 143 packets received, 3565 bps, 44.56%, Err 57 (1.1e-04)
085.710 .... 150 packets received, 3605 bps, 45.06%, Err 59 (1.0e-04)
088.292 .... 156 packets received, 3639 bps, 45.48%, Err 60 (1.0e-04)
090.477 .... 159 packets received, 3619 bps, 45.23%, Err 61 (1.0e-04)
094.158 .... 166 packets received, 3629 bps, 45.37%, Err 62 (1.0e-04)
097.943 .... 176 packets received, 3699 bps, 46.23%, Err 65 (1.0e-04)
100.058 .... 178 packets received, 3661 bps, 45.77%, Err 68 (1.0e-04)
102.225 .... 182 packets received, 3664 bps, 45.80%, Err 69 (1.0e-04)
104.659 .... 190 packets received, 3735 bps, 46.69%, Err 69 (1.0e-04)
106.772 .... 195 packets received, 3758 bps, 46.97%, Err 69 (9.8e-05)
110.474 .... 201 packets received, 3743 bps, 46.78%, Err 73 (9.9e-05)
112.873 .... 205 packets received, 3736 bps, 46.70%, Err 73 (9.8e-05)
116.341 .... 211 packets received, 3730 bps, 46.63%, Err 76 (9.8e-05)
118.774 .... 216 packets received, 3740 bps, 46.75%, Err 78 (9.9e-05)
120.826 .... 220 packets received, 3744 bps, 46.80%, Err 79 (9.8e-05)
123.556 .... 225 packets received, 3744 bps, 46.80%, Err 82 (1.0e-04)
125.575 .... 228 packets received, 3733 bps, 46.66%, Err 83 (9.9e-05)
129.024 .... 236 packets received, 3760 bps, 47.00%, Err 86 (9.9e-05)
132.107 .... 244 packets received, 3797 bps, 47.46%, Err 89 (1.0e-04)
134.124 .... 253 packets received, 3877 bps, 48.47%, Err 90 (1.0e-04)
137.040 .... 256 packets received, 3840 bps, 47.99%, Err 93 (1.0e-04)
139.657 .... 262 packets received, 3856 bps, 48.19%, Err 94 (1.0e-04)
148.240 .... 267 packets received, 3701 bps, 46.26%, Err 100 (1.0e-04)
150.276 .... 278 packets received, 3801 bps, 47.51%, Err 101 (1.0e-04)
153.939 .... 284 packets received, 3790 bps, 47.38%, Err 104 (1.0e-04)
156.523 .... 288 packets received, 3780 bps, 47.25%, Err 104 (9.9e-05)
160.155 .... 298 packets received, 3822 bps, 47.78%, Err 106 (9.9e-05)
162.305 .... 307 packets received, 3885 bps, 48.57%, Err 108 (1.0e-04)
164.938 .... 308 packets received, 3836 bps, 47.95%, Err 109 (9.9e-05)
168.138 .... 316 packets received, 3860 bps, 48.25%, Err 113 (1.0e-04)
170.438 .... 321 packets received, 3868 bps, 48.35%, Err 117 (1.0e-04)
174.166 .... 326 packets received, 3844 bps, 48.05%, Err 120 (1.0e-04)
177.488 .... 333 packets received, 3853 bps, 48.16%, Err 121 (1.0e-04)
180.122 .... 339 packets received, 3865 bps, 48.31%, Err 124 (1.0e-04)
184.724 .... 344 packets received, 3824 bps, 47.80%, Err 127 (1.0e-04)
194.237 .... 352 packets received, 3721 bps, 46.51%, Err 136 (1.1e-04)
198.106 .... 360 packets received, 3731 bps, 46.64%, Err 138 (1.1e-04)
202.538 .... 370 packets received, 3750 bps, 46.88%, Err 141 (1.1e-04)
204.668 .... 372 packets received, 3731 bps, 46.64%, Err 143 (1.1e-04)
208.122 .... 379 packets received, 3738 bps, 46.73%, Err 145 (1.1e-04)
211.370 .... 389 packets received, 3778 bps, 47.22%, Err 147 (1.1e-04)
213.472 .... 390 packets received, 3750 bps, 46.88%, Err 150 (1.1e-04)
215.871 .... 393 packets received, 3737 bps, 46.71%, Err 150 (1.1e-04)
220.106 .... 401 packets received, 3739 bps, 46.74%, Err 157 (1.1e-04)
222.122 .... 406 packets received, 3752 bps, 46.90%, Err 157 (1.1e-04)
226.056 .... 416 packets received, 3777 bps, 47.21%, Err 159 (1.1e-04)
229.504 .... 421 packets received, 3765 bps, 47.06%, Err 161 (1.1e-04)
231.573 .... 431 packets received, 3820 bps, 47.75%, Err 161 (1.1e-04)
234.487 .... 435 packets received, 3807 bps, 47.59%, Err 164 (1.1e-04)
237.105 .... 441 packets received, 3817 bps, 47.71%, Err 164 (1.0e-04)
239.803 .... 450 packets received, 3851 bps, 48.14%, Err 165 (1.0e-04)
241.953 .... 457 packets received, 3876 bps, 48.45%, Err 165 (1.0e-04)
249.689 .... 464 packets received, 3813 bps, 47.67%, Err 170 (1.0e-04)
253.170 .... 473 packets received, 3834 bps, 47.92%, Err 174 (1.0e-04)
255.287 .... 481 packets received, 3866 bps, 48.33%, Err 175 (1.0e-04)
257.669 .... 482 packets received, 3838 bps, 47.98%, Err 177 (1.0e-04)
263.605 .... 488 packets received, 3798 bps, 47.48%, Err 178 (1.0e-04)
265.738 .... 500 packets received, 3861 bps, 48.26%, Err 180 (1.0e-04)
268.668 .... 502 packets received, 3834 bps, 47.92%, Err 183 (1.0e-04)
274.720 .... 508 packets received, 3794 bps, 47.42%, Err 185 (1.0e-04)
276.868 .... 517 packets received, 3831 bps, 47.89%, Err 186 (1.0e-04)
278.972 .... 524 packets received, 3854 bps, 48.17%, Err 186 (1.0e-04)
281.089 .... 532 packets received, 3883 bps, 48.54%, Err 186 (1.0e-04)
283.185 .... 540 packets received, 3912 bps, 48.90%, Err 186 (9.9e-05)
293.035 .... 546 packets received, 3822 bps, 47.78%, Err 193 (1.0e-04)
296.122 .... 554 packets received, 3838 bps, 47.97%, Err 196 (1.0e-04)
298.154 .... 564 packets received, 3880 bps, 48.51%, Err 197 (1.0e-04)
300.305 .... 565 packets received, 3859 bps, 48.24%, Err 199 (1.0e-04)
302.755 .... 569 packets received, 3855 bps, 48.19%, Err 199 (1.0e-04)
306.367 .... 576 packets received, 3857 bps, 48.21%, Err 204 (1.0e-04)
308.753 .... 579 packets received, 3847 bps, 48.08%, Err 205 (1.0e-04)
311.037 .... 587 packets received, 3871 bps, 48.39%, Err 207 (1.0e-04)
314.203 .... 590 packets received, 3852 bps, 48.15%, Err 212 (1.0e-04)
316.667 .... 593 packets received, 3841 bps, 48.01%, Err 214 (1.0e-04)
318.755 .... 594 packets received, 3822 bps, 47.78%, Err 214 (1.0e-04)
320.871 .... 604 packets received, 3861 bps, 48.26%, Err 216 (1.0e-04)
323.236 .... 606 packets received, 3845 bps, 48.07%, Err 221 (1.0e-04)
326.187 .... 610 packets received, 3836 bps, 47.95%, Err 222 (1.0e-04)
329.203 .... 615 packets received, 3832 bps, 47.90%, Err 224 (1.0e-04)
332.652 .... 622 packets received, 3835 bps, 47.94%, Err 226 (1.0e-04)
334.689 .... 626 packets received, 3836 bps, 47.95%, Err 228 (1.0e-04)
337.188 .... 631 packets received, 3838 bps, 47.98%, Err 228 (1.0e-04)
340.936 .... 639 packets received, 3844 bps, 48.05%, Err 230 (1.0e-04)
345.771 .... 649 packets received, 3849 bps, 48.12%, Err 233 (1.0e-04)
349.816 .... 660 packets received, 3869 bps, 48.37%, Err 236 (1.0e-04)
352.216 .... 667 packets received, 3884 bps, 48.55%, Err 236 (1.0e-04)
354.887 .... 673 packets received, 3889 bps, 48.61%, Err 238 (1.0e-04)
357.682 .... 675 packets received, 3870 bps, 48.38%, Err 241 (1.0e-04)
359.702 .... 684 packets received, 3900 bps, 48.75%, Err 242 (1.0e-04)
362.886 .... 689 packets received, 3894 bps, 48.67%, Err 243 (1.0e-04)
372.750 .... 697 packets received, 3835 bps, 47.93%, Err 249 (1.0e-04)
374.883 .... 708 packets received, 3873 bps, 48.41%, Err 249 (1.0e-04)
376.951 .... 716 packets received, 3895 bps, 48.69%, Err 250 (1.0e-04)
379.087 .... 717 packets received, 3879 bps, 48.48%, Err 250 (1.0e-04)
383.183 .... 728 packets received, 3896 bps, 48.70%, Err 251 (9.9e-05)
385.318 .... 738 packets received, 3928 bps, 49.09%, Err 251 (9.9e-05)
387.418 .... 740 packets received, 3917 bps, 48.96%, Err 253 (9.9e-05)
396.951 .... 744 packets received, 3843 bps, 48.04%, Err 261 (1.0e-04)
399.951 .... 752 packets received, 3855 bps, 48.19%, Err 266 (1.0e-04)
402.499 .... 754 packets received, 3841 bps, 48.01%, Err 267 (1.0e-04)
404.614 .... 764 packets received, 3872 bps, 48.40%, Err 267 (1.0e-04)
408.329 .... 769 packets received, 3862 bps, 48.27%, Err 269 (1.0e-04)
410.879 .... 777 packets received, 3878 bps, 48.47%, Err 270 (1.0e-04)
420.697 .... 785 packets received, 3826 bps, 47.82%, Err 278 (1.0e-04)
422.881 .... 794 packets received, 3850 bps, 48.12%, Err 278 (1.0e-04)
425.282 .... 796 packets received, 3838 bps, 47.97%, Err 282 (1.0e-04)
427.300 .... 799 packets received, 3834 bps, 47.92%, Err 283 (1.0e-04)
430.648 .... 805 packets received, 3833 bps, 47.91%, Err 285 (1.0e-04)
433.099 .... 810 packets received, 3835 bps, 47.93%, Err 286 (1.0e-04)
436.213 .... 813 packets received, 3821 bps, 47.77%, Err 288 (1.0e-04)
438.266 .... 822 packets received, 3845 bps, 48.07%, Err 289 (1.0e-04)
441.983 .... 827 packets received, 3836 bps, 47.95%, Err 291 (1.0e-04)
444.179 .... 838 packets received, 3868 bps, 48.35%, Err 291 (1.0e-04)
447.994 ** WARNING: System too busy, sleep 15 ms, but be awakened 72 ms later
448.432 .... 846 packets received, 3868 bps, 48.35%, Err 296 (1.0e-04)
451.766 .... 852 packets received, 3867 bps, 48.33%, Err 297 (1.0e-04)
454.999 .... 855 packets received, 3853 bps, 48.16%, Err 299 (1.0e-04)
457.643 .... 863 packets received, 3866 bps, 48.33%, Err 300 (1.0e-04)
463.997 .... 865 packets received, 3822 bps, 47.77%, Err 304 (1.0e-04)
466.929 .... 873 packets received, 3833 bps, 47.91%, Err 306 (1.0e-04)
469.029 .... 884 packets received, 3864 bps, 48.30%, Err 306 (9.9e-05)
472.180 .... 888 packets received, 3856 bps, 48.19%, Err 311 (1.0e-04)
476.245 .... 899 packets received, 3870 bps, 48.37%, Err 312 (1.0e-04)
479.165 .... 902 packets received, 3859 bps, 48.24%, Err 315 (1.0e-04)
481.862 .... 905 packets received, 3850 bps, 48.13%, Err 315 (1.0e-04)
483.929 .... 915 packets received, 3876 bps, 48.45%, Err 316 (9.9e-05)
486.050 .... 919 packets received, 3876 bps, 48.45%, Err 318 (1.0e-04)
488.429 .... 920 packets received, 3861 bps, 48.27%, Err 322 (1.0e-04)
490.579 .... 923 packets received, 3857 bps, 48.21%, Err 323 (1.0e-04)
493.012 .... 933 packets received, 3880 bps, 48.49%, Err 324 (1.0e-04)
495.896 .... 935 packets received, 3865 bps, 48.32%, Err 326 (1.0e-04)
500.179 .... 947 packets received, 3881 bps, 48.52%, Err 327 (9.9e-05)
507.245 .... 955 packets received, 3860 bps, 48.24%, Err 331 (9.9e-05)
510.311 .... 963 packets received, 3868 bps, 48.36%, Err 335 (1.0e-04)
512.331 .... 969 packets received, 3877 bps, 48.46%, Err 336 (1.0e-04)
516.761 .... 975 packets received, 3868 bps, 48.35%, Err 337 (9.9e-05)
519.166 .... 980 packets received, 3870 bps, 48.37%, Err 338 (9.9e-05)
521.361 .... 983 packets received, 3865 bps, 48.31%, Err 339 (9.9e-05)
525.313 .... 992 packets received, 3871 bps, 48.39%, Err 343 (9.9e-05)
527.464 .... 995 packets received, 3867 bps, 48.34%, Err 344 (9.9e-05)
531.146 .... 1002 packets received, 3867 bps, 48.34%, Err 350 (1.0e-04)
541.112 .... 1003 packets received, 3800 bps, 47.49%, Err 356 (1.0e-04)
543.279 .... 1012 packets received, 3818 bps, 47.73%, Err 356 (1.0e-04)
545.461 .... 1020 packets received, 3833 bps, 47.91%, Err 356 (9.9e-05)
552.629 .... 1028 packets received, 3813 bps, 47.66%, Err 363 (1.0e-04)
556.144 .... 1036 packets received, 3818 bps, 47.73%, Err 366 (1.0e-04)
560.061 .... 1043 packets received, 3817 bps, 47.72%, Err 368 (1.0e-04)
564.578 .... 1049 packets received, 3809 bps, 47.61%, Err 371 (1.0e-04)
568.727 .... 1058 packets received, 3813 bps, 47.66%, Err 374 (1.0e-04)
571.363 .... 1063 packets received, 3813 bps, 47.67%, Err 375 (1.0e-04)
573.527 .... 1068 packets received, 3817 bps, 47.71%, Err 378 (1.0e-04)
579.262 .... 1073 packets received, 3797 bps, 47.46%, Err 381 (1.0e-04)
583.580 .... 1082 packets received, 3800 bps, 47.50%, Err 384 (1.0e-04)
587.363 .... 1090 packets received, 3804 bps, 47.55%, Err 387 (1.0e-04)
590.328 .... 1096 packets received, 3805 bps, 47.57%, Err 388 (1.0e-04)
595.543 .... 1100 packets received, 3786 bps, 47.32%, Err 391 (1.0e-04)
599.575 .... 1110 packets received, 3795 bps, 47.43%, Err 394 (1.0e-04)
602.391 .... 1115 packets received, 3794 bps, 47.42%, Err 395 (1.0e-04)
605.811 .... 1121 packets received, 3793 bps, 47.41%, Err 398 (1.0e-04)
607.891 .... 1125 packets received, 3793 bps, 47.42%, Err 398 (1.0e-04)
611.445 .... 1134 packets received, 3801 bps, 47.52%, Err 403 (1.0e-04)
613.994 .... 1135 packets received, 3789 bps, 47.36%, Err 404 (1.0e-04)
616.344 .... 1140 packets received, 3791 bps, 47.39%, Err 405 (1.0e-04)
618.994 .... 1143 packets received, 3785 bps, 47.31%, Err 406 (1.0e-04)
620.029 Quit.
