000.000 =============================================================
000.000                     Station A                               
000.000 -------------------------------------------------------------
000.000 Protocol.lib, version 4.0, jiangyanjun0718@bupt.edu.cn
000.000 Channel: 8000 bps, 270 ms propagation delay, bit error rate 0
000.000 Log file "C:\Users\YOUNG\Desktop\workplace\2025_2026_2\셕炬샙貢쭹\lab\Lab1-DataLink(Win+Linux)(1)\Lab1-Windows-VS2017\docs\꿎桿션쩌\꽝鑒膽뺏-DATA_TIMER-MAX_PHL_BACKLOG\05-轟轎쯤쇱꿴-2min\dt1500-bg3-utopia-flood-20260509-223514-A.log", TCP port 59930, debug mask 0x07
000.000 Station A is waiting for station B on TCP port 59930 ... Done.
000.643 New epoch: Sat May  9 22:35:15 2026
000.643 =================================================================
000.643 
000.643 Designed by Jiang Yanjun, build: May  9 2026  22:35:14
000.643 Send DATA 0 15, ID 10000
000.643 Send DATA 1 15, ID 10001
000.643 Send DATA 2 15, ID 10002
001.192 Recv DATA 0 15, ID 20000
001.192 Deliver DATA 0, ID 20000
001.192 Slide RECV window, expect 1 next
001.192 Send DATA 3 0, ID 10003
001.192 Send DATA 4 0, ID 10004
001.192 Send DATA 5 0, ID 10005
001.446 Recv DATA 1 15, ID 20001
001.446 Deliver DATA 1, ID 20001
001.446 Slide RECV window, expect 2 next
001.573 ---- ACK timeout
001.573 Send ACK  1
001.573 Send DATA 6 1, ID 10006
001.732 Recv DATA 2 15, ID 20002
001.733 Deliver DATA 2, ID 20002
001.733 Slide RECV window, expect 3 next
001.733 Send DATA 7 2, ID 10007
001.987 Recv DATA 3 0, ID 20003
001.987 Deliver DATA 3, ID 20003
001.987 Slide RECV window, expect 4 next
001.987 Acked DATA 0, slide SEND window
001.987 Send DATA 8 3, ID 10008
002.242 Recv DATA 4 0, ID 20004
002.242 Deliver DATA 4, ID 20004
002.242 Slide RECV window, expect 5 next
002.369 ---- ACK timeout
002.369 Send ACK  4
002.528 Recv DATA 5 0, ID 20005
002.528 Deliver DATA 5, ID 20005
002.528 Slide RECV window, expect 6 next
002.543 Recv ACK  1
002.543 Acked DATA 1, slide SEND window
002.544 Send DATA 9 5, ID 10009
002.796 Recv DATA 6 1, ID 20006
002.797 Deliver DATA 6, ID 20006
002.797 Slide RECV window, expect 7 next
002.812 Recv ACK  2
002.812 Acked DATA 2, slide SEND window
002.813 Send DATA 10 6, ID 10010
003.066 Recv DATA 7 2, ID 20007
003.066 Deliver DATA 7, ID 20007
003.066 .... 8 packets received, 7610 bps, 95.12%, Err 0 (0.0e+00)
003.066 Slide RECV window, expect 8 next
003.098 Recv ACK  3
003.098 Acked DATA 3, slide SEND window
003.098 Send DATA 11 7, ID 10011
003.335 Recv DATA 8 3, ID 20008
003.335 Deliver DATA 8, ID 20008
003.335 Slide RECV window, expect 9 next
003.366 Recv ACK  4
003.366 Acked DATA 4, slide SEND window
003.366 Send DATA 12 8, ID 10012
003.604 Recv DATA 9 5, ID 20009
003.604 Deliver DATA 9, ID 20009
003.604 Slide RECV window, expect 10 next
003.604 Acked DATA 5, slide SEND window
003.605 Send DATA 13 9, ID 10013
003.636 Recv ACK  6
003.636 Acked DATA 6, slide SEND window
003.636 Send DATA 14 9, ID 10014
003.874 Recv DATA 10 7, ID 20010
003.874 Deliver DATA 10, ID 20010
003.874 Slide RECV window, expect 11 next
003.874 Acked DATA 7, slide SEND window
003.874 Send DATA 15 10, ID 10015
004.144 Recv DATA 11 8, ID 20011
004.144 Deliver DATA 11, ID 20011
004.144 Slide RECV window, expect 12 next
004.144 Acked DATA 8, slide SEND window
004.144 Send DATA 0 11, ID 10016
004.398 Recv DATA 12 8, ID 20012
004.398 Deliver DATA 12, ID 20012
004.398 Slide RECV window, expect 13 next
004.525 ---- ACK timeout
004.526 Send ACK  12
004.668 Recv DATA 13 9, ID 20013
004.668 Deliver DATA 13, ID 20013
004.668 Slide RECV window, expect 14 next
004.668 Acked DATA 9, slide SEND window
004.668 Send DATA 1 13, ID 10017
004.937 Recv DATA 14 10, ID 20014
004.938 Deliver DATA 14, ID 20014
004.938 Slide RECV window, expect 15 next
004.938 Acked DATA 10, slide SEND window
004.938 Send DATA 2 14, ID 10018
005.192 Recv DATA 15 11, ID 20015
005.192 Deliver DATA 15, ID 20015
005.192 .... 16 packets received, 7658 bps, 95.72%, Err 0 (0.0e+00)
005.192 Slide RECV window, expect 0 next
005.192 Acked DATA 11, slide SEND window
005.192 Send DATA 3 15, ID 10019
005.445 Recv DATA 0 12, ID 20016
005.445 Deliver DATA 0, ID 20016
005.445 Slide RECV window, expect 1 next
005.445 Acked DATA 12, slide SEND window
005.446 Send DATA 4 0, ID 10020
005.715 Recv DATA 1 13, ID 20017
005.715 Deliver DATA 1, ID 20017
005.715 Slide RECV window, expect 2 next
005.715 Acked DATA 13, slide SEND window
005.715 Send DATA 5 1, ID 10021
005.747 Recv ACK  14
005.747 Acked DATA 14, slide SEND window
005.747 Send DATA 6 1, ID 10022
005.986 Recv DATA 2 15, ID 20018
005.986 Deliver DATA 2, ID 20018
005.986 Slide RECV window, expect 3 next
005.986 Acked DATA 15, slide SEND window
005.986 Send DATA 7 2, ID 10023
006.256 Recv DATA 3 0, ID 20019
006.256 Deliver DATA 3, ID 20019
006.258 Slide RECV window, expect 4 next
006.258 Acked DATA 0, slide SEND window
006.258 Send DATA 8 3, ID 10024
006.526 Recv DATA 4 0, ID 20020
006.526 Deliver DATA 4, ID 20020
006.526 Slide RECV window, expect 5 next
006.653 ---- ACK timeout
006.653 Send ACK  4
006.779 Recv DATA 5 1, ID 20021
006.779 Deliver DATA 5, ID 20021
006.779 Slide RECV window, expect 6 next
006.780 Acked DATA 1, slide SEND window
006.780 Send DATA 9 5, ID 10025
007.049 Recv DATA 6 2, ID 20022
007.050 Deliver DATA 6, ID 20022
007.050 Slide RECV window, expect 7 next
007.050 Acked DATA 2, slide SEND window
007.050 Send DATA 10 6, ID 10026
007.317 Recv DATA 7 3, ID 20023
007.317 Deliver DATA 7, ID 20023
007.317 .... 24 packets received, 7675 bps, 95.94%, Err 0 (0.0e+00)
007.317 Slide RECV window, expect 8 next
007.317 Acked DATA 3, slide SEND window
007.317 Send DATA 11 7, ID 10027
007.571 Recv DATA 8 4, ID 20024
007.571 Deliver DATA 8, ID 20024
007.571 Slide RECV window, expect 9 next
007.571 Acked DATA 4, slide SEND window
007.573 Send DATA 12 8, ID 10028
007.840 Recv DATA 9 5, ID 20025
007.840 Deliver DATA 9, ID 20025
007.840 Slide RECV window, expect 10 next
007.840 Acked DATA 5, slide SEND window
007.841 Send DATA 13 9, ID 10029
007.872 Recv ACK  6
007.872 Acked DATA 6, slide SEND window
007.872 Send DATA 14 9, ID 10030
008.095 Recv DATA 10 7, ID 20026
008.095 Deliver DATA 10, ID 20026
008.095 Slide RECV window, expect 11 next
008.095 Acked DATA 7, slide SEND window
008.095 Send DATA 15 10, ID 10031
008.363 Recv DATA 11 8, ID 20027
008.363 Deliver DATA 11, ID 20027
008.363 Slide RECV window, expect 12 next
008.363 Acked DATA 8, slide SEND window
008.363 Send DATA 0 11, ID 10032
008.634 Recv DATA 12 8, ID 20028
008.634 Deliver DATA 12, ID 20028
008.634 Slide RECV window, expect 13 next
008.761 ---- ACK timeout
008.761 Send ACK  12
008.902 Recv DATA 13 9, ID 20029
008.903 Deliver DATA 13, ID 20029
008.903 Slide RECV window, expect 14 next
008.903 Acked DATA 9, slide SEND window
008.903 Send DATA 1 13, ID 10033
009.157 Recv DATA 14 10, ID 20030
009.157 Deliver DATA 14, ID 20030
009.157 Slide RECV window, expect 15 next
009.157 Acked DATA 10, slide SEND window
009.158 Send DATA 2 14, ID 10034
009.427 Recv DATA 15 11, ID 20031
009.427 Deliver DATA 15, ID 20031
009.427 .... 32 packets received, 7697 bps, 96.22%, Err 0 (0.0e+00)
009.427 Slide RECV window, expect 0 next
009.427 Acked DATA 11, slide SEND window
009.427 Send DATA 3 15, ID 10035
009.698 Recv DATA 0 12, ID 20032
009.698 Deliver DATA 0, ID 20032
009.698 Slide RECV window, expect 1 next
009.698 Acked DATA 12, slide SEND window
009.698 Send DATA 4 0, ID 10036
009.968 Recv DATA 1 13, ID 20033
009.968 Deliver DATA 1, ID 20033
009.968 Slide RECV window, expect 2 next
009.968 Acked DATA 13, slide SEND window
009.968 Send DATA 5 1, ID 10037
010.000 Recv ACK  14
010.000 Acked DATA 14, slide SEND window
010.000 Send DATA 6 1, ID 10038
010.238 Recv DATA 2 15, ID 20034
010.238 Deliver DATA 2, ID 20034
010.238 Slide RECV window, expect 3 next
010.238 Acked DATA 15, slide SEND window
010.238 Send DATA 7 2, ID 10039
010.476 Recv DATA 3 0, ID 20035
010.476 Deliver DATA 3, ID 20035
010.476 Slide RECV window, expect 4 next
010.476 Acked DATA 0, slide SEND window
010.476 Send DATA 8 3, ID 10040
010.745 Recv DATA 4 0, ID 20036
010.745 Deliver DATA 4, ID 20036
010.745 Slide RECV window, expect 5 next
010.872 ---- ACK timeout
010.873 Send ACK  4
011.048 Recv DATA 5 1, ID 20037
011.048 Deliver DATA 5, ID 20037
011.048 Slide RECV window, expect 6 next
011.048 Acked DATA 1, slide SEND window
011.048 Send DATA 9 5, ID 10041
011.269 Recv DATA 6 2, ID 20038
011.269 Deliver DATA 6, ID 20038
011.269 Slide RECV window, expect 7 next
011.269 Acked DATA 2, slide SEND window
011.269 Send DATA 10 6, ID 10042
011.571 Recv DATA 7 3, ID 20039
011.571 Deliver DATA 7, ID 20039
011.572 .... 40 packets received, 7686 bps, 96.08%, Err 0 (0.0e+00)
011.572 Slide RECV window, expect 8 next
011.572 Acked DATA 3, slide SEND window
011.572 Send DATA 11 7, ID 10043
011.810 Recv DATA 8 4, ID 20040
011.810 Deliver DATA 8, ID 20040
011.810 Slide RECV window, expect 9 next
011.810 Acked DATA 4, slide SEND window
011.811 Send DATA 12 8, ID 10044
012.080 Recv DATA 9 5, ID 20041
012.080 Deliver DATA 9, ID 20041
012.080 Slide RECV window, expect 10 next
012.080 Acked DATA 5, slide SEND window
012.080 Send DATA 13 9, ID 10045
012.112 Recv ACK  6
012.112 Acked DATA 6, slide SEND window
012.112 Send DATA 14 9, ID 10046
012.350 Recv DATA 10 7, ID 20042
012.350 Deliver DATA 10, ID 20042
012.350 Slide RECV window, expect 11 next
012.350 Acked DATA 7, slide SEND window
012.350 Send DATA 15 10, ID 10047
012.605 Recv DATA 11 8, ID 20043
012.605 Deliver DATA 11, ID 20043
012.605 Slide RECV window, expect 12 next
012.605 Acked DATA 8, slide SEND window
012.605 Send DATA 0 11, ID 10048
012.875 Recv DATA 12 8, ID 20044
012.875 Deliver DATA 12, ID 20044
012.875 Slide RECV window, expect 13 next
013.003 ---- ACK timeout
013.003 Send ACK  12
013.129 Recv DATA 13 9, ID 20045
013.129 Deliver DATA 13, ID 20045
013.129 Slide RECV window, expect 14 next
013.129 Acked DATA 9, slide SEND window
013.129 Send DATA 1 13, ID 10049
013.399 Recv DATA 14 10, ID 20046
013.399 Deliver DATA 14, ID 20046
013.399 Slide RECV window, expect 15 next
013.399 Acked DATA 10, slide SEND window
013.399 Send DATA 2 14, ID 10050
013.668 Recv DATA 15 11, ID 20047
013.668 Deliver DATA 15, ID 20047
013.668 .... 48 packets received, 7707 bps, 96.34%, Err 0 (0.0e+00)
013.668 Slide RECV window, expect 0 next
013.668 Acked DATA 11, slide SEND window
013.669 Send DATA 3 15, ID 10051
013.938 Recv DATA 0 12, ID 20048
013.938 Deliver DATA 0, ID 20048
013.938 Slide RECV window, expect 1 next
013.938 Acked DATA 12, slide SEND window
013.938 Send DATA 4 0, ID 10052
014.192 Recv DATA 1 13, ID 20049
014.192 Deliver DATA 1, ID 20049
014.192 Slide RECV window, expect 2 next
014.192 Acked DATA 13, slide SEND window
014.192 Send DATA 5 1, ID 10053
014.207 Recv ACK  14
014.207 Acked DATA 14, slide SEND window
014.208 Send DATA 6 1, ID 10054
014.461 Recv DATA 2 15, ID 20050
014.461 Deliver DATA 2, ID 20050
014.461 Slide RECV window, expect 3 next
014.461 Acked DATA 15, slide SEND window
014.461 Send DATA 7 2, ID 10055
014.715 Recv DATA 3 0, ID 20051
014.715 Deliver DATA 3, ID 20051
014.715 Slide RECV window, expect 4 next
014.715 Acked DATA 0, slide SEND window
014.715 Send DATA 8 3, ID 10056
014.984 Recv DATA 4 0, ID 20052
014.984 Deliver DATA 4, ID 20052
014.984 Slide RECV window, expect 5 next
015.111 ---- ACK timeout
015.111 Send ACK  4
015.254 Recv DATA 5 1, ID 20053
015.254 Deliver DATA 5, ID 20053
015.254 Slide RECV window, expect 6 next
015.254 Acked DATA 1, slide SEND window
015.254 Send DATA 9 5, ID 10057
015.524 Recv DATA 6 2, ID 20054
015.524 Deliver DATA 6, ID 20054
015.524 Slide RECV window, expect 7 next
015.524 Acked DATA 2, slide SEND window
015.524 Send DATA 10 6, ID 10058
015.778 Recv DATA 7 3, ID 20055
015.778 Deliver DATA 7, ID 20055
015.778 .... 56 packets received, 7715 bps, 96.44%, Err 0 (0.0e+00)
015.778 Slide RECV window, expect 8 next
015.778 Acked DATA 3, slide SEND window
015.778 Send DATA 11 7, ID 10059
016.032 Recv DATA 8 4, ID 20056
016.032 Deliver DATA 8, ID 20056
016.032 Slide RECV window, expect 9 next
016.032 Acked DATA 4, slide SEND window
016.032 Send DATA 12 8, ID 10060
016.302 Recv DATA 9 5, ID 20057
016.303 Deliver DATA 9, ID 20057
016.303 Slide RECV window, expect 10 next
016.303 Acked DATA 5, slide SEND window
016.303 Send DATA 13 9, ID 10061
016.334 Recv ACK  6
016.334 Acked DATA 6, slide SEND window
016.334 Send DATA 14 9, ID 10062
016.572 Recv DATA 10 7, ID 20058
016.572 Deliver DATA 10, ID 20058
016.572 Slide RECV window, expect 11 next
016.572 Acked DATA 7, slide SEND window
016.572 Send DATA 15 10, ID 10063
016.840 Recv DATA 11 8, ID 20059
016.840 Deliver DATA 11, ID 20059
016.840 Slide RECV window, expect 12 next
016.840 Acked DATA 8, slide SEND window
016.840 Send DATA 0 11, ID 10064
017.110 Recv DATA 12 8, ID 20060
017.110 Deliver DATA 12, ID 20060
017.110 Slide RECV window, expect 13 next
017.237 ---- ACK timeout
017.237 Send ACK  12
017.364 Recv DATA 13 9, ID 20061
017.365 Deliver DATA 13, ID 20061
017.365 Slide RECV window, expect 14 next
017.365 Acked DATA 9, slide SEND window
017.366 Send DATA 1 13, ID 10065
017.632 Recv DATA 14 10, ID 20062
017.632 Deliver DATA 14, ID 20062
017.632 Slide RECV window, expect 15 next
017.632 Acked DATA 10, slide SEND window
017.632 Send DATA 2 14, ID 10066
017.902 Recv DATA 15 11, ID 20063
017.902 Deliver DATA 15, ID 20063
017.902 .... 64 packets received, 7715 bps, 96.44%, Err 0 (0.0e+00)
017.902 Slide RECV window, expect 0 next
017.902 Acked DATA 11, slide SEND window
017.902 Send DATA 3 15, ID 10067
018.171 Recv DATA 0 12, ID 20064
018.171 Deliver DATA 0, ID 20064
018.171 Slide RECV window, expect 1 next
018.171 Acked DATA 12, slide SEND window
018.171 Send DATA 4 0, ID 10068
018.426 Recv DATA 1 13, ID 20065
018.426 Deliver DATA 1, ID 20065
018.426 Slide RECV window, expect 2 next
018.426 Acked DATA 13, slide SEND window
018.426 Send DATA 5 1, ID 10069
018.442 Recv ACK  14
018.442 Acked DATA 14, slide SEND window
018.442 Send DATA 6 1, ID 10070
018.695 Recv DATA 2 15, ID 20066
018.695 Deliver DATA 2, ID 20066
018.696 Slide RECV window, expect 3 next
018.696 Acked DATA 15, slide SEND window
018.696 Send DATA 7 2, ID 10071
018.965 Recv DATA 3 0, ID 20067
018.966 Deliver DATA 3, ID 20067
018.966 Slide RECV window, expect 4 next
018.966 Acked DATA 0, slide SEND window
018.966 Send DATA 8 3, ID 10072
019.234 Recv DATA 4 0, ID 20068
019.234 Deliver DATA 4, ID 20068
019.234 Slide RECV window, expect 5 next
019.362 ---- ACK timeout
019.362 Send ACK  4
019.488 Recv DATA 5 1, ID 20069
019.488 Deliver DATA 5, ID 20069
019.488 Slide RECV window, expect 6 next
019.488 Acked DATA 1, slide SEND window
019.489 Send DATA 9 5, ID 10073
019.758 Recv DATA 6 2, ID 20070
019.758 Deliver DATA 6, ID 20070
019.758 Slide RECV window, expect 7 next
019.758 Acked DATA 2, slide SEND window
019.759 Send DATA 10 6, ID 10074
020.012 Recv DATA 7 3, ID 20071
020.012 Deliver DATA 7, ID 20071
020.012 .... 72 packets received, 7721 bps, 96.51%, Err 0 (0.0e+00)
020.012 Slide RECV window, expect 8 next
020.012 Acked DATA 3, slide SEND window
020.012 Send DATA 11 7, ID 10075
020.282 Recv DATA 8 4, ID 20072
020.282 Deliver DATA 8, ID 20072
020.282 Slide RECV window, expect 9 next
020.282 Acked DATA 4, slide SEND window
020.282 Send DATA 12 8, ID 10076
020.552 Recv DATA 9 5, ID 20073
020.552 Deliver DATA 9, ID 20073
020.552 Slide RECV window, expect 10 next
020.552 Acked DATA 5, slide SEND window
020.552 Send DATA 13 9, ID 10077
020.584 Recv ACK  6
020.584 Acked DATA 6, slide SEND window
020.584 Send DATA 14 9, ID 10078
020.806 Recv DATA 10 7, ID 20074
020.806 Deliver DATA 10, ID 20074
020.806 Slide RECV window, expect 11 next
020.806 Acked DATA 7, slide SEND window
020.806 Send DATA 15 10, ID 10079
021.077 Recv DATA 11 8, ID 20075
021.077 Deliver DATA 11, ID 20075
021.077 Slide RECV window, expect 12 next
021.077 Acked DATA 8, slide SEND window
021.077 Send DATA 0 11, ID 10080
021.347 Recv DATA 12 8, ID 20076
021.347 Deliver DATA 12, ID 20076
021.347 Slide RECV window, expect 13 next
021.475 ---- ACK timeout
021.475 Send ACK  12
021.618 Recv DATA 13 9, ID 20077
021.618 Deliver DATA 13, ID 20077
021.618 Slide RECV window, expect 14 next
021.618 Acked DATA 9, slide SEND window
021.618 Send DATA 1 13, ID 10081
021.888 Recv DATA 14 10, ID 20078
021.888 Deliver DATA 14, ID 20078
021.888 Slide RECV window, expect 15 next
021.888 Acked DATA 10, slide SEND window
021.889 Send DATA 2 14, ID 10082
022.142 Recv DATA 15 11, ID 20079
022.142 Deliver DATA 15, ID 20079
022.142 .... 80 packets received, 7718 bps, 96.47%, Err 0 (0.0e+00)
022.142 Slide RECV window, expect 0 next
022.142 Acked DATA 11, slide SEND window
022.142 Send DATA 3 15, ID 10083
022.396 Recv DATA 0 12, ID 20080
022.396 Deliver DATA 0, ID 20080
022.396 Slide RECV window, expect 1 next
022.396 Acked DATA 12, slide SEND window
022.396 Send DATA 4 0, ID 10084
022.666 Recv DATA 1 13, ID 20081
022.666 Deliver DATA 1, ID 20081
022.666 Slide RECV window, expect 2 next
022.666 Acked DATA 13, slide SEND window
022.667 Send DATA 5 1, ID 10085
022.698 Recv ACK  14
022.698 Acked DATA 14, slide SEND window
022.699 Send DATA 6 1, ID 10086
022.937 Recv DATA 2 15, ID 20082
022.937 Deliver DATA 2, ID 20082
022.937 Slide RECV window, expect 3 next
022.937 Acked DATA 15, slide SEND window
022.937 Send DATA 7 2, ID 10087
023.206 Recv DATA 3 0, ID 20083
023.206 Deliver DATA 3, ID 20083
023.206 Slide RECV window, expect 4 next
023.206 Acked DATA 0, slide SEND window
023.206 Send DATA 8 3, ID 10088
023.460 Recv DATA 4 0, ID 20084
023.460 Deliver DATA 4, ID 20084
023.460 Slide RECV window, expect 5 next
023.587 ---- ACK timeout
023.587 Send ACK  4
023.729 Recv DATA 5 1, ID 20085
023.729 Deliver DATA 5, ID 20085
023.729 Slide RECV window, expect 6 next
023.729 Acked DATA 1, slide SEND window
023.730 Send DATA 9 5, ID 10089
023.984 Recv DATA 6 2, ID 20086
023.984 Deliver DATA 6, ID 20086
023.984 Slide RECV window, expect 7 next
023.984 Acked DATA 2, slide SEND window
023.984 Send DATA 10 6, ID 10090
024.286 Recv DATA 7 3, ID 20087
024.286 Deliver DATA 7, ID 20087
024.286 .... 88 packets received, 7711 bps, 96.38%, Err 0 (0.0e+00)
024.286 Slide RECV window, expect 8 next
024.286 Acked DATA 3, slide SEND window
024.286 Send DATA 11 7, ID 10091
024.508 Recv DATA 8 4, ID 20088
024.508 Deliver DATA 8, ID 20088
024.508 Slide RECV window, expect 9 next
024.508 Acked DATA 4, slide SEND window
024.508 Send DATA 12 8, ID 10092
024.778 Recv DATA 9 5, ID 20089
024.778 Deliver DATA 9, ID 20089
024.778 Slide RECV window, expect 10 next
024.778 Acked DATA 5, slide SEND window
024.778 Send DATA 13 9, ID 10093
024.810 Recv ACK  6
024.810 Acked DATA 6, slide SEND window
024.810 Send DATA 14 9, ID 10094
025.048 Recv DATA 10 7, ID 20090
025.049 Deliver DATA 10, ID 20090
025.049 Slide RECV window, expect 11 next
025.049 Acked DATA 7, slide SEND window
025.049 Send DATA 15 10, ID 10095
025.319 Recv DATA 11 8, ID 20091
025.319 Deliver DATA 11, ID 20091
025.319 Slide RECV window, expect 12 next
025.319 Acked DATA 8, slide SEND window
025.319 Send DATA 0 11, ID 10096
025.589 Recv DATA 12 8, ID 20092
025.589 Deliver DATA 12, ID 20092
025.589 Slide RECV window, expect 13 next
025.716 ---- ACK timeout
025.716 Send ACK  12
025.858 Recv DATA 13 9, ID 20093
025.858 Deliver DATA 13, ID 20093
025.858 Slide RECV window, expect 14 next
025.858 Acked DATA 9, slide SEND window
025.859 Send DATA 1 13, ID 10097
026.128 Recv DATA 14 10, ID 20094
026.128 Deliver DATA 14, ID 20094
026.128 Slide RECV window, expect 15 next
026.128 Acked DATA 10, slide SEND window
026.128 Send DATA 2 14, ID 10098
026.367 Recv DATA 15 11, ID 20095
026.367 Deliver DATA 15, ID 20095
026.367 .... 96 packets received, 7724 bps, 96.55%, Err 0 (0.0e+00)
026.367 Slide RECV window, expect 0 next
026.367 Acked DATA 11, slide SEND window
026.367 Send DATA 3 15, ID 10099
026.637 Recv DATA 0 12, ID 20096
026.637 Deliver DATA 0, ID 20096
026.637 Slide RECV window, expect 1 next
026.637 Acked DATA 12, slide SEND window
026.637 Send DATA 4 0, ID 10100
026.891 Recv DATA 1 13, ID 20097
026.891 Deliver DATA 1, ID 20097
026.891 Slide RECV window, expect 2 next
026.891 Acked DATA 13, slide SEND window
026.891 Send DATA 5 1, ID 10101
026.907 Recv ACK  14
026.907 Acked DATA 14, slide SEND window
026.907 Send DATA 6 1, ID 10102
027.160 Recv DATA 2 15, ID 20098
027.160 Deliver DATA 2, ID 20098
027.160 Slide RECV window, expect 3 next
027.160 Acked DATA 15, slide SEND window
027.160 Send DATA 7 2, ID 10103
027.429 Recv DATA 3 0, ID 20099
027.429 Deliver DATA 3, ID 20099
027.429 Slide RECV window, expect 4 next
027.429 Acked DATA 0, slide SEND window
027.429 Send DATA 8 3, ID 10104
027.699 Recv DATA 4 0, ID 20100
027.699 Deliver DATA 4, ID 20100
027.699 Slide RECV window, expect 5 next
027.827 ---- ACK timeout
027.827 Send ACK  4
027.970 Recv DATA 5 1, ID 20101
027.970 Deliver DATA 5, ID 20101
027.970 Slide RECV window, expect 6 next
027.970 Acked DATA 1, slide SEND window
027.971 Send DATA 9 5, ID 10105
028.225 Recv DATA 6 2, ID 20102
028.225 Deliver DATA 6, ID 20102
028.225 Slide RECV window, expect 7 next
028.225 Acked DATA 2, slide SEND window
028.227 Send DATA 10 6, ID 10106
028.494 Recv DATA 7 3, ID 20103
028.494 Deliver DATA 7, ID 20103
028.494 .... 104 packets received, 7722 bps, 96.53%, Err 0 (0.0e+00)
028.494 Slide RECV window, expect 8 next
028.494 Acked DATA 3, slide SEND window
028.495 Send DATA 11 7, ID 10107
028.748 Recv DATA 8 4, ID 20104
028.748 Deliver DATA 8, ID 20104
028.748 Slide RECV window, expect 9 next
028.748 Acked DATA 4, slide SEND window
028.748 Send DATA 12 8, ID 10108
029.018 Recv DATA 9 5, ID 20105
029.018 Deliver DATA 9, ID 20105
029.018 Slide RECV window, expect 10 next
029.018 Acked DATA 5, slide SEND window
029.018 Send DATA 13 9, ID 10109
029.050 Recv ACK  6
029.050 Acked DATA 6, slide SEND window
029.050 Send DATA 14 9, ID 10110
029.287 Recv DATA 10 7, ID 20106
029.287 Deliver DATA 10, ID 20106
029.287 Slide RECV window, expect 11 next
029.287 Acked DATA 7, slide SEND window
029.287 Send DATA 15 10, ID 10111
029.557 Recv DATA 11 8, ID 20107
029.557 Deliver DATA 11, ID 20107
029.557 Slide RECV window, expect 12 next
029.557 Acked DATA 8, slide SEND window
029.557 Send DATA 0 11, ID 10112
029.812 Recv DATA 12 8, ID 20108
029.812 Deliver DATA 12, ID 20108
029.812 Slide RECV window, expect 13 next
029.939 ---- ACK timeout
029.940 Send ACK  12
030.082 Recv DATA 13 9, ID 20109
030.082 Deliver DATA 13, ID 20109
030.082 Slide RECV window, expect 14 next
030.082 Acked DATA 9, slide SEND window
030.082 Send DATA 1 13, ID 10113
030.352 Recv DATA 14 10, ID 20110
030.352 Deliver DATA 14, ID 20110
030.352 Slide RECV window, expect 15 next
030.352 Acked DATA 10, slide SEND window
030.352 Send DATA 2 14, ID 10114
030.605 Recv DATA 15 11, ID 20111
030.605 Deliver DATA 15, ID 20111
030.605 .... 112 packets received, 7725 bps, 96.56%, Err 0 (0.0e+00)
030.606 Slide RECV window, expect 0 next
030.606 Acked DATA 11, slide SEND window
030.606 Send DATA 3 15, ID 10115
030.876 Recv DATA 0 12, ID 20112
030.876 Deliver DATA 0, ID 20112
030.876 Slide RECV window, expect 1 next
030.876 Acked DATA 12, slide SEND window
030.876 Send DATA 4 0, ID 10116
031.145 Recv DATA 1 13, ID 20113
031.145 Deliver DATA 1, ID 20113
031.145 Slide RECV window, expect 2 next
031.145 Acked DATA 13, slide SEND window
031.145 Send DATA 5 1, ID 10117
031.177 Recv ACK  14
031.177 Acked DATA 14, slide SEND window
031.177 Send DATA 6 1, ID 10118
031.399 Recv DATA 2 15, ID 20114
031.399 Deliver DATA 2, ID 20114
031.399 Slide RECV window, expect 3 next
031.399 Acked DATA 15, slide SEND window
031.399 Send DATA 7 2, ID 10119
031.669 Recv DATA 3 0, ID 20115
031.669 Deliver DATA 3, ID 20115
031.669 Slide RECV window, expect 4 next
031.669 Acked DATA 0, slide SEND window
031.669 Send DATA 8 3, ID 10120
031.938 Recv DATA 4 0, ID 20116
031.938 Deliver DATA 4, ID 20116
031.938 Slide RECV window, expect 5 next
032.066 ---- ACK timeout
032.066 Send ACK  4
032.208 Recv DATA 5 1, ID 20117
032.208 Deliver DATA 5, ID 20117
032.208 Slide RECV window, expect 6 next
032.208 Acked DATA 1, slide SEND window
032.208 Send DATA 9 5, ID 10121
032.479 Recv DATA 6 2, ID 20118
032.479 Deliver DATA 6, ID 20118
032.479 Slide RECV window, expect 7 next
032.479 Acked DATA 2, slide SEND window
032.479 Send DATA 10 6, ID 10122
032.749 Recv DATA 7 3, ID 20119
032.749 Deliver DATA 7, ID 20119
032.749 .... 120 packets received, 7720 bps, 96.49%, Err 0 (0.0e+00)
032.749 Slide RECV window, expect 8 next
032.749 Acked DATA 3, slide SEND window
032.749 Send DATA 11 7, ID 10123
033.003 Recv DATA 8 4, ID 20120
033.003 Deliver DATA 8, ID 20120
033.003 Slide RECV window, expect 9 next
033.003 Acked DATA 4, slide SEND window
033.003 Send DATA 12 8, ID 10124
033.272 Recv DATA 9 5, ID 20121
033.273 Deliver DATA 9, ID 20121
033.273 Slide RECV window, expect 10 next
033.273 Acked DATA 5, slide SEND window
033.273 Send DATA 13 9, ID 10125
033.304 Recv ACK  6
033.304 Acked DATA 6, slide SEND window
033.304 Send DATA 14 9, ID 10126
033.542 Recv DATA 10 7, ID 20122
033.542 Deliver DATA 10, ID 20122
033.542 Slide RECV window, expect 11 next
033.542 Acked DATA 7, slide SEND window
033.542 Send DATA 15 10, ID 10127
033.796 Recv DATA 11 8, ID 20123
033.796 Deliver DATA 11, ID 20123
033.797 Slide RECV window, expect 12 next
033.797 Acked DATA 8, slide SEND window
033.797 Send DATA 0 11, ID 10128
034.067 Recv DATA 12 8, ID 20124
034.067 Deliver DATA 12, ID 20124
034.067 Slide RECV window, expect 13 next
034.194 ---- ACK timeout
034.194 Send ACK  12
034.336 Recv DATA 13 9, ID 20125
034.336 Deliver DATA 13, ID 20125
034.336 Slide RECV window, expect 14 next
034.336 Acked DATA 9, slide SEND window
034.336 Send DATA 1 13, ID 10129
034.574 Recv DATA 14 10, ID 20126
034.574 Deliver DATA 14, ID 20126
034.574 Slide RECV window, expect 15 next
034.574 Acked DATA 10, slide SEND window
034.574 Send DATA 2 14, ID 10130
034.844 Recv DATA 15 11, ID 20127
034.844 Deliver DATA 15, ID 20127
034.844 .... 128 packets received, 7726 bps, 96.57%, Err 0 (0.0e+00)
034.844 Slide RECV window, expect 0 next
034.844 Acked DATA 11, slide SEND window
034.844 Send DATA 3 15, ID 10131
035.114 Recv DATA 0 12, ID 20128
035.114 Deliver DATA 0, ID 20128
035.114 Slide RECV window, expect 1 next
035.114 Acked DATA 12, slide SEND window
035.114 Send DATA 4 0, ID 10132
035.384 Recv DATA 1 13, ID 20129
035.384 Deliver DATA 1, ID 20129
035.384 Slide RECV window, expect 2 next
035.384 Acked DATA 13, slide SEND window
035.384 Send DATA 5 1, ID 10133
035.415 Recv ACK  14
035.415 Acked DATA 14, slide SEND window
035.415 Send DATA 6 1, ID 10134
035.637 Recv DATA 2 15, ID 20130
035.637 Deliver DATA 2, ID 20130
035.637 Slide RECV window, expect 3 next
035.637 Acked DATA 15, slide SEND window
035.637 Send DATA 7 2, ID 10135
035.907 Recv DATA 3 0, ID 20131
035.907 Deliver DATA 3, ID 20131
035.907 Slide RECV window, expect 4 next
035.907 Acked DATA 0, slide SEND window
035.907 Send DATA 8 3, ID 10136
036.177 Recv DATA 4 0, ID 20132
036.177 Deliver DATA 4, ID 20132
036.177 Slide RECV window, expect 5 next
036.304 ---- ACK timeout
036.304 Send ACK  4
036.447 Recv DATA 5 1, ID 20133
036.447 Deliver DATA 5, ID 20133
036.447 Slide RECV window, expect 6 next
036.447 Acked DATA 1, slide SEND window
036.447 Send DATA 9 5, ID 10137
036.717 Recv DATA 6 2, ID 20134
036.717 Deliver DATA 6, ID 20134
036.717 Slide RECV window, expect 7 next
036.717 Acked DATA 2, slide SEND window
036.717 Send DATA 10 6, ID 10138
036.986 Recv DATA 7 3, ID 20135
036.986 Deliver DATA 7, ID 20135
036.986 .... 136 packets received, 7721 bps, 96.52%, Err 0 (0.0e+00)
036.986 Slide RECV window, expect 8 next
036.986 Acked DATA 3, slide SEND window
036.986 Send DATA 11 7, ID 10139
037.239 Recv DATA 8 4, ID 20136
037.239 Deliver DATA 8, ID 20136
037.239 Slide RECV window, expect 9 next
037.239 Acked DATA 4, slide SEND window
037.239 Send DATA 12 8, ID 10140
037.524 Recv DATA 9 5, ID 20137
037.524 Deliver DATA 9, ID 20137
037.524 Slide RECV window, expect 10 next
037.524 Acked DATA 5, slide SEND window
037.524 Send DATA 13 9, ID 10141
037.556 Recv ACK  6
037.556 Acked DATA 6, slide SEND window
037.556 Send DATA 14 9, ID 10142
037.794 Recv DATA 10 7, ID 20138
037.794 Deliver DATA 10, ID 20138
037.794 Slide RECV window, expect 11 next
037.794 Acked DATA 7, slide SEND window
037.795 Send DATA 15 10, ID 10143
038.049 Recv DATA 11 8, ID 20139
038.049 Deliver DATA 11, ID 20139
038.049 Slide RECV window, expect 12 next
038.049 Acked DATA 8, slide SEND window
038.049 Send DATA 0 11, ID 10144
038.301 Recv DATA 12 8, ID 20140
038.301 Deliver DATA 12, ID 20140
038.301 Slide RECV window, expect 13 next
038.429 ---- ACK timeout
038.429 Send ACK  12
038.572 Recv DATA 13 9, ID 20141
038.572 Deliver DATA 13, ID 20141
038.572 Slide RECV window, expect 14 next
038.572 Acked DATA 9, slide SEND window
038.572 Send DATA 1 13, ID 10145
038.842 Recv DATA 14 10, ID 20142
038.842 Deliver DATA 14, ID 20142
038.842 Slide RECV window, expect 15 next
038.842 Acked DATA 10, slide SEND window
038.842 Send DATA 2 14, ID 10146
039.080 Recv DATA 15 11, ID 20143
039.080 Deliver DATA 15, ID 20143
039.080 .... 144 packets received, 7727 bps, 96.59%, Err 0 (0.0e+00)
039.080 Slide RECV window, expect 0 next
039.080 Acked DATA 11, slide SEND window
039.080 Send DATA 3 15, ID 10147
039.349 Recv DATA 0 12, ID 20144
039.349 Deliver DATA 0, ID 20144
039.349 Slide RECV window, expect 1 next
039.349 Acked DATA 12, slide SEND window
039.349 Send DATA 4 0, ID 10148
039.619 Recv DATA 1 13, ID 20145
039.619 Deliver DATA 1, ID 20145
039.619 Slide RECV window, expect 2 next
039.619 Acked DATA 13, slide SEND window
039.619 Send DATA 5 1, ID 10149
039.651 Recv ACK  14
039.651 Acked DATA 14, slide SEND window
039.651 Send DATA 6 1, ID 10150
039.889 Recv DATA 2 15, ID 20146
039.889 Deliver DATA 2, ID 20146
039.889 Slide RECV window, expect 3 next
039.889 Acked DATA 15, slide SEND window
039.889 Send DATA 7 2, ID 10151
040.143 Recv DATA 3 0, ID 20147
040.143 Deliver DATA 3, ID 20147
040.143 Slide RECV window, expect 4 next
040.143 Acked DATA 0, slide SEND window
040.143 Send DATA 8 3, ID 10152
040.412 Recv DATA 4 0, ID 20148
040.412 Deliver DATA 4, ID 20148
040.412 Slide RECV window, expect 5 next
040.539 ---- ACK timeout
040.539 Send ACK  4
040.682 Recv DATA 5 1, ID 20149
040.682 Deliver DATA 5, ID 20149
040.682 Slide RECV window, expect 6 next
040.682 Acked DATA 1, slide SEND window
040.682 Send DATA 9 5, ID 10153
040.951 Recv DATA 6 2, ID 20150
040.951 Deliver DATA 6, ID 20150
040.951 Slide RECV window, expect 7 next
040.951 Acked DATA 2, slide SEND window
040.951 Send DATA 10 6, ID 10154
041.220 Recv DATA 7 3, ID 20151
041.220 Deliver DATA 7, ID 20151
041.220 .... 152 packets received, 7723 bps, 96.54%, Err 0 (0.0e+00)
041.220 Slide RECV window, expect 8 next
041.220 Acked DATA 3, slide SEND window
041.220 Send DATA 11 7, ID 10155
041.475 Recv DATA 8 4, ID 20152
041.475 Deliver DATA 8, ID 20152
041.475 Slide RECV window, expect 9 next
041.475 Acked DATA 4, slide SEND window
041.475 Send DATA 12 8, ID 10156
041.729 Recv DATA 9 5, ID 20153
041.729 Deliver DATA 9, ID 20153
041.729 Slide RECV window, expect 10 next
041.729 Acked DATA 5, slide SEND window
041.729 Send DATA 13 9, ID 10157
041.745 Recv ACK  6
041.745 Acked DATA 6, slide SEND window
041.745 Send DATA 14 9, ID 10158
041.998 Recv DATA 10 7, ID 20154
041.998 Deliver DATA 10, ID 20154
041.998 Slide RECV window, expect 11 next
041.998 Acked DATA 7, slide SEND window
041.999 Send DATA 15 10, ID 10159
042.267 Recv DATA 11 8, ID 20155
042.267 Deliver DATA 11, ID 20155
042.267 Slide RECV window, expect 12 next
042.267 Acked DATA 8, slide SEND window
042.267 Send DATA 0 11, ID 10160
042.538 Recv DATA 12 8, ID 20156
042.538 Deliver DATA 12, ID 20156
042.538 Slide RECV window, expect 13 next
042.665 ---- ACK timeout
042.665 Send ACK  12
042.791 Recv DATA 13 9, ID 20157
042.791 Deliver DATA 13, ID 20157
042.791 Slide RECV window, expect 14 next
042.791 Acked DATA 9, slide SEND window
042.791 Send DATA 1 13, ID 10161
043.094 Recv DATA 14 10, ID 20158
043.094 Deliver DATA 14, ID 20158
043.094 Slide RECV window, expect 15 next
043.094 Acked DATA 10, slide SEND window
043.094 Send DATA 2 14, ID 10162
043.316 Recv DATA 15 11, ID 20159
043.316 Deliver DATA 15, ID 20159
043.316 .... 160 packets received, 7728 bps, 96.60%, Err 0 (0.0e+00)
043.316 Slide RECV window, expect 0 next
043.316 Acked DATA 11, slide SEND window
043.316 Send DATA 3 15, ID 10163
043.585 Recv DATA 0 12, ID 20160
043.585 Deliver DATA 0, ID 20160
043.585 Slide RECV window, expect 1 next
043.585 Acked DATA 12, slide SEND window
043.585 Send DATA 4 0, ID 10164
043.855 Recv DATA 1 13, ID 20161
043.855 Deliver DATA 1, ID 20161
043.855 Slide RECV window, expect 2 next
043.855 Acked DATA 13, slide SEND window
043.855 Send DATA 5 1, ID 10165
043.886 Recv ACK  14
043.886 Acked DATA 14, slide SEND window
043.887 Send DATA 6 1, ID 10166
044.124 Recv DATA 2 15, ID 20162
044.124 Deliver DATA 2, ID 20162
044.124 Slide RECV window, expect 3 next
044.124 Acked DATA 15, slide SEND window
044.124 Send DATA 7 2, ID 10167
044.377 Recv DATA 3 0, ID 20163
044.377 Deliver DATA 3, ID 20163
044.378 Slide RECV window, expect 4 next
044.378 Acked DATA 0, slide SEND window
044.378 Send DATA 8 3, ID 10168
044.648 Recv DATA 4 0, ID 20164
044.648 Deliver DATA 4, ID 20164
044.648 Slide RECV window, expect 5 next
044.774 ---- ACK timeout
044.777 Send ACK  4
044.949 Recv DATA 5 1, ID 20165
044.949 Deliver DATA 5, ID 20165
044.949 Slide RECV window, expect 6 next
044.949 Acked DATA 1, slide SEND window
044.949 Send DATA 9 5, ID 10169
045.170 Recv DATA 6 2, ID 20166
045.170 Deliver DATA 6, ID 20166
045.170 Slide RECV window, expect 7 next
045.170 Acked DATA 2, slide SEND window
045.170 Send DATA 10 6, ID 10170
045.440 Recv DATA 7 3, ID 20167
045.440 Deliver DATA 7, ID 20167
045.440 .... 168 packets received, 7727 bps, 96.59%, Err 0 (0.0e+00)
045.440 Slide RECV window, expect 8 next
045.440 Acked DATA 3, slide SEND window
045.440 Send DATA 11 7, ID 10171
045.708 Recv DATA 8 4, ID 20168
045.708 Deliver DATA 8, ID 20168
045.708 Slide RECV window, expect 9 next
045.708 Acked DATA 4, slide SEND window
045.708 Send DATA 12 8, ID 10172
045.979 Recv DATA 9 5, ID 20169
045.979 Deliver DATA 9, ID 20169
045.979 Slide RECV window, expect 10 next
045.979 Acked DATA 5, slide SEND window
045.979 Send DATA 13 9, ID 10173
046.010 Recv ACK  6
046.010 Acked DATA 6, slide SEND window
046.010 Send DATA 14 9, ID 10174
046.249 Recv DATA 10 7, ID 20170
046.249 Deliver DATA 10, ID 20170
046.249 Slide RECV window, expect 11 next
046.249 Acked DATA 7, slide SEND window
046.249 Send DATA 15 10, ID 10175
046.519 Recv DATA 11 8, ID 20171
046.519 Deliver DATA 11, ID 20171
046.519 Slide RECV window, expect 12 next
046.519 Acked DATA 8, slide SEND window
046.519 Send DATA 0 11, ID 10176
046.773 Recv DATA 12 8, ID 20172
046.773 Deliver DATA 12, ID 20172
046.773 Slide RECV window, expect 13 next
046.900 ---- ACK timeout
046.900 Send ACK  12
047.043 Recv DATA 13 9, ID 20173
047.043 Deliver DATA 13, ID 20173
047.044 Slide RECV window, expect 14 next
047.044 Acked DATA 9, slide SEND window
047.044 Send DATA 1 13, ID 10177
047.314 Recv DATA 14 10, ID 20174
047.314 Deliver DATA 14, ID 20174
047.314 Slide RECV window, expect 15 next
047.314 Acked DATA 10, slide SEND window
047.314 Send DATA 2 14, ID 10178
047.568 Recv DATA 15 11, ID 20175
047.568 Deliver DATA 15, ID 20175
047.568 .... 176 packets received, 7726 bps, 96.57%, Err 0 (0.0e+00)
047.568 Slide RECV window, expect 0 next
047.568 Acked DATA 11, slide SEND window
047.568 Send DATA 3 15, ID 10179
047.821 Recv DATA 0 12, ID 20176
047.821 Deliver DATA 0, ID 20176
047.821 Slide RECV window, expect 1 next
047.821 Acked DATA 12, slide SEND window
047.821 Send DATA 4 0, ID 10180
048.109 Recv DATA 1 13, ID 20177
048.109 Deliver DATA 1, ID 20177
048.109 Slide RECV window, expect 2 next
048.109 Acked DATA 13, slide SEND window
048.110 Send DATA 5 1, ID 10181
048.125 Recv ACK  14
048.125 Acked DATA 14, slide SEND window
048.125 Send DATA 6 1, ID 10182
048.379 Recv DATA 2 15, ID 20178
048.380 Deliver DATA 2, ID 20178
048.380 Slide RECV window, expect 3 next
048.380 Acked DATA 15, slide SEND window
048.380 Send DATA 7 2, ID 10183
048.634 Recv DATA 3 0, ID 20179
048.634 Deliver DATA 3, ID 20179
048.634 Slide RECV window, expect 4 next
048.634 Acked DATA 0, slide SEND window
048.634 Send DATA 8 3, ID 10184
048.905 Recv DATA 4 0, ID 20180
048.905 Deliver DATA 4, ID 20180
048.905 Slide RECV window, expect 5 next
049.032 ---- ACK timeout
049.032 Send ACK  4
049.159 Recv DATA 5 1, ID 20181
049.159 Deliver DATA 5, ID 20181
049.159 Slide RECV window, expect 6 next
049.159 Acked DATA 1, slide SEND window
049.159 Send DATA 9 5, ID 10185
049.413 Recv DATA 6 2, ID 20182
049.413 Deliver DATA 6, ID 20182
049.413 Slide RECV window, expect 7 next
049.413 Acked DATA 2, slide SEND window
049.413 Send DATA 10 6, ID 10186
049.682 Recv DATA 7 3, ID 20183
049.682 Deliver DATA 7, ID 20183
049.682 .... 184 packets received, 7727 bps, 96.59%, Err 0 (0.0e+00)
049.682 Slide RECV window, expect 8 next
049.682 Acked DATA 3, slide SEND window
049.683 Send DATA 11 7, ID 10187
049.953 Recv DATA 8 4, ID 20184
049.953 Deliver DATA 8, ID 20184
049.953 Slide RECV window, expect 9 next
049.953 Acked DATA 4, slide SEND window
049.953 Send DATA 12 8, ID 10188
050.222 Recv DATA 9 5, ID 20185
050.222 Deliver DATA 9, ID 20185
050.222 Slide RECV window, expect 10 next
050.222 Acked DATA 5, slide SEND window
050.224 Send DATA 13 9, ID 10189
050.253 Recv ACK  6
050.253 Acked DATA 6, slide SEND window
050.254 Send DATA 14 9, ID 10190
050.491 Recv DATA 10 7, ID 20186
050.491 Deliver DATA 10, ID 20186
050.491 Slide RECV window, expect 11 next
050.492 Acked DATA 7, slide SEND window
050.492 Send DATA 15 10, ID 10191
050.745 Recv DATA 11 8, ID 20187
050.745 Deliver DATA 11, ID 20187
050.745 Slide RECV window, expect 12 next
050.745 Acked DATA 8, slide SEND window
050.745 Send DATA 0 11, ID 10192
050.998 Recv DATA 12 8, ID 20188
050.998 Deliver DATA 12, ID 20188
050.998 Slide RECV window, expect 13 next
051.125 ---- ACK timeout
051.125 Send ACK  12
051.299 Recv DATA 13 9, ID 20189
051.299 Deliver DATA 13, ID 20189
051.299 Slide RECV window, expect 14 next
051.299 Acked DATA 9, slide SEND window
051.299 Send DATA 1 13, ID 10193
051.554 Recv DATA 14 10, ID 20190
051.554 Deliver DATA 14, ID 20190
051.554 Slide RECV window, expect 15 next
051.554 Acked DATA 10, slide SEND window
051.554 Send DATA 2 14, ID 10194
051.792 Recv DATA 15 11, ID 20191
051.792 Deliver DATA 15, ID 20191
051.792 .... 192 packets received, 7728 bps, 96.61%, Err 0 (0.0e+00)
051.792 Slide RECV window, expect 0 next
051.792 Acked DATA 11, slide SEND window
051.792 Send DATA 3 15, ID 10195
052.062 Recv DATA 0 12, ID 20192
052.062 Deliver DATA 0, ID 20192
052.062 Slide RECV window, expect 1 next
052.062 Acked DATA 12, slide SEND window
052.062 Send DATA 4 0, ID 10196
052.331 Recv DATA 1 13, ID 20193
052.331 Deliver DATA 1, ID 20193
052.331 Slide RECV window, expect 2 next
052.331 Acked DATA 13, slide SEND window
052.331 Send DATA 5 1, ID 10197
052.362 Recv ACK  14
052.362 Acked DATA 14, slide SEND window
052.362 Send DATA 6 1, ID 10198
052.600 Recv DATA 2 15, ID 20194
052.600 Deliver DATA 2, ID 20194
052.600 Slide RECV window, expect 3 next
052.600 Acked DATA 15, slide SEND window
052.600 Send DATA 7 2, ID 10199
052.870 Recv DATA 3 0, ID 20195
052.870 Deliver DATA 3, ID 20195
052.870 Slide RECV window, expect 4 next
052.870 Acked DATA 0, slide SEND window
052.870 Send DATA 8 3, ID 10200
053.138 Recv DATA 4 0, ID 20196
053.139 Deliver DATA 4, ID 20196
053.139 Slide RECV window, expect 5 next
053.266 ---- ACK timeout
053.266 Send ACK  4
053.393 Recv DATA 5 1, ID 20197
053.393 Deliver DATA 5, ID 20197
053.393 Slide RECV window, expect 6 next
053.393 Acked DATA 1, slide SEND window
053.394 Send DATA 9 5, ID 10201
053.661 Recv DATA 6 2, ID 20198
053.661 Deliver DATA 6, ID 20198
053.661 Slide RECV window, expect 7 next
053.661 Acked DATA 2, slide SEND window
053.661 Send DATA 10 6, ID 10202
053.929 Recv DATA 7 3, ID 20199
053.929 Deliver DATA 7, ID 20199
053.929 .... 200 packets received, 7726 bps, 96.57%, Err 0 (0.0e+00)
053.929 Slide RECV window, expect 8 next
053.929 Acked DATA 3, slide SEND window
053.929 Send DATA 11 7, ID 10203
054.183 Recv DATA 8 4, ID 20200
054.184 Deliver DATA 8, ID 20200
054.184 Slide RECV window, expect 9 next
054.184 Acked DATA 4, slide SEND window
054.184 Send DATA 12 8, ID 10204
054.453 Recv DATA 9 5, ID 20201
054.453 Deliver DATA 9, ID 20201
054.453 Slide RECV window, expect 10 next
054.453 Acked DATA 5, slide SEND window
054.453 Send DATA 13 9, ID 10205
054.485 Recv ACK  6
054.485 Acked DATA 6, slide SEND window
054.485 Send DATA 14 9, ID 10206
054.723 Recv DATA 10 7, ID 20202
054.723 Deliver DATA 10, ID 20202
054.723 Slide RECV window, expect 11 next
054.723 Acked DATA 7, slide SEND window
054.723 Send DATA 15 10, ID 10207
054.976 Recv DATA 11 8, ID 20203
054.976 Deliver DATA 11, ID 20203
054.976 Slide RECV window, expect 12 next
054.976 Acked DATA 8, slide SEND window
054.976 Send DATA 0 11, ID 10208
055.247 Recv DATA 12 8, ID 20204
055.247 Deliver DATA 12, ID 20204
055.247 Slide RECV window, expect 13 next
055.374 ---- ACK timeout
055.374 Send ACK  12
055.500 Recv DATA 13 9, ID 20205
055.500 Deliver DATA 13, ID 20205
055.500 Slide RECV window, expect 14 next
055.500 Acked DATA 9, slide SEND window
055.501 Send DATA 1 13, ID 10209
055.770 Recv DATA 14 10, ID 20206
055.770 Deliver DATA 14, ID 20206
055.770 Slide RECV window, expect 15 next
055.772 Acked DATA 10, slide SEND window
055.772 Send DATA 2 14, ID 10210
056.072 Recv DATA 15 11, ID 20207
056.072 Deliver DATA 15, ID 20207
056.072 .... 208 packets received, 7723 bps, 96.54%, Err 0 (0.0e+00)
056.072 Slide RECV window, expect 0 next
056.072 Acked DATA 11, slide SEND window
056.072 Send DATA 3 15, ID 10211
056.310 Recv DATA 0 12, ID 20208
056.310 Deliver DATA 0, ID 20208
056.310 Slide RECV window, expect 1 next
056.310 Acked DATA 12, slide SEND window
056.311 Send DATA 4 0, ID 10212
056.565 Recv DATA 1 13, ID 20209
056.565 Deliver DATA 1, ID 20209
056.565 Slide RECV window, expect 2 next
056.565 Acked DATA 13, slide SEND window
056.565 Send DATA 5 1, ID 10213
056.580 Recv ACK  14
056.580 Acked DATA 14, slide SEND window
056.580 Send DATA 6 1, ID 10214
056.835 Recv DATA 2 15, ID 20210
056.835 Deliver DATA 2, ID 20210
056.835 Slide RECV window, expect 3 next
056.835 Acked DATA 15, slide SEND window
056.835 Send DATA 7 2, ID 10215
057.105 Recv DATA 3 0, ID 20211
057.105 Deliver DATA 3, ID 20211
057.105 Slide RECV window, expect 4 next
057.105 Acked DATA 0, slide SEND window
057.105 Send DATA 8 3, ID 10216
057.359 Recv DATA 4 0, ID 20212
057.359 Deliver DATA 4, ID 20212
057.359 Slide RECV window, expect 5 next
057.486 ---- ACK timeout
057.486 Send ACK  4
057.629 Recv DATA 5 1, ID 20213
057.629 Deliver DATA 5, ID 20213
057.629 Slide RECV window, expect 6 next
057.629 Acked DATA 1, slide SEND window
057.629 Send DATA 9 5, ID 10217
057.899 Recv DATA 6 2, ID 20214
057.899 Deliver DATA 6, ID 20214
057.899 Slide RECV window, expect 7 next
057.899 Acked DATA 2, slide SEND window
057.899 Send DATA 10 6, ID 10218
058.152 Recv DATA 7 3, ID 20215
058.152 Deliver DATA 7, ID 20215
058.152 .... 216 packets received, 7728 bps, 96.61%, Err 0 (0.0e+00)
058.152 Slide RECV window, expect 8 next
058.152 Acked DATA 3, slide SEND window
058.153 Send DATA 11 7, ID 10219
058.422 Recv DATA 8 4, ID 20216
058.423 Deliver DATA 8, ID 20216
058.423 Slide RECV window, expect 9 next
058.423 Acked DATA 4, slide SEND window
058.423 Send DATA 12 8, ID 10220
058.691 Recv DATA 9 5, ID 20217
058.691 Deliver DATA 9, ID 20217
058.691 Slide RECV window, expect 10 next
058.691 Acked DATA 5, slide SEND window
058.691 Send DATA 13 9, ID 10221
058.723 Recv ACK  6
058.723 Acked DATA 6, slide SEND window
058.723 Send DATA 14 9, ID 10222
058.960 Recv DATA 10 7, ID 20218
058.960 Deliver DATA 10, ID 20218
058.960 Slide RECV window, expect 11 next
058.960 Acked DATA 7, slide SEND window
058.960 Send DATA 15 10, ID 10223
059.214 Recv DATA 11 8, ID 20219
059.214 Deliver DATA 11, ID 20219
059.214 Slide RECV window, expect 12 next
059.214 Acked DATA 8, slide SEND window
059.214 Send DATA 0 11, ID 10224
059.484 Recv DATA 12 8, ID 20220
059.484 Deliver DATA 12, ID 20220
059.484 Slide RECV window, expect 13 next
059.611 ---- ACK timeout
059.611 Send ACK  12
059.754 Recv DATA 13 9, ID 20221
059.754 Deliver DATA 13, ID 20221
059.754 Slide RECV window, expect 14 next
059.754 Acked DATA 9, slide SEND window
059.754 Send DATA 1 13, ID 10225
060.023 Recv DATA 14 10, ID 20222
060.023 Deliver DATA 14, ID 20222
060.023 Slide RECV window, expect 15 next
060.023 Acked DATA 10, slide SEND window
060.023 Send DATA 2 14, ID 10226
060.278 Recv DATA 15 11, ID 20223
060.278 Deliver DATA 15, ID 20223
060.278 .... 224 packets received, 7728 bps, 96.60%, Err 0 (0.0e+00)
060.278 Slide RECV window, expect 0 next
060.278 Acked DATA 11, slide SEND window
060.278 Send DATA 3 15, ID 10227
060.547 Recv DATA 0 12, ID 20224
060.547 Deliver DATA 0, ID 20224
060.547 Slide RECV window, expect 1 next
060.547 Acked DATA 12, slide SEND window
060.547 Send DATA 4 0, ID 10228
060.816 Recv DATA 1 13, ID 20225
060.816 Deliver DATA 1, ID 20225
060.816 Slide RECV window, expect 2 next
060.816 Acked DATA 13, slide SEND window
060.816 Send DATA 5 1, ID 10229
060.848 Recv ACK  14
060.848 Acked DATA 14, slide SEND window
060.848 Send DATA 6 1, ID 10230
061.087 Recv DATA 2 15, ID 20226
061.087 Deliver DATA 2, ID 20226
061.087 Slide RECV window, expect 3 next
061.087 Acked DATA 15, slide SEND window
061.089 Send DATA 7 2, ID 10231
061.357 Recv DATA 3 0, ID 20227
061.357 Deliver DATA 3, ID 20227
061.357 Slide RECV window, expect 4 next
061.357 Acked DATA 0, slide SEND window
061.357 Send DATA 8 3, ID 10232
061.611 Recv DATA 4 0, ID 20228
061.611 Deliver DATA 4, ID 20228
061.611 Slide RECV window, expect 5 next
061.739 ---- ACK timeout
061.739 Send ACK  4
061.881 Recv DATA 5 1, ID 20229
061.881 Deliver DATA 5, ID 20229
061.881 Slide RECV window, expect 6 next
061.881 Acked DATA 1, slide SEND window
061.881 Send DATA 9 5, ID 10233
062.152 Recv DATA 6 2, ID 20230
062.152 Deliver DATA 6, ID 20230
062.152 Slide RECV window, expect 7 next
062.152 Acked DATA 2, slide SEND window
062.152 Send DATA 10 6, ID 10234
062.405 Recv DATA 7 3, ID 20231
062.405 Deliver DATA 7, ID 20231
062.405 .... 232 packets received, 7727 bps, 96.58%, Err 0 (0.0e+00)
062.405 Slide RECV window, expect 8 next
062.405 Acked DATA 3, slide SEND window
062.406 Send DATA 11 7, ID 10235
062.659 Recv DATA 8 4, ID 20232
062.659 Deliver DATA 8, ID 20232
062.659 Slide RECV window, expect 9 next
062.659 Acked DATA 4, slide SEND window
062.659 Send DATA 12 8, ID 10236
062.928 Recv DATA 9 5, ID 20233
062.928 Deliver DATA 9, ID 20233
062.928 Slide RECV window, expect 10 next
062.928 Acked DATA 5, slide SEND window
062.928 Send DATA 13 9, ID 10237
062.960 Recv ACK  6
062.960 Acked DATA 6, slide SEND window
062.960 Send DATA 14 9, ID 10238
063.198 Recv DATA 10 7, ID 20234
063.198 Deliver DATA 10, ID 20234
063.198 Slide RECV window, expect 11 next
063.198 Acked DATA 7, slide SEND window
063.198 Send DATA 15 10, ID 10239
063.468 Recv DATA 11 8, ID 20235
063.468 Deliver DATA 11, ID 20235
063.468 Slide RECV window, expect 12 next
063.468 Acked DATA 8, slide SEND window
063.468 Send DATA 0 11, ID 10240
063.722 Recv DATA 12 8, ID 20236
063.722 Deliver DATA 12, ID 20236
063.722 Slide RECV window, expect 13 next
063.849 ---- ACK timeout
063.849 Send ACK  12
063.993 Recv DATA 13 9, ID 20237
063.993 Deliver DATA 13, ID 20237
063.993 Slide RECV window, expect 14 next
063.993 Acked DATA 9, slide SEND window
063.993 Send DATA 1 13, ID 10241
064.262 Recv DATA 14 10, ID 20238
064.262 Deliver DATA 14, ID 20238
064.262 Slide RECV window, expect 15 next
064.262 Acked DATA 10, slide SEND window
064.262 Send DATA 2 14, ID 10242
064.547 Recv DATA 15 11, ID 20239
064.547 Deliver DATA 15, ID 20239
064.547 .... 240 packets received, 7724 bps, 96.55%, Err 0 (0.0e+00)
064.547 Slide RECV window, expect 0 next
064.547 Acked DATA 11, slide SEND window
064.547 Send DATA 3 15, ID 10243
064.769 Recv DATA 0 12, ID 20240
064.769 Deliver DATA 0, ID 20240
064.769 Slide RECV window, expect 1 next
064.769 Acked DATA 12, slide SEND window
064.769 Send DATA 4 0, ID 10244
065.039 Recv DATA 1 13, ID 20241
065.039 Deliver DATA 1, ID 20241
065.039 Slide RECV window, expect 2 next
065.039 Acked DATA 13, slide SEND window
065.039 Send DATA 5 1, ID 10245
065.070 Recv ACK  14
065.071 Acked DATA 14, slide SEND window
065.071 Send DATA 6 1, ID 10246
065.309 Recv DATA 2 15, ID 20242
065.309 Deliver DATA 2, ID 20242
065.309 Slide RECV window, expect 3 next
065.309 Acked DATA 15, slide SEND window
065.309 Send DATA 7 2, ID 10247
065.578 Recv DATA 3 0, ID 20243
065.578 Deliver DATA 3, ID 20243
065.578 Slide RECV window, expect 4 next
065.578 Acked DATA 0, slide SEND window
065.578 Send DATA 8 3, ID 10248
065.847 Recv DATA 4 0, ID 20244
065.847 Deliver DATA 4, ID 20244
065.847 Slide RECV window, expect 5 next
065.975 ---- ACK timeout
065.975 Send ACK  4
066.103 Recv DATA 5 1, ID 20245
066.103 Deliver DATA 5, ID 20245
066.103 Slide RECV window, expect 6 next
066.103 Acked DATA 1, slide SEND window
066.103 Send DATA 9 5, ID 10249
066.373 Recv DATA 6 2, ID 20246
066.373 Deliver DATA 6, ID 20246
066.373 Slide RECV window, expect 7 next
066.373 Acked DATA 2, slide SEND window
066.373 Send DATA 10 6, ID 10250
066.642 Recv DATA 7 3, ID 20247
066.642 Deliver DATA 7, ID 20247
066.643 .... 248 packets received, 7727 bps, 96.59%, Err 0 (0.0e+00)
066.643 Slide RECV window, expect 8 next
066.643 Acked DATA 3, slide SEND window
066.644 Send DATA 11 7, ID 10251
066.896 Recv DATA 8 4, ID 20248
066.896 Deliver DATA 8, ID 20248
066.896 Slide RECV window, expect 9 next
066.896 Acked DATA 4, slide SEND window
066.896 Send DATA 12 8, ID 10252
067.166 Recv DATA 9 5, ID 20249
067.166 Deliver DATA 9, ID 20249
067.166 Slide RECV window, expect 10 next
067.166 Acked DATA 5, slide SEND window
067.167 Send DATA 13 9, ID 10253
067.198 Recv ACK  6
067.198 Acked DATA 6, slide SEND window
067.198 Send DATA 14 9, ID 10254
067.436 Recv DATA 10 7, ID 20250
067.436 Deliver DATA 10, ID 20250
067.436 Slide RECV window, expect 11 next
067.436 Acked DATA 7, slide SEND window
067.436 Send DATA 15 10, ID 10255
067.691 Recv DATA 11 8, ID 20251
067.691 Deliver DATA 11, ID 20251
067.691 Slide RECV window, expect 12 next
067.691 Acked DATA 8, slide SEND window
067.691 Send DATA 0 11, ID 10256
067.976 Recv DATA 12 8, ID 20252
067.976 Deliver DATA 12, ID 20252
067.976 Slide RECV window, expect 13 next
068.102 ---- ACK timeout
068.103 Send ACK  12
068.213 Recv DATA 13 9, ID 20253
068.213 Deliver DATA 13, ID 20253
068.213 Slide RECV window, expect 14 next
068.213 Acked DATA 9, slide SEND window
068.213 Send DATA 1 13, ID 10257
068.482 Recv DATA 14 10, ID 20254
068.482 Deliver DATA 14, ID 20254
068.482 Slide RECV window, expect 15 next
068.482 Acked DATA 10, slide SEND window
068.483 Send DATA 2 14, ID 10258
068.768 Recv DATA 15 11, ID 20255
068.768 Deliver DATA 15, ID 20255
068.768 .... 256 packets received, 7727 bps, 96.58%, Err 0 (0.0e+00)
068.768 Slide RECV window, expect 0 next
068.768 Acked DATA 11, slide SEND window
068.768 Send DATA 3 15, ID 10259
069.022 Recv DATA 0 12, ID 20256
069.022 Deliver DATA 0, ID 20256
069.022 Slide RECV window, expect 1 next
069.022 Acked DATA 12, slide SEND window
069.022 Send DATA 4 0, ID 10260
069.290 Recv DATA 1 13, ID 20257
069.291 Deliver DATA 1, ID 20257
069.291 Slide RECV window, expect 2 next
069.291 Acked DATA 13, slide SEND window
069.291 Send DATA 5 1, ID 10261
069.322 Recv ACK  14
069.322 Acked DATA 14, slide SEND window
069.322 Send DATA 6 1, ID 10262
069.544 Recv DATA 2 15, ID 20258
069.544 Deliver DATA 2, ID 20258
069.544 Slide RECV window, expect 3 next
069.544 Acked DATA 15, slide SEND window
069.545 Send DATA 7 2, ID 10263
069.812 Recv DATA 3 0, ID 20259
069.812 Deliver DATA 3, ID 20259
069.812 Slide RECV window, expect 4 next
069.812 Acked DATA 0, slide SEND window
069.812 Send DATA 8 3, ID 10264
070.082 Recv DATA 4 0, ID 20260
070.082 Deliver DATA 4, ID 20260
070.082 Slide RECV window, expect 5 next
070.209 ---- ACK timeout
070.209 Send ACK  4
070.351 Recv DATA 5 1, ID 20261
070.351 Deliver DATA 5, ID 20261
070.351 Slide RECV window, expect 6 next
070.351 Acked DATA 1, slide SEND window
070.351 Send DATA 9 5, ID 10265
070.605 Recv DATA 6 2, ID 20262
070.605 Deliver DATA 6, ID 20262
070.605 Slide RECV window, expect 7 next
070.605 Acked DATA 2, slide SEND window
070.606 Send DATA 10 6, ID 10266
070.876 Recv DATA 7 3, ID 20263
070.876 Deliver DATA 7, ID 20263
070.876 .... 264 packets received, 7728 bps, 96.60%, Err 0 (0.0e+00)
070.876 Slide RECV window, expect 8 next
070.876 Acked DATA 3, slide SEND window
070.876 Send DATA 11 7, ID 10267
071.129 Recv DATA 8 4, ID 20264
071.129 Deliver DATA 8, ID 20264
071.129 Slide RECV window, expect 9 next
071.129 Acked DATA 4, slide SEND window
071.130 Send DATA 12 8, ID 10268
071.398 Recv DATA 9 5, ID 20265
071.398 Deliver DATA 9, ID 20265
071.399 Slide RECV window, expect 10 next
071.399 Acked DATA 5, slide SEND window
071.399 Send DATA 13 9, ID 10269
071.430 Recv ACK  6
071.430 Acked DATA 6, slide SEND window
071.430 Send DATA 14 9, ID 10270
071.668 Recv DATA 10 7, ID 20266
071.668 Deliver DATA 10, ID 20266
071.668 Slide RECV window, expect 11 next
071.668 Acked DATA 7, slide SEND window
071.669 Send DATA 15 10, ID 10271
071.939 Recv DATA 11 8, ID 20267
071.939 Deliver DATA 11, ID 20267
071.939 Slide RECV window, expect 12 next
071.939 Acked DATA 8, slide SEND window
071.939 Send DATA 0 11, ID 10272
072.194 Recv DATA 12 8, ID 20268
072.194 Deliver DATA 12, ID 20268
072.194 Slide RECV window, expect 13 next
072.321 ---- ACK timeout
072.321 Send ACK  12
072.464 Recv DATA 13 9, ID 20269
072.464 Deliver DATA 13, ID 20269
072.464 Slide RECV window, expect 14 next
072.464 Acked DATA 9, slide SEND window
072.464 Send DATA 1 13, ID 10273
072.718 Recv DATA 14 10, ID 20270
072.718 Deliver DATA 14, ID 20270
072.718 Slide RECV window, expect 15 next
072.718 Acked DATA 10, slide SEND window
072.718 Send DATA 2 14, ID 10274
072.988 Recv DATA 15 11, ID 20271
072.988 Deliver DATA 15, ID 20271
072.988 .... 272 packets received, 7729 bps, 96.61%, Err 0 (0.0e+00)
072.988 Slide RECV window, expect 0 next
072.988 Acked DATA 11, slide SEND window
072.988 Send DATA 3 15, ID 10275
073.257 Recv DATA 0 12, ID 20272
073.257 Deliver DATA 0, ID 20272
073.257 Slide RECV window, expect 1 next
073.257 Acked DATA 12, slide SEND window
073.257 Send DATA 4 0, ID 10276
073.510 Recv DATA 1 13, ID 20273
073.510 Deliver DATA 1, ID 20273
073.510 Slide RECV window, expect 2 next
073.510 Acked DATA 13, slide SEND window
073.511 Send DATA 5 1, ID 10277
073.526 Recv ACK  14
073.526 Acked DATA 14, slide SEND window
073.527 Send DATA 6 1, ID 10278
073.780 Recv DATA 2 15, ID 20274
073.780 Deliver DATA 2, ID 20274
073.780 Slide RECV window, expect 3 next
073.780 Acked DATA 15, slide SEND window
073.780 Send DATA 7 2, ID 10279
074.051 Recv DATA 3 0, ID 20275
074.051 Deliver DATA 3, ID 20275
074.051 Slide RECV window, expect 4 next
074.051 Acked DATA 0, slide SEND window
074.051 Send DATA 8 3, ID 10280
074.320 Recv DATA 4 0, ID 20276
074.320 Deliver DATA 4, ID 20276
074.320 Slide RECV window, expect 5 next
074.448 ---- ACK timeout
074.448 Send ACK  4
074.590 Recv DATA 5 1, ID 20277
074.590 Deliver DATA 5, ID 20277
074.591 Slide RECV window, expect 6 next
074.591 Acked DATA 1, slide SEND window
074.591 Send DATA 9 5, ID 10281
074.846 Recv DATA 6 2, ID 20278
074.846 Deliver DATA 6, ID 20278
074.846 Slide RECV window, expect 7 next
074.846 Acked DATA 2, slide SEND window
074.846 Send DATA 10 6, ID 10282
075.115 Recv DATA 7 3, ID 20279
075.115 Deliver DATA 7, ID 20279
075.115 .... 280 packets received, 7728 bps, 96.60%, Err 0 (0.0e+00)
075.115 Slide RECV window, expect 8 next
075.115 Acked DATA 3, slide SEND window
075.115 Send DATA 11 7, ID 10283
075.384 Recv DATA 8 4, ID 20280
075.384 Deliver DATA 8, ID 20280
075.384 Slide RECV window, expect 9 next
075.384 Acked DATA 4, slide SEND window
075.384 Send DATA 12 8, ID 10284
075.638 Recv DATA 9 5, ID 20281
075.638 Deliver DATA 9, ID 20281
075.638 Slide RECV window, expect 10 next
075.638 Acked DATA 5, slide SEND window
075.638 Send DATA 13 9, ID 10285
075.653 Recv ACK  6
075.654 Acked DATA 6, slide SEND window
075.654 Send DATA 14 9, ID 10286
075.908 Recv DATA 10 7, ID 20282
075.908 Deliver DATA 10, ID 20282
075.908 Slide RECV window, expect 11 next
075.908 Acked DATA 7, slide SEND window
075.908 Send DATA 15 10, ID 10287
076.177 Recv DATA 11 8, ID 20283
076.177 Deliver DATA 11, ID 20283
076.177 Slide RECV window, expect 12 next
076.177 Acked DATA 8, slide SEND window
076.177 Send DATA 0 11, ID 10288
076.447 Recv DATA 12 8, ID 20284
076.447 Deliver DATA 12, ID 20284
076.447 Slide RECV window, expect 13 next
076.575 ---- ACK timeout
076.575 Send ACK  12
076.702 Recv DATA 13 9, ID 20285
076.702 Deliver DATA 13, ID 20285
076.702 Slide RECV window, expect 14 next
076.702 Acked DATA 9, slide SEND window
076.702 Send DATA 1 13, ID 10289
076.972 Recv DATA 14 10, ID 20286
076.972 Deliver DATA 14, ID 20286
076.972 Slide RECV window, expect 15 next
076.972 Acked DATA 10, slide SEND window
076.972 Send DATA 2 14, ID 10290
077.243 Recv DATA 15 11, ID 20287
077.243 Deliver DATA 15, ID 20287
077.243 .... 288 packets received, 7727 bps, 96.59%, Err 0 (0.0e+00)
077.243 Slide RECV window, expect 0 next
077.243 Acked DATA 11, slide SEND window
077.243 Send DATA 3 15, ID 10291
077.514 Recv DATA 0 12, ID 20288
077.514 Deliver DATA 0, ID 20288
077.514 Slide RECV window, expect 1 next
077.514 Acked DATA 12, slide SEND window
077.514 Send DATA 4 0, ID 10292
077.768 Recv DATA 1 13, ID 20289
077.768 Deliver DATA 1, ID 20289
077.768 Slide RECV window, expect 2 next
077.777 Acked DATA 13, slide SEND window
077.777 Recv ACK  14
077.777 Acked DATA 14, slide SEND window
077.777 Send DATA 5 1, ID 10293
077.777 Send DATA 6 1, ID 10294
078.023 Recv DATA 2 15, ID 20290
078.023 Deliver DATA 2, ID 20290
078.023 Slide RECV window, expect 3 next
078.023 Acked DATA 15, slide SEND window
078.023 Send DATA 7 2, ID 10295
078.293 Recv DATA 3 0, ID 20291
078.293 Deliver DATA 3, ID 20291
078.293 Slide RECV window, expect 4 next
078.293 Acked DATA 0, slide SEND window
078.293 Send DATA 8 3, ID 10296
078.563 Recv DATA 4 0, ID 20292
078.563 Deliver DATA 4, ID 20292
078.563 Slide RECV window, expect 5 next
078.690 ---- ACK timeout
078.690 Send ACK  4
078.833 Recv DATA 5 1, ID 20293
078.833 Deliver DATA 5, ID 20293
078.833 Slide RECV window, expect 6 next
078.833 Acked DATA 1, slide SEND window
078.833 Send DATA 9 5, ID 10297
079.087 Recv DATA 6 2, ID 20294
079.087 Deliver DATA 6, ID 20294
079.087 Slide RECV window, expect 7 next
079.087 Acked DATA 2, slide SEND window
079.087 Send DATA 10 6, ID 10298
079.357 Recv DATA 7 3, ID 20295
079.357 Deliver DATA 7, ID 20295
079.357 .... 296 packets received, 7728 bps, 96.60%, Err 0 (0.0e+00)
079.357 Slide RECV window, expect 8 next
079.357 Acked DATA 3, slide SEND window
079.357 Send DATA 11 7, ID 10299
079.612 Recv DATA 8 4, ID 20296
079.612 Deliver DATA 8, ID 20296
079.612 Slide RECV window, expect 9 next
079.612 Acked DATA 4, slide SEND window
079.612 Send DATA 12 8, ID 10300
079.882 Recv DATA 9 5, ID 20297
079.882 Deliver DATA 9, ID 20297
079.882 Slide RECV window, expect 10 next
079.882 Acked DATA 5, slide SEND window
079.882 Send DATA 13 9, ID 10301
079.914 Recv ACK  6
079.914 Acked DATA 6, slide SEND window
079.914 Send DATA 14 9, ID 10302
080.153 Recv DATA 10 7, ID 20298
080.153 Deliver DATA 10, ID 20298
080.153 Slide RECV window, expect 11 next
080.153 Acked DATA 7, slide SEND window
080.153 Send DATA 15 10, ID 10303
080.422 Recv DATA 11 8, ID 20299
080.422 Deliver DATA 11, ID 20299
080.422 Slide RECV window, expect 12 next
080.422 Acked DATA 8, slide SEND window
080.422 Send DATA 0 11, ID 10304
080.677 Recv DATA 12 8, ID 20300
080.677 Deliver DATA 12, ID 20300
080.677 Slide RECV window, expect 13 next
080.803 ---- ACK timeout
080.803 Send ACK  12
080.946 Recv DATA 13 9, ID 20301
080.946 Deliver DATA 13, ID 20301
080.946 Slide RECV window, expect 14 next
080.946 Acked DATA 9, slide SEND window
080.947 Send DATA 1 13, ID 10305
081.218 Recv DATA 14 10, ID 20302
081.218 Deliver DATA 14, ID 20302
081.218 Slide RECV window, expect 15 next
081.218 Acked DATA 10, slide SEND window
081.218 Send DATA 2 14, ID 10306
081.471 Recv DATA 15 11, ID 20303
081.471 Deliver DATA 15, ID 20303
081.471 .... 304 packets received, 7728 bps, 96.61%, Err 0 (0.0e+00)
081.471 Slide RECV window, expect 0 next
081.471 Acked DATA 11, slide SEND window
081.471 Send DATA 3 15, ID 10307
081.741 Recv DATA 0 12, ID 20304
081.741 Deliver DATA 0, ID 20304
081.741 Slide RECV window, expect 1 next
081.741 Acked DATA 12, slide SEND window
081.741 Send DATA 4 0, ID 10308
082.011 Recv DATA 1 13, ID 20305
082.011 Deliver DATA 1, ID 20305
082.011 Slide RECV window, expect 2 next
082.011 Acked DATA 13, slide SEND window
082.011 Send DATA 5 1, ID 10309
082.043 Recv ACK  14
082.043 Acked DATA 14, slide SEND window
082.043 Send DATA 6 1, ID 10310
082.281 Recv DATA 2 15, ID 20306
082.281 Deliver DATA 2, ID 20306
082.281 Slide RECV window, expect 3 next
082.281 Acked DATA 15, slide SEND window
082.281 Send DATA 7 2, ID 10311
082.535 Recv DATA 3 0, ID 20307
082.535 Deliver DATA 3, ID 20307
082.535 Slide RECV window, expect 4 next
082.535 Acked DATA 0, slide SEND window
082.535 Send DATA 8 3, ID 10312
082.804 Recv DATA 4 0, ID 20308
082.804 Deliver DATA 4, ID 20308
082.804 Slide RECV window, expect 5 next
082.932 ---- ACK timeout
082.932 Send ACK  4
083.059 Recv DATA 5 1, ID 20309
083.059 Deliver DATA 5, ID 20309
083.059 Slide RECV window, expect 6 next
083.059 Acked DATA 1, slide SEND window
083.059 Send DATA 9 5, ID 10313
083.312 Recv DATA 6 2, ID 20310
083.312 Deliver DATA 6, ID 20310
083.313 Slide RECV window, expect 7 next
083.313 Acked DATA 2, slide SEND window
083.313 Send DATA 10 6, ID 10314
083.583 Recv DATA 7 3, ID 20311
083.583 Deliver DATA 7, ID 20311
083.583 .... 312 packets received, 7729 bps, 96.62%, Err 0 (0.0e+00)
083.583 Slide RECV window, expect 8 next
083.583 Acked DATA 3, slide SEND window
083.583 Send DATA 11 7, ID 10315
083.852 Recv DATA 8 4, ID 20312
083.852 Deliver DATA 8, ID 20312
083.852 Slide RECV window, expect 9 next
083.852 Acked DATA 4, slide SEND window
083.853 Send DATA 12 8, ID 10316
084.123 Recv DATA 9 5, ID 20313
084.123 Deliver DATA 9, ID 20313
084.123 Slide RECV window, expect 10 next
084.123 Acked DATA 5, slide SEND window
084.123 Send DATA 13 9, ID 10317
084.155 Recv ACK  6
084.155 Acked DATA 6, slide SEND window
084.155 Send DATA 14 9, ID 10318
084.393 Recv DATA 10 7, ID 20314
084.393 Deliver DATA 10, ID 20314
084.393 Slide RECV window, expect 11 next
084.393 Acked DATA 7, slide SEND window
084.393 Send DATA 15 10, ID 10319
084.663 Recv DATA 11 8, ID 20315
084.663 Deliver DATA 11, ID 20315
084.663 Slide RECV window, expect 12 next
084.663 Acked DATA 8, slide SEND window
084.663 Send DATA 0 11, ID 10320
084.933 Recv DATA 12 8, ID 20316
084.933 Deliver DATA 12, ID 20316
084.933 Slide RECV window, expect 13 next
085.059 ---- ACK timeout
085.059 Send ACK  12
085.170 Recv DATA 13 9, ID 20317
085.170 Deliver DATA 13, ID 20317
085.170 Slide RECV window, expect 14 next
085.170 Acked DATA 9, slide SEND window
085.170 Send DATA 1 13, ID 10321
085.441 Recv DATA 14 10, ID 20318
085.441 Deliver DATA 14, ID 20318
085.441 Slide RECV window, expect 15 next
085.441 Acked DATA 10, slide SEND window
085.442 Send DATA 2 14, ID 10322
085.696 Recv DATA 15 11, ID 20319
085.696 Deliver DATA 15, ID 20319
085.696 .... 320 packets received, 7730 bps, 96.62%, Err 0 (0.0e+00)
085.696 Slide RECV window, expect 0 next
085.696 Acked DATA 11, slide SEND window
085.696 Send DATA 3 15, ID 10323
085.966 Recv DATA 0 12, ID 20320
085.966 Deliver DATA 0, ID 20320
085.966 Slide RECV window, expect 1 next
085.966 Acked DATA 12, slide SEND window
085.967 Send DATA 4 0, ID 10324
086.237 Recv DATA 1 13, ID 20321
086.237 Deliver DATA 1, ID 20321
086.237 Slide RECV window, expect 2 next
086.237 Acked DATA 13, slide SEND window
086.237 Recv ACK  14
086.237 Acked DATA 14, slide SEND window
086.237 Send DATA 5 1, ID 10325
086.237 Send DATA 6 1, ID 10326
086.506 Recv DATA 2 15, ID 20322
086.506 Deliver DATA 2, ID 20322
086.506 Slide RECV window, expect 3 next
086.506 Acked DATA 15, slide SEND window
086.506 Send DATA 7 2, ID 10327
086.776 Recv DATA 3 0, ID 20323
086.776 Deliver DATA 3, ID 20323
086.776 Slide RECV window, expect 4 next
086.776 Acked DATA 0, slide SEND window
086.777 Send DATA 8 3, ID 10328
087.046 Recv DATA 4 0, ID 20324
087.047 Deliver DATA 4, ID 20324
087.047 Slide RECV window, expect 5 next
087.173 ---- ACK timeout
087.173 Send ACK  4
087.300 Recv DATA 5 1, ID 20325
087.300 Deliver DATA 5, ID 20325
087.300 Slide RECV window, expect 6 next
087.300 Acked DATA 1, slide SEND window
087.301 Send DATA 9 5, ID 10329
087.554 Recv DATA 6 2, ID 20326
087.554 Deliver DATA 6, ID 20326
087.554 Slide RECV window, expect 7 next
087.554 Acked DATA 2, slide SEND window
087.554 Send DATA 10 6, ID 10330
087.825 Recv DATA 7 3, ID 20327
087.825 Deliver DATA 7, ID 20327
087.825 .... 328 packets received, 7729 bps, 96.61%, Err 0 (0.0e+00)
087.825 Slide RECV window, expect 8 next
087.825 Acked DATA 3, slide SEND window
087.825 Send DATA 11 7, ID 10331
088.079 Recv DATA 8 4, ID 20328
088.079 Deliver DATA 8, ID 20328
088.079 Slide RECV window, expect 9 next
088.079 Acked DATA 4, slide SEND window
088.079 Send DATA 12 8, ID 10332
088.350 Recv DATA 9 5, ID 20329
088.350 Deliver DATA 9, ID 20329
088.350 Slide RECV window, expect 10 next
088.350 Acked DATA 5, slide SEND window
088.350 Send DATA 13 9, ID 10333
088.381 Recv ACK  6
088.381 Acked DATA 6, slide SEND window
088.382 Send DATA 14 9, ID 10334
088.620 Recv DATA 10 7, ID 20330
088.620 Deliver DATA 10, ID 20330
088.620 Slide RECV window, expect 11 next
088.621 Acked DATA 7, slide SEND window
088.621 Send DATA 15 10, ID 10335
088.889 Recv DATA 11 8, ID 20331
088.889 Deliver DATA 11, ID 20331
088.889 Slide RECV window, expect 12 next
088.889 Acked DATA 8, slide SEND window
088.890 Send DATA 0 11, ID 10336
089.144 Recv DATA 12 8, ID 20332
089.144 Deliver DATA 12, ID 20332
089.144 Slide RECV window, expect 13 next
089.286 ---- ACK timeout
089.286 Send ACK  12
089.429 Recv DATA 13 9, ID 20333
089.429 Deliver DATA 13, ID 20333
089.429 Slide RECV window, expect 14 next
089.429 Acked DATA 9, slide SEND window
089.429 Send DATA 1 13, ID 10337
089.683 Recv DATA 14 10, ID 20334
089.683 Deliver DATA 14, ID 20334
089.683 Slide RECV window, expect 15 next
089.683 Acked DATA 10, slide SEND window
089.683 Send DATA 2 14, ID 10338
089.952 Recv DATA 15 11, ID 20335
089.952 Deliver DATA 15, ID 20335
089.952 .... 336 packets received, 7728 bps, 96.60%, Err 0 (0.0e+00)
089.952 Slide RECV window, expect 0 next
089.952 Acked DATA 11, slide SEND window
089.952 Send DATA 3 15, ID 10339
090.222 Recv DATA 0 12, ID 20336
090.222 Deliver DATA 0, ID 20336
090.222 Slide RECV window, expect 1 next
090.222 Acked DATA 12, slide SEND window
090.222 Send DATA 4 0, ID 10340
090.476 Recv DATA 1 13, ID 20337
090.476 Deliver DATA 1, ID 20337
090.476 Slide RECV window, expect 2 next
090.476 Acked DATA 13, slide SEND window
090.476 Send DATA 5 1, ID 10341
090.492 Recv ACK  14
090.492 Acked DATA 14, slide SEND window
090.492 Send DATA 6 1, ID 10342
090.746 Recv DATA 2 15, ID 20338
090.746 Deliver DATA 2, ID 20338
090.746 Slide RECV window, expect 3 next
090.746 Acked DATA 15, slide SEND window
090.746 Send DATA 7 2, ID 10343
091.000 Recv DATA 3 0, ID 20339
091.000 Deliver DATA 3, ID 20339
091.000 Slide RECV window, expect 4 next
091.000 Acked DATA 0, slide SEND window
091.000 Send DATA 8 3, ID 10344
091.286 Recv DATA 4 0, ID 20340
091.286 Deliver DATA 4, ID 20340
091.286 Slide RECV window, expect 5 next
091.413 ---- ACK timeout
091.413 Send ACK  4
091.522 Recv DATA 5 1, ID 20341
091.522 Deliver DATA 5, ID 20341
091.522 Slide RECV window, expect 6 next
091.522 Acked DATA 1, slide SEND window
091.523 Send DATA 9 5, ID 10345
091.791 Recv DATA 6 2, ID 20342
091.791 Deliver DATA 6, ID 20342
091.791 Slide RECV window, expect 7 next
091.791 Acked DATA 2, slide SEND window
091.791 Send DATA 10 6, ID 10346
092.061 Recv DATA 7 3, ID 20343
092.061 Deliver DATA 7, ID 20343
092.061 .... 344 packets received, 7729 bps, 96.62%, Err 0 (0.0e+00)
092.061 Slide RECV window, expect 8 next
092.061 Acked DATA 3, slide SEND window
092.061 Send DATA 11 7, ID 10347
092.331 Recv DATA 8 4, ID 20344
092.331 Deliver DATA 8, ID 20344
092.331 Slide RECV window, expect 9 next
092.331 Acked DATA 4, slide SEND window
092.331 Send DATA 12 8, ID 10348
092.601 Recv DATA 9 5, ID 20345
092.601 Deliver DATA 9, ID 20345
092.601 Slide RECV window, expect 10 next
092.601 Acked DATA 5, slide SEND window
092.601 Send DATA 13 9, ID 10349
092.633 Recv ACK  6
092.633 Acked DATA 6, slide SEND window
092.633 Send DATA 14 9, ID 10350
092.856 Recv DATA 10 7, ID 20346
092.856 Deliver DATA 10, ID 20346
092.856 Slide RECV window, expect 11 next
092.856 Acked DATA 7, slide SEND window
092.856 Send DATA 15 10, ID 10351
093.126 Recv DATA 11 8, ID 20347
093.126 Deliver DATA 11, ID 20347
093.126 Slide RECV window, expect 12 next
093.126 Acked DATA 8, slide SEND window
093.126 Send DATA 0 11, ID 10352
093.396 Recv DATA 12 8, ID 20348
093.396 Deliver DATA 12, ID 20348
093.396 Slide RECV window, expect 13 next
093.524 ---- ACK timeout
093.524 Send ACK  12
093.651 Recv DATA 13 9, ID 20349
093.651 Deliver DATA 13, ID 20349
093.651 Slide RECV window, expect 14 next
093.651 Acked DATA 9, slide SEND window
093.651 Send DATA 1 13, ID 10353
093.921 Recv DATA 14 10, ID 20350
093.921 Deliver DATA 14, ID 20350
093.921 Slide RECV window, expect 15 next
093.921 Acked DATA 10, slide SEND window
093.921 Send DATA 2 14, ID 10354
094.176 Recv DATA 15 11, ID 20351
094.176 Deliver DATA 15, ID 20351
094.176 .... 352 packets received, 7730 bps, 96.62%, Err 0 (0.0e+00)
094.176 Slide RECV window, expect 0 next
094.176 Acked DATA 11, slide SEND window
094.176 Send DATA 3 15, ID 10355
094.445 Recv DATA 0 12, ID 20352
094.445 Deliver DATA 0, ID 20352
094.445 Slide RECV window, expect 1 next
094.445 Acked DATA 12, slide SEND window
094.445 Send DATA 4 0, ID 10356
094.715 Recv DATA 1 13, ID 20353
094.715 Deliver DATA 1, ID 20353
094.715 Slide RECV window, expect 2 next
094.715 Acked DATA 13, slide SEND window
094.715 Send DATA 5 1, ID 10357
094.746 Recv ACK  14
094.746 Acked DATA 14, slide SEND window
094.747 Send DATA 6 1, ID 10358
094.985 Recv DATA 2 15, ID 20354
094.985 Deliver DATA 2, ID 20354
094.985 Slide RECV window, expect 3 next
094.985 Acked DATA 15, slide SEND window
094.985 Send DATA 7 2, ID 10359
095.254 Recv DATA 3 0, ID 20355
095.254 Deliver DATA 3, ID 20355
095.254 Slide RECV window, expect 4 next
095.254 Acked DATA 0, slide SEND window
095.254 Send DATA 8 3, ID 10360
095.507 Recv DATA 4 0, ID 20356
095.507 Deliver DATA 4, ID 20356
095.507 Slide RECV window, expect 5 next
095.633 ---- ACK timeout
095.633 Send ACK  4
095.759 Recv DATA 5 1, ID 20357
095.759 Deliver DATA 5, ID 20357
095.759 Slide RECV window, expect 6 next
095.759 Acked DATA 1, slide SEND window
095.759 Send DATA 9 5, ID 10361
096.029 Recv DATA 6 2, ID 20358
096.029 Deliver DATA 6, ID 20358
096.029 Slide RECV window, expect 7 next
096.029 Acked DATA 2, slide SEND window
096.029 Send DATA 10 6, ID 10362
096.300 Recv DATA 7 3, ID 20359
096.300 Deliver DATA 7, ID 20359
096.300 .... 360 packets received, 7729 bps, 96.62%, Err 0 (0.0e+00)
096.300 Slide RECV window, expect 8 next
096.300 Acked DATA 3, slide SEND window
096.300 Send DATA 11 7, ID 10363
096.570 Recv DATA 8 4, ID 20360
096.570 Deliver DATA 8, ID 20360
096.570 Slide RECV window, expect 9 next
096.570 Acked DATA 4, slide SEND window
096.570 Send DATA 12 8, ID 10364
096.839 Recv DATA 9 5, ID 20361
096.839 Deliver DATA 9, ID 20361
096.839 Slide RECV window, expect 10 next
096.839 Acked DATA 5, slide SEND window
096.839 Send DATA 13 9, ID 10365
096.871 Recv ACK  6
096.871 Acked DATA 6, slide SEND window
096.871 Send DATA 14 9, ID 10366
097.093 Recv DATA 10 7, ID 20362
097.093 Deliver DATA 10, ID 20362
097.093 Slide RECV window, expect 11 next
097.093 Acked DATA 7, slide SEND window
097.093 Send DATA 15 10, ID 10367
097.363 Recv DATA 11 8, ID 20363
097.363 Deliver DATA 11, ID 20363
097.363 Slide RECV window, expect 12 next
097.363 Acked DATA 8, slide SEND window
097.363 Send DATA 0 11, ID 10368
097.617 Recv DATA 12 8, ID 20364
097.617 Deliver DATA 12, ID 20364
097.617 Slide RECV window, expect 13 next
097.745 ---- ACK timeout
097.745 Send ACK  12
097.888 Recv DATA 13 9, ID 20365
097.888 Deliver DATA 13, ID 20365
097.888 Slide RECV window, expect 14 next
097.888 Acked DATA 9, slide SEND window
097.888 Send DATA 1 13, ID 10369
098.158 Recv DATA 14 10, ID 20366
098.158 Deliver DATA 14, ID 20366
098.158 Slide RECV window, expect 15 next
098.158 Acked DATA 10, slide SEND window
098.158 Send DATA 2 14, ID 10370
098.428 Recv DATA 15 11, ID 20367
098.428 Deliver DATA 15, ID 20367
098.428 .... 368 packets received, 7729 bps, 96.61%, Err 0 (0.0e+00)
098.428 Slide RECV window, expect 0 next
098.428 Acked DATA 11, slide SEND window
098.428 Send DATA 3 15, ID 10371
098.697 Recv DATA 0 12, ID 20368
098.697 Deliver DATA 0, ID 20368
098.697 Slide RECV window, expect 1 next
098.697 Acked DATA 12, slide SEND window
098.697 Send DATA 4 0, ID 10372
098.951 Recv DATA 1 13, ID 20369
098.951 Deliver DATA 1, ID 20369
098.951 Slide RECV window, expect 2 next
098.951 Acked DATA 13, slide SEND window
098.951 Send DATA 5 1, ID 10373
098.967 Recv ACK  14
098.967 Acked DATA 14, slide SEND window
098.967 Send DATA 6 1, ID 10374
099.221 Recv DATA 2 15, ID 20370
099.221 Deliver DATA 2, ID 20370
099.221 Slide RECV window, expect 3 next
099.221 Acked DATA 15, slide SEND window
099.221 Send DATA 7 2, ID 10375
099.475 Recv DATA 3 0, ID 20371
099.475 Deliver DATA 3, ID 20371
099.475 Slide RECV window, expect 4 next
099.475 Acked DATA 0, slide SEND window
099.475 Send DATA 8 3, ID 10376
099.744 Recv DATA 4 0, ID 20372
099.744 Deliver DATA 4, ID 20372
099.744 Slide RECV window, expect 5 next
099.871 ---- ACK timeout
099.871 Send ACK  4
100.014 Recv DATA 5 1, ID 20373
100.014 Deliver DATA 5, ID 20373
100.014 Slide RECV window, expect 6 next
100.014 Acked DATA 1, slide SEND window
100.014 Send DATA 9 5, ID 10377
100.268 Recv DATA 6 2, ID 20374
100.268 Deliver DATA 6, ID 20374
100.268 Slide RECV window, expect 7 next
100.268 Acked DATA 2, slide SEND window
100.268 Send DATA 10 6, ID 10378
100.553 Recv DATA 7 3, ID 20375
100.553 Deliver DATA 7, ID 20375
100.553 .... 376 packets received, 7728 bps, 96.60%, Err 0 (0.0e+00)
100.553 Slide RECV window, expect 8 next
100.553 Acked DATA 3, slide SEND window
100.553 Send DATA 11 7, ID 10379
100.791 Recv DATA 8 4, ID 20376
100.791 Deliver DATA 8, ID 20376
100.791 Slide RECV window, expect 9 next
100.791 Acked DATA 4, slide SEND window
100.791 Send DATA 12 8, ID 10380
101.060 Recv DATA 9 5, ID 20377
101.060 Deliver DATA 9, ID 20377
101.060 Slide RECV window, expect 10 next
101.060 Acked DATA 5, slide SEND window
101.060 Send DATA 13 9, ID 10381
101.092 Recv ACK  6
101.092 Acked DATA 6, slide SEND window
101.092 Send DATA 14 9, ID 10382
101.330 Recv DATA 10 7, ID 20378
101.330 Deliver DATA 10, ID 20378
101.330 Slide RECV window, expect 11 next
101.330 Acked DATA 7, slide SEND window
101.331 Send DATA 15 10, ID 10383
101.601 Recv DATA 11 8, ID 20379
101.602 Deliver DATA 11, ID 20379
101.602 Slide RECV window, expect 12 next
101.602 Acked DATA 8, slide SEND window
101.602 Send DATA 0 11, ID 10384
101.855 Recv DATA 12 8, ID 20380
101.856 Deliver DATA 12, ID 20380
101.856 Slide RECV window, expect 13 next
101.981 ---- ACK timeout
101.981 Send ACK  12
102.141 Recv DATA 13 9, ID 20381
102.141 Deliver DATA 13, ID 20381
102.141 Slide RECV window, expect 14 next
102.141 Acked DATA 9, slide SEND window
102.141 Send DATA 1 13, ID 10385
102.395 Recv DATA 14 10, ID 20382
102.395 Deliver DATA 14, ID 20382
102.395 Slide RECV window, expect 15 next
102.395 Acked DATA 10, slide SEND window
102.395 Send DATA 2 14, ID 10386
102.665 Recv DATA 15 11, ID 20383
102.665 Deliver DATA 15, ID 20383
102.665 .... 384 packets received, 7729 bps, 96.61%, Err 0 (0.0e+00)
102.665 Slide RECV window, expect 0 next
102.665 Acked DATA 11, slide SEND window
102.665 Send DATA 3 15, ID 10387
102.934 Recv DATA 0 12, ID 20384
102.934 Deliver DATA 0, ID 20384
102.934 Slide RECV window, expect 1 next
102.934 Acked DATA 12, slide SEND window
102.935 Send DATA 4 0, ID 10388
103.203 Recv DATA 1 13, ID 20385
103.203 Deliver DATA 1, ID 20385
103.203 Slide RECV window, expect 2 next
103.203 Acked DATA 13, slide SEND window
103.203 Send DATA 5 1, ID 10389
103.219 Recv ACK  14
103.219 Acked DATA 14, slide SEND window
103.219 Send DATA 6 1, ID 10390
103.473 Recv DATA 2 15, ID 20386
103.473 Deliver DATA 2, ID 20386
103.473 Slide RECV window, expect 3 next
103.473 Acked DATA 15, slide SEND window
103.473 Send DATA 7 2, ID 10391
103.727 Recv DATA 3 0, ID 20387
103.727 Deliver DATA 3, ID 20387
103.727 Slide RECV window, expect 4 next
103.727 Acked DATA 0, slide SEND window
103.728 Send DATA 8 3, ID 10392
103.997 Recv DATA 4 0, ID 20388
103.997 Deliver DATA 4, ID 20388
103.997 Slide RECV window, expect 5 next
104.125 ---- ACK timeout
104.125 Send ACK  4
104.251 Recv DATA 5 1, ID 20389
104.251 Deliver DATA 5, ID 20389
104.251 Slide RECV window, expect 6 next
104.251 Acked DATA 1, slide SEND window
104.251 Send DATA 9 5, ID 10393
104.521 Recv DATA 6 2, ID 20390
104.521 Deliver DATA 6, ID 20390
104.521 Slide RECV window, expect 7 next
104.521 Acked DATA 2, slide SEND window
104.521 Send DATA 10 6, ID 10394
104.792 Recv DATA 7 3, ID 20391
104.792 Deliver DATA 7, ID 20391
104.792 .... 392 packets received, 7728 bps, 96.60%, Err 0 (0.0e+00)
104.792 Slide RECV window, expect 8 next
104.792 Acked DATA 3, slide SEND window
104.792 Send DATA 11 7, ID 10395
105.061 Recv DATA 8 4, ID 20392
105.061 Deliver DATA 8, ID 20392
105.061 Slide RECV window, expect 9 next
105.061 Acked DATA 4, slide SEND window
105.061 Send DATA 12 8, ID 10396
105.298 Recv DATA 9 5, ID 20393
105.307 Deliver DATA 9, ID 20393
105.307 Slide RECV window, expect 10 next
105.307 Acked DATA 5, slide SEND window
105.307 Send DATA 13 9, ID 10397
105.330 Recv ACK  6
105.330 Acked DATA 6, slide SEND window
105.330 Send DATA 14 9, ID 10398
105.567 Recv DATA 10 7, ID 20394
105.567 Deliver DATA 10, ID 20394
105.567 Slide RECV window, expect 11 next
105.567 Acked DATA 7, slide SEND window
105.568 Send DATA 15 10, ID 10399
105.837 Recv DATA 11 8, ID 20395
105.837 Deliver DATA 11, ID 20395
105.837 Slide RECV window, expect 12 next
105.837 Acked DATA 8, slide SEND window
105.837 Send DATA 0 11, ID 10400
106.105 Recv DATA 12 8, ID 20396
106.105 Deliver DATA 12, ID 20396
106.105 Slide RECV window, expect 13 next
106.232 ---- ACK timeout
106.232 Send ACK  12
106.359 Recv DATA 13 9, ID 20397
106.359 Deliver DATA 13, ID 20397
106.359 Slide RECV window, expect 14 next
106.359 Acked DATA 9, slide SEND window
106.359 Send DATA 1 13, ID 10401
106.675 Recv DATA 14 10, ID 20398
106.675 Deliver DATA 14, ID 20398
106.675 Slide RECV window, expect 15 next
106.675 Acked DATA 10, slide SEND window
106.676 Send DATA 2 14, ID 10402
106.913 Recv DATA 15 11, ID 20399
106.914 Deliver DATA 15, ID 20399
106.914 .... 400 packets received, 7728 bps, 96.60%, Err 0 (0.0e+00)
106.914 Slide RECV window, expect 0 next
106.914 Acked DATA 11, slide SEND window
106.914 Send DATA 3 15, ID 10403
107.151 Recv DATA 0 12, ID 20400
107.151 Deliver DATA 0, ID 20400
107.151 Slide RECV window, expect 1 next
107.151 Acked DATA 12, slide SEND window
107.152 Send DATA 4 0, ID 10404
107.421 Recv DATA 1 13, ID 20401
107.421 Deliver DATA 1, ID 20401
107.421 Slide RECV window, expect 2 next
107.421 Acked DATA 13, slide SEND window
107.422 Send DATA 5 1, ID 10405
107.453 Recv ACK  14
107.453 Acked DATA 14, slide SEND window
107.453 Send DATA 6 1, ID 10406
107.691 Recv DATA 2 15, ID 20402
107.691 Deliver DATA 2, ID 20402
107.691 Slide RECV window, expect 3 next
107.691 Acked DATA 15, slide SEND window
107.691 Send DATA 7 2, ID 10407
107.961 Recv DATA 3 0, ID 20403
107.961 Deliver DATA 3, ID 20403
107.962 Slide RECV window, expect 4 next
107.962 Acked DATA 0, slide SEND window
107.962 Send DATA 8 3, ID 10408
108.207 Recv DATA 4 0, ID 20404
108.207 Deliver DATA 4, ID 20404
108.207 Slide RECV window, expect 5 next
108.332 ---- ACK timeout
108.332 Send ACK  4
108.490 Recv DATA 5 1, ID 20405
108.490 Deliver DATA 5, ID 20405
108.490 Slide RECV window, expect 6 next
108.490 Acked DATA 1, slide SEND window
108.491 Send DATA 9 5, ID 10409
108.759 Recv DATA 6 2, ID 20406
108.759 Deliver DATA 6, ID 20406
108.759 Slide RECV window, expect 7 next
108.759 Acked DATA 2, slide SEND window
108.759 Send DATA 10 6, ID 10410
109.028 Recv DATA 7 3, ID 20407
109.028 Deliver DATA 7, ID 20407
109.028 .... 408 packets received, 7729 bps, 96.61%, Err 0 (0.0e+00)
109.028 Slide RECV window, expect 8 next
109.028 Acked DATA 3, slide SEND window
109.028 Send DATA 11 7, ID 10411
109.299 Recv DATA 8 4, ID 20408
109.299 Deliver DATA 8, ID 20408
109.299 Slide RECV window, expect 9 next
109.299 Acked DATA 4, slide SEND window
109.299 Send DATA 12 8, ID 10412
109.537 Recv DATA 9 5, ID 20409
109.537 Deliver DATA 9, ID 20409
109.537 Slide RECV window, expect 10 next
109.537 Acked DATA 5, slide SEND window
109.537 Send DATA 13 9, ID 10413
109.569 Recv ACK  6
109.569 Acked DATA 6, slide SEND window
109.569 Send DATA 14 9, ID 10414
109.808 Recv DATA 10 7, ID 20410
109.808 Deliver DATA 10, ID 20410
109.808 Slide RECV window, expect 11 next
109.808 Acked DATA 7, slide SEND window
109.808 Send DATA 15 10, ID 10415
110.078 Recv DATA 11 8, ID 20411
110.078 Deliver DATA 11, ID 20411
110.078 Slide RECV window, expect 12 next
110.078 Acked DATA 8, slide SEND window
110.078 Send DATA 0 11, ID 10416
110.347 Recv DATA 12 8, ID 20412
110.347 Deliver DATA 12, ID 20412
110.347 Slide RECV window, expect 13 next
110.474 ---- ACK timeout
110.474 Send ACK  12
110.601 Recv DATA 13 9, ID 20413
110.601 Deliver DATA 13, ID 20413
110.601 Slide RECV window, expect 14 next
110.601 Acked DATA 9, slide SEND window
110.601 Send DATA 1 13, ID 10417
110.871 Recv DATA 14 10, ID 20414
110.871 Deliver DATA 14, ID 20414
110.872 Slide RECV window, expect 15 next
110.872 Acked DATA 10, slide SEND window
110.872 Send DATA 2 14, ID 10418
111.142 Recv DATA 15 11, ID 20415
111.142 Deliver DATA 15, ID 20415
111.142 .... 416 packets received, 7729 bps, 96.61%, Err 0 (0.0e+00)
111.142 Slide RECV window, expect 0 next
111.142 Acked DATA 11, slide SEND window
111.142 Send DATA 3 15, ID 10419
111.396 Recv DATA 0 12, ID 20416
111.396 Deliver DATA 0, ID 20416
111.396 Slide RECV window, expect 1 next
111.396 Acked DATA 12, slide SEND window
111.396 Send DATA 4 0, ID 10420
111.650 Recv DATA 1 13, ID 20417
111.650 Deliver DATA 1, ID 20417
111.650 Slide RECV window, expect 2 next
111.650 Acked DATA 13, slide SEND window
111.650 Send DATA 5 1, ID 10421
111.665 Recv ACK  14
111.665 Acked DATA 14, slide SEND window
111.666 Send DATA 6 1, ID 10422
111.952 Recv DATA 2 15, ID 20418
111.952 Deliver DATA 2, ID 20418
111.952 Slide RECV window, expect 3 next
111.952 Acked DATA 15, slide SEND window
111.952 Send DATA 7 2, ID 10423
112.206 Recv DATA 3 0, ID 20419
112.206 Deliver DATA 3, ID 20419
112.206 Slide RECV window, expect 4 next
112.206 Acked DATA 0, slide SEND window
112.206 Send DATA 8 3, ID 10424
112.475 Recv DATA 4 0, ID 20420
112.475 Deliver DATA 4, ID 20420
112.475 Slide RECV window, expect 5 next
112.602 ---- ACK timeout
112.602 Send ACK  4
112.728 Recv DATA 5 1, ID 20421
112.728 Deliver DATA 5, ID 20421
112.728 Slide RECV window, expect 6 next
112.728 Acked DATA 1, slide SEND window
112.729 Send DATA 9 5, ID 10425
112.995 Recv DATA 6 2, ID 20422
112.995 Deliver DATA 6, ID 20422
112.995 Slide RECV window, expect 7 next
112.995 Acked DATA 2, slide SEND window
112.995 Send DATA 10 6, ID 10426
113.249 Recv DATA 7 3, ID 20423
113.250 Deliver DATA 7, ID 20423
113.250 .... 424 packets received, 7730 bps, 96.62%, Err 0 (0.0e+00)
113.250 Slide RECV window, expect 8 next
113.250 Acked DATA 3, slide SEND window
113.250 Send DATA 11 7, ID 10427
113.520 Recv DATA 8 4, ID 20424
113.520 Deliver DATA 8, ID 20424
113.520 Slide RECV window, expect 9 next
113.520 Acked DATA 4, slide SEND window
113.520 Send DATA 12 8, ID 10428
113.790 Recv DATA 9 5, ID 20425
113.790 Deliver DATA 9, ID 20425
113.791 Slide RECV window, expect 10 next
113.791 Acked DATA 5, slide SEND window
113.791 Send DATA 13 9, ID 10429
113.822 Recv ACK  6
113.822 Acked DATA 6, slide SEND window
113.822 Send DATA 14 9, ID 10430
114.059 Recv DATA 10 7, ID 20426
114.059 Deliver DATA 10, ID 20426
114.059 Slide RECV window, expect 11 next
114.059 Acked DATA 7, slide SEND window
114.059 Send DATA 15 10, ID 10431
114.313 Recv DATA 11 8, ID 20427
114.313 Deliver DATA 11, ID 20427
114.313 Slide RECV window, expect 12 next
114.313 Acked DATA 8, slide SEND window
114.313 Send DATA 0 11, ID 10432
114.583 Recv DATA 12 8, ID 20428
114.583 Deliver DATA 12, ID 20428
114.583 Slide RECV window, expect 13 next
114.710 ---- ACK timeout
114.710 Send ACK  12
114.836 Recv DATA 13 9, ID 20429
114.836 Deliver DATA 13, ID 20429
114.836 Slide RECV window, expect 14 next
114.836 Acked DATA 9, slide SEND window
114.836 Send DATA 1 13, ID 10433
115.105 Recv DATA 14 10, ID 20430
115.106 Deliver DATA 14, ID 20430
115.106 Slide RECV window, expect 15 next
115.106 Acked DATA 10, slide SEND window
115.106 Send DATA 2 14, ID 10434
115.377 Recv DATA 15 11, ID 20431
115.377 Deliver DATA 15, ID 20431
115.377 .... 432 packets received, 7729 bps, 96.62%, Err 0 (0.0e+00)
115.377 Slide RECV window, expect 0 next
115.377 Acked DATA 11, slide SEND window
115.377 Send DATA 3 15, ID 10435
115.646 Recv DATA 0 12, ID 20432
115.646 Deliver DATA 0, ID 20432
115.646 Slide RECV window, expect 1 next
115.646 Acked DATA 12, slide SEND window
115.646 Send DATA 4 0, ID 10436
115.916 Recv DATA 1 13, ID 20433
115.916 Deliver DATA 1, ID 20433
115.916 Slide RECV window, expect 2 next
115.916 Acked DATA 13, slide SEND window
115.916 Send DATA 5 1, ID 10437
115.947 Recv ACK  14
115.947 Acked DATA 14, slide SEND window
115.947 Send DATA 6 1, ID 10438
116.187 Recv DATA 2 15, ID 20434
116.187 Deliver DATA 2, ID 20434
116.189 Slide RECV window, expect 3 next
116.189 Acked DATA 15, slide SEND window
116.189 Send DATA 7 2, ID 10439
116.457 Recv DATA 3 0, ID 20435
116.457 Deliver DATA 3, ID 20435
116.457 Slide RECV window, expect 4 next
116.457 Acked DATA 0, slide SEND window
116.457 Send DATA 8 3, ID 10440
116.695 Recv DATA 4 0, ID 20436
116.695 Deliver DATA 4, ID 20436
116.695 Slide RECV window, expect 5 next
116.822 ---- ACK timeout
116.822 Send ACK  4
116.965 Recv DATA 5 1, ID 20437
116.965 Deliver DATA 5, ID 20437
116.965 Slide RECV window, expect 6 next
116.965 Acked DATA 1, slide SEND window
116.965 Send DATA 9 5, ID 10441
117.233 Recv DATA 6 2, ID 20438
117.233 Deliver DATA 6, ID 20438
117.233 Slide RECV window, expect 7 next
117.233 Acked DATA 2, slide SEND window
117.233 Send DATA 10 6, ID 10442
117.488 Recv DATA 7 3, ID 20439
117.488 Deliver DATA 7, ID 20439
117.488 .... 440 packets received, 7730 bps, 96.62%, Err 0 (0.0e+00)
117.488 Slide RECV window, expect 8 next
117.488 Acked DATA 3, slide SEND window
117.488 Send DATA 11 7, ID 10443
117.758 Recv DATA 8 4, ID 20440
117.758 Deliver DATA 8, ID 20440
117.758 Slide RECV window, expect 9 next
117.758 Acked DATA 4, slide SEND window
117.758 Send DATA 12 8, ID 10444
118.012 Recv DATA 9 5, ID 20441
118.012 Deliver DATA 9, ID 20441
118.012 Slide RECV window, expect 10 next
118.012 Acked DATA 5, slide SEND window
118.012 Send DATA 13 9, ID 10445
118.028 Recv ACK  6
118.028 Acked DATA 6, slide SEND window
118.028 Send DATA 14 9, ID 10446
118.281 Recv DATA 10 7, ID 20442
118.281 Deliver DATA 10, ID 20442
118.281 Slide RECV window, expect 11 next
118.281 Acked DATA 7, slide SEND window
118.282 Send DATA 15 10, ID 10447
118.551 Recv DATA 11 8, ID 20443
118.551 Deliver DATA 11, ID 20443
118.551 Slide RECV window, expect 12 next
118.551 Acked DATA 8, slide SEND window
118.551 Send DATA 0 11, ID 10448
118.821 Recv DATA 12 8, ID 20444
118.821 Deliver DATA 12, ID 20444
118.821 Slide RECV window, expect 13 next
118.949 ---- ACK timeout
118.949 Send ACK  12
119.092 Recv DATA 13 9, ID 20445
119.092 Deliver DATA 13, ID 20445
119.092 Slide RECV window, expect 14 next
119.092 Acked DATA 9, slide SEND window
119.092 Send DATA 1 13, ID 10449
119.345 Recv DATA 14 10, ID 20446
119.345 Deliver DATA 14, ID 20446
119.345 Slide RECV window, expect 15 next
119.345 Acked DATA 10, slide SEND window
119.345 Send DATA 2 14, ID 10450
119.598 Recv DATA 15 11, ID 20447
119.598 Deliver DATA 15, ID 20447
119.598 .... 448 packets received, 7731 bps, 96.63%, Err 0 (0.0e+00)
119.598 Slide RECV window, expect 0 next
119.598 Acked DATA 11, slide SEND window
119.599 Send DATA 3 15, ID 10451
119.868 Recv DATA 0 12, ID 20448
119.868 Deliver DATA 0, ID 20448
119.868 Slide RECV window, expect 1 next
119.868 Acked DATA 12, slide SEND window
119.868 Send DATA 4 0, ID 10452
120.026 Quit.
