000.000 =============================================================
000.000                     Station A                               
000.000 -------------------------------------------------------------
000.000 Protocol.lib, version 4.0, jiangyanjun0718@bupt.edu.cn
000.000 Channel: 8000 bps, 270 ms propagation delay, bit error rate 1.0E-05
000.000 Log file "long-default-A.log", TCP port 10070, debug mask 0x00
000.000 Station A is waiting for station B on TCP port 10070 ... Done.
000.413 New epoch: Wed May  6 15:52:11 2026
000.413 =================================================================
000.414 
000.414 Designed by Jiang Yanjun, build: May  6 2026  15:34:40
004.503 .... 5 packets received, 2683 bps, 33.54%, Err 1 (3.3e-05)
006.725 .... 16 packets received, 5427 bps, 67.84%, Err 1 (2.2e-05)
008.922 .... 23 packets received, 5720 bps, 71.50%, Err 1 (1.6e-05)
011.043 .... 31 packets received, 6131 bps, 76.64%, Err 1 (1.3e-05)
013.565 .... 37 packets received, 5884 bps, 73.55%, Err 1 (1.0e-05)
015.715 .... 44 packets received, 5996 bps, 74.95%, Err 1 (8.8e-06)
019.989 .... 51 packets received, 5411 bps, 67.64%, Err 2 (1.4e-05)
022.205 .... 62 packets received, 5901 bps, 73.76%, Err 2 (1.2e-05)
024.321 .... 70 packets received, 6066 bps, 75.82%, Err 2 (1.1e-05)
026.487 .... 78 packets received, 6192 bps, 77.40%, Err 2 (1.0e-05)
028.561 .... 83 packets received, 6098 bps, 76.23%, Err 3 (1.4e-05)
031.256 .... 84 packets received, 5628 bps, 70.35%, Err 3 (1.3e-05)
033.496 .... 93 packets received, 5805 bps, 72.57%, Err 3 (1.2e-05)
035.653 .... 101 packets received, 5916 bps, 73.95%, Err 3 (1.2e-05)
037.748 .... 109 packets received, 6023 bps, 75.29%, Err 3 (1.1e-05)
040.034 .... 115 packets received, 5986 bps, 74.82%, Err 4 (1.4e-05)
042.155 .... 122 packets received, 6025 bps, 75.32%, Err 4 (1.3e-05)
044.513 .... 129 packets received, 6028 bps, 75.35%, Err 4 (1.2e-05)
046.940 .... 137 packets received, 6066 bps, 75.83%, Err 5 (1.5e-05)
049.102 .... 144 packets received, 6091 bps, 76.14%, Err 5 (1.4e-05)
051.190 .... 150 packets received, 6083 bps, 76.04%, Err 5 (1.3e-05)
053.347 .... 158 packets received, 6145 bps, 76.81%, Err 5 (1.3e-05)
055.432 .... 162 packets received, 6060 bps, 75.75%, Err 5 (1.2e-05)
057.556 .... 169 packets received, 6086 bps, 76.08%, Err 5 (1.2e-05)
060.171 .... 177 packets received, 6094 bps, 76.18%, Err 5 (1.1e-05)
062.651 .... 185 packets received, 6115 bps, 76.43%, Err 5 (1.1e-05)
065.406 .... 193 packets received, 6107 bps, 76.34%, Err 5 (1.0e-05)
067.803 .... 201 packets received, 6133 bps, 76.67%, Err 5 (9.9e-06)
070.647 .... 209 packets received, 6118 bps, 76.48%, Err 5 (9.5e-06)
074.103 .... 214 packets received, 5970 bps, 74.62%, Err 6 (1.1e-05)
076.220 .... 224 packets received, 6074 bps, 75.92%, Err 6 (1.1e-05)
078.371 .... 231 packets received, 6090 bps, 76.12%, Err 6 (1.0e-05)
080.671 .... 238 packets received, 6094 bps, 76.18%, Err 6 (1.0e-05)
082.803 .... 246 packets received, 6135 bps, 76.69%, Err 6 (9.8e-06)
084.930 .... 254 packets received, 6175 bps, 77.19%, Err 6 (9.5e-06)
087.002 .... 259 packets received, 6145 bps, 76.82%, Err 7 (1.1e-05)
089.170 .... 266 packets received, 6157 bps, 76.96%, Err 7 (1.1e-05)
092.377 .... 269 packets received, 6008 bps, 75.11%, Err 8 (1.2e-05)
094.387 .... 279 packets received, 6098 bps, 76.23%, Err 8 (1.1e-05)
096.521 .... 287 packets received, 6133 bps, 76.67%, Err 8 (1.1e-05)
099.062 .... 293 packets received, 6100 bps, 76.25%, Err 8 (1.1e-05)
101.437 .... 301 packets received, 6119 bps, 76.48%, Err 8 (1.1e-05)
103.532 .... 309 packets received, 6153 bps, 76.92%, Err 8 (1.0e-05)
106.599 .... 317 packets received, 6130 bps, 76.62%, Err 8 (1.0e-05)
109.036 .... 325 packets received, 6143 bps, 76.79%, Err 8 (9.8e-06)
111.514 .... 333 packets received, 6154 bps, 76.92%, Err 8 (9.6e-06)
113.919 .... 341 packets received, 6168 bps, 77.09%, Err 8 (9.4e-06)
117.103 .... 345 packets received, 6069 bps, 75.87%, Err 9 (1.0e-05)
119.168 .... 354 packets received, 6119 bps, 76.49%, Err 9 (1.0e-05)
121.321 .... 362 packets received, 6146 bps, 76.82%, Err 9 (1.0e-05)
124.320 .... 369 packets received, 6113 bps, 76.41%, Err 9 (9.7e-06)
126.468 .... 377 packets received, 6138 bps, 76.73%, Err 9 (9.5e-06)
129.050 .... 385 packets received, 6143 bps, 76.78%, Err 9 (9.3e-06)
130.660 ** WARNING: System too busy, sleep 15 ms, but be awakened 68 ms later
131.473 .... 393 packets received, 6154 bps, 76.93%, Err 9 (9.2e-06)
133.616 .... 400 packets received, 6163 bps, 77.03%, Err 9 (9.0e-06)
137.686 .... 405 packets received, 6054 bps, 75.68%, Err 11 (1.1e-05)
139.775 .... 413 packets received, 6081 bps, 76.02%, Err 11 (1.1e-05)
141.953 .... 421 packets received, 6103 bps, 76.29%, Err 11 (1.0e-05)
144.933 .... 429 packets received, 6091 bps, 76.14%, Err 11 (1.0e-05)
147.123 .... 437 packets received, 6112 bps, 76.40%, Err 11 (1.0e-05)
150.021 .... 445 packets received, 6103 bps, 76.29%, Err 11 (9.8e-06)
152.219 .... 453 packets received, 6122 bps, 76.53%, Err 11 (9.7e-06)
153.592 ** WARNING: System too busy, sleep 15 ms, but be awakened 110 ms later
154.933 .... 461 packets received, 6121 bps, 76.51%, Err 12 (1.0e-05)
157.405 .... 469 packets received, 6129 bps, 76.61%, Err 12 (1.0e-05)
159.638 ** WARNING: System too busy, sleep 15 ms, but be awakened 78 ms later
159.802 .... 477 packets received, 6140 bps, 76.74%, Err 12 (1.0e-05)
162.217 .... 485 packets received, 6149 bps, 76.86%, Err 12 (9.9e-06)
164.636 .... 493 packets received, 6158 bps, 76.98%, Err 12 (9.7e-06)
167.063 .... 501 packets received, 6167 bps, 77.09%, Err 12 (9.6e-06)
169.492 .... 509 packets received, 6175 bps, 77.19%, Err 12 (9.4e-06)
171.885 .... 517 packets received, 6185 bps, 77.31%, Err 12 (9.3e-06)
174.307 .... 525 packets received, 6193 bps, 77.41%, Err 12 (9.1e-06)
177.782 .... 529 packets received, 6118 bps, 76.47%, Err 13 (9.7e-06)
180.052 .... 540 packets received, 6166 bps, 77.07%, Err 13 (9.6e-06)
180.709 ** WARNING: System too busy, sleep 15 ms, but be awakened 75 ms later
182.211 .... 548 packets received, 6183 bps, 77.28%, Err 13 (9.5e-06)
184.366 .... 553 packets received, 6166 bps, 77.07%, Err 13 (9.4e-06)
186.499 .... 561 packets received, 6183 bps, 77.29%, Err 13 (9.3e-06)
189.221 .... 569 packets received, 6181 bps, 77.26%, Err 13 (9.1e-06)
191.653 .... 577 packets received, 6188 bps, 77.35%, Err 13 (9.0e-06)
194.133 .... 585 packets received, 6193 bps, 77.42%, Err 13 (8.9e-06)
196.512 .... 593 packets received, 6202 bps, 77.52%, Err 13 (8.8e-06)
198.931 .... 601 packets received, 6209 bps, 77.61%, Err 13 (8.7e-06)
201.349 .... 609 packets received, 6216 bps, 77.69%, Err 13 (8.5e-06)
203.782 .... 617 packets received, 6222 bps, 77.77%, Err 13 (8.4e-06)
206.181 .... 625 packets received, 6229 bps, 77.86%, Err 13 (8.3e-06)
209.683 .... 629 packets received, 6164 bps, 77.05%, Err 15 (9.5e-06)
212.680 .... 635 packets received, 6135 bps, 76.68%, Err 15 (9.3e-06)
214.966 .... 646 packets received, 6174 bps, 77.18%, Err 15 (9.2e-06)
217.134 .... 653 packets received, 6179 bps, 77.23%, Err 15 (9.1e-06)
219.269 .... 661 packets received, 6193 bps, 77.42%, Err 15 (9.0e-06)
221.984 .... 667 packets received, 6173 bps, 77.16%, Err 15 (8.9e-06)
224.953 .... 670 packets received, 6118 bps, 76.48%, Err 16 (9.4e-06)
229.304 .... 678 packets received, 6074 bps, 75.92%, Err 18 (1.0e-05)
231.400 .... 688 packets received, 6107 bps, 76.34%, Err 18 (1.0e-05)
234.329 .... 695 packets received, 6092 bps, 76.15%, Err 18 (1.0e-05)
236.465 .... 703 packets received, 6106 bps, 76.33%, Err 18 (1.0e-05)
238.548 .... 711 packets received, 6122 bps, 76.52%, Err 18 (1.0e-05)
241.614 .... 719 packets received, 6112 bps, 76.40%, Err 18 (9.9e-06)
243.745 .... 726 packets received, 6117 bps, 76.47%, Err 18 (9.8e-06)
245.850 .... 733 packets received, 6123 bps, 76.54%, Err 18 (9.7e-06)
247.963 .... 741 packets received, 6137 bps, 76.71%, Err 18 (9.7e-06)
251.473 .... 744 packets received, 6076 bps, 75.95%, Err 19 (1.0e-05)
253.697 .... 752 packets received, 6087 bps, 76.09%, Err 20 (1.0e-05)
256.083 .... 760 packets received, 6094 bps, 76.18%, Err 20 (1.0e-05)
258.457 .... 768 packets received, 6102 bps, 76.27%, Err 20 (1.0e-05)
260.863 .... 776 packets received, 6108 bps, 76.35%, Err 20 (1.0e-05)
263.817 .... 778 packets received, 6055 bps, 75.69%, Err 21 (1.1e-05)
266.050 .... 786 packets received, 6066 bps, 75.83%, Err 21 (1.1e-05)
268.208 .... 794 packets received, 6078 bps, 75.98%, Err 21 (1.0e-05)
270.866 .... 802 packets received, 6079 bps, 75.99%, Err 21 (1.0e-05)
272.983 .... 809 packets received, 6085 bps, 76.06%, Err 21 (1.0e-05)
275.124 .... 816 packets received, 6089 bps, 76.12%, Err 21 (1.0e-05)
277.131 .... 822 packets received, 6090 bps, 76.12%, Err 21 (1.0e-05)
279.282 .... 829 packets received, 6094 bps, 76.18%, Err 21 (1.0e-05)
281.381 .... 835 packets received, 6092 bps, 76.15%, Err 21 (9.9e-06)
284.070 .... 836 packets received, 6042 bps, 75.52%, Err 23 (1.1e-05)
287.075 .... 844 packets received, 6036 bps, 75.44%, Err 23 (1.1e-05)
289.229 .... 852 packets received, 6047 bps, 75.59%, Err 23 (1.1e-05)
293.249 .... 859 packets received, 6013 bps, 75.16%, Err 25 (1.1e-05)
296.512 .... 866 packets received, 5995 bps, 74.94%, Err 25 (1.1e-05)
300.365 .... 874 packets received, 5973 bps, 74.66%, Err 25 (1.1e-05)
302.478 .... 882 packets received, 5985 bps, 74.82%, Err 25 (1.1e-05)
304.917 .... 890 packets received, 5991 bps, 74.89%, Err 25 (1.1e-05)
307.672 .... 898 packets received, 5991 bps, 74.89%, Err 25 (1.1e-05)
309.812 .... 906 packets received, 6002 bps, 75.03%, Err 25 (1.1e-05)
312.525 .... 914 packets received, 6003 bps, 75.03%, Err 25 (1.1e-05)
314.911 .... 922 packets received, 6009 bps, 75.12%, Err 25 (1.1e-05)
317.541 .... 930 packets received, 6011 bps, 75.14%, Err 25 (1.0e-05)
319.926 .... 938 packets received, 6018 bps, 75.22%, Err 25 (1.0e-05)
322.495 .... 946 packets received, 6020 bps, 75.25%, Err 25 (1.0e-05)
324.898 .... 954 packets received, 6026 bps, 75.33%, Err 25 (1.0e-05)
327.295 .... 962 packets received, 6032 bps, 75.40%, Err 25 (1.0e-05)
329.798 .... 970 packets received, 6036 bps, 75.45%, Err 25 (1.0e-05)
331.950 .... 978 packets received, 6046 bps, 75.58%, Err 25 (1.0e-05)
334.856 .... 986 packets received, 6043 bps, 75.54%, Err 25 (9.9e-06)
337.059 .... 994 packets received, 6052 bps, 75.65%, Err 25 (9.8e-06)
339.746 .... 1002 packets received, 6052 bps, 75.65%, Err 25 (9.8e-06)
342.152 .... 1010 packets received, 6058 bps, 75.72%, Err 25 (9.7e-06)
346.529 .... 1017 packets received, 6022 bps, 75.28%, Err 26 (9.9e-06)
348.614 .... 1028 packets received, 6051 bps, 75.64%, Err 26 (9.9e-06)
350.766 .... 1036 packets received, 6061 bps, 75.76%, Err 27 (1.0e-05)
354.779 .... 1040 packets received, 6015 bps, 75.19%, Err 28 (1.0e-05)
356.847 .... 1051 packets received, 6044 bps, 75.54%, Err 28 (1.0e-05)
358.997 .... 1058 packets received, 6047 bps, 75.59%, Err 28 (1.0e-05)
361.044 .... 1064 packets received, 6047 bps, 75.59%, Err 28 (1.0e-05)
363.221 .... 1072 packets received, 6056 bps, 75.70%, Err 28 (1.0e-05)
366.635 .... 1076 packets received, 6022 bps, 75.27%, Err 29 (1.0e-05)
368.786 .... 1084 packets received, 6031 bps, 75.39%, Err 29 (1.0e-05)
370.942 .... 1092 packets received, 6040 bps, 75.50%, Err 29 (1.0e-05)
373.627 .... 1100 packets received, 6041 bps, 75.51%, Err 29 (1.0e-05)
377.908 .... 1107 packets received, 6010 bps, 75.13%, Err 30 (1.1e-05)
380.098 .... 1119 packets received, 6040 bps, 75.50%, Err 30 (1.0e-05)
382.221 .... 1126 packets received, 6044 bps, 75.55%, Err 30 (1.0e-05)
382.496 ** WARNING: System too busy, sleep 15 ms, but be awakened 79 ms later
384.343 .... 1132 packets received, 6043 bps, 75.53%, Err 30 (1.0e-05)
386.785 .... 1139 packets received, 6042 bps, 75.52%, Err 30 (1.0e-05)
389.328 .... 1147 packets received, 6044 bps, 75.55%, Err 30 (1.0e-05)
392.208 .... 1155 packets received, 6042 bps, 75.52%, Err 30 (1.0e-05)
394.629 .... 1163 packets received, 6046 bps, 75.58%, Err 30 (1.0e-05)
397.060 .... 1171 packets received, 6050 bps, 75.63%, Err 30 (1.0e-05)
399.498 .... 1179 packets received, 6054 bps, 75.68%, Err 30 (9.9e-06)
402.314 .... 1187 packets received, 6053 bps, 75.66%, Err 30 (9.9e-06)
404.715 .... 1195 packets received, 6057 bps, 75.72%, Err 30 (9.8e-06)
408.744 .... 1201 packets received, 6028 bps, 75.35%, Err 31 (1.0e-05)
410.745 .... 1210 packets received, 6043 bps, 75.54%, Err 31 (1.0e-05)
413.455 .... 1212 packets received, 6013 bps, 75.17%, Err 32 (1.0e-05)
415.567 .... 1221 packets received, 6027 bps, 75.34%, Err 32 (1.0e-05)
417.727 .... 1228 packets received, 6030 bps, 75.38%, Err 33 (1.0e-05)
420.099 .... 1229 packets received, 6001 bps, 75.02%, Err 33 (1.0e-05)
422.334 .... 1237 packets received, 6008 bps, 75.10%, Err 34 (1.1e-05)
424.456 .... 1244 packets received, 6012 bps, 75.15%, Err 34 (1.1e-05)
426.602 .... 1251 packets received, 6015 bps, 75.19%, Err 34 (1.1e-05)
428.750 .... 1258 packets received, 6019 bps, 75.23%, Err 34 (1.1e-05)
433.012 .... 1264 packets received, 5988 bps, 74.85%, Err 35 (1.1e-05)
435.012 .... 1273 packets received, 6003 bps, 75.03%, Err 35 (1.1e-05)
437.170 .... 1281 packets received, 6011 bps, 75.13%, Err 35 (1.1e-05)
439.566 .... 1288 packets received, 6010 bps, 75.13%, Err 35 (1.1e-05)
441.975 .... 1296 packets received, 6015 bps, 75.18%, Err 35 (1.0e-05)
444.105 .... 1304 packets received, 6023 bps, 75.28%, Err 35 (1.0e-05)
447.296 .... 1312 packets received, 6016 bps, 75.20%, Err 35 (1.0e-05)
449.415 .... 1320 packets received, 6024 bps, 75.31%, Err 35 (1.0e-05)
451.542 .... 1328 packets received, 6032 bps, 75.41%, Err 35 (1.0e-05)
453.682 .... 1336 packets received, 6040 bps, 75.50%, Err 35 (1.0e-05)
455.703 .... 1341 packets received, 6036 bps, 75.45%, Err 35 (1.0e-05)
457.824 .... 1348 packets received, 6039 bps, 75.49%, Err 35 (1.0e-05)
459.907 .... 1356 packets received, 6047 bps, 75.59%, Err 35 (1.0e-05)
461.974 .... 1361 packets received, 6043 bps, 75.53%, Err 35 (1.0e-05)
464.162 .... 1368 packets received, 6045 bps, 75.56%, Err 35 (1.0e-05)
465.944 ** WARNING: System too busy, sleep 15 ms, but be awakened 69 ms later
466.812 .... 1376 packets received, 6046 bps, 75.57%, Err 35 (9.9e-06)
468.912 .... 1383 packets received, 6049 bps, 75.62%, Err 36 (1.0e-05)
471.067 .... 1390 packets received, 6052 bps, 75.65%, Err 36 (1.0e-05)
471.918 ** WARNING: System too busy, sleep 15 ms, but be awakened 83 ms later
473.187 .... 1396 packets received, 6051 bps, 75.64%, Err 36 (1.0e-05)
475.284 .... 1404 packets received, 6059 bps, 75.73%, Err 36 (1.0e-05)
477.346 .... 1408 packets received, 6050 bps, 75.62%, Err 36 (1.0e-05)
478.807 ** WARNING: System too busy, sleep 15 ms, but be awakened 113 ms later
479.792 .... 1416 packets received, 6053 bps, 75.66%, Err 36 (1.0e-05)
482.365 .... 1424 packets received, 6055 bps, 75.68%, Err 36 (9.9e-06)
484.582 .... 1432 packets received, 6061 bps, 75.76%, Err 36 (9.9e-06)
487.313 .... 1440 packets received, 6060 bps, 75.75%, Err 37 (1.0e-05)
489.663 .... 1448 packets received, 6065 bps, 75.81%, Err 37 (1.0e-05)
492.465 .... 1456 packets received, 6063 bps, 75.79%, Err 37 (1.0e-05)
494.908 .... 1464 packets received, 6067 bps, 75.83%, Err 37 (9.9e-06)
497.433 .... 1472 packets received, 6069 bps, 75.86%, Err 38 (1.0e-05)
499.890 .... 1480 packets received, 6072 bps, 75.90%, Err 38 (1.0e-05)
502.032 .... 1488 packets received, 6078 bps, 75.98%, Err 38 (1.0e-05)
504.683 .... 1496 packets received, 6079 bps, 75.99%, Err 38 (1.0e-05)
506.853 .... 1504 packets received, 6085 bps, 76.07%, Err 38 (9.9e-06)
509.528 .... 1512 packets received, 6086 bps, 76.07%, Err 39 (1.0e-05)
511.641 .... 1519 packets received, 6088 bps, 76.11%, Err 39 (1.0e-05)
513.775 .... 1527 packets received, 6095 bps, 76.19%, Err 39 (1.0e-05)
515.898 .... 1532 packets received, 6090 bps, 76.12%, Err 39 (1.0e-05)
518.018 .... 1540 packets received, 6097 bps, 76.21%, Err 39 (1.0e-05)
520.272 .... 1546 packets received, 6094 bps, 76.17%, Err 39 (9.9e-06)
522.661 .... 1554 packets received, 6097 bps, 76.22%, Err 39 (9.9e-06)
525.084 .... 1562 packets received, 6100 bps, 76.25%, Err 39 (9.8e-06)
527.516 .... 1570 packets received, 6103 bps, 76.29%, Err 39 (9.8e-06)
529.918 .... 1578 packets received, 6106 bps, 76.33%, Err 39 (9.7e-06)
533.434 .... 1582 packets received, 6082 bps, 76.02%, Err 40 (9.9e-06)
535.692 .... 1591 packets received, 6090 bps, 76.13%, Err 40 (9.9e-06)
537.847 .... 1599 packets received, 6096 bps, 76.21%, Err 40 (9.8e-06)
540.275 .... 1606 packets received, 6096 bps, 76.19%, Err 40 (9.8e-06)
542.363 .... 1613 packets received, 6099 bps, 76.23%, Err 40 (9.8e-06)
544.538 .... 1620 packets received, 6100 bps, 76.26%, Err 40 (9.7e-06)
546.723 .... 1627 packets received, 6102 bps, 76.28%, Err 40 (9.7e-06)
548.906 .... 1634 packets received, 6104 bps, 76.30%, Err 40 (9.6e-06)
550.986 .... 1640 packets received, 6103 bps, 76.29%, Err 40 (9.6e-06)
553.077 .... 1648 packets received, 6110 bps, 76.38%, Err 40 (9.6e-06)
556.341 .... 1650 packets received, 6081 bps, 76.02%, Err 42 (1.0e-05)
559.171 .... 1656 packets received, 6073 bps, 75.91%, Err 42 (9.9e-06)
561.877 .... 1664 packets received, 6073 bps, 75.91%, Err 42 (9.9e-06)
564.044 .... 1672 packets received, 6078 bps, 75.98%, Err 42 (9.9e-06)
566.661 .... 1680 packets received, 6079 bps, 75.99%, Err 42 (9.8e-06)
569.109 .... 1688 packets received, 6082 bps, 76.02%, Err 42 (9.8e-06)
571.221 .... 1695 packets received, 6084 bps, 76.06%, Err 42 (9.7e-06)
573.335 .... 1702 packets received, 6087 bps, 76.09%, Err 42 (9.7e-06)
575.379 .... 1708 packets received, 6087 bps, 76.08%, Err 42 (9.7e-06)
577.549 .... 1715 packets received, 6089 bps, 76.11%, Err 42 (9.6e-06)
579.651 .... 1722 packets received, 6091 bps, 76.14%, Err 42 (9.6e-06)
581.787 .... 1730 packets received, 6097 bps, 76.21%, Err 42 (9.6e-06)
584.112 .... 1736 packets received, 6094 bps, 76.17%, Err 42 (9.5e-06)
586.509 .... 1744 packets received, 6097 bps, 76.21%, Err 42 (9.5e-06)
589.064 .... 1752 packets received, 6098 bps, 76.23%, Err 42 (9.4e-06)
591.458 .... 1760 packets received, 6101 bps, 76.27%, Err 43 (9.6e-06)
593.587 .... 1768 packets received, 6107 bps, 76.34%, Err 43 (9.6e-06)
598.769 .... 1775 packets received, 6078 bps, 75.98%, Err 46 (1.0e-05)
602.135 .... 1784 packets received, 6075 bps, 75.93%, Err 46 (1.0e-05)
604.307 .... 1789 packets received, 6070 bps, 75.87%, Err 46 (1.0e-05)
606.373 .... 1797 packets received, 6076 bps, 75.95%, Err 46 (1.0e-05)
608.588 .... 1803 packets received, 6074 bps, 75.93%, Err 46 (1.0e-05)
610.973 .... 1809 packets received, 6071 bps, 75.88%, Err 46 (1.0e-05)
613.106 .... 1816 packets received, 6073 bps, 75.91%, Err 46 (9.9e-06)
615.213 .... 1824 packets received, 6079 bps, 75.98%, Err 46 (9.9e-06)
617.273 .... 1829 packets received, 6075 bps, 75.94%, Err 46 (9.9e-06)
619.404 .... 1836 packets received, 6077 bps, 75.97%, Err 46 (9.8e-06)
621.416 .... 1842 packets received, 6077 bps, 75.97%, Err 46 (9.8e-06)
623.810 .... 1850 packets received, 6080 bps, 76.00%, Err 46 (9.8e-06)
626.232 .... 1858 packets received, 6083 bps, 76.04%, Err 46 (9.7e-06)
628.307 .... 1866 packets received, 6089 bps, 76.11%, Err 46 (9.7e-06)
630.493 .... 1872 packets received, 6087 bps, 76.09%, Err 46 (9.7e-06)
632.900 .... 1880 packets received, 6090 bps, 76.13%, Err 46 (9.6e-06)
636.205 .... 1882 packets received, 6065 bps, 75.81%, Err 47 (9.8e-06)
638.542 .... 1890 packets received, 6068 bps, 75.85%, Err 47 (9.7e-06)
640.740 .... 1898 packets received, 6073 bps, 75.91%, Err 47 (9.7e-06)
643.391 .... 1906 packets received, 6074 bps, 75.92%, Err 47 (9.7e-06)
645.849 .... 1914 packets received, 6076 bps, 75.95%, Err 47 (9.6e-06)
648.277 .... 1922 packets received, 6078 bps, 75.98%, Err 47 (9.6e-06)
650.355 .... 1929 packets received, 6081 bps, 76.01%, Err 47 (9.6e-06)
652.516 .... 1936 packets received, 6083 bps, 76.03%, Err 47 (9.5e-06)
654.640 .... 1944 packets received, 6088 bps, 76.10%, Err 47 (9.5e-06)
656.956 .... 1949 packets received, 6082 bps, 76.03%, Err 47 (9.5e-06)
661.206 .... 1956 packets received, 6065 bps, 75.81%, Err 48 (9.6e-06)
663.973 .... 1964 packets received, 6064 bps, 75.80%, Err 48 (9.6e-06)
666.094 .... 1972 packets received, 6069 bps, 75.87%, Err 48 (9.5e-06)
669.011 .... 1980 packets received, 6067 bps, 75.84%, Err 48 (9.5e-06)
671.403 .... 1988 packets received, 6070 bps, 75.88%, Err 48 (9.5e-06)
676.569 .... 1996 packets received, 6048 bps, 75.60%, Err 49 (9.6e-06)
679.639 .... 2004 packets received, 6045 bps, 75.56%, Err 49 (9.6e-06)
681.834 .... 2012 packets received, 6049 bps, 75.62%, Err 49 (9.5e-06)
684.440 .... 2020 packets received, 6050 bps, 75.63%, Err 49 (9.5e-06)
686.624 .... 2028 packets received, 6055 bps, 75.69%, Err 49 (9.5e-06)
689.616 .... 2036 packets received, 6052 bps, 75.66%, Err 49 (9.4e-06)
691.666 .... 2044 packets received, 6058 bps, 75.73%, Err 50 (9.6e-06)
694.602 .... 2052 packets received, 6056 bps, 75.70%, Err 51 (9.7e-06)
697.546 .... 2055 packets received, 6039 bps, 75.49%, Err 52 (9.9e-06)
699.895 .... 2063 packets received, 6043 bps, 75.53%, Err 52 (9.9e-06)
702.065 .... 2071 packets received, 6047 bps, 75.59%, Err 52 (9.8e-06)
706.882 .... 2078 packets received, 6026 bps, 75.33%, Err 53 (9.9e-06)
709.039 .... 2090 packets received, 6043 bps, 75.53%, Err 53 (9.9e-06)
711.152 .... 2097 packets received, 6045 bps, 75.56%, Err 53 (9.9e-06)
714.340 .... 2100 packets received, 6026 bps, 75.33%, Err 54 (1.0e-05)
716.361 .... 2110 packets received, 6038 bps, 75.48%, Err 54 (1.0e-05)
718.476 .... 2118 packets received, 6043 bps, 75.54%, Err 54 (1.0e-05)
720.629 .... 2126 packets received, 6048 bps, 75.60%, Err 54 (9.9e-06)
723.544 .... 2133 packets received, 6043 bps, 75.54%, Err 54 (9.9e-06)
725.721 .... 2141 packets received, 6048 bps, 75.60%, Err 54 (9.9e-06)
728.573 .... 2149 packets received, 6046 bps, 75.58%, Err 54 (9.8e-06)
730.935 .... 2157 packets received, 6049 bps, 75.62%, Err 54 (9.8e-06)
732.330 ** WARNING: System too busy, sleep 15 ms, but be awakened 67 ms later
733.155 .... 2165 packets received, 6053 bps, 75.67%, Err 55 (9.9e-06)
735.820 .... 2166 packets received, 6034 bps, 75.43%, Err 55 (9.9e-06)
739.392 .... 2174 packets received, 6027 bps, 75.34%, Err 55 (9.9e-06)
742.845 .... 2179 packets received, 6013 bps, 75.16%, Err 56 (1.0e-05)
744.873 .... 2188 packets received, 6021 bps, 75.27%, Err 56 (1.0e-05)
747.066 .... 2195 packets received, 6023 bps, 75.29%, Err 56 (1.0e-05)
749.588 .... 2203 packets received, 6024 bps, 75.31%, Err 56 (9.9e-06)
754.417 .... 2211 packets received, 6008 bps, 75.10%, Err 57 (1.0e-05)
756.089 ** WARNING: System too busy, sleep 15 ms, but be awakened 91 ms later
756.720 .... 2219 packets received, 6011 bps, 75.14%, Err 57 (1.0e-05)
758.918 .... 2227 packets received, 6015 bps, 75.19%, Err 57 (1.0e-05)
761.601 .... 2235 packets received, 6016 bps, 75.19%, Err 57 (9.9e-06)
764.020 .... 2243 packets received, 6018 bps, 75.22%, Err 58 (1.0e-05)
766.110 .... 2250 packets received, 6020 bps, 75.25%, Err 58 (1.0e-05)
768.847 .... 2251 packets received, 6001 bps, 75.02%, Err 59 (1.0e-05)
771.782 .... 2259 packets received, 6000 bps, 75.00%, Err 59 (1.0e-05)
773.899 .... 2267 packets received, 6005 bps, 75.06%, Err 59 (1.0e-05)
776.500 .... 2275 packets received, 6006 bps, 75.07%, Err 59 (1.0e-05)
778.943 .... 2283 packets received, 6008 bps, 75.10%, Err 59 (1.0e-05)
781.105 .... 2290 packets received, 6009 bps, 75.12%, Err 59 (1.0e-05)
783.196 .... 2297 packets received, 6012 bps, 75.15%, Err 59 (1.0e-05)
785.358 .... 2304 packets received, 6013 bps, 75.17%, Err 59 (1.0e-05)
787.523 .... 2311 packets received, 6015 bps, 75.19%, Err 59 (9.9e-06)
789.678 .... 2318 packets received, 6017 bps, 75.21%, Err 59 (9.9e-06)
793.145 ** WARNING: System too busy, sleep 15 ms, but be awakened 78 ms later
794.016 .... 2324 packets received, 5999 bps, 74.99%, Err 60 (1.0e-05)
796.523 .... 2332 packets received, 6001 bps, 75.01%, Err 60 (1.0e-05)
798.583 .... 2340 packets received, 6006 bps, 75.08%, Err 60 (1.0e-05)
800.721 .... 2348 packets received, 6011 bps, 75.13%, Err 60 (9.9e-06)
802.825 .... 2353 packets received, 6008 bps, 75.10%, Err 60 (9.9e-06)
804.946 .... 2361 packets received, 6012 bps, 75.15%, Err 60 (9.9e-06)
807.123 .... 2366 packets received, 6009 bps, 75.11%, Err 60 (9.9e-06)
809.281 .... 2373 packets received, 6010 bps, 75.13%, Err 60 (9.9e-06)
811.425 .... 2380 packets received, 6012 bps, 75.15%, Err 60 (9.8e-06)
813.537 .... 2388 packets received, 6017 bps, 75.21%, Err 60 (9.8e-06)
815.619 .... 2393 packets received, 6014 bps, 75.17%, Err 60 (9.8e-06)
816.303 ** WARNING: System too busy, sleep 15 ms, but be awakened 87 ms later
817.739 .... 2400 packets received, 6016 bps, 75.20%, Err 60 (9.7e-06)
819.884 .... 2408 packets received, 6020 bps, 75.25%, Err 60 (9.7e-06)
822.020 .... 2414 packets received, 6019 bps, 75.24%, Err 60 (9.7e-06)
824.175 .... 2422 packets received, 6023 bps, 75.29%, Err 60 (9.7e-06)
826.606 .... 2429 packets received, 6023 bps, 75.29%, Err 61 (9.8e-06)
828.712 .... 2436 packets received, 6025 bps, 75.31%, Err 61 (9.8e-06)
830.864 .... 2444 packets received, 6029 bps, 75.37%, Err 62 (9.9e-06)
832.999 .... 2451 packets received, 6031 bps, 75.39%, Err 62 (9.9e-06)
835.156 .... 2457 packets received, 6030 bps, 75.38%, Err 62 (9.9e-06)
837.291 .... 2465 packets received, 6034 bps, 75.43%, Err 62 (9.8e-06)
839.297 .... 2470 packets received, 6032 bps, 75.40%, Err 62 (9.8e-06)
841.383 .... 2477 packets received, 6034 bps, 75.43%, Err 62 (9.8e-06)
844.742 .... 2481 packets received, 6020 bps, 75.25%, Err 63 (9.9e-06)
847.304 .... 2489 packets received, 6021 bps, 75.26%, Err 63 (9.9e-06)
849.427 .... 2497 packets received, 6025 bps, 75.32%, Err 63 (9.8e-06)
854.275 .... 2505 packets received, 6010 bps, 75.13%, Err 65 (1.0e-05)
858.439 .... 2512 packets received, 5998 bps, 74.97%, Err 65 (1.0e-05)
860.699 .... 2523 packets received, 6008 bps, 75.10%, Err 65 (1.0e-05)
862.835 .... 2531 packets received, 6012 bps, 75.15%, Err 65 (1.0e-05)
863.904 ** WARNING: System too busy, sleep 15 ms, but be awakened 70 ms later
864.913 .... 2536 packets received, 6010 bps, 75.12%, Err 66 (1.0e-05)
867.634 .... 2537 packets received, 5993 bps, 74.91%, Err 67 (1.0e-05)
870.010 .... 2545 packets received, 5996 bps, 74.95%, Err 67 (1.0e-05)
872.105 .... 2550 packets received, 5993 bps, 74.91%, Err 67 (1.0e-05)
874.259 .... 2558 packets received, 5997 bps, 74.96%, Err 67 (1.0e-05)
876.412 .... 2566 packets received, 6001 bps, 75.01%, Err 67 (1.0e-05)
878.604 .... 2573 packets received, 6002 bps, 75.03%, Err 67 (1.0e-05)
880.745 .... 2580 packets received, 6004 bps, 75.05%, Err 67 (1.0e-05)
882.814 .... 2588 packets received, 6008 bps, 75.11%, Err 67 (1.0e-05)
885.716 .... 2594 packets received, 6003 bps, 75.03%, Err 67 (1.0e-05)
889.462 .... 2600 packets received, 5991 bps, 74.89%, Err 68 (1.0e-05)
891.490 .... 2610 packets received, 6001 bps, 75.01%, Err 68 (1.0e-05)
893.647 .... 2617 packets received, 6002 bps, 75.03%, Err 68 (1.0e-05)
895.952 .... 2624 packets received, 6003 bps, 75.03%, Err 68 (1.0e-05)
898.065 .... 2632 packets received, 6007 bps, 75.08%, Err 68 (1.0e-05)
901.251 .... 2640 packets received, 6004 bps, 75.05%, Err 68 (1.0e-05)
903.374 .... 2648 packets received, 6008 bps, 75.10%, Err 68 (1.0e-05)
906.024 .... 2656 packets received, 6008 bps, 75.10%, Err 68 (1.0e-05)
908.147 .... 2664 packets received, 6012 bps, 75.15%, Err 68 (9.9e-06)
912.313 .... 2668 packets received, 5994 bps, 74.92%, Err 69 (1.0e-05)
914.434 .... 2679 packets received, 6004 bps, 75.06%, Err 69 (1.0e-05)
916.620 .... 2687 packets received, 6008 bps, 75.10%, Err 69 (1.0e-05)
918.718 .... 2695 packets received, 6012 bps, 75.15%, Err 69 (1.0e-05)
921.322 .... 2701 packets received, 6009 bps, 75.11%, Err 69 (1.0e-05)
923.408 .... 2709 packets received, 6013 bps, 75.16%, Err 69 (9.9e-06)
925.923 .... 2717 packets received, 6014 bps, 75.18%, Err 69 (9.9e-06)
928.308 .... 2725 packets received, 6016 bps, 75.20%, Err 69 (9.9e-06)
930.409 .... 2732 packets received, 6018 bps, 75.23%, Err 69 (9.8e-06)
932.588 .... 2739 packets received, 6019 bps, 75.24%, Err 69 (9.8e-06)
934.800 .... 2747 packets received, 6023 bps, 75.28%, Err 69 (9.8e-06)
936.988 .... 2753 packets received, 6022 bps, 75.27%, Err 69 (9.8e-06)
939.118 .... 2761 packets received, 6026 bps, 75.32%, Err 69 (9.8e-06)
942.443 .... 2763 packets received, 6009 bps, 75.11%, Err 71 (1.0e-05)
945.960 .... 2773 packets received, 6008 bps, 75.10%, Err 72 (1.0e-05)
948.104 .... 2779 packets received, 6007 bps, 75.09%, Err 72 (1.0e-05)
950.250 .... 2787 packets received, 6011 bps, 75.14%, Err 72 (1.0e-05)
952.338 .... 2793 packets received, 6011 bps, 75.13%, Err 72 (1.0e-05)
954.478 .... 2800 packets received, 6012 bps, 75.15%, Err 72 (1.0e-05)
958.510 .... 2806 packets received, 6000 bps, 75.00%, Err 73 (1.0e-05)
961.082 ** WARNING: System too busy, sleep 15 ms, but be awakened 66 ms later
961.582 .... 2814 packets received, 5998 bps, 74.97%, Err 73 (1.0e-05)
963.724 .... 2822 packets received, 6001 bps, 75.02%, Err 73 (1.0e-05)
966.605 .... 2830 packets received, 6000 bps, 75.00%, Err 73 (1.0e-05)
968.781 .... 2838 packets received, 6004 bps, 75.05%, Err 74 (1.0e-05)
971.160 .... 2846 packets received, 6006 bps, 75.07%, Err 74 (1.0e-05)
973.924 .... 2854 packets received, 6006 bps, 75.07%, Err 74 (1.0e-05)
976.111 .... 2862 packets received, 6009 bps, 75.11%, Err 74 (1.0e-05)
978.725 .... 2870 packets received, 6010 bps, 75.12%, Err 74 (1.0e-05)
981.082 .... 2878 packets received, 6012 bps, 75.15%, Err 74 (1.0e-05)
983.578 .... 2886 packets received, 6013 bps, 75.17%, Err 74 (1.0e-05)
986.004 .... 2894 packets received, 6015 bps, 75.19%, Err 74 (1.0e-05)
988.417 .... 2902 packets received, 6017 bps, 75.21%, Err 74 (9.9e-06)
990.972 .... 2910 packets received, 6018 bps, 75.23%, Err 74 (9.9e-06)
993.371 .... 2918 packets received, 6020 bps, 75.25%, Err 75 (1.0e-05)
995.513 .... 2926 packets received, 6024 bps, 75.30%, Err 75 (1.0e-05)
1000.569 .... 2934 packets received, 6010 bps, 75.12%, Err 77 (1.0e-05)
1003.048 .... 2939 packets received, 6005 bps, 75.06%, Err 78 (1.0e-05)
1005.279 .... 2948 packets received, 6010 bps, 75.12%, Err 78 (1.0e-05)
1007.402 .... 2954 packets received, 6009 bps, 75.12%, Err 78 (1.0e-05)
1009.524 .... 2962 packets received, 6013 bps, 75.16%, Err 78 (1.0e-05)
1011.631 .... 2970 packets received, 6017 bps, 75.21%, Err 78 (1.0e-05)
1013.694 .... 2974 packets received, 6013 bps, 75.16%, Err 78 (1.0e-05)
1015.826 .... 2982 packets received, 6016 bps, 75.20%, Err 78 (1.0e-05)
1018.003 .... 2988 packets received, 6015 bps, 75.19%, Err 78 (1.0e-05)
1020.454 .... 2995 packets received, 6015 bps, 75.19%, Err 79 (1.0e-05)
1023.082 .... 2996 packets received, 6001 bps, 75.02%, Err 80 (1.0e-05)
1027.092 .... 3001 packets received, 5988 bps, 74.85%, Err 80 (1.0e-05)
1031.612 .... 3013 packets received, 5986 bps, 74.82%, Err 81 (1.0e-05)
1033.832 .... 3023 packets received, 5992 bps, 74.91%, Err 81 (1.0e-05)
1036.002 .... 3031 packets received, 5996 bps, 74.95%, Err 81 (1.0e-05)
1038.115 .... 3037 packets received, 5995 bps, 74.94%, Err 82 (1.0e-05)
1040.526 .... 3045 packets received, 5997 bps, 74.97%, Err 82 (1.0e-05)
1042.742 .... 3053 packets received, 6000 bps, 75.00%, Err 82 (1.0e-05)
1045.399 .... 3061 packets received, 6001 bps, 75.01%, Err 82 (1.0e-05)
1047.547 .... 3069 packets received, 6004 bps, 75.05%, Err 82 (1.0e-05)
1049.649 .... 3077 packets received, 6008 bps, 75.09%, Err 82 (1.0e-05)
1051.925 .... 3083 packets received, 6006 bps, 75.08%, Err 82 (1.0e-05)
1054.017 .... 3090 packets received, 6008 bps, 75.10%, Err 82 (1.0e-05)
1056.128 .... 3096 packets received, 6008 bps, 75.09%, Err 82 (1.0e-05)
1058.308 .... 3103 packets received, 6009 bps, 75.11%, Err 82 (1.0e-05)
1060.992 .... 3111 packets received, 6009 bps, 75.11%, Err 82 (1.0e-05)
1063.407 .... 3119 packets received, 6011 bps, 75.13%, Err 82 (1.0e-05)
1065.796 .... 3127 packets received, 6013 bps, 75.16%, Err 82 (1.0e-05)
1068.847 .... 3135 packets received, 6011 bps, 75.13%, Err 82 (1.0e-05)
1070.979 .... 3142 packets received, 6012 bps, 75.15%, Err 82 (1.0e-05)
1074.400 .... 3145 packets received, 5999 bps, 74.98%, Err 83 (1.0e-05)
1077.228 .... 3153 packets received, 5998 bps, 74.98%, Err 83 (1.0e-05)
1079.407 .... 3161 packets received, 6001 bps, 75.02%, Err 83 (1.0e-05)
1082.296 .... 3169 packets received, 6000 bps, 75.01%, Err 83 (1.0e-05)
1084.419 .... 3177 packets received, 6004 bps, 75.05%, Err 83 (1.0e-05)
1087.379 .... 3185 packets received, 6003 bps, 75.03%, Err 83 (1.0e-05)
1089.478 .... 3193 packets received, 6006 bps, 75.07%, Err 83 (1.0e-05)
1092.091 .... 3201 packets received, 6007 bps, 75.08%, Err 83 (1.0e-05)
1094.212 .... 3208 packets received, 6008 bps, 75.10%, Err 83 (1.0e-05)
1096.370 .... 3215 packets received, 6009 bps, 75.12%, Err 83 (1.0e-05)
1098.505 .... 3223 packets received, 6013 bps, 75.16%, Err 83 (1.0e-05)
1100.656 .... 3231 packets received, 6016 bps, 75.20%, Err 83 (1.0e-05)
1102.738 .... 3235 packets received, 6012 bps, 75.15%, Err 83 (1.0e-05)
1104.866 .... 3242 packets received, 6013 bps, 75.16%, Err 83 (1.0e-05)
1108.875 .... 3248 packets received, 6003 bps, 75.03%, Err 84 (1.0e-05)
1111.141 .... 3260 packets received, 6012 bps, 75.15%, Err 84 (1.0e-05)
1113.311 .... 3266 packets received, 6012 bps, 75.15%, Err 84 (1.0e-05)
1115.458 .... 3273 packets received, 6013 bps, 75.16%, Err 84 (1.0e-05)
1117.974 .... 3281 packets received, 6014 bps, 75.18%, Err 85 (1.0e-05)
1120.385 .... 3289 packets received, 6016 bps, 75.20%, Err 85 (1.0e-05)
1122.790 .... 3297 packets received, 6018 bps, 75.22%, Err 85 (1.0e-05)
1125.242 .... 3305 packets received, 6019 bps, 75.24%, Err 85 (1.0e-05)
1127.327 .... 3313 packets received, 6022 bps, 75.28%, Err 85 (1.0e-05)
1128.639 ** WARNING: System too busy, sleep 15 ms, but be awakened 70 ms later
1129.447 .... 3321 packets received, 6026 bps, 75.32%, Err 85 (1.0e-05)
1131.625 .... 3326 packets received, 6023 bps, 75.29%, Err 85 (1.0e-05)
1133.775 .... 3333 packets received, 6024 bps, 75.30%, Err 85 (9.9e-06)
1136.024 .... 3340 packets received, 6025 bps, 75.31%, Err 85 (9.9e-06)
1138.985 .... 3342 packets received, 6013 bps, 75.16%, Err 86 (1.0e-05)
1141.343 .... 3350 packets received, 6015 bps, 75.18%, Err 86 (1.0e-05)
1143.621 .... 3358 packets received, 6017 bps, 75.21%, Err 86 (1.0e-05)
1146.821 .... 3366 packets received, 6015 bps, 75.18%, Err 87 (1.0e-05)
1149.257 .... 3374 packets received, 6016 bps, 75.20%, Err 87 (1.0e-05)
1151.366 .... 3382 packets received, 6019 bps, 75.24%, Err 87 (1.0e-05)
1154.135 .... 3390 packets received, 6019 bps, 75.24%, Err 87 (1.0e-05)
1156.280 .... 3398 packets received, 6022 bps, 75.28%, Err 87 (1.0e-05)
1159.081 .... 3406 packets received, 6022 bps, 75.27%, Err 87 (1.0e-05)
1161.507 .... 3414 packets received, 6023 bps, 75.29%, Err 88 (1.0e-05)
1163.892 .... 3422 packets received, 6025 bps, 75.31%, Err 88 (1.0e-05)
1166.027 .... 3430 packets received, 6028 bps, 75.35%, Err 88 (1.0e-05)
1168.732 .... 3438 packets received, 6028 bps, 75.35%, Err 88 (1.0e-05)
1170.840 .... 3446 packets received, 6031 bps, 75.39%, Err 88 (1.0e-05)
1173.020 .... 3454 packets received, 6034 bps, 75.42%, Err 88 (9.9e-06)
1177.006 .... 3459 packets received, 6022 bps, 75.28%, Err 89 (1.0e-05)
1179.060 .... 3470 packets received, 6031 bps, 75.39%, Err 89 (1.0e-05)
1181.202 .... 3478 packets received, 6034 bps, 75.42%, Err 89 (1.0e-05)
1183.671 .... 3483 packets received, 6030 bps, 75.37%, Err 89 (1.0e-05)
1185.759 .... 3491 packets received, 6033 bps, 75.41%, Err 89 (1.0e-05)
1188.633 .... 3499 packets received, 6032 bps, 75.40%, Err 90 (1.0e-05)
1190.757 .... 3506 packets received, 6034 bps, 75.42%, Err 90 (1.0e-05)
1193.657 .... 3507 packets received, 6021 bps, 75.26%, Err 91 (1.0e-05)
1195.742 .... 3518 packets received, 6029 bps, 75.36%, Err 91 (1.0e-05)
1197.916 .... 3526 packets received, 6032 bps, 75.40%, Err 91 (1.0e-05)
1200.039 Quit.
