000.000 =============================================================
000.000                     Station B                               
000.000 -------------------------------------------------------------
000.000 Protocol.lib, version 4.0, jiangyanjun0718@bupt.edu.cn
000.000 Channel: 8000 bps, 270 ms propagation delay, bit error rate 1.0E-05
000.000 Log file "long-default-B.log", TCP port 10070, debug mask 0x00
000.000 Station B is connecting station A (TCP port 10070) ... Done.
000.413 New epoch: Wed May  6 15:52:11 2026
000.413 =================================================================
000.414 
000.414 Designed by Jiang Yanjun, build: May  6 2026  15:34:40
002.854 .... 8 packets received, 7561 bps, 94.51%, Err 0 (0.0e+00)
004.977 .... 15 packets received, 7163 bps, 89.53%, Err 0 (0.0e+00)
009.228 .... 20 packets received, 4796 bps, 59.95%, Err 1 (1.5e-05)
011.469 .... 28 packets received, 5318 bps, 66.48%, Err 1 (1.2e-05)
013.606 .... 36 packets received, 5707 bps, 71.34%, Err 1 (1.0e-05)
016.276 .... 44 packets received, 5780 bps, 72.26%, Err 1 (8.6e-06)
018.635 .... 52 packets received, 5934 bps, 74.17%, Err 1 (7.4e-06)
023.398 .... 60 packets received, 5411 bps, 67.63%, Err 2 (1.2e-05)
025.612 .... 68 packets received, 5587 bps, 69.84%, Err 2 (1.1e-05)
027.786 .... 76 packets received, 5744 bps, 71.80%, Err 2 (9.9e-06)
032.513 .... 83 packets received, 5341 bps, 66.76%, Err 4 (1.7e-05)
035.083 .... 88 packets received, 5240 bps, 65.50%, Err 4 (1.6e-05)
037.329 .... 97 packets received, 5422 bps, 67.77%, Err 4 (1.5e-05)
039.508 .... 105 packets received, 5539 bps, 69.24%, Err 4 (1.4e-05)
041.863 .... 112 packets received, 5571 bps, 69.63%, Err 4 (1.3e-05)
043.980 .... 119 packets received, 5629 bps, 70.37%, Err 4 (1.2e-05)
046.159 .... 126 packets received, 5675 bps, 70.94%, Err 4 (1.2e-05)
050.453 .... 131 packets received, 5391 bps, 67.39%, Err 6 (1.6e-05)
052.720 .... 139 packets received, 5471 bps, 68.39%, Err 6 (1.6e-05)
054.863 .... 147 packets received, 5557 bps, 69.46%, Err 6 (1.5e-05)
057.586 .... 155 packets received, 5579 bps, 69.74%, Err 6 (1.4e-05)
060.016 .... 163 packets received, 5627 bps, 70.33%, Err 7 (1.6e-05)
062.146 .... 170 packets received, 5665 bps, 70.81%, Err 7 (1.5e-05)
064.306 .... 176 packets received, 5666 bps, 70.82%, Err 7 (1.5e-05)
066.458 .... 183 packets received, 5698 bps, 71.23%, Err 7 (1.4e-05)
068.490 .... 189 packets received, 5709 bps, 71.36%, Err 7 (1.4e-05)
070.669 .... 196 packets received, 5736 bps, 71.70%, Err 7 (1.3e-05)
073.010 .... 203 packets received, 5748 bps, 71.86%, Err 7 (1.3e-05)
075.159 .... 211 packets received, 5803 bps, 72.53%, Err 7 (1.3e-05)
077.284 .... 219 packets received, 5855 bps, 73.19%, Err 8 (1.4e-05)
082.161 .... 225 packets received, 5656 bps, 70.70%, Err 9 (1.5e-05)
084.176 .... 236 packets received, 5789 bps, 72.36%, Err 9 (1.4e-05)
086.337 .... 243 packets received, 5810 bps, 72.63%, Err 9 (1.4e-05)
088.404 .... 249 packets received, 5814 bps, 72.67%, Err 9 (1.4e-05)
090.819 .... 257 packets received, 5840 bps, 73.00%, Err 9 (1.3e-05)
093.196 .... 265 packets received, 5867 bps, 73.33%, Err 9 (1.3e-05)
096.279 .... 273 packets received, 5849 bps, 73.11%, Err 9 (1.3e-05)
098.353 .... 280 packets received, 5871 bps, 73.39%, Err 9 (1.2e-05)
102.487 .... 285 packets received, 5734 bps, 71.67%, Err 10 (1.3e-05)
104.765 .... 295 packets received, 5805 bps, 72.56%, Err 10 (1.3e-05)
106.904 .... 303 packets received, 5842 bps, 73.03%, Err 10 (1.3e-05)
109.067 .... 309 packets received, 5839 bps, 72.99%, Err 10 (1.2e-05)
111.485 .... 317 packets received, 5859 bps, 73.24%, Err 10 (1.2e-05)
114.734 .... 320 packets received, 5746 bps, 71.83%, Err 12 (1.4e-05)
116.931 .... 330 packets received, 5814 bps, 72.68%, Err 12 (1.4e-05)
119.085 .... 338 packets received, 5847 bps, 73.08%, Err 12 (1.4e-05)
121.422 .... 344 packets received, 5835 bps, 72.94%, Err 12 (1.3e-05)
123.533 .... 351 packets received, 5852 bps, 73.15%, Err 12 (1.3e-05)
125.709 .... 359 packets received, 5881 bps, 73.51%, Err 12 (1.3e-05)
127.985 .... 365 packets received, 5872 bps, 73.40%, Err 12 (1.3e-05)
130.167 .... 372 packets received, 5884 bps, 73.55%, Err 12 (1.2e-05)
132.402 .... 379 packets received, 5893 bps, 73.66%, Err 12 (1.2e-05)
134.420 .... 385 packets received, 5896 bps, 73.70%, Err 12 (1.2e-05)
136.570 .... 392 packets received, 5908 bps, 73.85%, Err 12 (1.2e-05)
138.688 .... 399 packets received, 5921 bps, 74.02%, Err 12 (1.2e-05)
140.851 .... 406 packets received, 5932 bps, 74.15%, Err 12 (1.1e-05)
142.879 .... 410 packets received, 5905 bps, 73.82%, Err 12 (1.1e-05)
145.035 .... 418 packets received, 5931 bps, 74.13%, Err 12 (1.1e-05)
147.427 .... 424 packets received, 5918 bps, 73.97%, Err 12 (1.1e-05)
149.831 .... 432 packets received, 5932 bps, 74.15%, Err 12 (1.1e-05)
152.452 .... 440 packets received, 5938 bps, 74.22%, Err 12 (1.1e-05)
153.592 ** WARNING: System too busy, sleep 15 ms, but be awakened 109 ms later
154.839 .... 448 packets received, 5952 bps, 74.40%, Err 12 (1.0e-05)
157.405 .... 456 packets received, 5959 bps, 74.49%, Err 12 (1.0e-05)
159.832 .... 464 packets received, 5971 bps, 74.64%, Err 12 (1.0e-05)
162.217 .... 472 packets received, 5984 bps, 74.80%, Err 12 (9.9e-06)
164.654 .... 480 packets received, 5995 bps, 74.94%, Err 12 (9.7e-06)
167.062 .... 488 packets received, 6007 bps, 75.09%, Err 12 (9.6e-06)
169.492 .... 496 packets received, 6018 bps, 75.22%, Err 12 (9.4e-06)
171.885 .... 504 packets received, 6029 bps, 75.37%, Err 12 (9.3e-06)
174.334 .... 512 packets received, 6039 bps, 75.48%, Err 12 (9.1e-06)
176.713 .... 520 packets received, 6050 bps, 75.63%, Err 12 (9.0e-06)
178.849 .... 528 packets received, 6069 bps, 75.87%, Err 12 (8.9e-06)
180.709 ** WARNING: System too busy, sleep 15 ms, but be awakened 75 ms later
181.731 .... 536 packets received, 6063 bps, 75.79%, Err 12 (8.8e-06)
184.149 .... 544 packets received, 6073 bps, 75.91%, Err 12 (8.6e-06)
186.793 .... 552 packets received, 6074 bps, 75.93%, Err 12 (8.5e-06)
189.203 .... 560 packets received, 6084 bps, 76.05%, Err 12 (8.4e-06)
191.734 .... 568 packets received, 6089 bps, 76.11%, Err 13 (9.0e-06)
194.133 .... 576 packets received, 6098 bps, 76.23%, Err 13 (8.9e-06)
196.534 .... 584 packets received, 6107 bps, 76.34%, Err 13 (8.7e-06)
198.950 .... 592 packets received, 6115 bps, 76.44%, Err 13 (8.6e-06)
201.415 .... 600 packets received, 6122 bps, 76.52%, Err 13 (8.5e-06)
203.782 .... 608 packets received, 6131 bps, 76.64%, Err 14 (9.1e-06)
206.198 .... 616 packets received, 6139 bps, 76.73%, Err 14 (9.0e-06)
208.632 .... 624 packets received, 6146 bps, 76.82%, Err 14 (8.8e-06)
210.719 .... 632 packets received, 6163 bps, 77.03%, Err 14 (8.8e-06)
213.132 .... 640 packets received, 6170 bps, 77.12%, Err 14 (8.6e-06)
217.577 .... 646 packets received, 6100 bps, 76.25%, Err 15 (9.1e-06)
219.742 .... 655 packets received, 6124 bps, 76.55%, Err 15 (9.0e-06)
221.914 .... 663 packets received, 6138 bps, 76.72%, Err 15 (8.9e-06)
224.411 .... 670 packets received, 6133 bps, 76.67%, Err 15 (8.8e-06)
226.561 .... 678 packets received, 6147 bps, 76.84%, Err 15 (8.7e-06)
230.216 .... 680 packets received, 6067 bps, 75.84%, Err 16 (9.2e-06)
232.306 .... 690 packets received, 6101 bps, 76.26%, Err 17 (9.7e-06)
234.481 .... 698 packets received, 6114 bps, 76.43%, Err 18 (1.0e-05)
237.512 .... 699 packets received, 6045 bps, 75.56%, Err 18 (1.0e-05)
239.728 .... 708 packets received, 6066 bps, 75.82%, Err 18 (9.9e-06)
244.018 .... 715 packets received, 6018 bps, 75.22%, Err 21 (1.1e-05)
246.900 .... 722 packets received, 6006 bps, 75.07%, Err 21 (1.1e-05)
249.090 .... 729 packets received, 6010 bps, 75.13%, Err 21 (1.1e-05)
251.179 .... 737 packets received, 6026 bps, 75.32%, Err 21 (1.1e-05)
253.281 .... 745 packets received, 6040 bps, 75.50%, Err 21 (1.1e-05)
256.060 .... 752 packets received, 6031 bps, 75.38%, Err 21 (1.1e-05)
258.502 .... 760 packets received, 6037 bps, 75.46%, Err 21 (1.1e-05)
260.880 .... 768 packets received, 6045 bps, 75.56%, Err 21 (1.1e-05)
263.264 .... 776 packets received, 6053 bps, 75.66%, Err 21 (1.1e-05)
265.401 .... 784 packets received, 6066 bps, 75.82%, Err 21 (1.0e-05)
268.501 .... 792 packets received, 6057 bps, 75.71%, Err 21 (1.0e-05)
270.899 .... 800 packets received, 6063 bps, 75.79%, Err 21 (1.0e-05)
273.517 .... 808 packets received, 6065 bps, 75.82%, Err 21 (1.0e-05)
275.909 .... 816 packets received, 6072 bps, 75.90%, Err 21 (1.0e-05)
278.429 .... 824 packets received, 6076 bps, 75.95%, Err 21 (1.0e-05)
282.945 .... 831 packets received, 6030 bps, 75.37%, Err 22 (1.0e-05)
285.149 .... 843 packets received, 6069 bps, 75.87%, Err 22 (1.0e-05)
287.259 .... 851 packets received, 6082 bps, 76.02%, Err 22 (1.0e-05)
289.513 .... 857 packets received, 6077 bps, 75.96%, Err 22 (1.0e-05)
291.944 .... 865 packets received, 6082 bps, 76.03%, Err 22 (1.0e-05)
294.590 .... 867 packets received, 6042 bps, 75.52%, Err 23 (1.0e-05)
297.228 .... 875 packets received, 6043 bps, 75.54%, Err 23 (1.0e-05)
299.359 .... 883 packets received, 6055 bps, 75.68%, Err 23 (1.0e-05)
302.512 .... 891 packets received, 6046 bps, 75.57%, Err 23 (1.0e-05)
304.918 .... 899 packets received, 6052 bps, 75.65%, Err 23 (1.0e-05)
307.046 .... 906 packets received, 6057 bps, 75.71%, Err 23 (1.0e-05)
309.192 .... 914 packets received, 6068 bps, 75.84%, Err 23 (9.9e-06)
311.480 .... 920 packets received, 6062 bps, 75.78%, Err 23 (9.8e-06)
313.627 .... 928 packets received, 6073 bps, 75.91%, Err 23 (9.7e-06)
315.666 .... 933 packets received, 6066 bps, 75.83%, Err 23 (9.7e-06)
317.841 .... 941 packets received, 6076 bps, 75.96%, Err 23 (9.6e-06)
320.317 .... 948 packets received, 6074 bps, 75.93%, Err 23 (9.5e-06)
322.495 .... 955 packets received, 6078 bps, 75.97%, Err 23 (9.5e-06)
324.613 .... 963 packets received, 6089 bps, 76.11%, Err 23 (9.4e-06)
327.266 .... 971 packets received, 6089 bps, 76.12%, Err 23 (9.3e-06)
330.759 .... 976 packets received, 6056 bps, 75.70%, Err 24 (9.6e-06)
332.767 .... 986 packets received, 6081 bps, 76.01%, Err 24 (9.6e-06)
334.885 .... 993 packets received, 6085 bps, 76.07%, Err 24 (9.5e-06)
337.258 .... 1000 packets received, 6085 bps, 76.06%, Err 24 (9.4e-06)
339.715 .... 1008 packets received, 6089 bps, 76.11%, Err 24 (9.4e-06)
342.262 .... 1016 packets received, 6092 bps, 76.15%, Err 24 (9.3e-06)
344.635 .... 1024 packets received, 6097 bps, 76.22%, Err 25 (9.6e-06)
347.124 .... 1032 packets received, 6101 bps, 76.26%, Err 25 (9.5e-06)
349.220 .... 1040 packets received, 6111 bps, 76.39%, Err 25 (9.5e-06)
351.366 .... 1045 packets received, 6103 bps, 76.29%, Err 25 (9.4e-06)
353.563 .... 1052 packets received, 6106 bps, 76.32%, Err 25 (9.4e-06)
355.743 .... 1058 packets received, 6103 bps, 76.28%, Err 25 (9.3e-06)
358.431 .... 1066 packets received, 6103 bps, 76.28%, Err 25 (9.2e-06)
360.857 .... 1074 packets received, 6107 bps, 76.34%, Err 25 (9.2e-06)
364.643 .... 1078 packets received, 6066 bps, 75.82%, Err 28 (1.0e-05)
366.780 .... 1087 packets received, 6081 bps, 76.01%, Err 28 (1.0e-05)
368.861 .... 1092 packets received, 6074 bps, 75.93%, Err 28 (1.0e-05)
371.161 .... 1098 packets received, 6070 bps, 75.87%, Err 28 (1.0e-05)
373.581 .... 1106 packets received, 6074 bps, 75.93%, Err 28 (9.9e-06)
376.064 .... 1114 packets received, 6078 bps, 75.97%, Err 28 (9.9e-06)
378.490 .... 1122 packets received, 6082 bps, 76.03%, Err 28 (9.8e-06)
380.599 .... 1130 packets received, 6092 bps, 76.14%, Err 28 (9.7e-06)
382.797 .... 1135 packets received, 6083 bps, 76.04%, Err 28 (9.7e-06)
384.964 .... 1142 packets received, 6086 bps, 76.08%, Err 29 (1.0e-05)
388.442 .... 1146 packets received, 6053 bps, 75.66%, Err 30 (1.0e-05)
390.674 .... 1158 packets received, 6081 bps, 76.01%, Err 30 (1.0e-05)
392.825 .... 1165 packets received, 6084 bps, 76.05%, Err 30 (1.0e-05)
394.842 .... 1171 packets received, 6084 bps, 76.06%, Err 30 (1.0e-05)
397.011 .... 1178 packets received, 6087 bps, 76.09%, Err 30 (1.0e-05)
399.528 .... 1186 packets received, 6090 bps, 76.12%, Err 30 (9.9e-06)
401.624 .... 1193 packets received, 6094 bps, 76.17%, Err 30 (9.9e-06)
403.792 .... 1200 packets received, 6097 bps, 76.21%, Err 30 (9.8e-06)
407.396 .... 1203 packets received, 6058 bps, 75.72%, Err 32 (1.0e-05)
409.711 .... 1211 packets received, 6064 bps, 75.79%, Err 32 (1.0e-05)
411.810 .... 1219 packets received, 6072 bps, 75.91%, Err 32 (1.0e-05)
413.956 .... 1224 packets received, 6066 bps, 75.82%, Err 33 (1.1e-05)
416.347 .... 1225 packets received, 6036 bps, 75.45%, Err 33 (1.1e-05)
418.364 .... 1235 packets received, 6056 bps, 75.69%, Err 33 (1.0e-05)
420.532 .... 1242 packets received, 6058 bps, 75.73%, Err 33 (1.0e-05)
422.650 .... 1250 packets received, 6067 bps, 75.84%, Err 33 (1.0e-05)
425.001 .... 1256 packets received, 6062 bps, 75.78%, Err 33 (1.0e-05)
427.398 .... 1264 packets received, 6067 bps, 75.83%, Err 33 (1.0e-05)
429.830 .... 1272 packets received, 6070 bps, 75.88%, Err 33 (1.0e-05)
432.219 .... 1280 packets received, 6075 bps, 75.93%, Err 33 (1.0e-05)
434.332 .... 1288 packets received, 6083 bps, 76.04%, Err 33 (1.0e-05)
437.170 .... 1296 packets received, 6081 bps, 76.01%, Err 33 (1.0e-05)
439.566 .... 1304 packets received, 6085 bps, 76.06%, Err 34 (1.0e-05)
442.462 .... 1305 packets received, 6050 bps, 75.62%, Err 34 (1.0e-05)
444.822 .... 1313 packets received, 6055 bps, 75.68%, Err 34 (1.0e-05)
446.926 .... 1321 packets received, 6063 bps, 75.78%, Err 34 (1.0e-05)
450.442 .... 1323 packets received, 6024 bps, 75.30%, Err 35 (1.0e-05)
452.601 .... 1333 packets received, 6041 bps, 75.51%, Err 35 (1.0e-05)
456.739 .... 1339 packets received, 6013 bps, 75.16%, Err 36 (1.0e-05)
459.316 .... 1347 packets received, 6015 bps, 75.19%, Err 36 (1.0e-05)
461.448 .... 1355 packets received, 6023 bps, 75.28%, Err 36 (1.0e-05)
464.106 .... 1363 packets received, 6024 bps, 75.29%, Err 36 (1.0e-05)
466.261 .... 1370 packets received, 6026 bps, 75.33%, Err 36 (1.0e-05)
468.345 .... 1377 packets received, 6030 bps, 75.38%, Err 36 (1.0e-05)
471.918 ** WARNING: System too busy, sleep 15 ms, but be awakened 83 ms later
472.647 .... 1382 packets received, 5997 bps, 74.96%, Err 37 (1.0e-05)
474.912 .... 1390 packets received, 6003 bps, 75.04%, Err 37 (1.0e-05)
477.056 .... 1398 packets received, 6010 bps, 75.13%, Err 37 (1.0e-05)
478.807 ** WARNING: System too busy, sleep 15 ms, but be awakened 96 ms later
479.762 .... 1406 packets received, 6011 bps, 75.13%, Err 37 (1.0e-05)
482.158 .... 1414 packets received, 6015 bps, 75.18%, Err 37 (1.0e-05)
484.880 .... 1422 packets received, 6015 bps, 75.18%, Err 37 (1.0e-05)
487.596 .... 1424 packets received, 5990 bps, 74.87%, Err 38 (1.0e-05)
489.995 .... 1432 packets received, 5994 bps, 74.92%, Err 38 (1.0e-05)
492.214 .... 1440 packets received, 6000 bps, 75.00%, Err 38 (1.0e-05)
495.048 .... 1448 packets received, 5999 bps, 74.98%, Err 38 (1.0e-05)
497.463 .... 1456 packets received, 6002 bps, 75.03%, Err 38 (1.0e-05)
499.860 .... 1464 packets received, 6006 bps, 75.08%, Err 38 (1.0e-05)
502.300 .... 1472 packets received, 6010 bps, 75.12%, Err 38 (1.0e-05)
504.712 .... 1480 packets received, 6014 bps, 75.17%, Err 38 (1.0e-05)
507.249 .... 1488 packets received, 6016 bps, 75.20%, Err 38 (1.0e-05)
509.417 .... 1496 packets received, 6022 bps, 75.28%, Err 38 (9.9e-06)
512.291 .... 1504 packets received, 6021 bps, 75.26%, Err 38 (9.9e-06)
516.310 .... 1511 packets received, 6002 bps, 75.02%, Err 39 (1.0e-05)
518.506 .... 1522 packets received, 6020 bps, 75.24%, Err 39 (1.0e-05)
520.686 .... 1529 packets received, 6022 bps, 75.27%, Err 39 (1.0e-05)
522.897 .... 1536 packets received, 6024 bps, 75.30%, Err 39 (9.9e-06)
525.084 .... 1543 packets received, 6026 bps, 75.33%, Err 39 (9.9e-06)
527.516 .... 1551 packets received, 6029 bps, 75.37%, Err 39 (9.8e-06)
529.888 .... 1559 packets received, 6033 bps, 75.42%, Err 39 (9.8e-06)
532.375 .... 1567 packets received, 6036 bps, 75.45%, Err 39 (9.7e-06)
534.480 .... 1574 packets received, 6039 bps, 75.49%, Err 39 (9.7e-06)
536.567 .... 1581 packets received, 6042 bps, 75.53%, Err 39 (9.6e-06)
538.644 .... 1586 packets received, 6038 bps, 75.47%, Err 39 (9.6e-06)
540.834 .... 1593 packets received, 6040 bps, 75.50%, Err 39 (9.6e-06)
542.919 .... 1599 packets received, 6039 bps, 75.49%, Err 39 (9.5e-06)
545.332 .... 1607 packets received, 6043 bps, 75.53%, Err 39 (9.5e-06)
550.226 .... 1615 packets received, 6019 bps, 75.23%, Err 40 (9.6e-06)
552.326 .... 1623 packets received, 6026 bps, 75.32%, Err 40 (9.6e-06)
554.759 .... 1631 packets received, 6029 bps, 75.36%, Err 40 (9.6e-06)
557.084 .... 1639 packets received, 6033 bps, 75.41%, Err 40 (9.5e-06)
559.472 .... 1647 packets received, 6036 bps, 75.46%, Err 40 (9.5e-06)
561.578 .... 1654 packets received, 6039 bps, 75.49%, Err 40 (9.5e-06)
564.291 .... 1661 packets received, 6036 bps, 75.45%, Err 40 (9.4e-06)
566.723 .... 1669 packets received, 6039 bps, 75.48%, Err 42 (9.8e-06)
569.139 .... 1677 packets received, 6042 bps, 75.52%, Err 42 (9.8e-06)
571.902 .... 1685 packets received, 6041 bps, 75.52%, Err 42 (9.8e-06)
574.341 .... 1693 packets received, 6044 bps, 75.55%, Err 42 (9.7e-06)
576.728 .... 1701 packets received, 6048 bps, 75.59%, Err 43 (9.9e-06)
579.442 .... 1702 packets received, 6023 bps, 75.28%, Err 43 (9.9e-06)
581.666 .... 1710 packets received, 6028 bps, 75.35%, Err 43 (9.8e-06)
583.867 .... 1718 packets received, 6033 bps, 75.42%, Err 43 (9.8e-06)
586.705 .... 1726 packets received, 6032 bps, 75.40%, Err 43 (9.7e-06)
588.882 .... 1734 packets received, 6038 bps, 75.47%, Err 43 (9.7e-06)
592.663 .... 1738 packets received, 6013 bps, 75.16%, Err 44 (9.9e-06)
594.883 .... 1748 packets received, 6025 bps, 75.31%, Err 44 (9.8e-06)
597.015 .... 1756 packets received, 6031 bps, 75.38%, Err 44 (9.8e-06)
599.355 .... 1762 packets received, 6028 bps, 75.35%, Err 44 (9.8e-06)
601.474 .... 1770 packets received, 6034 bps, 75.42%, Err 44 (9.7e-06)
603.750 .... 1778 packets received, 6038 bps, 75.48%, Err 44 (9.7e-06)
605.916 .... 1782 packets received, 6030 bps, 75.38%, Err 44 (9.7e-06)
608.283 .... 1788 packets received, 6027 bps, 75.33%, Err 45 (9.8e-06)
612.251 .... 1794 packets received, 6008 bps, 75.10%, Err 46 (1.0e-05)
614.458 .... 1804 packets received, 6020 bps, 75.24%, Err 47 (1.0e-05)
616.677 .... 1811 packets received, 6021 bps, 75.26%, Err 47 (1.0e-05)
618.997 .... 1818 packets received, 6022 bps, 75.27%, Err 47 (1.0e-05)
621.416 .... 1826 packets received, 6025 bps, 75.31%, Err 47 (1.0e-05)
625.943 .... 1834 packets received, 6007 bps, 75.09%, Err 48 (1.0e-05)
628.047 .... 1842 packets received, 6013 bps, 75.16%, Err 48 (1.0e-05)
630.493 .... 1850 packets received, 6016 bps, 75.20%, Err 48 (1.0e-05)
633.084 .... 1858 packets received, 6017 bps, 75.21%, Err 48 (1.0e-05)
635.486 .... 1866 packets received, 6020 bps, 75.25%, Err 48 (1.0e-05)
637.591 .... 1874 packets received, 6026 bps, 75.32%, Err 48 (1.0e-05)
639.749 .... 1882 packets received, 6031 bps, 75.39%, Err 48 (1.0e-05)
641.764 .... 1886 packets received, 6025 bps, 75.31%, Err 48 (1.0e-05)
643.939 .... 1893 packets received, 6027 bps, 75.34%, Err 48 (9.9e-06)
646.146 .... 1900 packets received, 6029 bps, 75.36%, Err 48 (9.9e-06)
648.307 .... 1907 packets received, 6031 bps, 75.38%, Err 48 (9.8e-06)
651.621 .... 1909 packets received, 6006 bps, 75.08%, Err 49 (1.0e-05)
654.041 .... 1917 packets received, 6009 bps, 75.11%, Err 49 (1.0e-05)
656.135 .... 1925 packets received, 6015 bps, 75.19%, Err 49 (9.9e-06)
658.526 .... 1933 packets received, 6018 bps, 75.22%, Err 49 (9.9e-06)
661.176 .... 1941 packets received, 6019 bps, 75.23%, Err 49 (9.9e-06)
664.873 .... 1947 packets received, 6004 bps, 75.04%, Err 50 (1.0e-05)
667.053 .... 1957 packets received, 6015 bps, 75.18%, Err 50 (1.0e-05)
670.020 .... 1960 packets received, 5997 bps, 74.96%, Err 51 (1.0e-05)
672.155 .... 1970 packets received, 6009 bps, 75.11%, Err 51 (1.0e-05)
674.381 .... 1977 packets received, 6010 bps, 75.12%, Err 51 (1.0e-05)
676.997 .... 1984 packets received, 6008 bps, 75.10%, Err 51 (1.0e-05)
679.124 .... 1992 packets received, 6013 bps, 75.17%, Err 51 (1.0e-05)
682.053 .... 2000 packets received, 6011 bps, 75.14%, Err 51 (1.0e-05)
684.976 .... 2002 packets received, 5992 bps, 74.90%, Err 52 (1.0e-05)
687.035 .... 2010 packets received, 5998 bps, 74.97%, Err 52 (1.0e-05)
690.523 .... 2015 packets received, 5982 bps, 74.78%, Err 53 (1.0e-05)
692.654 .... 2025 packets received, 5993 bps, 74.92%, Err 53 (1.0e-05)
694.799 .... 2033 packets received, 5998 bps, 74.98%, Err 53 (1.0e-05)
697.244 .... 2039 packets received, 5995 bps, 74.94%, Err 53 (1.0e-05)
699.356 .... 2047 packets received, 6000 bps, 75.00%, Err 53 (1.0e-05)
702.348 .... 2055 packets received, 5998 bps, 74.98%, Err 53 (1.0e-05)
706.360 .... 2061 packets received, 5981 bps, 74.77%, Err 54 (1.0e-05)
708.502 .... 2072 packets received, 5995 bps, 74.94%, Err 54 (1.0e-05)
710.623 .... 2078 packets received, 5995 bps, 74.93%, Err 54 (1.0e-05)
712.783 .... 2085 packets received, 5996 bps, 74.96%, Err 54 (1.0e-05)
715.136 .... 2093 packets received, 6000 bps, 75.00%, Err 54 (1.0e-05)
719.551 .... 2099 packets received, 5980 bps, 74.75%, Err 55 (1.0e-05)
721.751 .... 2110 packets received, 5993 bps, 74.91%, Err 55 (1.0e-05)
723.915 .... 2118 packets received, 5998 bps, 74.97%, Err 55 (1.0e-05)
726.166 .... 2123 packets received, 5993 bps, 74.91%, Err 55 (1.0e-05)
728.303 .... 2131 packets received, 5998 bps, 74.98%, Err 55 (1.0e-05)
730.751 .... 2139 packets received, 6000 bps, 75.00%, Err 55 (1.0e-05)
734.492 .... 2143 packets received, 5981 bps, 74.76%, Err 56 (1.0e-05)
736.757 .... 2153 packets received, 5990 bps, 74.88%, Err 56 (1.0e-05)
738.837 .... 2161 packets received, 5996 bps, 74.95%, Err 56 (1.0e-05)
741.681 .... 2167 packets received, 5989 bps, 74.87%, Err 56 (1.0e-05)
743.831 .... 2174 packets received, 5991 bps, 74.89%, Err 56 (1.0e-05)
745.964 .... 2182 packets received, 5996 bps, 74.95%, Err 56 (1.0e-05)
748.038 .... 2187 packets received, 5993 bps, 74.91%, Err 57 (1.0e-05)
750.165 .... 2194 packets received, 5995 bps, 74.94%, Err 57 (1.0e-05)
752.167 .... 2200 packets received, 5996 bps, 74.95%, Err 57 (1.0e-05)
754.705 .... 2208 packets received, 5997 bps, 74.96%, Err 57 (1.0e-05)
756.090 ** WARNING: System too busy, sleep 15 ms, but be awakened 91 ms later
756.768 .... 2216 packets received, 6002 bps, 75.03%, Err 57 (1.0e-05)
759.180 .... 2222 packets received, 6000 bps, 75.00%, Err 57 (1.0e-05)
761.601 .... 2230 packets received, 6002 bps, 75.03%, Err 57 (1.0e-05)
764.158 .... 2238 packets received, 6003 bps, 75.04%, Err 57 (1.0e-05)
766.612 .... 2246 packets received, 6006 bps, 75.07%, Err 57 (9.9e-06)
769.062 .... 2254 packets received, 6008 bps, 75.10%, Err 57 (9.9e-06)
771.179 .... 2261 packets received, 6010 bps, 75.12%, Err 57 (9.9e-06)
774.164 .... 2269 packets received, 6008 bps, 75.10%, Err 57 (9.8e-06)
776.566 .... 2277 packets received, 6010 bps, 75.13%, Err 57 (9.8e-06)
779.120 .... 2285 packets received, 6012 bps, 75.15%, Err 57 (9.8e-06)
781.645 .... 2293 packets received, 6013 bps, 75.17%, Err 57 (9.7e-06)
784.060 .... 2301 packets received, 6016 bps, 75.19%, Err 57 (9.7e-06)
786.453 .... 2309 packets received, 6018 bps, 75.23%, Err 58 (9.9e-06)
788.902 .... 2317 packets received, 6020 bps, 75.25%, Err 58 (9.8e-06)
791.320 .... 2325 packets received, 6023 bps, 75.28%, Err 58 (9.8e-06)
793.145 ** WARNING: System too busy, sleep 15 ms, but be awakened 77 ms later
793.682 .... 2333 packets received, 6025 bps, 75.32%, Err 58 (9.8e-06)
797.402 .... 2339 packets received, 6013 bps, 75.16%, Err 60 (1.0e-05)
801.806 .... 2348 packets received, 6002 bps, 75.03%, Err 61 (1.0e-05)
804.700 .... 2356 packets received, 6001 bps, 75.02%, Err 61 (1.0e-05)
806.895 .... 2364 packets received, 6005 bps, 75.07%, Err 61 (1.0e-05)
809.252 .... 2372 packets received, 6008 bps, 75.10%, Err 61 (1.0e-05)
811.970 .... 2380 packets received, 6008 bps, 75.10%, Err 61 (1.0e-05)
814.362 .... 2388 packets received, 6011 bps, 75.13%, Err 61 (1.0e-05)
816.303 ** WARNING: System too busy, sleep 15 ms, but be awakened 87 ms later
816.921 .... 2396 packets received, 6012 bps, 75.15%, Err 61 (1.0e-05)
819.345 .... 2404 packets received, 6014 bps, 75.17%, Err 61 (1.0e-05)
821.734 .... 2412 packets received, 6016 bps, 75.21%, Err 61 (9.9e-06)
824.235 .... 2420 packets received, 6018 bps, 75.23%, Err 61 (9.9e-06)
826.380 .... 2428 packets received, 6022 bps, 75.28%, Err 61 (9.9e-06)
827.382 ** WARNING: System too busy, sleep 15 ms, but be awakened 72 ms later
829.285 .... 2436 packets received, 6021 bps, 75.26%, Err 61 (9.8e-06)
831.669 .... 2444 packets received, 6023 bps, 75.29%, Err 61 (9.8e-06)
833.794 .... 2452 packets received, 6028 bps, 75.35%, Err 61 (9.8e-06)
836.563 .... 2460 packets received, 6027 bps, 75.34%, Err 61 (9.7e-06)
838.921 .... 2468 packets received, 6030 bps, 75.37%, Err 61 (9.7e-06)
843.108 .... 2474 packets received, 6015 bps, 75.18%, Err 62 (9.8e-06)
845.304 .... 2485 packets received, 6026 bps, 75.32%, Err 62 (9.8e-06)
847.387 .... 2493 packets received, 6030 bps, 75.38%, Err 62 (9.8e-06)
849.717 .... 2498 packets received, 6026 bps, 75.32%, Err 62 (9.7e-06)
852.101 .... 2506 packets received, 6028 bps, 75.35%, Err 62 (9.7e-06)
854.698 .... 2514 packets received, 6029 bps, 75.36%, Err 62 (9.7e-06)
858.128 .... 2519 packets received, 6017 bps, 75.21%, Err 63 (9.8e-06)
860.133 .... 2530 packets received, 6029 bps, 75.36%, Err 63 (9.8e-06)
862.372 .... 2535 packets received, 6025 bps, 75.31%, Err 63 (9.8e-06)
863.904 ** WARNING: System too busy, sleep 15 ms, but be awakened 70 ms later
864.744 .... 2543 packets received, 6027 bps, 75.34%, Err 64 (9.9e-06)
867.330 .... 2551 packets received, 6028 bps, 75.35%, Err 64 (9.9e-06)
869.482 .... 2559 packets received, 6032 bps, 75.40%, Err 64 (9.8e-06)
871.603 .... 2567 packets received, 6036 bps, 75.46%, Err 64 (9.8e-06)
873.785 .... 2573 packets received, 6035 bps, 75.44%, Err 64 (9.8e-06)
875.922 .... 2580 packets received, 6037 bps, 75.46%, Err 64 (9.8e-06)
878.053 .... 2588 packets received, 6041 bps, 75.51%, Err 65 (9.9e-06)
880.468 .... 2589 packets received, 6027 bps, 75.34%, Err 65 (9.9e-06)
882.991 .... 2597 packets received, 6028 bps, 75.35%, Err 65 (9.8e-06)
885.141 .... 2605 packets received, 6032 bps, 75.40%, Err 65 (9.8e-06)
888.065 .... 2613 packets received, 6031 bps, 75.38%, Err 66 (9.9e-06)
890.162 .... 2620 packets received, 6033 bps, 75.41%, Err 66 (9.9e-06)
892.272 .... 2627 packets received, 6034 bps, 75.43%, Err 66 (9.9e-06)
896.764 .... 2632 packets received, 6015 bps, 75.19%, Err 68 (1.0e-05)
898.945 .... 2641 packets received, 6021 bps, 75.27%, Err 68 (1.0e-05)
901.113 .... 2649 packets received, 6025 bps, 75.31%, Err 68 (1.0e-05)
903.633 .... 2656 packets received, 6024 bps, 75.30%, Err 68 (1.0e-05)
906.832 .... 2659 packets received, 6010 bps, 75.12%, Err 69 (1.0e-05)
908.897 .... 2668 packets received, 6016 bps, 75.20%, Err 69 (1.0e-05)
911.032 .... 2676 packets received, 6020 bps, 75.25%, Err 69 (1.0e-05)
913.159 .... 2684 packets received, 6024 bps, 75.30%, Err 69 (1.0e-05)
916.680 .... 2686 packets received, 6005 bps, 75.07%, Err 70 (1.0e-05)
918.839 .... 2695 packets received, 6011 bps, 75.14%, Err 70 (1.0e-05)
921.034 .... 2703 packets received, 6015 bps, 75.19%, Err 70 (1.0e-05)
923.657 .... 2710 packets received, 6013 bps, 75.17%, Err 70 (1.0e-05)
926.073 .... 2718 packets received, 6015 bps, 75.19%, Err 70 (1.0e-05)
928.323 .... 2726 packets received, 6018 bps, 75.23%, Err 70 (1.0e-05)
931.086 .... 2734 packets received, 6018 bps, 75.23%, Err 70 (1.0e-05)
933.513 .... 2742 packets received, 6020 bps, 75.25%, Err 70 (1.0e-05)
935.614 .... 2750 packets received, 6024 bps, 75.30%, Err 70 (1.0e-05)
938.404 .... 2758 packets received, 6024 bps, 75.29%, Err 70 (1.0e-05)
941.327 .... 2761 packets received, 6011 bps, 75.14%, Err 71 (1.0e-05)
943.542 .... 2769 packets received, 6015 bps, 75.18%, Err 71 (1.0e-05)
945.720 .... 2777 packets received, 6018 bps, 75.23%, Err 71 (1.0e-05)
948.365 .... 2784 packets received, 6016 bps, 75.21%, Err 71 (1.0e-05)
950.502 .... 2790 packets received, 6016 bps, 75.20%, Err 71 (1.0e-05)
952.657 .... 2797 packets received, 6017 bps, 75.22%, Err 71 (1.0e-05)
954.769 .... 2805 packets received, 6021 bps, 75.26%, Err 71 (9.9e-06)
956.912 .... 2812 packets received, 6023 bps, 75.28%, Err 71 (9.9e-06)
959.036 .... 2818 packets received, 6022 bps, 75.28%, Err 71 (9.9e-06)
961.082 ** WARNING: System too busy, sleep 15 ms, but be awakened 66 ms later
961.220 .... 2826 packets received, 6025 bps, 75.32%, Err 71 (9.9e-06)
963.709 .... 2832 packets received, 6023 bps, 75.28%, Err 71 (9.9e-06)
965.842 .... 2839 packets received, 6024 bps, 75.30%, Err 71 (9.8e-06)
967.973 .... 2846 packets received, 6026 bps, 75.32%, Err 71 (9.8e-06)
970.086 .... 2853 packets received, 6027 bps, 75.34%, Err 71 (9.8e-06)
972.187 .... 2859 packets received, 6027 bps, 75.34%, Err 71 (9.8e-06)
974.334 .... 2867 packets received, 6031 bps, 75.38%, Err 71 (9.7e-06)
976.542 .... 2873 packets received, 6029 bps, 75.37%, Err 71 (9.7e-06)
978.725 .... 2881 packets received, 6033 bps, 75.41%, Err 71 (9.7e-06)
980.963 .... 2888 packets received, 6034 bps, 75.42%, Err 71 (9.7e-06)
983.067 .... 2895 packets received, 6035 bps, 75.44%, Err 71 (9.7e-06)
985.207 .... 2902 packets received, 6037 bps, 75.46%, Err 71 (9.6e-06)
987.350 .... 2910 packets received, 6040 bps, 75.50%, Err 71 (9.6e-06)
989.460 .... 2916 packets received, 6040 bps, 75.50%, Err 72 (9.7e-06)
991.627 .... 2923 packets received, 6041 bps, 75.51%, Err 72 (9.7e-06)
993.846 .... 2931 packets received, 6044 bps, 75.55%, Err 72 (9.7e-06)
996.029 .... 2937 packets received, 6043 bps, 75.54%, Err 72 (9.7e-06)
1000.105 .... 2944 packets received, 6033 bps, 75.41%, Err 73 (9.7e-06)
1002.213 .... 2956 packets received, 6045 bps, 75.56%, Err 73 (9.7e-06)
1004.351 .... 2964 packets received, 6048 bps, 75.60%, Err 73 (9.7e-06)
1006.483 .... 2972 packets received, 6052 bps, 75.64%, Err 74 (9.8e-06)
1009.071 .... 2973 packets received, 6038 bps, 75.48%, Err 74 (9.8e-06)
1013.155 .... 2981 packets received, 6030 bps, 75.37%, Err 76 (1.0e-05)
1015.317 .... 2990 packets received, 6035 bps, 75.44%, Err 76 (1.0e-05)
1017.470 .... 2997 packets received, 6037 bps, 75.46%, Err 76 (1.0e-05)
1020.065 .... 3005 packets received, 6037 bps, 75.47%, Err 76 (1.0e-05)
1022.597 .... 3013 packets received, 6038 bps, 75.48%, Err 77 (1.0e-05)
1024.999 .... 3021 packets received, 6040 bps, 75.50%, Err 77 (1.0e-05)
1027.632 .... 3029 packets received, 6041 bps, 75.51%, Err 77 (1.0e-05)
1029.778 .... 3037 packets received, 6044 bps, 75.55%, Err 78 (1.0e-05)
1031.907 .... 3043 packets received, 6043 bps, 75.54%, Err 78 (1.0e-05)
1034.018 .... 3051 packets received, 6047 bps, 75.59%, Err 78 (1.0e-05)
1036.242 .... 3056 packets received, 6044 bps, 75.55%, Err 78 (1.0e-05)
1038.423 .... 3063 packets received, 6045 bps, 75.56%, Err 78 (1.0e-05)
1040.611 .... 3070 packets received, 6046 bps, 75.57%, Err 78 (1.0e-05)
1043.049 .... 3078 packets received, 6048 bps, 75.59%, Err 78 (1.0e-05)
1047.007 .... 3085 packets received, 6038 bps, 75.48%, Err 79 (1.0e-05)
1049.210 .... 3096 packets received, 6047 bps, 75.59%, Err 79 (1.0e-05)
1051.384 .... 3104 packets received, 6050 bps, 75.63%, Err 79 (1.0e-05)
1053.775 .... 3110 packets received, 6048 bps, 75.60%, Err 79 (1.0e-05)
1055.931 .... 3117 packets received, 6049 bps, 75.62%, Err 79 (1.0e-05)
1058.428 .... 3125 packets received, 6051 bps, 75.63%, Err 79 (1.0e-05)
1060.872 .... 3133 packets received, 6052 bps, 75.65%, Err 79 (9.9e-06)
1064.996 .... 3139 packets received, 6040 bps, 75.50%, Err 80 (1.0e-05)
1067.154 .... 3150 packets received, 6049 bps, 75.61%, Err 80 (1.0e-05)
1069.366 .... 3158 packets received, 6052 bps, 75.65%, Err 80 (1.0e-05)
1071.517 .... 3163 packets received, 6049 bps, 75.62%, Err 80 (1.0e-05)
1073.937 .... 3171 packets received, 6051 bps, 75.64%, Err 80 (9.9e-06)
1076.047 .... 3179 packets received, 6054 bps, 75.68%, Err 81 (1.0e-05)
1078.176 .... 3186 packets received, 6056 bps, 75.70%, Err 81 (1.0e-05)
1080.228 .... 3190 packets received, 6052 bps, 75.65%, Err 81 (1.0e-05)
1082.362 .... 3198 packets received, 6055 bps, 75.69%, Err 81 (1.0e-05)
1084.476 .... 3204 packets received, 6054 bps, 75.68%, Err 81 (1.0e-05)
1086.589 .... 3211 packets received, 6056 bps, 75.70%, Err 81 (1.0e-05)
1088.771 .... 3219 packets received, 6059 bps, 75.74%, Err 81 (9.9e-06)
1090.835 .... 3224 packets received, 6057 bps, 75.71%, Err 81 (9.9e-06)
1092.962 .... 3231 packets received, 6058 bps, 75.73%, Err 81 (9.9e-06)
1095.008 .... 3238 packets received, 6060 bps, 75.75%, Err 81 (9.9e-06)
1098.208 .... 3240 packets received, 6046 bps, 75.57%, Err 82 (1.0e-05)
1100.397 .... 3250 packets received, 6053 bps, 75.66%, Err 83 (1.0e-05)
1102.575 .... 3257 packets received, 6054 bps, 75.67%, Err 83 (1.0e-05)
1104.896 .... 3264 packets received, 6054 bps, 75.67%, Err 83 (1.0e-05)
1109.414 .... 3272 packets received, 6044 bps, 75.55%, Err 84 (1.0e-05)
1111.641 .... 3284 packets received, 6054 bps, 75.67%, Err 84 (1.0e-05)
1113.800 .... 3291 packets received, 6055 bps, 75.69%, Err 84 (1.0e-05)
1116.090 .... 3298 packets received, 6055 bps, 75.69%, Err 84 (1.0e-05)
1118.204 .... 3305 packets received, 6057 bps, 75.71%, Err 84 (1.0e-05)
1120.414 .... 3312 packets received, 6058 bps, 75.72%, Err 84 (1.0e-05)
1122.790 .... 3320 packets received, 6059 bps, 75.74%, Err 84 (1.0e-05)
1126.536 .... 3325 packets received, 6048 bps, 75.61%, Err 85 (1.0e-05)
1128.639 ** WARNING: System too busy, sleep 15 ms, but be awakened 70 ms later
1128.691 .... 3335 packets received, 6055 bps, 75.69%, Err 85 (1.0e-05)
1130.849 .... 3343 packets received, 6058 bps, 75.72%, Err 85 (1.0e-05)
1132.955 .... 3349 packets received, 6058 bps, 75.72%, Err 85 (1.0e-05)
1135.364 .... 3357 packets received, 6059 bps, 75.74%, Err 85 (1.0e-05)
1137.958 .... 3365 packets received, 6060 bps, 75.75%, Err 86 (1.0e-05)
1140.028 .... 3372 packets received, 6061 bps, 75.77%, Err 86 (1.0e-05)
1142.143 .... 3379 packets received, 6063 bps, 75.78%, Err 86 (1.0e-05)
1144.242 .... 3382 packets received, 6057 bps, 75.71%, Err 86 (1.0e-05)
1146.398 .... 3389 packets received, 6058 bps, 75.72%, Err 86 (1.0e-05)
1148.941 .... 3397 packets received, 6059 bps, 75.74%, Err 86 (1.0e-05)
1151.634 .... 3405 packets received, 6059 bps, 75.74%, Err 86 (1.0e-05)
1153.758 .... 3413 packets received, 6062 bps, 75.77%, Err 86 (9.9e-06)
1156.310 .... 3421 packets received, 6063 bps, 75.78%, Err 86 (9.9e-06)
1158.395 .... 3428 packets received, 6064 bps, 75.80%, Err 87 (1.0e-05)
1160.569 .... 3435 packets received, 6065 bps, 75.81%, Err 87 (1.0e-05)
1162.703 .... 3442 packets received, 6066 bps, 75.83%, Err 87 (1.0e-05)
1164.841 .... 3449 packets received, 6068 bps, 75.84%, Err 87 (1.0e-05)
1167.003 .... 3455 packets received, 6067 bps, 75.84%, Err 87 (9.9e-06)
1169.107 .... 3463 packets received, 6070 bps, 75.87%, Err 87 (9.9e-06)
1171.358 .... 3471 packets received, 6072 bps, 75.90%, Err 87 (9.9e-06)
1173.468 .... 3478 packets received, 6074 bps, 75.92%, Err 87 (9.9e-06)
1175.642 .... 3486 packets received, 6076 bps, 75.95%, Err 87 (9.9e-06)
1178.616 .... 3489 packets received, 6066 bps, 75.83%, Err 88 (9.9e-06)
1181.156 .... 3497 packets received, 6067 bps, 75.84%, Err 88 (9.9e-06)
1184.073 .... 3500 packets received, 6057 bps, 75.71%, Err 89 (1.0e-05)
1186.257 .... 3508 packets received, 6060 bps, 75.75%, Err 89 (1.0e-05)
1188.420 .... 3516 packets received, 6063 bps, 75.78%, Err 89 (1.0e-05)
1193.153 .... 3523 packets received, 6051 bps, 75.63%, Err 90 (1.0e-05)
1195.251 .... 3535 packets received, 6061 bps, 75.76%, Err 90 (1.0e-05)
1197.506 .... 3540 packets received, 6058 bps, 75.72%, Err 90 (1.0e-05)
1199.702 .... 3548 packets received, 6060 bps, 75.75%, Err 90 (1.0e-05)
1200.039 Quit.
