000.000 =============================================================
000.000                     Station B                               
000.000 -------------------------------------------------------------
000.000 Protocol.lib, version 4.0, jiangyanjun0718@bupt.edu.cn
000.000 Channel: 8000 bps, 270 ms propagation delay, bit error rate 1.0E-05
000.000 Log file "C:\code\CN-Lab1-Windows-VS2017\docs\测试记录\4.3-ACK搭载定时器\ack-opt-dt2200-bg3-20260516-211648\01-粗筛-2min\coarse-default-flood-ack80-20260516-211710-B.log", TCP port 61000, debug mask 0x07
000.000 Station B is connecting station A (TCP port 61000) ... Done.
000.255 New epoch: Sat May 16 21:17:11 2026
000.255 =================================================================
000.255 
000.255 Designed by Jiang Yanjun, build: May 16 2026  21:16:51
000.255 Send DATA 0 15, ID 20000
000.255 Send DATA 1 15, ID 20001
000.255 Send DATA 2 15, ID 20002
000.790 Recv DATA 0 15, ID 10000
000.790 Deliver DATA 0, ID 10000
000.790 Slide RECV window, expect 1 next
000.790 Send DATA 3 0, ID 20003
000.790 Send DATA 4 0, ID 20004
000.790 Send DATA 5 0, ID 20005
001.058 Recv DATA 1 15, ID 10001
001.058 Deliver DATA 1, ID 10001
001.058 Slide RECV window, expect 2 next
001.139 ---- ACK timeout
001.139 Send ACK  1
001.139 Send DATA 6 1, ID 20006
001.353 Recv DATA 2 15, ID 10002
001.353 Deliver DATA 2, ID 10002
001.353 Slide RECV window, expect 3 next
001.353 Send DATA 7 2, ID 20007
001.622 Recv DATA 3 0, ID 10003
001.622 Deliver DATA 3, ID 10003
001.622 Slide RECV window, expect 4 next
001.623 Acked DATA 0, slide SEND window
001.623 Send DATA 8 3, ID 20008
001.891 Recv DATA 4 0, ID 10004
001.891 Deliver DATA 4, ID 10004
001.891 Slide RECV window, expect 5 next
001.977 ---- ACK timeout
001.977 Send ACK  4
002.122 Recv DATA 5 0, ID 10005
002.122 Deliver DATA 5, ID 10005
002.122 Slide RECV window, expect 6 next
002.153 Recv ACK  1
002.153 Acked DATA 1, slide SEND window
002.153 Send DATA 9 5, ID 20009
002.392 Recv DATA 6 1, ID 10006
002.392 Deliver DATA 6, ID 10006
002.392 Slide RECV window, expect 7 next
002.474 ---- ACK timeout
002.474 Send ACK  6
002.696 Recv DATA 7 2, ID 10007
002.696 Deliver DATA 7, ID 10007
002.696 .... 8 packets received, 7561 bps, 94.51%, Err 0 (0.0e+00)
002.696 Slide RECV window, expect 8 next
002.696 Acked DATA 2, slide SEND window
002.696 Recv NAK  3
002.696 ---- Resend DATA 3 on NAK
002.696 Send DATA 3 7, ID 20003
002.696 Send DATA 10 7, ID 20010
002.960 Recv DATA 8 2, ID 10008
002.960 Deliver DATA 8, ID 10008
002.960 Slide RECV window, expect 9 next
003.059 ---- ACK timeout
003.059 Send ACK  8
003.223 Recv DATA 9 2, ID 10009
003.223 Deliver DATA 9, ID 10009
003.223 Slide RECV window, expect 10 next
003.309 ---- ACK timeout
003.309 Send ACK  9
003.491 Recv DATA 10 2, ID 10010
003.491 Deliver DATA 10, ID 10010
003.491 Slide RECV window, expect 11 next
003.590 ---- ACK timeout
003.590 Send ACK  10
003.708 Recv DATA 11 2, ID 10011
003.708 Deliver DATA 11, ID 10011
003.708 Slide RECV window, expect 12 next
003.789 ---- ACK timeout
003.789 Send ACK  11
003.975 Recv DATA 12 2, ID 10012
003.975 Deliver DATA 12, ID 10012
003.975 Slide RECV window, expect 13 next
004.058 ---- ACK timeout
004.058 Send ACK  12
004.250 Recv DATA 13 2, ID 10013
004.250 Deliver DATA 13, ID 10013
004.250 Slide RECV window, expect 14 next
004.340 ---- ACK timeout
004.340 Send ACK  13
004.525 Recv DATA 14 2, ID 10014
004.525 Deliver DATA 14, ID 10014
004.525 Slide RECV window, expect 15 next
004.567 ---- DATA 4 timeout
004.567 Send DATA 4 14, ID 20004
004.774 Recv DATA 15 9, ID 10015
004.775 Deliver DATA 15, ID 10015
004.775 .... 16 packets received, 7719 bps, 96.49%, Err 0 (0.0e+00)
004.775 Slide RECV window, expect 0 next
004.775 Acked DATA 3, slide SEND window
004.775 Acked DATA 4, slide SEND window
004.775 Acked DATA 5, slide SEND window
004.775 Acked DATA 6, slide SEND window
004.775 Acked DATA 7, slide SEND window
004.775 Acked DATA 8, slide SEND window
004.775 Acked DATA 9, slide SEND window
004.775 Send DATA 11 15, ID 20011
004.775 Send DATA 12 15, ID 20012
004.775 Send DATA 13 15, ID 20013
004.811 Recv ACK  10
004.811 Acked DATA 10, slide SEND window
005.059 Recv DATA 0 10, ID 10016
005.059 Deliver DATA 0, ID 10016
005.059 Slide RECV window, expect 1 next
005.060 Send DATA 14 0, ID 20014
005.320 Recv DATA 1 10, ID 10017
005.320 Deliver DATA 1, ID 10017
005.320 Slide RECV window, expect 2 next
005.320 Send DATA 15 1, ID 20015
005.597 Recv DATA 2 10, ID 10018
005.597 Deliver DATA 2, ID 10018
005.597 Slide RECV window, expect 3 next
005.597 Impose noise on received data, 1/42728=2.3E-05
005.597 Send DATA 0 2, ID 20016
005.858 Recv DATA 3 10, ID 10019
005.858 Deliver DATA 3, ID 10019
005.858 Slide RECV window, expect 4 next
005.860 Send DATA 1 3, ID 20017
006.104 **** Receiver Error, Bad CRC Checksum
006.104 Request NAK for 4
006.104 Send NAK  4
006.104 Send DATA 2 3, ID 20018
006.374 Recv DATA 5 10, ID 10021
006.645 Recv DATA 6 11, ID 10022
006.645 Acked DATA 11, slide SEND window
006.646 Send DATA 3 3, ID 20019
006.897 Recv DATA 7 12, ID 10023
006.897 Acked DATA 12, slide SEND window
006.898 Send DATA 4 3, ID 20020
006.923 Recv ACK  13
006.923 Acked DATA 13, slide SEND window
006.924 Send DATA 5 3, ID 20021
007.186 Recv DATA 8 14, ID 10024
007.186 Acked DATA 14, slide SEND window
007.186 Send DATA 6 3, ID 20022
007.439 Recv DATA 9 15, ID 10025
007.439 Acked DATA 15, slide SEND window
007.440 Send DATA 7 3, ID 20023
007.705 Recv DATA 10 0, ID 10026
007.705 Acked DATA 0, slide SEND window
007.706 Send DATA 8 3, ID 20024
007.958 Recv DATA 4 1, ID 10020
007.958 Deliver DATA 4, ID 10020
007.958 .... 21 packets received, 5789 bps, 72.37%, Err 1 (1.6e-05)
007.959 Deliver DATA 5, ID 10021
007.959 Deliver DATA 6, ID 10022
007.959 Deliver DATA 7, ID 10023
007.959 Deliver DATA 8, ID 10024
007.959 Deliver DATA 9, ID 10025
007.959 Deliver DATA 10, ID 10026
007.959 Slide RECV window, expect 11 next
007.959 Acked DATA 1, slide SEND window
007.959 Send DATA 9 10, ID 20025
008.246 Recv DATA 11 1, ID 10027
008.246 Deliver DATA 11, ID 10027
008.246 Slide RECV window, expect 12 next
008.277 Recv ACK  2
008.277 Acked DATA 2, slide SEND window
008.277 Send DATA 10 11, ID 20026
008.392 Recv ACK  3
008.392 Acked DATA 3, slide SEND window
008.392 Send DATA 11 11, ID 20027
008.653 Recv ACK  4
008.653 Acked DATA 4, slide SEND window
008.654 Send DATA 12 11, ID 20028
008.941 Recv ACK  5
008.941 Acked DATA 5, slide SEND window
008.943 Send DATA 13 11, ID 20029
009.177 Recv ACK  6
009.177 Acked DATA 6, slide SEND window
009.177 Send DATA 14 11, ID 20030
009.224 Recv ACK  7
009.224 Acked DATA 7, slide SEND window
009.359 Recv ACK  8
009.359 Acked DATA 8, slide SEND window
009.360 Send DATA 15 11, ID 20031
009.610 Recv DATA 12 9, ID 10028
009.610 Deliver DATA 12, ID 10028
009.610 Slide RECV window, expect 13 next
009.610 Acked DATA 9, slide SEND window
009.610 Send DATA 0 12, ID 20032
009.874 Recv DATA 13 9, ID 10029
009.874 Deliver DATA 13, ID 10029
009.874 Slide RECV window, expect 14 next
009.874 Send DATA 1 13, ID 20033
010.120 Recv DATA 14 9, ID 10030
010.120 Deliver DATA 14, ID 10030
010.120 .... 31 packets received, 6620 bps, 82.74%, Err 1 (1.4e-05)
010.120 Slide RECV window, expect 15 next
010.204 ---- ACK timeout
010.204 Send ACK  14
010.392 Recv DATA 15 9, ID 10031
010.392 Deliver DATA 15, ID 10031
010.393 Slide RECV window, expect 0 next
010.496 ---- ACK timeout
010.496 Send ACK  15
010.665 Recv DATA 0 10, ID 10032
010.665 Deliver DATA 0, ID 10032
010.665 Slide RECV window, expect 1 next
010.665 Acked DATA 10, slide SEND window
010.665 Send DATA 2 0, ID 20034
010.713 Recv ACK  11
010.713 Acked DATA 11, slide SEND window
010.714 Send DATA 3 0, ID 20035
010.933 Recv DATA 1 11, ID 10033
010.933 Deliver DATA 1, ID 10033
010.933 Slide RECV window, expect 2 next
010.993 Recv ACK  12
010.993 Acked DATA 12, slide SEND window
010.993 Send DATA 4 1, ID 20036
011.211 Recv DATA 2 12, ID 10034
011.211 Deliver DATA 2, ID 10034
011.211 Slide RECV window, expect 3 next
011.308 ---- ACK timeout
011.308 Send ACK  2
011.460 Recv DATA 3 13, ID 10035
011.460 Deliver DATA 3, ID 10035
011.460 Slide RECV window, expect 4 next
011.460 Acked DATA 13, slide SEND window
011.460 Send DATA 5 3, ID 20037
011.491 Recv ACK  14
011.491 Acked DATA 14, slide SEND window
011.491 Send DATA 6 3, ID 20038
011.520 Recv ACK  15
011.520 Acked DATA 15, slide SEND window
011.520 Send DATA 7 3, ID 20039
011.754 Recv DATA 4 0, ID 10036
011.754 Deliver DATA 4, ID 10036
011.754 Slide RECV window, expect 5 next
011.754 Acked DATA 0, slide SEND window
011.754 Send DATA 8 4, ID 20040
011.983 Recv DATA 5 1, ID 10037
011.983 Deliver DATA 5, ID 10037
011.983 Slide RECV window, expect 6 next
011.983 Acked DATA 1, slide SEND window
012.074 ---- ACK timeout
012.074 Send ACK  5
012.074 Send DATA 9 5, ID 20041
012.256 Recv DATA 6 1, ID 10038
012.256 Deliver DATA 6, ID 10038
012.256 .... 39 packets received, 6811 bps, 85.14%, Err 1 (1.1e-05)
012.256 Slide RECV window, expect 7 next
012.365 ---- ACK timeout
012.365 Send ACK  6
012.536 Recv DATA 7 1, ID 10039
012.536 Deliver DATA 7, ID 10039
012.536 Slide RECV window, expect 8 next
012.592 Recv ACK  2
012.592 Acked DATA 2, slide SEND window
012.592 Send DATA 10 7, ID 20042
012.803 Recv DATA 8 2, ID 10040
012.803 Deliver DATA 8, ID 10040
012.803 Slide RECV window, expect 9 next
012.822 Recv ACK  3
012.822 Acked DATA 3, slide SEND window
012.823 Send DATA 11 8, ID 20043
013.066 Recv DATA 9 4, ID 10041
013.066 Deliver DATA 9, ID 10041
013.066 Slide RECV window, expect 10 next
013.066 Acked DATA 4, slide SEND window
013.066 Send DATA 12 9, ID 20044
013.341 Recv DATA 10 4, ID 10042
013.341 Deliver DATA 10, ID 10042
013.341 Slide RECV window, expect 11 next
013.391 Recv ACK  5
013.391 Acked DATA 5, slide SEND window
013.391 Send DATA 13 10, ID 20045
013.635 Recv DATA 11 5, ID 10043
013.635 Deliver DATA 11, ID 10043
013.635 Slide RECV window, expect 12 next
013.635 Recv ACK  6
013.635 Acked DATA 6, slide SEND window
013.635 Send DATA 14 11, ID 20046
013.655 Recv ACK  7
013.655 Acked DATA 7, slide SEND window
013.655 Send DATA 15 11, ID 20047
013.901 Recv DATA 12 8, ID 10044
013.901 Deliver DATA 12, ID 10044
013.901 Slide RECV window, expect 13 next
013.901 Acked DATA 8, slide SEND window
013.901 Send DATA 0 12, ID 20048
014.169 Recv DATA 13 8, ID 10045
014.169 Deliver DATA 13, ID 10045
014.169 Slide RECV window, expect 14 next
014.252 ---- ACK timeout
014.252 Send ACK  13
014.424 Recv DATA 14 9, ID 10046
014.424 Deliver DATA 14, ID 10046
014.424 .... 47 packets received, 6927 bps, 86.59%, Err 1 (9.6e-06)
014.424 Slide RECV window, expect 15 next
014.424 Acked DATA 9, slide SEND window
014.424 Send DATA 1 14, ID 20049
014.690 Recv DATA 15 10, ID 10047
014.691 Deliver DATA 15, ID 10047
014.691 Slide RECV window, expect 0 next
014.691 Acked DATA 10, slide SEND window
014.691 Send DATA 2 15, ID 20050
014.968 Recv DATA 0 11, ID 10048
014.968 Deliver DATA 0, ID 10048
014.968 Slide RECV window, expect 1 next
014.968 Acked DATA 11, slide SEND window
014.969 Send DATA 3 0, ID 20051
015.256 Recv DATA 1 12, ID 10049
015.256 Deliver DATA 1, ID 10049
015.256 Slide RECV window, expect 2 next
015.256 Acked DATA 12, slide SEND window
015.256 Send DATA 4 1, ID 20052
015.508 Recv DATA 2 13, ID 10050
015.508 Deliver DATA 2, ID 10050
015.508 Slide RECV window, expect 3 next
015.508 Acked DATA 13, slide SEND window
015.508 Send DATA 5 2, ID 20053
015.780 Recv DATA 3 14, ID 10051
015.780 Deliver DATA 3, ID 10051
015.780 Slide RECV window, expect 4 next
015.780 Acked DATA 14, slide SEND window
015.780 Send DATA 6 3, ID 20054
015.840 Recv ACK  15
015.840 Acked DATA 15, slide SEND window
015.841 Send DATA 7 3, ID 20055
016.025 Recv DATA 4 0, ID 10052
016.026 Deliver DATA 4, ID 10052
016.026 Slide RECV window, expect 5 next
016.026 Acked DATA 0, slide SEND window
016.026 Send DATA 8 4, ID 20056
016.318 Recv DATA 5 0, ID 10053
016.318 Deliver DATA 5, ID 10053
016.318 Slide RECV window, expect 6 next
016.408 ---- ACK timeout
016.408 Send ACK  5
016.597 Recv DATA 6 1, ID 10054
016.597 Deliver DATA 6, ID 10054
016.597 .... 55 packets received, 7010 bps, 87.63%, Err 1 (8.2e-06)
016.597 Slide RECV window, expect 7 next
016.597 Acked DATA 1, slide SEND window
016.597 Send DATA 9 6, ID 20057
016.845 Recv DATA 7 2, ID 10055
016.845 Deliver DATA 7, ID 10055
016.845 Slide RECV window, expect 8 next
016.845 Acked DATA 2, slide SEND window
016.846 Send DATA 10 7, ID 20058
017.072 Recv DATA 8 3, ID 10056
017.073 Deliver DATA 8, ID 10056
017.073 Slide RECV window, expect 9 next
017.073 Acked DATA 3, slide SEND window
017.073 Send DATA 11 8, ID 20059
017.351 Recv DATA 9 4, ID 10057
017.351 Deliver DATA 9, ID 10057
017.351 Slide RECV window, expect 10 next
017.351 Acked DATA 4, slide SEND window
017.351 Send DATA 12 9, ID 20060
017.615 Recv DATA 10 5, ID 10058
017.615 Deliver DATA 10, ID 10058
017.615 Slide RECV window, expect 11 next
017.616 Acked DATA 5, slide SEND window
017.616 Send DATA 13 10, ID 20061
017.867 Recv DATA 11 6, ID 10059
017.867 Deliver DATA 11, ID 10059
017.867 Slide RECV window, expect 12 next
017.867 Acked DATA 6, slide SEND window
017.867 Send DATA 14 11, ID 20062
017.891 Recv ACK  7
017.891 Acked DATA 7, slide SEND window
017.892 Send DATA 15 11, ID 20063
018.141 Recv DATA 12 8, ID 10060
018.141 Deliver DATA 12, ID 10060
018.141 Slide RECV window, expect 13 next
018.141 Acked DATA 8, slide SEND window
018.142 Send DATA 0 12, ID 20064
018.404 Recv DATA 13 8, ID 10061
018.404 Deliver DATA 13, ID 10061
018.404 Slide RECV window, expect 14 next
018.506 ---- ACK timeout
018.506 Send ACK  13
018.634 Recv DATA 14 9, ID 10062
018.634 Deliver DATA 14, ID 10062
018.634 .... 63 packets received, 7126 bps, 89.08%, Err 1 (7.2e-06)
018.634 Slide RECV window, expect 15 next
018.634 Acked DATA 9, slide SEND window
018.634 Send DATA 1 14, ID 20065
018.945 Recv DATA 15 10, ID 10063
018.945 Deliver DATA 15, ID 10063
018.945 Slide RECV window, expect 0 next
018.945 Acked DATA 10, slide SEND window
018.945 Send DATA 2 15, ID 20066
019.217 Recv DATA 0 11, ID 10064
019.217 Deliver DATA 0, ID 10064
019.217 Slide RECV window, expect 1 next
019.217 Acked DATA 11, slide SEND window
019.217 Send DATA 3 0, ID 20067
019.468 Recv DATA 1 12, ID 10065
019.468 Deliver DATA 1, ID 10065
019.468 Slide RECV window, expect 2 next
019.468 Acked DATA 12, slide SEND window
019.468 Send DATA 4 1, ID 20068
019.764 Recv DATA 2 13, ID 10066
019.765 Deliver DATA 2, ID 10066
019.765 Slide RECV window, expect 3 next
019.765 Acked DATA 13, slide SEND window
019.765 Send DATA 5 2, ID 20069
019.950 Recv DATA 3 14, ID 10067
019.950 Deliver DATA 3, ID 10067
019.950 Slide RECV window, expect 4 next
019.950 Acked DATA 14, slide SEND window
019.951 Send DATA 6 3, ID 20070
020.019 ** WARNING: System too busy, sleep 15 ms, but be awakened 68 ms later
020.050 Recv ACK  15
020.050 Acked DATA 15, slide SEND window
020.050 Send DATA 7 3, ID 20071
020.290 Recv DATA 4 0, ID 10068
020.291 Deliver DATA 4, ID 10068
020.291 Slide RECV window, expect 5 next
020.291 Acked DATA 0, slide SEND window
020.291 Send DATA 8 4, ID 20072
020.443 Impose noise on received data, 2/153056=1.3E-05
020.515 Recv DATA 5 0, ID 10069
020.515 Deliver DATA 5, ID 10069
020.515 Slide RECV window, expect 6 next
020.608 ---- ACK timeout
020.608 Send ACK  5
020.761 **** Receiver Error, Bad CRC Checksum
020.761 Request NAK for 6
020.761 Send NAK  6
021.056 Recv DATA 7 2, ID 10071
021.056 Acked DATA 1, slide SEND window
021.056 Acked DATA 2, slide SEND window
021.056 Send DATA 9 5, ID 20073
021.056 Send DATA 10 5, ID 20074
021.303 Recv DATA 8 3, ID 10072
021.303 Acked DATA 3, slide SEND window
021.303 Send DATA 11 5, ID 20075
021.565 Recv DATA 9 4, ID 10073
021.565 Acked DATA 4, slide SEND window
021.565 Send DATA 12 5, ID 20076
021.810 Recv DATA 10 5, ID 10074
021.810 Acked DATA 5, slide SEND window
021.810 Send DATA 13 5, ID 20077
022.094 Recv DATA 11 6, ID 10075
022.094 Acked DATA 6, slide SEND window
022.094 Send DATA 14 5, ID 20078
022.123 Recv ACK  7
022.123 Acked DATA 7, slide SEND window
022.128 Send DATA 15 5, ID 20079
022.375 Recv DATA 12 8, ID 10076
022.375 Acked DATA 8, slide SEND window
022.375 Send DATA 0 5, ID 20080
022.635 Recv DATA 13 8, ID 10077
022.906 Recv DATA 6 8, ID 10070
022.906 Deliver DATA 6, ID 10070
022.906 .... 71 packets received, 6498 bps, 81.23%, Err 2 (1.2e-05)
022.907 Deliver DATA 7, ID 10071
022.907 Deliver DATA 8, ID 10072
022.907 Deliver DATA 9, ID 10073
022.907 Deliver DATA 10, ID 10074
022.908 Deliver DATA 11, ID 10075
022.908 Deliver DATA 12, ID 10076
022.908 Deliver DATA 13, ID 10077
022.908 Slide RECV window, expect 14 next
022.908 Recv ACK  9
022.908 Acked DATA 9, slide SEND window
022.908 Send DATA 1 13, ID 20081
023.005 Recv ACK  10
023.005 Acked DATA 10, slide SEND window
023.005 Send DATA 2 13, ID 20082
023.223 Recv ACK  11
023.223 Acked DATA 11, slide SEND window
023.223 Send DATA 3 13, ID 20083
023.254 Recv ACK  12
023.254 Acked DATA 12, slide SEND window
023.503 Recv ACK  13
023.503 Acked DATA 13, slide SEND window
023.503 Send DATA 4 13, ID 20084
023.529 Recv ACK  14
023.529 Acked DATA 14, slide SEND window
023.837 Recv ACK  15
023.837 Acked DATA 15, slide SEND window
023.837 Send DATA 5 13, ID 20085
024.030 Recv ACK  0
024.030 Acked DATA 0, slide SEND window
024.031 Send DATA 6 13, ID 20086
024.272 Recv DATA 7 0, ID 10071
024.272 Ignore out-of-window DATA 7
024.272 Send DATA 7 13, ID 20087
024.542 Recv DATA 14 1, ID 10078
024.542 Deliver DATA 14, ID 10078
024.542 Slide RECV window, expect 15 next
024.542 Acked DATA 1, slide SEND window
024.542 Send DATA 8 14, ID 20088
024.790 Recv DATA 15 1, ID 10079
024.790 Deliver DATA 15, ID 10079
024.790 Slide RECV window, expect 0 next
024.791 Send DATA 9 15, ID 20089
025.058 Recv DATA 0 1, ID 10080
025.058 Deliver DATA 0, ID 10080
025.058 .... 81 packets received, 6763 bps, 84.54%, Err 2 (1.1e-05)
025.058 Slide RECV window, expect 1 next
025.160 ---- ACK timeout
025.160 Send ACK  0
025.350 Recv DATA 1 2, ID 10081
025.350 Deliver DATA 1, ID 10081
025.350 Slide RECV window, expect 2 next
025.350 Acked DATA 2, slide SEND window
025.350 Send DATA 10 1, ID 20090
025.613 Recv DATA 2 3, ID 10082
025.613 Deliver DATA 2, ID 10082
025.613 Slide RECV window, expect 3 next
025.613 Acked DATA 3, slide SEND window
025.613 Send DATA 11 2, ID 20091
025.889 Recv DATA 3 4, ID 10083
025.890 Deliver DATA 3, ID 10083
025.890 Slide RECV window, expect 4 next
025.890 Acked DATA 4, slide SEND window
025.890 Send DATA 12 3, ID 20092
026.126 Recv DATA 4 5, ID 10084
026.126 Deliver DATA 4, ID 10084
026.127 Slide RECV window, expect 5 next
026.127 Acked DATA 5, slide SEND window
026.127 Send DATA 13 4, ID 20093
026.409 Recv DATA 5 6, ID 10085
026.409 Deliver DATA 5, ID 10085
026.409 Slide RECV window, expect 6 next
026.409 Acked DATA 6, slide SEND window
026.409 Send DATA 14 5, ID 20094
026.459 Recv ACK  7
026.459 Acked DATA 7, slide SEND window
026.459 Send DATA 15 5, ID 20095
026.666 Recv DATA 6 8, ID 10086
026.666 Deliver DATA 6, ID 10086
026.666 Slide RECV window, expect 7 next
026.666 Acked DATA 8, slide SEND window
026.666 Send DATA 0 6, ID 20096
026.936 Recv DATA 7 9, ID 10087
026.937 Deliver DATA 7, ID 10087
026.937 Slide RECV window, expect 8 next
026.937 Acked DATA 9, slide SEND window
026.937 Send DATA 1 7, ID 20097
027.205 Recv DATA 8 9, ID 10088
027.206 Deliver DATA 8, ID 10088
027.206 .... 89 packets received, 6833 bps, 85.41%, Err 2 (1.0e-05)
027.206 Slide RECV window, expect 9 next
027.288 ---- ACK timeout
027.288 Send ACK  8
027.473 Recv DATA 9 10, ID 10089
027.473 Deliver DATA 9, ID 10089
027.473 Slide RECV window, expect 10 next
027.473 Acked DATA 10, slide SEND window
027.473 Send DATA 2 9, ID 20098
027.707 Recv DATA 10 11, ID 10090
027.707 Deliver DATA 10, ID 10090
027.707 Slide RECV window, expect 11 next
027.707 Acked DATA 11, slide SEND window
027.708 Send DATA 3 10, ID 20099
027.981 Recv DATA 11 12, ID 10091
027.981 Deliver DATA 11, ID 10091
027.981 Slide RECV window, expect 12 next
027.981 Acked DATA 12, slide SEND window
027.981 Send DATA 4 11, ID 20100
028.254 Recv DATA 12 13, ID 10092
028.254 Deliver DATA 12, ID 10092
028.254 Slide RECV window, expect 13 next
028.254 Acked DATA 13, slide SEND window
028.254 Send DATA 5 12, ID 20101
028.303 Recv NAK  14
028.303 ---- Resend DATA 14 on NAK
028.303 Send DATA 14 12, ID 20094
028.303 Impose noise on received data, 3/207120=1.4E-05
028.520 Recv DATA 13 13, ID 10093
028.520 Deliver DATA 13, ID 10093
028.520 Slide RECV window, expect 14 next
028.605 ---- ACK timeout
028.605 Send ACK  13
028.824 Recv DATA 14 13, ID 10094
028.824 Deliver DATA 14, ID 10094
028.824 Slide RECV window, expect 15 next
028.904 ---- ACK timeout
028.904 Send ACK  14
029.052 Recv DATA 15 13, ID 10095
029.053 Deliver DATA 15, ID 10095
029.053 Slide RECV window, expect 0 next
029.138 ---- ACK timeout
029.138 Send ACK  15
029.290 Recv DATA 0 13, ID 10096
029.290 Deliver DATA 0, ID 10096
029.290 .... 97 packets received, 6907 bps, 86.34%, Err 3 (1.4e-05)
029.290 Slide RECV window, expect 1 next
029.373 ---- ACK timeout
029.373 Send ACK  0
029.604 Recv DATA 1 13, ID 10097
029.604 Deliver DATA 1, ID 10097
029.604 Slide RECV window, expect 2 next
029.704 ---- ACK timeout
029.704 Send ACK  1
029.873 Recv DATA 2 13, ID 10098
029.873 Deliver DATA 2, ID 10098
029.873 Slide RECV window, expect 3 next
029.956 ---- ACK timeout
029.956 Send ACK  2
030.090 Recv DATA 3 13, ID 10099
030.090 Deliver DATA 3, ID 10099
030.090 Slide RECV window, expect 4 next
030.197 ---- ACK timeout
030.197 Send ACK  3
030.353 Recv DATA 4 13, ID 10100
030.353 Deliver DATA 4, ID 10100
030.353 Slide RECV window, expect 5 next
030.425 ---- DATA 15 timeout
030.425 Send DATA 15 4, ID 20095
030.656 Recv DATA 5 5, ID 10101
030.656 Deliver DATA 5, ID 10101
030.656 Slide RECV window, expect 6 next
030.656 Acked DATA 14, slide SEND window
030.656 Acked DATA 15, slide SEND window
030.656 Acked DATA 0, slide SEND window
030.656 Acked DATA 1, slide SEND window
030.656 Acked DATA 2, slide SEND window
030.656 Acked DATA 3, slide SEND window
030.656 Acked DATA 4, slide SEND window
030.657 Acked DATA 5, slide SEND window
030.657 Send DATA 6 5, ID 20102
030.657 Send DATA 7 5, ID 20103
030.657 Send DATA 8 5, ID 20104
030.908 Recv DATA 6 5, ID 10102
030.908 Deliver DATA 6, ID 10102
030.908 Slide RECV window, expect 7 next
030.908 Send DATA 9 6, ID 20105
031.191 Recv DATA 7 5, ID 10103
031.191 Deliver DATA 7, ID 10103
031.191 Slide RECV window, expect 8 next
031.192 Send DATA 10 7, ID 20106
031.442 Recv DATA 8 5, ID 10104
031.442 Deliver DATA 8, ID 10104
031.442 .... 105 packets received, 6956 bps, 86.95%, Err 3 (1.3e-05)
031.442 Slide RECV window, expect 9 next
031.442 Send DATA 11 8, ID 20107
031.704 Recv DATA 9 5, ID 10105
031.704 Deliver DATA 9, ID 10105
031.704 Slide RECV window, expect 10 next
031.704 Send DATA 12 9, ID 20108
031.948 Recv DATA 10 5, ID 10106
031.949 Deliver DATA 10, ID 10106
031.949 Slide RECV window, expect 11 next
031.949 Send DATA 13 10, ID 20109
032.222 Recv DATA 11 5, ID 10107
032.222 Deliver DATA 11, ID 10107
032.222 Slide RECV window, expect 12 next
032.310 ---- ACK timeout
032.310 Send ACK  11
032.508 Recv DATA 12 6, ID 10108
032.508 Deliver DATA 12, ID 10108
032.508 Slide RECV window, expect 13 next
032.508 Acked DATA 6, slide SEND window
032.508 Send DATA 14 12, ID 20110
032.777 Recv DATA 13 7, ID 10109
032.777 Deliver DATA 13, ID 10109
032.777 Slide RECV window, expect 14 next
032.777 Acked DATA 7, slide SEND window
032.777 Recv ACK  8
032.777 Acked DATA 8, slide SEND window
032.777 Send DATA 15 13, ID 20111
032.777 Send DATA 0 13, ID 20112
033.012 Recv DATA 14 9, ID 10110
033.012 Deliver DATA 14, ID 10110
033.012 Slide RECV window, expect 15 next
033.012 Acked DATA 9, slide SEND window
033.012 Send DATA 1 14, ID 20113
033.277 Recv DATA 15 10, ID 10111
033.277 Deliver DATA 15, ID 10111
033.277 Slide RECV window, expect 0 next
033.277 Acked DATA 10, slide SEND window
033.277 Send DATA 2 15, ID 20114
033.524 Recv DATA 0 11, ID 10112
033.524 Deliver DATA 0, ID 10112
033.524 .... 113 packets received, 7014 bps, 87.67%, Err 3 (1.2e-05)
033.524 Slide RECV window, expect 1 next
033.524 Acked DATA 11, slide SEND window
033.525 Send DATA 3 0, ID 20115
033.789 Recv DATA 1 12, ID 10113
033.789 Deliver DATA 1, ID 10113
033.789 Slide RECV window, expect 2 next
033.789 Acked DATA 12, slide SEND window
033.789 Send DATA 4 1, ID 20116
034.075 Recv DATA 2 13, ID 10114
034.075 Deliver DATA 2, ID 10114
034.075 Slide RECV window, expect 3 next
034.075 Acked DATA 13, slide SEND window
034.076 Send DATA 5 2, ID 20117
034.323 Recv DATA 3 13, ID 10115
034.323 Deliver DATA 3, ID 10115
034.324 Slide RECV window, expect 4 next
034.408 ---- ACK timeout
034.408 Send ACK  3
034.624 Recv DATA 4 14, ID 10116
034.625 Deliver DATA 4, ID 10116
034.625 Slide RECV window, expect 5 next
034.625 Acked DATA 14, slide SEND window
034.625 Send DATA 6 4, ID 20118
034.871 Recv DATA 5 15, ID 10117
034.871 Deliver DATA 5, ID 10117
034.871 Slide RECV window, expect 6 next
034.871 Acked DATA 15, slide SEND window
034.871 Send DATA 7 5, ID 20119
034.890 Recv ACK  0
034.890 Acked DATA 0, slide SEND window
034.892 Send DATA 8 5, ID 20120
035.151 Recv DATA 6 1, ID 10118
035.151 Deliver DATA 6, ID 10118
035.151 Slide RECV window, expect 7 next
035.151 Acked DATA 1, slide SEND window
035.151 Send DATA 9 6, ID 20121
035.423 Recv DATA 7 2, ID 10119
035.423 Deliver DATA 7, ID 10119
035.423 Slide RECV window, expect 8 next
035.423 Acked DATA 2, slide SEND window
035.423 Send DATA 10 7, ID 20122
035.655 Recv DATA 8 3, ID 10120
035.655 Deliver DATA 8, ID 10120
035.655 .... 121 packets received, 7055 bps, 88.19%, Err 3 (1.1e-05)
035.655 Slide RECV window, expect 9 next
035.655 Acked DATA 3, slide SEND window
035.655 Send DATA 11 8, ID 20123
035.938 Recv DATA 9 4, ID 10121
035.938 Deliver DATA 9, ID 10121
035.938 Slide RECV window, expect 10 next
035.938 Acked DATA 4, slide SEND window
035.938 Send DATA 12 9, ID 20124
036.208 Recv DATA 10 5, ID 10122
036.208 Deliver DATA 10, ID 10122
036.208 Slide RECV window, expect 11 next
036.208 Acked DATA 5, slide SEND window
036.209 Send DATA 13 10, ID 20125
036.476 Recv DATA 11 5, ID 10123
036.476 Deliver DATA 11, ID 10123
036.477 Slide RECV window, expect 12 next
036.556 ---- ACK timeout
036.556 Send ACK  11
036.739 Recv DATA 12 6, ID 10124
036.739 Deliver DATA 12, ID 10124
036.739 Slide RECV window, expect 13 next
036.739 Acked DATA 6, slide SEND window
036.739 Send DATA 14 12, ID 20126
037.005 Recv DATA 13 7, ID 10125
037.005 Deliver DATA 13, ID 10125
037.005 Slide RECV window, expect 14 next
037.005 Acked DATA 7, slide SEND window
037.005 Send DATA 15 13, ID 20127
037.052 Recv NAK  8
037.052 ---- Resend DATA 8 on NAK
037.052 Send DATA 8 13, ID 20120
037.273 Recv DATA 14 7, ID 10126
037.273 Deliver DATA 14, ID 10126
037.273 Slide RECV window, expect 15 next
037.376 ---- ACK timeout
037.376 Send ACK  14
037.520 Recv DATA 15 7, ID 10127
037.521 Deliver DATA 15, ID 10127
037.521 Slide RECV window, expect 0 next
037.619 ---- ACK timeout
037.619 Send ACK  15
037.672 Impose noise on received data, 4/282304=1.4E-05
037.784 Recv DATA 0 7, ID 10128
037.784 Deliver DATA 0, ID 10128
037.784 .... 129 packets received, 7091 bps, 88.64%, Err 4 (1.4e-05)
037.784 Slide RECV window, expect 1 next
037.877 ---- ACK timeout
037.877 Send ACK  0
038.067 **** Receiver Error, Bad CRC Checksum
038.067 Request NAK for 1
038.067 Send NAK  1
038.304 Recv DATA 2 7, ID 10130
038.588 Recv DATA 3 7, ID 10131
038.833 Recv DATA 4 7, ID 10132
038.984 ---- DATA 9 timeout
038.984 Send DATA 9 0, ID 20121
039.118 Recv DATA 5 7, ID 10133
039.237 ---- DATA 10 timeout
039.237 Send DATA 10 0, ID 20122
039.389 Recv DATA 6 15, ID 10134
039.389 Acked DATA 8, slide SEND window
039.389 Acked DATA 9, slide SEND window
039.389 Acked DATA 10, slide SEND window
039.389 Acked DATA 11, slide SEND window
039.389 Acked DATA 12, slide SEND window
039.389 Acked DATA 13, slide SEND window
039.389 Acked DATA 14, slide SEND window
039.389 Acked DATA 15, slide SEND window
039.389 Send DATA 0 0, ID 20128
039.389 Send DATA 1 0, ID 20129
039.389 Send DATA 2 0, ID 20130
039.622 Recv DATA 7 15, ID 10135
039.622 Send DATA 3 0, ID 20131
039.911 Recv DATA 8 15, ID 10136
039.912 Send DATA 4 0, ID 20132
040.155 Recv DATA 1 15, ID 10129
040.155 Deliver DATA 1, ID 10129
040.155 .... 130 packets received, 6719 bps, 83.99%, Err 4 (1.3e-05)
040.155 Deliver DATA 2, ID 10130
040.155 Deliver DATA 3, ID 10131
040.155 Deliver DATA 4, ID 10132
040.155 Deliver DATA 5, ID 10133
040.155 Deliver DATA 6, ID 10134
040.155 Deliver DATA 7, ID 10135
040.155 Deliver DATA 8, ID 10136
040.155 Slide RECV window, expect 9 next
040.156 Send DATA 5 8, ID 20133
040.174 Recv ACK  15
040.435 Recv ACK  15
040.436 Send DATA 6 8, ID 20134
040.436 Recv ACK  0
040.436 Acked DATA 0, slide SEND window
040.749 Recv ACK  1
040.749 Acked DATA 1, slide SEND window
040.749 Send DATA 7 8, ID 20135
040.989 Recv ACK  2
040.989 Acked DATA 2, slide SEND window
040.989 Send DATA 8 8, ID 20136
041.251 Recv ACK  3
041.251 Acked DATA 3, slide SEND window
041.251 Send DATA 9 8, ID 20137
041.521 Recv DATA 2 3, ID 10130
041.521 Ignore out-of-window DATA 2
041.521 Send DATA 10 8, ID 20138
041.671 Recv ACK  4
041.671 Acked DATA 4, slide SEND window
041.671 Send DATA 11 8, ID 20139
041.902 Recv DATA 9 5, ID 10137
041.902 Deliver DATA 9, ID 10137
041.902 Slide RECV window, expect 10 next
041.902 Acked DATA 5, slide SEND window
041.902 Send DATA 12 9, ID 20140
042.175 Recv DATA 10 5, ID 10138
042.175 Deliver DATA 10, ID 10138
042.175 .... 139 packets received, 6836 bps, 85.44%, Err 4 (1.3e-05)
042.175 Slide RECV window, expect 11 next
042.175 Send DATA 13 10, ID 20141
042.460 Recv DATA 11 5, ID 10139
042.460 Deliver DATA 11, ID 10139
042.460 Slide RECV window, expect 12 next
042.540 ---- ACK timeout
042.540 Send ACK  11
042.721 Recv DATA 12 5, ID 10140
042.722 Deliver DATA 12, ID 10140
042.722 Slide RECV window, expect 13 next
042.722 Recv ACK  6
042.722 Acked DATA 6, slide SEND window
042.722 Send DATA 14 12, ID 20142
043.010 Recv DATA 13 6, ID 10141
043.010 Deliver DATA 13, ID 10141
043.010 Slide RECV window, expect 14 next
043.042 Recv ACK  7
043.042 Acked DATA 7, slide SEND window
043.042 Send DATA 15 13, ID 20143
043.280 Recv DATA 14 7, ID 10142
043.280 Deliver DATA 14, ID 10142
043.280 Slide RECV window, expect 15 next
043.336 Recv ACK  8
043.336 Acked DATA 8, slide SEND window
043.336 Send DATA 0 14, ID 20144
043.547 Recv DATA 15 8, ID 10143
043.547 Deliver DATA 15, ID 10143
043.547 Slide RECV window, expect 0 next
043.600 Recv ACK  9
043.600 Acked DATA 9, slide SEND window
043.601 Send DATA 1 15, ID 20145
043.781 Recv DATA 0 9, ID 10144
043.781 Deliver DATA 0, ID 10144
043.781 Slide RECV window, expect 1 next
043.838 Recv ACK  10
043.838 Acked DATA 10, slide SEND window
043.838 Send DATA 2 0, ID 20146
043.898 Recv ACK  11
043.898 Acked DATA 11, slide SEND window
043.898 Send DATA 3 0, ID 20147
044.080 Recv DATA 1 12, ID 10145
044.080 Deliver DATA 1, ID 10145
044.080 Slide RECV window, expect 2 next
044.080 Acked DATA 12, slide SEND window
044.081 Send DATA 4 1, ID 20148
044.323 Recv DATA 2 13, ID 10146
044.323 Deliver DATA 2, ID 10146
044.323 .... 147 packets received, 6874 bps, 85.93%, Err 4 (1.2e-05)
044.323 Slide RECV window, expect 3 next
044.323 Acked DATA 13, slide SEND window
044.323 Send DATA 5 2, ID 20149
044.590 Recv DATA 3 13, ID 10147
044.590 Deliver DATA 3, ID 10147
044.590 Slide RECV window, expect 4 next
044.674 ---- ACK timeout
044.674 Send ACK  3
044.857 Recv DATA 4 14, ID 10148
044.858 Deliver DATA 4, ID 10148
044.858 Slide RECV window, expect 5 next
044.858 Acked DATA 14, slide SEND window
044.858 Send DATA 6 4, ID 20150
045.106 Recv DATA 5 15, ID 10149
045.106 Deliver DATA 5, ID 10149
045.106 Slide RECV window, expect 6 next
045.106 Acked DATA 15, slide SEND window
045.106 Send DATA 7 5, ID 20151
045.431 Recv DATA 6 0, ID 10150
045.431 Deliver DATA 6, ID 10150
045.431 Slide RECV window, expect 7 next
045.431 Acked DATA 0, slide SEND window
045.431 Send DATA 8 6, ID 20152
045.521 Impose noise on received data, 5/335560=1.5E-05
045.672 Recv DATA 7 1, ID 10151
045.672 Deliver DATA 7, ID 10151
045.672 Slide RECV window, expect 8 next
045.672 Acked DATA 1, slide SEND window
045.672 Send DATA 9 7, ID 20153
045.808 Impose noise on received data, 6/337992=1.8E-05
045.938 **** Receiver Error, Bad CRC Checksum
045.938 Request NAK for 8
045.938 Send NAK  8
045.938 Recv NAK  3
045.938 ---- Resend DATA 3 on NAK
045.938 Send DATA 3 7, ID 20147
045.938 Acked DATA 2, slide SEND window
045.938 Send DATA 10 7, ID 20154
046.225 **** Receiver Error, Bad CRC Checksum
046.457 Recv DATA 10 2, ID 10154
046.726 Recv DATA 11 2, ID 10155
046.995 Recv DATA 12 2, ID 10156
047.255 Recv DATA 13 2, ID 10157
047.516 Recv DATA 14 2, ID 10158
047.790 Recv DATA 15 2, ID 10159
048.040 Recv DATA 8 2, ID 10152
048.040 Deliver DATA 8, ID 10152
048.040 .... 153 packets received, 6595 bps, 82.44%, Err 6 (1.7e-05)
048.041 Slide RECV window, expect 9 next
048.122 ---- ACK timeout
048.122 Send ACK  8
048.193 ---- DATA 4 timeout
048.193 Send DATA 4 8, ID 20148
048.473 ---- DATA 5 timeout
048.473 Send DATA 5 8, ID 20149
048.508 ---- DATA 6 timeout
048.508 Send DATA 6 8, ID 20150
048.708 Recv ACK  9
048.708 Acked DATA 3, slide SEND window
048.708 Acked DATA 4, slide SEND window
048.708 Acked DATA 5, slide SEND window
048.708 Acked DATA 6, slide SEND window
048.708 Acked DATA 7, slide SEND window
048.708 Acked DATA 8, slide SEND window
048.708 Acked DATA 9, slide SEND window
048.708 Recv ACK  10
048.708 Acked DATA 10, slide SEND window
048.709 Send DATA 11 8, ID 20155
048.709 Send DATA 12 8, ID 20156
048.709 Send DATA 13 8, ID 20157
048.962 Recv DATA 0 10, ID 10160
048.962 Request NAK for 9
049.224 Recv DATA 9 10, ID 10153
049.224 Deliver DATA 9, ID 10153
049.224 Deliver DATA 10, ID 10154
049.225 Deliver DATA 11, ID 10155
049.225 Deliver DATA 12, ID 10156
049.225 Deliver DATA 13, ID 10157
049.225 Deliver DATA 14, ID 10158
049.225 Deliver DATA 15, ID 10159
049.225 Deliver DATA 0, ID 10160
049.225 Slide RECV window, expect 1 next
049.225 Send NAK  1
049.225 Send DATA 14 0, ID 20158
049.288 Recv ACK  10
049.288 Send DATA 15 0, ID 20159
049.529 Recv DATA 10 10, ID 10154
049.529 Ignore out-of-window DATA 10
049.620 ---- ACK timeout
049.620 Send ACK  0
049.620 Send DATA 0 0, ID 20160
049.680 Recv ACK  10
049.729 Recv ACK  10
049.974 Recv DATA 11 10, ID 10155
049.974 Ignore out-of-window DATA 11
049.975 Send DATA 1 0, ID 20161
049.991 Recv ACK  11
049.991 Acked DATA 11, slide SEND window
050.250 Recv DATA 12 11, ID 10156
050.250 Ignore out-of-window DATA 12
050.250 Send DATA 2 0, ID 20162
050.273 Recv ACK  12
050.274 Acked DATA 12, slide SEND window
050.513 Recv DATA 13 12, ID 10157
050.513 Ignore out-of-window DATA 13
050.513 Send DATA 3 0, ID 20163
050.798 Recv DATA 1 13, ID 10161
050.798 Deliver DATA 1, ID 10161
050.798 .... 162 packets received, 6600 bps, 82.50%, Err 6 (1.6e-05)
050.798 Slide RECV window, expect 2 next
050.798 Acked DATA 13, slide SEND window
050.798 Send DATA 4 1, ID 20164
051.080 Recv DATA 2 13, ID 10162
051.081 Deliver DATA 2, ID 10162
051.081 Slide RECV window, expect 3 next
051.081 Send DATA 5 2, ID 20165
051.313 Recv DATA 3 13, ID 10163
051.313 Deliver DATA 3, ID 10163
051.313 Slide RECV window, expect 4 next
051.397 ---- ACK timeout
051.397 Send ACK  3
051.590 Recv DATA 4 14, ID 10164
051.590 Deliver DATA 4, ID 10164
051.590 Slide RECV window, expect 5 next
051.590 Acked DATA 14, slide SEND window
051.590 Send DATA 6 4, ID 20166
051.840 Recv DATA 5 15, ID 10165
051.840 Deliver DATA 5, ID 10165
051.840 Slide RECV window, expect 6 next
051.840 Acked DATA 15, slide SEND window
051.841 Send DATA 7 5, ID 20167
052.076 Recv DATA 6 0, ID 10166
052.076 Deliver DATA 6, ID 10166
052.077 Slide RECV window, expect 7 next
052.077 Acked DATA 0, slide SEND window
052.077 Send DATA 8 6, ID 20168
052.404 Recv DATA 7 1, ID 10167
052.404 Deliver DATA 7, ID 10167
052.404 Slide RECV window, expect 8 next
052.404 Acked DATA 1, slide SEND window
052.404 Send DATA 9 7, ID 20169
052.624 Recv DATA 8 2, ID 10168
052.624 Deliver DATA 8, ID 10168
052.624 Slide RECV window, expect 9 next
052.624 Acked DATA 2, slide SEND window
052.624 Send DATA 10 8, ID 20170
052.673 Recv ACK  3
052.673 Acked DATA 3, slide SEND window
052.673 Send DATA 11 8, ID 20171
052.921 Recv DATA 9 4, ID 10169
052.921 Deliver DATA 9, ID 10169
052.921 .... 170 packets received, 6645 bps, 83.07%, Err 6 (1.5e-05)
052.922 Slide RECV window, expect 10 next
052.922 Acked DATA 4, slide SEND window
052.922 Send DATA 12 9, ID 20172
053.198 Recv DATA 10 5, ID 10170
053.198 Deliver DATA 10, ID 10170
053.198 Slide RECV window, expect 11 next
053.198 Acked DATA 5, slide SEND window
053.198 Send DATA 13 10, ID 20173
053.473 Recv DATA 11 5, ID 10171
053.473 Deliver DATA 11, ID 10171
053.473 Slide RECV window, expect 12 next
053.557 ---- ACK timeout
053.557 Send ACK  11
053.706 Recv DATA 12 6, ID 10172
053.706 Deliver DATA 12, ID 10172
053.706 Slide RECV window, expect 13 next
053.706 Acked DATA 6, slide SEND window
053.706 Send DATA 14 12, ID 20174
053.977 Recv DATA 13 7, ID 10173
053.977 Deliver DATA 13, ID 10173
053.977 Slide RECV window, expect 14 next
053.977 Acked DATA 7, slide SEND window
053.978 Send DATA 15 13, ID 20175
054.217 Recv DATA 14 8, ID 10174
054.217 Deliver DATA 14, ID 10174
054.217 Slide RECV window, expect 15 next
054.218 Acked DATA 8, slide SEND window
054.219 Send DATA 0 14, ID 20176
054.507 Recv DATA 15 9, ID 10175
054.507 Deliver DATA 15, ID 10175
054.507 Slide RECV window, expect 0 next
054.507 Acked DATA 9, slide SEND window
054.508 Send DATA 1 15, ID 20177
054.789 Recv DATA 0 10, ID 10176
054.789 Deliver DATA 0, ID 10176
054.789 Slide RECV window, expect 1 next
054.789 Acked DATA 10, slide SEND window
054.790 Send DATA 2 0, ID 20178
054.823 Recv ACK  11
054.824 Acked DATA 11, slide SEND window
054.825 Send DATA 3 0, ID 20179
055.023 Recv DATA 1 12, ID 10177
055.023 Deliver DATA 1, ID 10177
055.023 .... 178 packets received, 6690 bps, 83.62%, Err 6 (1.5e-05)
055.023 Slide RECV window, expect 2 next
055.023 Acked DATA 12, slide SEND window
055.024 Send DATA 4 1, ID 20180
055.272 Recv DATA 2 13, ID 10178
055.272 Deliver DATA 2, ID 10178
055.272 Slide RECV window, expect 3 next
055.272 Acked DATA 13, slide SEND window
055.272 Send DATA 5 2, ID 20181
055.545 Recv DATA 3 13, ID 10179
055.545 Deliver DATA 3, ID 10179
055.545 Slide RECV window, expect 4 next
055.624 ---- ACK timeout
055.624 Send ACK  3
055.822 Recv DATA 4 14, ID 10180
055.822 Deliver DATA 4, ID 10180
055.822 Slide RECV window, expect 5 next
055.822 Acked DATA 14, slide SEND window
055.822 Send DATA 6 4, ID 20182
056.084 Recv DATA 5 15, ID 10181
056.084 Deliver DATA 5, ID 10181
056.084 Slide RECV window, expect 6 next
056.084 Acked DATA 15, slide SEND window
056.084 Send DATA 7 5, ID 20183
056.337 Recv DATA 6 0, ID 10182
056.337 Deliver DATA 6, ID 10182
056.337 Slide RECV window, expect 7 next
056.337 Acked DATA 0, slide SEND window
056.337 Send DATA 8 6, ID 20184
056.605 Recv DATA 7 1, ID 10183
056.605 Deliver DATA 7, ID 10183
056.605 Slide RECV window, expect 8 next
056.605 Acked DATA 1, slide SEND window
056.606 Send DATA 9 7, ID 20185
056.777 Impose noise on received data, 7/418872=1.7E-05
056.874 Recv DATA 8 2, ID 10184
056.874 Deliver DATA 8, ID 10184
056.874 Slide RECV window, expect 9 next
056.874 Acked DATA 2, slide SEND window
056.874 Send DATA 10 8, ID 20186
056.936 Recv ACK  3
056.936 Acked DATA 3, slide SEND window
056.936 Send DATA 11 8, ID 20187
057.141 **** Receiver Error, Bad CRC Checksum
057.141 Request NAK for 9
057.141 Send NAK  9
057.390 Recv DATA 10 5, ID 10186
057.390 Acked DATA 4, slide SEND window
057.390 Acked DATA 5, slide SEND window
057.390 Send DATA 12 8, ID 20188
057.390 Send DATA 13 8, ID 20189
057.703 Recv DATA 11 5, ID 10187
057.924 Recv DATA 12 6, ID 10188
057.924 Acked DATA 6, slide SEND window
057.924 Send DATA 14 8, ID 20190
058.203 Recv DATA 13 7, ID 10189
058.203 Acked DATA 7, slide SEND window
058.203 Send DATA 15 8, ID 20191
058.474 Recv DATA 14 8, ID 10190
058.474 Acked DATA 8, slide SEND window
058.474 Send DATA 0 8, ID 20192
058.750 Recv DATA 15 9, ID 10191
058.750 Acked DATA 9, slide SEND window
058.750 Send DATA 1 8, ID 20193
059.014 Recv DATA 0 10, ID 10192
059.014 Acked DATA 10, slide SEND window
059.014 Send DATA 2 8, ID 20194
059.270 Recv DATA 9 11, ID 10185
059.270 Deliver DATA 9, ID 10185
059.270 .... 186 packets received, 6485 bps, 81.06%, Err 7 (1.6e-05)
059.270 Deliver DATA 10, ID 10186
059.271 Deliver DATA 11, ID 10187
059.271 Deliver DATA 12, ID 10188
059.271 Deliver DATA 13, ID 10189
059.271 Deliver DATA 14, ID 10190
059.271 Deliver DATA 15, ID 10191
059.271 Deliver DATA 0, ID 10192
059.271 Slide RECV window, expect 1 next
059.271 Acked DATA 11, slide SEND window
059.271 Send DATA 3 0, ID 20195
059.292 Recv ACK  12
059.292 Acked DATA 12, slide SEND window
059.292 Send DATA 4 0, ID 20196
059.433 Recv ACK  13
059.433 Acked DATA 13, slide SEND window
059.433 Send DATA 5 0, ID 20197
059.707 Recv ACK  14
059.707 Acked DATA 14, slide SEND window
059.708 Send DATA 6 0, ID 20198
059.978 Recv ACK  15
059.978 Acked DATA 15, slide SEND window
059.979 Send DATA 7 0, ID 20199
060.228 Recv ACK  0
060.228 Acked DATA 0, slide SEND window
060.228 Send DATA 8 0, ID 20200
060.304 Recv ACK  1
060.304 Acked DATA 1, slide SEND window
060.357 Recv ACK  2
060.357 Acked DATA 2, slide SEND window
060.556 Recv DATA 10 2, ID 10186
060.557 Ignore out-of-window DATA 10
060.557 Send DATA 9 0, ID 20201
060.834 Recv DATA 1 3, ID 10193
060.834 Deliver DATA 1, ID 10193
060.834 Slide RECV window, expect 2 next
060.834 Acked DATA 3, slide SEND window
060.834 Send DATA 10 1, ID 20202
061.086 Recv DATA 2 3, ID 10194
061.086 Deliver DATA 2, ID 10194
061.086 Slide RECV window, expect 3 next
061.086 Send DATA 11 2, ID 20203
061.322 Recv DATA 3 3, ID 10195
061.322 Deliver DATA 3, ID 10195
061.322 .... 196 packets received, 6603 bps, 82.54%, Err 7 (1.6e-05)
061.322 Slide RECV window, expect 4 next
061.424 ---- ACK timeout
061.425 Send ACK  3
061.594 Recv DATA 4 4, ID 10196
061.594 Deliver DATA 4, ID 10196
061.594 Slide RECV window, expect 5 next
061.594 Acked DATA 4, slide SEND window
061.594 Send DATA 12 4, ID 20204
061.652 Recv NAK  5
061.652 ---- Resend DATA 5 on NAK
061.652 Send DATA 5 4, ID 20197
061.884 Recv DATA 5 4, ID 10197
061.884 Deliver DATA 5, ID 10197
061.884 Slide RECV window, expect 6 next
061.973 ---- ACK timeout
061.973 Send ACK  5
062.119 Recv DATA 6 4, ID 10198
062.119 Deliver DATA 6, ID 10198
062.119 Slide RECV window, expect 7 next
062.220 ---- ACK timeout
062.221 Send ACK  6
062.383 Recv DATA 7 4, ID 10199
062.383 Deliver DATA 7, ID 10199
062.383 Slide RECV window, expect 8 next
062.486 ---- ACK timeout
062.486 Send ACK  7
062.567 ** WARNING: System too busy, sleep 15 ms, but be awakened 79 ms later
062.685 Recv DATA 8 4, ID 10200
062.685 Deliver DATA 8, ID 10200
062.685 Slide RECV window, expect 9 next
062.775 ---- ACK timeout
062.775 Send ACK  8
062.902 Recv DATA 9 4, ID 10201
062.902 Deliver DATA 9, ID 10201
062.902 Slide RECV window, expect 10 next
063.000 ---- ACK timeout
063.000 Send ACK  9
063.221 Recv DATA 10 4, ID 10202
063.221 Deliver DATA 10, ID 10202
063.221 Slide RECV window, expect 11 next
063.319 ---- ACK timeout
063.319 Send ACK  10
063.453 Recv DATA 11 4, ID 10203
063.453 Deliver DATA 11, ID 10203
063.453 .... 204 packets received, 6640 bps, 83.00%, Err 7 (1.5e-05)
063.453 Slide RECV window, expect 12 next
063.535 ---- ACK timeout
063.535 Send ACK  11
063.704 Recv DATA 12 4, ID 10204
063.704 Deliver DATA 12, ID 10204
063.704 Slide RECV window, expect 13 next
063.752 ---- DATA 6 timeout
063.752 Send DATA 6 12, ID 20198
063.992 Recv DATA 13 12, ID 10205
063.992 Deliver DATA 13, ID 10205
063.992 Slide RECV window, expect 14 next
063.992 Acked DATA 5, slide SEND window
063.992 Acked DATA 6, slide SEND window
063.992 Acked DATA 7, slide SEND window
063.992 Acked DATA 8, slide SEND window
063.992 Acked DATA 9, slide SEND window
063.992 Acked DATA 10, slide SEND window
063.992 Acked DATA 11, slide SEND window
063.992 Acked DATA 12, slide SEND window
063.993 Send DATA 13 13, ID 20205
063.994 Send DATA 14 13, ID 20206
063.994 Send DATA 15 13, ID 20207
063.994 Send DATA 0 13, ID 20208
064.241 Recv DATA 14 12, ID 10206
064.241 Deliver DATA 14, ID 10206
064.241 Slide RECV window, expect 15 next
064.323 ---- ACK timeout
064.323 Send ACK  14
064.323 Send DATA 1 14, ID 20209
064.511 Recv DATA 15 12, ID 10207
064.511 Deliver DATA 15, ID 10207
064.511 Slide RECV window, expect 0 next
064.608 ---- ACK timeout
064.608 Send ACK  15
064.608 Send DATA 2 15, ID 20210
064.784 Recv DATA 0 12, ID 10208
064.784 Deliver DATA 0, ID 10208
064.784 Slide RECV window, expect 1 next
064.868 ---- ACK timeout
064.868 Send ACK  0
064.868 Send DATA 3 0, ID 20211
065.024 Recv DATA 1 12, ID 10209
065.024 Deliver DATA 1, ID 10209
065.024 Slide RECV window, expect 2 next
065.109 ---- ACK timeout
065.109 Send ACK  1
065.109 Send DATA 4 1, ID 20212
065.306 Recv DATA 2 12, ID 10210
065.306 Deliver DATA 2, ID 10210
065.306 Slide RECV window, expect 3 next
065.405 ---- ACK timeout
065.405 Send ACK  2
065.573 Recv DATA 3 12, ID 10211
065.573 Deliver DATA 3, ID 10211
065.573 .... 212 packets received, 6675 bps, 83.44%, Err 7 (1.5e-05)
065.573 Slide RECV window, expect 4 next
065.670 ---- ACK timeout
065.670 Send ACK  3
065.858 Recv DATA 4 13, ID 10212
065.858 Deliver DATA 4, ID 10212
065.858 Slide RECV window, expect 5 next
065.858 Acked DATA 13, slide SEND window
065.859 Send DATA 5 4, ID 20213
066.074 Recv DATA 5 14, ID 10213
066.074 Deliver DATA 5, ID 10213
066.074 Slide RECV window, expect 6 next
066.074 Acked DATA 14, slide SEND window
066.075 Send DATA 6 5, ID 20214
066.132 Recv ACK  15
066.132 Acked DATA 15, slide SEND window
066.133 Send DATA 7 5, ID 20215
066.337 Recv DATA 6 0, ID 10214
066.337 Deliver DATA 6, ID 10214
066.337 Slide RECV window, expect 7 next
066.337 Acked DATA 0, slide SEND window
066.338 Send DATA 8 6, ID 20216
066.407 Recv NAK  1
066.407 ---- Resend DATA 1 on NAK
066.407 Send DATA 1 6, ID 20209
066.620 Recv DATA 7 0, ID 10215
066.620 Deliver DATA 7, ID 10215
066.620 Slide RECV window, expect 8 next
066.721 ---- ACK timeout
066.721 Send ACK  7
066.896 Recv DATA 8 0, ID 10216
066.896 Deliver DATA 8, ID 10216
066.896 Slide RECV window, expect 9 next
066.998 ---- ACK timeout
066.998 Send ACK  8
067.175 Recv DATA 9 0, ID 10217
067.175 Deliver DATA 9, ID 10217
067.175 Slide RECV window, expect 10 next
067.258 ---- ACK timeout
067.258 Send ACK  9
067.436 Recv DATA 10 0, ID 10218
067.436 Deliver DATA 10, ID 10218
067.436 Slide RECV window, expect 11 next
067.530 ---- ACK timeout
067.530 Send ACK  10
067.690 Recv DATA 11 0, ID 10219
067.690 Deliver DATA 11, ID 10219
067.690 .... 220 packets received, 6709 bps, 83.86%, Err 7 (1.4e-05)
067.690 Slide RECV window, expect 12 next
067.776 ---- ACK timeout
067.776 Send ACK  11
067.927 Recv DATA 12 0, ID 10220
067.927 Deliver DATA 12, ID 10220
067.927 Slide RECV window, expect 13 next
068.017 ---- ACK timeout
068.018 Send ACK  12
068.201 Recv DATA 13 0, ID 10221
068.201 Deliver DATA 13, ID 10221
068.201 Slide RECV window, expect 14 next
068.304 ---- ACK timeout
068.304 Send ACK  13
068.470 Recv DATA 14 0, ID 10222
068.470 Deliver DATA 14, ID 10222
068.470 Slide RECV window, expect 15 next
068.552 ---- ACK timeout
068.552 Send ACK  14
068.784 Recv DATA 15 8, ID 10223
068.784 Deliver DATA 15, ID 10223
068.784 Slide RECV window, expect 0 next
068.784 Acked DATA 1, slide SEND window
068.784 Acked DATA 2, slide SEND window
068.784 Acked DATA 3, slide SEND window
068.784 Acked DATA 4, slide SEND window
068.784 Acked DATA 5, slide SEND window
068.784 Acked DATA 6, slide SEND window
068.784 Acked DATA 7, slide SEND window
068.784 Acked DATA 8, slide SEND window
068.784 Send DATA 9 15, ID 20217
068.790 Send DATA 10 15, ID 20218
068.791 Send DATA 11 15, ID 20219
068.791 Send DATA 12 15, ID 20220
069.023 Recv DATA 0 8, ID 10224
069.023 Deliver DATA 0, ID 10224
069.023 Slide RECV window, expect 1 next
069.133 ---- ACK timeout
069.133 Send ACK  0
069.133 Send DATA 13 0, ID 20221
069.289 Recv DATA 1 8, ID 10225
069.289 Deliver DATA 1, ID 10225
069.289 Slide RECV window, expect 2 next
069.385 ---- ACK timeout
069.385 Send ACK  1
069.385 Send DATA 14 1, ID 20222
069.516 Recv DATA 2 8, ID 10226
069.516 Deliver DATA 2, ID 10226
069.516 Slide RECV window, expect 3 next
069.600 ---- ACK timeout
069.600 Send ACK  2
069.600 Send DATA 15 2, ID 20223
069.788 Recv DATA 3 8, ID 10227
069.788 Deliver DATA 3, ID 10227
069.788 .... 228 packets received, 6742 bps, 84.27%, Err 7 (1.4e-05)
069.788 Slide RECV window, expect 4 next
069.889 ---- ACK timeout
069.889 Send ACK  3
069.889 Send DATA 0 3, ID 20224
070.082 Recv DATA 4 8, ID 10228
070.082 Deliver DATA 4, ID 10228
070.082 Slide RECV window, expect 5 next
070.192 ---- ACK timeout
070.192 Send ACK  4
070.279 Impose noise on received data, 8/519168=1.5E-05
070.339 Recv DATA 5 9, ID 10229
070.339 Deliver DATA 5, ID 10229
070.339 Slide RECV window, expect 6 next
070.339 Acked DATA 9, slide SEND window
070.339 Send DATA 1 5, ID 20225
070.612 **** Receiver Error, Bad CRC Checksum
070.612 Request NAK for 6
070.612 Send NAK  6
070.828 ** WARNING: System too busy, sleep 15 ms, but be awakened 66 ms later
070.867 Recv DATA 7 10, ID 10231
070.867 Acked DATA 10, slide SEND window
070.867 Send DATA 2 5, ID 20226
070.889 Recv ACK  11
070.889 Acked DATA 11, slide SEND window
070.889 Send DATA 3 5, ID 20227
071.158 Recv DATA 8 12, ID 10232
071.158 Acked DATA 12, slide SEND window
071.158 Send DATA 4 5, ID 20228
071.386 Recv DATA 9 13, ID 10233
071.386 Acked DATA 13, slide SEND window
071.386 Send DATA 5 5, ID 20229
071.665 Recv DATA 10 14, ID 10234
071.665 Acked DATA 14, slide SEND window
071.665 Send DATA 6 5, ID 20230
071.952 Recv DATA 11 15, ID 10235
071.952 Acked DATA 15, slide SEND window
071.953 Send DATA 7 5, ID 20231
072.172 Recv DATA 12 0, ID 10236
072.172 Acked DATA 0, slide SEND window
072.172 Send DATA 8 5, ID 20232
072.449 Recv DATA 13 1, ID 10237
072.449 Acked DATA 1, slide SEND window
072.449 Send DATA 9 5, ID 20233
072.724 Recv DATA 6 1, ID 10230
072.724 Deliver DATA 6, ID 10230
072.724 .... 231 packets received, 6553 bps, 81.91%, Err 8 (1.5e-05)
072.724 Deliver DATA 7, ID 10231
072.724 Deliver DATA 8, ID 10232
072.724 Deliver DATA 9, ID 10233
072.724 Deliver DATA 10, ID 10234
072.724 Deliver DATA 11, ID 10235
072.724 Deliver DATA 12, ID 10236
072.724 Deliver DATA 13, ID 10237
072.724 Slide RECV window, expect 14 next
072.745 Recv ACK  2
072.745 Acked DATA 2, slide SEND window
072.745 Send DATA 10 13, ID 20234
072.905 Recv ACK  3
072.906 Acked DATA 3, slide SEND window
072.906 Send DATA 11 13, ID 20235
073.172 Recv ACK  4
073.172 Acked DATA 4, slide SEND window
073.172 Send DATA 12 13, ID 20236
073.441 Recv ACK  5
073.441 Acked DATA 5, slide SEND window
073.441 Send DATA 13 13, ID 20237
073.672 Recv ACK  6
073.672 Acked DATA 6, slide SEND window
073.672 Send DATA 14 13, ID 20238
073.702 Recv ACK  7
073.702 Acked DATA 7, slide SEND window
073.971 Recv ACK  8
073.971 Acked DATA 8, slide SEND window
073.972 Send DATA 15 13, ID 20239
074.003 Recv ACK  9
074.003 Acked DATA 9, slide SEND window
074.242 Recv DATA 8 9, ID 10232
074.242 Ignore out-of-window DATA 8
074.243 Send DATA 0 13, ID 20240
074.510 Recv DATA 7 9, ID 10231
074.510 Ignore out-of-window DATA 7
074.511 Send DATA 1 13, ID 20241
074.757 Recv DATA 14 10, ID 10238
074.757 Deliver DATA 14, ID 10238
074.757 .... 239 packets received, 6594 bps, 82.43%, Err 8 (1.5e-05)
074.757 Slide RECV window, expect 15 next
074.757 Acked DATA 10, slide SEND window
074.757 Send DATA 2 14, ID 20242
075.038 Recv DATA 15 10, ID 10239
075.038 Deliver DATA 15, ID 10239
075.038 Slide RECV window, expect 0 next
075.122 ---- ACK timeout
075.122 Send ACK  15
075.306 Recv DATA 0 11, ID 10240
075.306 Deliver DATA 0, ID 10240
075.306 Slide RECV window, expect 1 next
075.306 Acked DATA 11, slide SEND window
075.306 Send DATA 3 0, ID 20243
075.538 Recv DATA 1 12, ID 10241
075.538 Deliver DATA 1, ID 10241
075.538 Slide RECV window, expect 2 next
075.538 Acked DATA 12, slide SEND window
075.539 Send DATA 4 1, ID 20244
075.811 Recv DATA 2 13, ID 10242
075.811 Deliver DATA 2, ID 10242
075.811 Slide RECV window, expect 3 next
075.811 Acked DATA 13, slide SEND window
075.811 Send DATA 5 2, ID 20245
076.091 Recv DATA 3 14, ID 10243
076.092 Deliver DATA 3, ID 10243
076.092 Slide RECV window, expect 4 next
076.092 Acked DATA 14, slide SEND window
076.092 Send DATA 6 3, ID 20246
076.326 Recv DATA 4 15, ID 10244
076.326 Deliver DATA 4, ID 10244
076.326 Slide RECV window, expect 5 next
076.326 Acked DATA 15, slide SEND window
076.326 Send DATA 7 4, ID 20247
076.622 Recv DATA 5 0, ID 10245
076.622 Deliver DATA 5, ID 10245
076.622 Slide RECV window, expect 6 next
076.622 Acked DATA 0, slide SEND window
076.623 Recv ACK  1
076.623 Acked DATA 1, slide SEND window
076.623 Send DATA 8 5, ID 20248
076.623 Send DATA 9 5, ID 20249
076.853 Recv DATA 6 2, ID 10246
076.853 Deliver DATA 6, ID 10246
076.853 .... 247 packets received, 6628 bps, 82.85%, Err 8 (1.4e-05)
076.853 Slide RECV window, expect 7 next
076.853 Acked DATA 2, slide SEND window
076.853 Send DATA 10 6, ID 20250
077.133 Recv DATA 7 2, ID 10247
077.134 Deliver DATA 7, ID 10247
077.134 Slide RECV window, expect 8 next
077.224 Impose noise on received data, 9/565112=1.6E-05
077.224 ---- ACK timeout
077.224 Send ACK  7
077.421 Recv DATA 8 3, ID 10248
077.421 Deliver DATA 8, ID 10248
077.421 Slide RECV window, expect 9 next
077.421 Acked DATA 3, slide SEND window
077.422 Send DATA 11 8, ID 20251
077.665 **** Receiver Error, Bad CRC Checksum
077.667 Request NAK for 9
077.667 Send NAK  9
077.932 Recv DATA 10 5, ID 10250
077.932 Acked DATA 4, slide SEND window
077.932 Acked DATA 5, slide SEND window
077.932 Send DATA 12 8, ID 20252
077.932 Send DATA 13 8, ID 20253
078.205 Recv DATA 11 6, ID 10251
078.206 Acked DATA 6, slide SEND window
078.206 Send DATA 14 8, ID 20254
078.440 Recv DATA 12 7, ID 10252
078.440 Acked DATA 7, slide SEND window
078.441 Send DATA 15 8, ID 20255
078.706 Recv DATA 13 8, ID 10253
078.706 Acked DATA 8, slide SEND window
078.706 Send DATA 0 8, ID 20256
078.757 Recv ACK  9
078.757 Acked DATA 9, slide SEND window
078.757 Send DATA 1 8, ID 20257
079.030 Recv DATA 14 10, ID 10254
079.030 Acked DATA 10, slide SEND window
079.031 Send DATA 2 8, ID 20258
079.255 Recv DATA 15 10, ID 10255
079.535 Recv DATA 9 11, ID 10249
079.535 Deliver DATA 9, ID 10249
079.535 .... 250 packets received, 6481 bps, 81.01%, Err 9 (1.5e-05)
079.535 Deliver DATA 10, ID 10250
079.535 Deliver DATA 11, ID 10251
079.536 Deliver DATA 12, ID 10252
079.536 Deliver DATA 13, ID 10253
079.536 Deliver DATA 14, ID 10254
079.536 Deliver DATA 15, ID 10255
079.536 Slide RECV window, expect 0 next
079.536 Acked DATA 11, slide SEND window
079.536 Send DATA 3 15, ID 20259
079.812 Recv DATA 0 12, ID 10256
079.812 Deliver DATA 0, ID 10256
079.812 Slide RECV window, expect 1 next
079.812 Acked DATA 12, slide SEND window
079.813 Send DATA 4 0, ID 20260
080.057 Recv ACK  13
080.057 Acked DATA 13, slide SEND window
080.058 Send DATA 5 0, ID 20261
080.344 Recv ACK  14
080.344 Acked DATA 14, slide SEND window
080.344 Send DATA 6 0, ID 20262
080.569 Recv ACK  15
080.569 Acked DATA 15, slide SEND window
080.569 Send DATA 7 0, ID 20263
080.735 Recv ACK  0
080.735 Acked DATA 0, slide SEND window
080.736 Send DATA 8 0, ID 20264
080.756 Recv ACK  1
080.756 Acked DATA 1, slide SEND window
080.756 Send DATA 9 0, ID 20265
080.772 Recv ACK  2
080.772 Acked DATA 2, slide SEND window
081.004 Recv DATA 1 3, ID 10257
081.004 Deliver DATA 1, ID 10257
081.004 Slide RECV window, expect 2 next
081.004 Acked DATA 3, slide SEND window
081.004 Send DATA 10 1, ID 20266
081.241 Recv DATA 2 3, ID 10258
081.241 Deliver DATA 2, ID 10258
081.241 Slide RECV window, expect 3 next
081.321 ---- ACK timeout
081.321 Send ACK  2
081.321 Send DATA 11 2, ID 20267
081.488 Recv DATA 3 3, ID 10259
081.488 Deliver DATA 3, ID 10259
081.488 Slide RECV window, expect 4 next
081.585 ---- ACK timeout
081.585 Send ACK  3
081.749 Recv DATA 4 3, ID 10260
081.749 Deliver DATA 4, ID 10260
081.749 .... 261 packets received, 6581 bps, 82.27%, Err 9 (1.5e-05)
081.749 Slide RECV window, expect 5 next
081.849 ---- ACK timeout
081.849 Send ACK  4
082.034 Recv DATA 5 4, ID 10261
082.034 Deliver DATA 5, ID 10261
082.034 Slide RECV window, expect 6 next
082.034 Acked DATA 4, slide SEND window
082.035 Send DATA 12 5, ID 20268
082.339 Recv DATA 6 5, ID 10262
082.339 Deliver DATA 6, ID 10262
082.339 Slide RECV window, expect 7 next
082.339 Acked DATA 5, slide SEND window
082.339 Send DATA 13 6, ID 20269
082.553 Recv DATA 7 6, ID 10263
082.553 Deliver DATA 7, ID 10263
082.553 Slide RECV window, expect 8 next
082.553 Acked DATA 6, slide SEND window
082.553 Send DATA 14 7, ID 20270
082.826 Recv DATA 8 7, ID 10264
082.826 Deliver DATA 8, ID 10264
082.826 Slide RECV window, expect 9 next
082.826 Acked DATA 7, slide SEND window
082.826 Send DATA 15 8, ID 20271
082.850 Recv ACK  8
082.850 Acked DATA 8, slide SEND window
082.850 Send DATA 0 8, ID 20272
082.908 Recv ACK  9
082.908 Acked DATA 9, slide SEND window
082.908 Send DATA 1 8, ID 20273
083.106 Recv DATA 9 10, ID 10265
083.106 Deliver DATA 9, ID 10265
083.106 Slide RECV window, expect 10 next
083.106 Acked DATA 10, slide SEND window
083.205 ---- ACK timeout
083.205 Send ACK  9
083.205 Send DATA 2 9, ID 20274
083.386 Recv DATA 10 10, ID 10266
083.386 Deliver DATA 10, ID 10266
083.386 Slide RECV window, expect 11 next
083.489 ---- ACK timeout
083.490 Send ACK  10
083.653 Recv DATA 11 11, ID 10267
083.653 Deliver DATA 11, ID 10267
083.653 Slide RECV window, expect 12 next
083.653 Acked DATA 11, slide SEND window
083.662 Send DATA 3 11, ID 20275
083.950 Recv DATA 12 11, ID 10268
083.950 Deliver DATA 12, ID 10268
083.951 .... 269 packets received, 6604 bps, 82.55%, Err 9 (1.5e-05)
083.951 Slide RECV window, expect 13 next
084.032 ---- ACK timeout
084.032 Send ACK  12
084.149 Recv DATA 13 12, ID 10269
084.149 Deliver DATA 13, ID 10269
084.149 Slide RECV window, expect 14 next
084.149 Acked DATA 12, slide SEND window
084.149 Send DATA 4 13, ID 20276
084.419 Recv DATA 14 13, ID 10270
084.419 Deliver DATA 14, ID 10270
084.419 Slide RECV window, expect 15 next
084.419 Acked DATA 13, slide SEND window
084.419 Send DATA 5 14, ID 20277
084.680 Recv DATA 15 14, ID 10271
084.680 Deliver DATA 15, ID 10271
084.681 Slide RECV window, expect 0 next
084.681 Acked DATA 14, slide SEND window
084.681 Send DATA 6 15, ID 20278
084.939 Recv DATA 0 15, ID 10272
084.939 Deliver DATA 0, ID 10272
084.939 Slide RECV window, expect 1 next
084.939 Acked DATA 15, slide SEND window
084.939 Send DATA 7 0, ID 20279
084.970 Recv ACK  0
084.970 Acked DATA 0, slide SEND window
084.971 Send DATA 8 0, ID 20280
085.200 Recv DATA 1 1, ID 10273
085.201 Deliver DATA 1, ID 10273
085.201 Slide RECV window, expect 2 next
085.201 Acked DATA 1, slide SEND window
085.201 Send DATA 9 1, ID 20281
085.523 Recv DATA 2 2, ID 10274
085.523 Deliver DATA 2, ID 10274
085.523 Slide RECV window, expect 3 next
085.523 Acked DATA 2, slide SEND window
085.523 Send DATA 10 2, ID 20282
085.756 Recv DATA 3 3, ID 10275
085.756 Deliver DATA 3, ID 10275
085.756 Slide RECV window, expect 4 next
085.756 Acked DATA 3, slide SEND window
085.756 Send DATA 11 3, ID 20283
086.006 Recv DATA 4 3, ID 10276
086.006 Deliver DATA 4, ID 10276
086.006 .... 277 packets received, 6637 bps, 82.96%, Err 9 (1.4e-05)
086.006 Slide RECV window, expect 5 next
086.088 ---- ACK timeout
086.088 Send ACK  4
086.288 Recv DATA 5 4, ID 10277
086.288 Deliver DATA 5, ID 10277
086.288 Slide RECV window, expect 6 next
086.288 Acked DATA 4, slide SEND window
086.288 Send DATA 12 5, ID 20284
086.556 Recv DATA 6 5, ID 10278
086.556 Deliver DATA 6, ID 10278
086.556 Slide RECV window, expect 7 next
086.556 Acked DATA 5, slide SEND window
086.557 Send DATA 13 6, ID 20285
086.816 Recv DATA 7 6, ID 10279
086.816 Deliver DATA 7, ID 10279
086.816 Slide RECV window, expect 8 next
086.816 Acked DATA 6, slide SEND window
086.817 Send DATA 14 7, ID 20286
087.083 Recv DATA 8 7, ID 10280
087.083 Deliver DATA 8, ID 10280
087.083 Slide RECV window, expect 9 next
087.083 Acked DATA 7, slide SEND window
087.083 Send DATA 15 8, ID 20287
087.123 Recv ACK  8
087.123 Acked DATA 8, slide SEND window
087.123 Send DATA 0 8, ID 20288
087.320 Recv DATA 9 9, ID 10281
087.320 Deliver DATA 9, ID 10281
087.320 Slide RECV window, expect 10 next
087.320 Acked DATA 9, slide SEND window
087.320 Send DATA 1 9, ID 20289
087.590 Recv DATA 10 10, ID 10282
087.591 Deliver DATA 10, ID 10282
087.591 Slide RECV window, expect 11 next
087.591 Acked DATA 10, slide SEND window
087.591 Send DATA 2 10, ID 20290
087.861 Recv DATA 11 11, ID 10283
087.861 Deliver DATA 11, ID 10283
087.861 Slide RECV window, expect 12 next
087.861 Acked DATA 11, slide SEND window
087.861 Send DATA 3 11, ID 20291
088.125 Recv DATA 12 11, ID 10284
088.125 Deliver DATA 12, ID 10284
088.125 .... 285 packets received, 6663 bps, 83.29%, Err 9 (1.4e-05)
088.125 Slide RECV window, expect 13 next
088.184 Recv NAK  12
088.184 ---- Resend DATA 12 on NAK
088.184 Send DATA 12 12, ID 20284
088.390 Recv DATA 13 11, ID 10285
088.390 Deliver DATA 13, ID 10285
088.390 Slide RECV window, expect 14 next
088.471 ---- ACK timeout
088.471 Send ACK  13
088.677 Recv DATA 14 11, ID 10286
088.677 Deliver DATA 14, ID 10286
088.677 Slide RECV window, expect 15 next
088.773 ---- ACK timeout
088.773 Send ACK  14
088.937 Recv DATA 15 11, ID 10287
088.937 Deliver DATA 15, ID 10287
088.938 Slide RECV window, expect 0 next
089.022 ---- ACK timeout
089.022 Send ACK  15
089.182 Recv DATA 0 11, ID 10288
089.182 Deliver DATA 0, ID 10288
089.182 Slide RECV window, expect 1 next
089.276 ---- ACK timeout
089.276 Send ACK  0
089.456 Recv DATA 1 11, ID 10289
089.459 Deliver DATA 1, ID 10289
089.459 Slide RECV window, expect 2 next
089.543 ---- ACK timeout
089.543 Send ACK  1
089.720 Recv DATA 2 11, ID 10290
089.720 Deliver DATA 2, ID 10290
089.720 Slide RECV window, expect 3 next
089.804 ---- ACK timeout
089.804 Send ACK  2
089.834 ---- DATA 13 timeout
089.834 Send DATA 13 2, ID 20285
089.990 Recv DATA 3 2, ID 10291
089.990 Deliver DATA 3, ID 10291
089.990 Slide RECV window, expect 4 next
089.990 Acked DATA 12, slide SEND window
089.990 Acked DATA 13, slide SEND window
089.990 Acked DATA 14, slide SEND window
089.990 Acked DATA 15, slide SEND window
089.990 Acked DATA 0, slide SEND window
089.990 Acked DATA 1, slide SEND window
089.990 Acked DATA 2, slide SEND window
089.991 Send DATA 4 3, ID 20292
089.991 Send DATA 5 3, ID 20293
089.991 Send DATA 6 3, ID 20294
090.240 Recv DATA 4 2, ID 10292
090.240 Deliver DATA 4, ID 10292
090.240 .... 293 packets received, 6689 bps, 83.61%, Err 9 (1.4e-05)
090.240 Slide RECV window, expect 5 next
090.240 Send DATA 7 4, ID 20295
090.557 Recv DATA 5 2, ID 10293
090.557 Deliver DATA 5, ID 10293
090.557 Slide RECV window, expect 6 next
090.557 Send DATA 8 5, ID 20296
090.798 Recv DATA 6 2, ID 10294
090.798 Deliver DATA 6, ID 10294
090.798 Slide RECV window, expect 7 next
090.799 Send DATA 9 6, ID 20297
091.058 Recv DATA 7 2, ID 10295
091.058 Deliver DATA 7, ID 10295
091.058 Slide RECV window, expect 8 next
091.058 Send DATA 10 7, ID 20298
091.307 Recv DATA 8 2, ID 10296
091.307 Deliver DATA 8, ID 10296
091.307 Slide RECV window, expect 9 next
091.390 ---- ACK timeout
091.390 Send ACK  8
091.594 Recv DATA 9 2, ID 10297
091.594 Deliver DATA 9, ID 10297
091.594 Slide RECV window, expect 10 next
091.669 Recv NAK  3
091.669 ---- Resend DATA 3 on NAK
091.669 Send DATA 3 9, ID 20291
091.857 Recv DATA 10 2, ID 10298
091.857 Deliver DATA 10, ID 10298
091.857 Slide RECV window, expect 11 next
091.964 ---- ACK timeout
091.964 Send ACK  10
092.138 Recv DATA 11 2, ID 10299
092.138 Deliver DATA 11, ID 10299
092.138 Slide RECV window, expect 12 next
092.241 ---- ACK timeout
092.241 Send ACK  11
092.392 Recv DATA 12 2, ID 10300
092.392 Deliver DATA 12, ID 10300
092.392 .... 301 packets received, 6711 bps, 83.88%, Err 9 (1.3e-05)
092.392 Slide RECV window, expect 13 next
092.487 ---- ACK timeout
092.487 Send ACK  12
092.636 Recv DATA 13 2, ID 10301
092.636 Deliver DATA 13, ID 10301
092.636 Slide RECV window, expect 14 next
092.721 ---- ACK timeout
092.721 Send ACK  13
092.900 Recv DATA 14 2, ID 10302
092.900 Deliver DATA 14, ID 10302
092.900 Slide RECV window, expect 15 next
092.900 ---- DATA 4 timeout
092.900 Send DATA 4 14, ID 20292
093.172 Recv DATA 15 2, ID 10303
093.173 Deliver DATA 15, ID 10303
093.173 Slide RECV window, expect 0 next
093.278 ---- ACK timeout
093.278 Send ACK  15
093.406 ---- DATA 5 timeout
093.406 Send DATA 5 15, ID 20293
093.436 Recv DATA 0 2, ID 10304
093.436 Deliver DATA 0, ID 10304
093.436 Slide RECV window, expect 1 next
093.518 ---- ACK timeout
093.518 Send ACK  0
093.689 Recv DATA 1 10, ID 10305
093.689 Deliver DATA 1, ID 10305
093.690 Slide RECV window, expect 2 next
093.690 Acked DATA 3, slide SEND window
093.690 Acked DATA 4, slide SEND window
093.690 Acked DATA 5, slide SEND window
093.690 Acked DATA 6, slide SEND window
093.690 Acked DATA 7, slide SEND window
093.690 Acked DATA 8, slide SEND window
093.690 Acked DATA 9, slide SEND window
093.690 Acked DATA 10, slide SEND window
093.690 Send DATA 11 1, ID 20299
093.695 Send DATA 12 1, ID 20300
093.695 Send DATA 13 1, ID 20301
093.696 Send DATA 14 1, ID 20302
093.956 Recv DATA 2 10, ID 10306
093.956 Deliver DATA 2, ID 10306
093.956 Slide RECV window, expect 3 next
094.056 ---- ACK timeout
094.056 Send ACK  2
094.056 Send DATA 15 2, ID 20303
094.218 Recv DATA 3 10, ID 10307
094.218 Deliver DATA 3, ID 10307
094.218 Slide RECV window, expect 4 next
094.307 ---- ACK timeout
094.307 Send ACK  3
094.307 Send DATA 0 3, ID 20304
094.489 Recv DATA 4 10, ID 10308
094.490 Deliver DATA 4, ID 10308
094.490 .... 309 packets received, 6735 bps, 84.19%, Err 9 (1.3e-05)
094.490 Slide RECV window, expect 5 next
094.572 ---- ACK timeout
094.572 Send ACK  4
094.572 Send DATA 1 4, ID 20305
094.773 Recv DATA 5 10, ID 10309
094.773 Deliver DATA 5, ID 10309
094.773 Slide RECV window, expect 6 next
094.773 Send DATA 2 5, ID 20306
095.021 Recv DATA 6 10, ID 10310
095.021 Deliver DATA 6, ID 10310
095.021 Slide RECV window, expect 7 next
095.120 ---- ACK timeout
095.120 Send ACK  6
095.305 Recv DATA 7 10, ID 10311
095.305 Deliver DATA 7, ID 10311
095.306 Slide RECV window, expect 8 next
095.306 Recv ACK  11
095.306 Acked DATA 11, slide SEND window
095.306 Send DATA 3 7, ID 20307
095.537 Recv DATA 8 11, ID 10312
095.537 Deliver DATA 8, ID 10312
095.537 Slide RECV window, expect 9 next
095.618 Recv ACK  12
095.618 Acked DATA 12, slide SEND window
095.619 Send DATA 4 8, ID 20308
095.823 Recv DATA 9 12, ID 10313
095.823 Deliver DATA 9, ID 10313
095.823 Slide RECV window, expect 10 next
095.853 Recv ACK  13
095.853 Acked DATA 13, slide SEND window
095.853 Send DATA 5 9, ID 20309
096.138 Recv DATA 10 14, ID 10314
096.139 Deliver DATA 10, ID 10314
096.139 Slide RECV window, expect 11 next
096.139 Acked DATA 14, slide SEND window
096.139 Send DATA 6 10, ID 20310
096.372 Recv DATA 11 15, ID 10315
096.372 Deliver DATA 11, ID 10315
096.372 Slide RECV window, expect 12 next
096.372 Acked DATA 15, slide SEND window
096.372 Send DATA 7 11, ID 20311
096.636 Recv DATA 12 0, ID 10316
096.636 Deliver DATA 12, ID 10316
096.636 .... 317 packets received, 6755 bps, 84.44%, Err 9 (1.3e-05)
096.636 Slide RECV window, expect 13 next
096.636 Acked DATA 0, slide SEND window
096.636 Send DATA 8 12, ID 20312
096.658 Recv ACK  1
096.658 Acked DATA 1, slide SEND window
096.658 Send DATA 9 12, ID 20313
096.906 Recv DATA 13 2, ID 10317
096.906 Deliver DATA 13, ID 10317
096.906 Slide RECV window, expect 14 next
096.906 Acked DATA 2, slide SEND window
096.907 Send DATA 10 13, ID 20314
097.138 Recv DATA 14 2, ID 10318
097.138 Deliver DATA 14, ID 10318
097.138 Slide RECV window, expect 15 next
097.237 ---- ACK timeout
097.237 Send ACK  14
097.422 Recv DATA 15 3, ID 10319
097.422 Deliver DATA 15, ID 10319
097.422 Slide RECV window, expect 0 next
097.422 Acked DATA 3, slide SEND window
097.423 Send DATA 11 15, ID 20315
097.673 Recv DATA 0 4, ID 10320
097.673 Deliver DATA 0, ID 10320
097.673 Slide RECV window, expect 1 next
097.673 Acked DATA 4, slide SEND window
097.673 Send DATA 12 0, ID 20316
097.956 Recv DATA 1 5, ID 10321
097.956 Deliver DATA 1, ID 10321
097.956 Slide RECV window, expect 2 next
097.956 Acked DATA 5, slide SEND window
097.956 Send DATA 13 1, ID 20317
098.183 Recv DATA 2 6, ID 10322
098.183 Deliver DATA 2, ID 10322
098.183 Slide RECV window, expect 3 next
098.183 Acked DATA 6, slide SEND window
098.184 Send DATA 14 2, ID 20318
098.487 Recv DATA 3 7, ID 10323
098.487 Deliver DATA 3, ID 10323
098.487 Slide RECV window, expect 4 next
098.487 Acked DATA 7, slide SEND window
098.488 Send DATA 15 3, ID 20319
098.754 Recv DATA 4 8, ID 10324
098.754 Deliver DATA 4, ID 10324
098.754 .... 325 packets received, 6776 bps, 84.70%, Err 9 (1.2e-05)
098.754 Slide RECV window, expect 5 next
098.754 Acked DATA 8, slide SEND window
098.755 Send DATA 0 4, ID 20320
098.803 Recv ACK  9
098.803 Acked DATA 9, slide SEND window
098.803 Send DATA 1 4, ID 20321
099.015 Recv DATA 5 10, ID 10325
099.016 Deliver DATA 5, ID 10325
099.016 Slide RECV window, expect 6 next
099.016 Acked DATA 10, slide SEND window
099.016 Send DATA 2 5, ID 20322
099.289 Recv DATA 6 10, ID 10326
099.289 Deliver DATA 6, ID 10326
099.289 Slide RECV window, expect 7 next
099.389 ---- ACK timeout
099.389 Send ACK  6
099.562 Recv DATA 7 11, ID 10327
099.562 Deliver DATA 7, ID 10327
099.562 Slide RECV window, expect 8 next
099.562 Acked DATA 11, slide SEND window
099.562 Send DATA 3 7, ID 20323
099.805 Recv DATA 8 12, ID 10328
099.805 Deliver DATA 8, ID 10328
099.805 Slide RECV window, expect 9 next
099.805 Acked DATA 12, slide SEND window
099.805 Send DATA 4 8, ID 20324
100.090 Recv DATA 9 13, ID 10329
100.090 Deliver DATA 9, ID 10329
100.090 Slide RECV window, expect 10 next
100.091 Acked DATA 13, slide SEND window
100.091 Send DATA 5 9, ID 20325
100.339 Recv DATA 10 14, ID 10330
100.340 Deliver DATA 10, ID 10330
100.340 Slide RECV window, expect 11 next
100.340 Acked DATA 14, slide SEND window
100.340 Send DATA 6 10, ID 20326
100.618 Recv DATA 11 15, ID 10331
100.618 Deliver DATA 11, ID 10331
100.618 Slide RECV window, expect 12 next
100.618 Acked DATA 15, slide SEND window
100.618 Send DATA 7 11, ID 20327
100.883 Recv DATA 12 0, ID 10332
100.883 Deliver DATA 12, ID 10332
100.883 .... 333 packets received, 6796 bps, 84.95%, Err 9 (1.2e-05)
100.883 Slide RECV window, expect 13 next
100.883 Acked DATA 0, slide SEND window
100.883 Send DATA 8 12, ID 20328
100.930 Recv ACK  1
100.930 Acked DATA 1, slide SEND window
100.930 Send DATA 9 12, ID 20329
101.170 Recv DATA 13 2, ID 10333
101.170 Deliver DATA 13, ID 10333
101.170 Slide RECV window, expect 14 next
101.170 Acked DATA 2, slide SEND window
101.170 Send DATA 10 13, ID 20330
101.407 Recv DATA 14 2, ID 10334
101.408 Deliver DATA 14, ID 10334
101.408 Slide RECV window, expect 15 next
101.507 ---- ACK timeout
101.507 Send ACK  14
101.674 Recv DATA 15 3, ID 10335
101.674 Deliver DATA 15, ID 10335
101.674 Slide RECV window, expect 0 next
101.674 Acked DATA 3, slide SEND window
101.674 Send DATA 11 15, ID 20331
101.938 Recv DATA 0 4, ID 10336
101.938 Deliver DATA 0, ID 10336
101.938 Slide RECV window, expect 1 next
101.938 Acked DATA 4, slide SEND window
101.938 Send DATA 12 0, ID 20332
102.209 Recv DATA 1 5, ID 10337
102.209 Deliver DATA 1, ID 10337
102.209 Slide RECV window, expect 2 next
102.209 Acked DATA 5, slide SEND window
102.209 Send DATA 13 1, ID 20333
102.440 Recv DATA 2 6, ID 10338
102.440 Deliver DATA 2, ID 10338
102.440 Slide RECV window, expect 3 next
102.440 Acked DATA 6, slide SEND window
102.440 Send DATA 14 2, ID 20334
102.720 Recv DATA 3 7, ID 10339
102.720 Deliver DATA 3, ID 10339
102.720 Slide RECV window, expect 4 next
102.720 Acked DATA 7, slide SEND window
102.721 Send DATA 15 3, ID 20335
102.973 Recv DATA 4 8, ID 10340
102.973 Deliver DATA 4, ID 10340
102.974 .... 341 packets received, 6817 bps, 85.21%, Err 9 (1.2e-05)
102.974 Slide RECV window, expect 5 next
102.974 Acked DATA 8, slide SEND window
102.974 Send DATA 0 4, ID 20336
103.027 Recv ACK  9
103.027 Acked DATA 9, slide SEND window
103.028 Send DATA 1 4, ID 20337
103.252 Recv DATA 5 10, ID 10341
103.253 Deliver DATA 5, ID 10341
103.253 Slide RECV window, expect 6 next
103.253 Acked DATA 10, slide SEND window
103.253 Send DATA 2 5, ID 20338
103.501 Recv DATA 6 10, ID 10342
103.502 Deliver DATA 6, ID 10342
103.502 Slide RECV window, expect 7 next
103.588 ---- ACK timeout
103.588 Send ACK  6
103.745 Recv DATA 7 11, ID 10343
103.746 Deliver DATA 7, ID 10343
103.746 Slide RECV window, expect 8 next
103.746 Acked DATA 11, slide SEND window
103.747 Send DATA 3 7, ID 20339
104.056 Recv DATA 8 12, ID 10344
104.056 Deliver DATA 8, ID 10344
104.056 Slide RECV window, expect 9 next
104.056 Acked DATA 12, slide SEND window
104.057 Send DATA 4 8, ID 20340
104.317 Recv DATA 9 13, ID 10345
104.317 Deliver DATA 9, ID 10345
104.317 Slide RECV window, expect 10 next
104.317 Acked DATA 13, slide SEND window
104.317 Send DATA 5 9, ID 20341
104.599 Recv DATA 10 14, ID 10346
104.599 Deliver DATA 10, ID 10346
104.599 Slide RECV window, expect 11 next
104.599 Acked DATA 14, slide SEND window
104.622 Send DATA 6 10, ID 20342
104.820 Recv DATA 11 15, ID 10347
104.820 Deliver DATA 11, ID 10347
104.820 Slide RECV window, expect 12 next
104.820 Acked DATA 15, slide SEND window
104.821 Send DATA 7 11, ID 20343
105.088 Recv DATA 12 0, ID 10348
105.088 Deliver DATA 12, ID 10348
105.088 .... 349 packets received, 6836 bps, 85.45%, Err 9 (1.2e-05)
105.088 Slide RECV window, expect 13 next
105.088 Acked DATA 0, slide SEND window
105.089 Send DATA 8 12, ID 20344
105.152 Recv ACK  1
105.152 Acked DATA 1, slide SEND window
105.152 Send DATA 9 12, ID 20345
105.370 Recv DATA 13 2, ID 10349
105.370 Deliver DATA 13, ID 10349
105.370 Slide RECV window, expect 14 next
105.370 Acked DATA 2, slide SEND window
105.370 Send DATA 10 13, ID 20346
105.619 Recv DATA 14 2, ID 10350
105.619 Deliver DATA 14, ID 10350
105.619 Slide RECV window, expect 15 next
105.714 ---- ACK timeout
105.714 Send ACK  14
105.887 Recv DATA 15 3, ID 10351
105.887 Deliver DATA 15, ID 10351
105.887 Slide RECV window, expect 0 next
105.887 Acked DATA 3, slide SEND window
105.888 Send DATA 11 15, ID 20347
106.172 Recv DATA 0 4, ID 10352
106.172 Deliver DATA 0, ID 10352
106.172 Slide RECV window, expect 1 next
106.172 Acked DATA 4, slide SEND window
106.173 Send DATA 12 0, ID 20348
106.439 Recv DATA 1 5, ID 10353
106.439 Deliver DATA 1, ID 10353
106.439 Slide RECV window, expect 2 next
106.439 Acked DATA 5, slide SEND window
106.439 Send DATA 13 1, ID 20349
106.691 Recv DATA 2 6, ID 10354
106.691 Deliver DATA 2, ID 10354
106.691 Slide RECV window, expect 3 next
106.691 Acked DATA 6, slide SEND window
106.691 Send DATA 14 2, ID 20350
106.972 Recv DATA 3 7, ID 10355
106.972 Deliver DATA 3, ID 10355
106.972 Slide RECV window, expect 4 next
106.972 Acked DATA 7, slide SEND window
106.973 Send DATA 15 3, ID 20351
107.240 Recv DATA 4 8, ID 10356
107.240 Deliver DATA 4, ID 10356
107.240 .... 357 packets received, 6852 bps, 85.64%, Err 9 (1.1e-05)
107.240 Slide RECV window, expect 5 next
107.240 Acked DATA 8, slide SEND window
107.240 Send DATA 0 4, ID 20352
107.289 Recv ACK  9
107.289 Acked DATA 9, slide SEND window
107.290 Send DATA 1 4, ID 20353
107.493 Recv DATA 5 10, ID 10357
107.493 Deliver DATA 5, ID 10357
107.493 Slide RECV window, expect 6 next
107.493 Acked DATA 10, slide SEND window
107.493 Send DATA 2 5, ID 20354
107.757 Recv DATA 6 10, ID 10358
107.757 Deliver DATA 6, ID 10358
107.757 Slide RECV window, expect 7 next
107.853 ---- ACK timeout
107.853 Send ACK  6
108.020 Recv DATA 7 11, ID 10359
108.020 Deliver DATA 7, ID 10359
108.020 Slide RECV window, expect 8 next
108.020 Acked DATA 11, slide SEND window
108.021 Send DATA 3 7, ID 20355
108.272 Recv DATA 8 12, ID 10360
108.272 Deliver DATA 8, ID 10360
108.272 Slide RECV window, expect 9 next
108.272 Acked DATA 12, slide SEND window
108.272 Send DATA 4 8, ID 20356
108.523 Recv DATA 9 13, ID 10361
108.524 Deliver DATA 9, ID 10361
108.524 Slide RECV window, expect 10 next
108.524 Acked DATA 13, slide SEND window
108.524 Send DATA 5 9, ID 20357
108.731 Impose noise on received data, 10/809992=1.2E-05
108.785 Recv DATA 10 14, ID 10362
108.785 Deliver DATA 10, ID 10362
108.785 Slide RECV window, expect 11 next
108.785 Acked DATA 14, slide SEND window
108.785 Send DATA 6 10, ID 20358
109.086 **** Receiver Error, Bad CRC Checksum
109.086 Request NAK for 11
109.086 Send NAK  11
109.329 Recv DATA 12 0, ID 10364
109.329 Acked DATA 15, slide SEND window
109.329 Acked DATA 0, slide SEND window
109.330 Send DATA 7 10, ID 20359
109.330 Send DATA 8 10, ID 20360
109.360 Recv ACK  1
109.360 Acked DATA 1, slide SEND window
109.360 Send DATA 9 10, ID 20361
109.604 Recv DATA 13 2, ID 10365
109.604 Acked DATA 2, slide SEND window
109.805 Impose noise on received data, 11/818672=1.3E-05
109.905 Recv DATA 14 2, ID 10366
109.906 Send DATA 10 10, ID 20362
110.136 **** Receiver Error, Bad CRC Checksum
110.370 Recv DATA 0 4, ID 10368
110.370 Acked DATA 3, slide SEND window
110.370 Acked DATA 4, slide SEND window
110.370 Send DATA 11 10, ID 20363
110.370 Send DATA 12 10, ID 20364
110.640 Recv DATA 1 5, ID 10369
110.640 Acked DATA 5, slide SEND window
110.640 Send DATA 13 10, ID 20365
110.908 Recv DATA 2 6, ID 10370
110.909 Acked DATA 6, slide SEND window
110.909 Send DATA 14 10, ID 20366
111.219 Recv DATA 11 6, ID 10363
111.219 Deliver DATA 11, ID 10363
111.219 .... 364 packets received, 6735 bps, 84.18%, Err 11 (1.3e-05)
111.219 Deliver DATA 12, ID 10364
111.219 Deliver DATA 13, ID 10365
111.219 Deliver DATA 14, ID 10366
111.219 Slide RECV window, expect 15 next
111.322 Recv ACK  7
111.322 Acked DATA 7, slide SEND window
111.322 Send DATA 15 14, ID 20367
111.575 Recv ACK  8
111.575 Acked DATA 8, slide SEND window
111.575 Send DATA 0 14, ID 20368
111.801 Recv ACK  9
111.801 Acked DATA 9, slide SEND window
111.802 Send DATA 1 14, ID 20369
111.834 Recv ACK  10
111.834 Acked DATA 10, slide SEND window
111.834 Send DATA 2 14, ID 20370
112.072 Recv ACK  11
112.072 Acked DATA 11, slide SEND window
112.072 Recv ACK  12
112.072 Acked DATA 12, slide SEND window
112.072 Send DATA 3 14, ID 20371
112.274 Recv ACK  13
112.274 Acked DATA 13, slide SEND window
112.274 Send DATA 4 14, ID 20372
112.553 Recv DATA 13 14, ID 10365
112.553 Ignore out-of-window DATA 13
112.553 Acked DATA 14, slide SEND window
112.553 Send DATA 5 14, ID 20373
112.790 Recv DATA 12 14, ID 10364
112.791 Ignore out-of-window DATA 12
112.791 Send DATA 6 14, ID 20374
113.055 Recv DATA 3 15, ID 10371
113.056 Request NAK for 15
113.056 Acked DATA 15, slide SEND window
113.056 Send NAK  15
113.056 Send DATA 7 14, ID 20375
113.377 Recv DATA 4 15, ID 10372
113.603 Recv DATA 5 0, ID 10373
113.603 Acked DATA 0, slide SEND window
113.603 Send DATA 8 14, ID 20376
113.851 Recv DATA 6 1, ID 10374
113.851 Acked DATA 1, slide SEND window
113.851 Send DATA 9 14, ID 20377
114.103 Recv DATA 15 1, ID 10367
114.103 Deliver DATA 15, ID 10367
114.103 .... 368 packets received, 6636 bps, 82.95%, Err 11 (1.3e-05)
114.103 Deliver DATA 0, ID 10368
114.103 Deliver DATA 1, ID 10369
114.103 Deliver DATA 2, ID 10370
114.103 Deliver DATA 3, ID 10371
114.103 Deliver DATA 4, ID 10372
114.103 Deliver DATA 5, ID 10373
114.103 Deliver DATA 6, ID 10374
114.104 Slide RECV window, expect 7 next
114.187 ---- ACK timeout
114.187 Send ACK  6
114.383 Recv DATA 0 2, ID 10368
114.383 Ignore out-of-window DATA 0
114.383 Acked DATA 2, slide SEND window
114.383 Send DATA 10 6, ID 20378
114.655 Recv DATA 1 3, ID 10369
114.655 Ignore out-of-window DATA 1
114.655 Acked DATA 3, slide SEND window
114.655 Send DATA 11 6, ID 20379
114.922 Recv DATA 2 3, ID 10370
114.922 Ignore out-of-window DATA 2
114.922 Recv ACK  6
114.922 Acked DATA 4, slide SEND window
114.922 Acked DATA 5, slide SEND window
114.922 Acked DATA 6, slide SEND window
114.922 Send DATA 12 6, ID 20380
114.922 Send DATA 13 6, ID 20381
114.922 Send DATA 14 6, ID 20382
115.193 Recv DATA 15 6, ID 10367
115.193 Ignore out-of-window DATA 15
115.193 Recv ACK  7
115.193 Acked DATA 7, slide SEND window
115.193 Send DATA 15 6, ID 20383
115.218 Recv ACK  8
115.218 Acked DATA 8, slide SEND window
115.455 Recv DATA 7 9, ID 10375
115.455 Deliver DATA 7, ID 10375
115.455 Slide RECV window, expect 8 next
115.455 Acked DATA 9, slide SEND window
115.455 Send DATA 0 7, ID 20384
115.742 Recv DATA 8 9, ID 10376
115.742 Deliver DATA 8, ID 10376
115.742 Slide RECV window, expect 9 next
115.742 Send DATA 1 8, ID 20385
115.972 Recv DATA 9 9, ID 10377
115.972 Deliver DATA 9, ID 10377
115.972 Slide RECV window, expect 10 next
116.053 ---- ACK timeout
116.053 Send ACK  9
116.237 Recv DATA 10 9, ID 10378
116.237 Deliver DATA 10, ID 10378
116.237 .... 379 packets received, 6708 bps, 83.85%, Err 11 (1.3e-05)
116.237 Slide RECV window, expect 11 next
116.290 Recv ACK  10
116.290 Acked DATA 10, slide SEND window
116.290 Send DATA 2 10, ID 20386
116.509 Recv DATA 11 10, ID 10379
116.509 Deliver DATA 11, ID 10379
116.509 Slide RECV window, expect 12 next
116.562 Recv ACK  11
116.562 Acked DATA 11, slide SEND window
116.563 Send DATA 3 11, ID 20387
116.787 Recv DATA 12 11, ID 10380
116.787 Deliver DATA 12, ID 10380
116.787 Slide RECV window, expect 13 next
116.837 Recv ACK  12
116.837 Acked DATA 12, slide SEND window
116.837 Send DATA 4 12, ID 20388
117.058 Recv DATA 13 12, ID 10381
117.058 Deliver DATA 13, ID 10381
117.058 Slide RECV window, expect 14 next
117.113 Recv ACK  13
117.113 Acked DATA 13, slide SEND window
117.113 Send DATA 5 13, ID 20389
117.324 Recv DATA 14 13, ID 10382
117.324 Deliver DATA 14, ID 10382
117.324 Slide RECV window, expect 15 next
117.386 Recv ACK  14
117.386 Acked DATA 14, slide SEND window
117.386 Send DATA 6 14, ID 20390
117.406 Recv ACK  15
117.406 Acked DATA 15, slide SEND window
117.406 Send DATA 7 14, ID 20391
117.646 Recv DATA 15 0, ID 10383
117.646 Deliver DATA 15, ID 10383
117.646 Slide RECV window, expect 0 next
117.646 Acked DATA 0, slide SEND window
117.646 Send DATA 8 15, ID 20392
117.920 Recv DATA 0 1, ID 10384
117.920 Deliver DATA 0, ID 10384
117.920 Slide RECV window, expect 1 next
117.920 Acked DATA 1, slide SEND window
117.920 Send DATA 9 0, ID 20393
118.152 Recv DATA 1 1, ID 10385
118.152 Deliver DATA 1, ID 10385
118.152 Slide RECV window, expect 2 next
118.249 ---- ACK timeout
118.249 Send ACK  1
118.389 Recv DATA 2 2, ID 10386
118.389 Deliver DATA 2, ID 10386
118.389 .... 387 packets received, 6725 bps, 84.06%, Err 11 (1.3e-05)
118.389 Slide RECV window, expect 3 next
118.389 Acked DATA 2, slide SEND window
118.389 Send DATA 10 2, ID 20394
118.691 Recv DATA 3 3, ID 10387
118.691 Deliver DATA 3, ID 10387
118.691 Slide RECV window, expect 4 next
118.691 Acked DATA 3, slide SEND window
118.691 Send DATA 11 3, ID 20395
118.955 Recv DATA 4 4, ID 10388
118.956 Deliver DATA 4, ID 10388
118.956 Slide RECV window, expect 5 next
118.956 Acked DATA 4, slide SEND window
118.956 Send DATA 12 4, ID 20396
119.205 Recv DATA 5 5, ID 10389
119.205 Deliver DATA 5, ID 10389
119.205 Slide RECV window, expect 6 next
119.205 Acked DATA 5, slide SEND window
119.205 Send DATA 13 5, ID 20397
119.475 Recv DATA 6 6, ID 10390
119.475 Deliver DATA 6, ID 10390
119.476 Slide RECV window, expect 7 next
119.476 Acked DATA 6, slide SEND window
119.476 Send DATA 14 6, ID 20398
119.529 Recv ACK  7
119.529 Acked DATA 7, slide SEND window
119.529 Send DATA 15 6, ID 20399
119.763 Recv DATA 7 8, ID 10391
119.763 Deliver DATA 7, ID 10391
119.763 Slide RECV window, expect 8 next
119.763 Acked DATA 8, slide SEND window
119.763 Send DATA 0 7, ID 20400
120.035 Quit.
