000.000 =============================================================
000.000                     Station A                               
000.000 -------------------------------------------------------------
000.000 Protocol.lib, version 4.0, jiangyanjun0718@bupt.edu.cn
000.000 Channel: 8000 bps, 270 ms propagation delay, bit error rate 1.0E-05
000.000 Log file "C:\code\CN-Lab1-Windows-VS2017\docs\测试记录\4.3-ACK搭载定时器\ack-opt-dt2200-bg3-20260516-211648\01-粗筛-2min\coarse-default-flood-ack140-20260516-211711-A.log", TCP port 61003, debug mask 0x07
000.000 Station A is waiting for station B on TCP port 61003 ... Done.
000.466 New epoch: Sat May 16 21:17:12 2026
000.466 =================================================================
000.466 
000.466 Designed by Jiang Yanjun, build: May 16 2026  21:17:00
000.466 Send DATA 0 15, ID 10000
000.466 Send DATA 1 15, ID 10001
000.466 Send DATA 2 15, ID 10002
001.027 Recv DATA 0 15, ID 20000
001.027 Deliver DATA 0, ID 20000
001.028 Slide RECV window, expect 1 next
001.028 Send DATA 3 0, ID 10003
001.028 Send DATA 4 0, ID 10004
001.028 Send DATA 5 0, ID 10005
001.293 Recv DATA 1 15, ID 20001
001.293 Deliver DATA 1, ID 20001
001.293 Slide RECV window, expect 2 next
001.294 Send DATA 6 1, ID 10006
001.556 Recv DATA 2 15, ID 20002
001.556 Deliver DATA 2, ID 20002
001.556 Slide RECV window, expect 3 next
001.556 Impose noise on received data, 1/8720=1.1E-04
001.556 Send DATA 7 2, ID 10007
001.823 **** Receiver Error, Bad CRC Checksum
001.824 Request NAK for 3
001.824 Send NAK  3
002.085 Recv DATA 4 0, ID 20004
002.085 Acked DATA 0, slide SEND window
002.085 Send DATA 8 2, ID 10008
002.359 Recv DATA 5 0, ID 20005
002.607 Recv DATA 6 1, ID 20006
002.607 Acked DATA 1, slide SEND window
002.607 Send DATA 9 2, ID 10009
002.639 Recv ACK  2
002.639 Acked DATA 2, slide SEND window
002.639 Send DATA 10 2, ID 10010
002.855 Recv DATA 7 2, ID 20007
002.927 Recv ACK  3
002.927 Acked DATA 3, slide SEND window
002.927 Send DATA 11 2, ID 10011
003.154 Recv DATA 8 3, ID 20008
003.200 Recv ACK  4
003.200 Acked DATA 4, slide SEND window
003.201 Send DATA 12 2, ID 10012
003.251 Recv ACK  5
003.251 Acked DATA 5, slide SEND window
003.251 Send DATA 13 2, ID 10013
003.428 Recv DATA 9 6, ID 20009
003.428 Acked DATA 6, slide SEND window
003.428 Send DATA 14 2, ID 10014
003.675 Recv DATA 10 7, ID 20010
003.675 Acked DATA 7, slide SEND window
003.676 Send DATA 15 2, ID 10015
003.975 Recv DATA 3 7, ID 20003
003.976 Deliver DATA 3, ID 20003
003.976 .... 4 packets received, 2543 bps, 31.78%, Err 1 (3.9e-05)
003.976 Deliver DATA 4, ID 20004
003.976 Deliver DATA 5, ID 20005
003.976 Deliver DATA 6, ID 20006
003.976 Deliver DATA 7, ID 20007
003.976 Deliver DATA 8, ID 20008
003.976 Deliver DATA 9, ID 20009
003.976 Deliver DATA 10, ID 20010
003.976 Slide RECV window, expect 11 next
004.124 Recv ACK  8
004.124 Acked DATA 8, slide SEND window
004.125 Send DATA 0 10, ID 10016
004.392 Recv ACK  9
004.392 Acked DATA 9, slide SEND window
004.392 Send DATA 1 10, ID 10017
004.675 Recv ACK  10
004.675 Acked DATA 10, slide SEND window
004.675 Send DATA 2 10, ID 10018
004.891 Recv ACK  11
004.891 Acked DATA 11, slide SEND window
004.892 Send DATA 3 10, ID 10019
005.018 Recv ACK  12
005.018 Acked DATA 12, slide SEND window
005.018 Send DATA 4 10, ID 10020
005.073 Recv ACK  13
005.073 Acked DATA 13, slide SEND window
005.304 Recv DATA 4 14, ID 20004
005.304 Ignore out-of-window DATA 4
005.304 Acked DATA 14, slide SEND window
005.305 Send DATA 5 10, ID 10021
005.438 Recv ACK  15
005.438 Acked DATA 15, slide SEND window
005.808 Recv DATA 11 0, ID 20011
005.808 Deliver DATA 11, ID 20011
005.808 Slide RECV window, expect 12 next
005.808 Acked DATA 0, slide SEND window
005.808 Send DATA 6 11, ID 10022
005.808 Send DATA 7 11, ID 10023
006.082 Recv DATA 12 0, ID 20012
006.082 Deliver DATA 12, ID 20012
006.082 .... 13 packets received, 4996 bps, 62.45%, Err 1 (2.9e-05)
006.082 Slide RECV window, expect 13 next
006.082 Send DATA 8 12, ID 10024
006.325 Recv DATA 13 0, ID 20013
006.325 Deliver DATA 13, ID 20013
006.325 Slide RECV window, expect 14 next
006.488 ---- ACK timeout
006.488 Send ACK  13
006.605 Recv DATA 14 0, ID 20014
006.605 Deliver DATA 14, ID 20014
006.605 Slide RECV window, expect 15 next
006.745 ---- ACK timeout
006.745 Send ACK  14
006.875 Recv DATA 15 1, ID 20015
006.875 Deliver DATA 15, ID 20015
006.875 Slide RECV window, expect 0 next
006.875 Acked DATA 1, slide SEND window
006.875 Send DATA 9 15, ID 10025
006.931 Recv ACK  2
006.931 Acked DATA 2, slide SEND window
006.931 Send DATA 10 15, ID 10026
007.143 Recv DATA 0 2, ID 20016
007.143 Deliver DATA 0, ID 20016
007.143 Slide RECV window, expect 1 next
007.191 Recv NAK  3
007.191 ---- Resend DATA 3 on NAK
007.193 Send DATA 3 0, ID 10019
007.367 Recv DATA 1 2, ID 20017
007.367 Deliver DATA 1, ID 20017
007.368 Slide RECV window, expect 2 next
007.533 ---- ACK timeout
007.533 Send ACK  1
007.653 Recv DATA 2 2, ID 20018
007.653 Deliver DATA 2, ID 20018
007.653 Slide RECV window, expect 3 next
007.805 ---- ACK timeout
007.805 Send ACK  2
007.942 Recv DATA 3 2, ID 20019
007.942 Deliver DATA 3, ID 20019
007.942 Slide RECV window, expect 4 next
008.093 ---- ACK timeout
008.093 Send ACK  3
008.177 Recv DATA 4 2, ID 20020
008.177 Deliver DATA 4, ID 20020
008.177 .... 21 packets received, 5794 bps, 72.42%, Err 1 (2.0e-05)
008.177 Slide RECV window, expect 5 next
008.341 ---- ACK timeout
008.341 Send ACK  4
008.472 Recv DATA 5 2, ID 20021
008.472 Deliver DATA 5, ID 20021
008.472 Slide RECV window, expect 6 next
008.638 ---- ACK timeout
008.638 Send ACK  5
008.708 Recv DATA 6 2, ID 20022
008.708 Deliver DATA 6, ID 20022
008.708 Slide RECV window, expect 7 next
008.857 ---- ACK timeout
008.857 Send ACK  6
008.958 Recv DATA 7 2, ID 20023
008.958 Deliver DATA 7, ID 20023
008.958 Slide RECV window, expect 8 next
009.100 ---- ACK timeout
009.100 Send ACK  7
009.236 ---- DATA 4 timeout
009.236 Send DATA 4 7, ID 10020
009.240 Recv DATA 8 10, ID 20024
009.240 Deliver DATA 8, ID 20024
009.240 Slide RECV window, expect 9 next
009.240 Acked DATA 3, slide SEND window
009.240 Acked DATA 4, slide SEND window
009.240 Acked DATA 5, slide SEND window
009.240 Acked DATA 6, slide SEND window
009.240 Acked DATA 7, slide SEND window
009.240 Acked DATA 8, slide SEND window
009.240 Acked DATA 9, slide SEND window
009.240 Acked DATA 10, slide SEND window
009.240 Send DATA 11 8, ID 10027
009.240 Send DATA 12 8, ID 10028
009.240 Send DATA 13 8, ID 10029
009.504 Recv DATA 9 10, ID 20025
009.505 Deliver DATA 9, ID 20025
009.505 Slide RECV window, expect 10 next
009.505 Send DATA 14 9, ID 10030
009.796 Recv DATA 10 10, ID 20026
009.796 Deliver DATA 10, ID 20026
009.796 Slide RECV window, expect 11 next
009.796 Send DATA 15 10, ID 10031
010.022 Recv DATA 11 10, ID 20027
010.022 Deliver DATA 11, ID 20027
010.022 Slide RECV window, expect 12 next
010.171 ---- ACK timeout
010.171 Send ACK  11
010.171 Send DATA 0 11, ID 10032
010.308 Recv DATA 12 10, ID 20028
010.308 Deliver DATA 12, ID 20028
010.308 .... 29 packets received, 6216 bps, 77.70%, Err 1 (1.5e-05)
010.308 Slide RECV window, expect 13 next
010.309 Send DATA 1 12, ID 10033
010.581 Recv DATA 13 10, ID 20029
010.581 Deliver DATA 13, ID 20029
010.581 Slide RECV window, expect 14 next
010.581 Send DATA 2 13, ID 10034
010.846 Recv DATA 14 10, ID 20030
010.846 Deliver DATA 14, ID 20030
010.846 Slide RECV window, expect 15 next
010.898 Recv ACK  10
011.013 ---- ACK timeout
011.013 Send ACK  14
011.121 Recv DATA 15 10, ID 20031
011.121 Deliver DATA 15, ID 20031
011.121 Slide RECV window, expect 0 next
011.181 Recv ACK  11
011.181 Acked DATA 11, slide SEND window
011.181 Send DATA 3 15, ID 10035
011.390 Recv DATA 0 11, ID 20032
011.390 Deliver DATA 0, ID 20032
011.390 Slide RECV window, expect 1 next
011.448 Recv ACK  12
011.448 Acked DATA 12, slide SEND window
011.448 Send DATA 4 0, ID 10036
011.536 Recv ACK  13
011.536 Acked DATA 13, slide SEND window
011.536 Send DATA 5 0, ID 10037
011.656 Recv DATA 1 14, ID 20033
011.657 Deliver DATA 1, ID 20033
011.657 Slide RECV window, expect 2 next
011.657 Acked DATA 14, slide SEND window
011.657 Send DATA 6 1, ID 10038
011.929 Recv DATA 2 15, ID 20034
011.930 Deliver DATA 2, ID 20034
011.930 Slide RECV window, expect 3 next
011.930 Acked DATA 15, slide SEND window
011.930 Send DATA 7 2, ID 10039
012.169 Recv DATA 3 15, ID 20035
012.170 Deliver DATA 3, ID 20035
012.170 Slide RECV window, expect 4 next
012.230 Recv ACK  0
012.230 Acked DATA 0, slide SEND window
012.230 Send DATA 8 3, ID 10040
012.439 Recv DATA 4 1, ID 20036
012.439 Deliver DATA 4, ID 20036
012.439 .... 37 packets received, 6484 bps, 81.05%, Err 1 (1.2e-05)
012.439 Slide RECV window, expect 5 next
012.439 Acked DATA 1, slide SEND window
012.439 Send DATA 9 4, ID 10041
012.716 Recv DATA 5 2, ID 20037
012.717 Deliver DATA 5, ID 20037
012.717 Slide RECV window, expect 6 next
012.717 Acked DATA 2, slide SEND window
012.717 Send DATA 10 5, ID 10042
012.995 Recv DATA 6 2, ID 20038
012.995 Deliver DATA 6, ID 20038
012.995 Slide RECV window, expect 7 next
013.153 ---- ACK timeout
013.153 Send ACK  6
013.236 Recv DATA 7 3, ID 20039
013.236 Deliver DATA 7, ID 20039
013.236 Slide RECV window, expect 8 next
013.236 Acked DATA 3, slide SEND window
013.236 Send DATA 11 7, ID 10043
013.503 Recv DATA 8 4, ID 20040
013.503 Deliver DATA 8, ID 20040
013.504 Slide RECV window, expect 9 next
013.504 Acked DATA 4, slide SEND window
013.504 Send DATA 12 8, ID 10044
013.533 Recv ACK  5
013.533 Acked DATA 5, slide SEND window
013.533 Send DATA 13 8, ID 10045
013.770 Recv DATA 9 6, ID 20041
013.770 Deliver DATA 9, ID 20041
013.770 Slide RECV window, expect 10 next
013.770 Acked DATA 6, slide SEND window
013.770 Send DATA 14 9, ID 10046
014.090 Recv DATA 10 7, ID 20042
014.090 Deliver DATA 10, ID 20042
014.090 Slide RECV window, expect 11 next
014.090 Acked DATA 7, slide SEND window
014.090 Send DATA 15 10, ID 10047
014.336 Recv DATA 11 8, ID 20043
014.336 Deliver DATA 11, ID 20043
014.336 Slide RECV window, expect 12 next
014.336 Acked DATA 8, slide SEND window
014.336 Send DATA 0 11, ID 10048
014.558 Recv DATA 12 9, ID 20044
014.558 Deliver DATA 12, ID 20044
014.558 .... 45 packets received, 6676 bps, 83.45%, Err 1 (9.8e-06)
014.558 Slide RECV window, expect 13 next
014.558 Acked DATA 9, slide SEND window
014.558 Send DATA 1 12, ID 10049
014.840 Recv DATA 13 10, ID 20045
014.840 Deliver DATA 13, ID 20045
014.840 Slide RECV window, expect 14 next
014.840 Acked DATA 10, slide SEND window
014.841 Send DATA 2 13, ID 10050
015.086 Recv DATA 14 10, ID 20046
015.086 Deliver DATA 14, ID 20046
015.086 Slide RECV window, expect 15 next
015.226 ---- ACK timeout
015.226 Send ACK  14
015.381 Recv DATA 15 11, ID 20047
015.381 Deliver DATA 15, ID 20047
015.381 Slide RECV window, expect 0 next
015.381 Acked DATA 11, slide SEND window
015.381 Send DATA 3 15, ID 10051
015.629 Recv DATA 0 12, ID 20048
015.629 Deliver DATA 0, ID 20048
015.629 Slide RECV window, expect 1 next
015.629 Acked DATA 12, slide SEND window
015.630 Send DATA 4 0, ID 10052
015.697 Recv ACK  13
015.697 Acked DATA 13, slide SEND window
015.698 Send DATA 5 0, ID 10053
015.920 Recv DATA 1 14, ID 20049
015.920 Deliver DATA 1, ID 20049
015.920 Slide RECV window, expect 2 next
015.920 Acked DATA 14, slide SEND window
015.921 Send DATA 6 1, ID 10054
016.167 Recv DATA 2 15, ID 20050
016.167 Deliver DATA 2, ID 20050
016.167 Slide RECV window, expect 3 next
016.167 Acked DATA 15, slide SEND window
016.167 Send DATA 7 2, ID 10055
016.342 ** WARNING: System too busy, sleep 15 ms, but be awakened 67 ms later
016.421 Recv DATA 3 0, ID 20051
016.422 Deliver DATA 3, ID 20051
016.422 Slide RECV window, expect 4 next
016.422 Acked DATA 0, slide SEND window
016.422 Send DATA 8 3, ID 10056
016.745 Recv DATA 4 1, ID 20052
016.745 Deliver DATA 4, ID 20052
016.745 .... 53 packets received, 6787 bps, 84.84%, Err 1 (8.4e-06)
016.746 Slide RECV window, expect 5 next
016.746 Acked DATA 1, slide SEND window
016.746 Send DATA 9 4, ID 10057
016.940 Recv DATA 5 2, ID 20053
016.940 Deliver DATA 5, ID 20053
016.940 Slide RECV window, expect 6 next
016.940 Acked DATA 2, slide SEND window
016.940 Send DATA 10 5, ID 10058
017.220 Recv DATA 6 2, ID 20054
017.220 Deliver DATA 6, ID 20054
017.221 Slide RECV window, expect 7 next
017.360 ---- ACK timeout
017.360 Send ACK  6
017.463 Recv DATA 7 3, ID 20055
017.463 Deliver DATA 7, ID 20055
017.463 Slide RECV window, expect 8 next
017.463 Acked DATA 3, slide SEND window
017.463 Send DATA 11 7, ID 10059
017.751 Recv DATA 8 4, ID 20056
017.751 Deliver DATA 8, ID 20056
017.752 Slide RECV window, expect 9 next
017.752 Acked DATA 4, slide SEND window
017.752 Send DATA 12 8, ID 10060
017.777 Recv ACK  5
017.777 Acked DATA 5, slide SEND window
017.779 Send DATA 13 8, ID 10061
018.066 Recv DATA 9 6, ID 20057
018.066 Deliver DATA 9, ID 20057
018.066 Slide RECV window, expect 10 next
018.070 Acked DATA 6, slide SEND window
018.071 Send DATA 14 9, ID 10062
018.296 Recv DATA 10 7, ID 20058
018.296 Deliver DATA 10, ID 20058
018.296 Slide RECV window, expect 11 next
018.296 Acked DATA 7, slide SEND window
018.297 Send DATA 15 10, ID 10063
018.592 Recv DATA 11 8, ID 20059
018.592 Deliver DATA 11, ID 20059
018.596 Slide RECV window, expect 12 next
018.597 Acked DATA 8, slide SEND window
018.597 Send DATA 0 11, ID 10064
018.816 ** WARNING: System too busy, sleep 15 ms, but be awakened 76 ms later
018.880 Recv DATA 12 9, ID 20060
018.880 Deliver DATA 12, ID 20060
018.880 .... 61 packets received, 6892 bps, 86.15%, Err 1 (7.3e-06)
018.880 Slide RECV window, expect 13 next
018.880 Acked DATA 9, slide SEND window
018.880 Send DATA 1 12, ID 10065
019.108 Recv DATA 13 10, ID 20061
019.108 Deliver DATA 13, ID 20061
019.108 Slide RECV window, expect 14 next
019.108 Acked DATA 10, slide SEND window
019.108 Send DATA 2 13, ID 10066
019.339 Recv DATA 14 10, ID 20062
019.339 Deliver DATA 14, ID 20062
019.339 Slide RECV window, expect 15 next
019.492 ---- ACK timeout
019.492 Send ACK  14
019.589 Recv DATA 15 11, ID 20063
019.589 Deliver DATA 15, ID 20063
019.589 Slide RECV window, expect 0 next
019.589 Acked DATA 11, slide SEND window
019.590 Send DATA 3 15, ID 10067
019.833 Recv DATA 0 12, ID 20064
019.834 Deliver DATA 0, ID 20064
019.834 Slide RECV window, expect 1 next
019.834 Acked DATA 12, slide SEND window
019.834 Send DATA 4 0, ID 10068
019.887 Recv ACK  13
019.887 Acked DATA 13, slide SEND window
019.887 Send DATA 5 0, ID 10069
020.140 Recv DATA 1 14, ID 20065
020.140 Deliver DATA 1, ID 20065
020.140 Slide RECV window, expect 2 next
020.140 Acked DATA 14, slide SEND window
020.140 Send DATA 6 1, ID 10070
020.408 Recv DATA 2 15, ID 20066
020.408 Deliver DATA 2, ID 20066
020.408 Slide RECV window, expect 3 next
020.408 Acked DATA 15, slide SEND window
020.408 Send DATA 7 2, ID 10071
020.665 Recv DATA 3 0, ID 20067
020.665 Deliver DATA 3, ID 20067
020.665 Slide RECV window, expect 4 next
020.665 Acked DATA 0, slide SEND window
020.665 Send DATA 8 3, ID 10072
020.939 Recv DATA 4 1, ID 20068
020.939 Deliver DATA 4, ID 20068
020.939 .... 69 packets received, 7000 bps, 87.51%, Err 1 (6.5e-06)
020.939 Slide RECV window, expect 5 next
020.939 Acked DATA 1, slide SEND window
020.940 Send DATA 9 4, ID 10073
021.180 Recv DATA 5 2, ID 20069
021.180 Deliver DATA 5, ID 20069
021.180 Slide RECV window, expect 6 next
021.180 Acked DATA 2, slide SEND window
021.180 Send DATA 10 5, ID 10074
021.440 Recv DATA 6 2, ID 20070
021.440 Deliver DATA 6, ID 20070
021.441 Slide RECV window, expect 7 next
021.588 ---- ACK timeout
021.588 Send ACK  6
021.721 Recv DATA 7 3, ID 20071
021.721 Deliver DATA 7, ID 20071
021.721 Slide RECV window, expect 8 next
021.721 Acked DATA 3, slide SEND window
021.721 Send DATA 11 7, ID 10075
021.988 Recv DATA 8 4, ID 20072
021.988 Deliver DATA 8, ID 20072
021.988 Slide RECV window, expect 9 next
021.988 Acked DATA 4, slide SEND window
021.989 Send DATA 12 8, ID 10076
022.035 Recv ACK  5
022.035 Acked DATA 5, slide SEND window
022.036 Send DATA 13 8, ID 10077
022.255 Recv DATA 9 6, ID 20073
022.255 Deliver DATA 9, ID 20073
022.255 Slide RECV window, expect 10 next
022.255 Acked DATA 6, slide SEND window
022.255 Send DATA 14 9, ID 10078
022.530 Recv DATA 10 7, ID 20074
022.530 Deliver DATA 10, ID 20074
022.530 Slide RECV window, expect 11 next
022.530 Acked DATA 7, slide SEND window
022.531 Send DATA 15 10, ID 10079
022.776 Recv DATA 11 8, ID 20075
022.776 Deliver DATA 11, ID 20075
022.776 Slide RECV window, expect 12 next
022.776 Acked DATA 8, slide SEND window
022.776 Send DATA 0 11, ID 10080
023.031 Recv DATA 12 9, ID 20076
023.031 Deliver DATA 12, ID 20076
023.031 .... 77 packets received, 7079 bps, 88.48%, Err 1 (5.9e-06)
023.031 Slide RECV window, expect 13 next
023.031 Acked DATA 9, slide SEND window
023.031 Send DATA 1 12, ID 10081
023.326 Recv DATA 13 10, ID 20077
023.326 Deliver DATA 13, ID 20077
023.326 Slide RECV window, expect 14 next
023.326 Acked DATA 10, slide SEND window
023.326 Send DATA 2 13, ID 10082
023.573 Recv DATA 14 10, ID 20078
023.573 Deliver DATA 14, ID 20078
023.573 Slide RECV window, expect 15 next
023.723 ---- ACK timeout
023.723 Send ACK  14
023.820 Recv DATA 15 11, ID 20079
023.820 Deliver DATA 15, ID 20079
023.820 Slide RECV window, expect 0 next
023.820 Acked DATA 11, slide SEND window
023.821 Send DATA 3 15, ID 10083
024.088 Recv DATA 0 12, ID 20080
024.089 Deliver DATA 0, ID 20080
024.089 Slide RECV window, expect 1 next
024.089 Acked DATA 12, slide SEND window
024.089 Send DATA 4 0, ID 10084
024.136 Recv ACK  13
024.136 Acked DATA 13, slide SEND window
024.137 Send DATA 5 0, ID 10085
024.374 Recv DATA 1 14, ID 20081
024.374 Deliver DATA 1, ID 20081
024.374 Slide RECV window, expect 2 next
024.374 Acked DATA 14, slide SEND window
024.374 Send DATA 6 1, ID 10086
024.642 Recv DATA 2 15, ID 20082
024.642 Deliver DATA 2, ID 20082
024.642 Slide RECV window, expect 3 next
024.642 Acked DATA 15, slide SEND window
024.643 Send DATA 7 2, ID 10087
024.890 Recv DATA 3 0, ID 20083
024.890 Deliver DATA 3, ID 20083
024.890 Slide RECV window, expect 4 next
024.890 Acked DATA 0, slide SEND window
024.890 Send DATA 8 3, ID 10088
025.177 Recv DATA 4 1, ID 20084
025.177 Deliver DATA 4, ID 20084
025.177 .... 85 packets received, 7127 bps, 89.09%, Err 1 (5.3e-06)
025.178 Slide RECV window, expect 5 next
025.178 Acked DATA 1, slide SEND window
025.178 Send DATA 9 4, ID 10089
025.438 Recv DATA 5 2, ID 20085
025.438 Deliver DATA 5, ID 20085
025.438 Slide RECV window, expect 6 next
025.438 Acked DATA 2, slide SEND window
025.438 Send DATA 10 5, ID 10090
025.726 Recv DATA 6 2, ID 20086
025.726 Deliver DATA 6, ID 20086
025.726 Slide RECV window, expect 7 next
025.874 ---- ACK timeout
025.874 Send ACK  6
025.960 Recv DATA 7 3, ID 20087
025.960 Deliver DATA 7, ID 20087
025.960 Slide RECV window, expect 8 next
025.960 Acked DATA 3, slide SEND window
025.960 Send DATA 11 7, ID 10091
026.235 Recv DATA 8 4, ID 20088
026.235 Deliver DATA 8, ID 20088
026.235 Slide RECV window, expect 9 next
026.235 Acked DATA 4, slide SEND window
026.235 Send DATA 12 8, ID 10092
026.257 Recv ACK  5
026.257 Acked DATA 5, slide SEND window
026.257 Send DATA 13 8, ID 10093
026.474 Recv DATA 9 6, ID 20089
026.474 Deliver DATA 9, ID 20089
026.474 Slide RECV window, expect 10 next
026.474 Acked DATA 6, slide SEND window
026.474 Send DATA 14 9, ID 10094
026.754 Recv DATA 10 7, ID 20090
026.754 Deliver DATA 10, ID 20090
026.754 Slide RECV window, expect 11 next
026.754 Acked DATA 7, slide SEND window
026.755 Send DATA 15 10, ID 10095
027.027 Recv DATA 11 8, ID 20091
027.027 Deliver DATA 11, ID 20091
027.028 Slide RECV window, expect 12 next
027.028 Acked DATA 8, slide SEND window
027.028 Send DATA 0 11, ID 10096
027.273 Recv DATA 12 9, ID 20092
027.273 Deliver DATA 12, ID 20092
027.273 .... 93 packets received, 7182 bps, 89.77%, Err 1 (4.9e-06)
027.273 Slide RECV window, expect 13 next
027.273 Acked DATA 9, slide SEND window
027.273 Send DATA 1 12, ID 10097
027.575 Recv DATA 13 10, ID 20093
027.575 Deliver DATA 13, ID 20093
027.575 Slide RECV window, expect 14 next
027.575 Acked DATA 10, slide SEND window
027.575 Send DATA 2 13, ID 10098
027.791 Recv DATA 14 10, ID 20094
027.791 Deliver DATA 14, ID 20094
027.791 Slide RECV window, expect 15 next
027.941 ---- ACK timeout
027.941 Send ACK  14
028.083 Recv DATA 15 11, ID 20095
028.083 Deliver DATA 15, ID 20095
028.083 Slide RECV window, expect 0 next
028.083 Acked DATA 11, slide SEND window
028.084 Send DATA 3 15, ID 10099
028.357 Recv DATA 0 12, ID 20096
028.357 Deliver DATA 0, ID 20096
028.357 Slide RECV window, expect 1 next
028.357 Acked DATA 12, slide SEND window
028.358 Send DATA 4 0, ID 10100
028.388 Recv ACK  13
028.388 Acked DATA 13, slide SEND window
028.389 Send DATA 5 0, ID 10101
028.640 Recv DATA 1 14, ID 20097
028.640 Deliver DATA 1, ID 20097
028.640 Slide RECV window, expect 2 next
028.640 Acked DATA 14, slide SEND window
028.641 Send DATA 6 1, ID 10102
028.858 Recv DATA 2 15, ID 20098
028.859 Deliver DATA 2, ID 20098
028.859 Slide RECV window, expect 3 next
028.859 Acked DATA 15, slide SEND window
028.860 Send DATA 7 2, ID 10103
029.136 Recv DATA 3 0, ID 20099
029.136 Deliver DATA 3, ID 20099
029.136 Slide RECV window, expect 4 next
029.136 Acked DATA 0, slide SEND window
029.137 Send DATA 8 3, ID 10104
029.165 Recv NAK  1
029.165 ---- Resend DATA 1 on NAK
029.165 Send DATA 1 3, ID 10097
029.454 Recv DATA 4 0, ID 20100
029.454 Deliver DATA 4, ID 20100
029.454 .... 101 packets received, 7207 bps, 90.09%, Err 1 (4.5e-06)
029.454 Slide RECV window, expect 5 next
029.606 ---- ACK timeout
029.606 Send ACK  4
029.656 Recv DATA 5 0, ID 20101
029.656 Deliver DATA 5, ID 20101
029.656 Slide RECV window, expect 6 next
029.808 ---- ACK timeout
029.808 Send ACK  5
029.924 Recv DATA 6 0, ID 20102
029.924 Deliver DATA 6, ID 20102
029.924 Slide RECV window, expect 7 next
030.079 ---- ACK timeout
030.079 Send ACK  6
030.192 Recv DATA 7 0, ID 20103
030.192 Deliver DATA 7, ID 20103
030.193 Slide RECV window, expect 8 next
030.355 ---- ACK timeout
030.355 Send ACK  7
030.458 Recv DATA 8 0, ID 20104
030.458 Deliver DATA 8, ID 20104
030.458 Slide RECV window, expect 9 next
030.612 ---- ACK timeout
030.612 Send ACK  8
030.742 Recv DATA 9 0, ID 20105
030.742 Deliver DATA 9, ID 20105
030.742 Slide RECV window, expect 10 next
030.903 ---- ACK timeout
030.903 Send ACK  9
031.019 Recv DATA 10 0, ID 20106
031.019 Deliver DATA 10, ID 20106
031.019 Slide RECV window, expect 11 next
031.174 ---- ACK timeout
031.174 Send ACK  10
031.281 Recv DATA 11 0, ID 20107
031.281 Deliver DATA 11, ID 20107
031.281 Slide RECV window, expect 12 next
031.427 ---- ACK timeout
031.427 Send ACK  11
031.539 Recv DATA 12 6, ID 20108
031.539 Deliver DATA 12, ID 20108
031.539 .... 109 packets received, 7251 bps, 90.64%, Err 1 (4.2e-06)
031.539 Slide RECV window, expect 13 next
031.539 Acked DATA 1, slide SEND window
031.539 Acked DATA 2, slide SEND window
031.539 Acked DATA 3, slide SEND window
031.539 Acked DATA 4, slide SEND window
031.539 Acked DATA 5, slide SEND window
031.539 Acked DATA 6, slide SEND window
031.539 Send DATA 9 12, ID 10105
031.542 Send DATA 10 12, ID 10106
031.542 Send DATA 11 12, ID 10107
031.542 Send DATA 12 12, ID 10108
031.796 Recv DATA 13 6, ID 20109
031.796 Deliver DATA 13, ID 20109
031.796 Slide RECV window, expect 14 next
031.796 Send DATA 13 13, ID 10109
032.042 Recv DATA 14 6, ID 20110
032.042 Deliver DATA 14, ID 20110
032.042 Slide RECV window, expect 15 next
032.191 ---- ACK timeout
032.191 Send ACK  14
032.192 Send DATA 14 14, ID 10110
032.308 Recv DATA 15 6, ID 20111
032.308 Deliver DATA 15, ID 20111
032.308 Slide RECV window, expect 0 next
032.453 ---- ACK timeout
032.453 Send ACK  15
032.582 Recv DATA 0 6, ID 20112
032.582 Deliver DATA 0, ID 20112
032.582 Slide RECV window, expect 1 next
032.741 ---- ACK timeout
032.741 Send ACK  0
032.863 Recv DATA 1 6, ID 20113
032.863 Deliver DATA 1, ID 20113
032.863 Slide RECV window, expect 2 next
033.004 ---- ACK timeout
033.004 Send ACK  1
033.076 ---- DATA 7 timeout
033.077 Send DATA 7 1, ID 10103
033.108 Recv DATA 2 6, ID 20114
033.108 Deliver DATA 2, ID 20114
033.108 Slide RECV window, expect 3 next
033.157 Recv NAK  7
033.157 ---- Resend DATA 7 on NAK
033.157 Send DATA 7 2, ID 10103
033.342 ---- DATA 8 timeout
033.342 Send DATA 8 2, ID 10104
033.373 Recv DATA 3 6, ID 20115
033.373 Deliver DATA 3, ID 20115
033.373 Slide RECV window, expect 4 next
033.524 ---- ACK timeout
033.524 Send ACK  3
033.674 Recv DATA 4 6, ID 20116
033.674 Deliver DATA 4, ID 20116
033.675 .... 117 packets received, 7279 bps, 90.98%, Err 1 (3.9e-06)
033.675 Slide RECV window, expect 5 next
033.821 ---- ACK timeout
033.822 Send ACK  4
033.890 Recv DATA 5 6, ID 20117
033.890 Deliver DATA 5, ID 20117
033.890 Slide RECV window, expect 6 next
034.051 ---- ACK timeout
034.051 Send ACK  5
034.164 Recv DATA 6 6, ID 20118
034.164 Deliver DATA 6, ID 20118
034.164 Slide RECV window, expect 7 next
034.208 ---- DATA 9 timeout
034.208 Send DATA 9 6, ID 10105
034.445 Recv DATA 7 6, ID 20119
034.445 Deliver DATA 7, ID 20119
034.445 Slide RECV window, expect 8 next
034.597 ---- ACK timeout
034.597 Send ACK  7
034.708 Recv DATA 8 6, ID 20120
034.708 Deliver DATA 8, ID 20120
034.708 Slide RECV window, expect 9 next
034.737 ---- DATA 10 timeout
034.737 Send DATA 10 8, ID 10106
034.957 Recv DATA 9 14, ID 20121
034.957 Deliver DATA 9, ID 20121
034.957 Slide RECV window, expect 10 next
034.957 Acked DATA 7, slide SEND window
034.957 Acked DATA 8, slide SEND window
034.957 Acked DATA 9, slide SEND window
034.957 Acked DATA 10, slide SEND window
034.957 Acked DATA 11, slide SEND window
034.957 Acked DATA 12, slide SEND window
034.957 Acked DATA 13, slide SEND window
034.957 Acked DATA 14, slide SEND window
034.957 Send DATA 15 9, ID 10111
034.957 Send DATA 0 9, ID 10112
034.958 Send DATA 1 9, ID 10113
035.208 Recv DATA 10 14, ID 20122
035.208 Deliver DATA 10, ID 20122
035.208 Slide RECV window, expect 11 next
035.209 Send DATA 2 10, ID 10114
035.477 Recv DATA 11 14, ID 20123
035.477 Deliver DATA 11, ID 20123
035.477 Slide RECV window, expect 12 next
035.477 Send DATA 3 11, ID 10115
035.752 Recv DATA 12 14, ID 20124
035.752 Deliver DATA 12, ID 20124
035.753 .... 125 packets received, 7314 bps, 91.43%, Err 1 (3.7e-06)
035.753 Slide RECV window, expect 13 next
035.753 Send DATA 4 12, ID 10116
036.037 Recv DATA 13 14, ID 20125
036.037 Deliver DATA 13, ID 20125
036.037 Slide RECV window, expect 14 next
036.037 Send DATA 5 13, ID 10117
036.037 Send DATA 6 13, ID 10118
036.207 Impose noise on received data, 2/275800=7.3E-06
036.273 Recv DATA 14 14, ID 20126
036.273 Deliver DATA 14, ID 20126
036.273 Slide RECV window, expect 15 next
036.436 ---- ACK timeout
036.436 Send ACK  14
036.504 Impose noise on received data, 3/278184=1.1E-05
036.520 **** Receiver Error, Bad CRC Checksum
036.520 Request NAK for 15
036.520 Send NAK  15
036.814 **** Receiver Error, Bad CRC Checksum
037.098 Recv DATA 1 0, ID 20129
037.098 Acked DATA 15, slide SEND window
037.098 Acked DATA 0, slide SEND window
037.098 Send DATA 7 14, ID 10119
037.098 Send DATA 8 14, ID 10120
037.155 Recv ACK  1
037.155 Acked DATA 1, slide SEND window
037.156 Send DATA 9 14, ID 10121
037.354 Recv DATA 2 2, ID 20130
037.354 Acked DATA 2, slide SEND window
037.354 Send DATA 10 14, ID 10122
037.618 Recv DATA 3 3, ID 20131
037.618 Acked DATA 3, slide SEND window
037.619 Send DATA 11 14, ID 10123
037.885 Recv DATA 4 4, ID 20132
037.885 Acked DATA 4, slide SEND window
037.885 Send DATA 12 14, ID 10124
038.148 Recv DATA 5 5, ID 20133
038.148 Acked DATA 5, slide SEND window
038.148 Send DATA 13 14, ID 10125
038.388 Recv DATA 6 6, ID 20134
038.388 Acked DATA 6, slide SEND window
038.389 Send DATA 14 14, ID 10126
038.651 Recv DATA 15 6, ID 20127
038.651 Deliver DATA 15, ID 20127
038.651 .... 128 packets received, 6917 bps, 86.46%, Err 3 (1.0e-05)
038.651 Slide RECV window, expect 0 next
038.682 Recv ACK  7
038.682 Acked DATA 7, slide SEND window
038.682 Send DATA 15 15, ID 10127
038.883 Recv ACK  8
038.883 Acked DATA 8, slide SEND window
038.883 Send DATA 0 15, ID 10128
039.154 Recv ACK  9
039.154 Acked DATA 9, slide SEND window
039.155 Send DATA 1 15, ID 10129
039.405 Recv ACK  10
039.405 Acked DATA 10, slide SEND window
039.406 Send DATA 2 15, ID 10130
039.435 Recv ACK  11
039.435 Acked DATA 11, slide SEND window
039.688 Recv ACK  12
039.688 Acked DATA 12, slide SEND window
039.688 Send DATA 3 15, ID 10131
039.719 Recv ACK  13
039.719 Acked DATA 13, slide SEND window
039.940 Recv ACK  14
039.940 Acked DATA 14, slide SEND window
039.940 Send DATA 4 15, ID 10132
040.220 Recv DATA 0 14, ID 20128
040.220 Deliver DATA 0, ID 20128
040.220 Deliver DATA 1, ID 20129
040.220 Deliver DATA 2, ID 20130
040.220 Deliver DATA 3, ID 20131
040.220 Deliver DATA 4, ID 20132
040.220 Deliver DATA 5, ID 20133
040.220 Deliver DATA 6, ID 20134
040.220 Slide RECV window, expect 7 next
040.220 Send DATA 5 6, ID 10133
040.490 Recv DATA 7 15, ID 20135
040.490 Deliver DATA 7, ID 20135
040.490 Slide RECV window, expect 8 next
040.490 Acked DATA 15, slide SEND window
040.490 Send DATA 6 7, ID 10134
040.735 Recv DATA 1 15, ID 20129
040.735 Ignore out-of-window DATA 1
040.735 Send DATA 7 7, ID 10135
041.014 Recv DATA 2 15, ID 20130
041.017 Ignore out-of-window DATA 2
041.045 Recv ACK  0
041.045 Acked DATA 0, slide SEND window
041.045 Send DATA 8 7, ID 10136
041.275 Recv DATA 3 1, ID 20131
041.275 Ignore out-of-window DATA 3
041.275 Acked DATA 1, slide SEND window
041.275 Send DATA 9 7, ID 10137
041.558 Recv DATA 4 1, ID 20132
041.558 Ignore out-of-window DATA 4
041.624 Recv ACK  2
041.624 Acked DATA 2, slide SEND window
041.624 Send DATA 10 7, ID 10138
041.821 Recv DATA 5 2, ID 20133
041.821 Ignore out-of-window DATA 5
041.980 ---- ACK timeout
041.980 Send ACK  7
042.103 Recv DATA 6 3, ID 20134
042.103 Ignore out-of-window DATA 6
042.103 Acked DATA 3, slide SEND window
042.104 Send DATA 11 7, ID 10139
042.167 Recv ACK  4
042.167 Acked DATA 4, slide SEND window
042.167 Send DATA 12 7, ID 10140
042.338 Recv DATA 8 5, ID 20136
042.339 Deliver DATA 8, ID 20136
042.339 .... 137 packets received, 6747 bps, 84.34%, Err 3 (9.5e-06)
042.339 Slide RECV window, expect 9 next
042.339 Acked DATA 5, slide SEND window
042.343 Send DATA 13 8, ID 10141
042.672 Recv DATA 9 5, ID 20137
042.672 Deliver DATA 9, ID 20137
042.672 Slide RECV window, expect 10 next
042.839 ---- ACK timeout
042.839 Send ACK  9
042.899 Recv DATA 10 6, ID 20138
042.899 Deliver DATA 10, ID 20138
042.899 Slide RECV window, expect 11 next
042.899 Acked DATA 6, slide SEND window
042.899 Send DATA 14 10, ID 10142
043.173 Recv DATA 11 7, ID 20139
043.173 Deliver DATA 11, ID 20139
043.173 Slide RECV window, expect 12 next
043.173 Acked DATA 7, slide SEND window
043.174 Send DATA 15 11, ID 10143
043.424 Recv DATA 12 8, ID 20140
043.424 Deliver DATA 12, ID 20140
043.424 Slide RECV window, expect 13 next
043.424 Acked DATA 8, slide SEND window
043.425 Send DATA 0 12, ID 10144
043.674 Recv DATA 13 9, ID 20141
043.674 Deliver DATA 13, ID 20141
043.674 Slide RECV window, expect 14 next
043.674 Acked DATA 9, slide SEND window
043.674 Send DATA 1 13, ID 10145
043.941 Recv DATA 14 10, ID 20142
043.941 Deliver DATA 14, ID 20142
043.941 Slide RECV window, expect 15 next
043.941 Acked DATA 10, slide SEND window
043.941 Send DATA 2 14, ID 10146
044.172 Recv DATA 15 11, ID 20143
044.172 Deliver DATA 15, ID 20143
044.172 Slide RECV window, expect 0 next
044.172 Acked DATA 11, slide SEND window
044.173 Send DATA 3 15, ID 10147
044.209 Recv ACK  12
044.209 Acked DATA 12, slide SEND window
044.209 Send DATA 4 15, ID 10148
044.520 Recv DATA 0 13, ID 20144
044.520 Deliver DATA 0, ID 20144
044.520 .... 145 packets received, 6785 bps, 84.81%, Err 3 (9.0e-06)
044.520 Slide RECV window, expect 1 next
044.520 Acked DATA 13, slide SEND window
044.521 Send DATA 5 0, ID 10149
044.573 Impose noise on received data, 4/332840=1.2E-05
044.727 Recv DATA 1 13, ID 20145
044.727 Deliver DATA 1, ID 20145
044.727 Slide RECV window, expect 2 next
044.891 ---- ACK timeout
044.891 Send ACK  1
045.013 Recv DATA 2 14, ID 20146
045.013 Deliver DATA 2, ID 20146
045.013 Slide RECV window, expect 3 next
045.013 Acked DATA 14, slide SEND window
045.013 Send DATA 6 2, ID 10150
045.255 Recv DATA 3 15, ID 20147
045.255 Deliver DATA 3, ID 20147
045.255 Slide RECV window, expect 4 next
045.255 Acked DATA 15, slide SEND window
045.255 Send DATA 7 3, ID 10151
045.539 Recv DATA 4 0, ID 20148
045.539 Deliver DATA 4, ID 20148
045.539 Slide RECV window, expect 5 next
045.539 Acked DATA 0, slide SEND window
045.539 Send DATA 8 4, ID 10152
045.807 Recv DATA 5 1, ID 20149
045.807 Deliver DATA 5, ID 20149
045.807 Slide RECV window, expect 6 next
045.807 Acked DATA 1, slide SEND window
045.808 Send DATA 9 5, ID 10153
046.042 Recv DATA 6 2, ID 20150
046.042 Deliver DATA 6, ID 20150
046.042 Slide RECV window, expect 7 next
046.042 Acked DATA 2, slide SEND window
046.042 Send DATA 10 6, ID 10154
046.301 Recv DATA 7 3, ID 20151
046.301 Deliver DATA 7, ID 20151
046.301 Slide RECV window, expect 8 next
046.301 Acked DATA 3, slide SEND window
046.301 Send DATA 11 7, ID 10155
046.324 Recv ACK  4
046.324 Acked DATA 4, slide SEND window
046.324 Send DATA 12 7, ID 10156
046.574 Recv DATA 8 5, ID 20152
046.574 Deliver DATA 8, ID 20152
046.574 .... 153 packets received, 6838 bps, 85.48%, Err 4 (1.1e-05)
046.575 Slide RECV window, expect 9 next
046.575 Acked DATA 5, slide SEND window
046.575 Send DATA 13 8, ID 10157
046.837 Recv DATA 9 5, ID 20153
046.837 Deliver DATA 9, ID 20153
046.837 Slide RECV window, expect 10 next
047.008 ---- ACK timeout
047.008 Send ACK  9
047.122 Recv DATA 10 6, ID 20154
047.123 Deliver DATA 10, ID 20154
047.123 Slide RECV window, expect 11 next
047.123 Acked DATA 6, slide SEND window
047.123 Send DATA 14 10, ID 10158
047.387 Recv DATA 11 7, ID 20155
047.387 Deliver DATA 11, ID 20155
047.387 Slide RECV window, expect 12 next
047.387 Acked DATA 7, slide SEND window
047.388 Send DATA 15 11, ID 10159
047.443 Recv NAK  8
047.443 ---- Resend DATA 8 on NAK
047.443 Send DATA 8 11, ID 10152
047.654 Recv DATA 12 7, ID 20156
047.654 Deliver DATA 12, ID 20156
047.654 Slide RECV window, expect 13 next
047.807 ---- ACK timeout
047.807 Send ACK  12
047.934 Recv DATA 13 7, ID 20157
047.934 Deliver DATA 13, ID 20157
047.934 Slide RECV window, expect 14 next
048.090 ---- ACK timeout
048.090 Send ACK  13
048.157 Recv DATA 14 7, ID 20158
048.157 Deliver DATA 14, ID 20158
048.157 Slide RECV window, expect 15 next
048.318 ---- ACK timeout
048.318 Send ACK  14
048.467 Recv DATA 15 7, ID 20159
048.467 Deliver DATA 15, ID 20159
048.467 Slide RECV window, expect 0 next
048.636 ---- ACK timeout
048.636 Send ACK  15
048.697 Recv DATA 0 7, ID 20160
048.697 Deliver DATA 0, ID 20160
048.697 .... 161 packets received, 6877 bps, 85.97%, Err 4 (1.1e-05)
048.697 Slide RECV window, expect 1 next
048.846 ---- ACK timeout
048.846 Send ACK  0
048.974 Recv DATA 1 7, ID 20161
048.974 Deliver DATA 1, ID 20161
048.974 Slide RECV window, expect 2 next
049.124 ---- DATA 9 timeout
049.124 Send DATA 9 1, ID 10153
049.249 Recv DATA 2 7, ID 20162
049.250 Deliver DATA 2, ID 20162
049.250 Slide RECV window, expect 3 next
049.402 ---- ACK timeout
049.402 Send ACK  2
049.420 ---- DATA 10 timeout
049.420 Send DATA 10 2, ID 10154
049.491 Recv DATA 3 7, ID 20163
049.491 Deliver DATA 3, ID 20163
049.491 Slide RECV window, expect 4 next
049.640 ---- ACK timeout
049.640 Send ACK  3
049.691 ---- DATA 11 timeout
049.691 Send DATA 11 3, ID 10155
049.753 Recv DATA 4 9, ID 20164
049.754 Deliver DATA 4, ID 20164
049.754 Slide RECV window, expect 5 next
049.754 Acked DATA 8, slide SEND window
049.754 Acked DATA 9, slide SEND window
049.754 Send DATA 0 4, ID 10160
049.754 Send DATA 1 4, ID 10161
050.027 Recv DATA 5 9, ID 20165
050.027 Deliver DATA 5, ID 20165
050.027 Slide RECV window, expect 6 next
050.183 ---- DATA 12 timeout
050.183 Send DATA 12 5, ID 10156
050.313 Recv DATA 6 9, ID 20166
050.313 Deliver DATA 6, ID 20166
050.313 Slide RECV window, expect 7 next
050.454 ---- DATA 14 timeout
050.454 Send DATA 14 6, ID 10158
050.473 ---- DATA 13 timeout
050.473 Send DATA 13 6, ID 10157
050.564 Recv DATA 7 9, ID 20167
050.564 Deliver DATA 7, ID 20167
050.564 Slide RECV window, expect 8 next
050.709 ---- ACK timeout
050.709 Send ACK  7
050.725 ---- DATA 15 timeout
050.725 Send DATA 15 7, ID 10159
050.842 Recv DATA 8 9, ID 20168
050.842 Deliver DATA 8, ID 20168
050.842 .... 169 packets received, 6910 bps, 86.37%, Err 4 (1.0e-05)
050.842 Slide RECV window, expect 9 next
051.003 ---- ACK timeout
051.003 Send ACK  8
051.078 Recv DATA 9 15, ID 20169
051.078 Deliver DATA 9, ID 20169
051.079 Slide RECV window, expect 10 next
051.079 Acked DATA 10, slide SEND window
051.079 Acked DATA 11, slide SEND window
051.079 Acked DATA 12, slide SEND window
051.079 Acked DATA 13, slide SEND window
051.079 Acked DATA 14, slide SEND window
051.079 Acked DATA 15, slide SEND window
051.079 Send DATA 2 9, ID 10162
051.079 Send DATA 3 9, ID 10163
051.324 Recv DATA 10 15, ID 20170
051.324 Deliver DATA 10, ID 20170
051.324 Slide RECV window, expect 11 next
051.324 Send DATA 4 10, ID 10164
051.584 Recv DATA 11 0, ID 20171
051.584 Deliver DATA 11, ID 20171
051.584 Slide RECV window, expect 12 next
051.584 Acked DATA 0, slide SEND window
051.584 Send DATA 5 11, ID 10165
051.892 Recv DATA 12 1, ID 20172
051.892 Deliver DATA 12, ID 20172
051.892 Slide RECV window, expect 13 next
051.893 Acked DATA 1, slide SEND window
051.894 Send DATA 6 12, ID 10166
052.172 Recv DATA 13 1, ID 20173
052.172 Deliver DATA 13, ID 20173
052.172 Slide RECV window, expect 14 next
052.172 Send DATA 7 13, ID 10167
052.418 Recv DATA 14 1, ID 20174
052.418 Deliver DATA 14, ID 20174
052.418 Slide RECV window, expect 15 next
052.418 Send DATA 8 14, ID 10168
052.682 Recv DATA 15 1, ID 20175
052.682 Deliver DATA 15, ID 20175
052.682 Slide RECV window, expect 0 next
052.682 Send DATA 9 15, ID 10169
052.956 Recv DATA 0 1, ID 20176
052.956 Deliver DATA 0, ID 20176
052.956 .... 177 packets received, 6944 bps, 86.80%, Err 4 (1.0e-05)
052.957 Slide RECV window, expect 1 next
053.107 ---- ACK timeout
053.107 Send ACK  0
053.187 Recv DATA 1 2, ID 20177
053.187 Deliver DATA 1, ID 20177
053.187 Slide RECV window, expect 2 next
053.187 Acked DATA 2, slide SEND window
053.187 Send DATA 10 1, ID 10170
053.248 Recv ACK  3
053.248 Acked DATA 3, slide SEND window
053.248 Send DATA 11 1, ID 10171
053.448 Recv DATA 2 4, ID 20178
053.448 Deliver DATA 2, ID 20178
053.448 Slide RECV window, expect 3 next
053.448 Acked DATA 4, slide SEND window
053.448 Send DATA 12 2, ID 10172
053.722 Recv DATA 3 5, ID 20179
053.722 Deliver DATA 3, ID 20179
053.722 Slide RECV window, expect 4 next
053.722 Acked DATA 5, slide SEND window
053.723 Send DATA 13 3, ID 10173
054.003 Recv DATA 4 6, ID 20180
054.003 Deliver DATA 4, ID 20180
054.003 Slide RECV window, expect 5 next
054.003 Acked DATA 6, slide SEND window
054.003 Send DATA 14 4, ID 10174
054.272 Recv DATA 5 7, ID 20181
054.272 Deliver DATA 5, ID 20181
054.272 Slide RECV window, expect 6 next
054.272 Acked DATA 7, slide SEND window
054.272 Send DATA 15 5, ID 10175
054.545 Recv DATA 6 8, ID 20182
054.545 Deliver DATA 6, ID 20182
054.545 Slide RECV window, expect 7 next
054.545 Acked DATA 8, slide SEND window
054.545 Send DATA 0 6, ID 10176
054.822 Recv DATA 7 9, ID 20183
054.822 Deliver DATA 7, ID 20183
054.822 Slide RECV window, expect 8 next
054.822 Acked DATA 9, slide SEND window
054.822 Send DATA 1 7, ID 10177
055.064 Recv DATA 8 9, ID 20184
055.064 Deliver DATA 8, ID 20184
055.064 .... 185 packets received, 6976 bps, 87.20%, Err 4 (9.6e-06)
055.064 Slide RECV window, expect 9 next
055.207 ---- ACK timeout
055.207 Send ACK  8
055.337 Recv DATA 9 10, ID 20185
055.337 Deliver DATA 9, ID 20185
055.337 Slide RECV window, expect 10 next
055.337 Acked DATA 10, slide SEND window
055.337 Send DATA 2 9, ID 10178
055.375 Recv ACK  11
055.375 Acked DATA 11, slide SEND window
055.376 Send DATA 3 9, ID 10179
055.605 Recv DATA 10 12, ID 20186
055.605 Deliver DATA 10, ID 20186
055.605 Slide RECV window, expect 11 next
055.605 Acked DATA 12, slide SEND window
055.605 Send DATA 4 10, ID 10180
055.856 Recv DATA 11 13, ID 20187
055.856 Deliver DATA 11, ID 20187
055.856 Slide RECV window, expect 12 next
055.856 Acked DATA 13, slide SEND window
055.856 Send DATA 5 11, ID 10181
056.096 Recv DATA 12 14, ID 20188
056.096 Deliver DATA 12, ID 20188
056.096 Slide RECV window, expect 13 next
056.096 Acked DATA 14, slide SEND window
056.096 Send DATA 6 12, ID 10182
056.363 Recv DATA 13 15, ID 20189
056.363 Deliver DATA 13, ID 20189
056.363 Slide RECV window, expect 14 next
056.363 Acked DATA 15, slide SEND window
056.363 Send DATA 7 13, ID 10183
056.653 Recv DATA 14 0, ID 20190
056.653 Deliver DATA 14, ID 20190
056.653 Slide RECV window, expect 15 next
056.653 Acked DATA 0, slide SEND window
056.653 Send DATA 8 14, ID 10184
056.923 Recv DATA 15 1, ID 20191
056.923 Deliver DATA 15, ID 20191
056.923 Slide RECV window, expect 0 next
056.923 Acked DATA 1, slide SEND window
056.923 Send DATA 9 15, ID 10185
057.173 Recv DATA 0 1, ID 20192
057.173 Deliver DATA 0, ID 20192
057.173 .... 193 packets received, 7006 bps, 87.57%, Err 4 (9.2e-06)
057.173 Slide RECV window, expect 1 next
057.328 ---- ACK timeout
057.328 Send ACK  0
057.454 Recv DATA 1 2, ID 20193
057.454 Deliver DATA 1, ID 20193
057.454 Slide RECV window, expect 2 next
057.454 Acked DATA 2, slide SEND window
057.454 Send DATA 10 1, ID 10186
057.491 Recv ACK  3
057.492 Acked DATA 3, slide SEND window
057.492 Send DATA 11 1, ID 10187
057.717 Recv DATA 2 4, ID 20194
057.717 Deliver DATA 2, ID 20194
057.717 Slide RECV window, expect 3 next
057.717 Acked DATA 4, slide SEND window
057.717 Send DATA 12 2, ID 10188
058.006 Recv DATA 3 5, ID 20195
058.006 Deliver DATA 3, ID 20195
058.006 Slide RECV window, expect 4 next
058.006 Acked DATA 5, slide SEND window
058.006 Send DATA 13 3, ID 10189
058.211 Recv DATA 4 6, ID 20196
058.211 Deliver DATA 4, ID 20196
058.211 Slide RECV window, expect 5 next
058.211 Acked DATA 6, slide SEND window
058.211 Send DATA 14 4, ID 10190
058.481 Recv DATA 5 7, ID 20197
058.481 Deliver DATA 5, ID 20197
058.481 Slide RECV window, expect 6 next
058.481 Acked DATA 7, slide SEND window
058.481 Send DATA 15 5, ID 10191
058.543 Recv NAK  8
058.543 ---- Resend DATA 8 on NAK
058.543 Send DATA 8 5, ID 10184
058.770 Recv DATA 6 7, ID 20198
058.770 Deliver DATA 6, ID 20198
058.770 Slide RECV window, expect 7 next
058.933 ---- ACK timeout
059.039 Recv DATA 7 7, ID 20199
059.039 Deliver DATA 7, ID 20199
059.039 Slide RECV window, expect 8 next
059.039 Send ACK  7
059.306 Recv DATA 8 7, ID 20200
059.307 Deliver DATA 8, ID 20200
059.307 .... 201 packets received, 7030 bps, 87.88%, Err 4 (8.9e-06)
059.307 Slide RECV window, expect 9 next
059.457 ---- ACK timeout
059.457 Send ACK  8
059.583 Recv DATA 9 7, ID 20201
059.583 Deliver DATA 9, ID 20201
059.584 Slide RECV window, expect 10 next
059.724 Impose noise on received data, 5/454040=1.1E-05
059.724 ---- ACK timeout
059.724 Send ACK  9
059.858 Recv DATA 10 7, ID 20202
059.858 Deliver DATA 10, ID 20202
059.858 Slide RECV window, expect 11 next
060.005 ---- ACK timeout
060.005 Send ACK  10
060.085 **** Receiver Error, Bad CRC Checksum
060.085 Request NAK for 11
060.085 Send NAK  11
060.372 Recv DATA 12 7, ID 20204
060.594 Recv DATA 13 7, ID 20205
060.856 Recv DATA 14 15, ID 20206
060.856 Acked DATA 8, slide SEND window
060.856 Acked DATA 9, slide SEND window
060.856 Acked DATA 10, slide SEND window
060.856 Acked DATA 11, slide SEND window
060.856 Acked DATA 12, slide SEND window
060.856 Acked DATA 13, slide SEND window
060.856 Acked DATA 14, slide SEND window
060.856 Acked DATA 15, slide SEND window
060.856 Send DATA 0 10, ID 10192
060.860 Send DATA 1 10, ID 10193
060.860 Send DATA 2 10, ID 10194
060.860 Send DATA 3 10, ID 10195
061.137 Recv DATA 15 15, ID 20207
061.137 Send DATA 4 10, ID 10196
061.413 Recv DATA 0 15, ID 20208
061.413 Send DATA 5 10, ID 10197
061.567 ** WARNING: System too busy, sleep 15 ms, but be awakened 79 ms later
061.656 Recv DATA 1 15, ID 20209
061.656 Send DATA 6 10, ID 10198
061.932 Recv DATA 2 15, ID 20210
061.932 Send DATA 7 10, ID 10199
062.221 Recv DATA 11 15, ID 20203
062.221 Deliver DATA 11, ID 20203
062.221 .... 204 packets received, 6797 bps, 84.96%, Err 5 (1.1e-05)
062.221 Deliver DATA 12, ID 20204
062.221 Deliver DATA 13, ID 20205
062.221 Deliver DATA 14, ID 20206
062.221 Deliver DATA 15, ID 20207
062.221 Deliver DATA 0, ID 20208
062.221 Deliver DATA 1, ID 20209
062.221 Deliver DATA 2, ID 20210
062.221 Slide RECV window, expect 3 next
062.222 Recv ACK  0
062.222 Acked DATA 0, slide SEND window
062.222 Send DATA 8 2, ID 10200
062.373 Recv ACK  1
062.373 Acked DATA 1, slide SEND window
062.626 Recv ACK  2
062.626 Acked DATA 2, slide SEND window
062.626 Send DATA 9 2, ID 10201
062.653 Recv ACK  3
062.653 Acked DATA 3, slide SEND window
062.903 Recv ACK  4
062.903 Acked DATA 4, slide SEND window
062.904 Send DATA 10 2, ID 10202
063.381 Recv DATA 12 5, ID 20204
063.381 Ignore out-of-window DATA 12
063.381 Acked DATA 5, slide SEND window
063.381 Send DATA 11 2, ID 10203
063.381 Send DATA 12 2, ID 10204
063.655 Recv DATA 13 6, ID 20205
063.655 Ignore out-of-window DATA 13
063.655 Acked DATA 6, slide SEND window
063.655 Send DATA 13 2, ID 10205
063.924 Recv DATA 14 7, ID 20206
063.924 Ignore out-of-window DATA 14
063.924 Acked DATA 7, slide SEND window
063.924 Send DATA 14 2, ID 10206
064.179 Recv DATA 3 8, ID 20211
064.179 Deliver DATA 3, ID 20211
064.179 Slide RECV window, expect 4 next
064.179 Acked DATA 8, slide SEND window
064.180 Send DATA 15 3, ID 10207
064.436 Recv DATA 4 8, ID 20212
064.436 Deliver DATA 4, ID 20212
064.436 .... 213 packets received, 6850 bps, 85.62%, Err 5 (1.0e-05)
064.436 Slide RECV window, expect 5 next
064.436 Send DATA 0 4, ID 10208
064.669 Recv DATA 5 8, ID 20213
064.669 Deliver DATA 5, ID 20213
064.669 Slide RECV window, expect 6 next
064.827 ---- ACK timeout
064.827 Send ACK  5
064.971 Recv DATA 6 9, ID 20214
064.971 Deliver DATA 6, ID 20214
064.971 Slide RECV window, expect 7 next
064.971 Acked DATA 9, slide SEND window
064.971 Send DATA 1 6, ID 10209
065.237 Recv DATA 7 10, ID 20215
065.237 Deliver DATA 7, ID 20215
065.237 Slide RECV window, expect 8 next
065.237 Acked DATA 10, slide SEND window
065.237 Send DATA 2 7, ID 10210
065.507 Recv DATA 8 11, ID 20216
065.507 Deliver DATA 8, ID 20216
065.507 Slide RECV window, expect 9 next
065.507 Acked DATA 11, slide SEND window
065.507 Send DATA 3 8, ID 10211
065.784 Recv DATA 9 12, ID 20217
065.784 Deliver DATA 9, ID 20217
065.784 Slide RECV window, expect 10 next
065.784 Acked DATA 12, slide SEND window
065.784 Send DATA 4 9, ID 10212
066.060 Recv DATA 10 13, ID 20218
066.060 Deliver DATA 10, ID 20218
066.060 Slide RECV window, expect 11 next
066.060 Acked DATA 13, slide SEND window
066.060 Send DATA 5 10, ID 10213
066.120 Recv ACK  14
066.120 Acked DATA 14, slide SEND window
066.121 Send DATA 6 10, ID 10214
066.257 Recv DATA 11 15, ID 20219
066.257 Deliver DATA 11, ID 20219
066.257 Slide RECV window, expect 12 next
066.258 Acked DATA 15, slide SEND window
066.258 Send DATA 7 11, ID 10215
066.559 Recv DATA 12 0, ID 20220
066.559 Deliver DATA 12, ID 20220
066.559 .... 221 packets received, 6878 bps, 85.97%, Err 5 (1.0e-05)
066.559 Slide RECV window, expect 13 next
066.559 Acked DATA 0, slide SEND window
066.559 Send DATA 8 12, ID 10216
066.791 Recv DATA 13 0, ID 20221
066.791 Deliver DATA 13, ID 20221
066.791 Slide RECV window, expect 14 next
066.957 ---- ACK timeout
066.957 Send ACK  13
067.104 Recv DATA 14 1, ID 20222
067.104 Deliver DATA 14, ID 20222
067.104 Slide RECV window, expect 15 next
067.104 Acked DATA 1, slide SEND window
067.104 Send DATA 9 14, ID 10217
067.374 Recv DATA 15 2, ID 20223
067.374 Deliver DATA 15, ID 20223
067.374 Slide RECV window, expect 0 next
067.374 Acked DATA 2, slide SEND window
067.374 Send DATA 10 15, ID 10218
067.605 Recv DATA 0 3, ID 20224
067.605 Deliver DATA 0, ID 20224
067.605 Slide RECV window, expect 1 next
067.605 Acked DATA 3, slide SEND window
067.605 Send DATA 11 0, ID 10219
067.880 Recv DATA 1 4, ID 20225
067.880 Deliver DATA 1, ID 20225
067.880 Slide RECV window, expect 2 next
067.880 Acked DATA 4, slide SEND window
067.880 Send DATA 12 1, ID 10220
068.132 Recv DATA 2 5, ID 20226
068.132 Deliver DATA 2, ID 20226
068.132 Slide RECV window, expect 3 next
068.132 Acked DATA 5, slide SEND window
068.133 Send DATA 13 2, ID 10221
068.163 Recv ACK  6
068.164 Acked DATA 6, slide SEND window
068.164 Send DATA 14 2, ID 10222
068.405 Recv DATA 3 7, ID 20227
068.406 Deliver DATA 3, ID 20227
068.406 Slide RECV window, expect 4 next
068.406 Acked DATA 7, slide SEND window
068.406 Send DATA 15 3, ID 10223
068.692 Recv DATA 4 8, ID 20228
068.692 Deliver DATA 4, ID 20228
068.692 .... 229 packets received, 6903 bps, 86.29%, Err 5 (9.6e-06)
068.692 Slide RECV window, expect 5 next
068.692 Acked DATA 8, slide SEND window
068.692 Send DATA 0 4, ID 10224
068.963 Recv DATA 5 8, ID 20229
068.965 Deliver DATA 5, ID 20229
068.965 Slide RECV window, expect 6 next
069.111 ---- ACK timeout
069.112 Send ACK  5
069.210 Recv DATA 6 9, ID 20230
069.210 Deliver DATA 6, ID 20230
069.210 Slide RECV window, expect 7 next
069.210 Acked DATA 9, slide SEND window
069.211 Send DATA 1 6, ID 10225
069.489 Recv DATA 7 10, ID 20231
069.489 Deliver DATA 7, ID 20231
069.489 Slide RECV window, expect 8 next
069.489 Acked DATA 10, slide SEND window
069.489 Send DATA 2 7, ID 10226
069.520 Impose noise on received data, 6/525256=1.1E-05
069.744 Recv DATA 8 11, ID 20232
069.745 Deliver DATA 8, ID 20232
069.745 Slide RECV window, expect 9 next
069.745 Acked DATA 11, slide SEND window
069.745 Send DATA 3 8, ID 10227
069.829 ** WARNING: System too busy, sleep 15 ms, but be awakened 67 ms later
070.022 Recv DATA 9 12, ID 20233
070.022 Deliver DATA 9, ID 20233
070.022 Slide RECV window, expect 10 next
070.022 Acked DATA 12, slide SEND window
070.023 Send DATA 4 9, ID 10228
070.292 Recv DATA 10 13, ID 20234
070.292 Deliver DATA 10, ID 20234
070.292 Slide RECV window, expect 11 next
070.292 Acked DATA 13, slide SEND window
070.292 Send DATA 5 10, ID 10229
070.323 Recv ACK  14
070.323 Acked DATA 14, slide SEND window
070.324 Send DATA 6 10, ID 10230
070.538 Recv DATA 11 15, ID 20235
070.538 Deliver DATA 11, ID 20235
070.538 Slide RECV window, expect 12 next
070.538 Acked DATA 15, slide SEND window
070.538 Send DATA 7 11, ID 10231
070.791 Recv DATA 12 0, ID 20236
070.791 Deliver DATA 12, ID 20236
070.791 .... 237 packets received, 6930 bps, 86.63%, Err 6 (1.1e-05)
070.791 Slide RECV window, expect 13 next
070.791 Acked DATA 0, slide SEND window
070.791 Send DATA 8 12, ID 10232
071.058 Recv DATA 13 0, ID 20237
071.058 Deliver DATA 13, ID 20237
071.058 Slide RECV window, expect 14 next
071.207 ---- ACK timeout
071.207 Send ACK  13
071.305 Recv DATA 14 1, ID 20238
071.305 Deliver DATA 14, ID 20238
071.305 Slide RECV window, expect 15 next
071.305 Acked DATA 1, slide SEND window
071.307 Send DATA 9 14, ID 10233
071.611 Recv DATA 15 2, ID 20239
071.611 Deliver DATA 15, ID 20239
071.611 Slide RECV window, expect 0 next
071.611 Acked DATA 2, slide SEND window
071.611 Send DATA 10 15, ID 10234
071.843 Recv DATA 0 3, ID 20240
071.843 Deliver DATA 0, ID 20240
071.843 Slide RECV window, expect 1 next
071.843 Acked DATA 3, slide SEND window
071.843 Send DATA 11 0, ID 10235
072.107 Recv DATA 1 4, ID 20241
072.107 Deliver DATA 1, ID 20241
072.107 Slide RECV window, expect 2 next
072.107 Acked DATA 4, slide SEND window
072.107 Send DATA 12 1, ID 10236
072.376 Recv DATA 2 5, ID 20242
072.376 Deliver DATA 2, ID 20242
072.376 Slide RECV window, expect 3 next
072.376 Acked DATA 5, slide SEND window
072.376 Recv ACK  6
072.376 Acked DATA 6, slide SEND window
072.376 Send DATA 13 2, ID 10237
072.376 Send DATA 14 2, ID 10238
072.408 Recv NAK  7
072.408 ---- Resend DATA 7 on NAK
072.408 Send DATA 7 2, ID 10231
072.672 Recv DATA 3 6, ID 20243
072.672 Deliver DATA 3, ID 20243
072.672 Slide RECV window, expect 4 next
072.824 ---- ACK timeout
072.824 Send ACK  3
072.924 Recv DATA 4 6, ID 20244
072.924 Deliver DATA 4, ID 20244
072.924 .... 245 packets received, 6952 bps, 86.90%, Err 6 (1.1e-05)
072.925 Slide RECV window, expect 5 next
073.064 ---- ACK timeout
073.064 Send ACK  4
073.188 Recv DATA 5 6, ID 20245
073.188 Deliver DATA 5, ID 20245
073.188 Slide RECV window, expect 6 next
073.345 ---- ACK timeout
073.345 Send ACK  5
073.424 Recv DATA 6 6, ID 20246
073.424 Deliver DATA 6, ID 20246
073.424 Slide RECV window, expect 7 next
073.573 ---- ACK timeout
073.573 Send ACK  6
073.688 Recv DATA 7 6, ID 20247
073.688 Deliver DATA 7, ID 20247
073.688 Slide RECV window, expect 8 next
073.842 ---- ACK timeout
073.842 Send ACK  7
073.991 Recv DATA 8 6, ID 20248
073.991 Deliver DATA 8, ID 20248
073.991 Slide RECV window, expect 9 next
074.140 ---- ACK timeout
074.140 Send ACK  8
074.264 Recv DATA 9 6, ID 20249
074.264 Deliver DATA 9, ID 20249
074.264 Slide RECV window, expect 10 next
074.410 ---- ACK timeout
074.410 Send ACK  9
074.517 Recv DATA 10 6, ID 20250
074.518 Deliver DATA 10, ID 20250
074.518 Slide RECV window, expect 11 next
074.673 ---- ACK timeout
074.673 Send ACK  10
074.733 Recv DATA 11 14, ID 20251
074.733 Deliver DATA 11, ID 20251
074.733 Slide RECV window, expect 12 next
074.733 Acked DATA 7, slide SEND window
074.733 Acked DATA 8, slide SEND window
074.733 Acked DATA 9, slide SEND window
074.733 Acked DATA 10, slide SEND window
074.733 Acked DATA 11, slide SEND window
074.733 Acked DATA 12, slide SEND window
074.733 Acked DATA 13, slide SEND window
074.733 Acked DATA 14, slide SEND window
074.733 Send DATA 15 11, ID 10239
074.738 Send DATA 0 11, ID 10240
074.738 Send DATA 1 11, ID 10241
074.741 Send DATA 2 11, ID 10242
075.058 Recv DATA 12 14, ID 20252
075.058 Deliver DATA 12, ID 20252
075.059 .... 253 packets received, 6973 bps, 87.17%, Err 6 (1.1e-05)
075.059 Slide RECV window, expect 13 next
075.059 Send DATA 3 12, ID 10243
075.292 Recv DATA 13 14, ID 20253
075.292 Deliver DATA 13, ID 20253
075.292 Slide RECV window, expect 14 next
075.292 Send DATA 4 13, ID 10244
075.558 Recv DATA 14 14, ID 20254
075.558 Deliver DATA 14, ID 20254
075.558 Slide RECV window, expect 15 next
075.558 Send DATA 5 14, ID 10245
075.803 Recv DATA 15 14, ID 20255
075.803 Deliver DATA 15, ID 20255
075.803 Slide RECV window, expect 0 next
075.804 Send DATA 6 15, ID 10246
076.087 Recv DATA 0 14, ID 20256
076.087 Deliver DATA 0, ID 20256
076.087 Slide RECV window, expect 1 next
076.253 ---- ACK timeout
076.253 Send ACK  0
076.355 Recv DATA 1 14, ID 20257
076.355 Deliver DATA 1, ID 20257
076.355 Slide RECV window, expect 2 next
076.391 Recv NAK  15
076.391 ---- Resend DATA 15 on NAK
076.391 Send DATA 15 1, ID 10239
076.616 Recv DATA 2 14, ID 20258
076.616 Deliver DATA 2, ID 20258
076.616 Slide RECV window, expect 3 next
076.769 ---- ACK timeout
076.769 Send ACK  2
076.883 Recv DATA 3 14, ID 20259
076.884 Deliver DATA 3, ID 20259
076.884 Slide RECV window, expect 4 next
077.040 ---- ACK timeout
077.040 Send ACK  3
077.148 Recv DATA 4 14, ID 20260
077.148 Deliver DATA 4, ID 20260
077.148 .... 261 packets received, 6997 bps, 87.46%, Err 6 (1.0e-05)
077.148 Slide RECV window, expect 5 next
077.292 ---- ACK timeout
077.292 Send ACK  4
077.408 Recv DATA 5 14, ID 20261
077.408 Deliver DATA 5, ID 20261
077.408 Slide RECV window, expect 6 next
077.566 ---- ACK timeout
077.566 Send ACK  5
077.686 Recv DATA 6 14, ID 20262
077.686 Deliver DATA 6, ID 20262
077.686 Slide RECV window, expect 7 next
077.857 ---- ACK timeout
077.857 Send ACK  6
077.940 Recv DATA 7 14, ID 20263
077.940 Deliver DATA 7, ID 20263
077.940 Slide RECV window, expect 8 next
077.940 ---- DATA 0 timeout
077.940 Send DATA 0 7, ID 10240
078.203 Recv DATA 8 14, ID 20264
078.203 Deliver DATA 8, ID 20264
078.203 Slide RECV window, expect 9 next
078.355 ---- ACK timeout
078.355 Send ACK  8
078.458 ---- DATA 1 timeout
078.458 Send DATA 1 8, ID 10241
078.463 Recv DATA 9 6, ID 20265
078.463 Deliver DATA 9, ID 20265
078.463 Slide RECV window, expect 10 next
078.463 Acked DATA 15, slide SEND window
078.463 Acked DATA 0, slide SEND window
078.463 Acked DATA 1, slide SEND window
078.463 Acked DATA 2, slide SEND window
078.463 Acked DATA 3, slide SEND window
078.463 Acked DATA 4, slide SEND window
078.463 Acked DATA 5, slide SEND window
078.463 Acked DATA 6, slide SEND window
078.463 Send DATA 7 9, ID 10247
078.463 Send DATA 8 9, ID 10248
078.464 Send DATA 9 9, ID 10249
078.737 Recv DATA 10 6, ID 20266
078.737 Deliver DATA 10, ID 20266
078.737 Slide RECV window, expect 11 next
078.737 Send DATA 10 10, ID 10250
078.972 Recv DATA 11 6, ID 20267
078.972 Deliver DATA 11, ID 20267
078.972 Slide RECV window, expect 12 next
079.131 ---- ACK timeout
079.131 Send ACK  11
079.131 Send DATA 11 11, ID 10251
079.268 Recv DATA 12 6, ID 20268
079.268 Deliver DATA 12, ID 20268
079.268 .... 269 packets received, 7017 bps, 87.71%, Err 6 (1.0e-05)
079.268 Slide RECV window, expect 13 next
079.268 Send DATA 12 12, ID 10252
079.540 Recv DATA 13 6, ID 20269
079.540 Deliver DATA 13, ID 20269
079.540 Slide RECV window, expect 14 next
079.540 Send DATA 13 13, ID 10253
079.772 Recv DATA 14 6, ID 20270
079.772 Deliver DATA 14, ID 20270
079.772 Slide RECV window, expect 15 next
079.925 ---- ACK timeout
079.925 Send ACK  14
079.925 Send DATA 14 14, ID 10254
080.057 Recv DATA 15 6, ID 20271
080.057 Deliver DATA 15, ID 20271
080.057 Slide RECV window, expect 0 next
080.223 ---- ACK timeout
080.223 Send ACK  15
080.321 Recv DATA 0 6, ID 20272
080.321 Deliver DATA 0, ID 20272
080.321 Slide RECV window, expect 1 next
080.341 Recv ACK  7
080.341 Acked DATA 7, slide SEND window
080.341 Send DATA 15 0, ID 10255
080.585 Recv DATA 1 7, ID 20273
080.585 Deliver DATA 1, ID 20273
080.585 Slide RECV window, expect 2 next
080.639 Recv ACK  8
080.639 Acked DATA 8, slide SEND window
080.639 Send DATA 0 1, ID 10256
080.698 Recv ACK  9
080.698 Acked DATA 9, slide SEND window
080.698 Send DATA 1 1, ID 10257
080.849 Recv DATA 2 10, ID 20274
080.849 Deliver DATA 2, ID 20274
080.849 Slide RECV window, expect 3 next
080.849 Acked DATA 10, slide SEND window
081.001 ---- ACK timeout
081.001 Send ACK  2
081.001 Send DATA 2 2, ID 10258
081.117 Recv DATA 3 10, ID 20275
081.117 Deliver DATA 3, ID 20275
081.117 Slide RECV window, expect 4 next
081.171 Recv ACK  11
081.171 Acked DATA 11, slide SEND window
081.171 Send DATA 3 3, ID 10259
081.381 Recv DATA 4 12, ID 20276
081.381 Deliver DATA 4, ID 20276
081.381 .... 277 packets received, 7036 bps, 87.95%, Err 6 (9.7e-06)
081.381 Slide RECV window, expect 5 next
081.381 Acked DATA 12, slide SEND window
081.534 ---- ACK timeout
081.534 Send ACK  4
081.534 Send DATA 4 4, ID 10260
081.687 Recv DATA 5 13, ID 20277
081.687 Deliver DATA 5, ID 20277
081.688 Slide RECV window, expect 6 next
081.688 Acked DATA 13, slide SEND window
081.688 Send DATA 5 5, ID 10261
081.940 Recv DATA 6 13, ID 20278
081.940 Deliver DATA 6, ID 20278
081.940 Slide RECV window, expect 7 next
082.085 ---- ACK timeout
082.085 Send ACK  6
082.205 Recv DATA 7 14, ID 20279
082.205 Deliver DATA 7, ID 20279
082.205 Slide RECV window, expect 8 next
082.205 Acked DATA 14, slide SEND window
082.205 Send DATA 6 7, ID 10262
082.490 Recv DATA 8 15, ID 20280
082.490 Deliver DATA 8, ID 20280
082.490 Slide RECV window, expect 9 next
082.490 Acked DATA 15, slide SEND window
082.490 Send DATA 7 8, ID 10263
082.731 Recv DATA 9 0, ID 20281
082.731 Deliver DATA 9, ID 20281
082.731 Slide RECV window, expect 10 next
082.731 Acked DATA 0, slide SEND window
082.732 Send DATA 8 9, ID 10264
083.018 Recv DATA 10 1, ID 20282
083.018 Deliver DATA 10, ID 20282
083.018 Slide RECV window, expect 11 next
083.018 Acked DATA 1, slide SEND window
083.018 Send DATA 9 10, ID 10265
083.077 Recv ACK  2
083.077 Acked DATA 2, slide SEND window
083.077 Send DATA 10 10, ID 10266
083.165 Impose noise on received data, 7/634408=1.1E-05
083.255 Recv DATA 11 3, ID 20283
083.255 Deliver DATA 11, ID 20283
083.255 Slide RECV window, expect 12 next
083.255 Acked DATA 3, slide SEND window
083.255 Send DATA 11 11, ID 10267
083.535 Recv DATA 12 3, ID 20284
083.535 Deliver DATA 12, ID 20284
083.535 .... 285 packets received, 7051 bps, 88.14%, Err 7 (1.1e-05)
083.535 Slide RECV window, expect 13 next
083.535 Recv ACK  4
083.535 Acked DATA 4, slide SEND window
083.535 Send DATA 12 12, ID 10268
083.773 Recv DATA 13 5, ID 20285
083.773 Deliver DATA 13, ID 20285
083.773 Slide RECV window, expect 14 next
083.773 Acked DATA 5, slide SEND window
083.923 ---- ACK timeout
083.923 Send ACK  13
083.923 Send DATA 13 13, ID 10269
084.054 Recv DATA 14 5, ID 20286
084.054 Deliver DATA 14, ID 20286
084.054 Slide RECV window, expect 15 next
084.203 ---- ACK timeout
084.203 Send ACK  14
084.306 Recv DATA 15 6, ID 20287
084.306 Deliver DATA 15, ID 20287
084.306 Slide RECV window, expect 0 next
084.306 Acked DATA 6, slide SEND window
084.306 Send DATA 14 15, ID 10270
084.581 Recv DATA 0 7, ID 20288
084.581 Deliver DATA 0, ID 20288
084.581 Slide RECV window, expect 1 next
084.581 Acked DATA 7, slide SEND window
084.581 Send DATA 15 0, ID 10271
084.820 Recv DATA 1 8, ID 20289
084.821 Deliver DATA 1, ID 20289
084.821 Slide RECV window, expect 2 next
084.821 Acked DATA 8, slide SEND window
084.821 Send DATA 0 1, ID 10272
085.089 Recv DATA 2 9, ID 20290
085.089 Deliver DATA 2, ID 20290
085.089 Slide RECV window, expect 3 next
085.089 Acked DATA 9, slide SEND window
085.089 Send DATA 1 2, ID 10273
085.126 Recv ACK  10
085.126 Acked DATA 10, slide SEND window
085.126 Send DATA 2 2, ID 10274
085.371 Recv DATA 3 11, ID 20291
085.371 Deliver DATA 3, ID 20291
085.371 Slide RECV window, expect 4 next
085.371 Acked DATA 11, slide SEND window
085.523 ---- ACK timeout
085.523 Send ACK  3
085.523 Send DATA 3 3, ID 10275
085.688 Recv DATA 4 12, ID 20292
085.688 Deliver DATA 4, ID 20292
085.688 .... 293 packets received, 7065 bps, 88.31%, Err 7 (1.1e-05)
085.689 Slide RECV window, expect 5 next
085.689 Acked DATA 12, slide SEND window
085.689 Send DATA 4 4, ID 10276
085.884 Recv DATA 5 12, ID 20293
085.884 Deliver DATA 5, ID 20293
085.884 Slide RECV window, expect 6 next
086.053 ---- ACK timeout
086.053 Send ACK  5
086.171 Recv DATA 6 13, ID 20294
086.171 Deliver DATA 6, ID 20294
086.171 Slide RECV window, expect 7 next
086.171 Acked DATA 13, slide SEND window
086.171 Send DATA 5 6, ID 10277
086.435 Recv DATA 7 14, ID 20295
086.436 Deliver DATA 7, ID 20295
086.436 Slide RECV window, expect 8 next
086.436 Acked DATA 14, slide SEND window
086.436 Send DATA 6 7, ID 10278
086.568 Impose noise on received data, 8/661664=1.2E-05
086.696 Recv DATA 8 15, ID 20296
086.696 Deliver DATA 8, ID 20296
086.696 Slide RECV window, expect 9 next
086.696 Acked DATA 15, slide SEND window
086.696 Send DATA 7 8, ID 10279
086.946 **** Receiver Error, Bad CRC Checksum
086.946 Request NAK for 9
086.946 Send NAK  9
087.208 Recv DATA 10 1, ID 20298
087.208 Acked DATA 0, slide SEND window
087.208 Acked DATA 1, slide SEND window
087.208 Send DATA 8 8, ID 10280
087.208 Send DATA 9 8, ID 10281
087.501 Recv DATA 11 2, ID 20299
087.501 Acked DATA 2, slide SEND window
087.501 Send DATA 10 8, ID 10282
087.518 Recv ACK  3
087.518 Acked DATA 3, slide SEND window
087.519 Send DATA 11 8, ID 10283
087.772 Recv DATA 12 4, ID 20300
087.772 Acked DATA 4, slide SEND window
088.056 Recv DATA 13 4, ID 20301
088.056 Send DATA 12 8, ID 10284
088.308 Recv DATA 14 5, ID 20302
088.308 Acked DATA 5, slide SEND window
088.308 Send DATA 13 8, ID 10285
088.571 Recv DATA 15 6, ID 20303
088.571 Acked DATA 6, slide SEND window
088.571 Send DATA 14 8, ID 10286
088.834 Recv DATA 0 7, ID 20304
088.834 Acked DATA 7, slide SEND window
088.834 Send DATA 15 8, ID 10287
089.065 Recv DATA 9 7, ID 20297
089.065 Deliver DATA 9, ID 20297
089.065 .... 298 packets received, 6911 bps, 86.38%, Err 8 (1.2e-05)
089.065 Deliver DATA 10, ID 20298
089.065 Deliver DATA 11, ID 20299
089.065 Deliver DATA 12, ID 20300
089.065 Deliver DATA 13, ID 20301
089.065 Deliver DATA 14, ID 20302
089.065 Deliver DATA 15, ID 20303
089.065 Deliver DATA 0, ID 20304
089.065 Slide RECV window, expect 1 next
089.097 Recv ACK  8
089.097 Acked DATA 8, slide SEND window
089.097 Send DATA 0 0, ID 10288
089.284 Recv ACK  9
089.284 Acked DATA 9, slide SEND window
089.284 Send DATA 1 0, ID 10289
089.557 Recv ACK  10
089.557 Acked DATA 10, slide SEND window
089.557 Send DATA 2 0, ID 10290
089.824 Recv ACK  11
089.824 Acked DATA 11, slide SEND window
089.824 Send DATA 3 0, ID 10291
090.085 Recv ACK  12
090.085 Acked DATA 12, slide SEND window
090.085 Send DATA 4 0, ID 10292
090.223 Recv ACK  13
090.223 Acked DATA 13, slide SEND window
090.224 Send DATA 5 0, ID 10293
090.276 Recv ACK  14
090.276 Acked DATA 14, slide SEND window
090.461 Recv DATA 10 15, ID 20298
090.462 Ignore out-of-window DATA 10
090.462 Acked DATA 15, slide SEND window
090.462 Send DATA 6 0, ID 10294
090.707 Recv DATA 1 0, ID 20305
090.707 Deliver DATA 1, ID 20305
090.707 Slide RECV window, expect 2 next
090.707 Acked DATA 0, slide SEND window
090.708 Send DATA 7 1, ID 10295
090.990 Recv DATA 2 0, ID 20306
090.990 Deliver DATA 2, ID 20306
090.990 Slide RECV window, expect 3 next
090.991 Send DATA 8 2, ID 10296
091.240 Recv DATA 3 0, ID 20307
091.240 Deliver DATA 3, ID 20307
091.240 .... 308 packets received, 6971 bps, 87.14%, Err 8 (1.2e-05)
091.240 Slide RECV window, expect 4 next
091.392 ---- ACK timeout
091.392 Send ACK  3
091.518 Recv DATA 4 1, ID 20308
091.518 Deliver DATA 4, ID 20308
091.518 Slide RECV window, expect 5 next
091.518 Acked DATA 1, slide SEND window
091.519 Send DATA 9 4, ID 10297
091.779 Recv DATA 5 1, ID 20309
091.779 Deliver DATA 5, ID 20309
091.779 Slide RECV window, expect 6 next
091.823 Recv ACK  2
091.823 Acked DATA 2, slide SEND window
091.823 Send DATA 10 5, ID 10298
092.057 Recv DATA 6 2, ID 20310
092.057 Deliver DATA 6, ID 20310
092.057 Slide RECV window, expect 7 next
092.086 Recv ACK  3
092.087 Acked DATA 3, slide SEND window
092.087 Send DATA 11 6, ID 10299
092.321 Recv DATA 7 3, ID 20311
092.321 Deliver DATA 7, ID 20311
092.321 Slide RECV window, expect 8 next
092.369 Recv ACK  4
092.369 Acked DATA 4, slide SEND window
092.369 Send DATA 12 7, ID 10300
092.599 Recv DATA 8 4, ID 20312
092.599 Deliver DATA 8, ID 20312
092.599 Slide RECV window, expect 9 next
092.629 Recv ACK  5
092.629 Acked DATA 5, slide SEND window
092.630 Send DATA 13 8, ID 10301
092.690 Recv ACK  6
092.690 Acked DATA 6, slide SEND window
092.690 Send DATA 14 8, ID 10302
092.873 Recv DATA 9 7, ID 20313
092.873 Deliver DATA 9, ID 20313
092.873 Slide RECV window, expect 10 next
092.873 Acked DATA 7, slide SEND window
092.874 Send DATA 15 9, ID 10303
093.140 Recv DATA 10 8, ID 20314
093.140 Deliver DATA 10, ID 20314
093.140 Slide RECV window, expect 11 next
093.140 Acked DATA 8, slide SEND window
093.140 Send DATA 0 10, ID 10304
093.381 Recv DATA 11 8, ID 20315
093.381 Deliver DATA 11, ID 20315
093.381 .... 316 packets received, 6987 bps, 87.33%, Err 8 (1.1e-05)
093.382 Slide RECV window, expect 12 next
093.525 ---- ACK timeout
093.525 Send ACK  11
093.657 Recv DATA 12 9, ID 20316
093.657 Deliver DATA 12, ID 20316
093.657 Slide RECV window, expect 13 next
093.657 Acked DATA 9, slide SEND window
093.658 Send DATA 1 12, ID 10305
093.948 Recv DATA 13 10, ID 20317
093.948 Deliver DATA 13, ID 20317
093.948 Slide RECV window, expect 14 next
093.948 Acked DATA 10, slide SEND window
093.948 Send DATA 2 13, ID 10306
094.230 Recv DATA 14 11, ID 20318
094.230 Deliver DATA 14, ID 20318
094.230 Slide RECV window, expect 15 next
094.230 Acked DATA 11, slide SEND window
094.231 Send DATA 3 14, ID 10307
094.466 Recv DATA 15 12, ID 20319
094.466 Deliver DATA 15, ID 20319
094.466 Slide RECV window, expect 0 next
094.466 Acked DATA 12, slide SEND window
094.467 Send DATA 4 15, ID 10308
094.717 Recv DATA 0 13, ID 20320
094.717 Deliver DATA 0, ID 20320
094.717 Slide RECV window, expect 1 next
094.718 Acked DATA 13, slide SEND window
094.718 Send DATA 5 0, ID 10309
094.744 Recv ACK  14
094.744 Acked DATA 14, slide SEND window
094.744 Send DATA 6 0, ID 10310
094.995 Recv DATA 1 15, ID 20321
094.995 Deliver DATA 1, ID 20321
094.995 Slide RECV window, expect 2 next
094.995 Acked DATA 15, slide SEND window
094.996 Send DATA 7 1, ID 10311
095.234 Recv DATA 2 0, ID 20322
095.235 Deliver DATA 2, ID 20322
095.235 Slide RECV window, expect 3 next
095.235 Acked DATA 0, slide SEND window
095.235 Send DATA 8 2, ID 10312
095.507 Recv DATA 3 0, ID 20323
095.507 Deliver DATA 3, ID 20323
095.507 .... 324 packets received, 7003 bps, 87.54%, Err 8 (1.1e-05)
095.507 Slide RECV window, expect 4 next
095.658 ---- ACK timeout
095.658 Send ACK  3
095.815 Recv DATA 4 1, ID 20324
095.815 Deliver DATA 4, ID 20324
095.815 Slide RECV window, expect 5 next
095.815 Acked DATA 1, slide SEND window
095.815 Send DATA 9 4, ID 10313
096.065 Recv DATA 5 2, ID 20325
096.065 Deliver DATA 5, ID 20325
096.065 Slide RECV window, expect 6 next
096.065 Acked DATA 2, slide SEND window
096.065 Send DATA 10 5, ID 10314
096.306 Recv DATA 6 3, ID 20326
096.306 Deliver DATA 6, ID 20326
096.306 Slide RECV window, expect 7 next
096.306 Acked DATA 3, slide SEND window
096.306 Send DATA 11 6, ID 10315
096.589 Recv DATA 7 4, ID 20327
096.589 Deliver DATA 7, ID 20327
096.589 Slide RECV window, expect 8 next
096.589 Acked DATA 4, slide SEND window
096.589 Send DATA 12 7, ID 10316
096.865 Recv DATA 8 5, ID 20328
096.865 Deliver DATA 8, ID 20328
096.865 Slide RECV window, expect 9 next
096.866 Acked DATA 5, slide SEND window
096.866 Recv ACK  6
096.866 Acked DATA 6, slide SEND window
096.866 Send DATA 13 8, ID 10317
096.866 Send DATA 14 8, ID 10318
097.097 Recv DATA 9 7, ID 20329
097.097 Deliver DATA 9, ID 20329
097.097 Slide RECV window, expect 10 next
097.097 Acked DATA 7, slide SEND window
097.097 Send DATA 15 9, ID 10319
097.416 Recv DATA 10 8, ID 20330
097.416 Deliver DATA 10, ID 20330
097.416 Slide RECV window, expect 11 next
097.416 Acked DATA 8, slide SEND window
097.416 Send DATA 0 10, ID 10320
097.620 Recv DATA 11 8, ID 20331
097.620 Deliver DATA 11, ID 20331
097.620 .... 332 packets received, 7019 bps, 87.74%, Err 8 (1.1e-05)
097.622 Slide RECV window, expect 12 next
097.773 ---- ACK timeout
097.773 Send ACK  11
097.903 Recv DATA 12 9, ID 20332
097.903 Deliver DATA 12, ID 20332
097.903 Slide RECV window, expect 13 next
097.903 Acked DATA 9, slide SEND window
097.903 Send DATA 1 12, ID 10321
098.133 Recv DATA 13 10, ID 20333
098.133 Deliver DATA 13, ID 20333
098.133 Slide RECV window, expect 14 next
098.133 Acked DATA 10, slide SEND window
098.133 Send DATA 2 13, ID 10322
098.439 Recv DATA 14 11, ID 20334
098.439 Deliver DATA 14, ID 20334
098.439 Slide RECV window, expect 15 next
098.439 Acked DATA 11, slide SEND window
098.439 Send DATA 3 14, ID 10323
098.674 Recv DATA 15 12, ID 20335
098.674 Deliver DATA 15, ID 20335
098.674 Slide RECV window, expect 0 next
098.674 Acked DATA 12, slide SEND window
098.674 Send DATA 4 15, ID 10324
098.920 Recv DATA 0 13, ID 20336
098.920 Deliver DATA 0, ID 20336
098.920 Slide RECV window, expect 1 next
098.920 Acked DATA 13, slide SEND window
098.920 Send DATA 5 0, ID 10325
098.951 Recv ACK  14
098.951 Acked DATA 14, slide SEND window
098.951 Send DATA 6 0, ID 10326
099.238 Recv DATA 1 15, ID 20337
099.238 Deliver DATA 1, ID 20337
099.238 Slide RECV window, expect 2 next
099.238 Acked DATA 15, slide SEND window
099.239 Send DATA 7 1, ID 10327
099.510 Recv DATA 2 0, ID 20338
099.510 Deliver DATA 2, ID 20338
099.510 Slide RECV window, expect 3 next
099.510 Acked DATA 0, slide SEND window
099.510 Send DATA 8 2, ID 10328
099.774 Recv DATA 3 0, ID 20339
099.774 Deliver DATA 3, ID 20339
099.774 .... 340 packets received, 7032 bps, 87.90%, Err 8 (1.1e-05)
099.775 Slide RECV window, expect 4 next
099.930 ---- ACK timeout
099.930 Send ACK  3
100.019 Recv DATA 4 1, ID 20340
100.020 Deliver DATA 4, ID 20340
100.020 Slide RECV window, expect 5 next
100.020 Acked DATA 1, slide SEND window
100.020 Send DATA 9 4, ID 10329
100.254 Recv DATA 5 2, ID 20341
100.254 Deliver DATA 5, ID 20341
100.254 Slide RECV window, expect 6 next
100.254 Acked DATA 2, slide SEND window
100.255 Send DATA 10 5, ID 10330
100.537 Recv DATA 6 3, ID 20342
100.537 Deliver DATA 6, ID 20342
100.537 Slide RECV window, expect 7 next
100.537 Acked DATA 3, slide SEND window
100.537 Send DATA 11 6, ID 10331
100.566 Recv NAK  4
100.566 ---- Resend DATA 4 on NAK
100.566 Send DATA 4 6, ID 10324
100.817 Recv DATA 7 3, ID 20343
100.817 Deliver DATA 7, ID 20343
100.817 Slide RECV window, expect 8 next
100.973 ---- ACK timeout
100.973 Send ACK  7
101.098 Recv DATA 8 3, ID 20344
101.098 Deliver DATA 8, ID 20344
101.098 Slide RECV window, expect 9 next
101.256 ---- ACK timeout
101.256 Send ACK  8
101.346 Recv DATA 9 3, ID 20345
101.346 Deliver DATA 9, ID 20345
101.346 Slide RECV window, expect 10 next
101.491 ---- ACK timeout
101.491 Send ACK  9
101.618 Recv DATA 10 3, ID 20346
101.618 Deliver DATA 10, ID 20346
101.618 Slide RECV window, expect 11 next
101.792 ---- ACK timeout
101.792 Send ACK  10
101.852 Recv DATA 11 3, ID 20347
101.852 Deliver DATA 11, ID 20347
101.852 .... 348 packets received, 7050 bps, 88.12%, Err 8 (1.0e-05)
101.853 Slide RECV window, expect 12 next
102.002 ---- ACK timeout
102.003 Send ACK  11
102.136 Recv DATA 12 3, ID 20348
102.136 Deliver DATA 12, ID 20348
102.136 Slide RECV window, expect 13 next
102.284 ---- ACK timeout
102.284 Send ACK  12
102.424 Recv DATA 13 3, ID 20349
102.424 Deliver DATA 13, ID 20349
102.424 Slide RECV window, expect 14 next
102.570 ---- ACK timeout
102.570 Send ACK  13
102.604 ---- DATA 5 timeout
102.604 Send DATA 5 13, ID 10325
102.658 Recv DATA 14 3, ID 20350
102.658 Deliver DATA 14, ID 20350
102.658 Slide RECV window, expect 15 next
102.806 ---- ACK timeout
102.806 Send ACK  14
102.971 Recv DATA 15 11, ID 20351
102.971 Deliver DATA 15, ID 20351
102.971 Slide RECV window, expect 0 next
102.971 Acked DATA 4, slide SEND window
102.971 Acked DATA 5, slide SEND window
102.971 Acked DATA 6, slide SEND window
102.971 Acked DATA 7, slide SEND window
102.971 Acked DATA 8, slide SEND window
102.971 Acked DATA 9, slide SEND window
102.971 Acked DATA 10, slide SEND window
102.972 Acked DATA 11, slide SEND window
102.972 Send DATA 12 15, ID 10332
102.974 Send DATA 13 15, ID 10333
102.974 Send DATA 14 15, ID 10334
102.974 Send DATA 15 15, ID 10335
103.202 Recv DATA 0 11, ID 20352
103.202 Deliver DATA 0, ID 20352
103.202 Slide RECV window, expect 1 next
103.362 ---- ACK timeout
103.362 Send ACK  0
103.362 Send DATA 0 0, ID 10336
103.457 Recv DATA 1 11, ID 20353
103.457 Deliver DATA 1, ID 20353
103.457 Slide RECV window, expect 2 next
103.599 ---- ACK timeout
103.599 Send ACK  1
103.599 Send DATA 1 1, ID 10337
103.725 Recv DATA 2 11, ID 20354
103.725 Deliver DATA 2, ID 20354
103.725 Slide RECV window, expect 3 next
103.872 ---- ACK timeout
103.872 Send ACK  2
103.872 Send DATA 2 2, ID 10338
104.006 Recv DATA 3 11, ID 20355
104.006 Deliver DATA 3, ID 20355
104.006 .... 356 packets received, 7061 bps, 88.27%, Err 8 (1.0e-05)
104.006 Slide RECV window, expect 4 next
104.151 ---- ACK timeout
104.151 Send ACK  3
104.151 Send DATA 3 3, ID 10339
104.254 Recv DATA 4 11, ID 20356
104.254 Deliver DATA 4, ID 20356
104.255 Slide RECV window, expect 5 next
104.406 ---- ACK timeout
104.406 Send ACK  4
104.503 Recv DATA 5 11, ID 20357
104.503 Deliver DATA 5, ID 20357
104.503 Slide RECV window, expect 6 next
104.659 ---- ACK timeout
104.659 Send ACK  5
104.767 Recv DATA 6 12, ID 20358
104.767 Deliver DATA 6, ID 20358
104.767 Slide RECV window, expect 7 next
104.767 Acked DATA 12, slide SEND window
104.767 Send DATA 4 6, ID 10340
105.053 Recv DATA 7 13, ID 20359
105.053 Deliver DATA 7, ID 20359
105.053 Slide RECV window, expect 8 next
105.053 Acked DATA 13, slide SEND window
105.053 Send DATA 5 7, ID 10341
105.073 Recv ACK  14
105.073 Acked DATA 14, slide SEND window
105.073 Send DATA 6 7, ID 10342
105.298 Recv DATA 8 15, ID 20360
105.298 Deliver DATA 8, ID 20360
105.298 Slide RECV window, expect 9 next
105.298 Acked DATA 15, slide SEND window
105.299 Send DATA 7 8, ID 10343
105.572 Recv DATA 9 0, ID 20361
105.572 Deliver DATA 9, ID 20361
105.572 Slide RECV window, expect 10 next
105.572 Acked DATA 0, slide SEND window
105.572 Send DATA 8 9, ID 10344
105.818 Recv DATA 10 1, ID 20362
105.818 Deliver DATA 10, ID 20362
105.818 Slide RECV window, expect 11 next
105.818 Acked DATA 1, slide SEND window
105.818 Send DATA 9 10, ID 10345
106.100 Recv DATA 11 2, ID 20363
106.100 Deliver DATA 11, ID 20363
106.100 .... 364 packets received, 7076 bps, 88.45%, Err 8 (9.9e-06)
106.100 Slide RECV window, expect 12 next
106.100 Acked DATA 2, slide SEND window
106.100 Send DATA 10 11, ID 10346
106.369 Recv DATA 12 3, ID 20364
106.369 Deliver DATA 12, ID 20364
106.369 Slide RECV window, expect 13 next
106.369 Acked DATA 3, slide SEND window
106.369 Send DATA 11 12, ID 10347
106.619 Recv DATA 13 3, ID 20365
106.619 Deliver DATA 13, ID 20365
106.619 Slide RECV window, expect 14 next
106.789 ---- ACK timeout
106.789 Send ACK  13
106.902 Recv DATA 14 4, ID 20366
106.902 Deliver DATA 14, ID 20366
106.902 Slide RECV window, expect 15 next
106.902 Acked DATA 4, slide SEND window
106.902 Send DATA 12 14, ID 10348
107.142 Recv DATA 15 5, ID 20367
107.142 Deliver DATA 15, ID 20367
107.142 Slide RECV window, expect 0 next
107.142 Acked DATA 5, slide SEND window
107.142 Send DATA 13 15, ID 10349
107.190 Recv ACK  6
107.190 Acked DATA 6, slide SEND window
107.191 Send DATA 14 15, ID 10350
107.431 Recv DATA 0 7, ID 20368
107.431 Deliver DATA 0, ID 20368
107.431 Slide RECV window, expect 1 next
107.431 Acked DATA 7, slide SEND window
107.431 Send DATA 15 0, ID 10351
107.683 Recv DATA 1 8, ID 20369
107.683 Deliver DATA 1, ID 20369
107.683 Slide RECV window, expect 2 next
107.683 Acked DATA 8, slide SEND window
107.684 Send DATA 0 1, ID 10352
107.979 Recv DATA 2 9, ID 20370
107.979 Deliver DATA 2, ID 20370
107.979 Slide RECV window, expect 3 next
107.979 Acked DATA 9, slide SEND window
107.979 Send DATA 1 2, ID 10353
108.236 Recv DATA 3 10, ID 20371
108.236 Deliver DATA 3, ID 20371
108.236 .... 372 packets received, 7088 bps, 88.60%, Err 8 (9.7e-06)
108.236 Slide RECV window, expect 4 next
108.236 Acked DATA 10, slide SEND window
108.236 Send DATA 2 3, ID 10354
108.507 Recv DATA 4 11, ID 20372
108.507 Deliver DATA 4, ID 20372
108.507 Slide RECV window, expect 5 next
108.507 Acked DATA 11, slide SEND window
108.507 Send DATA 3 4, ID 10355
108.771 Recv DATA 5 11, ID 20373
108.771 Deliver DATA 5, ID 20373
108.771 Slide RECV window, expect 6 next
108.937 ---- ACK timeout
108.937 Send ACK  5
109.003 Recv DATA 6 12, ID 20374
109.003 Deliver DATA 6, ID 20374
109.003 Slide RECV window, expect 7 next
109.003 Acked DATA 12, slide SEND window
109.004 Send DATA 4 6, ID 10356
109.275 Recv DATA 7 13, ID 20375
109.275 Deliver DATA 7, ID 20375
109.275 Slide RECV window, expect 8 next
109.275 Acked DATA 13, slide SEND window
109.275 Send DATA 5 7, ID 10357
109.322 Recv ACK  14
109.322 Acked DATA 14, slide SEND window
109.323 Send DATA 6 7, ID 10358
109.579 Recv DATA 8 15, ID 20376
109.579 Deliver DATA 8, ID 20376
109.579 Slide RECV window, expect 9 next
109.579 Acked DATA 15, slide SEND window
109.579 Send DATA 7 8, ID 10359
109.786 Recv DATA 9 0, ID 20377
109.786 Deliver DATA 9, ID 20377
109.786 Slide RECV window, expect 10 next
109.786 Acked DATA 0, slide SEND window
109.786 Send DATA 8 9, ID 10360
110.052 Recv DATA 10 1, ID 20378
110.052 Deliver DATA 10, ID 20378
110.052 Slide RECV window, expect 11 next
110.052 Acked DATA 1, slide SEND window
110.052 Send DATA 9 10, ID 10361
110.322 Recv DATA 11 2, ID 20379
110.322 Deliver DATA 11, ID 20379
110.322 .... 380 packets received, 7103 bps, 88.78%, Err 8 (9.5e-06)
110.322 Slide RECV window, expect 12 next
110.322 Acked DATA 2, slide SEND window
110.322 Send DATA 10 11, ID 10362
110.602 Recv DATA 12 3, ID 20380
110.602 Deliver DATA 12, ID 20380
110.602 Slide RECV window, expect 13 next
110.602 Acked DATA 3, slide SEND window
110.602 Send DATA 11 12, ID 10363
110.848 Recv DATA 13 3, ID 20381
110.848 Deliver DATA 13, ID 20381
110.848 Slide RECV window, expect 14 next
111.005 ---- ACK timeout
111.005 Send ACK  13
111.119 Recv DATA 14 4, ID 20382
111.119 Deliver DATA 14, ID 20382
111.119 Slide RECV window, expect 15 next
111.119 Acked DATA 4, slide SEND window
111.119 Send DATA 12 14, ID 10364
111.389 Recv DATA 15 5, ID 20383
111.389 Deliver DATA 15, ID 20383
111.389 Slide RECV window, expect 0 next
111.389 Acked DATA 5, slide SEND window
111.390 Send DATA 13 15, ID 10365
111.439 Recv ACK  6
111.439 Acked DATA 6, slide SEND window
111.439 Send DATA 14 15, ID 10366
111.648 Recv DATA 0 7, ID 20384
111.648 Deliver DATA 0, ID 20384
111.648 Slide RECV window, expect 1 next
111.648 Acked DATA 7, slide SEND window
111.649 Send DATA 15 0, ID 10367
111.929 Recv DATA 1 8, ID 20385
111.929 Deliver DATA 1, ID 20385
111.929 Slide RECV window, expect 2 next
111.929 Acked DATA 8, slide SEND window
111.930 Send DATA 0 1, ID 10368
112.028 Recv NAK  9
112.028 ---- Resend DATA 9 on NAK
112.028 Send DATA 9 1, ID 10361
112.294 Recv DATA 2 8, ID 20386
112.294 Deliver DATA 2, ID 20386
112.294 Slide RECV window, expect 3 next
112.457 ---- ACK timeout
112.457 Send ACK  2
112.603 Recv DATA 3 8, ID 20387
112.603 Deliver DATA 3, ID 20387
112.603 .... 388 packets received, 7104 bps, 88.80%, Err 8 (9.3e-06)
112.604 Slide RECV window, expect 4 next
112.754 ---- ACK timeout
112.754 Send ACK  3
112.832 Recv DATA 4 8, ID 20388
112.832 Deliver DATA 4, ID 20388
112.832 Slide RECV window, expect 5 next
113.000 ---- ACK timeout
113.000 Send ACK  4
113.071 Recv DATA 5 8, ID 20389
113.072 Deliver DATA 5, ID 20389
113.072 Slide RECV window, expect 6 next
113.217 ---- ACK timeout
113.217 Send ACK  5
113.323 Recv DATA 6 8, ID 20390
113.323 Deliver DATA 6, ID 20390
113.323 Slide RECV window, expect 7 next
113.465 ---- ACK timeout
113.465 Send ACK  6
113.637 Recv DATA 7 8, ID 20391
113.637 Deliver DATA 7, ID 20391
113.637 Slide RECV window, expect 8 next
113.783 ---- ACK timeout
113.783 Send ACK  7
113.889 Recv DATA 8 8, ID 20392
113.889 Deliver DATA 8, ID 20392
113.889 Slide RECV window, expect 9 next
114.035 ---- ACK timeout
114.035 Send ACK  8
114.138 Recv DATA 9 8, ID 20393
114.138 Deliver DATA 9, ID 20393
114.138 Slide RECV window, expect 10 next
114.193 Recv ACK  9
114.193 Acked DATA 9, slide SEND window
114.195 Send DATA 1 9, ID 10369
114.280 ---- DATA 10 timeout
114.280 Send DATA 10 9, ID 10362
114.421 Recv DATA 10 9, ID 20394
114.421 Deliver DATA 10, ID 20394
114.421 Slide RECV window, expect 11 next
114.535 ---- DATA 11 timeout
114.535 Send DATA 11 10, ID 10363
114.535 ---- DATA 12 timeout
114.535 Send DATA 12 10, ID 10364
114.687 Recv DATA 11 9, ID 20395
114.687 Deliver DATA 11, ID 20395
114.687 .... 396 packets received, 7118 bps, 88.98%, Err 8 (9.1e-06)
114.687 Slide RECV window, expect 12 next
114.792 ---- DATA 13 timeout
114.792 Send DATA 13 11, ID 10365
114.922 Recv DATA 12 9, ID 20396
114.922 Deliver DATA 12, ID 20396
114.922 Slide RECV window, expect 13 next
115.082 ---- ACK timeout
115.082 Send ACK  12
115.236 Recv DATA 13 9, ID 20397
115.236 Deliver DATA 13, ID 20397
115.236 Slide RECV window, expect 14 next
115.289 ---- DATA 14 timeout
115.289 Send DATA 14 13, ID 10366
115.457 Recv DATA 14 9, ID 20398
115.457 Deliver DATA 14, ID 20398
115.457 Slide RECV window, expect 15 next
115.608 ---- DATA 15 timeout
115.608 Send DATA 15 14, ID 10367
115.747 Recv DATA 15 9, ID 20399
115.747 Deliver DATA 15, ID 20399
115.747 Slide RECV window, expect 0 next
115.786 Recv NAK  10
115.787 ---- Resend DATA 10 on NAK
115.787 Send DATA 10 15, ID 10362
115.836 ---- DATA 0 timeout
115.836 Send DATA 0 15, ID 10368
116.036 Recv DATA 0 9, ID 20400
116.036 Deliver DATA 0, ID 20400
116.036 Slide RECV window, expect 1 next
116.190 ---- ACK timeout
116.190 Send ACK  0
116.273 Recv DATA 1 14, ID 20401
116.273 Deliver DATA 1, ID 20401
116.273 Slide RECV window, expect 2 next
116.273 Acked DATA 10, slide SEND window
116.273 Acked DATA 11, slide SEND window
116.273 Acked DATA 12, slide SEND window
116.273 Acked DATA 13, slide SEND window
116.273 Acked DATA 14, slide SEND window
116.273 Send DATA 2 1, ID 10370
116.274 Send DATA 3 1, ID 10371
116.551 Recv DATA 2 14, ID 20402
116.551 Deliver DATA 2, ID 20402
116.551 Slide RECV window, expect 3 next
116.551 Send DATA 4 2, ID 10372
116.586 Recv ACK  14
116.815 Recv DATA 3 14, ID 20403
116.815 Deliver DATA 3, ID 20403
116.816 .... 404 packets received, 7129 bps, 89.11%, Err 8 (8.9e-06)
116.816 Slide RECV window, expect 4 next
116.816 Send DATA 5 3, ID 10373
116.816 Send DATA 6 3, ID 10374
116.868 ---- DATA 1 timeout
116.868 Send DATA 1 3, ID 10369
117.095 Recv DATA 4 14, ID 20404
117.095 Deliver DATA 4, ID 20404
117.095 Slide RECV window, expect 5 next
117.249 ---- ACK timeout
117.322 Recv DATA 5 14, ID 20405
117.323 Deliver DATA 5, ID 20405
117.323 Slide RECV window, expect 6 next
117.637 Recv DATA 6 1, ID 20406
117.637 Deliver DATA 6, ID 20406
117.637 Slide RECV window, expect 7 next
117.637 Acked DATA 15, slide SEND window
117.637 Acked DATA 0, slide SEND window
117.637 Acked DATA 1, slide SEND window
117.637 Send ACK  6
117.637 Send DATA 7 6, ID 10375
117.637 Send DATA 8 6, ID 10376
117.846 Recv DATA 7 1, ID 20407
117.846 Deliver DATA 7, ID 20407
117.846 Slide RECV window, expect 8 next
117.993 ---- ACK timeout
117.993 Send ACK  7
117.993 Send DATA 9 7, ID 10377
118.136 Recv DATA 8 1, ID 20408
118.137 Deliver DATA 8, ID 20408
118.137 Slide RECV window, expect 9 next
118.304 ---- ACK timeout
118.304 Send ACK  8
118.408 Recv DATA 9 2, ID 20409
118.408 Deliver DATA 9, ID 20409
118.408 Slide RECV window, expect 10 next
118.408 Acked DATA 2, slide SEND window
118.408 Send DATA 10 9, ID 10378
118.468 Recv ACK  3
118.468 Acked DATA 3, slide SEND window
118.468 Send DATA 11 9, ID 10379
118.630 Recv DATA 10 4, ID 20410
118.630 Deliver DATA 10, ID 20410
118.630 Slide RECV window, expect 11 next
118.630 Acked DATA 4, slide SEND window
118.793 ---- ACK timeout
118.793 Send ACK  10
118.793 Send DATA 12 10, ID 10380
118.916 Recv DATA 11 5, ID 20411
118.916 Deliver DATA 11, ID 20411
118.916 .... 412 packets received, 7141 bps, 89.26%, Err 8 (8.8e-06)
118.916 Slide RECV window, expect 12 next
118.916 Acked DATA 5, slide SEND window
118.947 Recv ACK  6
118.947 Acked DATA 6, slide SEND window
119.060 ---- ACK timeout
119.060 Send ACK  11
119.060 Send DATA 13 11, ID 10381
119.220 Recv DATA 12 6, ID 20412
119.221 Deliver DATA 12, ID 20412
119.221 Slide RECV window, expect 13 next
119.372 ---- ACK timeout
119.372 Send ACK  12
119.372 Send DATA 14 12, ID 10382
119.493 Recv DATA 13 6, ID 20413
119.493 Deliver DATA 13, ID 20413
119.493 Slide RECV window, expect 14 next
119.657 ---- ACK timeout
119.657 Send ACK  13
119.711 Recv DATA 14 6, ID 20414
119.711 Deliver DATA 14, ID 20414
119.711 Slide RECV window, expect 15 next
119.754 Recv ACK  7
119.754 Acked DATA 7, slide SEND window
119.754 Send DATA 15 14, ID 10383
119.972 Recv DATA 15 8, ID 20415
119.972 Deliver DATA 15, ID 20415
119.972 Slide RECV window, expect 0 next
119.972 Acked DATA 8, slide SEND window
119.972 Send DATA 0 15, ID 10384
120.058 Quit.
