000.000 =============================================================
000.000                     Station B                               
000.000 -------------------------------------------------------------
000.000 Protocol.lib, version 4.0, jiangyanjun0718@bupt.edu.cn
000.000 Channel: 8000 bps, 270 ms propagation delay, bit error rate 1.0E-05
000.000 Log file "C:\code\CN-Lab1-Windows-VS2017\docs\测试记录\4.3-ACK搭载定时器\ack-opt-dt2200-bg3-20260516-211648\01-粗筛-2min\coarse-default-flood-ack160-20260516-211712-B.log", TCP port 61004, debug mask 0x07
000.000 Station B is connecting station A (TCP port 61004) ... Done.
000.821 New epoch: Sat May 16 21:17:12 2026
000.821 =================================================================
000.821 
000.821 Designed by Jiang Yanjun, build: May 16 2026  21:17:03
000.821 Send DATA 0 15, ID 20000
000.821 Send DATA 1 15, ID 20001
000.821 Send DATA 2 15, ID 20002
001.358 Recv DATA 0 15, ID 10000
001.358 Deliver DATA 0, ID 10000
001.358 Slide RECV window, expect 1 next
001.358 Send DATA 3 0, ID 20003
001.358 Send DATA 4 0, ID 20004
001.358 Send DATA 5 0, ID 20005
001.673 Recv DATA 1 15, ID 10001
001.673 Deliver DATA 1, ID 10001
001.673 Slide RECV window, expect 2 next
001.674 Send DATA 6 1, ID 20006
001.908 Recv DATA 2 15, ID 10002
001.908 Deliver DATA 2, ID 10002
001.908 Slide RECV window, expect 3 next
001.908 Send DATA 7 2, ID 20007
002.191 Recv DATA 3 0, ID 10003
002.191 Deliver DATA 3, ID 10003
002.192 Slide RECV window, expect 4 next
002.192 Acked DATA 0, slide SEND window
002.192 Send DATA 8 3, ID 20008
002.443 Recv DATA 4 0, ID 10004
002.443 Deliver DATA 4, ID 10004
002.443 Slide RECV window, expect 5 next
002.608 ---- ACK timeout
002.608 Send ACK  4
002.692 Recv DATA 5 0, ID 10005
002.692 Deliver DATA 5, ID 10005
002.692 Slide RECV window, expect 6 next
002.742 Recv ACK  1
002.742 Acked DATA 1, slide SEND window
002.742 Send DATA 9 5, ID 20009
002.983 Recv DATA 6 1, ID 10006
002.983 Deliver DATA 6, ID 10006
002.983 Slide RECV window, expect 7 next
003.159 ---- ACK timeout
003.159 Send ACK  6
003.250 Recv DATA 7 2, ID 10007
003.250 Deliver DATA 7, ID 10007
003.250 .... 8 packets received, 7575 bps, 94.68%, Err 0 (0.0e+00)
003.251 Slide RECV window, expect 8 next
003.251 Acked DATA 2, slide SEND window
003.251 Send DATA 10 7, ID 20010
003.309 Recv NAK  3
003.309 ---- Resend DATA 3 on NAK
003.309 Send DATA 3 7, ID 20003
003.525 Recv DATA 8 2, ID 10008
003.525 Deliver DATA 8, ID 10008
003.525 Slide RECV window, expect 9 next
003.707 ---- ACK timeout
003.707 Send ACK  8
003.796 Recv DATA 9 2, ID 10009
003.796 Deliver DATA 9, ID 10009
003.796 Slide RECV window, expect 10 next
003.975 ---- ACK timeout
003.976 Send ACK  9
004.007 Recv DATA 10 2, ID 10010
004.007 Deliver DATA 10, ID 10010
004.007 Slide RECV window, expect 11 next
004.177 ---- ACK timeout
004.177 Send ACK  10
004.290 Recv DATA 11 2, ID 10011
004.290 Deliver DATA 11, ID 10011
004.290 Slide RECV window, expect 12 next
004.455 ---- ACK timeout
004.455 Send ACK  11
004.571 Recv DATA 12 2, ID 10012
004.571 Deliver DATA 12, ID 10012
004.571 Slide RECV window, expect 13 next
004.741 ---- ACK timeout
004.741 Send ACK  12
004.816 Recv DATA 13 2, ID 10013
004.817 Deliver DATA 13, ID 10013
004.817 Slide RECV window, expect 14 next
004.992 ---- ACK timeout
004.992 Send ACK  13
005.104 Recv DATA 14 2, ID 10014
005.104 Deliver DATA 14, ID 10014
005.104 Slide RECV window, expect 15 next
005.145 ---- DATA 4 timeout
005.145 Send DATA 4 14, ID 20004
005.374 Recv DATA 15 2, ID 10015
005.374 Deliver DATA 15, ID 10015
005.374 .... 16 packets received, 7644 bps, 95.54%, Err 0 (0.0e+00)
005.374 Slide RECV window, expect 0 next
005.541 ---- ACK timeout
005.541 Send ACK  15
005.625 Recv DATA 0 10, ID 10016
005.625 Deliver DATA 0, ID 10016
005.625 Slide RECV window, expect 1 next
005.625 Acked DATA 3, slide SEND window
005.625 Acked DATA 4, slide SEND window
005.625 Acked DATA 5, slide SEND window
005.625 Acked DATA 6, slide SEND window
005.625 Acked DATA 7, slide SEND window
005.625 Acked DATA 8, slide SEND window
005.625 Acked DATA 9, slide SEND window
005.626 Acked DATA 10, slide SEND window
005.626 Send DATA 11 0, ID 20011
005.630 Send DATA 12 0, ID 20012
005.630 Send DATA 13 0, ID 20013
005.630 Send DATA 14 0, ID 20014
005.876 Recv DATA 1 10, ID 10017
005.876 Deliver DATA 1, ID 10017
005.876 Slide RECV window, expect 2 next
006.042 ---- ACK timeout
006.042 Send ACK  1
006.043 Send DATA 15 1, ID 20015
006.119 Impose noise on received data, 1/42368=2.4E-05
006.151 Recv DATA 2 10, ID 10018
006.151 Deliver DATA 2, ID 10018
006.151 Slide RECV window, expect 3 next
006.324 ---- ACK timeout
006.324 Send ACK  2
006.324 Send DATA 0 2, ID 20016
006.386 **** Receiver Error, Bad CRC Checksum
006.387 Request NAK for 3
006.658 Recv DATA 4 10, ID 10020
006.658 Send NAK  3
006.658 Send DATA 1 2, ID 20017
006.959 Recv DATA 5 10, ID 10021
006.959 Send DATA 2 2, ID 20018
007.191 Recv DATA 6 11, ID 10022
007.191 Acked DATA 11, slide SEND window
007.192 Send DATA 3 2, ID 20019
007.459 Recv DATA 7 11, ID 10023
007.731 Recv DATA 8 12, ID 10024
007.731 Acked DATA 12, slide SEND window
007.731 Send DATA 4 2, ID 20020
007.778 Recv ACK  13
007.778 Acked DATA 13, slide SEND window
007.778 Send DATA 5 2, ID 20021
007.993 Recv DATA 9 14, ID 10025
007.993 Acked DATA 14, slide SEND window
007.993 Send DATA 6 2, ID 20022
008.246 Recv DATA 10 15, ID 10026
008.246 Acked DATA 15, slide SEND window
008.246 Send DATA 7 2, ID 20023
008.532 Recv DATA 3 0, ID 10019
008.532 Deliver DATA 3, ID 10019
008.532 .... 20 packets received, 5502 bps, 68.77%, Err 1 (1.7e-05)
008.532 Deliver DATA 4, ID 10020
008.532 Deliver DATA 5, ID 10021
008.532 Deliver DATA 6, ID 10022
008.532 Deliver DATA 7, ID 10023
008.532 Deliver DATA 8, ID 10024
008.532 Deliver DATA 9, ID 10025
008.532 Deliver DATA 10, ID 10026
008.532 Slide RECV window, expect 11 next
008.532 Acked DATA 0, slide SEND window
008.532 Send DATA 8 10, ID 20024
008.558 Recv ACK  1
008.558 Acked DATA 1, slide SEND window
008.559 Send DATA 9 10, ID 20025
008.763 Recv ACK  2
008.763 Acked DATA 2, slide SEND window
009.058 Recv ACK  3
009.058 Acked DATA 3, slide SEND window
009.058 Send DATA 10 10, ID 20026
009.285 Recv ACK  4
009.286 Acked DATA 4, slide SEND window
009.286 Send DATA 11 10, ID 20027
009.526 Recv ACK  5
009.526 Acked DATA 5, slide SEND window
009.526 Send DATA 12 10, ID 20028
009.608 Recv ACK  6
009.608 Acked DATA 6, slide SEND window
009.850 Recv DATA 4 6, ID 10020
009.851 Ignore out-of-window DATA 4
009.851 Send DATA 13 10, ID 20029
009.903 Recv ACK  7
009.903 Acked DATA 7, slide SEND window
009.903 Send DATA 14 10, ID 20030
010.170 Recv DATA 11 8, ID 10027
010.170 Deliver DATA 11, ID 10027
010.170 Slide RECV window, expect 12 next
010.170 Acked DATA 8, slide SEND window
010.171 Send DATA 15 11, ID 20031
010.460 Recv DATA 12 8, ID 10028
010.460 Deliver DATA 12, ID 10028
010.460 Slide RECV window, expect 13 next
010.460 Send DATA 0 12, ID 20032
010.723 Recv DATA 13 8, ID 10029
010.723 Deliver DATA 13, ID 10029
010.723 .... 30 packets received, 6376 bps, 79.70%, Err 1 (1.4e-05)
010.723 Slide RECV window, expect 14 next
010.899 ---- ACK timeout
010.899 Send ACK  13
010.983 Recv DATA 14 8, ID 10030
010.983 Deliver DATA 14, ID 10030
010.983 Slide RECV window, expect 15 next
011.073 Recv ACK  9
011.073 Acked DATA 9, slide SEND window
011.073 Send DATA 1 14, ID 20033
011.246 Recv DATA 15 9, ID 10031
011.246 Deliver DATA 15, ID 10031
011.246 Slide RECV window, expect 0 next
011.303 Recv ACK  10
011.303 Acked DATA 10, slide SEND window
011.304 Send DATA 2 15, ID 20034
011.536 Recv DATA 0 10, ID 10032
011.536 Deliver DATA 0, ID 10032
011.536 Slide RECV window, expect 1 next
011.536 Recv ACK  11
011.536 Acked DATA 11, slide SEND window
011.536 Send DATA 3 0, ID 20035
011.775 Recv DATA 1 11, ID 10033
011.775 Deliver DATA 1, ID 10033
011.775 Slide RECV window, expect 2 next
011.802 Recv ACK  12
011.802 Acked DATA 12, slide SEND window
011.802 Send DATA 4 1, ID 20036
012.041 Recv DATA 2 12, ID 10034
012.041 Deliver DATA 2, ID 10034
012.041 Slide RECV window, expect 3 next
012.065 Recv ACK  13
012.066 Acked DATA 13, slide SEND window
012.066 Send DATA 5 2, ID 20037
012.121 Recv ACK  14
012.121 Acked DATA 14, slide SEND window
012.121 Send DATA 6 2, ID 20038
012.308 Recv DATA 3 15, ID 10035
012.308 Deliver DATA 3, ID 10035
012.308 Slide RECV window, expect 4 next
012.308 Acked DATA 15, slide SEND window
012.308 Send DATA 7 3, ID 20039
012.575 Recv DATA 4 0, ID 10036
012.575 Deliver DATA 4, ID 10036
012.575 Slide RECV window, expect 5 next
012.575 Acked DATA 0, slide SEND window
012.575 Send DATA 8 4, ID 20040
012.840 Recv DATA 5 0, ID 10037
012.840 Deliver DATA 5, ID 10037
012.840 .... 38 packets received, 6622 bps, 82.77%, Err 1 (1.1e-05)
012.840 Slide RECV window, expect 6 next
013.023 ---- ACK timeout
013.023 Send ACK  5
013.107 Recv DATA 6 1, ID 10038
013.108 Deliver DATA 6, ID 10038
013.108 Slide RECV window, expect 7 next
013.108 Acked DATA 1, slide SEND window
013.108 Send DATA 9 6, ID 20041
013.384 Recv DATA 7 2, ID 10039
013.384 Deliver DATA 7, ID 10039
013.384 Slide RECV window, expect 8 next
013.384 Acked DATA 2, slide SEND window
013.384 Send DATA 10 7, ID 20042
013.617 Recv DATA 8 3, ID 10040
013.617 Deliver DATA 8, ID 10040
013.617 Slide RECV window, expect 9 next
013.617 Acked DATA 3, slide SEND window
013.618 Send DATA 11 8, ID 20043
013.942 Recv DATA 9 4, ID 10041
013.942 Deliver DATA 9, ID 10041
013.942 Slide RECV window, expect 10 next
013.942 Acked DATA 4, slide SEND window
013.942 Send DATA 12 9, ID 20044
014.193 Recv DATA 10 5, ID 10042
014.193 Deliver DATA 10, ID 10042
014.193 Slide RECV window, expect 11 next
014.193 Acked DATA 5, slide SEND window
014.193 Send DATA 13 10, ID 20045
014.226 Recv ACK  6
014.226 Acked DATA 6, slide SEND window
014.226 Send DATA 14 10, ID 20046
014.432 Recv DATA 11 7, ID 10043
014.433 Deliver DATA 11, ID 10043
014.433 Slide RECV window, expect 12 next
014.433 Acked DATA 7, slide SEND window
014.433 Send DATA 15 11, ID 20047
014.689 Recv DATA 12 8, ID 10044
014.689 Deliver DATA 12, ID 10044
014.689 Slide RECV window, expect 13 next
014.689 Acked DATA 8, slide SEND window
014.689 Send DATA 0 12, ID 20048
014.992 Recv DATA 13 8, ID 10045
014.992 Deliver DATA 13, ID 10045
014.992 .... 46 packets received, 6775 bps, 84.69%, Err 1 (9.6e-06)
014.992 Slide RECV window, expect 14 next
015.172 ---- ACK timeout
015.172 Send ACK  13
015.226 Recv DATA 14 9, ID 10046
015.226 Deliver DATA 14, ID 10046
015.226 Slide RECV window, expect 15 next
015.226 Acked DATA 9, slide SEND window
015.226 Send DATA 1 14, ID 20049
015.504 Recv DATA 15 10, ID 10047
015.504 Deliver DATA 15, ID 10047
015.504 Slide RECV window, expect 0 next
015.504 Acked DATA 10, slide SEND window
015.505 Send DATA 2 15, ID 20050
015.794 Recv DATA 0 11, ID 10048
015.794 Deliver DATA 0, ID 10048
015.794 Slide RECV window, expect 1 next
015.794 Acked DATA 11, slide SEND window
015.794 Send DATA 3 0, ID 20051
016.053 Recv DATA 1 12, ID 10049
016.053 Deliver DATA 1, ID 10049
016.053 Slide RECV window, expect 2 next
016.053 Acked DATA 12, slide SEND window
016.054 Send DATA 4 1, ID 20052
016.340 Recv DATA 2 13, ID 10050
016.340 Deliver DATA 2, ID 10050
016.340 Slide RECV window, expect 3 next
016.340 Acked DATA 13, slide SEND window
016.340 Recv ACK  14
016.340 Acked DATA 14, slide SEND window
016.341 Send DATA 5 2, ID 20053
016.341 Send DATA 6 2, ID 20054
016.547 Recv DATA 3 15, ID 10051
016.547 Deliver DATA 3, ID 10051
016.547 Slide RECV window, expect 4 next
016.547 Acked DATA 15, slide SEND window
016.547 Send DATA 7 3, ID 20055
016.817 Recv DATA 4 0, ID 10052
016.817 Deliver DATA 4, ID 10052
016.817 Slide RECV window, expect 5 next
016.817 Acked DATA 0, slide SEND window
016.817 Send DATA 8 4, ID 20056
017.080 Recv DATA 5 0, ID 10053
017.080 Deliver DATA 5, ID 10053
017.080 .... 54 packets received, 6915 bps, 86.44%, Err 1 (8.2e-06)
017.080 Slide RECV window, expect 6 next
017.251 ---- ACK timeout
017.251 Send ACK  5
017.327 Recv DATA 6 1, ID 10054
017.327 Deliver DATA 6, ID 10054
017.328 Slide RECV window, expect 7 next
017.328 Acked DATA 1, slide SEND window
017.328 Send DATA 9 6, ID 20057
017.608 Recv DATA 7 2, ID 10055
017.608 Deliver DATA 7, ID 10055
017.611 Slide RECV window, expect 8 next
017.611 Acked DATA 2, slide SEND window
017.611 Send DATA 10 7, ID 20058
017.885 Recv DATA 8 3, ID 10056
017.885 Deliver DATA 8, ID 10056
017.885 Slide RECV window, expect 9 next
017.885 Acked DATA 3, slide SEND window
017.885 Send DATA 11 8, ID 20059
018.217 Recv DATA 9 4, ID 10057
018.217 Deliver DATA 9, ID 10057
018.217 Slide RECV window, expect 10 next
018.217 Acked DATA 4, slide SEND window
018.217 Send DATA 12 9, ID 20060
018.417 Recv DATA 10 5, ID 10058
018.417 Deliver DATA 10, ID 10058
018.417 Slide RECV window, expect 11 next
018.418 Acked DATA 5, slide SEND window
018.418 Send DATA 13 10, ID 20061
018.446 Recv ACK  6
018.446 Acked DATA 6, slide SEND window
018.447 Send DATA 14 10, ID 20062
018.717 Recv DATA 11 7, ID 10059
018.718 Deliver DATA 11, ID 10059
018.718 Slide RECV window, expect 12 next
018.718 Acked DATA 7, slide SEND window
018.718 Send DATA 15 11, ID 20063
018.816 ** WARNING: System too busy, sleep 15 ms, but be awakened 76 ms later
019.018 Recv DATA 12 8, ID 10060
019.018 Deliver DATA 12, ID 10060
019.018 Slide RECV window, expect 13 next
019.018 Acked DATA 8, slide SEND window
019.018 Send DATA 0 12, ID 20064
019.220 Recv DATA 13 8, ID 10061
019.220 Deliver DATA 13, ID 10061
019.220 .... 62 packets received, 7002 bps, 87.53%, Err 1 (7.2e-06)
019.221 Slide RECV window, expect 14 next
019.397 ---- ACK timeout
019.397 Send ACK  13
019.508 Recv DATA 14 9, ID 10062
019.508 Deliver DATA 14, ID 10062
019.508 Slide RECV window, expect 15 next
019.508 Acked DATA 9, slide SEND window
019.508 Send DATA 1 14, ID 20065
019.721 Recv DATA 15 10, ID 10063
019.722 Deliver DATA 15, ID 10063
019.722 Slide RECV window, expect 0 next
019.722 Acked DATA 10, slide SEND window
019.723 Send DATA 2 15, ID 20066
020.026 Recv DATA 0 11, ID 10064
020.026 Deliver DATA 0, ID 10064
020.026 Slide RECV window, expect 1 next
020.026 Acked DATA 11, slide SEND window
020.026 Send DATA 3 0, ID 20067
020.269 Recv DATA 1 12, ID 10065
020.269 Deliver DATA 1, ID 10065
020.269 Slide RECV window, expect 2 next
020.269 Acked DATA 12, slide SEND window
020.269 Send DATA 4 1, ID 20068
020.548 Recv DATA 2 13, ID 10066
020.548 Deliver DATA 2, ID 10066
020.548 Slide RECV window, expect 3 next
020.548 Acked DATA 13, slide SEND window
020.548 Recv ACK  14
020.548 Acked DATA 14, slide SEND window
020.549 Send DATA 5 2, ID 20069
020.549 Send DATA 6 2, ID 20070
020.793 Impose noise on received data, 2/151280=1.3E-05
020.810 Recv DATA 3 15, ID 10067
020.810 Deliver DATA 3, ID 10067
020.810 Slide RECV window, expect 4 next
020.810 Acked DATA 15, slide SEND window
020.810 Send DATA 7 3, ID 20071
021.072 Recv DATA 4 0, ID 10068
021.072 Deliver DATA 4, ID 10068
021.072 Slide RECV window, expect 5 next
021.072 Acked DATA 0, slide SEND window
021.072 Send DATA 8 4, ID 20072
021.588 Recv DATA 6 1, ID 10070
021.588 Request NAK for 5
021.588 Acked DATA 1, slide SEND window
021.588 Send NAK  5
021.588 Send DATA 9 4, ID 20073
021.858 Recv DATA 7 2, ID 10071
021.858 Acked DATA 2, slide SEND window
021.858 Send DATA 10 4, ID 20074
022.096 Recv DATA 8 3, ID 10072
022.096 Acked DATA 3, slide SEND window
022.096 Send DATA 11 4, ID 20075
022.408 Recv DATA 9 4, ID 10073
022.408 Acked DATA 4, slide SEND window
022.408 Send DATA 12 4, ID 20076
022.617 Recv DATA 10 5, ID 10074
022.617 Acked DATA 5, slide SEND window
022.617 Send DATA 13 4, ID 20077
022.678 Recv ACK  6
022.678 Acked DATA 6, slide SEND window
022.678 Send DATA 14 4, ID 20078
022.939 Recv DATA 11 7, ID 10075
022.939 Acked DATA 7, slide SEND window
022.939 Send DATA 15 4, ID 20079
023.176 Recv DATA 12 8, ID 10076
023.176 Acked DATA 8, slide SEND window
023.176 Send DATA 0 4, ID 20080
023.481 Recv DATA 5 8, ID 10069
023.481 Deliver DATA 5, ID 10069
023.481 .... 70 packets received, 6402 bps, 80.02%, Err 2 (1.2e-05)
023.481 Deliver DATA 6, ID 10070
023.481 Deliver DATA 7, ID 10071
023.481 Deliver DATA 8, ID 10072
023.481 Deliver DATA 9, ID 10073
023.481 Deliver DATA 10, ID 10074
023.481 Deliver DATA 11, ID 10075
023.481 Deliver DATA 12, ID 10076
023.481 Slide RECV window, expect 13 next
023.625 Recv ACK  9
023.625 Acked DATA 9, slide SEND window
023.625 Send DATA 1 12, ID 20081
023.874 Recv ACK  10
023.874 Acked DATA 10, slide SEND window
023.874 Send DATA 2 12, ID 20082
024.108 Recv ACK  11
024.108 Acked DATA 11, slide SEND window
024.108 Send DATA 3 12, ID 20083
024.356 Recv ACK  12
024.356 Acked DATA 12, slide SEND window
024.357 Send DATA 4 12, ID 20084
024.643 Recv ACK  13
024.643 Acked DATA 13, slide SEND window
024.643 Recv ACK  14
024.643 Acked DATA 14, slide SEND window
024.643 Send DATA 5 12, ID 20085
024.860 Recv DATA 6 15, ID 10070
024.860 Ignore out-of-window DATA 6
024.860 Acked DATA 15, slide SEND window
024.861 Send DATA 6 12, ID 20086
025.125 Recv DATA 7 0, ID 10071
025.125 Ignore out-of-window DATA 7
025.125 Acked DATA 0, slide SEND window
025.126 Send DATA 7 12, ID 20087
025.384 Recv DATA 13 1, ID 10077
025.384 Deliver DATA 13, ID 10077
025.384 Slide RECV window, expect 14 next
025.384 Acked DATA 1, slide SEND window
025.384 Send DATA 8 13, ID 20088
025.665 Recv DATA 14 1, ID 10078
025.665 Deliver DATA 14, ID 10078
025.665 .... 79 packets received, 6583 bps, 82.28%, Err 2 (1.1e-05)
025.665 Slide RECV window, expect 15 next
025.666 Send DATA 9 14, ID 20089
025.920 Recv DATA 15 1, ID 10079
025.920 Deliver DATA 15, ID 10079
025.920 Slide RECV window, expect 0 next
026.093 ---- ACK timeout
026.093 Send ACK  15
026.206 Recv DATA 0 2, ID 10080
026.206 Deliver DATA 0, ID 10080
026.206 Slide RECV window, expect 1 next
026.206 Acked DATA 2, slide SEND window
026.207 Send DATA 10 0, ID 20090
026.441 Recv DATA 1 3, ID 10081
026.441 Deliver DATA 1, ID 10081
026.441 Slide RECV window, expect 2 next
026.441 Acked DATA 3, slide SEND window
026.441 Send DATA 11 1, ID 20091
026.708 Recv DATA 2 4, ID 10082
026.708 Deliver DATA 2, ID 10082
026.708 Slide RECV window, expect 3 next
026.708 Acked DATA 4, slide SEND window
026.708 Send DATA 12 2, ID 20092
027.009 Recv DATA 3 5, ID 10083
027.009 Deliver DATA 3, ID 10083
027.009 Slide RECV window, expect 4 next
027.009 Acked DATA 5, slide SEND window
027.009 Send DATA 13 3, ID 20093
027.254 Recv DATA 4 6, ID 10084
027.254 Deliver DATA 4, ID 10084
027.254 Slide RECV window, expect 5 next
027.254 Acked DATA 6, slide SEND window
027.255 Send DATA 14 4, ID 20094
027.303 Recv ACK  7
027.303 Acked DATA 7, slide SEND window
027.303 Send DATA 15 4, ID 20095
027.488 Recv DATA 5 8, ID 10085
027.488 Deliver DATA 5, ID 10085
027.488 Slide RECV window, expect 6 next
027.488 Acked DATA 8, slide SEND window
027.489 Send DATA 0 5, ID 20096
027.773 Recv DATA 6 9, ID 10086
027.773 Deliver DATA 6, ID 10086
027.773 .... 87 packets received, 6677 bps, 83.46%, Err 2 (1.0e-05)
027.774 Slide RECV window, expect 7 next
027.774 Acked DATA 9, slide SEND window
027.774 Send DATA 1 6, ID 20097
028.069 Recv DATA 7 9, ID 10087
028.069 Deliver DATA 7, ID 10087
028.069 Slide RECV window, expect 8 next
028.239 ---- ACK timeout
028.239 Send ACK  7
028.354 Recv DATA 8 10, ID 10088
028.354 Deliver DATA 8, ID 10088
028.354 Slide RECV window, expect 9 next
028.354 Acked DATA 10, slide SEND window
028.354 Send DATA 2 8, ID 20098
028.618 Recv DATA 9 11, ID 10089
028.618 Deliver DATA 9, ID 10089
028.618 Slide RECV window, expect 10 next
028.618 Acked DATA 11, slide SEND window
028.619 Send DATA 3 9, ID 20099
028.847 Recv DATA 10 12, ID 10090
028.847 Deliver DATA 10, ID 10090
028.847 Slide RECV window, expect 11 next
028.847 Acked DATA 12, slide SEND window
028.847 Send DATA 4 10, ID 20100
029.089 Recv DATA 11 13, ID 10091
029.089 Deliver DATA 11, ID 10091
029.089 Slide RECV window, expect 12 next
029.089 Acked DATA 13, slide SEND window
029.089 Send DATA 5 11, ID 20101
029.197 Impose noise on received data, 3/209576=1.4E-05
029.353 Recv DATA 12 14, ID 10092
029.353 Deliver DATA 12, ID 10092
029.353 Slide RECV window, expect 13 next
029.353 Acked DATA 14, slide SEND window
029.353 Send DATA 6 12, ID 20102
029.379 Recv ACK  15
029.379 Acked DATA 15, slide SEND window
029.379 Send DATA 7 12, ID 20103
029.656 Recv DATA 13 0, ID 10093
029.656 Deliver DATA 13, ID 10093
029.656 Slide RECV window, expect 14 next
029.657 Acked DATA 0, slide SEND window
029.657 Send DATA 8 13, ID 20104
029.924 Recv DATA 14 1, ID 10094
029.924 Deliver DATA 14, ID 10094
029.924 .... 95 packets received, 6747 bps, 84.34%, Err 3 (1.4e-05)
029.924 Slide RECV window, expect 15 next
029.924 Acked DATA 1, slide SEND window
029.924 Send DATA 9 14, ID 20105
030.162 Recv DATA 15 1, ID 10095
030.162 Deliver DATA 15, ID 10095
030.162 Slide RECV window, expect 0 next
030.323 ---- ACK timeout
030.324 Send ACK  15
030.442 Recv DATA 0 2, ID 10096
030.442 Deliver DATA 0, ID 10096
030.442 Slide RECV window, expect 1 next
030.442 Acked DATA 2, slide SEND window
030.444 Send DATA 10 0, ID 20106
030.704 Recv DATA 1 3, ID 10097
030.704 Deliver DATA 1, ID 10097
030.704 Slide RECV window, expect 2 next
030.704 Acked DATA 3, slide SEND window
030.704 Send DATA 11 1, ID 20107
030.989 Recv DATA 2 4, ID 10098
030.990 Deliver DATA 2, ID 10098
030.990 Slide RECV window, expect 3 next
030.990 Acked DATA 4, slide SEND window
030.990 Send DATA 12 2, ID 20108
031.018 Impose noise on received data, 4/224144=1.8E-05
031.235 Recv DATA 3 5, ID 10099
031.235 Deliver DATA 3, ID 10099
031.235 Slide RECV window, expect 4 next
031.235 Acked DATA 5, slide SEND window
031.235 Send DATA 13 3, ID 20109
031.523 **** Receiver Error, Bad CRC Checksum
031.523 Request NAK for 4
031.523 Send NAK  4
031.554 Recv ACK  7
031.554 Acked DATA 6, slide SEND window
031.554 Acked DATA 7, slide SEND window
031.554 Send DATA 14 3, ID 20110
031.554 Send DATA 15 3, ID 20111
031.758 Recv DATA 5 8, ID 10101
031.758 Acked DATA 8, slide SEND window
031.758 Send DATA 0 3, ID 20112
032.042 Recv DATA 6 9, ID 10102
032.042 Acked DATA 9, slide SEND window
032.042 Send DATA 1 3, ID 20113
032.257 Recv DATA 7 9, ID 10103
032.556 Recv DATA 8 10, ID 10104
032.556 Acked DATA 10, slide SEND window
032.557 Send DATA 2 3, ID 20114
032.838 Recv DATA 9 11, ID 10105
032.838 Acked DATA 11, slide SEND window
032.838 Send DATA 3 3, ID 20115
033.078 Recv DATA 10 12, ID 10106
033.078 Acked DATA 12, slide SEND window
033.080 Send DATA 4 3, ID 20116
033.341 Recv DATA 11 13, ID 10107
033.341 Acked DATA 13, slide SEND window
033.342 Send DATA 5 3, ID 20117
033.593 Recv DATA 4 13, ID 10100
033.593 Deliver DATA 4, ID 10100
033.593 .... 101 packets received, 6363 bps, 79.54%, Err 4 (1.6e-05)
033.594 Deliver DATA 5, ID 10101
033.594 Deliver DATA 6, ID 10102
033.594 Deliver DATA 7, ID 10103
033.594 Deliver DATA 8, ID 10104
033.594 Deliver DATA 9, ID 10105
033.594 Deliver DATA 10, ID 10106
033.594 Deliver DATA 11, ID 10107
033.594 Slide RECV window, expect 12 next
033.624 Recv ACK  14
033.624 Acked DATA 14, slide SEND window
033.624 Recv ACK  15
033.624 Acked DATA 15, slide SEND window
033.625 Send DATA 6 11, ID 20118
033.625 Send DATA 7 11, ID 20119
033.654 Recv ACK  0
033.654 Acked DATA 0, slide SEND window
033.905 Recv ACK  1
033.905 Acked DATA 1, slide SEND window
033.906 Send DATA 8 11, ID 20120
033.923 Recv ACK  2
033.923 Acked DATA 2, slide SEND window
034.179 Recv ACK  3
034.179 Acked DATA 3, slide SEND window
034.179 Send DATA 9 11, ID 20121
034.445 Recv ACK  4
034.445 Acked DATA 4, slide SEND window
034.445 Send DATA 10 11, ID 20122
034.840 Recv DATA 5 5, ID 10101
034.840 Ignore out-of-window DATA 5
034.840 Acked DATA 5, slide SEND window
034.840 Send DATA 11 11, ID 20123
034.840 Send DATA 12 11, ID 20124
035.089 Recv DATA 12 6, ID 10108
035.089 Deliver DATA 12, ID 10108
035.089 Slide RECV window, expect 13 next
035.089 Acked DATA 6, slide SEND window
035.090 Send DATA 13 12, ID 20125
035.372 Recv DATA 13 6, ID 10109
035.372 Deliver DATA 13, ID 10109
035.372 Slide RECV window, expect 14 next
035.372 Send DATA 14 13, ID 20126
035.636 Recv DATA 14 6, ID 10110
035.636 Deliver DATA 14, ID 10110
035.636 .... 111 packets received, 6580 bps, 82.25%, Err 4 (1.6e-05)
035.636 Slide RECV window, expect 15 next
035.804 ---- ACK timeout
035.804 Send ACK  14
035.910 Recv DATA 15 7, ID 10111
035.911 Deliver DATA 15, ID 10111
035.911 Slide RECV window, expect 0 next
035.911 Acked DATA 7, slide SEND window
035.911 Send DATA 15 15, ID 20127
036.154 Recv DATA 0 8, ID 10112
036.154 Deliver DATA 0, ID 10112
036.155 Slide RECV window, expect 1 next
036.155 Acked DATA 8, slide SEND window
036.155 Send DATA 0 0, ID 20128
036.437 Recv DATA 1 9, ID 10113
036.437 Deliver DATA 1, ID 10113
036.437 Slide RECV window, expect 2 next
036.437 Acked DATA 9, slide SEND window
036.437 Send DATA 1 1, ID 20129
036.722 Recv DATA 2 10, ID 10114
036.722 Deliver DATA 2, ID 10114
036.722 Slide RECV window, expect 3 next
036.722 Acked DATA 10, slide SEND window
036.722 Send DATA 2 2, ID 20130
036.938 Recv DATA 3 11, ID 10115
036.938 Deliver DATA 3, ID 10115
036.938 Slide RECV window, expect 4 next
036.939 Acked DATA 11, slide SEND window
036.939 Send DATA 3 3, ID 20131
036.990 Recv ACK  12
036.990 Acked DATA 12, slide SEND window
036.991 Send DATA 4 3, ID 20132
037.052 Recv NAK  13
037.052 ---- Resend DATA 13 on NAK
037.052 Send DATA 13 3, ID 20125
037.255 Recv DATA 4 12, ID 10116
037.255 Deliver DATA 4, ID 10116
037.255 Slide RECV window, expect 5 next
037.415 ---- ACK timeout
037.415 Send ACK  4
037.538 Recv DATA 5 12, ID 10117
037.538 Deliver DATA 5, ID 10117
037.538 Slide RECV window, expect 6 next
037.719 ---- ACK timeout
037.719 Send ACK  5
037.772 Recv DATA 6 12, ID 10118
037.772 Deliver DATA 6, ID 10118
037.772 .... 119 packets received, 6643 bps, 83.04%, Err 4 (1.5e-05)
037.772 Slide RECV window, expect 7 next
037.937 ---- ACK timeout
037.937 Send ACK  6
038.040 Recv DATA 7 12, ID 10119
038.040 Deliver DATA 7, ID 10119
038.040 Slide RECV window, expect 8 next
038.222 ---- ACK timeout
038.222 Send ACK  7
038.305 Recv DATA 8 12, ID 10120
038.305 Deliver DATA 8, ID 10120
038.305 Slide RECV window, expect 9 next
038.488 ---- ACK timeout
038.488 Send ACK  8
038.554 Recv DATA 9 12, ID 10121
038.554 Deliver DATA 9, ID 10121
038.554 Slide RECV window, expect 10 next
038.736 ---- ACK timeout
038.736 Send ACK  9
038.835 Recv DATA 10 12, ID 10122
038.836 Deliver DATA 10, ID 10122
038.836 Slide RECV window, expect 11 next
039.005 ---- ACK timeout
039.005 Send ACK  10
039.124 Recv DATA 11 12, ID 10123
039.124 Deliver DATA 11, ID 10123
039.124 Slide RECV window, expect 12 next
039.288 ---- ACK timeout
039.288 Send ACK  11
039.368 Recv DATA 12 0, ID 10124
039.368 Deliver DATA 12, ID 10124
039.368 Slide RECV window, expect 13 next
039.368 Acked DATA 13, slide SEND window
039.368 Acked DATA 14, slide SEND window
039.368 Acked DATA 15, slide SEND window
039.368 Acked DATA 0, slide SEND window
039.368 Send DATA 5 12, ID 20133
039.374 Send DATA 6 12, ID 20134
039.375 Send DATA 7 12, ID 20135
039.375 Send DATA 8 12, ID 20136
039.657 Recv DATA 13 0, ID 10125
039.657 Deliver DATA 13, ID 10125
039.657 Slide RECV window, expect 14 next
039.821 ---- ACK timeout
039.821 Send ACK  13
039.911 Recv DATA 14 0, ID 10126
039.911 Deliver DATA 14, ID 10126
039.911 .... 127 packets received, 6699 bps, 83.74%, Err 4 (1.4e-05)
039.911 Slide RECV window, expect 15 next
040.007 ---- DATA 1 timeout
040.007 Send DATA 1 14, ID 20129
040.147 Recv DATA 15 0, ID 10127
040.147 Deliver DATA 15, ID 10127
040.147 Slide RECV window, expect 0 next
040.251 ---- DATA 2 timeout
040.251 Send DATA 2 15, ID 20130
040.386 Recv DATA 0 0, ID 10128
040.386 Deliver DATA 0, ID 10128
040.386 Slide RECV window, expect 1 next
040.550 ---- ACK timeout
040.550 Send ACK  0
040.580 ---- DATA 3 timeout
040.580 Send DATA 3 0, ID 20131
040.655 Recv DATA 1 0, ID 10129
040.655 Deliver DATA 1, ID 10129
040.655 Slide RECV window, expect 2 next
040.819 ---- ACK timeout
040.819 Send ACK  1
040.964 Recv DATA 2 0, ID 10130
040.964 Deliver DATA 2, ID 10130
040.964 Slide RECV window, expect 3 next
041.016 Recv NAK  1
041.016 ---- Resend DATA 1 on NAK
041.016 Send DATA 1 2, ID 20129
041.045 ---- DATA 4 timeout
041.045 Send DATA 4 2, ID 20132
041.205 Recv DATA 3 0, ID 10131
041.205 Deliver DATA 3, ID 10131
041.205 Slide RECV window, expect 4 next
041.377 ---- ACK timeout
041.377 Send ACK  3
041.491 Recv DATA 4 0, ID 10132
041.491 Deliver DATA 4, ID 10132
041.491 Slide RECV window, expect 5 next
041.659 ---- ACK timeout
041.659 Send ACK  4
041.722 Recv DATA 5 0, ID 10133
041.722 Deliver DATA 5, ID 10133
041.722 Slide RECV window, expect 6 next
041.890 ---- ACK timeout
041.890 Send ACK  5
042.011 Recv DATA 6 1, ID 10134
042.011 Deliver DATA 6, ID 10134
042.011 .... 135 packets received, 6756 bps, 84.45%, Err 4 (1.3e-05)
042.011 Slide RECV window, expect 7 next
042.011 Acked DATA 1, slide SEND window
042.011 Send DATA 9 6, ID 20137
042.041 ---- DATA 5 timeout
042.041 Send DATA 5 6, ID 20133
042.278 Recv DATA 7 8, ID 10135
042.278 Deliver DATA 7, ID 10135
042.279 Slide RECV window, expect 8 next
042.279 Acked DATA 2, slide SEND window
042.279 Acked DATA 3, slide SEND window
042.279 Acked DATA 4, slide SEND window
042.285 Acked DATA 5, slide SEND window
042.285 Acked DATA 6, slide SEND window
042.285 Acked DATA 7, slide SEND window
042.285 Acked DATA 8, slide SEND window
042.285 Send DATA 10 7, ID 20138
042.286 Send DATA 11 7, ID 20139
042.286 Send DATA 12 7, ID 20140
042.537 Recv DATA 8 8, ID 10136
042.537 Deliver DATA 8, ID 10136
042.537 Slide RECV window, expect 9 next
042.545 Send DATA 13 8, ID 20141
042.780 Recv DATA 9 8, ID 10137
042.780 Deliver DATA 9, ID 10137
042.780 Slide RECV window, expect 10 next
042.961 ---- ACK timeout
042.961 Send ACK  9
042.961 Send DATA 14 9, ID 20142
043.053 Recv DATA 10 8, ID 10138
043.053 Deliver DATA 10, ID 10138
043.054 Slide RECV window, expect 11 next
043.232 ---- ACK timeout
043.232 Send ACK  10
043.232 Send DATA 15 10, ID 20143
043.342 Recv DATA 11 8, ID 10139
043.342 Deliver DATA 11, ID 10139
043.342 Slide RECV window, expect 12 next
043.343 Send DATA 0 11, ID 20144
043.590 Recv DATA 12 8, ID 10140
043.590 Deliver DATA 12, ID 10140
043.590 Slide RECV window, expect 13 next
043.765 ---- ACK timeout
043.765 Send ACK  12
043.858 Recv DATA 13 9, ID 10141
043.858 Deliver DATA 13, ID 10141
043.858 Slide RECV window, expect 14 next
043.858 Acked DATA 9, slide SEND window
043.858 Send DATA 1 13, ID 20145
044.122 Recv DATA 14 9, ID 10142
044.122 Deliver DATA 14, ID 10142
044.122 .... 143 packets received, 6805 bps, 85.07%, Err 4 (1.2e-05)
044.122 Slide RECV window, expect 15 next
044.286 ---- ACK timeout
044.286 Send ACK  14
044.386 Recv DATA 15 10, ID 10143
044.386 Deliver DATA 15, ID 10143
044.386 Slide RECV window, expect 0 next
044.386 Acked DATA 10, slide SEND window
044.386 Send DATA 2 15, ID 20146
044.415 Recv ACK  11
044.415 Acked DATA 11, slide SEND window
044.415 Send DATA 3 15, ID 20147
044.474 Recv ACK  12
044.474 Acked DATA 12, slide SEND window
044.475 Send DATA 4 15, ID 20148
044.660 Recv DATA 0 13, ID 10144
044.660 Deliver DATA 0, ID 10144
044.660 Slide RECV window, expect 1 next
044.660 Acked DATA 13, slide SEND window
044.841 ---- ACK timeout
044.841 Send ACK  0
044.841 Send DATA 5 0, ID 20149
044.904 Recv DATA 1 13, ID 10145
044.904 Deliver DATA 1, ID 10145
044.904 Slide RECV window, expect 2 next
045.096 ---- ACK timeout
045.096 Send ACK  1
045.187 Recv DATA 2 14, ID 10146
045.187 Deliver DATA 2, ID 10146
045.187 Slide RECV window, expect 3 next
045.187 Acked DATA 14, slide SEND window
045.188 Send DATA 6 2, ID 20150
045.225 Recv ACK  15
045.225 Acked DATA 15, slide SEND window
045.456 Recv DATA 3 0, ID 10147
045.456 Deliver DATA 3, ID 10147
045.456 Slide RECV window, expect 4 next
045.456 Acked DATA 0, slide SEND window
045.457 Send DATA 7 3, ID 20151
045.457 Send DATA 8 3, ID 20152
045.703 Recv DATA 4 0, ID 10148
045.703 Deliver DATA 4, ID 10148
045.703 Slide RECV window, expect 5 next
045.873 ---- ACK timeout
045.873 Send ACK  4
045.981 Recv DATA 5 1, ID 10149
045.981 Deliver DATA 5, ID 10149
045.981 Slide RECV window, expect 6 next
045.981 Acked DATA 1, slide SEND window
045.981 Send DATA 9 5, ID 20153
046.254 Recv DATA 6 1, ID 10150
046.254 Deliver DATA 6, ID 10150
046.254 .... 151 packets received, 6847 bps, 85.58%, Err 4 (1.2e-05)
046.254 Slide RECV window, expect 7 next
046.430 ---- ACK timeout
046.430 Send ACK  6
046.515 Recv DATA 7 2, ID 10151
046.515 Deliver DATA 7, ID 10151
046.515 Slide RECV window, expect 8 next
046.515 Acked DATA 2, slide SEND window
046.515 Send DATA 10 7, ID 20154
046.557 Impose noise on received data, 5/340800=1.5E-05
046.574 Recv ACK  3
046.574 Acked DATA 3, slide SEND window
046.574 Send DATA 11 7, ID 20155
046.790 Recv DATA 8 4, ID 10152
046.790 Deliver DATA 8, ID 10152
046.790 Slide RECV window, expect 9 next
046.790 Acked DATA 4, slide SEND window
046.790 Send DATA 12 8, ID 20156
046.925 Impose noise on received data, 6/343872=1.7E-05
047.040 Recv DATA 9 5, ID 10153
047.040 Deliver DATA 9, ID 10153
047.040 Slide RECV window, expect 10 next
047.040 Acked DATA 5, slide SEND window
047.040 Send DATA 13 9, ID 20157
047.321 **** Receiver Error, Bad CRC Checksum
047.321 Request NAK for 10
047.321 Send NAK  10
047.568 Recv DATA 11 7, ID 10155
047.568 Acked DATA 6, slide SEND window
047.568 Acked DATA 7, slide SEND window
047.568 Send DATA 14 9, ID 20158
047.568 Send DATA 15 9, ID 20159
047.834 Recv DATA 12 8, ID 10156
047.834 Acked DATA 8, slide SEND window
047.834 Send DATA 0 9, ID 20160
048.124 Recv DATA 13 9, ID 10157
048.124 Acked DATA 9, slide SEND window
048.124 Send DATA 1 9, ID 20161
048.376 Recv DATA 14 9, ID 10158
048.620 Recv DATA 15 10, ID 10159
048.620 Acked DATA 10, slide SEND window
048.620 Send DATA 2 9, ID 20162
048.680 Recv ACK  11
048.680 Acked DATA 11, slide SEND window
048.680 Send DATA 3 9, ID 20163
048.920 Recv DATA 0 12, ID 10160
048.920 Acked DATA 12, slide SEND window
048.920 Send DATA 4 9, ID 20164
049.189 Recv DATA 1 13, ID 10161
049.189 Acked DATA 13, slide SEND window
049.189 Send DATA 5 9, ID 20165
049.440 Recv DATA 10 13, ID 10154
049.440 Deliver DATA 10, ID 10154
049.440 .... 155 packets received, 6565 bps, 82.06%, Err 6 (1.7e-05)
049.440 Deliver DATA 11, ID 10155
049.440 Deliver DATA 12, ID 10156
049.440 Deliver DATA 13, ID 10157
049.440 Deliver DATA 14, ID 10158
049.440 Deliver DATA 15, ID 10159
049.440 Deliver DATA 0, ID 10160
049.440 Deliver DATA 1, ID 10161
049.440 Slide RECV window, expect 2 next
049.470 Recv ACK  14
049.470 Acked DATA 14, slide SEND window
049.470 Send DATA 6 1, ID 20166
049.640 Recv ACK  15
049.640 Acked DATA 15, slide SEND window
049.641 Send DATA 7 1, ID 20167
049.670 Recv ACK  0
049.671 Acked DATA 0, slide SEND window
049.902 Recv ACK  1
049.902 Acked DATA 1, slide SEND window
049.902 Send DATA 8 1, ID 20168
049.940 Recv ACK  2
049.940 Acked DATA 2, slide SEND window
050.218 Recv ACK  3
050.218 Acked DATA 3, slide SEND window
050.218 Send DATA 9 1, ID 20169
050.454 Recv ACK  4
050.454 Acked DATA 4, slide SEND window
050.454 Send DATA 10 1, ID 20170
050.814 Recv DATA 11 5, ID 10155
050.814 Ignore out-of-window DATA 11
050.814 Acked DATA 5, slide SEND window
050.814 Send DATA 11 1, ID 20171
050.815 Send DATA 12 1, ID 20172
051.079 Recv DATA 12 5, ID 10156
051.079 Ignore out-of-window DATA 12
051.079 Send DATA 13 1, ID 20173
051.306 Recv DATA 2 6, ID 10162
051.306 Deliver DATA 2, ID 10162
051.306 Slide RECV window, expect 3 next
051.306 Acked DATA 6, slide SEND window
051.306 Send DATA 14 2, ID 20174
051.569 Recv DATA 3 6, ID 10163
051.569 Deliver DATA 3, ID 10163
051.569 .... 164 packets received, 6653 bps, 83.17%, Err 6 (1.6e-05)
051.569 Slide RECV window, expect 4 next
051.755 ---- ACK timeout
051.755 Send ACK  3
051.865 Recv DATA 4 6, ID 10164
051.865 Deliver DATA 4, ID 10164
051.865 Slide RECV window, expect 5 next
051.891 Recv ACK  7
051.891 Acked DATA 7, slide SEND window
051.891 Send DATA 15 4, ID 20175
052.123 Recv DATA 5 7, ID 10165
052.123 Deliver DATA 5, ID 10165
052.123 Slide RECV window, expect 6 next
052.171 Recv ACK  8
052.171 Acked DATA 8, slide SEND window
052.171 Send DATA 0 5, ID 20176
052.388 Recv DATA 6 8, ID 10166
052.388 Deliver DATA 6, ID 10166
052.388 Slide RECV window, expect 7 next
052.438 Recv ACK  9
052.438 Acked DATA 9, slide SEND window
052.438 Send DATA 1 6, ID 20177
052.682 Recv DATA 7 9, ID 10167
052.682 Deliver DATA 7, ID 10167
052.682 Slide RECV window, expect 8 next
052.722 Recv ACK  10
052.722 Acked DATA 10, slide SEND window
052.722 Send DATA 2 7, ID 20178
052.938 Recv DATA 8 10, ID 10168
052.938 Deliver DATA 8, ID 10168
052.938 Slide RECV window, expect 9 next
052.956 Recv ACK  11
052.956 Acked DATA 11, slide SEND window
052.957 Send DATA 3 8, ID 20179
053.217 Recv DATA 9 11, ID 10169
053.217 Deliver DATA 9, ID 10169
053.217 Slide RECV window, expect 10 next
053.217 Recv ACK  12
053.217 Acked DATA 12, slide SEND window
053.217 Send DATA 4 9, ID 20180
053.278 Recv ACK  13
053.278 Acked DATA 13, slide SEND window
053.279 Send DATA 5 9, ID 20181
053.506 Recv DATA 10 14, ID 10170
053.506 Deliver DATA 10, ID 10170
053.506 Slide RECV window, expect 11 next
053.506 Acked DATA 14, slide SEND window
053.507 Send DATA 6 10, ID 20182
053.739 Recv DATA 11 14, ID 10171
053.739 Deliver DATA 11, ID 10171
053.739 .... 172 packets received, 6690 bps, 83.63%, Err 6 (1.5e-05)
053.742 Slide RECV window, expect 12 next
053.905 ---- ACK timeout
053.905 Send ACK  11
054.003 Recv DATA 12 15, ID 10172
054.003 Deliver DATA 12, ID 10172
054.003 Slide RECV window, expect 13 next
054.003 Acked DATA 15, slide SEND window
054.004 Send DATA 7 12, ID 20183
054.290 Recv DATA 13 0, ID 10173
054.290 Deliver DATA 13, ID 10173
054.290 Slide RECV window, expect 14 next
054.290 Acked DATA 0, slide SEND window
054.290 Send DATA 8 13, ID 20184
054.575 Recv DATA 14 1, ID 10174
054.575 Deliver DATA 14, ID 10174
054.575 Slide RECV window, expect 15 next
054.575 Acked DATA 1, slide SEND window
054.576 Send DATA 9 14, ID 20185
054.821 Recv DATA 15 2, ID 10175
054.822 Deliver DATA 15, ID 10175
054.822 Slide RECV window, expect 0 next
054.822 Acked DATA 2, slide SEND window
054.822 Send DATA 10 15, ID 20186
055.064 Recv DATA 0 3, ID 10176
055.064 Deliver DATA 0, ID 10176
055.064 Slide RECV window, expect 1 next
055.064 Acked DATA 3, slide SEND window
055.064 Send DATA 11 0, ID 20187
055.336 Recv DATA 1 4, ID 10177
055.337 Deliver DATA 1, ID 10177
055.337 Slide RECV window, expect 2 next
055.337 Acked DATA 4, slide SEND window
055.337 Send DATA 12 1, ID 20188
055.375 Recv ACK  5
055.375 Acked DATA 5, slide SEND window
055.375 Send DATA 13 1, ID 20189
055.605 Recv DATA 2 6, ID 10178
055.605 Deliver DATA 2, ID 10178
055.605 Slide RECV window, expect 3 next
055.605 Acked DATA 6, slide SEND window
055.606 Send DATA 14 2, ID 20190
055.856 Recv DATA 3 6, ID 10179
055.856 Deliver DATA 3, ID 10179
055.856 .... 180 packets received, 6731 bps, 84.14%, Err 6 (1.5e-05)
055.856 Slide RECV window, expect 4 next
056.038 ---- ACK timeout
056.038 Send ACK  3
056.124 Recv DATA 4 7, ID 10180
056.124 Deliver DATA 4, ID 10180
056.124 Slide RECV window, expect 5 next
056.124 Acked DATA 7, slide SEND window
056.124 Send DATA 15 4, ID 20191
056.388 Recv DATA 5 8, ID 10181
056.388 Deliver DATA 5, ID 10181
056.388 Slide RECV window, expect 6 next
056.388 Acked DATA 8, slide SEND window
056.388 Send DATA 0 5, ID 20192
056.673 Recv DATA 6 9, ID 10182
056.673 Deliver DATA 6, ID 10182
056.673 Slide RECV window, expect 7 next
056.673 Acked DATA 9, slide SEND window
056.673 Send DATA 1 6, ID 20193
056.923 Recv DATA 7 10, ID 10183
056.923 Deliver DATA 7, ID 10183
056.924 Slide RECV window, expect 8 next
056.924 Acked DATA 10, slide SEND window
056.924 Send DATA 2 7, ID 20194
057.172 Recv DATA 8 11, ID 10184
057.172 Deliver DATA 8, ID 10184
057.172 Slide RECV window, expect 9 next
057.172 Acked DATA 11, slide SEND window
057.173 Send DATA 3 8, ID 20195
057.455 Recv DATA 9 12, ID 10185
057.455 Deliver DATA 9, ID 10185
057.455 Slide RECV window, expect 10 next
057.455 Acked DATA 12, slide SEND window
057.455 Send DATA 4 9, ID 20196
057.491 Recv ACK  13
057.491 Acked DATA 13, slide SEND window
057.491 Send DATA 5 9, ID 20197
057.717 Recv DATA 10 14, ID 10186
057.717 Deliver DATA 10, ID 10186
057.717 Slide RECV window, expect 11 next
057.717 Acked DATA 14, slide SEND window
057.717 Send DATA 6 10, ID 20198
057.991 Recv DATA 11 14, ID 10187
057.991 Deliver DATA 11, ID 10187
057.991 .... 188 packets received, 6766 bps, 84.58%, Err 6 (1.4e-05)
057.991 Slide RECV window, expect 12 next
058.044 Impose noise on received data, 7/424384=1.6E-05
058.155 ---- ACK timeout
058.155 Send ACK  11
058.256 Recv DATA 12 15, ID 10188
058.256 Deliver DATA 12, ID 10188
058.256 Slide RECV window, expect 13 next
058.256 Acked DATA 15, slide SEND window
058.256 Send DATA 7 12, ID 20199
058.465 Impose noise on received data, 8/427744=1.9E-05
058.543 **** Receiver Error, Bad CRC Checksum
058.543 Request NAK for 13
058.543 Send NAK  13
058.779 Recv DATA 14 1, ID 10190
058.779 Acked DATA 0, slide SEND window
058.779 Acked DATA 1, slide SEND window
058.779 Send DATA 8 12, ID 20200
058.779 Send DATA 9 12, ID 20201
059.039 Recv DATA 15 2, ID 10191
059.039 Acked DATA 2, slide SEND window
059.039 Send DATA 10 12, ID 20202
059.069 Recv NAK  3
059.069 ---- Resend DATA 3 on NAK
059.069 Send DATA 3 12, ID 20195
059.306 Recv DATA 0 2, ID 10192
059.583 Recv DATA 1 2, ID 10193
059.858 Recv DATA 2 2, ID 10194
060.118 Recv DATA 3 2, ID 10195
060.372 Recv DATA 4 2, ID 10196
060.622 Recv DATA 13 2, ID 10189
060.622 Deliver DATA 13, ID 10189
060.622 .... 190 packets received, 6536 bps, 81.70%, Err 8 (1.8e-05)
060.622 Deliver DATA 14, ID 10190
060.622 Deliver DATA 15, ID 10191
060.622 Deliver DATA 0, ID 10192
060.622 Deliver DATA 1, ID 10193
060.622 Deliver DATA 2, ID 10194
060.622 Deliver DATA 3, ID 10195
060.622 Deliver DATA 4, ID 10196
060.622 Slide RECV window, expect 5 next
060.770 Recv ACK  10
060.770 Acked DATA 3, slide SEND window
060.770 Acked DATA 4, slide SEND window
060.770 Acked DATA 5, slide SEND window
060.770 Acked DATA 6, slide SEND window
060.770 Acked DATA 7, slide SEND window
060.770 Acked DATA 8, slide SEND window
060.770 Acked DATA 9, slide SEND window
060.770 Acked DATA 10, slide SEND window
060.770 Send DATA 11 4, ID 20203
060.771 Send DATA 12 4, ID 20204
060.771 Send DATA 13 4, ID 20205
060.771 Send DATA 14 4, ID 20206
061.567 ** WARNING: System too busy, sleep 15 ms, but be awakened 79 ms later
061.615 Recv NAK  11
061.615 ---- Resend DATA 11 on NAK
061.615 Send DATA 11 4, ID 20203
061.615 Send DATA 15 4, ID 20207
061.615 Send DATA 0 4, ID 20208
062.030 Recv DATA 14 10, ID 10190
062.030 Ignore out-of-window DATA 14
062.030 Send DATA 1 4, ID 20209
062.272 Recv DATA 5 10, ID 10197
062.272 Deliver DATA 5, ID 10197
062.272 Slide RECV window, expect 6 next
062.273 Send DATA 2 5, ID 20210
062.535 Recv DATA 6 10, ID 10198
062.535 Deliver DATA 6, ID 10198
062.535 Slide RECV window, expect 7 next
062.704 ---- ACK timeout
062.704 Send ACK  6
062.820 Recv DATA 7 10, ID 10199
062.820 Deliver DATA 7, ID 10199
062.820 .... 200 packets received, 6635 bps, 82.94%, Err 8 (1.8e-05)
062.820 Slide RECV window, expect 8 next
062.992 ---- ACK timeout
062.992 Send ACK  7
063.056 Recv DATA 8 10, ID 10200
063.056 Deliver DATA 8, ID 10200
063.056 Slide RECV window, expect 9 next
063.241 ---- ACK timeout
063.241 Send ACK  8
063.322 Recv DATA 9 10, ID 10201
063.322 Deliver DATA 9, ID 10201
063.322 Slide RECV window, expect 10 next
063.496 ---- ACK timeout
063.496 Send ACK  9
063.637 Recv DATA 10 14, ID 10202
063.637 Deliver DATA 10, ID 10202
063.637 Slide RECV window, expect 11 next
063.637 Acked DATA 11, slide SEND window
063.637 Acked DATA 12, slide SEND window
063.637 Acked DATA 13, slide SEND window
063.637 Acked DATA 14, slide SEND window
063.637 Send DATA 3 10, ID 20211
063.640 Send DATA 4 10, ID 20212
063.640 Send DATA 5 10, ID 20213
063.640 Send DATA 6 10, ID 20214
063.868 Recv DATA 11 15, ID 10203
063.868 Deliver DATA 11, ID 10203
063.868 Slide RECV window, expect 12 next
063.868 Acked DATA 15, slide SEND window
064.058 ---- ACK timeout
064.058 Send ACK  11
064.058 Send DATA 7 11, ID 20215
064.108 Recv DATA 12 0, ID 10204
064.108 Deliver DATA 12, ID 10204
064.108 Slide RECV window, expect 13 next
064.108 Acked DATA 0, slide SEND window
064.179 Recv ACK  1
064.179 Acked DATA 1, slide SEND window
064.179 Send DATA 8 12, ID 20216
064.420 Recv DATA 13 2, ID 10205
064.420 Deliver DATA 13, ID 10205
064.420 Slide RECV window, expect 14 next
064.420 Acked DATA 2, slide SEND window
064.590 ---- ACK timeout
064.590 Send ACK  13
064.590 Send DATA 9 13, ID 20217
064.669 Recv DATA 14 2, ID 10206
064.669 Deliver DATA 14, ID 10206
064.669 Slide RECV window, expect 15 next
064.858 ---- ACK timeout
064.858 Send ACK  14
064.858 Send DATA 10 14, ID 20218
064.954 Recv DATA 15 2, ID 10207
064.954 Deliver DATA 15, ID 10207
064.954 .... 208 packets received, 6670 bps, 83.37%, Err 8 (1.7e-05)
064.954 Slide RECV window, expect 0 next
065.132 ---- ACK timeout
065.132 Send ACK  15
065.186 Recv DATA 0 2, ID 10208
065.186 Deliver DATA 0, ID 10208
065.186 Slide RECV window, expect 1 next
065.357 ---- ACK timeout
065.357 Send ACK  0
065.490 Recv DATA 1 3, ID 10209
065.490 Deliver DATA 1, ID 10209
065.490 Slide RECV window, expect 2 next
065.490 Acked DATA 3, slide SEND window
065.490 Send DATA 11 1, ID 20219
065.720 Recv DATA 2 4, ID 10210
065.720 Deliver DATA 2, ID 10210
065.720 Slide RECV window, expect 3 next
065.722 Acked DATA 4, slide SEND window
065.722 Send DATA 12 2, ID 20220
065.771 Recv ACK  5
065.772 Acked DATA 5, slide SEND window
065.772 Send DATA 13 2, ID 20221
065.997 Recv DATA 3 6, ID 10211
065.997 Deliver DATA 3, ID 10211
065.997 Slide RECV window, expect 4 next
065.997 Acked DATA 6, slide SEND window
065.997 Send DATA 14 3, ID 20222
066.032 Recv ACK  7
066.032 Acked DATA 7, slide SEND window
066.257 Recv DATA 4 8, ID 10212
066.257 Deliver DATA 4, ID 10212
066.257 Slide RECV window, expect 5 next
066.257 Acked DATA 8, slide SEND window
066.258 Send DATA 15 4, ID 20223
066.514 Recv DATA 5 8, ID 10213
066.515 Deliver DATA 5, ID 10213
066.515 Slide RECV window, expect 6 next
066.515 Send DATA 0 5, ID 20224
066.834 Recv DATA 6 9, ID 10214
066.834 Deliver DATA 6, ID 10214
066.834 Slide RECV window, expect 7 next
066.834 Acked DATA 9, slide SEND window
066.835 Send DATA 1 6, ID 20225
067.082 Recv DATA 7 10, ID 10215
067.082 Deliver DATA 7, ID 10215
067.082 .... 216 packets received, 6703 bps, 83.79%, Err 8 (1.6e-05)
067.082 Slide RECV window, expect 8 next
067.082 Acked DATA 10, slide SEND window
067.082 Send DATA 2 7, ID 20226
067.323 Recv DATA 8 10, ID 10216
067.323 Deliver DATA 8, ID 10216
067.323 Slide RECV window, expect 9 next
067.498 ---- ACK timeout
067.499 Send ACK  8
067.605 Recv DATA 9 11, ID 10217
067.605 Deliver DATA 9, ID 10217
067.605 Slide RECV window, expect 10 next
067.605 Acked DATA 11, slide SEND window
067.605 Send DATA 3 9, ID 20227
067.850 Recv DATA 10 12, ID 10218
067.850 Deliver DATA 10, ID 10218
067.850 Slide RECV window, expect 11 next
067.850 Acked DATA 12, slide SEND window
067.850 Send DATA 4 10, ID 20228
067.880 Recv ACK  13
067.880 Acked DATA 13, slide SEND window
067.880 Send DATA 5 10, ID 20229
068.133 Recv DATA 11 14, ID 10219
068.133 Deliver DATA 11, ID 10219
068.133 Slide RECV window, expect 12 next
068.133 Acked DATA 14, slide SEND window
068.133 Send DATA 6 11, ID 20230
068.406 Recv DATA 12 15, ID 10220
068.406 Deliver DATA 12, ID 10220
068.406 Slide RECV window, expect 13 next
068.406 Acked DATA 15, slide SEND window
068.406 Send DATA 7 12, ID 20231
068.645 Recv DATA 13 0, ID 10221
068.645 Deliver DATA 13, ID 10221
068.645 Slide RECV window, expect 14 next
068.645 Acked DATA 0, slide SEND window
068.645 Send DATA 8 13, ID 20232
068.906 Recv DATA 14 1, ID 10222
068.906 Deliver DATA 14, ID 10222
068.906 Slide RECV window, expect 15 next
068.906 Acked DATA 1, slide SEND window
068.906 Send DATA 9 14, ID 20233
069.192 Recv DATA 15 2, ID 10223
069.192 Deliver DATA 15, ID 10223
069.192 .... 224 packets received, 6736 bps, 84.20%, Err 8 (1.6e-05)
069.193 Slide RECV window, expect 0 next
069.193 Acked DATA 2, slide SEND window
069.193 Send DATA 10 15, ID 20234
069.471 Recv DATA 0 2, ID 10224
069.471 Deliver DATA 0, ID 10224
069.471 Slide RECV window, expect 1 next
069.647 ---- ACK timeout
069.647 Send ACK  0
069.707 Recv DATA 1 3, ID 10225
069.707 Deliver DATA 1, ID 10225
069.707 Slide RECV window, expect 2 next
069.707 Acked DATA 3, slide SEND window
069.707 Send DATA 11 1, ID 20235
070.005 Recv DATA 2 4, ID 10226
070.005 Deliver DATA 2, ID 10226
070.005 Slide RECV window, expect 3 next
070.005 Acked DATA 4, slide SEND window
070.005 Recv ACK  5
070.005 Acked DATA 5, slide SEND window
070.006 Send DATA 12 2, ID 20236
070.006 Send DATA 13 2, ID 20237
070.237 Recv DATA 3 6, ID 10227
070.237 Deliver DATA 3, ID 10227
070.237 Slide RECV window, expect 4 next
070.237 Acked DATA 6, slide SEND window
070.238 Send DATA 14 3, ID 20238
070.507 Recv DATA 4 7, ID 10228
070.507 Deliver DATA 4, ID 10228
070.507 Slide RECV window, expect 5 next
070.507 Acked DATA 7, slide SEND window
070.507 Send DATA 15 4, ID 20239
070.790 Recv DATA 5 8, ID 10229
070.790 Deliver DATA 5, ID 10229
070.790 Slide RECV window, expect 6 next
070.790 Acked DATA 8, slide SEND window
070.790 Send DATA 0 5, ID 20240
071.007 Recv DATA 6 9, ID 10230
071.007 Deliver DATA 6, ID 10230
071.008 Slide RECV window, expect 7 next
071.008 Acked DATA 9, slide SEND window
071.008 Send DATA 1 6, ID 20241
071.305 Recv DATA 7 10, ID 10231
071.308 Deliver DATA 7, ID 10231
071.308 .... 232 packets received, 6767 bps, 84.58%, Err 8 (1.5e-05)
071.308 Slide RECV window, expect 8 next
071.308 Acked DATA 10, slide SEND window
071.308 Send DATA 2 7, ID 20242
071.539 Recv DATA 8 10, ID 10232
071.539 Deliver DATA 8, ID 10232
071.539 Slide RECV window, expect 9 next
071.707 ---- ACK timeout
071.707 Send ACK  8
071.792 Impose noise on received data, 9/525536=1.7E-05
071.843 Recv DATA 9 11, ID 10233
071.843 Deliver DATA 9, ID 10233
071.843 Slide RECV window, expect 10 next
071.843 Acked DATA 11, slide SEND window
071.844 Send DATA 3 9, ID 20243
072.055 **** Receiver Error, Bad CRC Checksum
072.055 Request NAK for 10
072.055 Send NAK  10
072.090 Recv ACK  13
072.090 Acked DATA 12, slide SEND window
072.090 Acked DATA 13, slide SEND window
072.091 Send DATA 4 9, ID 20244
072.091 Send DATA 5 9, ID 20245
072.343 Recv DATA 11 14, ID 10235
072.343 Acked DATA 14, slide SEND window
072.343 Send DATA 6 9, ID 20246
072.618 Recv DATA 12 15, ID 10236
072.618 Acked DATA 15, slide SEND window
072.619 Send DATA 7 9, ID 20247
072.894 Recv DATA 13 0, ID 10237
072.894 Acked DATA 0, slide SEND window
072.895 Send DATA 8 9, ID 20248
073.157 Recv DATA 14 1, ID 10238
073.157 Acked DATA 1, slide SEND window
073.157 Send DATA 9 9, ID 20249
073.424 Recv DATA 15 2, ID 10239
073.424 Acked DATA 2, slide SEND window
073.424 Send DATA 10 9, ID 20250
073.668 Recv DATA 0 2, ID 10240
073.953 Recv DATA 1 3, ID 10241
073.953 Acked DATA 3, slide SEND window
073.953 Send DATA 11 9, ID 20251
074.242 Recv DATA 10 3, ID 10234
074.242 Deliver DATA 10, ID 10234
074.242 .... 235 packets received, 6579 bps, 82.24%, Err 9 (1.7e-05)
074.242 Deliver DATA 11, ID 10235
074.242 Deliver DATA 12, ID 10236
074.242 Deliver DATA 13, ID 10237
074.242 Deliver DATA 14, ID 10238
074.242 Deliver DATA 15, ID 10239
074.242 Deliver DATA 0, ID 10240
074.242 Deliver DATA 1, ID 10241
074.242 Slide RECV window, expect 2 next
074.410 ---- ACK timeout
074.410 Send ACK  1
074.471 Recv ACK  5
074.471 Acked DATA 4, slide SEND window
074.471 Acked DATA 5, slide SEND window
074.471 Send DATA 12 1, ID 20252
074.471 Send DATA 13 1, ID 20253
074.734 Recv ACK  6
074.734 Acked DATA 6, slide SEND window
074.734 Recv ACK  7
074.734 Acked DATA 7, slide SEND window
074.735 Send DATA 14 1, ID 20254
074.735 Send DATA 15 1, ID 20255
074.773 Recv ACK  8
074.773 Acked DATA 8, slide SEND window
074.999 Recv ACK  9
074.999 Acked DATA 9, slide SEND window
074.999 Send DATA 0 1, ID 20256
075.120 Recv ACK  10
075.120 Acked DATA 10, slide SEND window
075.120 Send DATA 1 1, ID 20257
075.221 Impose noise on received data, 10/545968=1.8E-05
075.367 Recv DATA 2 11, ID 10242
075.367 Deliver DATA 2, ID 10242
075.367 Slide RECV window, expect 3 next
075.367 Acked DATA 11, slide SEND window
075.367 Send DATA 2 2, ID 20258
075.623 Recv DATA 3 11, ID 10243
075.623 Deliver DATA 3, ID 10243
075.623 Slide RECV window, expect 4 next
075.624 Send DATA 3 3, ID 20259
075.899 Recv DATA 4 11, ID 10244
075.899 Deliver DATA 4, ID 10244
075.899 Slide RECV window, expect 5 next
076.073 ---- ACK timeout
076.074 Send ACK  4
076.173 Recv DATA 5 11, ID 10245
076.173 Deliver DATA 5, ID 10245
076.173 Slide RECV window, expect 6 next
076.224 Recv ACK  12
076.224 Acked DATA 12, slide SEND window
076.224 Send DATA 4 5, ID 20260
076.440 Recv DATA 6 12, ID 10246
076.440 Deliver DATA 6, ID 10246
076.440 .... 247 packets received, 6713 bps, 83.91%, Err 10 (1.8e-05)
076.440 Slide RECV window, expect 7 next
076.487 Recv ACK  13
076.487 Acked DATA 13, slide SEND window
076.487 Send DATA 5 6, ID 20261
076.690 Recv DATA 7 13, ID 10247
076.691 Deliver DATA 7, ID 10247
076.691 Slide RECV window, expect 8 next
076.721 Recv ACK  14
076.721 Acked DATA 14, slide SEND window
076.722 Send DATA 6 7, ID 20262
076.987 Recv DATA 8 14, ID 10248
076.987 Deliver DATA 8, ID 10248
076.987 Slide RECV window, expect 9 next
076.987 Recv ACK  15
076.987 Acked DATA 15, slide SEND window
076.987 Send DATA 7 8, ID 20263
077.234 Recv DATA 9 15, ID 10249
077.234 Deliver DATA 9, ID 10249
077.234 Slide RECV window, expect 10 next
077.291 Recv ACK  0
077.291 Acked DATA 0, slide SEND window
077.292 Send DATA 8 9, ID 20264
077.356 Recv ACK  1
077.357 Acked DATA 1, slide SEND window
077.358 Send DATA 9 9, ID 20265
077.509 Recv DATA 10 2, ID 10250
077.509 Deliver DATA 10, ID 10250
077.509 Slide RECV window, expect 11 next
077.509 Acked DATA 2, slide SEND window
077.509 Send DATA 10 10, ID 20266
077.787 Recv DATA 11 3, ID 10251
077.787 Deliver DATA 11, ID 10251
077.787 Slide RECV window, expect 12 next
077.787 Acked DATA 3, slide SEND window
077.787 Send DATA 11 11, ID 20267
078.058 Recv DATA 12 3, ID 10252
078.058 Deliver DATA 12, ID 10252
078.058 Slide RECV window, expect 13 next
078.224 ---- ACK timeout
078.224 Send ACK  12
078.338 Recv DATA 13 4, ID 10253
078.338 Deliver DATA 13, ID 10253
078.338 Slide RECV window, expect 14 next
078.338 Acked DATA 4, slide SEND window
078.338 Send DATA 12 13, ID 20268
078.588 Recv DATA 14 5, ID 10254
078.588 Deliver DATA 14, ID 10254
078.588 .... 255 packets received, 6739 bps, 84.23%, Err 10 (1.7e-05)
078.588 Slide RECV window, expect 15 next
078.588 Acked DATA 5, slide SEND window
078.589 Send DATA 13 14, ID 20269
078.856 Recv DATA 15 6, ID 10255
078.856 Deliver DATA 15, ID 10255
078.856 Slide RECV window, expect 0 next
078.856 Acked DATA 6, slide SEND window
078.856 Send DATA 14 15, ID 20270
079.116 Recv DATA 0 7, ID 10256
079.116 Deliver DATA 0, ID 10256
079.116 Slide RECV window, expect 1 next
079.116 Acked DATA 7, slide SEND window
079.116 Send DATA 15 0, ID 20271
079.373 Recv DATA 1 8, ID 10257
079.373 Deliver DATA 1, ID 10257
079.373 Slide RECV window, expect 2 next
079.373 Acked DATA 8, slide SEND window
079.373 Send DATA 0 1, ID 20272
079.402 Recv ACK  9
079.402 Acked DATA 9, slide SEND window
079.402 Send DATA 1 1, ID 20273
079.638 Recv DATA 2 10, ID 10258
079.638 Deliver DATA 2, ID 10258
079.638 Slide RECV window, expect 3 next
079.638 Acked DATA 10, slide SEND window
079.638 Send DATA 2 2, ID 20274
079.910 Recv DATA 3 11, ID 10259
079.910 Deliver DATA 3, ID 10259
079.910 Slide RECV window, expect 4 next
079.910 Acked DATA 11, slide SEND window
079.910 Send DATA 3 3, ID 20275
080.170 Recv DATA 4 11, ID 10260
080.170 Deliver DATA 4, ID 10260
080.170 Slide RECV window, expect 5 next
080.341 ---- ACK timeout
080.341 Send ACK  4
080.431 Recv DATA 5 12, ID 10261
080.431 Deliver DATA 5, ID 10261
080.431 Slide RECV window, expect 6 next
080.431 Acked DATA 12, slide SEND window
080.431 Send DATA 4 5, ID 20276
080.698 Recv DATA 6 13, ID 10262
080.698 Deliver DATA 6, ID 10262
080.698 .... 263 packets received, 6766 bps, 84.57%, Err 10 (1.7e-05)
080.698 Slide RECV window, expect 7 next
080.698 Acked DATA 13, slide SEND window
080.698 Send DATA 5 6, ID 20277
080.973 Recv DATA 7 14, ID 10263
080.973 Deliver DATA 7, ID 10263
080.973 Slide RECV window, expect 8 next
080.973 Acked DATA 14, slide SEND window
080.973 Send DATA 6 7, ID 20278
081.254 Recv DATA 8 15, ID 10264
081.254 Deliver DATA 8, ID 10264
081.254 Slide RECV window, expect 9 next
081.254 Acked DATA 15, slide SEND window
081.254 Send DATA 7 8, ID 20279
081.503 Recv DATA 9 0, ID 10265
081.503 Deliver DATA 9, ID 10265
081.503 Slide RECV window, expect 10 next
081.503 Acked DATA 0, slide SEND window
081.503 Send DATA 8 9, ID 20280
081.534 Recv ACK  1
081.534 Acked DATA 1, slide SEND window
081.534 Send DATA 9 9, ID 20281
081.766 Recv DATA 10 2, ID 10266
081.766 Deliver DATA 10, ID 10266
081.766 Slide RECV window, expect 11 next
081.766 Acked DATA 2, slide SEND window
081.766 Send DATA 10 10, ID 20282
082.006 Recv DATA 11 3, ID 10267
082.006 Deliver DATA 11, ID 10267
082.006 Slide RECV window, expect 12 next
082.006 Acked DATA 3, slide SEND window
082.006 Send DATA 11 11, ID 20283
082.318 Recv DATA 12 3, ID 10268
082.318 Deliver DATA 12, ID 10268
082.318 Slide RECV window, expect 13 next
082.490 ---- ACK timeout
082.490 Send ACK  12
082.607 Recv DATA 13 4, ID 10269
082.607 Deliver DATA 13, ID 10269
082.608 Slide RECV window, expect 14 next
082.608 Acked DATA 4, slide SEND window
082.608 Send DATA 12 13, ID 20284
082.819 Recv DATA 14 5, ID 10270
082.819 Deliver DATA 14, ID 10270
082.821 .... 271 packets received, 6791 bps, 84.88%, Err 10 (1.6e-05)
082.821 Slide RECV window, expect 15 next
082.821 Acked DATA 5, slide SEND window
082.821 Send DATA 13 14, ID 20285
083.063 Recv DATA 15 6, ID 10271
083.063 Deliver DATA 15, ID 10271
083.063 Slide RECV window, expect 0 next
083.063 Acked DATA 6, slide SEND window
083.063 Send DATA 14 15, ID 20286
083.333 Recv DATA 0 7, ID 10272
083.333 Deliver DATA 0, ID 10272
083.333 Slide RECV window, expect 1 next
083.333 Acked DATA 7, slide SEND window
083.333 Send DATA 15 0, ID 20287
083.615 Recv DATA 1 8, ID 10273
083.615 Deliver DATA 1, ID 10273
083.615 Slide RECV window, expect 2 next
083.615 Acked DATA 8, slide SEND window
083.615 Send DATA 0 1, ID 20288
083.616 Recv ACK  9
083.616 Acked DATA 9, slide SEND window
083.616 Send DATA 1 1, ID 20289
083.856 Recv DATA 2 10, ID 10274
083.856 Deliver DATA 2, ID 10274
083.856 Slide RECV window, expect 3 next
083.856 Acked DATA 10, slide SEND window
083.856 Send DATA 2 2, ID 20290
084.120 Recv DATA 3 11, ID 10275
084.120 Deliver DATA 3, ID 10275
084.120 Slide RECV window, expect 4 next
084.120 Acked DATA 11, slide SEND window
084.120 Send DATA 3 3, ID 20291
084.432 Recv DATA 4 11, ID 10276
084.432 Deliver DATA 4, ID 10276
084.432 Slide RECV window, expect 5 next
084.601 ---- ACK timeout
084.601 Send ACK  4
084.689 Recv DATA 5 12, ID 10277
084.689 Deliver DATA 5, ID 10277
084.689 Slide RECV window, expect 6 next
084.689 Acked DATA 12, slide SEND window
084.689 Send DATA 4 5, ID 20292
084.956 Recv DATA 6 13, ID 10278
084.956 Deliver DATA 6, ID 10278
084.956 .... 279 packets received, 6813 bps, 85.16%, Err 10 (1.6e-05)
084.956 Slide RECV window, expect 7 next
084.956 Acked DATA 13, slide SEND window
084.957 Send DATA 5 6, ID 20293
085.224 Recv DATA 7 14, ID 10279
085.225 Deliver DATA 7, ID 10279
085.225 Slide RECV window, expect 8 next
085.225 Acked DATA 14, slide SEND window
085.225 Recv NAK  15
085.225 ---- Resend DATA 15 on NAK
085.225 Send DATA 15 7, ID 20287
085.225 Send DATA 6 7, ID 20294
085.456 Recv DATA 8 14, ID 10280
085.456 Deliver DATA 8, ID 10280
085.456 Slide RECV window, expect 9 next
085.618 ---- ACK timeout
085.618 Send ACK  8
085.738 Recv DATA 9 14, ID 10281
085.738 Deliver DATA 9, ID 10281
085.738 Slide RECV window, expect 10 next
085.911 ---- ACK timeout
085.911 Send ACK  9
086.003 Recv DATA 10 14, ID 10282
086.003 Deliver DATA 10, ID 10282
086.003 Slide RECV window, expect 11 next
086.170 ---- ACK timeout
086.170 Send ACK  10
086.264 Recv DATA 11 14, ID 10283
086.264 Deliver DATA 11, ID 10283
086.264 Slide RECV window, expect 12 next
086.435 ---- ACK timeout
086.435 Send ACK  11
086.542 Recv DATA 12 14, ID 10284
086.542 Deliver DATA 12, ID 10284
086.542 Slide RECV window, expect 13 next
086.723 ---- ACK timeout
086.723 Send ACK  12
086.789 Recv DATA 13 14, ID 10285
086.789 Deliver DATA 13, ID 10285
086.789 Slide RECV window, expect 14 next
086.965 ---- ACK timeout
086.965 Send ACK  13
087.075 Recv DATA 14 4, ID 10286
087.075 Deliver DATA 14, ID 10286
087.075 .... 287 packets received, 6836 bps, 85.44%, Err 10 (1.6e-05)
087.075 Slide RECV window, expect 15 next
087.075 Acked DATA 15, slide SEND window
087.075 Acked DATA 0, slide SEND window
087.075 Acked DATA 1, slide SEND window
087.075 Acked DATA 2, slide SEND window
087.075 Acked DATA 3, slide SEND window
087.075 Acked DATA 4, slide SEND window
087.075 Send DATA 7 14, ID 20295
087.078 Send DATA 8 14, ID 20296
087.079 Send DATA 9 14, ID 20297
087.079 Send DATA 10 14, ID 20298
087.348 Recv DATA 15 4, ID 10287
087.348 Deliver DATA 15, ID 10287
087.348 Slide RECV window, expect 0 next
087.348 Send DATA 11 15, ID 20299
087.390 Recv NAK  5
087.390 ---- Resend DATA 5 on NAK
087.390 Send DATA 5 15, ID 20293
087.585 Recv DATA 0 4, ID 10288
087.585 Deliver DATA 0, ID 10288
087.585 Slide RECV window, expect 1 next
087.772 ---- ACK timeout
087.853 Recv DATA 1 4, ID 10289
087.853 Deliver DATA 1, ID 10289
087.853 Slide RECV window, expect 2 next
088.130 Recv DATA 2 4, ID 10290
088.130 Deliver DATA 2, ID 10290
088.130 Slide RECV window, expect 3 next
088.134 Send ACK  2
088.134 Send DATA 12 2, ID 20300
088.407 Recv DATA 3 4, ID 10291
088.407 Deliver DATA 3, ID 10291
088.407 Slide RECV window, expect 4 next
088.571 ---- ACK timeout
088.571 Send ACK  3
088.655 Recv DATA 4 4, ID 10292
088.655 Deliver DATA 4, ID 10292
088.656 Slide RECV window, expect 5 next
088.834 ---- ACK timeout
088.834 Send ACK  4
088.898 Recv DATA 5 4, ID 10293
088.898 Deliver DATA 5, ID 10293
088.898 Slide RECV window, expect 6 next
089.079 ---- ACK timeout
089.080 Send ACK  5
089.202 Recv DATA 6 4, ID 10294
089.202 Deliver DATA 6, ID 10294
089.202 .... 295 packets received, 6856 bps, 85.71%, Err 10 (1.5e-05)
089.202 Slide RECV window, expect 7 next
089.287 ---- DATA 6 timeout
089.287 Send DATA 6 6, ID 20294
089.437 Recv DATA 7 4, ID 10295
089.437 Deliver DATA 7, ID 10295
089.437 Slide RECV window, expect 8 next
089.619 ---- ACK timeout
089.619 Send ACK  7
089.687 Recv DATA 8 9, ID 10296
089.687 Deliver DATA 8, ID 10296
089.687 Slide RECV window, expect 9 next
089.687 Acked DATA 5, slide SEND window
089.687 Acked DATA 6, slide SEND window
089.687 Acked DATA 7, slide SEND window
089.687 Acked DATA 8, slide SEND window
089.687 Acked DATA 9, slide SEND window
089.687 Send DATA 13 8, ID 20301
089.694 Send DATA 14 8, ID 20302
089.694 Send DATA 15 8, ID 20303
089.694 Send DATA 0 8, ID 20304
089.957 Recv DATA 9 9, ID 10297
089.957 Deliver DATA 9, ID 10297
089.957 Slide RECV window, expect 10 next
090.125 ---- ACK timeout
090.125 Send ACK  9
090.125 Send DATA 1 9, ID 20305
090.224 Recv DATA 10 9, ID 10298
090.224 Deliver DATA 10, ID 10298
090.224 Slide RECV window, expect 11 next
090.276 Recv NAK  10
090.276 ---- Resend DATA 10 on NAK
090.276 Send DATA 10 10, ID 20298
090.508 Recv DATA 11 9, ID 10299
090.508 Deliver DATA 11, ID 10299
090.509 Slide RECV window, expect 12 next
090.670 ---- ACK timeout
090.670 Send ACK  11
090.787 Recv DATA 12 9, ID 10300
090.787 Deliver DATA 12, ID 10300
090.787 Slide RECV window, expect 13 next
090.963 ---- ACK timeout
090.963 Send ACK  12
091.040 Recv DATA 13 9, ID 10301
091.041 Deliver DATA 13, ID 10301
091.041 Slide RECV window, expect 14 next
091.216 ---- ACK timeout
091.216 Send ACK  13
091.306 Recv DATA 14 9, ID 10302
091.306 Deliver DATA 14, ID 10302
091.306 .... 303 packets received, 6878 bps, 85.98%, Err 10 (1.5e-05)
091.306 Slide RECV window, expect 15 next
091.487 ---- ACK timeout
091.487 Send ACK  14
091.548 Recv DATA 15 9, ID 10303
091.548 Deliver DATA 15, ID 10303
091.549 Slide RECV window, expect 0 next
091.605 ---- DATA 11 timeout
091.605 Send DATA 11 15, ID 20299
091.822 Recv DATA 0 9, ID 10304
091.822 Deliver DATA 0, ID 10304
091.823 Slide RECV window, expect 1 next
091.899 ---- DATA 12 timeout
091.899 Send DATA 12 0, ID 20300
092.103 Recv DATA 1 9, ID 10305
092.103 Deliver DATA 1, ID 10305
092.104 Slide RECV window, expect 2 next
092.278 ---- ACK timeout
092.278 Send ACK  1
092.321 Recv DATA 2 1, ID 10306
092.322 Deliver DATA 2, ID 10306
092.322 Slide RECV window, expect 3 next
092.322 Acked DATA 10, slide SEND window
092.322 Acked DATA 11, slide SEND window
092.322 Acked DATA 12, slide SEND window
092.322 Acked DATA 13, slide SEND window
092.322 Acked DATA 14, slide SEND window
092.322 Acked DATA 15, slide SEND window
092.322 Acked DATA 0, slide SEND window
092.322 Acked DATA 1, slide SEND window
092.322 Send DATA 2 2, ID 20306
092.326 Send DATA 3 2, ID 20307
092.326 Send DATA 4 2, ID 20308
092.326 Send DATA 5 2, ID 20309
092.629 Recv DATA 3 1, ID 10307
092.629 Deliver DATA 3, ID 10307
092.629 Slide RECV window, expect 4 next
092.629 Send DATA 6 3, ID 20310
092.874 Recv DATA 4 1, ID 10308
092.874 Deliver DATA 4, ID 10308
092.874 Slide RECV window, expect 5 next
092.874 Send DATA 7 4, ID 20311
093.162 Recv DATA 5 1, ID 10309
093.162 Deliver DATA 5, ID 10309
093.162 Slide RECV window, expect 6 next
093.162 Send DATA 8 5, ID 20312
093.404 Recv DATA 6 1, ID 10310
093.404 Deliver DATA 6, ID 10310
093.404 .... 311 packets received, 6899 bps, 86.24%, Err 10 (1.4e-05)
093.404 Slide RECV window, expect 7 next
093.405 Send DATA 9 6, ID 20313
093.683 Recv DATA 7 1, ID 10311
093.684 Deliver DATA 7, ID 10311
093.684 Slide RECV window, expect 8 next
093.850 ---- ACK timeout
093.850 Send ACK  7
093.948 Recv DATA 8 2, ID 10312
093.948 Deliver DATA 8, ID 10312
093.948 Slide RECV window, expect 9 next
093.948 Acked DATA 2, slide SEND window
093.948 Send DATA 10 8, ID 20314
094.200 Recv DATA 9 3, ID 10313
094.200 Deliver DATA 9, ID 10313
094.200 Slide RECV window, expect 10 next
094.200 Acked DATA 3, slide SEND window
094.200 Send DATA 11 9, ID 20315
094.485 Recv DATA 10 4, ID 10314
094.485 Deliver DATA 10, ID 10314
094.485 Slide RECV window, expect 11 next
094.485 Acked DATA 4, slide SEND window
094.486 Send DATA 12 10, ID 20316
094.507 Recv ACK  5
094.507 Acked DATA 5, slide SEND window
094.507 Send DATA 13 10, ID 20317
094.745 Recv DATA 11 6, ID 10315
094.745 Deliver DATA 11, ID 10315
094.745 Slide RECV window, expect 12 next
094.745 Acked DATA 6, slide SEND window
094.745 Send DATA 14 11, ID 20318
095.021 Recv DATA 12 7, ID 10316
095.021 Deliver DATA 12, ID 10316
095.021 Slide RECV window, expect 13 next
095.021 Acked DATA 7, slide SEND window
095.021 Send DATA 15 12, ID 20319
095.255 Recv DATA 13 8, ID 10317
095.256 Deliver DATA 13, ID 10317
095.256 Slide RECV window, expect 14 next
095.256 Acked DATA 8, slide SEND window
095.256 Send DATA 0 13, ID 20320
095.539 Recv DATA 14 9, ID 10318
095.539 Deliver DATA 14, ID 10318
095.539 .... 319 packets received, 6917 bps, 86.46%, Err 10 (1.4e-05)
095.540 Slide RECV window, expect 15 next
095.540 Acked DATA 9, slide SEND window
095.540 Send DATA 1 14, ID 20321
095.778 Recv DATA 15 9, ID 10319
095.778 Deliver DATA 15, ID 10319
095.778 Slide RECV window, expect 0 next
095.955 ---- ACK timeout
095.955 Send ACK  15
096.039 Recv DATA 0 10, ID 10320
096.039 Deliver DATA 0, ID 10320
096.039 Slide RECV window, expect 1 next
096.039 Acked DATA 10, slide SEND window
096.039 Send DATA 2 0, ID 20322
096.306 Recv DATA 1 11, ID 10321
096.306 Deliver DATA 1, ID 10321
096.306 Slide RECV window, expect 2 next
096.306 Acked DATA 11, slide SEND window
096.306 Send DATA 3 1, ID 20323
096.590 Recv DATA 2 12, ID 10322
096.590 Deliver DATA 2, ID 10322
096.590 Slide RECV window, expect 3 next
096.590 Acked DATA 12, slide SEND window
096.590 Send DATA 4 2, ID 20324
096.621 Recv ACK  13
096.621 Acked DATA 13, slide SEND window
096.621 Send DATA 5 2, ID 20325
096.865 Recv DATA 3 14, ID 10323
096.865 Deliver DATA 3, ID 10323
096.865 Slide RECV window, expect 4 next
096.865 Acked DATA 14, slide SEND window
096.865 Send DATA 6 3, ID 20326
097.096 Recv DATA 4 15, ID 10324
097.096 Deliver DATA 4, ID 10324
097.096 Slide RECV window, expect 5 next
097.096 Acked DATA 15, slide SEND window
097.274 ---- ACK timeout
097.274 Send ACK  4
097.275 Send DATA 7 4, ID 20327
097.417 Recv DATA 5 0, ID 10325
097.417 Deliver DATA 5, ID 10325
097.417 Slide RECV window, expect 6 next
097.417 Acked DATA 0, slide SEND window
097.417 Send DATA 8 5, ID 20328
097.690 Recv DATA 6 1, ID 10326
097.690 Deliver DATA 6, ID 10326
097.690 .... 327 packets received, 6932 bps, 86.66%, Err 10 (1.4e-05)
097.690 Slide RECV window, expect 7 next
097.690 Acked DATA 1, slide SEND window
097.690 Send DATA 9 6, ID 20329
097.903 Recv DATA 7 1, ID 10327
097.903 Deliver DATA 7, ID 10327
097.903 Slide RECV window, expect 8 next
098.072 ---- ACK timeout
098.072 Send ACK  7
098.163 Recv DATA 8 2, ID 10328
098.163 Deliver DATA 8, ID 10328
098.163 Slide RECV window, expect 9 next
098.163 Acked DATA 2, slide SEND window
098.164 Send DATA 10 8, ID 20330
098.439 Recv DATA 9 3, ID 10329
098.439 Deliver DATA 9, ID 10329
098.439 Slide RECV window, expect 10 next
098.439 Acked DATA 3, slide SEND window
098.440 Send DATA 11 9, ID 20331
098.539 Impose noise on received data, 11/732648=1.5E-05
098.703 Recv DATA 10 4, ID 10330
098.703 Deliver DATA 10, ID 10330
098.703 Slide RECV window, expect 11 next
098.703 Acked DATA 4, slide SEND window
098.703 Recv ACK  5
098.703 Acked DATA 5, slide SEND window
098.704 Send DATA 12 10, ID 20332
098.704 Send DATA 13 10, ID 20333
098.977 **** Receiver Error, Bad CRC Checksum
098.977 Request NAK for 11
098.978 Send NAK  11
099.238 Recv DATA 12 6, ID 10332
099.238 Acked DATA 6, slide SEND window
099.238 Recv ACK  7
099.238 Acked DATA 7, slide SEND window
099.238 Send DATA 14 10, ID 20334
099.239 Send DATA 15 10, ID 20335
099.540 Recv DATA 13 8, ID 10333
099.540 Acked DATA 8, slide SEND window
099.540 Send DATA 0 10, ID 20336
099.743 Recv DATA 14 9, ID 10334
099.743 Acked DATA 9, slide SEND window
100.021 Recv DATA 15 9, ID 10335
100.022 Send DATA 1 10, ID 20337
100.285 Recv DATA 0 10, ID 10336
100.285 Acked DATA 10, slide SEND window
100.285 Send DATA 2 10, ID 20338
100.589 Recv DATA 1 11, ID 10337
100.590 Acked DATA 11, slide SEND window
100.590 Send DATA 3 10, ID 20339
100.817 Recv DATA 2 12, ID 10338
100.817 Acked DATA 12, slide SEND window
100.817 Send DATA 4 10, ID 20340
101.098 Recv DATA 11 13, ID 10331
101.098 Deliver DATA 11, ID 10331
101.098 .... 332 packets received, 6799 bps, 84.98%, Err 11 (1.5e-05)
101.099 Deliver DATA 12, ID 10332
101.099 Deliver DATA 13, ID 10333
101.099 Deliver DATA 14, ID 10334
101.099 Deliver DATA 15, ID 10335
101.099 Deliver DATA 0, ID 10336
101.099 Deliver DATA 1, ID 10337
101.099 Deliver DATA 2, ID 10338
101.099 Slide RECV window, expect 3 next
101.099 Acked DATA 13, slide SEND window
101.099 Send DATA 5 2, ID 20341
101.285 Recv ACK  14
101.285 Acked DATA 14, slide SEND window
101.285 Send DATA 6 2, ID 20342
101.520 Recv ACK  15
101.520 Acked DATA 15, slide SEND window
101.521 Send DATA 7 2, ID 20343
101.852 Recv ACK  0
101.852 Acked DATA 0, slide SEND window
101.852 Send DATA 8 2, ID 20344
102.087 Recv ACK  1
102.087 Acked DATA 1, slide SEND window
102.087 Send DATA 9 2, ID 20345
102.172 Recv ACK  2
102.172 Acked DATA 2, slide SEND window
102.172 Recv ACK  3
102.172 Acked DATA 3, slide SEND window
102.173 Send DATA 10 2, ID 20346
102.424 Recv DATA 12 4, ID 10332
102.424 Ignore out-of-window DATA 12
102.424 Acked DATA 4, slide SEND window
102.424 Send DATA 11 2, ID 20347
102.658 Recv DATA 13 4, ID 10333
102.658 Ignore out-of-window DATA 13
102.841 ---- ACK timeout
102.842 Send ACK  2
102.842 Send DATA 12 2, ID 20348
102.921 Recv DATA 3 5, ID 10339
102.921 Deliver DATA 3, ID 10339
102.921 Slide RECV window, expect 4 next
102.921 Acked DATA 5, slide SEND window
103.106 ---- ACK timeout
103.106 Send ACK  3
103.106 Send DATA 13 3, ID 20349
103.234 Recv DATA 4 5, ID 10340
103.234 Deliver DATA 4, ID 10340
103.234 .... 341 packets received, 6837 bps, 85.46%, Err 11 (1.4e-05)
103.234 Slide RECV window, expect 5 next
103.409 ---- ACK timeout
103.409 Send ACK  4
103.487 Recv DATA 5 5, ID 10341
103.487 Deliver DATA 5, ID 10341
103.487 Slide RECV window, expect 6 next
103.669 ---- ACK timeout
103.669 Send ACK  5
103.725 Recv DATA 6 6, ID 10342
103.725 Deliver DATA 6, ID 10342
103.725 Slide RECV window, expect 7 next
103.725 Acked DATA 6, slide SEND window
103.726 Send DATA 14 6, ID 20350
103.789 Recv ACK  7
103.789 Acked DATA 7, slide SEND window
103.790 Send DATA 15 6, ID 20351
104.006 Recv DATA 7 7, ID 10343
104.007 Deliver DATA 7, ID 10343
104.007 Slide RECV window, expect 8 next
104.172 ---- ACK timeout
104.172 Send ACK  7
104.272 Recv DATA 8 8, ID 10344
104.272 Deliver DATA 8, ID 10344
104.272 Slide RECV window, expect 9 next
104.272 Acked DATA 8, slide SEND window
104.272 Send DATA 0 8, ID 20352
104.331 Recv ACK  9
104.331 Acked DATA 9, slide SEND window
104.331 Send DATA 1 8, ID 20353
104.552 Recv DATA 9 9, ID 10345
104.552 Deliver DATA 9, ID 10345
104.553 Slide RECV window, expect 10 next
104.572 Recv ACK  10
104.572 Acked DATA 10, slide SEND window
104.572 Send DATA 2 9, ID 20354
104.806 Recv DATA 10 10, ID 10346
104.806 Deliver DATA 10, ID 10346
104.806 Slide RECV window, expect 11 next
104.835 Recv ACK  11
104.835 Acked DATA 11, slide SEND window
104.836 Send DATA 3 10, ID 20355
105.073 Recv DATA 11 12, ID 10347
105.073 Deliver DATA 11, ID 10347
105.073 Slide RECV window, expect 12 next
105.073 Acked DATA 12, slide SEND window
105.073 Send DATA 4 11, ID 20356
105.347 Recv DATA 12 13, ID 10348
105.347 Deliver DATA 12, ID 10348
105.347 .... 349 packets received, 6855 bps, 85.69%, Err 11 (1.4e-05)
105.348 Slide RECV window, expect 13 next
105.348 Acked DATA 13, slide SEND window
105.348 Send DATA 5 12, ID 20357
105.606 Recv DATA 13 13, ID 10349
105.606 Deliver DATA 13, ID 10349
105.606 Slide RECV window, expect 14 next
105.639 Recv ACK  14
105.640 Acked DATA 14, slide SEND window
105.640 Send DATA 6 13, ID 20358
105.910 Recv DATA 14 14, ID 10350
105.910 Deliver DATA 14, ID 10350
105.910 Slide RECV window, expect 15 next
106.070 ---- ACK timeout
106.070 Send ACK  14
106.131 Recv DATA 15 15, ID 10351
106.131 Deliver DATA 15, ID 10351
106.131 Slide RECV window, expect 0 next
106.131 Acked DATA 15, slide SEND window
106.131 Send DATA 7 15, ID 20359
106.160 Recv ACK  0
106.161 Acked DATA 0, slide SEND window
106.161 Send DATA 8 15, ID 20360
106.418 Recv DATA 0 0, ID 10352
106.419 Deliver DATA 0, ID 10352
106.419 Slide RECV window, expect 1 next
106.470 Recv ACK  1
106.471 Acked DATA 1, slide SEND window
106.471 Send DATA 9 0, ID 20361
106.727 Recv DATA 1 2, ID 10353
106.727 Deliver DATA 1, ID 10353
106.727 Slide RECV window, expect 2 next
106.727 Acked DATA 2, slide SEND window
106.727 Send DATA 10 1, ID 20362
106.939 Recv DATA 2 3, ID 10354
106.939 Deliver DATA 2, ID 10354
106.939 Slide RECV window, expect 3 next
106.939 Acked DATA 3, slide SEND window
106.939 Send DATA 11 2, ID 20363
107.220 Recv DATA 3 4, ID 10355
107.220 Deliver DATA 3, ID 10355
107.220 Slide RECV window, expect 4 next
107.220 Acked DATA 4, slide SEND window
107.220 Send DATA 12 3, ID 20364
107.451 Recv DATA 4 5, ID 10356
107.451 Deliver DATA 4, ID 10356
107.451 .... 357 packets received, 6874 bps, 85.92%, Err 11 (1.4e-05)
107.451 Slide RECV window, expect 5 next
107.451 Acked DATA 5, slide SEND window
107.451 Send DATA 13 4, ID 20365
107.731 Recv DATA 5 6, ID 10357
107.731 Deliver DATA 5, ID 10357
107.731 Slide RECV window, expect 6 next
107.731 Acked DATA 6, slide SEND window
107.731 Send DATA 14 5, ID 20366
108.005 Recv DATA 6 6, ID 10358
108.005 Deliver DATA 6, ID 10358
108.005 Slide RECV window, expect 7 next
108.187 ---- ACK timeout
108.187 Send ACK  6
108.289 Recv DATA 7 7, ID 10359
108.289 Deliver DATA 7, ID 10359
108.289 Slide RECV window, expect 8 next
108.289 Acked DATA 7, slide SEND window
108.289 Recv ACK  8
108.289 Acked DATA 8, slide SEND window
108.290 Send DATA 15 7, ID 20367
108.290 Send DATA 0 7, ID 20368
108.557 Recv DATA 8 9, ID 10360
108.557 Deliver DATA 8, ID 10360
108.557 Slide RECV window, expect 9 next
108.557 Acked DATA 9, slide SEND window
108.557 Send DATA 1 8, ID 20369
108.835 Recv DATA 9 10, ID 10361
108.835 Deliver DATA 9, ID 10361
108.835 Slide RECV window, expect 10 next
108.835 Acked DATA 10, slide SEND window
108.835 Send DATA 2 9, ID 20370
109.084 Recv DATA 10 11, ID 10362
109.084 Deliver DATA 10, ID 10362
109.084 Slide RECV window, expect 11 next
109.084 Acked DATA 11, slide SEND window
109.084 Send DATA 3 10, ID 20371
109.344 Recv DATA 11 12, ID 10363
109.344 Deliver DATA 11, ID 10363
109.344 Slide RECV window, expect 12 next
109.344 Acked DATA 12, slide SEND window
109.344 Send DATA 4 11, ID 20372
109.608 Recv DATA 12 13, ID 10364
109.608 Deliver DATA 12, ID 10364
109.609 .... 365 packets received, 6888 bps, 86.10%, Err 11 (1.4e-05)
109.609 Slide RECV window, expect 13 next
109.609 Acked DATA 13, slide SEND window
109.609 Send DATA 5 12, ID 20373
109.910 Recv DATA 13 14, ID 10365
109.910 Deliver DATA 13, ID 10365
109.910 Slide RECV window, expect 14 next
109.910 Acked DATA 14, slide SEND window
109.910 Send DATA 6 13, ID 20374
110.133 Recv DATA 14 14, ID 10366
110.133 Deliver DATA 14, ID 10366
110.133 Slide RECV window, expect 15 next
110.191 Recv ACK  15
110.191 Acked DATA 15, slide SEND window
110.191 Send DATA 7 14, ID 20375
110.372 Recv DATA 15 15, ID 10367
110.372 Deliver DATA 15, ID 10367
110.372 Slide RECV window, expect 0 next
110.441 Recv ACK  0
110.442 Acked DATA 0, slide SEND window
110.442 Send DATA 8 15, ID 20376
110.551 Impose noise on received data, 12/820608=1.5E-05
110.667 Recv DATA 0 1, ID 10368
110.668 Deliver DATA 0, ID 10368
110.668 Slide RECV window, expect 1 next
110.668 Acked DATA 1, slide SEND window
110.668 Send DATA 9 0, ID 20377
110.939 **** Receiver Error, Bad CRC Checksum
110.939 Request NAK for 1
110.939 Send NAK  1
111.170 Recv DATA 2 3, ID 10370
111.170 Acked DATA 2, slide SEND window
111.170 Acked DATA 3, slide SEND window
111.171 Send DATA 10 0, ID 20378
111.171 Send DATA 11 0, ID 20379
111.436 Recv DATA 3 4, ID 10371
111.436 Acked DATA 4, slide SEND window
111.436 Send DATA 12 0, ID 20380
111.709 Impose noise on received data, 13/829640=1.6E-05
111.733 Recv DATA 4 5, ID 10372
111.733 Acked DATA 5, slide SEND window
111.733 Send DATA 13 0, ID 20381
112.009 **** Receiver Error, Bad CRC Checksum
112.258 Recv DATA 6 7, ID 10374
112.258 Acked DATA 6, slide SEND window
112.258 Acked DATA 7, slide SEND window
112.259 Send DATA 14 0, ID 20382
112.259 Send DATA 15 0, ID 20383
112.508 Recv DATA 7 8, ID 10375
112.508 Acked DATA 8, slide SEND window
112.508 Send DATA 0 0, ID 20384
112.770 Recv DATA 1 9, ID 10369
112.770 Deliver DATA 1, ID 10369
112.770 .... 370 packets received, 6785 bps, 84.81%, Err 13 (1.6e-05)
112.770 Deliver DATA 2, ID 10370
112.770 Deliver DATA 3, ID 10371
112.770 Deliver DATA 4, ID 10372
112.770 Slide RECV window, expect 5 next
112.770 Acked DATA 9, slide SEND window
112.771 Send DATA 1 4, ID 20385
113.023 Recv DATA 8 10, ID 10376
113.023 Request NAK for 5
113.023 Acked DATA 10, slide SEND window
113.023 Send NAK  5
113.024 Send DATA 2 4, ID 20386
113.054 Recv ACK  11
113.054 Acked DATA 11, slide SEND window
113.055 Send DATA 3 4, ID 20387
113.187 Recv ACK  12
113.187 Acked DATA 12, slide SEND window
113.217 Recv ACK  13
113.217 Acked DATA 13, slide SEND window
113.465 Recv ACK  14
113.465 Acked DATA 14, slide SEND window
113.465 Send DATA 4 4, ID 20388
113.782 Recv ACK  15
113.782 Acked DATA 15, slide SEND window
113.782 Send DATA 5 4, ID 20389
114.035 Recv ACK  0
114.035 Acked DATA 0, slide SEND window
114.035 Send DATA 6 4, ID 20390
114.363 Recv DATA 9 1, ID 10377
114.363 Acked DATA 1, slide SEND window
114.363 Send DATA 7 4, ID 20391
114.363 Send DATA 8 4, ID 20392
114.619 Recv DATA 10 1, ID 10378
114.619 Send DATA 9 4, ID 20393
114.902 Recv DATA 11 1, ID 10379
115.174 Recv DATA 12 1, ID 10380
115.430 Recv DATA 5 1, ID 10373
115.431 Deliver DATA 5, ID 10373
115.431 .... 374 packets received, 6699 bps, 83.73%, Err 13 (1.5e-05)
115.431 Deliver DATA 6, ID 10374
115.431 Deliver DATA 7, ID 10375
115.431 Deliver DATA 8, ID 10376
115.431 Deliver DATA 9, ID 10377
115.431 Deliver DATA 10, ID 10378
115.431 Deliver DATA 11, ID 10379
115.431 Deliver DATA 12, ID 10380
115.431 Slide RECV window, expect 13 next
115.457 Recv ACK  4
115.457 Acked DATA 2, slide SEND window
115.457 Acked DATA 3, slide SEND window
115.457 Acked DATA 4, slide SEND window
115.457 Send DATA 10 12, ID 20394
115.457 Send DATA 11 12, ID 20395
115.457 Send DATA 12 12, ID 20396
115.707 Recv DATA 6 5, ID 10374
115.707 Ignore out-of-window DATA 6
115.707 Acked DATA 5, slide SEND window
115.707 Send DATA 13 12, ID 20397
115.996 Recv DATA 7 6, ID 10375
115.996 Ignore out-of-window DATA 7
115.996 Acked DATA 6, slide SEND window
115.996 Send DATA 14 12, ID 20398
116.036 Recv ACK  7
116.036 Acked DATA 7, slide SEND window
116.272 Recv DATA 8 8, ID 10376
116.272 Ignore out-of-window DATA 8
116.272 Acked DATA 8, slide SEND window
116.272 Send DATA 15 12, ID 20399
116.386 Recv ACK  9
116.386 Acked DATA 9, slide SEND window
116.705 Recv DATA 13 10, ID 10381
116.705 Deliver DATA 13, ID 10381
116.705 Slide RECV window, expect 14 next
116.705 Acked DATA 10, slide SEND window
116.705 Send DATA 0 13, ID 20400
116.705 Send DATA 1 13, ID 20401
116.969 Recv DATA 14 10, ID 10382
116.969 Deliver DATA 14, ID 10382
116.969 Slide RECV window, expect 15 next
117.152 ---- ACK timeout
117.152 Send ACK  14
117.152 Send DATA 2 14, ID 20402
117.266 Recv DATA 15 10, ID 10383
117.266 Deliver DATA 15, ID 10383
117.266 Slide RECV window, expect 0 next
117.446 ---- ACK timeout
117.446 Send ACK  15
117.548 Recv DATA 0 10, ID 10384
117.548 Deliver DATA 0, ID 10384
117.548 .... 385 packets received, 6770 bps, 84.63%, Err 13 (1.5e-05)
117.548 Slide RECV window, expect 1 next
117.722 ---- ACK timeout
117.722 Send ACK  0
117.781 Recv DATA 1 11, ID 10385
117.781 Deliver DATA 1, ID 10385
117.781 Slide RECV window, expect 2 next
117.781 Acked DATA 11, slide SEND window
117.781 Send DATA 3 1, ID 20403
118.046 Recv DATA 2 12, ID 10386
118.046 Deliver DATA 2, ID 10386
118.046 Slide RECV window, expect 3 next
118.046 Acked DATA 12, slide SEND window
118.046 Send DATA 4 2, ID 20404
118.303 Recv DATA 3 13, ID 10387
118.303 Deliver DATA 3, ID 10387
118.303 Slide RECV window, expect 4 next
118.303 Acked DATA 13, slide SEND window
118.303 Send DATA 5 3, ID 20405
118.333 Recv ACK  14
118.333 Acked DATA 14, slide SEND window
118.333 Send DATA 6 3, ID 20406
118.603 Recv DATA 4 14, ID 10388
118.603 Deliver DATA 4, ID 10388
118.603 Slide RECV window, expect 5 next
118.652 Recv ACK  15
118.652 Acked DATA 15, slide SEND window
118.652 Send DATA 7 4, ID 20407
118.871 Recv DATA 5 0, ID 10389
118.871 Deliver DATA 5, ID 10389
118.871 Slide RECV window, expect 6 next
118.871 Acked DATA 0, slide SEND window
118.871 Send DATA 8 5, ID 20408
119.132 Recv DATA 6 1, ID 10390
119.132 Deliver DATA 6, ID 10390
119.132 Slide RECV window, expect 7 next
119.132 Acked DATA 1, slide SEND window
119.132 Send DATA 9 6, ID 20409
119.418 Recv DATA 7 2, ID 10391
119.418 Deliver DATA 7, ID 10391
119.418 Slide RECV window, expect 8 next
119.418 Acked DATA 2, slide SEND window
119.418 Send DATA 10 7, ID 20410
119.657 Recv DATA 8 2, ID 10392
119.657 Deliver DATA 8, ID 10392
119.657 .... 393 packets received, 6788 bps, 84.85%, Err 13 (1.5e-05)
119.657 Slide RECV window, expect 9 next
119.657 Recv ACK  3
119.657 Acked DATA 3, slide SEND window
119.657 Send DATA 11 8, ID 20411
119.941 Recv DATA 9 3, ID 10393
119.941 Deliver DATA 9, ID 10393
119.941 Slide RECV window, expect 10 next
119.972 Recv ACK  4
119.972 Acked DATA 4, slide SEND window
119.972 Send DATA 12 9, ID 20412
120.058 Quit.
