000.000 =============================================================
000.000                     Station A                               
000.000 -------------------------------------------------------------
000.000 Protocol.lib, version 4.0, jiangyanjun0718@bupt.edu.cn
000.000 Channel: 8000 bps, 270 ms propagation delay, bit error rate 0
000.000 Log file "C:\code\CN-Lab1-Windows-VS2017\tmp\acktimer-resume-smoke-root\04-无误码校验-2min\resume-utopia-flood-ack120-20260516-220525-A.log", TCP port 62004, debug mask 0x07
000.000 Station A is waiting for station B on TCP port 62004 ... Done.
000.951 New epoch: Sat May 16 22:05:25 2026
000.951 =================================================================
000.951 
000.951 Designed by Jiang Yanjun, build: May 16 2026  21:16:58
000.951 Send DATA 0 15, ID 10000
000.951 Send DATA 1 15, ID 10001
000.951 Send DATA 2 15, ID 10002
001.509 Recv DATA 0 15, ID 20000
001.509 Deliver DATA 0, ID 20000
001.509 Slide RECV window, expect 1 next
001.509 Send DATA 3 0, ID 10003
001.510 Send DATA 4 0, ID 10004
001.510 Send DATA 5 0, ID 10005
001.789 Recv DATA 1 15, ID 20001
001.789 Deliver DATA 1, ID 20001
001.789 Slide RECV window, expect 2 next
001.790 Send DATA 6 1, ID 10006
002.043 Quit.
