000.000 =============================================================
000.000                     Station A                               
000.000 -------------------------------------------------------------
000.000 Protocol.lib, version 4.0, jiangyanjun0718@bupt.edu.cn
000.000 Channel: 8000 bps, 270 ms propagation delay, bit error rate 0
000.000 Log file "C:\code\CN-Lab1-Windows-VS2017\docs\测试记录\4.3-ACK搭载定时器\ack-opt-dt2200-bg3-20260516-211648\04-无误码校验-2min\resume-utopia-flood-ack120-20260516-222552-A.log", TCP port 62003, debug mask 0x07
000.000 Station A is waiting for station B on TCP port 62003 ... Done.
000.695 New epoch: Sat May 16 22:25:52 2026
000.695 =================================================================
000.695 
000.695 Designed by Jiang Yanjun, build: May 16 2026  21:16:58
000.695 Send DATA 0 15, ID 10000
000.695 Send DATA 1 15, ID 10001
000.695 Send DATA 2 15, ID 10002
001.260 Recv DATA 0 15, ID 20000
001.260 Deliver DATA 0, ID 20000
001.260 Slide RECV window, expect 1 next
001.260 Send DATA 3 0, ID 10003
001.260 Send DATA 4 0, ID 10004
001.260 Send DATA 5 0, ID 10005
001.490 Recv DATA 1 15, ID 20001
001.490 Deliver DATA 1, ID 20001
001.490 Slide RECV window, expect 2 next
001.623 ---- ACK timeout
001.623 Send ACK  1
001.623 Send DATA 6 1, ID 10006
001.775 Recv DATA 2 15, ID 20002
001.775 Deliver DATA 2, ID 20002
001.775 Slide RECV window, expect 3 next
001.908 ---- ACK timeout
001.908 Send ACK  2
001.908 Send DATA 7 2, ID 10007
002.023 Recv DATA 3 0, ID 20003
002.023 Deliver DATA 3, ID 20003
002.023 Slide RECV window, expect 4 next
002.023 Acked DATA 0, slide SEND window
002.158 ---- ACK timeout
002.158 Send ACK  3
002.158 Send DATA 8 3, ID 10008
002.310 Recv DATA 4 0, ID 20004
002.310 Deliver DATA 4, ID 20004
002.310 Slide RECV window, expect 5 next
002.438 ---- ACK timeout
002.438 Send ACK  4
002.642 Recv DATA 5 0, ID 20005
002.642 Deliver DATA 5, ID 20005
002.642 Slide RECV window, expect 6 next
002.772 ---- ACK timeout
002.772 Send ACK  5
002.838 Recv DATA 6 1, ID 20006
002.838 Deliver DATA 6, ID 20006
002.839 Slide RECV window, expect 7 next
002.839 Acked DATA 1, slide SEND window
002.839 Send DATA 9 6, ID 10009
002.891 Recv ACK  2
002.891 Acked DATA 2, slide SEND window
002.891 Send DATA 10 6, ID 10010
003.109 Recv DATA 7 2, ID 20007
003.109 Deliver DATA 7, ID 20007
003.109 .... 8 packets received, 7617 bps, 95.21%, Err 0 (0.0e+00)
003.109 Slide RECV window, expect 8 next
003.158 Recv ACK  3
003.158 Acked DATA 3, slide SEND window
003.158 Send DATA 11 7, ID 10011
003.377 Recv DATA 8 3, ID 20008
003.377 Deliver DATA 8, ID 20008
003.377 Slide RECV window, expect 9 next
003.406 Recv ACK  4
003.406 Acked DATA 4, slide SEND window
003.406 Send DATA 12 8, ID 10012
003.641 Recv DATA 9 5, ID 20009
003.641 Deliver DATA 9, ID 20009
003.641 Slide RECV window, expect 10 next
003.642 Acked DATA 5, slide SEND window
003.642 Send DATA 13 9, ID 10013
003.906 Recv DATA 10 6, ID 20010
003.906 Deliver DATA 10, ID 20010
003.906 Slide RECV window, expect 11 next
003.906 Acked DATA 6, slide SEND window
003.907 Send DATA 14 10, ID 10014
004.175 Recv DATA 11 7, ID 20011
004.175 Deliver DATA 11, ID 20011
004.175 Slide RECV window, expect 12 next
004.175 Acked DATA 7, slide SEND window
004.175 Send DATA 15 11, ID 10015
004.442 Recv DATA 12 8, ID 20012
004.442 Deliver DATA 12, ID 20012
004.442 Slide RECV window, expect 13 next
004.442 Acked DATA 8, slide SEND window
004.442 Send DATA 0 12, ID 10016
004.724 Recv DATA 13 8, ID 20013
004.724 Deliver DATA 13, ID 20013
004.724 Slide RECV window, expect 14 next
004.725 Recv ACK  9
004.725 Acked DATA 9, slide SEND window
004.725 Send DATA 1 13, ID 10017
004.974 Recv DATA 14 9, ID 20014
004.974 Deliver DATA 14, ID 20014
004.974 Slide RECV window, expect 15 next
004.991 Recv ACK  10
004.991 Acked DATA 10, slide SEND window
004.991 Send DATA 2 14, ID 10018
005.256 Recv DATA 15 11, ID 20015
005.256 Deliver DATA 15, ID 20015
005.256 .... 16 packets received, 7624 bps, 95.30%, Err 0 (0.0e+00)
005.256 Slide RECV window, expect 0 next
005.256 Acked DATA 11, slide SEND window
005.257 Send DATA 3 15, ID 10019
005.490 Recv DATA 0 12, ID 20016
005.490 Deliver DATA 0, ID 20016
005.490 Slide RECV window, expect 1 next
005.490 Acked DATA 12, slide SEND window
005.490 Send DATA 4 0, ID 10020
005.757 Recv DATA 1 13, ID 20017
005.757 Deliver DATA 1, ID 20017
005.757 Slide RECV window, expect 2 next
005.757 Acked DATA 13, slide SEND window
005.757 Send DATA 5 1, ID 10021
006.037 Recv DATA 2 14, ID 20018
006.037 Deliver DATA 2, ID 20018
006.037 Slide RECV window, expect 3 next
006.037 Acked DATA 14, slide SEND window
006.037 Send DATA 6 2, ID 10022
006.323 Recv DATA 3 15, ID 20019
006.323 Deliver DATA 3, ID 20019
006.336 Slide RECV window, expect 4 next
006.336 Acked DATA 15, slide SEND window
006.336 Send DATA 7 3, ID 10023
006.611 Recv DATA 4 0, ID 20020
006.611 Deliver DATA 4, ID 20020
006.611 Slide RECV window, expect 5 next
006.611 Acked DATA 0, slide SEND window
006.611 Send DATA 8 4, ID 10024
006.840 Recv DATA 5 1, ID 20021
006.840 Deliver DATA 5, ID 20021
006.840 Slide RECV window, expect 6 next
006.840 Acked DATA 1, slide SEND window
006.840 Send DATA 9 5, ID 10025
007.091 Recv DATA 6 2, ID 20022
007.091 Deliver DATA 6, ID 20022
007.091 Slide RECV window, expect 7 next
007.091 Acked DATA 2, slide SEND window
007.091 Send DATA 10 6, ID 10026
007.356 Recv DATA 7 3, ID 20023
007.356 Deliver DATA 7, ID 20023
007.356 .... 24 packets received, 7682 bps, 96.03%, Err 0 (0.0e+00)
007.356 Slide RECV window, expect 8 next
007.356 Acked DATA 3, slide SEND window
007.357 Send DATA 11 7, ID 10027
007.626 Recv DATA 8 4, ID 20024
007.626 Deliver DATA 8, ID 20024
007.626 Slide RECV window, expect 9 next
007.626 Acked DATA 4, slide SEND window
007.626 Send DATA 12 8, ID 10028
007.891 Recv DATA 9 5, ID 20025
007.891 Deliver DATA 9, ID 20025
007.891 Slide RECV window, expect 10 next
007.891 Acked DATA 5, slide SEND window
007.891 Send DATA 13 9, ID 10029
008.173 Recv DATA 10 6, ID 20026
008.173 Deliver DATA 10, ID 20026
008.174 Slide RECV window, expect 11 next
008.174 Acked DATA 6, slide SEND window
008.174 Send DATA 14 10, ID 10030
008.411 Recv DATA 11 7, ID 20027
008.411 Deliver DATA 11, ID 20027
008.411 Slide RECV window, expect 12 next
008.411 Acked DATA 7, slide SEND window
008.411 Send DATA 15 11, ID 10031
008.657 Recv DATA 12 8, ID 20028
008.657 Deliver DATA 12, ID 20028
008.657 Slide RECV window, expect 13 next
008.657 Acked DATA 8, slide SEND window
008.658 Send DATA 0 12, ID 10032
008.975 Recv DATA 13 9, ID 20029
008.975 Deliver DATA 13, ID 20029
008.975 Slide RECV window, expect 14 next
008.975 Acked DATA 9, slide SEND window
008.975 Send DATA 1 13, ID 10033
009.191 Recv DATA 14 10, ID 20030
009.191 Deliver DATA 14, ID 20030
009.191 Slide RECV window, expect 15 next
009.191 Acked DATA 10, slide SEND window
009.192 Send DATA 2 14, ID 10034
009.460 Recv DATA 15 11, ID 20031
009.460 Deliver DATA 15, ID 20031
009.460 .... 32 packets received, 7708 bps, 96.35%, Err 0 (0.0e+00)
009.460 Slide RECV window, expect 0 next
009.460 Acked DATA 11, slide SEND window
009.460 Send DATA 3 15, ID 10035
009.724 Recv DATA 0 12, ID 20032
009.725 Deliver DATA 0, ID 20032
009.725 Slide RECV window, expect 1 next
009.725 Acked DATA 12, slide SEND window
009.725 Send DATA 4 0, ID 10036
009.975 Recv DATA 1 13, ID 20033
009.975 Deliver DATA 1, ID 20033
009.976 Slide RECV window, expect 2 next
009.976 Acked DATA 13, slide SEND window
009.976 Send DATA 5 1, ID 10037
010.285 Recv DATA 2 14, ID 20034
010.285 Deliver DATA 2, ID 20034
010.285 Slide RECV window, expect 3 next
010.285 Acked DATA 14, slide SEND window
010.285 Send DATA 6 2, ID 10038
010.571 Recv DATA 3 15, ID 20035
010.571 Deliver DATA 3, ID 20035
010.571 Slide RECV window, expect 4 next
010.571 Acked DATA 15, slide SEND window
010.571 Send DATA 7 3, ID 10039
010.808 Recv DATA 4 0, ID 20036
010.808 Deliver DATA 4, ID 20036
010.808 Slide RECV window, expect 5 next
010.808 Acked DATA 0, slide SEND window
010.808 Send DATA 8 4, ID 10040
011.075 Recv DATA 5 1, ID 20037
011.075 Deliver DATA 5, ID 20037
011.075 Slide RECV window, expect 6 next
011.075 Acked DATA 1, slide SEND window
011.076 Send DATA 9 5, ID 10041
011.341 Recv DATA 6 2, ID 20038
011.341 Deliver DATA 6, ID 20038
011.341 Slide RECV window, expect 7 next
011.341 Acked DATA 2, slide SEND window
011.342 Send DATA 10 6, ID 10042
011.591 Recv DATA 7 3, ID 20039
011.591 Deliver DATA 7, ID 20039
011.591 .... 40 packets received, 7704 bps, 96.30%, Err 0 (0.0e+00)
011.591 Slide RECV window, expect 8 next
011.591 Acked DATA 3, slide SEND window
011.592 Send DATA 11 7, ID 10043
011.858 Recv DATA 8 4, ID 20040
011.858 Deliver DATA 8, ID 20040
011.858 Slide RECV window, expect 9 next
011.858 Acked DATA 4, slide SEND window
011.858 Send DATA 12 8, ID 10044
012.106 Recv DATA 9 5, ID 20041
012.106 Deliver DATA 9, ID 20041
012.106 Slide RECV window, expect 10 next
012.106 Acked DATA 5, slide SEND window
012.106 Send DATA 13 9, ID 10045
012.391 Recv DATA 10 6, ID 20042
012.391 Deliver DATA 10, ID 20042
012.391 Slide RECV window, expect 11 next
012.391 Acked DATA 6, slide SEND window
012.391 Send DATA 14 10, ID 10046
012.626 Recv DATA 11 7, ID 20043
012.626 Deliver DATA 11, ID 20043
012.626 Slide RECV window, expect 12 next
012.626 Acked DATA 7, slide SEND window
012.626 Send DATA 15 11, ID 10047
012.890 Recv DATA 12 8, ID 20044
012.890 Deliver DATA 12, ID 20044
012.890 Slide RECV window, expect 13 next
012.890 Acked DATA 8, slide SEND window
012.890 Send DATA 0 12, ID 10048
013.159 Recv DATA 13 9, ID 20045
013.159 Deliver DATA 13, ID 20045
013.159 Slide RECV window, expect 14 next
013.159 Acked DATA 9, slide SEND window
013.159 Send DATA 1 13, ID 10049
013.405 Recv DATA 14 10, ID 20046
013.405 Deliver DATA 14, ID 20046
013.405 Slide RECV window, expect 15 next
013.405 Acked DATA 10, slide SEND window
013.406 Send DATA 2 14, ID 10050
013.704 Recv DATA 15 11, ID 20047
013.704 Deliver DATA 15, ID 20047
013.704 .... 48 packets received, 7713 bps, 96.41%, Err 0 (0.0e+00)
013.705 Slide RECV window, expect 0 next
013.705 Acked DATA 11, slide SEND window
013.705 Send DATA 3 15, ID 10051
013.986 Recv DATA 0 12, ID 20048
013.987 Deliver DATA 0, ID 20048
013.987 Slide RECV window, expect 1 next
013.987 Acked DATA 12, slide SEND window
013.987 Send DATA 4 0, ID 10052
014.239 Recv DATA 1 13, ID 20049
014.239 Deliver DATA 1, ID 20049
014.239 Slide RECV window, expect 2 next
014.239 Acked DATA 13, slide SEND window
014.239 Send DATA 5 1, ID 10053
014.505 Recv DATA 2 14, ID 20050
014.505 Deliver DATA 2, ID 20050
014.505 Slide RECV window, expect 3 next
014.505 Acked DATA 14, slide SEND window
014.506 Send DATA 6 2, ID 10054
014.772 Recv DATA 3 15, ID 20051
014.772 Deliver DATA 3, ID 20051
014.772 Slide RECV window, expect 4 next
014.772 Acked DATA 15, slide SEND window
014.773 Send DATA 7 3, ID 10055
015.055 Recv DATA 4 0, ID 20052
015.055 Deliver DATA 4, ID 20052
015.055 Slide RECV window, expect 5 next
015.055 Acked DATA 0, slide SEND window
015.056 Send DATA 8 4, ID 10056
015.275 Recv DATA 5 1, ID 20053
015.275 Deliver DATA 5, ID 20053
015.275 Slide RECV window, expect 6 next
015.275 Acked DATA 1, slide SEND window
015.275 Send DATA 9 5, ID 10057
015.541 Recv DATA 6 2, ID 20054
015.541 Deliver DATA 6, ID 20054
015.541 Slide RECV window, expect 7 next
015.541 Acked DATA 2, slide SEND window
015.541 Send DATA 10 6, ID 10058
015.809 Recv DATA 7 3, ID 20055
015.809 Deliver DATA 7, ID 20055
015.809 .... 56 packets received, 7723 bps, 96.53%, Err 0 (0.0e+00)
015.809 Slide RECV window, expect 8 next
015.809 Acked DATA 3, slide SEND window
015.810 Send DATA 11 7, ID 10059
016.088 Recv DATA 8 4, ID 20056
016.088 Deliver DATA 8, ID 20056
016.088 Slide RECV window, expect 9 next
016.088 Acked DATA 4, slide SEND window
016.089 Send DATA 12 8, ID 10060
016.355 Recv DATA 9 5, ID 20057
016.355 Deliver DATA 9, ID 20057
016.355 Slide RECV window, expect 10 next
016.355 Acked DATA 5, slide SEND window
016.356 Send DATA 13 9, ID 10061
016.602 Recv DATA 10 6, ID 20058
016.602 Deliver DATA 10, ID 20058
016.602 Slide RECV window, expect 11 next
016.602 Acked DATA 6, slide SEND window
016.602 Send DATA 14 10, ID 10062
016.858 Recv DATA 11 7, ID 20059
016.858 Deliver DATA 11, ID 20059
016.858 Slide RECV window, expect 12 next
016.858 Acked DATA 7, slide SEND window
016.858 Send DATA 15 11, ID 10063
017.122 Recv DATA 12 8, ID 20060
017.122 Deliver DATA 12, ID 20060
017.122 Slide RECV window, expect 13 next
017.122 Acked DATA 8, slide SEND window
017.122 Send DATA 0 12, ID 10064
017.391 Recv DATA 13 9, ID 20061
017.391 Deliver DATA 13, ID 20061
017.391 Slide RECV window, expect 14 next
017.391 Acked DATA 9, slide SEND window
017.391 Send DATA 1 13, ID 10065
017.655 Recv DATA 14 10, ID 20062
017.655 Deliver DATA 14, ID 20062
017.655 Slide RECV window, expect 15 next
017.655 Acked DATA 10, slide SEND window
017.666 Send DATA 2 14, ID 10066
017.951 Recv DATA 15 11, ID 20063
017.951 Deliver DATA 15, ID 20063
017.951 .... 64 packets received, 7713 bps, 96.42%, Err 0 (0.0e+00)
017.951 Slide RECV window, expect 0 next
017.951 Acked DATA 11, slide SEND window
017.951 Send DATA 3 15, ID 10067
018.156 Recv DATA 0 12, ID 20064
018.156 Deliver DATA 0, ID 20064
018.156 Slide RECV window, expect 1 next
018.156 Acked DATA 12, slide SEND window
018.156 Send DATA 4 0, ID 10068
018.441 Recv DATA 1 13, ID 20065
018.442 Deliver DATA 1, ID 20065
018.442 Slide RECV window, expect 2 next
018.442 Acked DATA 13, slide SEND window
018.442 Send DATA 5 1, ID 10069
018.724 Recv DATA 2 14, ID 20066
018.724 Deliver DATA 2, ID 20066
018.725 Slide RECV window, expect 3 next
018.725 Acked DATA 14, slide SEND window
018.725 Send DATA 6 2, ID 10070
018.955 Recv DATA 3 15, ID 20067
018.955 Deliver DATA 3, ID 20067
018.955 Slide RECV window, expect 4 next
018.955 Acked DATA 15, slide SEND window
018.955 Send DATA 7 3, ID 10071
019.215 Recv DATA 4 0, ID 20068
019.216 Deliver DATA 4, ID 20068
019.216 Slide RECV window, expect 5 next
019.216 Acked DATA 0, slide SEND window
019.216 Send DATA 8 4, ID 10072
019.508 Recv DATA 5 1, ID 20069
019.508 Deliver DATA 5, ID 20069
019.508 Slide RECV window, expect 6 next
019.508 Acked DATA 1, slide SEND window
019.509 Send DATA 9 5, ID 10073
019.791 Recv DATA 6 2, ID 20070
019.791 Deliver DATA 6, ID 20070
019.791 Slide RECV window, expect 7 next
019.791 Acked DATA 2, slide SEND window
019.792 Send DATA 10 6, ID 10074
020.075 Recv DATA 7 3, ID 20071
020.075 Deliver DATA 7, ID 20071
020.075 .... 72 packets received, 7713 bps, 96.42%, Err 0 (0.0e+00)
020.075 Slide RECV window, expect 8 next
020.075 Acked DATA 3, slide SEND window
020.075 Send DATA 11 7, ID 10075
020.315 Recv DATA 8 4, ID 20072
020.315 Deliver DATA 8, ID 20072
020.315 Slide RECV window, expect 9 next
020.315 Acked DATA 4, slide SEND window
020.315 Send DATA 12 8, ID 10076
020.559 Recv DATA 9 5, ID 20073
020.559 Deliver DATA 9, ID 20073
020.559 Slide RECV window, expect 10 next
020.559 Acked DATA 5, slide SEND window
020.559 Send DATA 13 9, ID 10077
020.861 Recv DATA 10 6, ID 20074
020.861 Deliver DATA 10, ID 20074
020.861 Slide RECV window, expect 11 next
020.861 Acked DATA 6, slide SEND window
020.861 Send DATA 14 10, ID 10078
021.090 Recv DATA 11 7, ID 20075
021.090 Deliver DATA 11, ID 20075
021.090 Slide RECV window, expect 12 next
021.090 Acked DATA 7, slide SEND window
021.090 Send DATA 15 11, ID 10079
021.352 Recv DATA 12 8, ID 20076
021.352 Deliver DATA 12, ID 20076
021.352 Slide RECV window, expect 13 next
021.352 Acked DATA 8, slide SEND window
021.352 Send DATA 0 12, ID 10080
021.639 Recv DATA 13 9, ID 20077
021.639 Deliver DATA 13, ID 20077
021.639 Slide RECV window, expect 14 next
021.639 Acked DATA 9, slide SEND window
021.640 Send DATA 1 13, ID 10081
021.874 Recv DATA 14 10, ID 20078
021.875 Deliver DATA 14, ID 20078
021.875 Slide RECV window, expect 15 next
021.875 Acked DATA 10, slide SEND window
021.875 Send DATA 2 14, ID 10082
022.174 Recv DATA 15 11, ID 20079
022.174 Deliver DATA 15, ID 20079
022.174 .... 80 packets received, 7722 bps, 96.53%, Err 0 (0.0e+00)
022.174 Slide RECV window, expect 0 next
022.174 Acked DATA 11, slide SEND window
022.174 Send DATA 3 15, ID 10083
022.422 Recv DATA 0 12, ID 20080
022.422 Deliver DATA 0, ID 20080
022.422 Slide RECV window, expect 1 next
022.422 Acked DATA 12, slide SEND window
022.422 Send DATA 4 0, ID 10084
022.707 Recv DATA 1 13, ID 20081
022.707 Deliver DATA 1, ID 20081
022.707 Slide RECV window, expect 2 next
022.707 Acked DATA 13, slide SEND window
022.707 Send DATA 5 1, ID 10085
022.969 Recv DATA 2 14, ID 20082
022.969 Deliver DATA 2, ID 20082
022.969 Slide RECV window, expect 3 next
022.969 Acked DATA 14, slide SEND window
022.969 Send DATA 6 2, ID 10086
023.205 Recv DATA 3 15, ID 20083
023.205 Deliver DATA 3, ID 20083
023.205 Slide RECV window, expect 4 next
023.205 Acked DATA 15, slide SEND window
023.205 Send DATA 7 3, ID 10087
023.454 Recv DATA 4 0, ID 20084
023.454 Deliver DATA 4, ID 20084
023.466 Slide RECV window, expect 5 next
023.466 Acked DATA 0, slide SEND window
023.466 Send DATA 8 4, ID 10088
023.740 Recv DATA 5 1, ID 20085
023.741 Deliver DATA 5, ID 20085
023.741 Slide RECV window, expect 6 next
023.741 Acked DATA 1, slide SEND window
023.741 Send DATA 9 5, ID 10089
023.985 Recv DATA 6 2, ID 20086
023.985 Deliver DATA 6, ID 20086
023.985 Slide RECV window, expect 7 next
023.985 Acked DATA 2, slide SEND window
023.985 Send DATA 10 6, ID 10090
024.259 Recv DATA 7 3, ID 20087
024.259 Deliver DATA 7, ID 20087
024.259 .... 88 packets received, 7735 bps, 96.69%, Err 0 (0.0e+00)
024.259 Slide RECV window, expect 8 next
024.259 Acked DATA 3, slide SEND window
024.259 Send DATA 11 7, ID 10091
024.522 Recv DATA 8 4, ID 20088
024.522 Deliver DATA 8, ID 20088
024.522 Slide RECV window, expect 9 next
024.522 Acked DATA 4, slide SEND window
024.522 Send DATA 12 8, ID 10092
024.791 Recv DATA 9 5, ID 20089
024.791 Deliver DATA 9, ID 20089
024.791 Slide RECV window, expect 10 next
024.791 Acked DATA 5, slide SEND window
024.792 Send DATA 13 9, ID 10093
025.075 Recv DATA 10 6, ID 20090
025.075 Deliver DATA 10, ID 20090
025.075 Slide RECV window, expect 11 next
025.075 Acked DATA 6, slide SEND window
025.075 Send DATA 14 10, ID 10094
025.308 Recv DATA 11 7, ID 20091
025.308 Deliver DATA 11, ID 20091
025.308 Slide RECV window, expect 12 next
025.308 Acked DATA 7, slide SEND window
025.309 Send DATA 15 11, ID 10095
025.558 Recv DATA 12 8, ID 20092
025.558 Deliver DATA 12, ID 20092
025.558 Slide RECV window, expect 13 next
025.558 Acked DATA 8, slide SEND window
025.558 Send DATA 0 12, ID 10096
025.840 Recv DATA 13 9, ID 20093
025.840 Deliver DATA 13, ID 20093
025.840 Slide RECV window, expect 14 next
025.840 Acked DATA 9, slide SEND window
025.840 Send DATA 1 13, ID 10097
026.089 Recv DATA 14 10, ID 20094
026.089 Deliver DATA 14, ID 20094
026.089 Slide RECV window, expect 15 next
026.089 Acked DATA 10, slide SEND window
026.089 Send DATA 2 14, ID 10098
026.358 Recv DATA 15 11, ID 20095
026.358 Deliver DATA 15, ID 20095
026.358 .... 96 packets received, 7740 bps, 96.76%, Err 0 (0.0e+00)
026.358 Slide RECV window, expect 0 next
026.358 Acked DATA 11, slide SEND window
026.358 Send DATA 3 15, ID 10099
026.620 Recv DATA 0 12, ID 20096
026.620 Deliver DATA 0, ID 20096
026.620 Slide RECV window, expect 1 next
026.620 Acked DATA 12, slide SEND window
026.620 Send DATA 4 0, ID 10100
026.891 Recv DATA 1 13, ID 20097
026.891 Deliver DATA 1, ID 20097
026.891 Slide RECV window, expect 2 next
026.891 Acked DATA 13, slide SEND window
026.891 Send DATA 5 1, ID 10101
027.170 Recv DATA 2 14, ID 20098
027.170 Deliver DATA 2, ID 20098
027.170 Slide RECV window, expect 3 next
027.170 Acked DATA 14, slide SEND window
027.171 Send DATA 6 2, ID 10102
027.408 Recv DATA 3 15, ID 20099
027.408 Deliver DATA 3, ID 20099
027.408 Slide RECV window, expect 4 next
027.408 Acked DATA 15, slide SEND window
027.408 Send DATA 7 3, ID 10103
027.674 Recv DATA 4 0, ID 20100
027.674 Deliver DATA 4, ID 20100
027.674 Slide RECV window, expect 5 next
027.675 Acked DATA 0, slide SEND window
027.675 Send DATA 8 4, ID 10104
027.954 Recv DATA 5 1, ID 20101
027.954 Deliver DATA 5, ID 20101
027.954 Slide RECV window, expect 6 next
027.954 Acked DATA 1, slide SEND window
027.955 Send DATA 9 5, ID 10105
028.192 Recv DATA 6 2, ID 20102
028.192 Deliver DATA 6, ID 20102
028.192 Slide RECV window, expect 7 next
028.192 Acked DATA 2, slide SEND window
028.192 Send DATA 10 6, ID 10106
028.459 Recv DATA 7 3, ID 20103
028.459 Deliver DATA 7, ID 20103
028.459 .... 104 packets received, 7745 bps, 96.81%, Err 0 (0.0e+00)
028.460 Slide RECV window, expect 8 next
028.460 Acked DATA 3, slide SEND window
028.460 Send DATA 11 7, ID 10107
028.720 Recv DATA 8 4, ID 20104
028.720 Deliver DATA 8, ID 20104
028.720 Slide RECV window, expect 9 next
028.720 Acked DATA 4, slide SEND window
028.721 Send DATA 12 8, ID 10108
028.985 Recv DATA 9 5, ID 20105
028.985 Deliver DATA 9, ID 20105
028.985 Slide RECV window, expect 10 next
028.985 Acked DATA 5, slide SEND window
028.985 Send DATA 13 9, ID 10109
029.285 Recv DATA 10 6, ID 20106
029.286 Deliver DATA 10, ID 20106
029.286 Slide RECV window, expect 11 next
029.286 Acked DATA 6, slide SEND window
029.286 Send DATA 14 10, ID 10110
029.574 Recv DATA 11 7, ID 20107
029.574 Deliver DATA 11, ID 20107
029.574 Slide RECV window, expect 12 next
029.574 Acked DATA 7, slide SEND window
029.574 Send DATA 15 11, ID 10111
029.819 Recv DATA 12 8, ID 20108
029.819 Deliver DATA 12, ID 20108
029.819 Slide RECV window, expect 13 next
029.819 Acked DATA 8, slide SEND window
029.819 Send DATA 0 12, ID 10112
030.105 Recv DATA 13 9, ID 20109
030.105 Deliver DATA 13, ID 20109
030.105 Slide RECV window, expect 14 next
030.105 Acked DATA 9, slide SEND window
030.105 Send DATA 1 13, ID 10113
030.338 Recv DATA 14 10, ID 20110
030.338 Deliver DATA 14, ID 20110
030.338 Slide RECV window, expect 15 next
030.338 Acked DATA 10, slide SEND window
030.338 Send DATA 2 14, ID 10114
030.572 Recv DATA 15 11, ID 20111
030.572 Deliver DATA 15, ID 20111
030.572 .... 112 packets received, 7746 bps, 96.82%, Err 0 (0.0e+00)
030.572 Slide RECV window, expect 0 next
030.572 Acked DATA 11, slide SEND window
030.573 Send DATA 3 15, ID 10115
030.842 Recv DATA 0 12, ID 20112
030.842 Deliver DATA 0, ID 20112
030.842 Slide RECV window, expect 1 next
030.842 Acked DATA 12, slide SEND window
030.843 Send DATA 4 0, ID 10116
031.116 Recv DATA 1 13, ID 20113
031.116 Deliver DATA 1, ID 20113
031.116 Slide RECV window, expect 2 next
031.116 Acked DATA 13, slide SEND window
031.116 Send DATA 5 1, ID 10117
031.404 Recv DATA 2 14, ID 20114
031.404 Deliver DATA 2, ID 20114
031.404 Slide RECV window, expect 3 next
031.404 Acked DATA 14, slide SEND window
031.404 Send DATA 6 2, ID 10118
031.689 Recv DATA 3 15, ID 20115
031.689 Deliver DATA 3, ID 20115
031.689 Slide RECV window, expect 4 next
031.689 Acked DATA 15, slide SEND window
031.689 Send DATA 7 3, ID 10119
031.923 Recv DATA 4 0, ID 20116
031.923 Deliver DATA 4, ID 20116
031.923 Slide RECV window, expect 5 next
031.923 Acked DATA 0, slide SEND window
031.924 Send DATA 8 4, ID 10120
032.155 Recv DATA 5 1, ID 20117
032.155 Deliver DATA 5, ID 20117
032.155 Slide RECV window, expect 6 next
032.155 Acked DATA 1, slide SEND window
032.155 Send DATA 9 5, ID 10121
032.425 Recv DATA 6 2, ID 20118
032.425 Deliver DATA 6, ID 20118
032.425 Slide RECV window, expect 7 next
032.425 Acked DATA 2, slide SEND window
032.425 Send DATA 10 6, ID 10122
032.689 Recv DATA 7 3, ID 20119
032.689 Deliver DATA 7, ID 20119
032.690 .... 120 packets received, 7745 bps, 96.81%, Err 0 (0.0e+00)
032.690 Slide RECV window, expect 8 next
032.690 Acked DATA 3, slide SEND window
032.690 Send DATA 11 7, ID 10123
032.987 Recv DATA 8 4, ID 20120
032.988 Deliver DATA 8, ID 20120
032.988 Slide RECV window, expect 9 next
032.988 Acked DATA 4, slide SEND window
032.988 Send DATA 12 8, ID 10124
033.223 Recv DATA 9 5, ID 20121
033.223 Deliver DATA 9, ID 20121
033.223 Slide RECV window, expect 10 next
033.223 Acked DATA 5, slide SEND window
033.223 Send DATA 13 9, ID 10125
033.533 Recv DATA 10 6, ID 20122
033.534 Deliver DATA 10, ID 20122
033.534 Slide RECV window, expect 11 next
033.534 Acked DATA 6, slide SEND window
033.534 Send DATA 14 10, ID 10126
033.734 Recv DATA 11 7, ID 20123
033.734 Deliver DATA 11, ID 20123
033.734 Slide RECV window, expect 12 next
033.734 Acked DATA 7, slide SEND window
033.734 Send DATA 15 11, ID 10127
034.021 Recv DATA 12 8, ID 20124
034.021 Deliver DATA 12, ID 20124
034.022 Slide RECV window, expect 13 next
034.022 Acked DATA 8, slide SEND window
034.022 Send DATA 0 12, ID 10128
034.292 Recv DATA 13 9, ID 20125
034.292 Deliver DATA 13, ID 20125
034.292 Slide RECV window, expect 14 next
034.292 Acked DATA 9, slide SEND window
034.293 Send DATA 1 13, ID 10129
034.560 Recv DATA 14 10, ID 20126
034.560 Deliver DATA 14, ID 20126
034.560 Slide RECV window, expect 15 next
034.560 Acked DATA 10, slide SEND window
034.561 Send DATA 2 14, ID 10130
034.805 Recv DATA 15 11, ID 20127
034.805 Deliver DATA 15, ID 20127
034.805 .... 128 packets received, 7745 bps, 96.81%, Err 0 (0.0e+00)
034.816 Slide RECV window, expect 0 next
034.816 Acked DATA 11, slide SEND window
034.817 Send DATA 3 15, ID 10131
035.104 Recv DATA 0 12, ID 20128
035.104 Deliver DATA 0, ID 20128
035.104 Slide RECV window, expect 1 next
035.104 Acked DATA 12, slide SEND window
035.104 Send DATA 4 0, ID 10132
035.341 Recv DATA 1 13, ID 20129
035.341 Deliver DATA 1, ID 20129
035.341 Slide RECV window, expect 2 next
035.341 Acked DATA 13, slide SEND window
035.341 Send DATA 5 1, ID 10133
035.608 Recv DATA 2 14, ID 20130
035.608 Deliver DATA 2, ID 20130
035.608 Slide RECV window, expect 3 next
035.608 Acked DATA 14, slide SEND window
035.608 Send DATA 6 2, ID 10134
035.858 Recv DATA 3 15, ID 20131
035.858 Deliver DATA 3, ID 20131
035.858 Slide RECV window, expect 4 next
035.858 Acked DATA 15, slide SEND window
035.858 Send DATA 7 3, ID 10135
036.123 Recv DATA 4 0, ID 20132
036.123 Deliver DATA 4, ID 20132
036.123 Slide RECV window, expect 5 next
036.123 Acked DATA 0, slide SEND window
036.123 Send DATA 8 4, ID 10136
036.372 Recv DATA 5 1, ID 20133
036.372 Deliver DATA 5, ID 20133
036.372 Slide RECV window, expect 6 next
036.372 Acked DATA 1, slide SEND window
036.372 Send DATA 9 5, ID 10137
036.641 Recv DATA 6 2, ID 20134
036.641 Deliver DATA 6, ID 20134
036.641 Slide RECV window, expect 7 next
036.641 Acked DATA 2, slide SEND window
036.642 Send DATA 10 6, ID 10138
036.923 Recv DATA 7 3, ID 20135
036.923 Deliver DATA 7, ID 20135
036.923 .... 136 packets received, 7744 bps, 96.81%, Err 0 (0.0e+00)
036.924 Slide RECV window, expect 8 next
036.924 Acked DATA 3, slide SEND window
036.924 Send DATA 11 7, ID 10139
037.221 Recv DATA 8 4, ID 20136
037.221 Deliver DATA 8, ID 20136
037.221 Slide RECV window, expect 9 next
037.221 Acked DATA 4, slide SEND window
037.221 Send DATA 12 8, ID 10140
037.456 Recv DATA 9 5, ID 20137
037.456 Deliver DATA 9, ID 20137
037.456 Slide RECV window, expect 10 next
037.456 Acked DATA 5, slide SEND window
037.456 Send DATA 13 9, ID 10141
037.724 Recv DATA 10 6, ID 20138
037.724 Deliver DATA 10, ID 20138
037.724 Slide RECV window, expect 11 next
037.724 Acked DATA 6, slide SEND window
037.725 Send DATA 14 10, ID 10142
037.993 Recv DATA 11 7, ID 20139
037.993 Deliver DATA 11, ID 20139
037.993 Slide RECV window, expect 12 next
037.993 Acked DATA 7, slide SEND window
037.994 Send DATA 15 11, ID 10143
038.240 Recv DATA 12 8, ID 20140
038.240 Deliver DATA 12, ID 20140
038.240 Slide RECV window, expect 13 next
038.241 Acked DATA 8, slide SEND window
038.241 Send DATA 0 12, ID 10144
038.506 Recv DATA 13 9, ID 20141
038.506 Deliver DATA 13, ID 20141
038.506 Slide RECV window, expect 14 next
038.506 Acked DATA 9, slide SEND window
038.507 Send DATA 1 13, ID 10145
038.774 Recv DATA 14 10, ID 20142
038.774 Deliver DATA 14, ID 20142
038.774 Slide RECV window, expect 15 next
038.774 Acked DATA 10, slide SEND window
038.775 Send DATA 2 14, ID 10146
039.055 Recv DATA 15 11, ID 20143
039.055 Deliver DATA 15, ID 20143
039.056 .... 144 packets received, 7741 bps, 96.76%, Err 0 (0.0e+00)
039.056 Slide RECV window, expect 0 next
039.056 Acked DATA 11, slide SEND window
039.056 Send DATA 3 15, ID 10147
039.324 Recv DATA 0 12, ID 20144
039.324 Deliver DATA 0, ID 20144
039.324 Slide RECV window, expect 1 next
039.324 Acked DATA 12, slide SEND window
039.324 Send DATA 4 0, ID 10148
039.592 Recv DATA 1 13, ID 20145
039.592 Deliver DATA 1, ID 20145
039.592 Slide RECV window, expect 2 next
039.592 Acked DATA 13, slide SEND window
039.592 Send DATA 5 1, ID 10149
039.855 Recv DATA 2 14, ID 20146
039.855 Deliver DATA 2, ID 20146
039.855 Slide RECV window, expect 3 next
039.855 Acked DATA 14, slide SEND window
039.855 Send DATA 6 2, ID 10150
040.089 Recv DATA 3 15, ID 20147
040.089 Deliver DATA 3, ID 20147
040.089 Slide RECV window, expect 4 next
040.089 Acked DATA 15, slide SEND window
040.089 Send DATA 7 3, ID 10151
040.371 Recv DATA 4 0, ID 20148
040.371 Deliver DATA 4, ID 20148
040.371 Slide RECV window, expect 5 next
040.371 Acked DATA 0, slide SEND window
040.371 Send DATA 8 4, ID 10152
040.638 Recv DATA 5 1, ID 20149
040.638 Deliver DATA 5, ID 20149
040.649 Slide RECV window, expect 6 next
040.649 Acked DATA 1, slide SEND window
040.649 Send DATA 9 5, ID 10153
040.924 Recv DATA 6 2, ID 20150
040.924 Deliver DATA 6, ID 20150
040.924 Slide RECV window, expect 7 next
040.924 Acked DATA 2, slide SEND window
040.924 Send DATA 10 6, ID 10154
041.208 Recv DATA 7 3, ID 20151
041.208 Deliver DATA 7, ID 20151
041.208 .... 152 packets received, 7734 bps, 96.68%, Err 0 (0.0e+00)
041.208 Slide RECV window, expect 8 next
041.208 Acked DATA 3, slide SEND window
041.208 Send DATA 11 7, ID 10155
041.438 Recv DATA 8 4, ID 20152
041.439 Deliver DATA 8, ID 20152
041.439 Slide RECV window, expect 9 next
041.439 Acked DATA 4, slide SEND window
041.439 Send DATA 12 8, ID 10156
041.687 Recv DATA 9 5, ID 20153
041.687 Deliver DATA 9, ID 20153
041.687 Slide RECV window, expect 10 next
041.687 Acked DATA 5, slide SEND window
041.687 Send DATA 13 9, ID 10157
041.974 Recv DATA 10 6, ID 20154
041.975 Deliver DATA 10, ID 20154
041.975 Slide RECV window, expect 11 next
041.975 Acked DATA 6, slide SEND window
041.975 Send DATA 14 10, ID 10158
042.203 Recv DATA 11 7, ID 20155
042.203 Deliver DATA 11, ID 20155
042.203 Slide RECV window, expect 12 next
042.203 Acked DATA 7, slide SEND window
042.204 Send DATA 15 11, ID 10159
042.475 Recv DATA 12 8, ID 20156
042.475 Deliver DATA 12, ID 20156
042.475 Slide RECV window, expect 13 next
042.476 Acked DATA 8, slide SEND window
042.476 Send DATA 0 12, ID 10160
042.726 Recv DATA 13 9, ID 20157
042.726 Deliver DATA 13, ID 20157
042.726 Slide RECV window, expect 14 next
042.727 Acked DATA 9, slide SEND window
042.727 Send DATA 1 13, ID 10161
043.008 Recv DATA 14 10, ID 20158
043.008 Deliver DATA 14, ID 20158
043.008 Slide RECV window, expect 15 next
043.008 Acked DATA 10, slide SEND window
043.009 Send DATA 2 14, ID 10162
043.276 Recv DATA 15 11, ID 20159
043.276 Deliver DATA 15, ID 20159
043.276 .... 160 packets received, 7743 bps, 96.79%, Err 0 (0.0e+00)
043.276 Slide RECV window, expect 0 next
043.276 Acked DATA 11, slide SEND window
043.276 Send DATA 3 15, ID 10163
043.540 Recv DATA 0 12, ID 20160
043.540 Deliver DATA 0, ID 20160
043.540 Slide RECV window, expect 1 next
043.540 Acked DATA 12, slide SEND window
043.541 Send DATA 4 0, ID 10164
043.818 Recv DATA 1 13, ID 20161
043.818 Deliver DATA 1, ID 20161
043.818 Slide RECV window, expect 2 next
043.819 Acked DATA 13, slide SEND window
043.819 Send DATA 5 1, ID 10165
044.055 Recv DATA 2 14, ID 20162
044.055 Deliver DATA 2, ID 20162
044.055 Slide RECV window, expect 3 next
044.055 Acked DATA 14, slide SEND window
044.055 Send DATA 6 2, ID 10166
044.325 Recv DATA 3 15, ID 20163
044.325 Deliver DATA 3, ID 20163
044.325 Slide RECV window, expect 4 next
044.325 Acked DATA 15, slide SEND window
044.326 Send DATA 7 3, ID 10167
044.590 Recv DATA 4 0, ID 20164
044.590 Deliver DATA 4, ID 20164
044.590 Slide RECV window, expect 5 next
044.590 Acked DATA 0, slide SEND window
044.591 Send DATA 8 4, ID 10168
044.859 Recv DATA 5 1, ID 20165
044.859 Deliver DATA 5, ID 20165
044.860 Slide RECV window, expect 6 next
044.860 Acked DATA 1, slide SEND window
044.860 Send DATA 9 5, ID 10169
045.091 Recv DATA 6 2, ID 20166
045.091 Deliver DATA 6, ID 20166
045.091 Slide RECV window, expect 7 next
045.091 Acked DATA 2, slide SEND window
045.091 Send DATA 10 6, ID 10170
045.357 Recv DATA 7 3, ID 20167
045.357 Deliver DATA 7, ID 20167
045.357 .... 168 packets received, 7749 bps, 96.87%, Err 0 (0.0e+00)
045.358 Slide RECV window, expect 8 next
045.358 Acked DATA 3, slide SEND window
045.358 Send DATA 11 7, ID 10171
045.658 Recv DATA 8 4, ID 20168
045.658 Deliver DATA 8, ID 20168
045.658 Slide RECV window, expect 9 next
045.658 Acked DATA 4, slide SEND window
045.658 Send DATA 12 8, ID 10172
045.892 Recv DATA 9 5, ID 20169
045.892 Deliver DATA 9, ID 20169
045.892 Slide RECV window, expect 10 next
045.892 Acked DATA 5, slide SEND window
045.892 Send DATA 13 9, ID 10173
046.156 Recv DATA 10 6, ID 20170
046.156 Deliver DATA 10, ID 20170
046.156 Slide RECV window, expect 11 next
046.156 Acked DATA 6, slide SEND window
046.156 Send DATA 14 10, ID 10174
046.420 Recv DATA 11 7, ID 20171
046.420 Deliver DATA 11, ID 20171
046.420 Slide RECV window, expect 12 next
046.420 Acked DATA 7, slide SEND window
046.420 Send DATA 15 11, ID 10175
046.695 Recv DATA 12 8, ID 20172
046.695 Deliver DATA 12, ID 20172
046.695 Slide RECV window, expect 13 next
046.695 Acked DATA 8, slide SEND window
046.695 Send DATA 0 12, ID 10176
046.942 Recv DATA 13 9, ID 20173
046.942 Deliver DATA 13, ID 20173
046.942 Slide RECV window, expect 14 next
046.942 Acked DATA 9, slide SEND window
046.942 Send DATA 1 13, ID 10177
047.209 Recv DATA 14 10, ID 20174
047.210 Deliver DATA 14, ID 20174
047.210 Slide RECV window, expect 15 next
047.210 Acked DATA 10, slide SEND window
047.210 Send DATA 2 14, ID 10178
047.474 Recv DATA 15 11, ID 20175
047.474 Deliver DATA 15, ID 20175
047.474 .... 176 packets received, 7749 bps, 96.86%, Err 0 (0.0e+00)
047.474 Slide RECV window, expect 0 next
047.474 Acked DATA 11, slide SEND window
047.474 Send DATA 3 15, ID 10179
047.742 Recv DATA 0 12, ID 20176
047.742 Deliver DATA 0, ID 20176
047.742 Slide RECV window, expect 1 next
047.742 Acked DATA 12, slide SEND window
047.742 Send DATA 4 0, ID 10180
048.007 Recv DATA 1 13, ID 20177
048.007 Deliver DATA 1, ID 20177
048.007 Slide RECV window, expect 2 next
048.007 Acked DATA 13, slide SEND window
048.008 Send DATA 5 1, ID 10181
048.275 Recv DATA 2 14, ID 20178
048.275 Deliver DATA 2, ID 20178
048.275 Slide RECV window, expect 3 next
048.275 Acked DATA 14, slide SEND window
048.276 Send DATA 6 2, ID 10182
048.538 Recv DATA 3 15, ID 20179
048.538 Deliver DATA 3, ID 20179
048.538 Slide RECV window, expect 4 next
048.538 Acked DATA 15, slide SEND window
048.538 Send DATA 7 3, ID 10183
048.809 Recv DATA 4 0, ID 20180
048.809 Deliver DATA 4, ID 20180
048.809 Slide RECV window, expect 5 next
048.809 Acked DATA 0, slide SEND window
048.809 Send DATA 8 4, ID 10184
049.090 Recv DATA 5 1, ID 20181
049.090 Deliver DATA 5, ID 20181
049.090 Slide RECV window, expect 6 next
049.091 Acked DATA 1, slide SEND window
049.091 Send DATA 9 5, ID 10185
049.321 Recv DATA 6 2, ID 20182
049.322 Deliver DATA 6, ID 20182
049.322 Slide RECV window, expect 7 next
049.322 Acked DATA 2, slide SEND window
049.322 Send DATA 10 6, ID 10186
049.590 Recv DATA 7 3, ID 20183
049.590 Deliver DATA 7, ID 20183
049.590 .... 184 packets received, 7749 bps, 96.86%, Err 0 (0.0e+00)
049.590 Slide RECV window, expect 8 next
049.590 Acked DATA 3, slide SEND window
049.591 Send DATA 11 7, ID 10187
049.840 Recv DATA 8 4, ID 20184
049.840 Deliver DATA 8, ID 20184
049.840 Slide RECV window, expect 9 next
049.840 Acked DATA 4, slide SEND window
049.841 Send DATA 12 8, ID 10188
050.106 Recv DATA 9 5, ID 20185
050.106 Deliver DATA 9, ID 20185
050.106 Slide RECV window, expect 10 next
050.106 Acked DATA 5, slide SEND window
050.106 Send DATA 13 9, ID 10189
050.391 Recv DATA 10 6, ID 20186
050.391 Deliver DATA 10, ID 20186
050.391 Slide RECV window, expect 11 next
050.391 Acked DATA 6, slide SEND window
050.391 Send DATA 14 10, ID 10190
050.672 Recv DATA 11 7, ID 20187
050.672 Deliver DATA 11, ID 20187
050.672 Slide RECV window, expect 12 next
050.672 Acked DATA 7, slide SEND window
050.673 Send DATA 15 11, ID 10191
050.956 Recv DATA 12 8, ID 20188
050.956 Deliver DATA 12, ID 20188
050.956 Slide RECV window, expect 13 next
050.956 Acked DATA 8, slide SEND window
050.957 Send DATA 0 12, ID 10192
051.155 Recv DATA 13 9, ID 20189
051.155 Deliver DATA 13, ID 20189
051.156 Slide RECV window, expect 14 next
051.156 Acked DATA 9, slide SEND window
051.156 Send DATA 1 13, ID 10193
051.458 Recv DATA 14 10, ID 20190
051.458 Deliver DATA 14, ID 20190
051.458 Slide RECV window, expect 15 next
051.458 Acked DATA 10, slide SEND window
051.458 Send DATA 2 14, ID 10194
051.723 Recv DATA 15 11, ID 20191
051.723 Deliver DATA 15, ID 20191
051.723 .... 192 packets received, 7746 bps, 96.82%, Err 0 (0.0e+00)
051.724 Slide RECV window, expect 0 next
051.724 Acked DATA 11, slide SEND window
051.724 Send DATA 3 15, ID 10195
051.991 Recv DATA 0 12, ID 20192
051.991 Deliver DATA 0, ID 20192
051.991 Slide RECV window, expect 1 next
051.991 Acked DATA 12, slide SEND window
051.992 Send DATA 4 0, ID 10196
052.242 Recv DATA 1 13, ID 20193
052.242 Deliver DATA 1, ID 20193
052.242 Slide RECV window, expect 2 next
052.242 Acked DATA 13, slide SEND window
052.242 Send DATA 5 1, ID 10197
052.507 Recv DATA 2 14, ID 20194
052.507 Deliver DATA 2, ID 20194
052.507 Slide RECV window, expect 3 next
052.507 Acked DATA 14, slide SEND window
052.507 Send DATA 6 2, ID 10198
052.756 Recv DATA 3 15, ID 20195
052.756 Deliver DATA 3, ID 20195
052.756 Slide RECV window, expect 4 next
052.756 Acked DATA 15, slide SEND window
052.756 Send DATA 7 3, ID 10199
053.024 Recv DATA 4 0, ID 20196
053.024 Deliver DATA 4, ID 20196
053.024 Slide RECV window, expect 5 next
053.024 Acked DATA 0, slide SEND window
053.025 Send DATA 8 4, ID 10200
053.287 Recv DATA 5 1, ID 20197
053.287 Deliver DATA 5, ID 20197
053.287 Slide RECV window, expect 6 next
053.287 Acked DATA 1, slide SEND window
053.288 Send DATA 9 5, ID 10201
053.555 Recv DATA 6 2, ID 20198
053.555 Deliver DATA 6, ID 20198
053.555 Slide RECV window, expect 7 next
053.555 Acked DATA 2, slide SEND window
053.556 Send DATA 10 6, ID 10202
053.837 Recv DATA 7 3, ID 20199
053.837 Deliver DATA 7, ID 20199
053.837 .... 200 packets received, 7746 bps, 96.82%, Err 0 (0.0e+00)
053.837 Slide RECV window, expect 8 next
053.837 Acked DATA 3, slide SEND window
053.838 Send DATA 11 7, ID 10203
054.091 Recv DATA 8 4, ID 20200
054.091 Deliver DATA 8, ID 20200
054.091 Slide RECV window, expect 9 next
054.091 Acked DATA 4, slide SEND window
054.091 Send DATA 12 8, ID 10204
054.358 Recv DATA 9 5, ID 20201
054.359 Deliver DATA 9, ID 20201
054.359 Slide RECV window, expect 10 next
054.359 Acked DATA 5, slide SEND window
054.359 Send DATA 13 9, ID 10205
054.634 Recv DATA 10 6, ID 20202
054.634 Deliver DATA 10, ID 20202
054.634 Slide RECV window, expect 11 next
054.634 Acked DATA 6, slide SEND window
054.635 Send DATA 14 10, ID 10206
054.868 Recv DATA 11 7, ID 20203
054.868 Deliver DATA 11, ID 20203
054.868 Slide RECV window, expect 12 next
054.868 Acked DATA 7, slide SEND window
054.868 Send DATA 15 11, ID 10207
055.157 Recv DATA 12 8, ID 20204
055.157 Deliver DATA 12, ID 20204
055.157 Slide RECV window, expect 13 next
055.158 Acked DATA 8, slide SEND window
055.158 Send DATA 0 12, ID 10208
055.422 Recv DATA 13 9, ID 20205
055.422 Deliver DATA 13, ID 20205
055.422 Slide RECV window, expect 14 next
055.422 Acked DATA 9, slide SEND window
055.423 Send DATA 1 13, ID 10209
055.692 Recv DATA 14 10, ID 20206
055.692 Deliver DATA 14, ID 20206
055.692 Slide RECV window, expect 15 next
055.692 Acked DATA 10, slide SEND window
055.693 Send DATA 2 14, ID 10210
055.957 Recv DATA 15 11, ID 20207
055.957 Deliver DATA 15, ID 20207
055.957 .... 208 packets received, 7745 bps, 96.82%, Err 0 (0.0e+00)
055.957 Slide RECV window, expect 0 next
055.957 Acked DATA 11, slide SEND window
055.957 Send DATA 3 15, ID 10211
056.224 Recv DATA 0 12, ID 20208
056.224 Deliver DATA 0, ID 20208
056.224 Slide RECV window, expect 1 next
056.224 Acked DATA 12, slide SEND window
056.224 Send DATA 4 0, ID 10212
056.474 Recv DATA 1 13, ID 20209
056.474 Deliver DATA 1, ID 20209
056.474 Slide RECV window, expect 2 next
056.475 Acked DATA 13, slide SEND window
056.475 Send DATA 5 1, ID 10213
056.720 Recv DATA 2 14, ID 20210
056.720 Deliver DATA 2, ID 20210
056.720 Slide RECV window, expect 3 next
056.720 Acked DATA 14, slide SEND window
056.720 Send DATA 6 2, ID 10214
057.005 Recv DATA 3 15, ID 20211
057.005 Deliver DATA 3, ID 20211
057.005 Slide RECV window, expect 4 next
057.005 Acked DATA 15, slide SEND window
057.005 Send DATA 7 3, ID 10215
057.256 Recv DATA 4 0, ID 20212
057.256 Deliver DATA 4, ID 20212
057.256 Slide RECV window, expect 5 next
057.256 Acked DATA 0, slide SEND window
057.257 Send DATA 8 4, ID 10216
057.538 Recv DATA 5 1, ID 20213
057.538 Deliver DATA 5, ID 20213
057.538 Slide RECV window, expect 6 next
057.538 Acked DATA 1, slide SEND window
057.538 Send DATA 9 5, ID 10217
057.817 Recv DATA 6 2, ID 20214
057.817 Deliver DATA 6, ID 20214
057.818 Slide RECV window, expect 7 next
057.818 Acked DATA 2, slide SEND window
057.818 Send DATA 10 6, ID 10218
058.073 Recv DATA 7 3, ID 20215
058.073 Deliver DATA 7, ID 20215
058.073 .... 216 packets received, 7745 bps, 96.82%, Err 0 (0.0e+00)
058.073 Slide RECV window, expect 8 next
058.073 Acked DATA 3, slide SEND window
058.074 Send DATA 11 7, ID 10219
058.306 Recv DATA 8 4, ID 20216
058.306 Deliver DATA 8, ID 20216
058.306 Slide RECV window, expect 9 next
058.306 Acked DATA 4, slide SEND window
058.306 Send DATA 12 8, ID 10220
058.590 Recv DATA 9 5, ID 20217
058.590 Deliver DATA 9, ID 20217
058.590 Slide RECV window, expect 10 next
058.590 Acked DATA 5, slide SEND window
058.590 Send DATA 13 9, ID 10221
058.823 Recv DATA 10 6, ID 20218
058.823 Deliver DATA 10, ID 20218
058.823 Slide RECV window, expect 11 next
058.823 Acked DATA 6, slide SEND window
058.824 Send DATA 14 10, ID 10222
059.092 Recv DATA 11 7, ID 20219
059.092 Deliver DATA 11, ID 20219
059.092 Slide RECV window, expect 12 next
059.092 Acked DATA 7, slide SEND window
059.092 Send DATA 15 11, ID 10223
059.373 Recv DATA 12 8, ID 20220
059.373 Deliver DATA 12, ID 20220
059.374 Slide RECV window, expect 13 next
059.374 Acked DATA 8, slide SEND window
059.374 Send DATA 0 12, ID 10224
059.659 Recv DATA 13 9, ID 20221
059.659 Deliver DATA 13, ID 20221
059.659 Slide RECV window, expect 14 next
059.659 Acked DATA 9, slide SEND window
059.659 Send DATA 1 13, ID 10225
059.874 Recv DATA 14 10, ID 20222
059.874 Deliver DATA 14, ID 20222
059.874 Slide RECV window, expect 15 next
059.874 Acked DATA 10, slide SEND window
059.874 Send DATA 2 14, ID 10226
060.140 Recv DATA 15 11, ID 20223
060.140 Deliver DATA 15, ID 20223
060.140 .... 224 packets received, 7752 bps, 96.89%, Err 0 (0.0e+00)
060.140 Slide RECV window, expect 0 next
060.140 Acked DATA 11, slide SEND window
060.140 Send DATA 3 15, ID 10227
060.422 Recv DATA 0 12, ID 20224
060.422 Deliver DATA 0, ID 20224
060.422 Slide RECV window, expect 1 next
060.422 Acked DATA 12, slide SEND window
060.422 Send DATA 4 0, ID 10228
060.687 Recv DATA 1 13, ID 20225
060.687 Deliver DATA 1, ID 20225
060.687 Slide RECV window, expect 2 next
060.687 Acked DATA 13, slide SEND window
060.688 Send DATA 5 1, ID 10229
060.953 Recv DATA 2 14, ID 20226
060.953 Deliver DATA 2, ID 20226
060.953 Slide RECV window, expect 3 next
060.953 Acked DATA 14, slide SEND window
060.953 Send DATA 6 2, ID 10230
061.239 Recv DATA 3 15, ID 20227
061.239 Deliver DATA 3, ID 20227
061.239 Slide RECV window, expect 4 next
061.239 Acked DATA 15, slide SEND window
061.240 Send DATA 7 3, ID 10231
061.475 Recv DATA 4 0, ID 20228
061.475 Deliver DATA 4, ID 20228
061.475 Slide RECV window, expect 5 next
061.475 Acked DATA 0, slide SEND window
061.475 Send DATA 8 4, ID 10232
061.757 Recv DATA 5 1, ID 20229
061.757 Deliver DATA 5, ID 20229
061.757 Slide RECV window, expect 6 next
061.757 Acked DATA 1, slide SEND window
061.757 Send DATA 9 5, ID 10233
062.022 Recv DATA 6 2, ID 20230
062.023 Deliver DATA 6, ID 20230
062.023 Slide RECV window, expect 7 next
062.023 Acked DATA 2, slide SEND window
062.023 Send DATA 10 6, ID 10234
062.274 Recv DATA 7 3, ID 20231
062.274 Deliver DATA 7, ID 20231
062.274 .... 232 packets received, 7749 bps, 96.86%, Err 0 (0.0e+00)
062.274 Slide RECV window, expect 8 next
062.274 Acked DATA 3, slide SEND window
062.274 Send DATA 11 7, ID 10235
062.508 Recv DATA 8 4, ID 20232
062.508 Deliver DATA 8, ID 20232
062.508 Slide RECV window, expect 9 next
062.508 Acked DATA 4, slide SEND window
062.508 Send DATA 12 8, ID 10236
062.772 Recv DATA 9 5, ID 20233
062.772 Deliver DATA 9, ID 20233
062.772 Slide RECV window, expect 10 next
062.772 Acked DATA 5, slide SEND window
062.773 Send DATA 13 9, ID 10237
063.037 Recv DATA 10 6, ID 20234
063.037 Deliver DATA 10, ID 20234
063.037 Slide RECV window, expect 11 next
063.037 Acked DATA 6, slide SEND window
063.037 Send DATA 14 10, ID 10238
063.340 Recv DATA 11 7, ID 20235
063.340 Deliver DATA 11, ID 20235
063.340 Slide RECV window, expect 12 next
063.340 Acked DATA 7, slide SEND window
063.351 Send DATA 15 11, ID 10239
063.622 Recv DATA 12 8, ID 20236
063.622 Deliver DATA 12, ID 20236
063.622 Slide RECV window, expect 13 next
063.622 Acked DATA 8, slide SEND window
063.623 Send DATA 0 12, ID 10240
063.840 Recv DATA 13 9, ID 20237
063.840 Deliver DATA 13, ID 20237
063.840 Slide RECV window, expect 14 next
063.840 Acked DATA 9, slide SEND window
063.840 Send DATA 1 13, ID 10241
064.105 Recv DATA 14 10, ID 20238
064.105 Deliver DATA 14, ID 20238
064.105 Slide RECV window, expect 15 next
064.105 Acked DATA 10, slide SEND window
064.105 Send DATA 2 14, ID 10242
064.373 Recv DATA 15 11, ID 20239
064.373 Deliver DATA 15, ID 20239
064.373 .... 240 packets received, 7751 bps, 96.89%, Err 0 (0.0e+00)
064.373 Slide RECV window, expect 0 next
064.373 Acked DATA 11, slide SEND window
064.373 Send DATA 3 15, ID 10243
064.640 Recv DATA 0 12, ID 20240
064.640 Deliver DATA 0, ID 20240
064.640 Slide RECV window, expect 1 next
064.640 Acked DATA 12, slide SEND window
064.640 Send DATA 4 0, ID 10244
064.907 Recv DATA 1 13, ID 20241
064.907 Deliver DATA 1, ID 20241
064.908 Slide RECV window, expect 2 next
064.908 Acked DATA 13, slide SEND window
064.908 Send DATA 5 1, ID 10245
065.172 Recv DATA 2 14, ID 20242
065.172 Deliver DATA 2, ID 20242
065.172 Slide RECV window, expect 3 next
065.172 Acked DATA 14, slide SEND window
065.172 Send DATA 6 2, ID 10246
065.443 Recv DATA 3 15, ID 20243
065.443 Deliver DATA 3, ID 20243
065.443 Slide RECV window, expect 4 next
065.443 Acked DATA 15, slide SEND window
065.443 Send DATA 7 3, ID 10247
065.719 Recv DATA 4 0, ID 20244
065.719 Deliver DATA 4, ID 20244
065.719 Slide RECV window, expect 5 next
065.719 Acked DATA 0, slide SEND window
065.719 Send DATA 8 4, ID 10248
066.007 Recv DATA 5 1, ID 20245
066.007 Deliver DATA 5, ID 20245
066.007 Slide RECV window, expect 6 next
066.007 Acked DATA 1, slide SEND window
066.007 Send DATA 9 5, ID 10249
066.238 Recv DATA 6 2, ID 20246
066.238 Deliver DATA 6, ID 20246
066.238 Slide RECV window, expect 7 next
066.238 Acked DATA 2, slide SEND window
066.238 Send DATA 10 6, ID 10250
066.508 Recv DATA 7 3, ID 20247
066.508 Deliver DATA 7, ID 20247
066.508 .... 248 packets received, 7748 bps, 96.85%, Err 0 (0.0e+00)
066.508 Slide RECV window, expect 8 next
066.508 Acked DATA 3, slide SEND window
066.509 Send DATA 11 7, ID 10251
066.771 Recv DATA 8 4, ID 20248
066.771 Deliver DATA 8, ID 20248
066.771 Slide RECV window, expect 9 next
066.771 Acked DATA 4, slide SEND window
066.771 Send DATA 12 8, ID 10252
067.023 Recv DATA 9 5, ID 20249
067.023 Deliver DATA 9, ID 20249
067.024 Slide RECV window, expect 10 next
067.024 Acked DATA 5, slide SEND window
067.024 Send DATA 13 9, ID 10253
067.285 Recv DATA 10 6, ID 20250
067.285 Deliver DATA 10, ID 20250
067.285 Slide RECV window, expect 11 next
067.285 Acked DATA 6, slide SEND window
067.286 Send DATA 14 10, ID 10254
067.556 Recv DATA 11 7, ID 20251
067.556 Deliver DATA 11, ID 20251
067.556 Slide RECV window, expect 12 next
067.556 Acked DATA 7, slide SEND window
067.556 Send DATA 15 11, ID 10255
067.823 Recv DATA 12 8, ID 20252
067.823 Deliver DATA 12, ID 20252
067.823 Slide RECV window, expect 13 next
067.823 Acked DATA 8, slide SEND window
067.823 Send DATA 0 12, ID 10256
068.106 Recv DATA 13 9, ID 20253
068.106 Deliver DATA 13, ID 20253
068.106 Slide RECV window, expect 14 next
068.106 Acked DATA 9, slide SEND window
068.107 Send DATA 1 13, ID 10257
068.342 Recv DATA 14 10, ID 20254
068.342 Deliver DATA 14, ID 20254
068.342 Slide RECV window, expect 15 next
068.342 Acked DATA 10, slide SEND window
068.342 Send DATA 2 14, ID 10258
068.590 Recv DATA 15 11, ID 20255
068.590 Deliver DATA 15, ID 20255
068.590 .... 256 packets received, 7752 bps, 96.90%, Err 0 (0.0e+00)
068.590 Slide RECV window, expect 0 next
068.590 Acked DATA 11, slide SEND window
068.590 Send DATA 3 15, ID 10259
068.872 Recv DATA 0 12, ID 20256
068.873 Deliver DATA 0, ID 20256
068.873 Slide RECV window, expect 1 next
068.873 Acked DATA 12, slide SEND window
068.873 Send DATA 4 0, ID 10260
069.133 Recv DATA 1 13, ID 20257
069.133 Deliver DATA 1, ID 20257
069.144 Slide RECV window, expect 2 next
069.144 Acked DATA 13, slide SEND window
069.144 Send DATA 5 1, ID 10261
069.423 Recv DATA 2 14, ID 20258
069.423 Deliver DATA 2, ID 20258
069.423 Slide RECV window, expect 3 next
069.423 Acked DATA 14, slide SEND window
069.424 Send DATA 6 2, ID 10262
069.674 Recv DATA 3 15, ID 20259
069.674 Deliver DATA 3, ID 20259
069.674 Slide RECV window, expect 4 next
069.674 Acked DATA 15, slide SEND window
069.674 Send DATA 7 3, ID 10263
069.905 Recv DATA 4 0, ID 20260
069.905 Deliver DATA 4, ID 20260
069.905 Slide RECV window, expect 5 next
069.905 Acked DATA 0, slide SEND window
069.906 Send DATA 8 4, ID 10264
070.177 Recv DATA 5 1, ID 20261
070.177 Deliver DATA 5, ID 20261
070.177 Slide RECV window, expect 6 next
070.177 Acked DATA 1, slide SEND window
070.177 Send DATA 9 5, ID 10265
070.457 Recv DATA 6 2, ID 20262
070.457 Deliver DATA 6, ID 20262
070.457 Slide RECV window, expect 7 next
070.457 Acked DATA 2, slide SEND window
070.457 Send DATA 10 6, ID 10266
070.722 Recv DATA 7 3, ID 20263
070.722 Deliver DATA 7, ID 20263
070.722 .... 264 packets received, 7750 bps, 96.88%, Err 0 (0.0e+00)
070.723 Slide RECV window, expect 8 next
070.723 Acked DATA 3, slide SEND window
070.723 Send DATA 11 7, ID 10267
070.972 Recv DATA 8 4, ID 20264
070.972 Deliver DATA 8, ID 20264
070.973 Slide RECV window, expect 9 next
070.973 Acked DATA 4, slide SEND window
070.973 Send DATA 12 8, ID 10268
071.239 Recv DATA 9 5, ID 20265
071.239 Deliver DATA 9, ID 20265
071.239 Slide RECV window, expect 10 next
071.239 Acked DATA 5, slide SEND window
071.239 Send DATA 13 9, ID 10269
071.504 Recv DATA 10 6, ID 20266
071.504 Deliver DATA 10, ID 20266
071.504 Slide RECV window, expect 11 next
071.504 Acked DATA 6, slide SEND window
071.504 Send DATA 14 10, ID 10270
071.807 Recv DATA 11 7, ID 20267
071.807 Deliver DATA 11, ID 20267
071.807 Slide RECV window, expect 12 next
071.807 Acked DATA 7, slide SEND window
071.807 Send DATA 15 11, ID 10271
072.048 Recv DATA 12 8, ID 20268
072.048 Deliver DATA 12, ID 20268
072.048 Slide RECV window, expect 13 next
072.048 Acked DATA 8, slide SEND window
072.049 Send DATA 0 12, ID 10272
072.323 Recv DATA 13 9, ID 20269
072.323 Deliver DATA 13, ID 20269
072.323 Slide RECV window, expect 14 next
072.323 Acked DATA 9, slide SEND window
072.324 Send DATA 1 13, ID 10273
072.554 Recv DATA 14 10, ID 20270
072.554 Deliver DATA 14, ID 20270
072.554 Slide RECV window, expect 15 next
072.554 Acked DATA 10, slide SEND window
072.554 Send DATA 2 14, ID 10274
072.823 Recv DATA 15 11, ID 20271
072.823 Deliver DATA 15, ID 20271
072.823 .... 272 packets received, 7751 bps, 96.89%, Err 0 (0.0e+00)
072.823 Slide RECV window, expect 0 next
072.823 Acked DATA 11, slide SEND window
072.824 Send DATA 3 15, ID 10275
073.090 Recv DATA 0 12, ID 20272
073.090 Deliver DATA 0, ID 20272
073.090 Slide RECV window, expect 1 next
073.090 Acked DATA 12, slide SEND window
073.090 Send DATA 4 0, ID 10276
073.405 Recv DATA 1 13, ID 20273
073.405 Deliver DATA 1, ID 20273
073.405 Slide RECV window, expect 2 next
073.405 Acked DATA 13, slide SEND window
073.405 Send DATA 5 1, ID 10277
073.641 Recv DATA 2 14, ID 20274
073.641 Deliver DATA 2, ID 20274
073.641 Slide RECV window, expect 3 next
073.641 Acked DATA 14, slide SEND window
073.641 Send DATA 6 2, ID 10278
073.889 Recv DATA 3 15, ID 20275
073.889 Deliver DATA 3, ID 20275
073.889 Slide RECV window, expect 4 next
073.889 Acked DATA 15, slide SEND window
073.889 Send DATA 7 3, ID 10279
074.140 Recv DATA 4 0, ID 20276
074.140 Deliver DATA 4, ID 20276
074.140 Slide RECV window, expect 5 next
074.140 Acked DATA 0, slide SEND window
074.140 Send DATA 8 4, ID 10280
074.403 Recv DATA 5 1, ID 20277
074.403 Deliver DATA 5, ID 20277
074.403 Slide RECV window, expect 6 next
074.403 Acked DATA 1, slide SEND window
074.403 Send DATA 9 5, ID 10281
074.673 Recv DATA 6 2, ID 20278
074.673 Deliver DATA 6, ID 20278
074.673 Slide RECV window, expect 7 next
074.673 Acked DATA 2, slide SEND window
074.674 Send DATA 10 6, ID 10282
074.936 Recv DATA 7 3, ID 20279
074.937 Deliver DATA 7, ID 20279
074.937 .... 280 packets received, 7751 bps, 96.89%, Err 0 (0.0e+00)
074.937 Slide RECV window, expect 8 next
074.937 Acked DATA 3, slide SEND window
074.938 Send DATA 11 7, ID 10283
075.222 Recv DATA 8 4, ID 20280
075.222 Deliver DATA 8, ID 20280
075.223 Slide RECV window, expect 9 next
075.223 Acked DATA 4, slide SEND window
075.223 Send DATA 12 8, ID 10284
075.487 Recv DATA 9 5, ID 20281
075.487 Deliver DATA 9, ID 20281
075.487 Slide RECV window, expect 10 next
075.487 Acked DATA 5, slide SEND window
075.488 Send DATA 13 9, ID 10285
075.755 Recv DATA 10 6, ID 20282
075.755 Deliver DATA 10, ID 20282
075.755 Slide RECV window, expect 11 next
075.755 Acked DATA 6, slide SEND window
075.756 Send DATA 14 10, ID 10286
075.991 Recv DATA 11 7, ID 20283
075.991 Deliver DATA 11, ID 20283
075.991 Slide RECV window, expect 12 next
075.991 Acked DATA 7, slide SEND window
075.991 Send DATA 15 11, ID 10287
076.254 Recv DATA 12 8, ID 20284
076.254 Deliver DATA 12, ID 20284
076.254 Slide RECV window, expect 13 next
076.255 Acked DATA 8, slide SEND window
076.255 Send DATA 0 12, ID 10288
076.573 Recv DATA 13 9, ID 20285
076.573 Deliver DATA 13, ID 20285
076.573 Slide RECV window, expect 14 next
076.573 Acked DATA 9, slide SEND window
076.573 Send DATA 1 13, ID 10289
076.806 Recv DATA 14 10, ID 20286
076.806 Deliver DATA 14, ID 20286
076.806 Slide RECV window, expect 15 next
076.806 Acked DATA 10, slide SEND window
076.807 Send DATA 2 14, ID 10290
077.075 Recv DATA 15 11, ID 20287
077.075 Deliver DATA 15, ID 20287
077.075 .... 288 packets received, 7749 bps, 96.86%, Err 0 (0.0e+00)
077.075 Slide RECV window, expect 0 next
077.075 Acked DATA 11, slide SEND window
077.075 Send DATA 3 15, ID 10291
077.340 Recv DATA 0 12, ID 20288
077.340 Deliver DATA 0, ID 20288
077.340 Slide RECV window, expect 1 next
077.340 Acked DATA 12, slide SEND window
077.340 Send DATA 4 0, ID 10292
077.623 Recv DATA 1 13, ID 20289
077.623 Deliver DATA 1, ID 20289
077.623 Slide RECV window, expect 2 next
077.623 Acked DATA 13, slide SEND window
077.623 Send DATA 5 1, ID 10293
077.873 Recv DATA 2 14, ID 20290
077.873 Deliver DATA 2, ID 20290
077.873 Slide RECV window, expect 3 next
077.873 Acked DATA 14, slide SEND window
077.873 Send DATA 6 2, ID 10294
078.139 Recv DATA 3 15, ID 20291
078.139 Deliver DATA 3, ID 20291
078.139 Slide RECV window, expect 4 next
078.139 Acked DATA 15, slide SEND window
078.139 Send DATA 7 3, ID 10295
078.390 Recv DATA 4 0, ID 20292
078.390 Deliver DATA 4, ID 20292
078.390 Slide RECV window, expect 5 next
078.390 Acked DATA 0, slide SEND window
078.390 Send DATA 8 4, ID 10296
078.639 Recv DATA 5 1, ID 20293
078.639 Deliver DATA 5, ID 20293
078.639 Slide RECV window, expect 6 next
078.639 Acked DATA 1, slide SEND window
078.639 Send DATA 9 5, ID 10297
078.905 Recv DATA 6 2, ID 20294
078.905 Deliver DATA 6, ID 20294
078.905 Slide RECV window, expect 7 next
078.905 Acked DATA 2, slide SEND window
078.906 Send DATA 10 6, ID 10298
079.175 Recv DATA 7 3, ID 20295
079.175 Deliver DATA 7, ID 20295
079.175 .... 296 packets received, 7750 bps, 96.88%, Err 0 (0.0e+00)
079.175 Slide RECV window, expect 8 next
079.175 Acked DATA 3, slide SEND window
079.175 Send DATA 11 7, ID 10299
079.422 Recv DATA 8 4, ID 20296
079.422 Deliver DATA 8, ID 20296
079.423 Slide RECV window, expect 9 next
079.423 Acked DATA 4, slide SEND window
079.423 Send DATA 12 8, ID 10300
079.699 Recv DATA 9 5, ID 20297
079.699 Deliver DATA 9, ID 20297
079.699 Slide RECV window, expect 10 next
079.699 Acked DATA 5, slide SEND window
079.699 Send DATA 13 9, ID 10301
079.975 Recv DATA 10 6, ID 20298
079.975 Deliver DATA 10, ID 20298
079.975 Slide RECV window, expect 11 next
079.975 Acked DATA 6, slide SEND window
079.975 Send DATA 14 10, ID 10302
080.223 Recv DATA 11 7, ID 20299
080.223 Deliver DATA 11, ID 20299
080.223 Slide RECV window, expect 12 next
080.223 Acked DATA 7, slide SEND window
080.223 Send DATA 15 11, ID 10303
080.471 Recv DATA 12 8, ID 20300
080.471 Deliver DATA 12, ID 20300
080.471 Slide RECV window, expect 13 next
080.471 Acked DATA 8, slide SEND window
080.482 Send DATA 0 12, ID 10304
080.755 Recv DATA 13 9, ID 20301
080.755 Deliver DATA 13, ID 20301
080.755 Slide RECV window, expect 14 next
080.755 Acked DATA 9, slide SEND window
080.755 Send DATA 1 13, ID 10305
081.023 Recv DATA 14 10, ID 20302
081.023 Deliver DATA 14, ID 20302
081.023 Slide RECV window, expect 15 next
081.023 Acked DATA 10, slide SEND window
081.023 Send DATA 2 14, ID 10306
081.284 Recv DATA 15 11, ID 20303
081.284 Deliver DATA 15, ID 20303
081.284 .... 304 packets received, 7751 bps, 96.89%, Err 0 (0.0e+00)
081.284 Slide RECV window, expect 0 next
081.284 Acked DATA 11, slide SEND window
081.284 Send DATA 3 15, ID 10307
081.557 Recv DATA 0 12, ID 20304
081.557 Deliver DATA 0, ID 20304
081.558 Slide RECV window, expect 1 next
081.558 Acked DATA 12, slide SEND window
081.558 Send DATA 4 0, ID 10308
081.824 Recv DATA 1 13, ID 20305
081.824 Deliver DATA 1, ID 20305
081.824 Slide RECV window, expect 2 next
081.824 Acked DATA 13, slide SEND window
081.824 Send DATA 5 1, ID 10309
082.088 Recv DATA 2 14, ID 20306
082.088 Deliver DATA 2, ID 20306
082.088 Slide RECV window, expect 3 next
082.088 Acked DATA 14, slide SEND window
082.088 Send DATA 6 2, ID 10310
082.324 Recv DATA 3 15, ID 20307
082.324 Deliver DATA 3, ID 20307
082.324 Slide RECV window, expect 4 next
082.324 Acked DATA 15, slide SEND window
082.324 Send DATA 7 3, ID 10311
082.589 Recv DATA 4 0, ID 20308
082.589 Deliver DATA 4, ID 20308
082.589 Slide RECV window, expect 5 next
082.589 Acked DATA 0, slide SEND window
082.589 Send DATA 8 4, ID 10312
082.855 Recv DATA 5 1, ID 20309
082.855 Deliver DATA 5, ID 20309
082.855 Slide RECV window, expect 6 next
082.855 Acked DATA 1, slide SEND window
082.855 Send DATA 9 5, ID 10313
083.141 Recv DATA 6 2, ID 20310
083.141 Deliver DATA 6, ID 20310
083.141 Slide RECV window, expect 7 next
083.141 Acked DATA 2, slide SEND window
083.141 Send DATA 10 6, ID 10314
083.390 Recv DATA 7 3, ID 20311
083.390 Deliver DATA 7, ID 20311
083.390 .... 312 packets received, 7752 bps, 96.90%, Err 0 (0.0e+00)
083.390 Slide RECV window, expect 8 next
083.390 Acked DATA 3, slide SEND window
083.390 Send DATA 11 7, ID 10315
083.655 Recv DATA 8 4, ID 20312
083.655 Deliver DATA 8, ID 20312
083.655 Slide RECV window, expect 9 next
083.656 Acked DATA 4, slide SEND window
083.656 Send DATA 12 8, ID 10316
083.940 Recv DATA 9 5, ID 20313
083.940 Deliver DATA 9, ID 20313
083.940 Slide RECV window, expect 10 next
083.940 Acked DATA 5, slide SEND window
083.940 Send DATA 13 9, ID 10317
084.219 Recv DATA 10 6, ID 20314
084.219 Deliver DATA 10, ID 20314
084.219 Slide RECV window, expect 11 next
084.219 Acked DATA 6, slide SEND window
084.220 Send DATA 14 10, ID 10318
084.456 Recv DATA 11 7, ID 20315
084.456 Deliver DATA 11, ID 20315
084.456 Slide RECV window, expect 12 next
084.456 Acked DATA 7, slide SEND window
084.457 Send DATA 15 11, ID 10319
084.708 Recv DATA 12 8, ID 20316
084.708 Deliver DATA 12, ID 20316
084.709 Slide RECV window, expect 13 next
084.709 Acked DATA 8, slide SEND window
084.709 Send DATA 0 12, ID 10320
084.973 Recv DATA 13 9, ID 20317
084.973 Deliver DATA 13, ID 20317
084.973 Slide RECV window, expect 14 next
084.973 Acked DATA 9, slide SEND window
084.974 Send DATA 1 13, ID 10321
085.233 Recv DATA 14 10, ID 20318
085.233 Deliver DATA 14, ID 20318
085.233 Slide RECV window, expect 15 next
085.233 Acked DATA 10, slide SEND window
085.234 Send DATA 2 14, ID 10322
085.507 Recv DATA 15 11, ID 20319
085.508 Deliver DATA 15, ID 20319
085.508 .... 320 packets received, 7751 bps, 96.89%, Err 0 (0.0e+00)
085.508 Slide RECV window, expect 0 next
085.508 Acked DATA 11, slide SEND window
085.508 Send DATA 3 15, ID 10323
085.770 Recv DATA 0 12, ID 20320
085.770 Deliver DATA 0, ID 20320
085.770 Slide RECV window, expect 1 next
085.770 Acked DATA 12, slide SEND window
085.770 Send DATA 4 0, ID 10324
086.039 Recv DATA 1 13, ID 20321
086.039 Deliver DATA 1, ID 20321
086.039 Slide RECV window, expect 2 next
086.039 Acked DATA 13, slide SEND window
086.039 Send DATA 5 1, ID 10325
086.323 Recv DATA 2 14, ID 20322
086.323 Deliver DATA 2, ID 20322
086.333 Slide RECV window, expect 3 next
086.334 Acked DATA 14, slide SEND window
086.334 Send DATA 6 2, ID 10326
086.606 Recv DATA 3 15, ID 20323
086.606 Deliver DATA 3, ID 20323
086.606 Slide RECV window, expect 4 next
086.606 Acked DATA 15, slide SEND window
086.606 Send DATA 7 3, ID 10327
086.825 Recv DATA 4 0, ID 20324
086.825 Deliver DATA 4, ID 20324
086.825 Slide RECV window, expect 5 next
086.825 Acked DATA 0, slide SEND window
086.825 Send DATA 8 4, ID 10328
087.072 Recv DATA 5 1, ID 20325
087.073 Deliver DATA 5, ID 20325
087.073 Slide RECV window, expect 6 next
087.073 Acked DATA 1, slide SEND window
087.073 Send DATA 9 5, ID 10329
087.357 Recv DATA 6 2, ID 20326
087.357 Deliver DATA 6, ID 20326
087.357 Slide RECV window, expect 7 next
087.357 Acked DATA 2, slide SEND window
087.358 Send DATA 10 6, ID 10330
087.639 Recv DATA 7 3, ID 20327
087.640 Deliver DATA 7, ID 20327
087.640 .... 328 packets received, 7750 bps, 96.87%, Err 0 (0.0e+00)
087.640 Slide RECV window, expect 8 next
087.640 Acked DATA 3, slide SEND window
087.640 Send DATA 11 7, ID 10331
087.868 Recv DATA 8 4, ID 20328
087.868 Deliver DATA 8, ID 20328
087.868 Slide RECV window, expect 9 next
087.868 Acked DATA 4, slide SEND window
087.868 Send DATA 12 8, ID 10332
088.140 Recv DATA 9 5, ID 20329
088.141 Deliver DATA 9, ID 20329
088.141 Slide RECV window, expect 10 next
088.141 Acked DATA 5, slide SEND window
088.141 Send DATA 13 9, ID 10333
088.406 Recv DATA 10 6, ID 20330
088.406 Deliver DATA 10, ID 20330
088.406 Slide RECV window, expect 11 next
088.406 Acked DATA 6, slide SEND window
088.407 Send DATA 14 10, ID 10334
088.688 Recv DATA 11 7, ID 20331
088.688 Deliver DATA 11, ID 20331
088.688 Slide RECV window, expect 12 next
088.688 Acked DATA 7, slide SEND window
088.688 Send DATA 15 11, ID 10335
088.972 Recv DATA 12 8, ID 20332
088.972 Deliver DATA 12, ID 20332
088.972 Slide RECV window, expect 13 next
088.972 Acked DATA 8, slide SEND window
088.972 Send DATA 0 12, ID 10336
089.205 Recv DATA 13 9, ID 20333
089.205 Deliver DATA 13, ID 20333
089.205 Slide RECV window, expect 14 next
089.205 Acked DATA 9, slide SEND window
089.206 Send DATA 1 13, ID 10337
089.455 Recv DATA 14 10, ID 20334
089.456 Deliver DATA 14, ID 20334
089.456 Slide RECV window, expect 15 next
089.456 Acked DATA 10, slide SEND window
089.456 Send DATA 2 14, ID 10338
089.736 Recv DATA 15 11, ID 20335
089.736 Deliver DATA 15, ID 20335
089.736 .... 336 packets received, 7751 bps, 96.89%, Err 0 (0.0e+00)
089.736 Slide RECV window, expect 0 next
089.736 Acked DATA 11, slide SEND window
089.736 Send DATA 3 15, ID 10339
090.003 Recv DATA 0 12, ID 20336
090.003 Deliver DATA 0, ID 20336
090.003 Slide RECV window, expect 1 next
090.003 Acked DATA 12, slide SEND window
090.003 Send DATA 4 0, ID 10340
090.265 Recv DATA 1 13, ID 20337
090.265 Deliver DATA 1, ID 20337
090.265 Slide RECV window, expect 2 next
090.265 Acked DATA 13, slide SEND window
090.265 Send DATA 5 1, ID 10341
090.537 Recv DATA 2 14, ID 20338
090.537 Deliver DATA 2, ID 20338
090.538 Slide RECV window, expect 3 next
090.538 Acked DATA 14, slide SEND window
090.538 Send DATA 6 2, ID 10342
090.808 Recv DATA 3 15, ID 20339
090.808 Deliver DATA 3, ID 20339
090.808 Slide RECV window, expect 4 next
090.808 Acked DATA 15, slide SEND window
090.809 Send DATA 7 3, ID 10343
091.053 Recv DATA 4 0, ID 20340
091.053 Deliver DATA 4, ID 20340
091.053 Slide RECV window, expect 5 next
091.053 Acked DATA 0, slide SEND window
091.053 Send DATA 8 4, ID 10344
091.287 Recv DATA 5 1, ID 20341
091.287 Deliver DATA 5, ID 20341
091.287 Slide RECV window, expect 6 next
091.287 Acked DATA 1, slide SEND window
091.287 Send DATA 9 5, ID 10345
091.571 Recv DATA 6 2, ID 20342
091.571 Deliver DATA 6, ID 20342
091.571 Slide RECV window, expect 7 next
091.571 Acked DATA 2, slide SEND window
091.572 Send DATA 10 6, ID 10346
091.851 Recv DATA 7 3, ID 20343
091.851 Deliver DATA 7, ID 20343
091.851 .... 344 packets received, 7751 bps, 96.89%, Err 0 (0.0e+00)
091.851 Slide RECV window, expect 8 next
091.851 Acked DATA 3, slide SEND window
091.851 Send DATA 11 7, ID 10347
092.123 Recv DATA 8 4, ID 20344
092.123 Deliver DATA 8, ID 20344
092.123 Slide RECV window, expect 9 next
092.123 Acked DATA 4, slide SEND window
092.123 Send DATA 12 8, ID 10348
092.356 Recv DATA 9 5, ID 20345
092.356 Deliver DATA 9, ID 20345
092.356 Slide RECV window, expect 10 next
092.356 Acked DATA 5, slide SEND window
092.356 Send DATA 13 9, ID 10349
092.620 Recv DATA 10 6, ID 20346
092.621 Deliver DATA 10, ID 20346
092.621 Slide RECV window, expect 11 next
092.621 Acked DATA 6, slide SEND window
092.621 Send DATA 14 10, ID 10350
092.890 Recv DATA 11 7, ID 20347
092.890 Deliver DATA 11, ID 20347
092.890 Slide RECV window, expect 12 next
092.890 Acked DATA 7, slide SEND window
092.890 Send DATA 15 11, ID 10351
093.156 Recv DATA 12 8, ID 20348
093.156 Deliver DATA 12, ID 20348
093.156 Slide RECV window, expect 13 next
093.156 Acked DATA 8, slide SEND window
093.156 Send DATA 0 12, ID 10352
093.419 Recv DATA 13 9, ID 20349
093.419 Deliver DATA 13, ID 20349
093.419 Slide RECV window, expect 14 next
093.419 Acked DATA 9, slide SEND window
093.420 Send DATA 1 13, ID 10353
093.703 Recv DATA 14 10, ID 20350
093.703 Deliver DATA 14, ID 20350
093.703 Slide RECV window, expect 15 next
093.703 Acked DATA 10, slide SEND window
093.703 Send DATA 2 14, ID 10354
093.936 Recv DATA 15 11, ID 20351
093.936 Deliver DATA 15, ID 20351
093.936 .... 352 packets received, 7753 bps, 96.92%, Err 0 (0.0e+00)
093.936 Slide RECV window, expect 0 next
093.936 Acked DATA 11, slide SEND window
093.936 Send DATA 3 15, ID 10355
094.205 Recv DATA 0 12, ID 20352
094.205 Deliver DATA 0, ID 20352
094.205 Slide RECV window, expect 1 next
094.205 Acked DATA 12, slide SEND window
094.205 Send DATA 4 0, ID 10356
094.506 Recv DATA 1 13, ID 20353
094.506 Deliver DATA 1, ID 20353
094.506 Slide RECV window, expect 2 next
094.506 Acked DATA 13, slide SEND window
094.506 Send DATA 5 1, ID 10357
094.787 Recv DATA 2 14, ID 20354
094.787 Deliver DATA 2, ID 20354
094.787 Slide RECV window, expect 3 next
094.787 Acked DATA 14, slide SEND window
094.787 Send DATA 6 2, ID 10358
095.010 Recv DATA 3 15, ID 20355
095.010 Deliver DATA 3, ID 20355
095.010 Slide RECV window, expect 4 next
095.010 Acked DATA 15, slide SEND window
095.010 Send DATA 7 3, ID 10359
095.258 Recv DATA 4 0, ID 20356
095.258 Deliver DATA 4, ID 20356
095.258 Slide RECV window, expect 5 next
095.258 Acked DATA 0, slide SEND window
095.258 Send DATA 8 4, ID 10360
095.550 Recv DATA 5 1, ID 20357
095.550 Deliver DATA 5, ID 20357
095.550 Slide RECV window, expect 6 next
095.550 Acked DATA 1, slide SEND window
095.550 Send DATA 9 5, ID 10361
095.804 Recv DATA 6 2, ID 20358
095.804 Deliver DATA 6, ID 20358
095.804 Slide RECV window, expect 7 next
095.804 Acked DATA 2, slide SEND window
095.804 Send DATA 10 6, ID 10362
096.037 Recv DATA 7 3, ID 20359
096.037 Deliver DATA 7, ID 20359
096.037 .... 360 packets received, 7754 bps, 96.93%, Err 0 (0.0e+00)
096.037 Slide RECV window, expect 8 next
096.037 Acked DATA 3, slide SEND window
096.037 Send DATA 11 7, ID 10363
096.308 Recv DATA 8 4, ID 20360
096.308 Deliver DATA 8, ID 20360
096.308 Slide RECV window, expect 9 next
096.308 Acked DATA 4, slide SEND window
096.308 Send DATA 12 8, ID 10364
096.589 Recv DATA 9 5, ID 20361
096.589 Deliver DATA 9, ID 20361
096.589 Slide RECV window, expect 10 next
096.589 Acked DATA 5, slide SEND window
096.590 Send DATA 13 9, ID 10365
096.886 Recv DATA 10 6, ID 20362
096.886 Deliver DATA 10, ID 20362
096.886 Slide RECV window, expect 11 next
096.886 Acked DATA 6, slide SEND window
096.886 Send DATA 14 10, ID 10366
097.123 Recv DATA 11 7, ID 20363
097.123 Deliver DATA 11, ID 20363
097.123 Slide RECV window, expect 12 next
097.123 Acked DATA 7, slide SEND window
097.123 Send DATA 15 11, ID 10367
097.358 Recv DATA 12 8, ID 20364
097.358 Deliver DATA 12, ID 20364
097.358 Slide RECV window, expect 13 next
097.358 Acked DATA 8, slide SEND window
097.358 Send DATA 0 12, ID 10368
097.666 Recv DATA 13 9, ID 20365
097.666 Deliver DATA 13, ID 20365
097.666 Slide RECV window, expect 14 next
097.666 Acked DATA 9, slide SEND window
097.667 Send DATA 1 13, ID 10369
097.941 Recv DATA 14 10, ID 20366
097.941 Deliver DATA 14, ID 20366
097.942 Slide RECV window, expect 15 next
097.942 Acked DATA 10, slide SEND window
097.942 Send DATA 2 14, ID 10370
098.169 Recv DATA 15 11, ID 20367
098.169 Deliver DATA 15, ID 20367
098.169 .... 368 packets received, 7753 bps, 96.91%, Err 0 (0.0e+00)
098.169 Slide RECV window, expect 0 next
098.169 Acked DATA 11, slide SEND window
098.169 Send DATA 3 15, ID 10371
098.455 Recv DATA 0 12, ID 20368
098.455 Deliver DATA 0, ID 20368
098.455 Slide RECV window, expect 1 next
098.455 Acked DATA 12, slide SEND window
098.455 Send DATA 4 0, ID 10372
098.742 Recv DATA 1 13, ID 20369
098.742 Deliver DATA 1, ID 20369
098.742 Slide RECV window, expect 2 next
098.742 Acked DATA 13, slide SEND window
098.742 Send DATA 5 1, ID 10373
098.989 Recv DATA 2 14, ID 20370
098.989 Deliver DATA 2, ID 20370
098.989 Slide RECV window, expect 3 next
098.989 Acked DATA 14, slide SEND window
098.989 Send DATA 6 2, ID 10374
099.232 Recv DATA 3 15, ID 20371
099.232 Deliver DATA 3, ID 20371
099.232 Slide RECV window, expect 4 next
099.232 Acked DATA 15, slide SEND window
099.233 Send DATA 7 3, ID 10375
099.508 Recv DATA 4 0, ID 20372
099.508 Deliver DATA 4, ID 20372
099.508 Slide RECV window, expect 5 next
099.508 Acked DATA 0, slide SEND window
099.508 Send DATA 8 4, ID 10376
099.763 Recv DATA 5 1, ID 20373
099.764 Deliver DATA 5, ID 20373
099.764 Slide RECV window, expect 6 next
099.764 Acked DATA 1, slide SEND window
099.764 Send DATA 9 5, ID 10377
100.006 Recv DATA 6 2, ID 20374
100.006 Deliver DATA 6, ID 20374
100.006 Slide RECV window, expect 7 next
100.006 Acked DATA 2, slide SEND window
100.006 Send DATA 10 6, ID 10378
100.272 Recv DATA 7 3, ID 20375
100.272 Deliver DATA 7, ID 20375
100.272 .... 376 packets received, 7754 bps, 96.92%, Err 0 (0.0e+00)
100.272 Slide RECV window, expect 8 next
100.272 Acked DATA 3, slide SEND window
100.273 Send DATA 11 7, ID 10379
100.556 Recv DATA 8 4, ID 20376
100.556 Deliver DATA 8, ID 20376
100.556 Slide RECV window, expect 9 next
100.556 Acked DATA 4, slide SEND window
100.557 Send DATA 12 8, ID 10380
100.839 Recv DATA 9 5, ID 20377
100.839 Deliver DATA 9, ID 20377
100.839 Slide RECV window, expect 10 next
100.839 Acked DATA 5, slide SEND window
100.839 Send DATA 13 9, ID 10381
101.070 Recv DATA 10 6, ID 20378
101.070 Deliver DATA 10, ID 20378
101.070 Slide RECV window, expect 11 next
101.070 Acked DATA 6, slide SEND window
101.071 Send DATA 14 10, ID 10382
101.336 Recv DATA 11 7, ID 20379
101.336 Deliver DATA 11, ID 20379
101.336 Slide RECV window, expect 12 next
101.336 Acked DATA 7, slide SEND window
101.336 Send DATA 15 11, ID 10383
101.637 Recv DATA 12 8, ID 20380
101.637 Deliver DATA 12, ID 20380
101.637 Slide RECV window, expect 13 next
101.637 Acked DATA 8, slide SEND window
101.637 Send DATA 0 12, ID 10384
101.869 Recv DATA 13 9, ID 20381
101.869 Deliver DATA 13, ID 20381
101.869 Slide RECV window, expect 14 next
101.869 Acked DATA 9, slide SEND window
101.869 Send DATA 1 13, ID 10385
102.152 Recv DATA 14 10, ID 20382
102.152 Deliver DATA 14, ID 20382
102.152 Slide RECV window, expect 15 next
102.152 Acked DATA 10, slide SEND window
102.152 Send DATA 2 14, ID 10386
102.388 Recv DATA 15 11, ID 20383
102.388 Deliver DATA 15, ID 20383
102.388 .... 384 packets received, 7754 bps, 96.92%, Err 0 (0.0e+00)
102.388 Slide RECV window, expect 0 next
102.388 Acked DATA 11, slide SEND window
102.388 Send DATA 3 15, ID 10387
102.657 Recv DATA 0 12, ID 20384
102.657 Deliver DATA 0, ID 20384
102.657 Slide RECV window, expect 1 next
102.657 Acked DATA 12, slide SEND window
102.657 Send DATA 4 0, ID 10388
102.923 Recv DATA 1 13, ID 20385
102.923 Deliver DATA 1, ID 20385
102.923 Slide RECV window, expect 2 next
102.923 Acked DATA 13, slide SEND window
102.923 Send DATA 5 1, ID 10389
103.203 Recv DATA 2 14, ID 20386
103.203 Deliver DATA 2, ID 20386
103.203 Slide RECV window, expect 3 next
103.203 Acked DATA 14, slide SEND window
103.203 Send DATA 6 2, ID 10390
103.485 Recv DATA 3 15, ID 20387
103.485 Deliver DATA 3, ID 20387
103.486 Slide RECV window, expect 4 next
103.486 Acked DATA 15, slide SEND window
103.486 Send DATA 7 3, ID 10391
103.734 Recv DATA 4 0, ID 20388
103.734 Deliver DATA 4, ID 20388
103.735 Slide RECV window, expect 5 next
103.735 Acked DATA 0, slide SEND window
103.735 Send DATA 8 4, ID 10392
104.017 Recv DATA 5 1, ID 20389
104.017 Deliver DATA 5, ID 20389
104.017 Slide RECV window, expect 6 next
104.017 Acked DATA 1, slide SEND window
104.018 Send DATA 9 5, ID 10393
104.219 Recv DATA 6 2, ID 20390
104.219 Deliver DATA 6, ID 20390
104.219 Slide RECV window, expect 7 next
104.220 Acked DATA 2, slide SEND window
104.220 Send DATA 10 6, ID 10394
104.502 Recv DATA 7 3, ID 20391
104.502 Deliver DATA 7, ID 20391
104.502 .... 392 packets received, 7753 bps, 96.92%, Err 0 (0.0e+00)
104.502 Slide RECV window, expect 8 next
104.502 Acked DATA 3, slide SEND window
104.502 Send DATA 11 7, ID 10395
104.791 Recv DATA 8 4, ID 20392
104.791 Deliver DATA 8, ID 20392
104.791 Slide RECV window, expect 9 next
104.791 Acked DATA 4, slide SEND window
104.792 Send DATA 12 8, ID 10396
105.052 Recv DATA 9 5, ID 20393
105.052 Deliver DATA 9, ID 20393
105.052 Slide RECV window, expect 10 next
105.052 Acked DATA 5, slide SEND window
105.053 Send DATA 13 9, ID 10397
105.287 Recv DATA 10 6, ID 20394
105.287 Deliver DATA 10, ID 20394
105.287 Slide RECV window, expect 11 next
105.287 Acked DATA 6, slide SEND window
105.287 Send DATA 14 10, ID 10398
105.575 Recv DATA 11 7, ID 20395
105.575 Deliver DATA 11, ID 20395
105.575 Slide RECV window, expect 12 next
105.575 Acked DATA 7, slide SEND window
105.575 Send DATA 15 11, ID 10399
105.837 Recv DATA 12 8, ID 20396
105.837 Deliver DATA 12, ID 20396
105.837 Slide RECV window, expect 13 next
105.837 Acked DATA 8, slide SEND window
105.837 Send DATA 0 12, ID 10400
106.071 Recv DATA 13 9, ID 20397
106.071 Deliver DATA 13, ID 20397
106.072 Slide RECV window, expect 14 next
106.072 Acked DATA 9, slide SEND window
106.072 Send DATA 1 13, ID 10401
106.336 Recv DATA 14 10, ID 20398
106.336 Deliver DATA 14, ID 20398
106.336 Slide RECV window, expect 15 next
106.336 Acked DATA 10, slide SEND window
106.336 Send DATA 2 14, ID 10402
106.619 Recv DATA 15 11, ID 20399
106.619 Deliver DATA 15, ID 20399
106.619 .... 400 packets received, 7753 bps, 96.91%, Err 0 (0.0e+00)
106.619 Slide RECV window, expect 0 next
106.619 Acked DATA 11, slide SEND window
106.620 Send DATA 3 15, ID 10403
106.889 Recv DATA 0 12, ID 20400
106.889 Deliver DATA 0, ID 20400
106.889 Slide RECV window, expect 1 next
106.889 Acked DATA 12, slide SEND window
106.889 Send DATA 4 0, ID 10404
107.137 Recv DATA 1 13, ID 20401
107.137 Deliver DATA 1, ID 20401
107.137 Slide RECV window, expect 2 next
107.137 Acked DATA 13, slide SEND window
107.137 Send DATA 5 1, ID 10405
107.404 Recv DATA 2 14, ID 20402
107.404 Deliver DATA 2, ID 20402
107.404 Slide RECV window, expect 3 next
107.404 Acked DATA 14, slide SEND window
107.404 Send DATA 6 2, ID 10406
107.676 Recv DATA 3 15, ID 20403
107.676 Deliver DATA 3, ID 20403
107.676 Slide RECV window, expect 4 next
107.676 Acked DATA 15, slide SEND window
107.676 Send DATA 7 3, ID 10407
107.951 Recv DATA 4 0, ID 20404
107.951 Deliver DATA 4, ID 20404
107.951 Slide RECV window, expect 5 next
107.951 Acked DATA 0, slide SEND window
107.951 Send DATA 8 4, ID 10408
108.223 Recv DATA 5 1, ID 20405
108.223 Deliver DATA 5, ID 20405
108.223 Slide RECV window, expect 6 next
108.223 Acked DATA 1, slide SEND window
108.223 Send DATA 9 5, ID 10409
108.486 Recv DATA 6 2, ID 20406
108.486 Deliver DATA 6, ID 20406
108.486 Slide RECV window, expect 7 next
108.486 Acked DATA 2, slide SEND window
108.486 Send DATA 10 6, ID 10410
108.719 Recv DATA 7 3, ID 20407
108.719 Deliver DATA 7, ID 20407
108.719 .... 408 packets received, 7754 bps, 96.93%, Err 0 (0.0e+00)
108.719 Slide RECV window, expect 8 next
108.719 Acked DATA 3, slide SEND window
108.719 Send DATA 11 7, ID 10411
108.989 Recv DATA 8 4, ID 20408
108.990 Deliver DATA 8, ID 20408
108.990 Slide RECV window, expect 9 next
108.990 Acked DATA 4, slide SEND window
108.990 Send DATA 12 8, ID 10412
109.271 Recv DATA 9 5, ID 20409
109.271 Deliver DATA 9, ID 20409
109.271 Slide RECV window, expect 10 next
109.271 Acked DATA 5, slide SEND window
109.271 Send DATA 13 9, ID 10413
109.520 Recv DATA 10 6, ID 20410
109.520 Deliver DATA 10, ID 20410
109.520 Slide RECV window, expect 11 next
109.520 Acked DATA 6, slide SEND window
109.520 Send DATA 14 10, ID 10414
109.803 Recv DATA 11 7, ID 20411
109.803 Deliver DATA 11, ID 20411
109.803 Slide RECV window, expect 12 next
109.803 Acked DATA 7, slide SEND window
109.803 Send DATA 15 11, ID 10415
110.082 Recv DATA 12 8, ID 20412
110.082 Deliver DATA 12, ID 20412
110.082 Slide RECV window, expect 13 next
110.082 Acked DATA 8, slide SEND window
110.082 Send DATA 0 12, ID 10416
110.369 Recv DATA 13 9, ID 20413
110.369 Deliver DATA 13, ID 20413
110.369 Slide RECV window, expect 14 next
110.369 Acked DATA 9, slide SEND window
110.369 Send DATA 1 13, ID 10417
110.621 Recv DATA 14 10, ID 20414
110.621 Deliver DATA 14, ID 20414
110.621 Slide RECV window, expect 15 next
110.621 Acked DATA 10, slide SEND window
110.622 Send DATA 2 14, ID 10418
110.839 Recv DATA 15 11, ID 20415
110.839 Deliver DATA 15, ID 20415
110.839 .... 416 packets received, 7754 bps, 96.92%, Err 0 (0.0e+00)
110.839 Slide RECV window, expect 0 next
110.839 Acked DATA 11, slide SEND window
110.839 Send DATA 3 15, ID 10419
111.102 Recv DATA 0 12, ID 20416
111.102 Deliver DATA 0, ID 20416
111.102 Slide RECV window, expect 1 next
111.102 Acked DATA 12, slide SEND window
111.102 Send DATA 4 0, ID 10420
111.371 Recv DATA 1 13, ID 20417
111.371 Deliver DATA 1, ID 20417
111.372 Slide RECV window, expect 2 next
111.372 Acked DATA 13, slide SEND window
111.372 Send DATA 5 1, ID 10421
111.638 Recv DATA 2 14, ID 20418
111.638 Deliver DATA 2, ID 20418
111.638 Slide RECV window, expect 3 next
111.638 Acked DATA 14, slide SEND window
111.638 Send DATA 6 2, ID 10422
111.921 Recv DATA 3 15, ID 20419
111.921 Deliver DATA 3, ID 20419
111.922 Slide RECV window, expect 4 next
111.922 Acked DATA 15, slide SEND window
111.922 Send DATA 7 3, ID 10423
112.186 Recv DATA 4 0, ID 20420
112.186 Deliver DATA 4, ID 20420
112.186 Slide RECV window, expect 5 next
112.186 Acked DATA 0, slide SEND window
112.186 Send DATA 8 4, ID 10424
112.436 Recv DATA 5 1, ID 20421
112.436 Deliver DATA 5, ID 20421
112.436 Slide RECV window, expect 6 next
112.436 Acked DATA 1, slide SEND window
112.436 Send DATA 9 5, ID 10425
112.686 Recv DATA 6 2, ID 20422
112.686 Deliver DATA 6, ID 20422
112.686 Slide RECV window, expect 7 next
112.686 Acked DATA 2, slide SEND window
112.686 Send DATA 10 6, ID 10426
112.973 Recv DATA 7 3, ID 20423
112.973 Deliver DATA 7, ID 20423
112.973 .... 424 packets received, 7752 bps, 96.90%, Err 0 (0.0e+00)
112.973 Slide RECV window, expect 8 next
112.973 Acked DATA 3, slide SEND window
112.973 Send DATA 11 7, ID 10427
113.254 Recv DATA 8 4, ID 20424
113.254 Deliver DATA 8, ID 20424
113.254 Slide RECV window, expect 9 next
113.254 Acked DATA 4, slide SEND window
113.254 Send DATA 12 8, ID 10428
113.472 Recv DATA 9 5, ID 20425
113.473 Deliver DATA 9, ID 20425
113.473 Slide RECV window, expect 10 next
113.473 Acked DATA 5, slide SEND window
113.473 Send DATA 13 9, ID 10429
113.738 Recv DATA 10 6, ID 20426
113.738 Deliver DATA 10, ID 20426
113.738 Slide RECV window, expect 11 next
113.738 Acked DATA 6, slide SEND window
113.738 Send DATA 14 10, ID 10430
114.021 Recv DATA 11 7, ID 20427
114.021 Deliver DATA 11, ID 20427
114.022 Slide RECV window, expect 12 next
114.022 Acked DATA 7, slide SEND window
114.022 Send DATA 15 11, ID 10431
114.287 Recv DATA 12 8, ID 20428
114.287 Deliver DATA 12, ID 20428
114.287 Slide RECV window, expect 13 next
114.287 Acked DATA 8, slide SEND window
114.287 Send DATA 0 12, ID 10432
114.569 Recv DATA 13 9, ID 20429
114.569 Deliver DATA 13, ID 20429
114.569 Slide RECV window, expect 14 next
114.569 Acked DATA 9, slide SEND window
114.569 Send DATA 1 13, ID 10433
114.836 Recv DATA 14 10, ID 20430
114.836 Deliver DATA 14, ID 20430
114.836 Slide RECV window, expect 15 next
114.836 Acked DATA 10, slide SEND window
114.836 Send DATA 2 14, ID 10434
115.106 Recv DATA 15 11, ID 20431
115.106 Deliver DATA 15, ID 20431
115.106 .... 432 packets received, 7751 bps, 96.88%, Err 0 (0.0e+00)
115.106 Slide RECV window, expect 0 next
115.106 Acked DATA 11, slide SEND window
115.106 Send DATA 3 15, ID 10435
115.340 Recv DATA 0 12, ID 20432
115.340 Deliver DATA 0, ID 20432
115.340 Slide RECV window, expect 1 next
115.340 Acked DATA 12, slide SEND window
115.340 Send DATA 4 0, ID 10436
115.588 Recv DATA 1 13, ID 20433
115.588 Deliver DATA 1, ID 20433
115.588 Slide RECV window, expect 2 next
115.588 Acked DATA 13, slide SEND window
115.588 Send DATA 5 1, ID 10437
115.848 Recv DATA 2 14, ID 20434
115.848 Deliver DATA 2, ID 20434
115.848 Slide RECV window, expect 3 next
115.848 Acked DATA 14, slide SEND window
115.849 Send DATA 6 2, ID 10438
116.121 Recv DATA 3 15, ID 20435
116.122 Deliver DATA 3, ID 20435
116.122 Slide RECV window, expect 4 next
116.122 Acked DATA 15, slide SEND window
116.122 Send DATA 7 3, ID 10439
116.389 Recv DATA 4 0, ID 20436
116.389 Deliver DATA 4, ID 20436
116.389 Slide RECV window, expect 5 next
116.389 Acked DATA 0, slide SEND window
116.389 Send DATA 8 4, ID 10440
116.669 Recv DATA 5 1, ID 20437
116.670 Deliver DATA 5, ID 20437
116.670 Slide RECV window, expect 6 next
116.670 Acked DATA 1, slide SEND window
116.670 Send DATA 9 5, ID 10441
116.903 Recv DATA 6 2, ID 20438
116.903 Deliver DATA 6, ID 20438
116.903 Slide RECV window, expect 7 next
116.903 Acked DATA 2, slide SEND window
116.904 Send DATA 10 6, ID 10442
117.187 Recv DATA 7 3, ID 20439
117.187 Deliver DATA 7, ID 20439
117.187 .... 440 packets received, 7753 bps, 96.91%, Err 0 (0.0e+00)
117.187 Slide RECV window, expect 8 next
117.187 Acked DATA 3, slide SEND window
117.187 Send DATA 11 7, ID 10443
117.453 Recv DATA 8 4, ID 20440
117.453 Deliver DATA 8, ID 20440
117.453 Slide RECV window, expect 9 next
117.454 Acked DATA 4, slide SEND window
117.454 Send DATA 12 8, ID 10444
117.738 Recv DATA 9 5, ID 20441
117.738 Deliver DATA 9, ID 20441
117.738 Slide RECV window, expect 10 next
117.738 Acked DATA 5, slide SEND window
117.738 Send DATA 13 9, ID 10445
118.005 Recv DATA 10 6, ID 20442
118.005 Deliver DATA 10, ID 20442
118.005 Slide RECV window, expect 11 next
118.005 Acked DATA 6, slide SEND window
118.005 Send DATA 14 10, ID 10446
118.233 Recv DATA 11 7, ID 20443
118.233 Deliver DATA 11, ID 20443
118.233 Slide RECV window, expect 12 next
118.233 Acked DATA 7, slide SEND window
118.233 Send DATA 15 11, ID 10447
118.503 Recv DATA 12 8, ID 20444
118.503 Deliver DATA 12, ID 20444
118.503 Slide RECV window, expect 13 next
118.503 Acked DATA 8, slide SEND window
118.503 Send DATA 0 12, ID 10448
118.771 Recv DATA 13 9, ID 20445
118.771 Deliver DATA 13, ID 20445
118.771 Slide RECV window, expect 14 next
118.771 Acked DATA 9, slide SEND window
118.771 Send DATA 1 13, ID 10449
119.055 Recv DATA 14 10, ID 20446
119.055 Deliver DATA 14, ID 20446
119.055 Slide RECV window, expect 15 next
119.055 Acked DATA 10, slide SEND window
119.055 Send DATA 2 14, ID 10450
119.286 Recv DATA 15 11, ID 20447
119.287 Deliver DATA 15, ID 20447
119.287 .... 448 packets received, 7754 bps, 96.92%, Err 0 (0.0e+00)
119.287 Slide RECV window, expect 0 next
119.287 Acked DATA 11, slide SEND window
119.287 Send DATA 3 15, ID 10451
119.568 Recv DATA 0 12, ID 20448
119.568 Deliver DATA 0, ID 20448
119.569 Slide RECV window, expect 1 next
119.569 Acked DATA 12, slide SEND window
119.569 Send DATA 4 0, ID 10452
119.853 Recv DATA 1 13, ID 20449
119.853 Deliver DATA 1, ID 20449
119.853 Slide RECV window, expect 2 next
119.853 Acked DATA 13, slide SEND window
119.853 Send DATA 5 1, ID 10453
120.038 Quit.
