000.000 =============================================================
000.000                     Station A                               
000.000 -------------------------------------------------------------
000.000 Protocol.lib, version 4.0, jiangyanjun0718@bupt.edu.cn
000.000 Channel: 8000 bps, 270 ms propagation delay, bit error rate 0
000.000 Log file "C:\code\CN-Lab1-Windows-VS2017\docs\测试记录\4.3-ACK搭载定时器\ack-opt-dt2200-bg3-20260516-211648\04-无误码校验-2min\resume-utopia-flood-ack80-20260516-222552-A.log", TCP port 62004, debug mask 0x07
000.000 Station A is waiting for station B on TCP port 62004 ... Done.
000.975 New epoch: Sat May 16 22:25:52 2026
000.975 =================================================================
000.975 
000.975 Designed by Jiang Yanjun, build: May 16 2026  21:16:51
000.975 Send DATA 0 15, ID 10000
000.975 Send DATA 1 15, ID 10001
000.975 Send DATA 2 15, ID 10002
001.527 Recv DATA 0 15, ID 20000
001.527 Deliver DATA 0, ID 20000
001.527 Slide RECV window, expect 1 next
001.527 Send DATA 3 0, ID 10003
001.527 Send DATA 4 0, ID 10004
001.527 Send DATA 5 0, ID 10005
001.790 Recv DATA 1 15, ID 20001
001.790 Deliver DATA 1, ID 20001
001.790 Slide RECV window, expect 2 next
001.790 Send DATA 6 1, ID 10006
002.058 Recv DATA 2 15, ID 20002
002.058 Deliver DATA 2, ID 20002
002.058 Slide RECV window, expect 3 next
002.059 Send DATA 7 2, ID 10007
002.349 Recv DATA 3 0, ID 20003
002.349 Deliver DATA 3, ID 20003
002.349 Slide RECV window, expect 4 next
002.349 Acked DATA 0, slide SEND window
002.349 Send DATA 8 3, ID 10008
002.575 Recv DATA 4 0, ID 20004
002.575 Deliver DATA 4, ID 20004
002.575 Slide RECV window, expect 5 next
002.671 ---- ACK timeout
002.671 Send ACK  4
002.861 Recv DATA 5 0, ID 20005
002.861 Deliver DATA 5, ID 20005
002.861 Slide RECV window, expect 6 next
002.968 ---- ACK timeout
002.968 Send ACK  5
003.124 Recv DATA 6 1, ID 20006
003.124 Deliver DATA 6, ID 20006
003.124 Slide RECV window, expect 7 next
003.124 Acked DATA 1, slide SEND window
003.125 Send DATA 9 6, ID 10009
003.173 Recv ACK  2
003.173 Acked DATA 2, slide SEND window
003.173 Send DATA 10 6, ID 10010
003.406 Recv DATA 7 2, ID 20007
003.406 Deliver DATA 7, ID 20007
003.406 .... 8 packets received, 7578 bps, 94.73%, Err 0 (0.0e+00)
003.406 Slide RECV window, expect 8 next
003.406 Recv ACK  3
003.406 Acked DATA 3, slide SEND window
003.407 Send DATA 11 7, ID 10011
003.692 Recv DATA 8 3, ID 20008
003.692 Deliver DATA 8, ID 20008
003.692 Slide RECV window, expect 9 next
003.722 Recv ACK  4
003.722 Acked DATA 4, slide SEND window
003.722 Send DATA 12 8, ID 10012
003.786 Recv ACK  5
003.786 Acked DATA 5, slide SEND window
003.787 Send DATA 13 8, ID 10013
003.955 Recv DATA 9 6, ID 20009
003.955 Deliver DATA 9, ID 20009
003.956 Slide RECV window, expect 10 next
003.956 Acked DATA 6, slide SEND window
003.956 Send DATA 14 9, ID 10014
004.224 Recv DATA 10 7, ID 20010
004.224 Deliver DATA 10, ID 20010
004.224 Slide RECV window, expect 11 next
004.224 Acked DATA 7, slide SEND window
004.225 Send DATA 15 10, ID 10015
004.460 Recv DATA 11 8, ID 20011
004.460 Deliver DATA 11, ID 20011
004.460 Slide RECV window, expect 12 next
004.460 Acked DATA 8, slide SEND window
004.460 Send DATA 0 11, ID 10016
004.725 Recv DATA 12 8, ID 20012
004.725 Deliver DATA 12, ID 20012
004.725 Slide RECV window, expect 13 next
004.807 ---- ACK timeout
004.807 Send ACK  12
004.991 Recv DATA 13 8, ID 20013
004.991 Deliver DATA 13, ID 20013
004.991 Slide RECV window, expect 14 next
005.024 Recv ACK  9
005.024 Acked DATA 9, slide SEND window
005.024 Send DATA 1 13, ID 10017
005.256 Recv DATA 14 9, ID 20014
005.256 Deliver DATA 14, ID 20014
005.256 Slide RECV window, expect 15 next
005.308 Recv ACK  10
005.308 Acked DATA 10, slide SEND window
005.308 Send DATA 2 14, ID 10018
005.526 Recv DATA 15 11, ID 20015
005.526 Deliver DATA 15, ID 20015
005.526 .... 16 packets received, 7652 bps, 95.66%, Err 0 (0.0e+00)
005.526 Slide RECV window, expect 0 next
005.526 Acked DATA 11, slide SEND window
005.526 Send DATA 3 15, ID 10019
005.775 Recv DATA 0 12, ID 20016
005.775 Deliver DATA 0, ID 20016
005.775 Slide RECV window, expect 1 next
005.775 Acked DATA 12, slide SEND window
005.775 Send DATA 4 0, ID 10020
005.805 Recv ACK  13
005.805 Acked DATA 13, slide SEND window
005.805 Send DATA 5 0, ID 10021
006.090 Recv DATA 1 14, ID 20017
006.090 Deliver DATA 1, ID 20017
006.090 Slide RECV window, expect 2 next
006.090 Acked DATA 14, slide SEND window
006.090 Send DATA 6 1, ID 10022
006.344 Recv DATA 2 15, ID 20018
006.344 Deliver DATA 2, ID 20018
006.345 Slide RECV window, expect 3 next
006.345 Acked DATA 15, slide SEND window
006.345 Send DATA 7 2, ID 10023
006.611 Recv DATA 3 0, ID 20019
006.624 Deliver DATA 3, ID 20019
006.624 Slide RECV window, expect 4 next
006.624 Acked DATA 0, slide SEND window
006.624 Send DATA 8 3, ID 10024
006.858 Recv DATA 4 0, ID 20020
006.858 Deliver DATA 4, ID 20020
006.858 Slide RECV window, expect 5 next
006.941 ---- ACK timeout
006.941 Send ACK  4
007.108 Recv DATA 5 1, ID 20021
007.108 Deliver DATA 5, ID 20021
007.108 Slide RECV window, expect 6 next
007.108 Acked DATA 1, slide SEND window
007.108 Send DATA 9 5, ID 10025
007.391 Recv DATA 6 2, ID 20022
007.391 Deliver DATA 6, ID 20022
007.391 Slide RECV window, expect 7 next
007.391 Acked DATA 2, slide SEND window
007.392 Send DATA 10 6, ID 10026
007.656 Recv DATA 7 3, ID 20023
007.656 Deliver DATA 7, ID 20023
007.656 .... 24 packets received, 7666 bps, 95.82%, Err 0 (0.0e+00)
007.656 Slide RECV window, expect 8 next
007.656 Acked DATA 3, slide SEND window
007.656 Send DATA 11 7, ID 10027
007.923 Recv DATA 8 4, ID 20024
007.923 Deliver DATA 8, ID 20024
007.923 Slide RECV window, expect 9 next
007.923 Acked DATA 4, slide SEND window
007.924 Send DATA 12 8, ID 10028
007.957 Recv ACK  5
007.957 Acked DATA 5, slide SEND window
007.957 Send DATA 13 8, ID 10029
008.191 Recv DATA 9 6, ID 20025
008.191 Deliver DATA 9, ID 20025
008.192 Slide RECV window, expect 10 next
008.192 Acked DATA 6, slide SEND window
008.192 Send DATA 14 9, ID 10030
008.442 Recv DATA 10 7, ID 20026
008.442 Deliver DATA 10, ID 20026
008.442 Slide RECV window, expect 11 next
008.442 Acked DATA 7, slide SEND window
008.442 Send DATA 15 10, ID 10031
008.725 Recv DATA 11 8, ID 20027
008.725 Deliver DATA 11, ID 20027
008.725 Slide RECV window, expect 12 next
008.725 Acked DATA 8, slide SEND window
008.725 Send DATA 0 11, ID 10032
008.951 Recv DATA 12 8, ID 20028
008.951 Deliver DATA 12, ID 20028
008.951 Slide RECV window, expect 13 next
009.039 ---- ACK timeout
009.039 Send ACK  12
009.225 Recv DATA 13 9, ID 20029
009.225 Deliver DATA 13, ID 20029
009.225 Slide RECV window, expect 14 next
009.225 Acked DATA 9, slide SEND window
009.225 Send DATA 1 13, ID 10033
009.490 Recv DATA 14 10, ID 20030
009.490 Deliver DATA 14, ID 20030
009.490 Slide RECV window, expect 15 next
009.490 Acked DATA 10, slide SEND window
009.490 Send DATA 2 14, ID 10034
009.755 Recv DATA 15 11, ID 20031
009.756 Deliver DATA 15, ID 20031
009.756 .... 32 packets received, 7700 bps, 96.25%, Err 0 (0.0e+00)
009.756 Slide RECV window, expect 0 next
009.756 Acked DATA 11, slide SEND window
009.756 Send DATA 3 15, ID 10035
010.076 Recv DATA 0 12, ID 20032
010.076 Deliver DATA 0, ID 20032
010.076 Slide RECV window, expect 1 next
010.076 Acked DATA 12, slide SEND window
010.076 Send DATA 4 0, ID 10036
010.105 Recv ACK  13
010.105 Acked DATA 13, slide SEND window
010.105 Send DATA 5 0, ID 10037
010.308 Recv DATA 1 14, ID 20033
010.308 Deliver DATA 1, ID 20033
010.308 Slide RECV window, expect 2 next
010.308 Acked DATA 14, slide SEND window
010.308 Send DATA 6 1, ID 10038
010.571 Recv DATA 2 15, ID 20034
010.571 Deliver DATA 2, ID 20034
010.571 Slide RECV window, expect 3 next
010.571 Acked DATA 15, slide SEND window
010.571 Send DATA 7 2, ID 10039
010.838 Recv DATA 3 0, ID 20035
010.838 Deliver DATA 3, ID 20035
010.838 Slide RECV window, expect 4 next
010.838 Acked DATA 0, slide SEND window
010.838 Send DATA 8 3, ID 10040
011.106 Recv DATA 4 0, ID 20036
011.106 Deliver DATA 4, ID 20036
011.106 Slide RECV window, expect 5 next
011.192 ---- ACK timeout
011.193 Send ACK  4
011.372 Recv DATA 5 1, ID 20037
011.372 Deliver DATA 5, ID 20037
011.373 Slide RECV window, expect 6 next
011.373 Acked DATA 1, slide SEND window
011.373 Send DATA 9 5, ID 10041
011.608 Recv DATA 6 2, ID 20038
011.608 Deliver DATA 6, ID 20038
011.608 Slide RECV window, expect 7 next
011.608 Acked DATA 2, slide SEND window
011.608 Send DATA 10 6, ID 10042
011.891 Recv DATA 7 3, ID 20039
011.891 Deliver DATA 7, ID 20039
011.891 .... 40 packets received, 7694 bps, 96.18%, Err 0 (0.0e+00)
011.891 Slide RECV window, expect 8 next
011.891 Acked DATA 3, slide SEND window
011.891 Send DATA 11 7, ID 10043
012.158 Recv DATA 8 4, ID 20040
012.159 Deliver DATA 8, ID 20040
012.159 Slide RECV window, expect 9 next
012.159 Acked DATA 4, slide SEND window
012.159 Send DATA 12 8, ID 10044
012.209 Recv ACK  5
012.209 Acked DATA 5, slide SEND window
012.210 Send DATA 13 8, ID 10045
012.407 Recv DATA 9 6, ID 20041
012.407 Deliver DATA 9, ID 20041
012.407 Slide RECV window, expect 10 next
012.407 Acked DATA 6, slide SEND window
012.407 Send DATA 14 9, ID 10046
012.674 Recv DATA 10 7, ID 20042
012.674 Deliver DATA 10, ID 20042
012.674 Slide RECV window, expect 11 next
012.674 Acked DATA 7, slide SEND window
012.674 Send DATA 15 10, ID 10047
012.942 Recv DATA 11 8, ID 20043
012.942 Deliver DATA 11, ID 20043
012.942 Slide RECV window, expect 12 next
012.942 Acked DATA 8, slide SEND window
012.942 Send DATA 0 11, ID 10048
013.225 Recv DATA 12 8, ID 20044
013.225 Deliver DATA 12, ID 20044
013.225 Slide RECV window, expect 13 next
013.306 ---- ACK timeout
013.306 Send ACK  12
013.508 Recv DATA 13 9, ID 20045
013.508 Deliver DATA 13, ID 20045
013.508 Slide RECV window, expect 14 next
013.508 Acked DATA 9, slide SEND window
013.508 Send DATA 1 13, ID 10049
013.774 Recv DATA 14 10, ID 20046
013.774 Deliver DATA 14, ID 20046
013.774 Slide RECV window, expect 15 next
013.774 Acked DATA 10, slide SEND window
013.775 Send DATA 2 14, ID 10050
014.048 Recv DATA 15 11, ID 20047
014.048 Deliver DATA 15, ID 20047
014.048 .... 48 packets received, 7678 bps, 95.97%, Err 0 (0.0e+00)
014.048 Slide RECV window, expect 0 next
014.048 Acked DATA 11, slide SEND window
014.048 Send DATA 3 15, ID 10051
014.306 Recv DATA 0 12, ID 20048
014.306 Deliver DATA 0, ID 20048
014.306 Slide RECV window, expect 1 next
014.306 Acked DATA 12, slide SEND window
014.306 Send DATA 4 0, ID 10052
014.324 Recv ACK  13
014.324 Acked DATA 13, slide SEND window
014.325 Send DATA 5 0, ID 10053
014.542 Recv DATA 1 14, ID 20049
014.542 Deliver DATA 1, ID 20049
014.542 Slide RECV window, expect 2 next
014.542 Acked DATA 14, slide SEND window
014.542 Send DATA 6 1, ID 10054
014.819 Recv DATA 2 15, ID 20050
014.819 Deliver DATA 2, ID 20050
014.819 Slide RECV window, expect 3 next
014.819 Acked DATA 15, slide SEND window
014.819 Send DATA 7 2, ID 10055
015.092 Recv DATA 3 0, ID 20051
015.092 Deliver DATA 3, ID 20051
015.093 Slide RECV window, expect 4 next
015.093 Acked DATA 0, slide SEND window
015.093 Send DATA 8 3, ID 10056
015.341 Recv DATA 4 0, ID 20052
015.341 Deliver DATA 4, ID 20052
015.341 Slide RECV window, expect 5 next
015.422 ---- ACK timeout
015.423 Send ACK  4
015.593 Recv DATA 5 1, ID 20053
015.593 Deliver DATA 5, ID 20053
015.593 Slide RECV window, expect 6 next
015.593 Acked DATA 1, slide SEND window
015.593 Send DATA 9 5, ID 10057
015.857 Recv DATA 6 2, ID 20054
015.857 Deliver DATA 6, ID 20054
015.857 Slide RECV window, expect 7 next
015.857 Acked DATA 2, slide SEND window
015.858 Send DATA 10 6, ID 10058
016.125 Recv DATA 7 3, ID 20055
016.125 Deliver DATA 7, ID 20055
016.125 .... 56 packets received, 7707 bps, 96.34%, Err 0 (0.0e+00)
016.125 Slide RECV window, expect 8 next
016.125 Acked DATA 3, slide SEND window
016.125 Send DATA 11 7, ID 10059
016.376 Recv DATA 8 4, ID 20056
016.376 Deliver DATA 8, ID 20056
016.376 Slide RECV window, expect 9 next
016.376 Acked DATA 4, slide SEND window
016.376 Send DATA 12 8, ID 10060
016.392 Recv ACK  5
016.392 Acked DATA 5, slide SEND window
016.392 Send DATA 13 8, ID 10061
016.641 Recv DATA 9 6, ID 20057
016.641 Deliver DATA 9, ID 20057
016.642 Slide RECV window, expect 10 next
016.642 Acked DATA 6, slide SEND window
016.642 Send DATA 14 9, ID 10062
016.925 Recv DATA 10 7, ID 20058
016.925 Deliver DATA 10, ID 20058
016.925 Slide RECV window, expect 11 next
016.925 Acked DATA 7, slide SEND window
016.925 Send DATA 15 10, ID 10063
017.190 Recv DATA 11 8, ID 20059
017.190 Deliver DATA 11, ID 20059
017.190 Slide RECV window, expect 12 next
017.190 Acked DATA 8, slide SEND window
017.190 Send DATA 0 11, ID 10064
017.458 Recv DATA 12 8, ID 20060
017.458 Deliver DATA 12, ID 20060
017.458 Slide RECV window, expect 13 next
017.539 ---- ACK timeout
017.539 Send ACK  12
017.719 Recv DATA 13 9, ID 20061
017.719 Deliver DATA 13, ID 20061
017.719 Slide RECV window, expect 14 next
017.719 Acked DATA 9, slide SEND window
017.719 Send DATA 1 13, ID 10065
017.981 Recv DATA 14 10, ID 20062
017.981 Deliver DATA 14, ID 20062
017.981 Slide RECV window, expect 15 next
017.981 Acked DATA 10, slide SEND window
017.982 Send DATA 2 14, ID 10066
018.257 Recv DATA 15 11, ID 20063
018.257 Deliver DATA 15, ID 20063
018.257 .... 64 packets received, 7704 bps, 96.30%, Err 0 (0.0e+00)
018.258 Slide RECV window, expect 0 next
018.258 Acked DATA 11, slide SEND window
018.258 Send DATA 3 15, ID 10067
018.541 Recv DATA 0 12, ID 20064
018.542 Deliver DATA 0, ID 20064
018.542 Slide RECV window, expect 1 next
018.542 Acked DATA 12, slide SEND window
018.542 Send DATA 4 0, ID 10068
018.575 Recv ACK  13
018.575 Acked DATA 13, slide SEND window
018.575 Send DATA 5 0, ID 10069
018.754 Recv DATA 1 14, ID 20065
018.754 Deliver DATA 1, ID 20065
018.754 Slide RECV window, expect 2 next
018.754 Acked DATA 14, slide SEND window
018.857 ---- ACK timeout
018.857 Send ACK  1
018.857 Send DATA 6 1, ID 10070
019.042 Recv DATA 2 15, ID 20066
019.042 Deliver DATA 2, ID 20066
019.042 Slide RECV window, expect 3 next
019.042 Acked DATA 15, slide SEND window
019.042 Send DATA 7 2, ID 10071
019.325 Recv DATA 3 0, ID 20067
019.325 Deliver DATA 3, ID 20067
019.325 Slide RECV window, expect 4 next
019.325 Acked DATA 0, slide SEND window
019.325 Send DATA 8 3, ID 10072
019.558 Recv DATA 4 0, ID 20068
019.558 Deliver DATA 4, ID 20068
019.558 Slide RECV window, expect 5 next
019.640 ---- ACK timeout
019.640 Send ACK  4
019.840 Recv DATA 5 1, ID 20069
019.840 Deliver DATA 5, ID 20069
019.840 Slide RECV window, expect 6 next
019.840 Acked DATA 1, slide SEND window
019.840 Send DATA 9 5, ID 10073
020.105 Recv DATA 6 2, ID 20070
020.105 Deliver DATA 6, ID 20070
020.105 Slide RECV window, expect 7 next
020.105 Acked DATA 2, slide SEND window
020.105 Send DATA 10 6, ID 10074
020.339 Recv DATA 7 3, ID 20071
020.339 Deliver DATA 7, ID 20071
020.339 .... 72 packets received, 7722 bps, 96.53%, Err 0 (0.0e+00)
020.339 Slide RECV window, expect 8 next
020.339 Acked DATA 3, slide SEND window
020.339 Send DATA 11 7, ID 10075
020.635 Recv DATA 8 4, ID 20072
020.635 Deliver DATA 8, ID 20072
020.635 Slide RECV window, expect 9 next
020.635 Acked DATA 4, slide SEND window
020.636 Send DATA 12 8, ID 10076
020.909 Recv DATA 9 5, ID 20073
020.909 Deliver DATA 9, ID 20073
020.909 Slide RECV window, expect 10 next
020.909 Acked DATA 5, slide SEND window
020.909 Send DATA 13 9, ID 10077
020.939 Recv ACK  6
020.939 Acked DATA 6, slide SEND window
020.939 Send DATA 14 9, ID 10078
021.172 Recv DATA 10 7, ID 20074
021.172 Deliver DATA 10, ID 20074
021.172 Slide RECV window, expect 11 next
021.172 Acked DATA 7, slide SEND window
021.173 Send DATA 15 10, ID 10079
021.441 Recv DATA 11 8, ID 20075
021.441 Deliver DATA 11, ID 20075
021.441 Slide RECV window, expect 12 next
021.441 Acked DATA 8, slide SEND window
021.442 Send DATA 0 11, ID 10080
021.691 Recv DATA 12 8, ID 20076
021.691 Deliver DATA 12, ID 20076
021.691 Slide RECV window, expect 13 next
021.788 ---- ACK timeout
021.788 Send ACK  12
021.955 Recv DATA 13 9, ID 20077
021.955 Deliver DATA 13, ID 20077
021.955 Slide RECV window, expect 14 next
021.955 Acked DATA 9, slide SEND window
021.955 Send DATA 1 13, ID 10081
022.227 Recv DATA 14 10, ID 20078
022.227 Deliver DATA 14, ID 20078
022.227 Slide RECV window, expect 15 next
022.227 Acked DATA 10, slide SEND window
022.227 Send DATA 2 14, ID 10082
022.503 Recv DATA 15 11, ID 20079
022.503 Deliver DATA 15, ID 20079
022.503 .... 80 packets received, 7707 bps, 96.34%, Err 0 (0.0e+00)
022.503 Slide RECV window, expect 0 next
022.503 Acked DATA 11, slide SEND window
022.504 Send DATA 3 15, ID 10083
022.743 Recv DATA 0 12, ID 20080
022.743 Deliver DATA 0, ID 20080
022.743 Slide RECV window, expect 1 next
022.743 Acked DATA 12, slide SEND window
022.743 Send DATA 4 0, ID 10084
023.026 Recv DATA 1 13, ID 20081
023.026 Deliver DATA 1, ID 20081
023.026 Slide RECV window, expect 2 next
023.038 Acked DATA 13, slide SEND window
023.038 Recv ACK  14
023.038 Acked DATA 14, slide SEND window
023.038 Send DATA 5 1, ID 10085
023.038 Send DATA 6 1, ID 10086
023.290 Recv DATA 2 15, ID 20082
023.290 Deliver DATA 2, ID 20082
023.290 Slide RECV window, expect 3 next
023.290 Acked DATA 15, slide SEND window
023.290 Send DATA 7 2, ID 10087
023.558 Recv DATA 3 0, ID 20083
023.558 Deliver DATA 3, ID 20083
023.558 Slide RECV window, expect 4 next
023.558 Acked DATA 0, slide SEND window
023.558 Send DATA 8 3, ID 10088
023.822 Recv DATA 4 0, ID 20084
023.822 Deliver DATA 4, ID 20084
023.822 Slide RECV window, expect 5 next
023.908 ---- ACK timeout
023.908 Send ACK  4
024.108 Recv DATA 5 1, ID 20085
024.108 Deliver DATA 5, ID 20085
024.108 Slide RECV window, expect 6 next
024.108 Acked DATA 1, slide SEND window
024.108 Send DATA 9 5, ID 10089
024.341 Recv DATA 6 2, ID 20086
024.341 Deliver DATA 6, ID 20086
024.341 Slide RECV window, expect 7 next
024.341 Acked DATA 2, slide SEND window
024.341 Send DATA 10 6, ID 10090
024.590 Recv DATA 7 3, ID 20087
024.590 Deliver DATA 7, ID 20087
024.590 .... 88 packets received, 7720 bps, 96.50%, Err 0 (0.0e+00)
024.590 Slide RECV window, expect 8 next
024.590 Acked DATA 3, slide SEND window
024.591 Send DATA 11 7, ID 10091
024.870 Recv DATA 8 4, ID 20088
024.870 Deliver DATA 8, ID 20088
024.870 Slide RECV window, expect 9 next
024.870 Acked DATA 4, slide SEND window
024.871 Send DATA 12 8, ID 10092
025.141 Recv DATA 9 5, ID 20089
025.141 Deliver DATA 9, ID 20089
025.141 Slide RECV window, expect 10 next
025.141 Acked DATA 5, slide SEND window
025.141 Recv ACK  6
025.141 Acked DATA 6, slide SEND window
025.141 Send DATA 13 9, ID 10093
025.141 Send DATA 14 9, ID 10094
025.391 Recv DATA 10 7, ID 20090
025.391 Deliver DATA 10, ID 20090
025.391 Slide RECV window, expect 11 next
025.391 Acked DATA 7, slide SEND window
025.391 Send DATA 15 10, ID 10095
025.658 Recv DATA 11 8, ID 20091
025.658 Deliver DATA 11, ID 20091
025.658 Slide RECV window, expect 12 next
025.658 Acked DATA 8, slide SEND window
025.658 Send DATA 0 11, ID 10096
025.927 Recv DATA 12 8, ID 20092
025.927 Deliver DATA 12, ID 20092
025.927 Slide RECV window, expect 13 next
026.019 ---- ACK timeout
026.019 Send ACK  12
026.171 Recv DATA 13 9, ID 20093
026.171 Deliver DATA 13, ID 20093
026.171 Slide RECV window, expect 14 next
026.171 Acked DATA 9, slide SEND window
026.172 Send DATA 1 13, ID 10097
026.438 Recv DATA 14 10, ID 20094
026.438 Deliver DATA 14, ID 20094
026.438 Slide RECV window, expect 15 next
026.438 Acked DATA 10, slide SEND window
026.438 Send DATA 2 14, ID 10098
026.705 Recv DATA 15 11, ID 20095
026.705 Deliver DATA 15, ID 20095
026.706 .... 96 packets received, 7722 bps, 96.52%, Err 0 (0.0e+00)
026.706 Slide RECV window, expect 0 next
026.706 Acked DATA 11, slide SEND window
026.706 Send DATA 3 15, ID 10099
026.976 Recv DATA 0 12, ID 20096
026.976 Deliver DATA 0, ID 20096
026.976 Slide RECV window, expect 1 next
026.976 Acked DATA 12, slide SEND window
026.976 Send DATA 4 0, ID 10100
027.237 Recv DATA 1 13, ID 20097
027.237 Deliver DATA 1, ID 20097
027.237 Slide RECV window, expect 2 next
027.237 Acked DATA 13, slide SEND window
027.237 Send DATA 5 1, ID 10101
027.274 Recv ACK  14
027.274 Acked DATA 14, slide SEND window
027.274 Send DATA 6 1, ID 10102
027.557 Recv DATA 2 15, ID 20098
027.557 Deliver DATA 2, ID 20098
027.557 Slide RECV window, expect 3 next
027.557 Acked DATA 15, slide SEND window
027.558 Send DATA 7 2, ID 10103
027.791 Recv DATA 3 0, ID 20099
027.791 Deliver DATA 3, ID 20099
027.791 Slide RECV window, expect 4 next
027.791 Acked DATA 0, slide SEND window
027.791 Send DATA 8 3, ID 10104
028.025 Recv DATA 4 0, ID 20100
028.025 Deliver DATA 4, ID 20100
028.025 Slide RECV window, expect 5 next
028.106 ---- ACK timeout
028.106 Send ACK  4
028.291 Recv DATA 5 1, ID 20101
028.291 Deliver DATA 5, ID 20101
028.291 Slide RECV window, expect 6 next
028.292 Acked DATA 1, slide SEND window
028.292 Send DATA 9 5, ID 10105
028.559 Recv DATA 6 2, ID 20102
028.559 Deliver DATA 6, ID 20102
028.559 Slide RECV window, expect 7 next
028.559 Acked DATA 2, slide SEND window
028.560 Send DATA 10 6, ID 10106
028.824 Recv DATA 7 3, ID 20103
028.824 Deliver DATA 7, ID 20103
028.824 .... 104 packets received, 7723 bps, 96.53%, Err 0 (0.0e+00)
028.824 Slide RECV window, expect 8 next
028.824 Acked DATA 3, slide SEND window
028.824 Send DATA 11 7, ID 10107
029.108 Recv DATA 8 4, ID 20104
029.108 Deliver DATA 8, ID 20104
029.108 Slide RECV window, expect 9 next
029.108 Acked DATA 4, slide SEND window
029.108 Send DATA 12 8, ID 10108
029.422 Recv DATA 9 5, ID 20105
029.422 Deliver DATA 9, ID 20105
029.422 Slide RECV window, expect 10 next
029.422 Acked DATA 5, slide SEND window
029.422 Send DATA 13 9, ID 10109
029.440 Recv ACK  6
029.440 Acked DATA 6, slide SEND window
029.440 Send DATA 14 9, ID 10110
029.641 Recv DATA 10 7, ID 20106
029.641 Deliver DATA 10, ID 20106
029.641 Slide RECV window, expect 11 next
029.641 Acked DATA 7, slide SEND window
029.642 Send DATA 15 10, ID 10111
029.908 Recv DATA 11 8, ID 20107
029.908 Deliver DATA 11, ID 20107
029.908 Slide RECV window, expect 12 next
029.908 Acked DATA 8, slide SEND window
029.908 Send DATA 0 11, ID 10112
030.156 Recv DATA 12 8, ID 20108
030.156 Deliver DATA 12, ID 20108
030.156 Slide RECV window, expect 13 next
030.256 ---- ACK timeout
030.256 Send ACK  12
030.436 Recv DATA 13 9, ID 20109
030.436 Deliver DATA 13, ID 20109
030.436 Slide RECV window, expect 14 next
030.436 Acked DATA 9, slide SEND window
030.437 Send DATA 1 13, ID 10113
030.722 Recv DATA 14 10, ID 20110
030.722 Deliver DATA 14, ID 20110
030.722 Slide RECV window, expect 15 next
030.722 Acked DATA 10, slide SEND window
030.722 Send DATA 2 14, ID 10114
030.955 Recv DATA 15 11, ID 20111
030.955 Deliver DATA 15, ID 20111
030.955 .... 112 packets received, 7720 bps, 96.50%, Err 0 (0.0e+00)
030.955 Slide RECV window, expect 0 next
030.955 Acked DATA 11, slide SEND window
030.956 Send DATA 3 15, ID 10115
031.224 Recv DATA 0 12, ID 20112
031.224 Deliver DATA 0, ID 20112
031.224 Slide RECV window, expect 1 next
031.224 Acked DATA 12, slide SEND window
031.225 Send DATA 4 0, ID 10116
031.470 Recv DATA 1 13, ID 20113
031.471 Deliver DATA 1, ID 20113
031.471 Slide RECV window, expect 2 next
031.471 Acked DATA 13, slide SEND window
031.471 Send DATA 5 1, ID 10117
031.490 Recv ACK  14
031.490 Acked DATA 14, slide SEND window
031.491 Send DATA 6 1, ID 10118
031.741 Recv DATA 2 15, ID 20114
031.741 Deliver DATA 2, ID 20114
031.741 Slide RECV window, expect 3 next
031.741 Acked DATA 15, slide SEND window
031.741 Send DATA 7 2, ID 10119
032.022 Recv DATA 3 0, ID 20115
032.022 Deliver DATA 3, ID 20115
032.022 Slide RECV window, expect 4 next
032.022 Acked DATA 0, slide SEND window
032.022 Send DATA 8 3, ID 10120
032.293 Recv DATA 4 0, ID 20116
032.293 Deliver DATA 4, ID 20116
032.293 Slide RECV window, expect 5 next
032.388 ---- ACK timeout
032.388 Send ACK  4
032.539 Recv DATA 5 1, ID 20117
032.539 Deliver DATA 5, ID 20117
032.539 Slide RECV window, expect 6 next
032.539 Acked DATA 1, slide SEND window
032.539 Send DATA 9 5, ID 10121
032.823 Recv DATA 6 2, ID 20118
032.823 Deliver DATA 6, ID 20118
032.824 Slide RECV window, expect 7 next
032.824 Acked DATA 2, slide SEND window
032.824 Send DATA 10 6, ID 10122
033.106 Recv DATA 7 3, ID 20119
033.106 Deliver DATA 7, ID 20119
033.106 .... 120 packets received, 7713 bps, 96.42%, Err 0 (0.0e+00)
033.106 Slide RECV window, expect 8 next
033.106 Acked DATA 3, slide SEND window
033.107 Send DATA 11 7, ID 10123
033.342 Recv DATA 8 4, ID 20120
033.342 Deliver DATA 8, ID 20120
033.342 Slide RECV window, expect 9 next
033.342 Acked DATA 4, slide SEND window
033.342 Send DATA 12 8, ID 10124
033.638 Recv DATA 9 5, ID 20121
033.638 Deliver DATA 9, ID 20121
033.638 Slide RECV window, expect 10 next
033.638 Acked DATA 5, slide SEND window
033.638 Recv ACK  6
033.638 Acked DATA 6, slide SEND window
033.638 Send DATA 13 9, ID 10125
033.638 Send DATA 14 9, ID 10126
033.858 Recv DATA 10 7, ID 20122
033.858 Deliver DATA 10, ID 20122
033.858 Slide RECV window, expect 11 next
033.858 Acked DATA 7, slide SEND window
033.870 Send DATA 15 10, ID 10127
034.156 Recv DATA 11 8, ID 20123
034.156 Deliver DATA 11, ID 20123
034.156 Slide RECV window, expect 12 next
034.156 Acked DATA 8, slide SEND window
034.156 Send DATA 0 11, ID 10128
034.419 Recv DATA 12 8, ID 20124
034.419 Deliver DATA 12, ID 20124
034.419 Slide RECV window, expect 13 next
034.500 ---- ACK timeout
034.500 Send ACK  12
034.658 Recv DATA 13 9, ID 20125
034.658 Deliver DATA 13, ID 20125
034.658 Slide RECV window, expect 14 next
034.658 Acked DATA 9, slide SEND window
034.658 Send DATA 1 13, ID 10129
034.924 Recv DATA 14 10, ID 20126
034.924 Deliver DATA 14, ID 20126
034.924 Slide RECV window, expect 15 next
034.924 Acked DATA 10, slide SEND window
034.925 Send DATA 2 14, ID 10130
035.194 Recv DATA 15 11, ID 20127
035.194 Deliver DATA 15, ID 20127
035.194 .... 128 packets received, 7721 bps, 96.52%, Err 0 (0.0e+00)
035.194 Slide RECV window, expect 0 next
035.194 Acked DATA 11, slide SEND window
035.194 Send DATA 3 15, ID 10131
035.457 Recv DATA 0 12, ID 20128
035.457 Deliver DATA 0, ID 20128
035.457 Slide RECV window, expect 1 next
035.457 Acked DATA 12, slide SEND window
035.458 Send DATA 4 0, ID 10132
035.741 Recv DATA 1 13, ID 20129
035.741 Deliver DATA 1, ID 20129
035.741 Slide RECV window, expect 2 next
035.741 Acked DATA 13, slide SEND window
035.741 Recv ACK  14
035.741 Acked DATA 14, slide SEND window
035.741 Send DATA 5 1, ID 10133
035.741 Send DATA 6 1, ID 10134
036.018 Recv DATA 2 15, ID 20130
036.018 Deliver DATA 2, ID 20130
036.018 Slide RECV window, expect 3 next
036.018 Acked DATA 15, slide SEND window
036.018 Send DATA 7 2, ID 10135
036.275 Recv DATA 3 0, ID 20131
036.275 Deliver DATA 3, ID 20131
036.275 Slide RECV window, expect 4 next
036.275 Acked DATA 0, slide SEND window
036.275 Send DATA 8 3, ID 10136
036.543 Recv DATA 4 0, ID 20132
036.543 Deliver DATA 4, ID 20132
036.543 Slide RECV window, expect 5 next
036.641 ---- ACK timeout
036.642 Send ACK  4
036.824 Recv DATA 5 1, ID 20133
036.824 Deliver DATA 5, ID 20133
036.824 Slide RECV window, expect 6 next
036.824 Acked DATA 1, slide SEND window
036.824 Send DATA 9 5, ID 10137
037.068 Recv DATA 6 2, ID 20134
037.068 Deliver DATA 6, ID 20134
037.068 Slide RECV window, expect 7 next
037.068 Acked DATA 2, slide SEND window
037.068 Send DATA 10 6, ID 10138
037.357 Recv DATA 7 3, ID 20135
037.357 Deliver DATA 7, ID 20135
037.357 .... 136 packets received, 7713 bps, 96.41%, Err 0 (0.0e+00)
037.357 Slide RECV window, expect 8 next
037.357 Acked DATA 3, slide SEND window
037.357 Send DATA 11 7, ID 10139
037.589 Recv DATA 8 4, ID 20136
037.589 Deliver DATA 8, ID 20136
037.589 Slide RECV window, expect 9 next
037.589 Acked DATA 4, slide SEND window
037.589 Send DATA 12 8, ID 10140
037.871 Recv DATA 9 5, ID 20137
037.871 Deliver DATA 9, ID 20137
037.871 Slide RECV window, expect 10 next
037.871 Acked DATA 5, slide SEND window
037.872 Send DATA 13 9, ID 10141
037.890 Recv ACK  6
037.890 Acked DATA 6, slide SEND window
037.890 Send DATA 14 9, ID 10142
038.139 Recv DATA 10 7, ID 20138
038.139 Deliver DATA 10, ID 20138
038.139 Slide RECV window, expect 11 next
038.139 Acked DATA 7, slide SEND window
038.139 Send DATA 15 10, ID 10143
038.392 Recv DATA 11 8, ID 20139
038.392 Deliver DATA 11, ID 20139
038.392 Slide RECV window, expect 12 next
038.392 Acked DATA 8, slide SEND window
038.392 Send DATA 0 11, ID 10144
038.669 Recv DATA 12 8, ID 20140
038.669 Deliver DATA 12, ID 20140
038.669 Slide RECV window, expect 13 next
038.755 ---- ACK timeout
038.755 Send ACK  12
038.954 Recv DATA 13 9, ID 20141
038.954 Deliver DATA 13, ID 20141
038.954 Slide RECV window, expect 14 next
038.954 Acked DATA 9, slide SEND window
038.954 Send DATA 1 13, ID 10145
039.204 Recv DATA 14 10, ID 20142
039.204 Deliver DATA 14, ID 20142
039.204 Slide RECV window, expect 15 next
039.204 Acked DATA 10, slide SEND window
039.204 Send DATA 2 14, ID 10146
039.490 Recv DATA 15 11, ID 20143
039.490 Deliver DATA 15, ID 20143
039.490 .... 144 packets received, 7711 bps, 96.39%, Err 0 (0.0e+00)
039.490 Slide RECV window, expect 0 next
039.490 Acked DATA 11, slide SEND window
039.491 Send DATA 3 15, ID 10147
039.739 Recv DATA 0 12, ID 20144
039.739 Deliver DATA 0, ID 20144
039.739 Slide RECV window, expect 1 next
039.739 Acked DATA 12, slide SEND window
039.739 Send DATA 4 0, ID 10148
039.974 Recv DATA 1 13, ID 20145
039.974 Deliver DATA 1, ID 20145
039.974 Slide RECV window, expect 2 next
039.974 Acked DATA 13, slide SEND window
039.975 Send DATA 5 1, ID 10149
040.022 Recv ACK  14
040.022 Acked DATA 14, slide SEND window
040.022 Send DATA 6 1, ID 10150
040.242 Recv DATA 2 15, ID 20146
040.242 Deliver DATA 2, ID 20146
040.242 Slide RECV window, expect 3 next
040.242 Acked DATA 15, slide SEND window
040.242 Send DATA 7 2, ID 10151
040.492 Recv DATA 3 0, ID 20147
040.492 Deliver DATA 3, ID 20147
040.492 Slide RECV window, expect 4 next
040.492 Acked DATA 0, slide SEND window
040.492 Send DATA 8 3, ID 10152
040.758 Recv DATA 4 0, ID 20148
040.758 Deliver DATA 4, ID 20148
040.758 Slide RECV window, expect 5 next
040.857 ---- ACK timeout
040.857 Send ACK  4
041.022 Recv DATA 5 1, ID 20149
041.022 Deliver DATA 5, ID 20149
041.022 Slide RECV window, expect 6 next
041.022 Acked DATA 1, slide SEND window
041.023 Send DATA 9 5, ID 10153
041.305 Recv DATA 6 2, ID 20150
041.305 Deliver DATA 6, ID 20150
041.305 Slide RECV window, expect 7 next
041.305 Acked DATA 2, slide SEND window
041.305 Send DATA 10 6, ID 10154
041.574 Recv DATA 7 3, ID 20151
041.574 Deliver DATA 7, ID 20151
041.574 .... 152 packets received, 7719 bps, 96.49%, Err 0 (0.0e+00)
041.574 Slide RECV window, expect 8 next
041.574 Acked DATA 3, slide SEND window
041.574 Send DATA 11 7, ID 10155
041.824 Recv DATA 8 4, ID 20152
041.824 Deliver DATA 8, ID 20152
041.824 Slide RECV window, expect 9 next
041.824 Acked DATA 4, slide SEND window
041.825 Send DATA 12 8, ID 10156
042.104 Recv DATA 9 5, ID 20153
042.104 Deliver DATA 9, ID 20153
042.104 Slide RECV window, expect 10 next
042.104 Acked DATA 5, slide SEND window
042.104 Send DATA 13 9, ID 10157
042.125 Recv ACK  6
042.125 Acked DATA 6, slide SEND window
042.125 Send DATA 14 9, ID 10158
042.390 Recv DATA 10 7, ID 20154
042.390 Deliver DATA 10, ID 20154
042.390 Slide RECV window, expect 11 next
042.390 Acked DATA 7, slide SEND window
042.391 Send DATA 15 10, ID 10159
042.624 Recv DATA 11 8, ID 20155
042.624 Deliver DATA 11, ID 20155
042.624 Slide RECV window, expect 12 next
042.624 Acked DATA 8, slide SEND window
042.625 Send DATA 0 11, ID 10160
042.885 Recv DATA 12 8, ID 20156
042.885 Deliver DATA 12, ID 20156
042.885 Slide RECV window, expect 13 next
042.974 ---- ACK timeout
042.974 Send ACK  12
043.158 Recv DATA 13 9, ID 20157
043.158 Deliver DATA 13, ID 20157
043.158 Slide RECV window, expect 14 next
043.158 Acked DATA 9, slide SEND window
043.158 Send DATA 1 13, ID 10161
043.407 Recv DATA 14 10, ID 20158
043.407 Deliver DATA 14, ID 20158
043.408 Slide RECV window, expect 15 next
043.408 Acked DATA 10, slide SEND window
043.408 Send DATA 2 14, ID 10162
043.691 Recv DATA 15 11, ID 20159
043.691 Deliver DATA 15, ID 20159
043.691 .... 160 packets received, 7720 bps, 96.50%, Err 0 (0.0e+00)
043.691 Slide RECV window, expect 0 next
043.691 Acked DATA 11, slide SEND window
043.691 Send DATA 3 15, ID 10163
043.957 Recv DATA 0 12, ID 20160
043.957 Deliver DATA 0, ID 20160
043.957 Slide RECV window, expect 1 next
043.957 Acked DATA 12, slide SEND window
043.958 Send DATA 4 0, ID 10164
044.224 Recv DATA 1 13, ID 20161
044.224 Deliver DATA 1, ID 20161
044.224 Slide RECV window, expect 2 next
044.224 Acked DATA 13, slide SEND window
044.224 Send DATA 5 1, ID 10165
044.277 Recv ACK  14
044.277 Acked DATA 14, slide SEND window
044.277 Send DATA 6 1, ID 10166
044.471 Recv DATA 2 15, ID 20162
044.471 Deliver DATA 2, ID 20162
044.471 Slide RECV window, expect 3 next
044.471 Acked DATA 15, slide SEND window
044.472 Send DATA 7 2, ID 10167
044.739 Recv DATA 3 0, ID 20163
044.739 Deliver DATA 3, ID 20163
044.739 Slide RECV window, expect 4 next
044.739 Acked DATA 0, slide SEND window
044.739 Send DATA 8 3, ID 10168
044.974 Recv DATA 4 0, ID 20164
044.974 Deliver DATA 4, ID 20164
044.986 Slide RECV window, expect 5 next
045.057 ---- ACK timeout
045.057 Send ACK  4
045.274 Recv DATA 5 1, ID 20165
045.274 Deliver DATA 5, ID 20165
045.274 Slide RECV window, expect 6 next
045.274 Acked DATA 1, slide SEND window
045.274 Send DATA 9 5, ID 10169
045.557 Recv DATA 6 2, ID 20166
045.558 Deliver DATA 6, ID 20166
045.558 Slide RECV window, expect 7 next
045.558 Acked DATA 2, slide SEND window
045.558 Send DATA 10 6, ID 10170
045.790 Recv DATA 7 3, ID 20167
045.790 Deliver DATA 7, ID 20167
045.790 .... 168 packets received, 7724 bps, 96.55%, Err 0 (0.0e+00)
045.790 Slide RECV window, expect 8 next
045.790 Acked DATA 3, slide SEND window
045.790 Send DATA 11 7, ID 10171
046.060 Recv DATA 8 4, ID 20168
046.060 Deliver DATA 8, ID 20168
046.060 Slide RECV window, expect 9 next
046.060 Acked DATA 4, slide SEND window
046.060 Send DATA 12 8, ID 10172
046.337 Recv DATA 9 5, ID 20169
046.337 Deliver DATA 9, ID 20169
046.337 Slide RECV window, expect 10 next
046.337 Acked DATA 5, slide SEND window
046.338 Send DATA 13 9, ID 10173
046.355 Recv ACK  6
046.355 Acked DATA 6, slide SEND window
046.355 Send DATA 14 9, ID 10174
046.622 Recv DATA 10 7, ID 20170
046.622 Deliver DATA 10, ID 20170
046.622 Slide RECV window, expect 11 next
046.622 Acked DATA 7, slide SEND window
046.622 Send DATA 15 10, ID 10175
046.874 Recv DATA 11 8, ID 20171
046.874 Deliver DATA 11, ID 20171
046.874 Slide RECV window, expect 12 next
046.874 Acked DATA 8, slide SEND window
046.874 Send DATA 0 11, ID 10176
047.138 Recv DATA 12 8, ID 20172
047.138 Deliver DATA 12, ID 20172
047.138 Slide RECV window, expect 13 next
047.240 ---- ACK timeout
047.240 Send ACK  12
047.406 Recv DATA 13 9, ID 20173
047.406 Deliver DATA 13, ID 20173
047.406 Slide RECV window, expect 14 next
047.406 Acked DATA 9, slide SEND window
047.406 Send DATA 1 13, ID 10177
047.658 Recv DATA 14 10, ID 20174
047.658 Deliver DATA 14, ID 20174
047.658 Slide RECV window, expect 15 next
047.658 Acked DATA 10, slide SEND window
047.658 Send DATA 2 14, ID 10178
047.923 Recv DATA 15 11, ID 20175
047.923 Deliver DATA 15, ID 20175
047.923 .... 176 packets received, 7722 bps, 96.52%, Err 0 (0.0e+00)
047.923 Slide RECV window, expect 0 next
047.923 Acked DATA 11, slide SEND window
047.923 Send DATA 3 15, ID 10179
048.191 Recv DATA 0 12, ID 20176
048.191 Deliver DATA 0, ID 20176
048.191 Slide RECV window, expect 1 next
048.191 Acked DATA 12, slide SEND window
048.191 Send DATA 4 0, ID 10180
048.473 Recv DATA 1 13, ID 20177
048.473 Deliver DATA 1, ID 20177
048.473 Slide RECV window, expect 2 next
048.473 Acked DATA 13, slide SEND window
048.474 Send DATA 5 1, ID 10181
048.507 Recv ACK  14
048.507 Acked DATA 14, slide SEND window
048.507 Send DATA 6 1, ID 10182
048.723 Recv DATA 2 15, ID 20178
048.723 Deliver DATA 2, ID 20178
048.723 Slide RECV window, expect 3 next
048.723 Acked DATA 15, slide SEND window
048.723 Send DATA 7 2, ID 10183
048.990 Recv DATA 3 0, ID 20179
048.991 Deliver DATA 3, ID 20179
048.991 Slide RECV window, expect 4 next
048.991 Acked DATA 0, slide SEND window
048.991 Send DATA 8 3, ID 10184
049.226 Recv DATA 4 0, ID 20180
049.226 Deliver DATA 4, ID 20180
049.226 Slide RECV window, expect 5 next
049.322 ---- ACK timeout
049.322 Send ACK  4
049.492 Recv DATA 5 1, ID 20181
049.492 Deliver DATA 5, ID 20181
049.492 Slide RECV window, expect 6 next
049.492 Acked DATA 1, slide SEND window
049.492 Send DATA 9 5, ID 10185
049.755 Recv DATA 6 2, ID 20182
049.756 Deliver DATA 6, ID 20182
049.756 Slide RECV window, expect 7 next
049.756 Acked DATA 2, slide SEND window
049.756 Send DATA 10 6, ID 10186
050.005 Recv DATA 7 3, ID 20183
050.006 Deliver DATA 7, ID 20183
050.006 .... 184 packets received, 7728 bps, 96.60%, Err 0 (0.0e+00)
050.006 Slide RECV window, expect 8 next
050.006 Acked DATA 3, slide SEND window
050.006 Send DATA 11 7, ID 10187
050.270 Recv DATA 8 4, ID 20184
050.270 Deliver DATA 8, ID 20184
050.270 Slide RECV window, expect 9 next
050.270 Acked DATA 4, slide SEND window
050.270 Send DATA 12 8, ID 10188
050.551 Recv DATA 9 5, ID 20185
050.552 Deliver DATA 9, ID 20185
050.563 Slide RECV window, expect 10 next
050.563 Acked DATA 5, slide SEND window
050.563 Send DATA 13 9, ID 10189
050.596 Recv ACK  6
050.597 Acked DATA 6, slide SEND window
050.597 Send DATA 14 9, ID 10190
050.838 Recv DATA 10 7, ID 20186
050.838 Deliver DATA 10, ID 20186
050.838 Slide RECV window, expect 11 next
050.838 Acked DATA 7, slide SEND window
050.838 Send DATA 15 10, ID 10191
051.076 Recv DATA 11 8, ID 20187
051.076 Deliver DATA 11, ID 20187
051.076 Slide RECV window, expect 12 next
051.076 Acked DATA 8, slide SEND window
051.077 Send DATA 0 11, ID 10192
051.340 Recv DATA 12 8, ID 20188
051.340 Deliver DATA 12, ID 20188
051.340 Slide RECV window, expect 13 next
051.424 ---- ACK timeout
051.424 Send ACK  12
051.606 Recv DATA 13 9, ID 20189
051.606 Deliver DATA 13, ID 20189
051.607 Slide RECV window, expect 14 next
051.607 Acked DATA 9, slide SEND window
051.607 Send DATA 1 13, ID 10193
051.872 Recv DATA 14 10, ID 20190
051.872 Deliver DATA 14, ID 20190
051.872 Slide RECV window, expect 15 next
051.872 Acked DATA 10, slide SEND window
051.872 Send DATA 2 14, ID 10194
052.172 Recv DATA 15 11, ID 20191
052.172 Deliver DATA 15, ID 20191
052.172 .... 192 packets received, 7721 bps, 96.51%, Err 0 (0.0e+00)
052.172 Slide RECV window, expect 0 next
052.172 Acked DATA 11, slide SEND window
052.172 Send DATA 3 15, ID 10195
052.438 Recv DATA 0 12, ID 20192
052.438 Deliver DATA 0, ID 20192
052.438 Slide RECV window, expect 1 next
052.438 Acked DATA 12, slide SEND window
052.438 Send DATA 4 0, ID 10196
052.672 Recv DATA 1 13, ID 20193
052.672 Deliver DATA 1, ID 20193
052.672 Slide RECV window, expect 2 next
052.672 Acked DATA 13, slide SEND window
052.672 Send DATA 5 1, ID 10197
052.702 Recv ACK  14
052.702 Acked DATA 14, slide SEND window
052.702 Send DATA 6 1, ID 10198
052.970 Recv DATA 2 15, ID 20194
052.970 Deliver DATA 2, ID 20194
052.970 Slide RECV window, expect 3 next
052.970 Acked DATA 15, slide SEND window
052.970 Send DATA 7 2, ID 10199
053.223 Recv DATA 3 0, ID 20195
053.224 Deliver DATA 3, ID 20195
053.224 Slide RECV window, expect 4 next
053.224 Acked DATA 0, slide SEND window
053.224 Send DATA 8 3, ID 10200
053.489 Recv DATA 4 0, ID 20196
053.489 Deliver DATA 4, ID 20196
053.489 Slide RECV window, expect 5 next
053.575 ---- ACK timeout
053.575 Send ACK  4
053.736 Recv DATA 5 1, ID 20197
053.736 Deliver DATA 5, ID 20197
053.736 Slide RECV window, expect 6 next
053.736 Acked DATA 1, slide SEND window
053.737 Send DATA 9 5, ID 10201
054.021 Recv DATA 6 2, ID 20198
054.021 Deliver DATA 6, ID 20198
054.021 Slide RECV window, expect 7 next
054.021 Acked DATA 2, slide SEND window
054.021 Send DATA 10 6, ID 10202
054.306 Recv DATA 7 3, ID 20199
054.307 Deliver DATA 7, ID 20199
054.307 .... 200 packets received, 7719 bps, 96.49%, Err 0 (0.0e+00)
054.307 Slide RECV window, expect 8 next
054.307 Acked DATA 3, slide SEND window
054.307 Send DATA 11 7, ID 10203
054.540 Recv DATA 8 4, ID 20200
054.540 Deliver DATA 8, ID 20200
054.540 Slide RECV window, expect 9 next
054.540 Acked DATA 4, slide SEND window
054.540 Send DATA 12 8, ID 10204
054.807 Recv DATA 9 5, ID 20201
054.807 Deliver DATA 9, ID 20201
054.807 Slide RECV window, expect 10 next
054.807 Acked DATA 5, slide SEND window
054.807 Send DATA 13 9, ID 10205
054.837 Recv ACK  6
054.837 Acked DATA 6, slide SEND window
054.837 Send DATA 14 9, ID 10206
055.087 Recv DATA 10 7, ID 20202
055.087 Deliver DATA 10, ID 20202
055.087 Slide RECV window, expect 11 next
055.088 Acked DATA 7, slide SEND window
055.088 Send DATA 15 10, ID 10207
055.324 Recv DATA 11 8, ID 20203
055.324 Deliver DATA 11, ID 20203
055.324 Slide RECV window, expect 12 next
055.324 Acked DATA 8, slide SEND window
055.324 Send DATA 0 11, ID 10208
055.607 Recv DATA 12 8, ID 20204
055.607 Deliver DATA 12, ID 20204
055.607 Slide RECV window, expect 13 next
055.692 ---- ACK timeout
055.692 Send ACK  12
055.874 Recv DATA 13 9, ID 20205
055.874 Deliver DATA 13, ID 20205
055.874 Slide RECV window, expect 14 next
055.874 Acked DATA 9, slide SEND window
055.875 Send DATA 1 13, ID 10209
056.157 Recv DATA 14 10, ID 20206
056.168 Deliver DATA 14, ID 20206
056.168 Slide RECV window, expect 15 next
056.168 Acked DATA 10, slide SEND window
056.169 Send DATA 2 14, ID 10210
056.440 Recv DATA 15 11, ID 20207
056.441 Deliver DATA 15, ID 20207
056.441 .... 208 packets received, 7718 bps, 96.47%, Err 0 (0.0e+00)
056.441 Slide RECV window, expect 0 next
056.441 Acked DATA 11, slide SEND window
056.441 Send DATA 3 15, ID 10211
056.674 Recv DATA 0 12, ID 20208
056.674 Deliver DATA 0, ID 20208
056.674 Slide RECV window, expect 1 next
056.674 Acked DATA 12, slide SEND window
056.675 Send DATA 4 0, ID 10212
056.923 Recv DATA 1 13, ID 20209
056.923 Deliver DATA 1, ID 20209
056.923 Slide RECV window, expect 2 next
056.923 Acked DATA 13, slide SEND window
056.923 Send DATA 5 1, ID 10213
056.941 Recv ACK  14
056.941 Acked DATA 14, slide SEND window
056.941 Send DATA 6 1, ID 10214
057.190 Recv DATA 2 15, ID 20210
057.190 Deliver DATA 2, ID 20210
057.190 Slide RECV window, expect 3 next
057.190 Acked DATA 15, slide SEND window
057.191 Send DATA 7 2, ID 10215
057.459 Recv DATA 3 0, ID 20211
057.459 Deliver DATA 3, ID 20211
057.459 Slide RECV window, expect 4 next
057.459 Acked DATA 0, slide SEND window
057.459 Send DATA 8 3, ID 10216
057.711 Recv DATA 4 0, ID 20212
057.711 Deliver DATA 4, ID 20212
057.711 Slide RECV window, expect 5 next
057.817 ---- ACK timeout
057.817 Send ACK  4
057.994 Recv DATA 5 1, ID 20213
057.994 Deliver DATA 5, ID 20213
057.994 Slide RECV window, expect 6 next
057.994 Acked DATA 1, slide SEND window
057.994 Send DATA 9 5, ID 10217
058.246 Recv DATA 6 2, ID 20214
058.246 Deliver DATA 6, ID 20214
058.247 Slide RECV window, expect 7 next
058.247 Acked DATA 2, slide SEND window
058.247 Send DATA 10 6, ID 10218
058.522 Recv DATA 7 3, ID 20215
058.522 Deliver DATA 7, ID 20215
058.522 .... 216 packets received, 7723 bps, 96.54%, Err 0 (0.0e+00)
058.522 Slide RECV window, expect 8 next
058.522 Acked DATA 3, slide SEND window
058.522 Send DATA 11 7, ID 10219
058.804 Recv DATA 8 4, ID 20216
058.804 Deliver DATA 8, ID 20216
058.804 Slide RECV window, expect 9 next
058.804 Acked DATA 4, slide SEND window
058.805 Send DATA 12 8, ID 10220
059.055 Recv DATA 9 5, ID 20217
059.055 Deliver DATA 9, ID 20217
059.055 Slide RECV window, expect 10 next
059.055 Acked DATA 5, slide SEND window
059.055 Send DATA 13 9, ID 10221
059.074 Recv ACK  6
059.074 Acked DATA 6, slide SEND window
059.074 Send DATA 14 9, ID 10222
059.335 Recv DATA 10 7, ID 20218
059.335 Deliver DATA 10, ID 20218
059.335 Slide RECV window, expect 11 next
059.335 Acked DATA 7, slide SEND window
059.335 Send DATA 15 10, ID 10223
059.572 Recv DATA 11 8, ID 20219
059.572 Deliver DATA 11, ID 20219
059.572 Slide RECV window, expect 12 next
059.572 Acked DATA 8, slide SEND window
059.572 Send DATA 0 11, ID 10224
059.859 Recv DATA 12 8, ID 20220
059.859 Deliver DATA 12, ID 20220
059.859 Slide RECV window, expect 13 next
059.940 ---- ACK timeout
059.940 Send ACK  12
060.106 Recv DATA 13 9, ID 20221
060.106 Deliver DATA 13, ID 20221
060.106 Slide RECV window, expect 14 next
060.106 Acked DATA 9, slide SEND window
060.107 Send DATA 1 13, ID 10225
060.374 Recv DATA 14 10, ID 20222
060.374 Deliver DATA 14, ID 20222
060.374 Slide RECV window, expect 15 next
060.374 Acked DATA 10, slide SEND window
060.374 Send DATA 2 14, ID 10226
060.602 Recv DATA 15 11, ID 20223
060.602 Deliver DATA 15, ID 20223
060.602 .... 224 packets received, 7729 bps, 96.61%, Err 0 (0.0e+00)
060.602 Slide RECV window, expect 0 next
060.602 Acked DATA 11, slide SEND window
060.603 Send DATA 3 15, ID 10227
060.922 Recv DATA 0 12, ID 20224
060.922 Deliver DATA 0, ID 20224
060.922 Slide RECV window, expect 1 next
060.922 Acked DATA 12, slide SEND window
060.923 Send DATA 4 0, ID 10228
061.172 Recv DATA 1 13, ID 20225
061.172 Deliver DATA 1, ID 20225
061.172 Slide RECV window, expect 2 next
061.172 Acked DATA 13, slide SEND window
061.172 Send DATA 5 1, ID 10229
061.239 Recv ACK  14
061.239 Acked DATA 14, slide SEND window
061.240 Send DATA 6 1, ID 10230
061.439 Recv DATA 2 15, ID 20226
061.439 Deliver DATA 2, ID 20226
061.439 Slide RECV window, expect 3 next
061.439 Acked DATA 15, slide SEND window
061.440 Send DATA 7 2, ID 10231
061.673 Recv DATA 3 0, ID 20227
061.673 Deliver DATA 3, ID 20227
061.673 Slide RECV window, expect 4 next
061.673 Acked DATA 0, slide SEND window
061.674 Send DATA 8 3, ID 10232
061.951 Recv DATA 4 0, ID 20228
061.951 Deliver DATA 4, ID 20228
061.951 Slide RECV window, expect 5 next
062.041 ---- ACK timeout
062.041 Send ACK  4
062.243 Recv DATA 5 1, ID 20229
062.243 Deliver DATA 5, ID 20229
062.243 Slide RECV window, expect 6 next
062.243 Acked DATA 1, slide SEND window
062.243 Send DATA 9 5, ID 10233
062.474 Recv DATA 6 2, ID 20230
062.474 Deliver DATA 6, ID 20230
062.474 Slide RECV window, expect 7 next
062.474 Acked DATA 2, slide SEND window
062.474 Send DATA 10 6, ID 10234
062.721 Recv DATA 7 3, ID 20231
062.721 Deliver DATA 7, ID 20231
062.721 .... 232 packets received, 7729 bps, 96.61%, Err 0 (0.0e+00)
062.721 Slide RECV window, expect 8 next
062.721 Acked DATA 3, slide SEND window
062.722 Send DATA 11 7, ID 10235
062.990 Recv DATA 8 4, ID 20232
062.990 Deliver DATA 8, ID 20232
062.990 Slide RECV window, expect 9 next
062.990 Acked DATA 4, slide SEND window
062.990 Send DATA 12 8, ID 10236
063.271 Recv DATA 9 5, ID 20233
063.271 Deliver DATA 9, ID 20233
063.271 Slide RECV window, expect 10 next
063.271 Acked DATA 5, slide SEND window
063.271 Send DATA 13 9, ID 10237
063.301 Recv ACK  6
063.301 Acked DATA 6, slide SEND window
063.301 Send DATA 14 9, ID 10238
063.538 Recv DATA 10 7, ID 20234
063.538 Deliver DATA 10, ID 20234
063.538 Slide RECV window, expect 11 next
063.538 Acked DATA 7, slide SEND window
063.538 Send DATA 15 10, ID 10239
063.803 Recv DATA 11 8, ID 20235
063.803 Deliver DATA 11, ID 20235
063.803 Slide RECV window, expect 12 next
063.803 Acked DATA 8, slide SEND window
063.804 Send DATA 0 11, ID 10240
064.073 Recv DATA 12 8, ID 20236
064.073 Deliver DATA 12, ID 20236
064.073 Slide RECV window, expect 13 next
064.174 ---- ACK timeout
064.174 Send ACK  12
064.373 Recv DATA 13 9, ID 20237
064.373 Deliver DATA 13, ID 20237
064.373 Slide RECV window, expect 14 next
064.373 Acked DATA 9, slide SEND window
064.373 Send DATA 1 13, ID 10241
064.607 Recv DATA 14 10, ID 20238
064.607 Deliver DATA 14, ID 20238
064.607 Slide RECV window, expect 15 next
064.607 Acked DATA 10, slide SEND window
064.607 Send DATA 2 14, ID 10242
064.839 Recv DATA 15 11, ID 20239
064.839 Deliver DATA 15, ID 20239
064.839 .... 240 packets received, 7729 bps, 96.61%, Err 0 (0.0e+00)
064.839 Slide RECV window, expect 0 next
064.839 Acked DATA 11, slide SEND window
064.839 Send DATA 3 15, ID 10243
065.104 Recv DATA 0 12, ID 20240
065.105 Deliver DATA 0, ID 20240
065.105 Slide RECV window, expect 1 next
065.105 Acked DATA 12, slide SEND window
065.105 Send DATA 4 0, ID 10244
065.374 Recv DATA 1 13, ID 20241
065.375 Deliver DATA 1, ID 20241
065.375 Slide RECV window, expect 2 next
065.375 Acked DATA 13, slide SEND window
065.375 Send DATA 5 1, ID 10245
065.405 Recv ACK  14
065.405 Acked DATA 14, slide SEND window
065.405 Send DATA 6 1, ID 10246
065.689 Recv DATA 2 15, ID 20242
065.689 Deliver DATA 2, ID 20242
065.690 Slide RECV window, expect 3 next
065.690 Acked DATA 15, slide SEND window
065.690 Send DATA 7 2, ID 10247
065.928 Recv DATA 3 0, ID 20243
065.928 Deliver DATA 3, ID 20243
065.928 Slide RECV window, expect 4 next
065.928 Acked DATA 0, slide SEND window
065.928 Send DATA 8 3, ID 10248
066.207 Recv DATA 4 0, ID 20244
066.207 Deliver DATA 4, ID 20244
066.207 Slide RECV window, expect 5 next
066.292 ---- ACK timeout
066.292 Send ACK  4
066.474 Recv DATA 5 1, ID 20245
066.475 Deliver DATA 5, ID 20245
066.475 Slide RECV window, expect 6 next
066.475 Acked DATA 1, slide SEND window
066.475 Send DATA 9 5, ID 10249
066.723 Recv DATA 6 2, ID 20246
066.723 Deliver DATA 6, ID 20246
066.723 Slide RECV window, expect 7 next
066.723 Acked DATA 2, slide SEND window
066.723 Send DATA 10 6, ID 10250
066.975 Recv DATA 7 3, ID 20247
066.975 Deliver DATA 7, ID 20247
066.975 .... 248 packets received, 7727 bps, 96.59%, Err 0 (0.0e+00)
066.975 Slide RECV window, expect 8 next
066.986 Acked DATA 3, slide SEND window
066.986 Send DATA 11 7, ID 10251
067.255 Recv DATA 8 4, ID 20248
067.255 Deliver DATA 8, ID 20248
067.255 Slide RECV window, expect 9 next
067.255 Acked DATA 4, slide SEND window
067.255 Send DATA 12 8, ID 10252
067.491 Recv DATA 9 5, ID 20249
067.491 Deliver DATA 9, ID 20249
067.491 Slide RECV window, expect 10 next
067.491 Acked DATA 5, slide SEND window
067.491 Send DATA 13 9, ID 10253
067.521 Recv ACK  6
067.521 Acked DATA 6, slide SEND window
067.522 Send DATA 14 9, ID 10254
067.792 Recv DATA 10 7, ID 20250
067.792 Deliver DATA 10, ID 20250
067.792 Slide RECV window, expect 11 next
067.792 Acked DATA 7, slide SEND window
067.793 Send DATA 15 10, ID 10255
068.039 Recv DATA 11 8, ID 20251
068.039 Deliver DATA 11, ID 20251
068.039 Slide RECV window, expect 12 next
068.039 Acked DATA 8, slide SEND window
068.039 Send DATA 0 11, ID 10256
068.291 Recv DATA 12 8, ID 20252
068.291 Deliver DATA 12, ID 20252
068.291 Slide RECV window, expect 13 next
068.372 ---- ACK timeout
068.372 Send ACK  12
068.590 Recv DATA 13 9, ID 20253
068.590 Deliver DATA 13, ID 20253
068.590 Slide RECV window, expect 14 next
068.590 Acked DATA 9, slide SEND window
068.590 Send DATA 1 13, ID 10257
068.872 Recv DATA 14 10, ID 20254
068.872 Deliver DATA 14, ID 20254
068.872 Slide RECV window, expect 15 next
068.872 Acked DATA 10, slide SEND window
068.872 Send DATA 2 14, ID 10258
069.104 Recv DATA 15 11, ID 20255
069.104 Deliver DATA 15, ID 20255
069.104 .... 256 packets received, 7726 bps, 96.58%, Err 0 (0.0e+00)
069.104 Slide RECV window, expect 0 next
069.104 Acked DATA 11, slide SEND window
069.104 Send DATA 3 15, ID 10259
069.374 Recv DATA 0 12, ID 20256
069.374 Deliver DATA 0, ID 20256
069.374 Slide RECV window, expect 1 next
069.375 Acked DATA 12, slide SEND window
069.375 Send DATA 4 0, ID 10260
069.640 Recv DATA 1 13, ID 20257
069.640 Deliver DATA 1, ID 20257
069.640 Slide RECV window, expect 2 next
069.640 Acked DATA 13, slide SEND window
069.640 Recv ACK  14
069.640 Acked DATA 14, slide SEND window
069.640 Send DATA 5 1, ID 10261
069.641 Send DATA 6 1, ID 10262
069.905 Recv DATA 2 15, ID 20258
069.905 Deliver DATA 2, ID 20258
069.905 Slide RECV window, expect 3 next
069.905 Acked DATA 15, slide SEND window
069.906 Send DATA 7 2, ID 10263
070.177 Recv DATA 3 0, ID 20259
070.177 Deliver DATA 3, ID 20259
070.177 Slide RECV window, expect 4 next
070.177 Acked DATA 0, slide SEND window
070.177 Send DATA 8 3, ID 10264
070.421 Recv DATA 4 0, ID 20260
070.421 Deliver DATA 4, ID 20260
070.421 Slide RECV window, expect 5 next
070.508 ---- ACK timeout
070.508 Send ACK  4
070.690 Recv DATA 5 1, ID 20261
070.690 Deliver DATA 5, ID 20261
070.690 Slide RECV window, expect 6 next
070.690 Acked DATA 1, slide SEND window
070.690 Send DATA 9 5, ID 10265
070.938 Recv DATA 6 2, ID 20262
070.938 Deliver DATA 6, ID 20262
070.938 Slide RECV window, expect 7 next
070.938 Acked DATA 2, slide SEND window
070.938 Send DATA 10 6, ID 10266
071.239 Recv DATA 7 3, ID 20263
071.239 Deliver DATA 7, ID 20263
071.239 .... 264 packets received, 7724 bps, 96.56%, Err 0 (0.0e+00)
071.239 Slide RECV window, expect 8 next
071.239 Acked DATA 3, slide SEND window
071.239 Send DATA 11 7, ID 10267
071.487 Recv DATA 8 4, ID 20264
071.487 Deliver DATA 8, ID 20264
071.487 Slide RECV window, expect 9 next
071.487 Acked DATA 4, slide SEND window
071.487 Send DATA 12 8, ID 10268
071.777 Recv DATA 9 5, ID 20265
071.777 Deliver DATA 9, ID 20265
071.777 Slide RECV window, expect 10 next
071.777 Acked DATA 5, slide SEND window
071.777 Send DATA 13 9, ID 10269
071.807 Recv ACK  6
071.807 Acked DATA 6, slide SEND window
071.807 Send DATA 14 9, ID 10270
072.018 Recv DATA 10 7, ID 20266
072.018 Deliver DATA 10, ID 20266
072.018 Slide RECV window, expect 11 next
072.018 Acked DATA 7, slide SEND window
072.018 Send DATA 15 10, ID 10271
072.295 Recv DATA 11 8, ID 20267
072.295 Deliver DATA 11, ID 20267
072.295 Slide RECV window, expect 12 next
072.295 Acked DATA 8, slide SEND window
072.295 Send DATA 0 11, ID 10272
072.584 Recv DATA 12 8, ID 20268
072.585 Deliver DATA 12, ID 20268
072.585 Slide RECV window, expect 13 next
072.671 ---- ACK timeout
072.671 Send ACK  12
072.823 Recv DATA 13 9, ID 20269
072.823 Deliver DATA 13, ID 20269
072.823 Slide RECV window, expect 14 next
072.823 Acked DATA 9, slide SEND window
072.823 Send DATA 1 13, ID 10273
073.090 Recv DATA 14 10, ID 20270
073.090 Deliver DATA 14, ID 20270
073.090 Slide RECV window, expect 15 next
073.090 Acked DATA 10, slide SEND window
073.090 Send DATA 2 14, ID 10274
073.357 Recv DATA 15 11, ID 20271
073.357 Deliver DATA 15, ID 20271
073.357 .... 272 packets received, 7725 bps, 96.56%, Err 0 (0.0e+00)
073.357 Slide RECV window, expect 0 next
073.357 Acked DATA 11, slide SEND window
073.357 Send DATA 3 15, ID 10275
073.633 Recv DATA 0 12, ID 20272
073.633 Deliver DATA 0, ID 20272
073.633 Slide RECV window, expect 1 next
073.633 Acked DATA 12, slide SEND window
073.633 Send DATA 4 0, ID 10276
073.889 Recv DATA 1 13, ID 20273
073.889 Deliver DATA 1, ID 20273
073.889 Slide RECV window, expect 2 next
073.889 Acked DATA 13, slide SEND window
073.889 Send DATA 5 1, ID 10277
073.907 Recv ACK  14
073.907 Acked DATA 14, slide SEND window
073.907 Send DATA 6 1, ID 10278
074.173 Recv DATA 2 15, ID 20274
074.173 Deliver DATA 2, ID 20274
074.173 Slide RECV window, expect 3 next
074.173 Acked DATA 15, slide SEND window
074.173 Send DATA 7 2, ID 10279
074.403 Recv DATA 3 0, ID 20275
074.403 Deliver DATA 3, ID 20275
074.403 Slide RECV window, expect 4 next
074.403 Acked DATA 0, slide SEND window
074.403 Send DATA 8 3, ID 10280
074.673 Recv DATA 4 0, ID 20276
074.673 Deliver DATA 4, ID 20276
074.673 Slide RECV window, expect 5 next
074.758 ---- ACK timeout
074.758 Send ACK  4
074.921 Recv DATA 5 1, ID 20277
074.921 Deliver DATA 5, ID 20277
074.921 Slide RECV window, expect 6 next
074.921 Acked DATA 1, slide SEND window
074.922 Send DATA 9 5, ID 10281
075.188 Recv DATA 6 2, ID 20278
075.188 Deliver DATA 6, ID 20278
075.188 Slide RECV window, expect 7 next
075.188 Acked DATA 2, slide SEND window
075.188 Send DATA 10 6, ID 10282
075.455 Recv DATA 7 3, ID 20279
075.455 Deliver DATA 7, ID 20279
075.455 .... 280 packets received, 7727 bps, 96.59%, Err 0 (0.0e+00)
075.455 Slide RECV window, expect 8 next
075.455 Acked DATA 3, slide SEND window
075.455 Send DATA 11 7, ID 10283
075.725 Recv DATA 8 4, ID 20280
075.726 Deliver DATA 8, ID 20280
075.726 Slide RECV window, expect 9 next
075.726 Acked DATA 4, slide SEND window
075.726 Send DATA 12 8, ID 10284
075.991 Recv DATA 9 5, ID 20281
075.991 Deliver DATA 9, ID 20281
075.991 Slide RECV window, expect 10 next
075.991 Acked DATA 5, slide SEND window
075.991 Send DATA 13 9, ID 10285
076.040 Recv ACK  6
076.040 Acked DATA 6, slide SEND window
076.040 Send DATA 14 9, ID 10286
076.273 Recv DATA 10 7, ID 20282
076.273 Deliver DATA 10, ID 20282
076.273 Slide RECV window, expect 11 next
076.273 Acked DATA 7, slide SEND window
076.274 Send DATA 15 10, ID 10287
076.573 Recv DATA 11 8, ID 20283
076.573 Deliver DATA 11, ID 20283
076.573 Slide RECV window, expect 12 next
076.573 Acked DATA 8, slide SEND window
076.573 Send DATA 0 11, ID 10288
076.787 Recv DATA 12 8, ID 20284
076.787 Deliver DATA 12, ID 20284
076.787 Slide RECV window, expect 13 next
076.873 ---- ACK timeout
076.873 Send ACK  12
077.057 Recv DATA 13 9, ID 20285
077.057 Deliver DATA 13, ID 20285
077.057 Slide RECV window, expect 14 next
077.057 Acked DATA 9, slide SEND window
077.057 Send DATA 1 13, ID 10289
077.309 Recv DATA 14 10, ID 20286
077.309 Deliver DATA 14, ID 20286
077.309 Slide RECV window, expect 15 next
077.309 Acked DATA 10, slide SEND window
077.309 Send DATA 2 14, ID 10290
077.587 Recv DATA 15 11, ID 20287
077.587 Deliver DATA 15, ID 20287
077.587 .... 288 packets received, 7726 bps, 96.57%, Err 0 (0.0e+00)
077.587 Slide RECV window, expect 0 next
077.587 Acked DATA 11, slide SEND window
077.587 Send DATA 3 15, ID 10291
077.873 Recv DATA 0 12, ID 20288
077.873 Deliver DATA 0, ID 20288
077.873 Slide RECV window, expect 1 next
077.873 Acked DATA 12, slide SEND window
077.873 Send DATA 4 0, ID 10292
078.138 Recv DATA 1 13, ID 20289
078.139 Deliver DATA 1, ID 20289
078.140 Slide RECV window, expect 2 next
078.140 Acked DATA 13, slide SEND window
078.140 Send DATA 5 1, ID 10293
078.207 Recv ACK  14
078.207 Acked DATA 14, slide SEND window
078.207 Send DATA 6 1, ID 10294
078.390 Recv DATA 2 15, ID 20290
078.390 Deliver DATA 2, ID 20290
078.390 Slide RECV window, expect 3 next
078.390 Acked DATA 15, slide SEND window
078.390 Send DATA 7 2, ID 10295
078.639 Recv DATA 3 0, ID 20291
078.639 Deliver DATA 3, ID 20291
078.639 Slide RECV window, expect 4 next
078.639 Acked DATA 0, slide SEND window
078.639 Send DATA 8 3, ID 10296
078.905 Recv DATA 4 0, ID 20292
078.905 Deliver DATA 4, ID 20292
078.905 Slide RECV window, expect 5 next
079.005 ---- ACK timeout
079.005 Send ACK  4
079.174 Recv DATA 5 1, ID 20293
079.174 Deliver DATA 5, ID 20293
079.175 Slide RECV window, expect 6 next
079.175 Acked DATA 1, slide SEND window
079.175 Send DATA 9 5, ID 10297
079.422 Recv DATA 6 2, ID 20294
079.423 Deliver DATA 6, ID 20294
079.423 Slide RECV window, expect 7 next
079.423 Acked DATA 2, slide SEND window
079.423 Send DATA 10 6, ID 10298
079.699 Recv DATA 7 3, ID 20295
079.699 Deliver DATA 7, ID 20295
079.699 .... 296 packets received, 7727 bps, 96.59%, Err 0 (0.0e+00)
079.699 Slide RECV window, expect 8 next
079.699 Acked DATA 3, slide SEND window
079.699 Send DATA 11 7, ID 10299
079.975 Recv DATA 8 4, ID 20296
079.975 Deliver DATA 8, ID 20296
079.975 Slide RECV window, expect 9 next
079.975 Acked DATA 4, slide SEND window
079.975 Send DATA 12 8, ID 10300
080.205 Recv DATA 9 5, ID 20297
080.205 Deliver DATA 9, ID 20297
080.205 Slide RECV window, expect 10 next
080.205 Acked DATA 5, slide SEND window
080.205 Send DATA 13 9, ID 10301
080.223 Recv ACK  6
080.223 Acked DATA 6, slide SEND window
080.223 Send DATA 14 9, ID 10302
080.489 Recv DATA 10 7, ID 20298
080.489 Deliver DATA 10, ID 20298
080.489 Slide RECV window, expect 11 next
080.489 Acked DATA 7, slide SEND window
080.490 Send DATA 15 10, ID 10303
080.738 Recv DATA 11 8, ID 20299
080.738 Deliver DATA 11, ID 20299
080.738 Slide RECV window, expect 12 next
080.738 Acked DATA 8, slide SEND window
080.823 ---- ACK timeout
080.823 Send ACK  11
080.823 Send DATA 0 11, ID 10304
081.023 Recv DATA 12 8, ID 20300
081.023 Deliver DATA 12, ID 20300
081.023 Slide RECV window, expect 13 next
081.123 ---- ACK timeout
081.123 Send ACK  12
081.309 Recv DATA 13 9, ID 20301
081.309 Deliver DATA 13, ID 20301
081.309 Slide RECV window, expect 14 next
081.309 Acked DATA 9, slide SEND window
081.309 Send DATA 1 13, ID 10305
081.537 Recv DATA 14 10, ID 20302
081.537 Deliver DATA 14, ID 20302
081.537 Slide RECV window, expect 15 next
081.537 Acked DATA 10, slide SEND window
081.537 Send DATA 2 14, ID 10306
081.808 Recv DATA 15 11, ID 20303
081.808 Deliver DATA 15, ID 20303
081.808 .... 304 packets received, 7728 bps, 96.60%, Err 0 (0.0e+00)
081.808 Slide RECV window, expect 0 next
081.808 Acked DATA 11, slide SEND window
081.809 Send DATA 3 15, ID 10307
082.058 Recv DATA 0 12, ID 20304
082.058 Deliver DATA 0, ID 20304
082.058 Slide RECV window, expect 1 next
082.058 Acked DATA 12, slide SEND window
082.058 Send DATA 4 0, ID 10308
082.324 Recv DATA 1 13, ID 20305
082.324 Deliver DATA 1, ID 20305
082.324 Slide RECV window, expect 2 next
082.324 Acked DATA 13, slide SEND window
082.324 Send DATA 5 1, ID 10309
082.373 Recv ACK  14
082.373 Acked DATA 14, slide SEND window
082.373 Send DATA 6 1, ID 10310
082.589 Recv DATA 2 15, ID 20306
082.589 Deliver DATA 2, ID 20306
082.589 Slide RECV window, expect 3 next
082.589 Acked DATA 15, slide SEND window
082.689 ---- ACK timeout
082.690 Send ACK  2
082.690 Send DATA 7 2, ID 10311
082.855 Recv DATA 3 15, ID 20307
082.855 Deliver DATA 3, ID 20307
082.855 Slide RECV window, expect 4 next
082.956 ---- ACK timeout
082.956 Send ACK  3
083.141 Recv DATA 4 0, ID 20308
083.141 Deliver DATA 4, ID 20308
083.141 Slide RECV window, expect 5 next
083.141 Acked DATA 0, slide SEND window
083.141 Send DATA 8 4, ID 10312
083.406 Recv DATA 5 1, ID 20309
083.406 Deliver DATA 5, ID 20309
083.417 Slide RECV window, expect 6 next
083.417 Acked DATA 1, slide SEND window
083.417 Send DATA 9 5, ID 10313
083.656 Recv DATA 6 2, ID 20310
083.656 Deliver DATA 6, ID 20310
083.656 Slide RECV window, expect 7 next
083.656 Acked DATA 2, slide SEND window
083.656 Send DATA 10 6, ID 10314
083.940 Recv DATA 7 3, ID 20311
083.940 Deliver DATA 7, ID 20311
083.940 .... 312 packets received, 7727 bps, 96.59%, Err 0 (0.0e+00)
083.941 Slide RECV window, expect 8 next
083.941 Acked DATA 3, slide SEND window
083.941 Send DATA 11 7, ID 10315
084.219 Recv DATA 8 4, ID 20312
084.219 Deliver DATA 8, ID 20312
084.219 Slide RECV window, expect 9 next
084.219 Acked DATA 4, slide SEND window
084.219 Send DATA 12 8, ID 10316
084.490 Recv DATA 9 5, ID 20313
084.490 Deliver DATA 9, ID 20313
084.490 Slide RECV window, expect 10 next
084.490 Acked DATA 5, slide SEND window
084.490 Send DATA 13 9, ID 10317
084.737 Recv DATA 10 6, ID 20314
084.738 Deliver DATA 10, ID 20314
084.738 Slide RECV window, expect 11 next
084.738 Acked DATA 6, slide SEND window
084.738 Send DATA 14 10, ID 10318
085.007 Recv DATA 11 7, ID 20315
085.007 Deliver DATA 11, ID 20315
085.007 Slide RECV window, expect 12 next
085.007 Acked DATA 7, slide SEND window
085.007 Send DATA 15 11, ID 10319
085.233 Recv DATA 12 8, ID 20316
085.233 Deliver DATA 12, ID 20316
085.233 Slide RECV window, expect 13 next
085.233 Acked DATA 8, slide SEND window
085.234 Send DATA 0 12, ID 10320
085.507 Recv DATA 13 9, ID 20317
085.507 Deliver DATA 13, ID 20317
085.508 Slide RECV window, expect 14 next
085.508 Acked DATA 9, slide SEND window
085.508 Send DATA 1 13, ID 10321
085.770 Recv DATA 14 10, ID 20318
085.770 Deliver DATA 14, ID 20318
085.770 Slide RECV window, expect 15 next
085.770 Acked DATA 10, slide SEND window
085.770 Send DATA 2 14, ID 10322
086.057 Recv DATA 15 11, ID 20319
086.057 Deliver DATA 15, ID 20319
086.057 .... 320 packets received, 7727 bps, 96.59%, Err 0 (0.0e+00)
086.058 Slide RECV window, expect 0 next
086.058 Acked DATA 11, slide SEND window
086.058 Send DATA 3 15, ID 10323
086.356 Recv DATA 0 12, ID 20320
086.356 Deliver DATA 0, ID 20320
086.356 Slide RECV window, expect 1 next
086.356 Acked DATA 12, slide SEND window
086.356 Send DATA 4 0, ID 10324
086.557 Recv DATA 1 13, ID 20321
086.557 Deliver DATA 1, ID 20321
086.557 Slide RECV window, expect 2 next
086.557 Acked DATA 13, slide SEND window
086.557 Send DATA 5 1, ID 10325
086.825 Recv DATA 2 14, ID 20322
086.825 Deliver DATA 2, ID 20322
086.825 Slide RECV window, expect 3 next
086.825 Acked DATA 14, slide SEND window
086.825 Send DATA 6 2, ID 10326
087.106 Recv DATA 3 15, ID 20323
087.106 Deliver DATA 3, ID 20323
087.106 Slide RECV window, expect 4 next
087.106 Acked DATA 15, slide SEND window
087.106 Send DATA 7 3, ID 10327
087.357 Recv DATA 4 0, ID 20324
087.357 Deliver DATA 4, ID 20324
087.357 Slide RECV window, expect 5 next
087.357 Acked DATA 0, slide SEND window
087.358 Send DATA 8 4, ID 10328
087.671 Recv DATA 5 1, ID 20325
087.671 Deliver DATA 5, ID 20325
087.671 Slide RECV window, expect 6 next
087.671 Acked DATA 1, slide SEND window
087.671 Send DATA 9 5, ID 10329
087.884 Recv DATA 6 2, ID 20326
087.884 Deliver DATA 6, ID 20326
087.884 Slide RECV window, expect 7 next
087.884 Acked DATA 2, slide SEND window
087.884 Send DATA 10 6, ID 10330
088.140 Recv DATA 7 3, ID 20327
088.140 Deliver DATA 7, ID 20327
088.140 .... 328 packets received, 7730 bps, 96.63%, Err 0 (0.0e+00)
088.140 Slide RECV window, expect 8 next
088.141 Acked DATA 3, slide SEND window
088.141 Send DATA 11 7, ID 10331
088.407 Recv DATA 8 4, ID 20328
088.407 Deliver DATA 8, ID 20328
088.407 Slide RECV window, expect 9 next
088.407 Acked DATA 4, slide SEND window
088.407 Send DATA 12 8, ID 10332
088.688 Recv DATA 9 5, ID 20329
088.688 Deliver DATA 9, ID 20329
088.688 Slide RECV window, expect 10 next
088.688 Acked DATA 5, slide SEND window
088.689 Send DATA 13 9, ID 10333
088.972 Recv DATA 10 6, ID 20330
088.972 Deliver DATA 10, ID 20330
088.972 Slide RECV window, expect 11 next
088.972 Acked DATA 6, slide SEND window
088.972 Send DATA 14 10, ID 10334
089.205 Recv DATA 11 7, ID 20331
089.205 Deliver DATA 11, ID 20331
089.206 Slide RECV window, expect 12 next
089.206 Acked DATA 7, slide SEND window
089.206 Send DATA 15 11, ID 10335
089.471 Recv DATA 12 8, ID 20332
089.471 Deliver DATA 12, ID 20332
089.471 Slide RECV window, expect 13 next
089.471 Acked DATA 8, slide SEND window
089.471 Send DATA 0 12, ID 10336
089.751 Recv DATA 13 9, ID 20333
089.751 Deliver DATA 13, ID 20333
089.751 Slide RECV window, expect 14 next
089.751 Acked DATA 9, slide SEND window
089.752 Send DATA 1 13, ID 10337
090.020 Recv DATA 14 10, ID 20334
090.020 Deliver DATA 14, ID 20334
090.020 Slide RECV window, expect 15 next
090.020 Acked DATA 10, slide SEND window
090.020 Send DATA 2 14, ID 10338
090.287 Recv DATA 15 11, ID 20335
090.287 Deliver DATA 15, ID 20335
090.287 .... 336 packets received, 7728 bps, 96.60%, Err 0 (0.0e+00)
090.287 Slide RECV window, expect 0 next
090.287 Acked DATA 11, slide SEND window
090.288 Send DATA 3 15, ID 10339
090.538 Recv DATA 0 12, ID 20336
090.538 Deliver DATA 0, ID 20336
090.538 Slide RECV window, expect 1 next
090.538 Acked DATA 12, slide SEND window
090.538 Send DATA 4 0, ID 10340
090.808 Recv DATA 1 13, ID 20337
090.808 Deliver DATA 1, ID 20337
090.808 Slide RECV window, expect 2 next
090.808 Acked DATA 13, slide SEND window
090.808 Send DATA 5 1, ID 10341
091.089 Recv DATA 2 14, ID 20338
091.089 Deliver DATA 2, ID 20338
091.089 Slide RECV window, expect 3 next
091.089 Acked DATA 14, slide SEND window
091.089 Send DATA 6 2, ID 10342
091.368 Recv DATA 3 15, ID 20339
091.368 Deliver DATA 3, ID 20339
091.368 Slide RECV window, expect 4 next
091.368 Acked DATA 15, slide SEND window
091.369 Send DATA 7 3, ID 10343
091.622 Recv DATA 4 0, ID 20340
091.622 Deliver DATA 4, ID 20340
091.623 Slide RECV window, expect 5 next
091.623 Acked DATA 0, slide SEND window
091.623 Send DATA 8 4, ID 10344
091.851 Recv DATA 5 1, ID 20341
091.851 Deliver DATA 5, ID 20341
091.851 Slide RECV window, expect 6 next
091.851 Acked DATA 1, slide SEND window
091.851 Send DATA 9 5, ID 10345
092.123 Recv DATA 6 2, ID 20342
092.123 Deliver DATA 6, ID 20342
092.123 Slide RECV window, expect 7 next
092.123 Acked DATA 2, slide SEND window
092.123 Send DATA 10 6, ID 10346
092.390 Recv DATA 7 3, ID 20343
092.390 Deliver DATA 7, ID 20343
092.390 .... 344 packets received, 7729 bps, 96.62%, Err 0 (0.0e+00)
092.390 Slide RECV window, expect 8 next
092.390 Acked DATA 3, slide SEND window
092.390 Send DATA 11 7, ID 10347
092.658 Recv DATA 8 4, ID 20344
092.658 Deliver DATA 8, ID 20344
092.659 Slide RECV window, expect 9 next
092.659 Acked DATA 4, slide SEND window
092.659 Send DATA 12 8, ID 10348
092.890 Recv DATA 9 5, ID 20345
092.890 Deliver DATA 9, ID 20345
092.890 Slide RECV window, expect 10 next
092.890 Acked DATA 5, slide SEND window
092.890 Send DATA 13 9, ID 10349
093.156 Recv DATA 10 6, ID 20346
093.156 Deliver DATA 10, ID 20346
093.156 Slide RECV window, expect 11 next
093.156 Acked DATA 6, slide SEND window
093.156 Send DATA 14 10, ID 10350
093.457 Recv DATA 11 7, ID 20347
093.457 Deliver DATA 11, ID 20347
093.457 Slide RECV window, expect 12 next
093.457 Acked DATA 7, slide SEND window
093.457 Send DATA 15 11, ID 10351
093.703 Recv DATA 12 8, ID 20348
093.703 Deliver DATA 12, ID 20348
093.703 Slide RECV window, expect 13 next
093.703 Acked DATA 8, slide SEND window
093.704 Send DATA 0 12, ID 10352
093.973 Recv DATA 13 9, ID 20349
093.973 Deliver DATA 13, ID 20349
093.973 Slide RECV window, expect 14 next
093.973 Acked DATA 9, slide SEND window
093.973 Send DATA 1 13, ID 10353
094.272 Recv DATA 14 10, ID 20350
094.272 Deliver DATA 14, ID 20350
094.273 Slide RECV window, expect 15 next
094.273 Acked DATA 10, slide SEND window
094.273 Send DATA 2 14, ID 10354
094.506 Recv DATA 15 11, ID 20351
094.506 Deliver DATA 15, ID 20351
094.506 .... 352 packets received, 7730 bps, 96.62%, Err 0 (0.0e+00)
094.506 Slide RECV window, expect 0 next
094.506 Acked DATA 11, slide SEND window
094.506 Send DATA 3 15, ID 10355
094.787 Recv DATA 0 12, ID 20352
094.787 Deliver DATA 0, ID 20352
094.787 Slide RECV window, expect 1 next
094.788 Acked DATA 12, slide SEND window
094.789 Send DATA 4 0, ID 10356
095.041 Recv DATA 1 13, ID 20353
095.041 Deliver DATA 1, ID 20353
095.041 Slide RECV window, expect 2 next
095.041 Acked DATA 13, slide SEND window
095.041 Send DATA 5 1, ID 10357
095.306 Recv DATA 2 14, ID 20354
095.306 Deliver DATA 2, ID 20354
095.306 Slide RECV window, expect 3 next
095.306 Acked DATA 14, slide SEND window
095.306 Send DATA 6 2, ID 10358
095.575 Recv DATA 3 15, ID 20355
095.575 Deliver DATA 3, ID 20355
095.575 Slide RECV window, expect 4 next
095.575 Acked DATA 15, slide SEND window
095.576 Send DATA 7 3, ID 10359
095.819 Recv DATA 4 0, ID 20356
095.819 Deliver DATA 4, ID 20356
095.819 Slide RECV window, expect 5 next
095.819 Acked DATA 0, slide SEND window
095.819 Send DATA 8 4, ID 10360
096.056 Recv DATA 5 1, ID 20357
096.056 Deliver DATA 5, ID 20357
096.056 Slide RECV window, expect 6 next
096.056 Acked DATA 1, slide SEND window
096.057 Send DATA 9 5, ID 10361
096.371 Recv DATA 6 2, ID 20358
096.371 Deliver DATA 6, ID 20358
096.371 Slide RECV window, expect 7 next
096.371 Acked DATA 2, slide SEND window
096.371 Send DATA 10 6, ID 10362
096.622 Recv DATA 7 3, ID 20359
096.622 Deliver DATA 7, ID 20359
096.623 .... 360 packets received, 7730 bps, 96.63%, Err 0 (0.0e+00)
096.623 Slide RECV window, expect 8 next
096.623 Acked DATA 3, slide SEND window
096.623 Send DATA 11 7, ID 10363
096.856 Recv DATA 8 4, ID 20360
096.857 Deliver DATA 8, ID 20360
096.857 Slide RECV window, expect 9 next
096.857 Acked DATA 4, slide SEND window
096.857 Send DATA 12 8, ID 10364
097.154 Recv DATA 9 5, ID 20361
097.154 Deliver DATA 9, ID 20361
097.154 Slide RECV window, expect 10 next
097.154 Acked DATA 5, slide SEND window
097.154 Send DATA 13 9, ID 10365
097.404 Recv DATA 10 6, ID 20362
097.404 Deliver DATA 10, ID 20362
097.404 Slide RECV window, expect 11 next
097.404 Acked DATA 6, slide SEND window
097.404 Send DATA 14 10, ID 10366
097.666 Recv DATA 11 7, ID 20363
097.666 Deliver DATA 11, ID 20363
097.666 Slide RECV window, expect 12 next
097.666 Acked DATA 7, slide SEND window
097.666 Send DATA 15 11, ID 10367
097.941 Recv DATA 12 8, ID 20364
097.941 Deliver DATA 12, ID 20364
097.941 Slide RECV window, expect 13 next
097.941 Acked DATA 8, slide SEND window
097.942 Send DATA 0 12, ID 10368
098.224 Recv DATA 13 9, ID 20365
098.224 Deliver DATA 13, ID 20365
098.224 Slide RECV window, expect 14 next
098.224 Acked DATA 9, slide SEND window
098.224 Send DATA 1 13, ID 10369
098.471 Recv DATA 14 10, ID 20366
098.472 Deliver DATA 14, ID 20366
098.472 Slide RECV window, expect 15 next
098.472 Acked DATA 10, slide SEND window
098.472 Send DATA 2 14, ID 10370
098.717 Recv DATA 15 11, ID 20367
098.717 Deliver DATA 15, ID 20367
098.717 .... 368 packets received, 7732 bps, 96.65%, Err 0 (0.0e+00)
098.717 Slide RECV window, expect 0 next
098.717 Acked DATA 11, slide SEND window
098.718 Send DATA 3 15, ID 10371
098.989 Recv DATA 0 12, ID 20368
098.989 Deliver DATA 0, ID 20368
098.989 Slide RECV window, expect 1 next
098.989 Acked DATA 12, slide SEND window
098.989 Send DATA 4 0, ID 10372
099.232 Recv DATA 1 13, ID 20369
099.232 Deliver DATA 1, ID 20369
099.232 Slide RECV window, expect 2 next
099.233 Acked DATA 13, slide SEND window
099.233 Send DATA 5 1, ID 10373
099.508 Recv DATA 2 14, ID 20370
099.508 Deliver DATA 2, ID 20370
099.508 Slide RECV window, expect 3 next
099.508 Acked DATA 14, slide SEND window
099.509 Send DATA 6 2, ID 10374
099.790 Recv DATA 3 15, ID 20371
099.790 Deliver DATA 3, ID 20371
099.790 Slide RECV window, expect 4 next
099.790 Acked DATA 15, slide SEND window
099.790 Send DATA 7 3, ID 10375
100.054 Recv DATA 4 0, ID 20372
100.054 Deliver DATA 4, ID 20372
100.054 Slide RECV window, expect 5 next
100.054 Acked DATA 0, slide SEND window
100.054 Send DATA 8 4, ID 10376
100.324 Recv DATA 5 1, ID 20373
100.324 Deliver DATA 5, ID 20373
100.324 Slide RECV window, expect 6 next
100.324 Acked DATA 1, slide SEND window
100.324 Send DATA 9 5, ID 10377
100.575 Recv DATA 6 2, ID 20374
100.575 Deliver DATA 6, ID 20374
100.583 Slide RECV window, expect 7 next
100.583 Acked DATA 2, slide SEND window
100.583 Send DATA 10 6, ID 10378
100.839 Recv DATA 7 3, ID 20375
100.839 Deliver DATA 7, ID 20375
100.839 .... 376 packets received, 7732 bps, 96.65%, Err 0 (0.0e+00)
100.839 Slide RECV window, expect 8 next
100.839 Acked DATA 3, slide SEND window
100.840 Send DATA 11 7, ID 10379
101.122 Recv DATA 8 4, ID 20376
101.122 Deliver DATA 8, ID 20376
101.122 Slide RECV window, expect 9 next
101.122 Acked DATA 4, slide SEND window
101.122 Send DATA 12 8, ID 10380
101.336 Recv DATA 9 5, ID 20377
101.336 Deliver DATA 9, ID 20377
101.336 Slide RECV window, expect 10 next
101.336 Acked DATA 5, slide SEND window
101.336 Send DATA 13 9, ID 10381
101.607 Recv DATA 10 6, ID 20378
101.607 Deliver DATA 10, ID 20378
101.607 Slide RECV window, expect 11 next
101.607 Acked DATA 6, slide SEND window
101.607 Send DATA 14 10, ID 10382
101.899 Recv DATA 11 7, ID 20379
101.899 Deliver DATA 11, ID 20379
101.899 Slide RECV window, expect 12 next
101.899 Acked DATA 7, slide SEND window
101.899 Send DATA 15 11, ID 10383
102.152 Recv DATA 12 8, ID 20380
102.152 Deliver DATA 12, ID 20380
102.152 Slide RECV window, expect 13 next
102.152 Acked DATA 8, slide SEND window
102.152 Send DATA 0 12, ID 10384
102.436 Recv DATA 13 9, ID 20381
102.436 Deliver DATA 13, ID 20381
102.436 Slide RECV window, expect 14 next
102.436 Acked DATA 9, slide SEND window
102.436 Send DATA 1 13, ID 10385
102.687 Recv DATA 14 10, ID 20382
102.687 Deliver DATA 14, ID 20382
102.687 Slide RECV window, expect 15 next
102.687 Acked DATA 10, slide SEND window
102.688 Send DATA 2 14, ID 10386
102.969 Recv DATA 15 11, ID 20383
102.969 Deliver DATA 15, ID 20383
102.969 .... 384 packets received, 7731 bps, 96.64%, Err 0 (0.0e+00)
102.969 Slide RECV window, expect 0 next
102.969 Acked DATA 11, slide SEND window
102.969 Send DATA 3 15, ID 10387
103.188 Recv DATA 0 12, ID 20384
103.188 Deliver DATA 0, ID 20384
103.188 Slide RECV window, expect 1 next
103.188 Acked DATA 12, slide SEND window
103.188 Send DATA 4 0, ID 10388
103.485 Recv DATA 1 13, ID 20385
103.485 Deliver DATA 1, ID 20385
103.485 Slide RECV window, expect 2 next
103.485 Acked DATA 13, slide SEND window
103.486 Send DATA 5 1, ID 10389
103.734 Recv DATA 2 14, ID 20386
103.734 Deliver DATA 2, ID 20386
103.735 Slide RECV window, expect 3 next
103.735 Acked DATA 14, slide SEND window
103.735 Send DATA 6 2, ID 10390
104.017 Recv DATA 3 15, ID 20387
104.017 Deliver DATA 3, ID 20387
104.017 Slide RECV window, expect 4 next
104.017 Acked DATA 15, slide SEND window
104.017 Send DATA 7 3, ID 10391
104.254 Recv DATA 4 0, ID 20388
104.254 Deliver DATA 4, ID 20388
104.254 Slide RECV window, expect 5 next
104.254 Acked DATA 0, slide SEND window
104.254 Send DATA 8 4, ID 10392
104.522 Recv DATA 5 1, ID 20389
104.522 Deliver DATA 5, ID 20389
104.522 Slide RECV window, expect 6 next
104.522 Acked DATA 1, slide SEND window
104.522 Send DATA 9 5, ID 10393
104.791 Recv DATA 6 2, ID 20390
104.791 Deliver DATA 6, ID 20390
104.791 Slide RECV window, expect 7 next
104.791 Acked DATA 2, slide SEND window
104.792 Send DATA 10 6, ID 10394
105.052 Recv DATA 7 3, ID 20391
105.052 Deliver DATA 7, ID 20391
105.052 .... 392 packets received, 7734 bps, 96.67%, Err 0 (0.0e+00)
105.052 Slide RECV window, expect 8 next
105.052 Acked DATA 3, slide SEND window
105.053 Send DATA 11 7, ID 10395
105.321 Recv DATA 8 4, ID 20392
105.321 Deliver DATA 8, ID 20392
105.321 Slide RECV window, expect 9 next
105.321 Acked DATA 4, slide SEND window
105.321 Send DATA 12 8, ID 10396
105.627 Recv DATA 9 5, ID 20393
105.627 Deliver DATA 9, ID 20393
105.627 Slide RECV window, expect 10 next
105.627 Acked DATA 5, slide SEND window
105.628 Send DATA 13 9, ID 10397
105.922 Recv DATA 10 6, ID 20394
105.922 Deliver DATA 10, ID 20394
105.922 Slide RECV window, expect 11 next
105.922 Acked DATA 6, slide SEND window
105.922 Send DATA 14 10, ID 10398
106.133 Recv DATA 11 7, ID 20395
106.133 Deliver DATA 11, ID 20395
106.133 Slide RECV window, expect 12 next
106.133 Acked DATA 7, slide SEND window
106.133 Send DATA 15 11, ID 10399
106.404 Recv DATA 12 8, ID 20396
106.404 Deliver DATA 12, ID 20396
106.404 Slide RECV window, expect 13 next
106.404 Acked DATA 8, slide SEND window
106.405 Send DATA 0 12, ID 10400
106.619 Recv DATA 13 9, ID 20397
106.619 Deliver DATA 13, ID 20397
106.619 Slide RECV window, expect 14 next
106.619 Acked DATA 9, slide SEND window
106.620 Send DATA 1 13, ID 10401
106.889 Recv DATA 14 10, ID 20398
106.889 Deliver DATA 14, ID 20398
106.889 Slide RECV window, expect 15 next
106.889 Acked DATA 10, slide SEND window
106.889 Send DATA 2 14, ID 10402
107.155 Recv DATA 15 11, ID 20399
107.155 Deliver DATA 15, ID 20399
107.155 .... 400 packets received, 7735 bps, 96.68%, Err 0 (0.0e+00)
107.155 Slide RECV window, expect 0 next
107.155 Acked DATA 11, slide SEND window
107.155 Send DATA 3 15, ID 10403
107.422 Recv DATA 0 12, ID 20400
107.422 Deliver DATA 0, ID 20400
107.422 Slide RECV window, expect 1 next
107.422 Acked DATA 12, slide SEND window
107.422 Send DATA 4 0, ID 10404
107.676 Recv DATA 1 13, ID 20401
107.676 Deliver DATA 1, ID 20401
107.676 Slide RECV window, expect 2 next
107.676 Acked DATA 13, slide SEND window
107.676 Send DATA 5 1, ID 10405
107.951 Recv DATA 2 14, ID 20402
107.951 Deliver DATA 2, ID 20402
107.951 Slide RECV window, expect 3 next
107.951 Acked DATA 14, slide SEND window
107.951 Send DATA 6 2, ID 10406
108.223 Recv DATA 3 15, ID 20403
108.223 Deliver DATA 3, ID 20403
108.223 Slide RECV window, expect 4 next
108.223 Acked DATA 15, slide SEND window
108.223 Send DATA 7 3, ID 10407
108.517 Recv DATA 4 0, ID 20404
108.517 Deliver DATA 4, ID 20404
108.517 Slide RECV window, expect 5 next
108.517 Acked DATA 0, slide SEND window
108.517 Send DATA 8 4, ID 10408
108.786 Recv DATA 5 1, ID 20405
108.786 Deliver DATA 5, ID 20405
108.786 Slide RECV window, expect 6 next
108.786 Acked DATA 1, slide SEND window
108.787 Send DATA 9 5, ID 10409
109.019 Recv DATA 6 2, ID 20406
109.019 Deliver DATA 6, ID 20406
109.019 Slide RECV window, expect 7 next
109.019 Acked DATA 2, slide SEND window
109.019 Send DATA 10 6, ID 10410
109.286 Recv DATA 7 3, ID 20407
109.286 Deliver DATA 7, ID 20407
109.286 .... 408 packets received, 7734 bps, 96.67%, Err 0 (0.0e+00)
109.287 Slide RECV window, expect 8 next
109.287 Acked DATA 3, slide SEND window
109.287 Send DATA 11 7, ID 10411
109.520 Recv DATA 8 4, ID 20408
109.520 Deliver DATA 8, ID 20408
109.520 Slide RECV window, expect 9 next
109.520 Acked DATA 4, slide SEND window
109.520 Send DATA 12 8, ID 10412
109.788 Recv DATA 9 5, ID 20409
109.788 Deliver DATA 9, ID 20409
109.788 Slide RECV window, expect 10 next
109.788 Acked DATA 5, slide SEND window
109.788 Send DATA 13 9, ID 10413
110.103 Recv DATA 10 6, ID 20410
110.103 Deliver DATA 10, ID 20410
110.103 Slide RECV window, expect 11 next
110.103 Acked DATA 6, slide SEND window
110.103 Send DATA 14 10, ID 10414
110.338 Recv DATA 11 7, ID 20411
110.338 Deliver DATA 11, ID 20411
110.338 Slide RECV window, expect 12 next
110.338 Acked DATA 7, slide SEND window
110.339 Send DATA 15 11, ID 10415
110.621 Recv DATA 12 8, ID 20412
110.621 Deliver DATA 12, ID 20412
110.621 Slide RECV window, expect 13 next
110.621 Acked DATA 8, slide SEND window
110.621 Send DATA 0 12, ID 10416
110.840 Recv DATA 13 9, ID 20413
110.840 Deliver DATA 13, ID 20413
110.840 Slide RECV window, expect 14 next
110.840 Acked DATA 9, slide SEND window
110.840 Send DATA 1 13, ID 10417
111.120 Recv DATA 14 10, ID 20414
111.120 Deliver DATA 14, ID 20414
111.120 Slide RECV window, expect 15 next
111.120 Acked DATA 10, slide SEND window
111.120 Send DATA 2 14, ID 10418
111.405 Recv DATA 15 11, ID 20415
111.405 Deliver DATA 15, ID 20415
111.405 .... 416 packets received, 7734 bps, 96.67%, Err 0 (0.0e+00)
111.405 Slide RECV window, expect 0 next
111.405 Acked DATA 11, slide SEND window
111.405 Send DATA 3 15, ID 10419
111.672 Recv DATA 0 12, ID 20416
111.672 Deliver DATA 0, ID 20416
111.672 Slide RECV window, expect 1 next
111.672 Acked DATA 12, slide SEND window
111.672 Send DATA 4 0, ID 10420
111.940 Recv DATA 1 13, ID 20417
111.941 Deliver DATA 1, ID 20417
111.941 Slide RECV window, expect 2 next
111.942 Acked DATA 13, slide SEND window
111.942 Send DATA 5 1, ID 10421
112.192 Recv DATA 2 14, ID 20418
112.192 Deliver DATA 2, ID 20418
112.192 Slide RECV window, expect 3 next
112.192 Acked DATA 14, slide SEND window
112.193 Send DATA 6 2, ID 10422
112.472 Recv DATA 3 15, ID 20419
112.472 Deliver DATA 3, ID 20419
112.472 Slide RECV window, expect 4 next
112.472 Acked DATA 15, slide SEND window
112.472 Send DATA 7 3, ID 10423
112.738 Recv DATA 4 0, ID 20420
112.738 Deliver DATA 4, ID 20420
112.738 Slide RECV window, expect 5 next
112.738 Acked DATA 0, slide SEND window
112.739 Send DATA 8 4, ID 10424
112.973 Recv DATA 5 1, ID 20421
112.973 Deliver DATA 5, ID 20421
112.973 Slide RECV window, expect 6 next
112.973 Acked DATA 1, slide SEND window
112.973 Send DATA 9 5, ID 10425
113.254 Recv DATA 6 2, ID 20422
113.254 Deliver DATA 6, ID 20422
113.254 Slide RECV window, expect 7 next
113.254 Acked DATA 2, slide SEND window
113.254 Send DATA 10 6, ID 10426
113.521 Recv DATA 7 3, ID 20423
113.521 Deliver DATA 7, ID 20423
113.521 .... 424 packets received, 7734 bps, 96.68%, Err 0 (0.0e+00)
113.522 Slide RECV window, expect 8 next
113.522 Acked DATA 3, slide SEND window
113.522 Send DATA 11 7, ID 10427
113.805 Recv DATA 8 4, ID 20424
113.805 Deliver DATA 8, ID 20424
113.805 Slide RECV window, expect 9 next
113.805 Acked DATA 4, slide SEND window
113.806 Send DATA 12 8, ID 10428
114.068 Recv DATA 9 5, ID 20425
114.068 Deliver DATA 9, ID 20425
114.068 Slide RECV window, expect 10 next
114.068 Acked DATA 5, slide SEND window
114.069 Send DATA 13 9, ID 10429
114.305 Recv DATA 10 6, ID 20426
114.305 Deliver DATA 10, ID 20426
114.305 Slide RECV window, expect 11 next
114.305 Acked DATA 6, slide SEND window
114.305 Send DATA 14 10, ID 10430
114.569 Recv DATA 11 7, ID 20427
114.569 Deliver DATA 11, ID 20427
114.569 Slide RECV window, expect 12 next
114.569 Acked DATA 7, slide SEND window
114.569 Send DATA 15 11, ID 10431
114.836 Recv DATA 12 8, ID 20428
114.836 Deliver DATA 12, ID 20428
114.836 Slide RECV window, expect 13 next
114.836 Acked DATA 8, slide SEND window
114.836 Send DATA 0 12, ID 10432
115.106 Recv DATA 13 9, ID 20429
115.106 Deliver DATA 13, ID 20429
115.106 Slide RECV window, expect 14 next
115.106 Acked DATA 9, slide SEND window
115.106 Send DATA 1 13, ID 10433
115.340 Recv DATA 14 10, ID 20430
115.340 Deliver DATA 14, ID 20430
115.340 Slide RECV window, expect 15 next
115.340 Acked DATA 10, slide SEND window
115.340 Send DATA 2 14, ID 10434
115.606 Recv DATA 15 11, ID 20431
115.606 Deliver DATA 15, ID 20431
115.606 .... 432 packets received, 7736 bps, 96.70%, Err 0 (0.0e+00)
115.606 Slide RECV window, expect 0 next
115.606 Acked DATA 11, slide SEND window
115.606 Send DATA 3 15, ID 10435
115.886 Recv DATA 0 12, ID 20432
115.886 Deliver DATA 0, ID 20432
115.886 Slide RECV window, expect 1 next
115.886 Acked DATA 12, slide SEND window
115.887 Send DATA 4 0, ID 10436
116.155 Recv DATA 1 13, ID 20433
116.155 Deliver DATA 1, ID 20433
116.155 Slide RECV window, expect 2 next
116.155 Acked DATA 13, slide SEND window
116.155 Send DATA 5 1, ID 10437
116.389 Recv DATA 2 14, ID 20434
116.389 Deliver DATA 2, ID 20434
116.389 Slide RECV window, expect 3 next
116.389 Acked DATA 14, slide SEND window
116.389 Send DATA 6 2, ID 10438
116.669 Recv DATA 3 15, ID 20435
116.669 Deliver DATA 3, ID 20435
116.670 Slide RECV window, expect 4 next
116.670 Acked DATA 15, slide SEND window
116.670 Send DATA 7 3, ID 10439
116.938 Recv DATA 4 0, ID 20436
116.938 Deliver DATA 4, ID 20436
116.938 Slide RECV window, expect 5 next
116.938 Acked DATA 0, slide SEND window
116.938 Send DATA 8 4, ID 10440
117.208 Recv DATA 5 1, ID 20437
117.208 Deliver DATA 5, ID 20437
117.208 Slide RECV window, expect 6 next
117.208 Acked DATA 1, slide SEND window
117.208 Send DATA 9 5, ID 10441
117.471 Recv DATA 6 2, ID 20438
117.471 Deliver DATA 6, ID 20438
117.471 Slide RECV window, expect 7 next
117.471 Acked DATA 2, slide SEND window
117.472 Send DATA 10 6, ID 10442
117.738 Recv DATA 7 3, ID 20439
117.738 Deliver DATA 7, ID 20439
117.739 .... 440 packets received, 7735 bps, 96.69%, Err 0 (0.0e+00)
117.739 Slide RECV window, expect 8 next
117.739 Acked DATA 3, slide SEND window
117.741 Send DATA 11 7, ID 10443
117.968 Recv DATA 8 4, ID 20440
117.968 Deliver DATA 8, ID 20440
117.968 Slide RECV window, expect 9 next
117.968 Acked DATA 4, slide SEND window
117.968 Send DATA 12 8, ID 10444
118.239 Recv DATA 9 5, ID 20441
118.239 Deliver DATA 9, ID 20441
118.239 Slide RECV window, expect 10 next
118.239 Acked DATA 5, slide SEND window
118.239 Send DATA 13 9, ID 10445
118.521 Recv DATA 10 6, ID 20442
118.521 Deliver DATA 10, ID 20442
118.521 Slide RECV window, expect 11 next
118.521 Acked DATA 6, slide SEND window
118.521 Send DATA 14 10, ID 10446
118.771 Recv DATA 11 7, ID 20443
118.771 Deliver DATA 11, ID 20443
118.771 Slide RECV window, expect 12 next
118.771 Acked DATA 7, slide SEND window
118.771 Send DATA 15 11, ID 10447
119.055 Recv DATA 12 8, ID 20444
119.055 Deliver DATA 12, ID 20444
119.055 Slide RECV window, expect 13 next
119.055 Acked DATA 8, slide SEND window
119.055 Send DATA 0 12, ID 10448
119.320 Recv DATA 13 9, ID 20445
119.320 Deliver DATA 13, ID 20445
119.320 Slide RECV window, expect 14 next
119.320 Acked DATA 9, slide SEND window
119.320 Send DATA 1 13, ID 10449
119.568 Recv DATA 14 10, ID 20446
119.568 Deliver DATA 14, ID 20446
119.568 Slide RECV window, expect 15 next
119.569 Acked DATA 10, slide SEND window
119.569 Send DATA 2 14, ID 10450
119.853 Recv DATA 15 11, ID 20447
119.853 Deliver DATA 15, ID 20447
119.853 .... 448 packets received, 7736 bps, 96.69%, Err 0 (0.0e+00)
119.853 Slide RECV window, expect 0 next
119.853 Acked DATA 11, slide SEND window
119.854 Send DATA 3 15, ID 10451
120.039 Quit.
