000.000 =============================================================
000.000                     Station A                               
000.000 -------------------------------------------------------------
000.000 Protocol.lib, version 4.0, jiangyanjun0718@bupt.edu.cn
000.000 Channel: 8000 bps, 270 ms propagation delay, bit error rate 0
000.000 Log file "C:\code\CN-Lab1-Windows-VS2017\docs\测试记录\4.3-ACK搭载定时器\ack-opt-dt2200-bg3-20260516-211648\04b-补充无误码校验-2min\supp-utopia-ack160-20260516-224656-A.log", TCP port 64002, debug mask 0x07
000.000 Station A is waiting for station B on TCP port 64002 ... Done.
000.254 New epoch: Sat May 16 22:46:57 2026
000.254 =================================================================
000.254 
000.254 Designed by Jiang Yanjun, build: May 16 2026  21:17:03
000.254 Send DATA 0 15, ID 10000
000.254 Send DATA 1 15, ID 10001
000.254 Send DATA 2 15, ID 10002
000.785 Recv DATA 0 15, ID 20000
000.785 Deliver DATA 0, ID 20000
000.785 Slide RECV window, expect 1 next
000.786 Send DATA 3 0, ID 10003
000.786 Send DATA 4 0, ID 10004
000.786 Send DATA 5 0, ID 10005
001.069 Recv DATA 1 15, ID 20001
001.069 Deliver DATA 1, ID 20001
001.069 Slide RECV window, expect 2 next
001.069 Send DATA 6 1, ID 10006
001.335 Recv DATA 2 15, ID 20002
001.335 Deliver DATA 2, ID 20002
001.335 Slide RECV window, expect 3 next
001.335 Send DATA 7 2, ID 10007
001.617 Recv DATA 3 0, ID 20003
001.617 Deliver DATA 3, ID 20003
001.617 Slide RECV window, expect 4 next
001.617 Acked DATA 0, slide SEND window
001.617 Send DATA 8 3, ID 10008
001.882 Recv DATA 4 0, ID 20004
001.882 Deliver DATA 4, ID 20004
001.882 Slide RECV window, expect 5 next
002.052 ---- ACK timeout
002.052 Send ACK  4
002.120 Recv DATA 5 0, ID 20005
002.120 Deliver DATA 5, ID 20005
002.120 Slide RECV window, expect 6 next
002.290 ---- ACK timeout
002.290 Send ACK  5
002.384 Recv DATA 6 1, ID 20006
002.384 Deliver DATA 6, ID 20006
002.384 Slide RECV window, expect 7 next
002.384 Acked DATA 1, slide SEND window
002.385 Send DATA 9 6, ID 10009
002.433 Recv ACK  2
002.433 Acked DATA 2, slide SEND window
002.434 Send DATA 10 6, ID 10010
002.649 Recv DATA 7 2, ID 20007
002.650 Deliver DATA 7, ID 20007
002.650 .... 8 packets received, 7739 bps, 96.74%, Err 0 (0.0e+00)
002.650 Slide RECV window, expect 8 next
002.701 Recv ACK  3
002.701 Acked DATA 3, slide SEND window
002.701 Send DATA 11 7, ID 10011
002.918 Recv DATA 8 3, ID 20008
002.918 Deliver DATA 8, ID 20008
002.918 Slide RECV window, expect 9 next
002.966 Recv ACK  4
002.966 Acked DATA 4, slide SEND window
002.966 Recv ACK  5
002.966 Acked DATA 5, slide SEND window
002.967 Send DATA 12 8, ID 10012
002.967 Send DATA 13 8, ID 10013
003.249 Recv DATA 9 6, ID 20009
003.249 Deliver DATA 9, ID 20009
003.249 Slide RECV window, expect 10 next
003.249 Acked DATA 6, slide SEND window
003.249 Send DATA 14 9, ID 10014
003.484 Recv DATA 10 7, ID 20010
003.484 Deliver DATA 10, ID 20010
003.484 Slide RECV window, expect 11 next
003.484 Acked DATA 7, slide SEND window
003.485 Send DATA 15 10, ID 10015
003.719 Recv DATA 11 8, ID 20011
003.719 Deliver DATA 11, ID 20011
003.719 Slide RECV window, expect 12 next
003.719 Acked DATA 8, slide SEND window
003.719 Send DATA 0 11, ID 10016
004.003 Recv DATA 12 8, ID 20012
004.003 Deliver DATA 12, ID 20012
004.003 Slide RECV window, expect 13 next
004.183 ---- ACK timeout
004.183 Send ACK  12
004.267 Recv DATA 13 8, ID 20013
004.268 Deliver DATA 13, ID 20013
004.268 Slide RECV window, expect 14 next
004.315 Recv ACK  9
004.315 Acked DATA 9, slide SEND window
004.315 Send DATA 1 13, ID 10017
004.551 Recv DATA 14 9, ID 20014
004.551 Deliver DATA 14, ID 20014
004.552 Slide RECV window, expect 15 next
004.568 Recv ACK  10
004.568 Acked DATA 10, slide SEND window
004.569 Send DATA 2 14, ID 10018
004.828 Recv DATA 15 11, ID 20015
004.829 Deliver DATA 15, ID 20015
004.829 .... 16 packets received, 7628 bps, 95.34%, Err 0 (0.0e+00)
004.829 Slide RECV window, expect 0 next
004.829 Acked DATA 11, slide SEND window
004.829 Send DATA 3 15, ID 10019
005.064 Recv DATA 0 12, ID 20016
005.065 Deliver DATA 0, ID 20016
005.065 Slide RECV window, expect 1 next
005.065 Acked DATA 12, slide SEND window
005.065 Send DATA 4 0, ID 10020
005.104 Recv ACK  13
005.104 Acked DATA 13, slide SEND window
005.104 Send DATA 5 0, ID 10021
005.351 Recv DATA 1 14, ID 20017
005.351 Deliver DATA 1, ID 20017
005.351 Slide RECV window, expect 2 next
005.351 Acked DATA 14, slide SEND window
005.352 Send DATA 6 1, ID 10022
005.600 Recv DATA 2 15, ID 20018
005.600 Deliver DATA 2, ID 20018
005.601 Slide RECV window, expect 3 next
005.601 Acked DATA 15, slide SEND window
005.601 Send DATA 7 2, ID 10023
005.865 Recv DATA 3 0, ID 20019
005.866 Deliver DATA 3, ID 20019
005.867 Slide RECV window, expect 4 next
005.867 Acked DATA 0, slide SEND window
005.867 Send DATA 8 3, ID 10024
006.135 Recv DATA 4 0, ID 20020
006.135 Deliver DATA 4, ID 20020
006.135 Slide RECV window, expect 5 next
006.317 ---- ACK timeout
006.317 Send ACK  4
006.417 Recv DATA 5 1, ID 20021
006.418 Deliver DATA 5, ID 20021
006.418 Slide RECV window, expect 6 next
006.418 Acked DATA 1, slide SEND window
006.418 Send DATA 9 5, ID 10025
006.684 Recv DATA 6 2, ID 20022
006.684 Deliver DATA 6, ID 20022
006.684 Slide RECV window, expect 7 next
006.684 Acked DATA 2, slide SEND window
006.685 Send DATA 10 6, ID 10026
006.967 Recv DATA 7 3, ID 20023
006.967 Deliver DATA 7, ID 20023
006.967 .... 24 packets received, 7639 bps, 95.49%, Err 0 (0.0e+00)
006.967 Slide RECV window, expect 8 next
006.967 Acked DATA 3, slide SEND window
006.967 Send DATA 11 7, ID 10027
007.184 Recv DATA 8 4, ID 20024
007.184 Deliver DATA 8, ID 20024
007.184 Slide RECV window, expect 9 next
007.184 Acked DATA 4, slide SEND window
007.185 Send DATA 12 8, ID 10028
007.202 Recv ACK  5
007.203 Acked DATA 5, slide SEND window
007.203 Send DATA 13 8, ID 10029
007.452 Recv DATA 9 6, ID 20025
007.452 Deliver DATA 9, ID 20025
007.452 Slide RECV window, expect 10 next
007.452 Acked DATA 6, slide SEND window
007.452 Send DATA 14 9, ID 10030
007.734 Recv DATA 10 7, ID 20026
007.734 Deliver DATA 10, ID 20026
007.734 Slide RECV window, expect 11 next
007.734 Acked DATA 7, slide SEND window
007.734 Send DATA 15 10, ID 10031
008.002 Recv DATA 11 8, ID 20027
008.002 Deliver DATA 11, ID 20027
008.002 Slide RECV window, expect 12 next
008.002 Acked DATA 8, slide SEND window
008.002 Send DATA 0 11, ID 10032
008.267 Recv DATA 12 8, ID 20028
008.267 Deliver DATA 12, ID 20028
008.267 Slide RECV window, expect 13 next
008.432 ---- ACK timeout
008.432 Send ACK  12
008.501 Recv DATA 13 9, ID 20029
008.501 Deliver DATA 13, ID 20029
008.501 Slide RECV window, expect 14 next
008.501 Acked DATA 9, slide SEND window
008.501 Send DATA 1 13, ID 10033
008.783 Recv DATA 14 10, ID 20030
008.783 Deliver DATA 14, ID 20030
008.783 Slide RECV window, expect 15 next
008.783 Acked DATA 10, slide SEND window
008.783 Send DATA 2 14, ID 10034
009.049 Recv DATA 15 11, ID 20031
009.049 Deliver DATA 15, ID 20031
009.049 .... 32 packets received, 7695 bps, 96.18%, Err 0 (0.0e+00)
009.049 Slide RECV window, expect 0 next
009.049 Acked DATA 11, slide SEND window
009.050 Send DATA 3 15, ID 10035
009.317 Recv DATA 0 12, ID 20032
009.317 Deliver DATA 0, ID 20032
009.317 Slide RECV window, expect 1 next
009.317 Acked DATA 12, slide SEND window
009.317 Send DATA 4 0, ID 10036
009.335 Recv ACK  13
009.335 Acked DATA 13, slide SEND window
009.335 Send DATA 5 0, ID 10037
009.582 Recv DATA 1 14, ID 20033
009.582 Deliver DATA 1, ID 20033
009.582 Slide RECV window, expect 2 next
009.582 Acked DATA 14, slide SEND window
009.583 Send DATA 6 1, ID 10038
009.849 Recv DATA 2 15, ID 20034
009.849 Deliver DATA 2, ID 20034
009.849 Slide RECV window, expect 3 next
009.849 Acked DATA 15, slide SEND window
009.849 Send DATA 7 2, ID 10039
010.119 Recv DATA 3 0, ID 20035
010.119 Deliver DATA 3, ID 20035
010.119 Slide RECV window, expect 4 next
010.119 Acked DATA 0, slide SEND window
010.119 Send DATA 8 3, ID 10040
010.384 Recv DATA 4 0, ID 20036
010.384 Deliver DATA 4, ID 20036
010.384 Slide RECV window, expect 5 next
010.551 ---- ACK timeout
010.551 Send ACK  4
010.651 Recv DATA 5 1, ID 20037
010.651 Deliver DATA 5, ID 20037
010.651 Slide RECV window, expect 6 next
010.651 Acked DATA 1, slide SEND window
010.652 Send DATA 9 5, ID 10041
010.886 Recv DATA 6 2, ID 20038
010.886 Deliver DATA 6, ID 20038
010.886 Slide RECV window, expect 7 next
010.886 Acked DATA 2, slide SEND window
010.886 Send DATA 10 6, ID 10042
011.182 Recv DATA 7 3, ID 20039
011.183 Deliver DATA 7, ID 20039
011.183 .... 40 packets received, 7692 bps, 96.15%, Err 0 (0.0e+00)
011.183 Slide RECV window, expect 8 next
011.183 Acked DATA 3, slide SEND window
011.183 Send DATA 11 7, ID 10043
011.466 Recv DATA 8 4, ID 20040
011.467 Deliver DATA 8, ID 20040
011.467 Slide RECV window, expect 9 next
011.467 Acked DATA 4, slide SEND window
011.467 Send DATA 12 8, ID 10044
011.501 Recv ACK  5
011.501 Acked DATA 5, slide SEND window
011.501 Send DATA 13 8, ID 10045
011.717 Recv DATA 9 6, ID 20041
011.717 Deliver DATA 9, ID 20041
011.717 Slide RECV window, expect 10 next
011.717 Acked DATA 6, slide SEND window
011.717 Send DATA 14 9, ID 10046
011.985 Recv DATA 10 7, ID 20042
011.985 Deliver DATA 10, ID 20042
011.985 Slide RECV window, expect 11 next
011.985 Acked DATA 7, slide SEND window
011.985 Send DATA 15 10, ID 10047
012.234 Recv DATA 11 8, ID 20043
012.234 Deliver DATA 11, ID 20043
012.234 Slide RECV window, expect 12 next
012.234 Acked DATA 8, slide SEND window
012.235 Send DATA 0 11, ID 10048
012.516 Recv DATA 12 8, ID 20044
012.516 Deliver DATA 12, ID 20044
012.516 Slide RECV window, expect 13 next
012.683 ---- ACK timeout
012.684 Send ACK  12
012.784 Recv DATA 13 9, ID 20045
012.785 Deliver DATA 13, ID 20045
012.785 Slide RECV window, expect 14 next
012.785 Acked DATA 9, slide SEND window
012.785 Send DATA 1 13, ID 10049
013.018 Recv DATA 14 10, ID 20046
013.018 Deliver DATA 14, ID 20046
013.018 Slide RECV window, expect 15 next
013.018 Acked DATA 10, slide SEND window
013.018 Send DATA 2 14, ID 10050
013.284 Recv DATA 15 11, ID 20047
013.284 Deliver DATA 15, ID 20047
013.284 .... 48 packets received, 7709 bps, 96.36%, Err 0 (0.0e+00)
013.284 Slide RECV window, expect 0 next
013.284 Acked DATA 11, slide SEND window
013.284 Send DATA 3 15, ID 10051
013.534 Recv DATA 0 12, ID 20048
013.534 Deliver DATA 0, ID 20048
013.534 Slide RECV window, expect 1 next
013.534 Acked DATA 12, slide SEND window
013.534 Send DATA 4 0, ID 10052
013.583 Recv ACK  13
013.583 Acked DATA 13, slide SEND window
013.583 Send DATA 5 0, ID 10053
013.816 Recv DATA 1 14, ID 20049
013.816 Deliver DATA 1, ID 20049
013.816 Slide RECV window, expect 2 next
013.816 Acked DATA 14, slide SEND window
013.816 Send DATA 6 1, ID 10054
014.099 Recv DATA 2 15, ID 20050
014.099 Deliver DATA 2, ID 20050
014.099 Slide RECV window, expect 3 next
014.099 Acked DATA 15, slide SEND window
014.099 Send DATA 7 2, ID 10055
014.336 Recv DATA 3 0, ID 20051
014.336 Deliver DATA 3, ID 20051
014.336 Slide RECV window, expect 4 next
014.336 Acked DATA 0, slide SEND window
014.336 Send DATA 8 3, ID 10056
014.618 Recv DATA 4 0, ID 20052
014.618 Deliver DATA 4, ID 20052
014.618 Slide RECV window, expect 5 next
014.782 ---- ACK timeout
014.782 Send ACK  4
014.867 Recv DATA 5 1, ID 20053
014.868 Deliver DATA 5, ID 20053
014.868 Slide RECV window, expect 6 next
014.868 Acked DATA 1, slide SEND window
014.868 Send DATA 9 5, ID 10057
015.135 Recv DATA 6 2, ID 20054
015.135 Deliver DATA 6, ID 20054
015.135 Slide RECV window, expect 7 next
015.135 Acked DATA 2, slide SEND window
015.135 Send DATA 10 6, ID 10058
015.401 Recv DATA 7 3, ID 20055
015.401 Deliver DATA 7, ID 20055
015.401 .... 56 packets received, 7713 bps, 96.42%, Err 0 (0.0e+00)
015.401 Slide RECV window, expect 8 next
015.401 Acked DATA 3, slide SEND window
015.401 Send DATA 11 7, ID 10059
015.682 Recv DATA 8 4, ID 20056
015.684 Deliver DATA 8, ID 20056
015.684 Slide RECV window, expect 9 next
015.684 Acked DATA 4, slide SEND window
015.684 Recv ACK  5
015.684 Acked DATA 5, slide SEND window
015.684 Send DATA 12 8, ID 10060
015.684 Send DATA 13 8, ID 10061
015.920 Recv DATA 9 6, ID 20057
015.920 Deliver DATA 9, ID 20057
015.920 Slide RECV window, expect 10 next
015.920 Acked DATA 6, slide SEND window
015.920 Send DATA 14 9, ID 10062
016.200 Recv DATA 10 7, ID 20058
016.200 Deliver DATA 10, ID 20058
016.200 Slide RECV window, expect 11 next
016.200 Acked DATA 7, slide SEND window
016.200 Send DATA 15 10, ID 10063
016.481 Recv DATA 11 8, ID 20059
016.481 Deliver DATA 11, ID 20059
016.481 Slide RECV window, expect 12 next
016.481 Acked DATA 8, slide SEND window
016.481 Send DATA 0 11, ID 10064
016.766 Recv DATA 12 8, ID 20060
016.766 Deliver DATA 12, ID 20060
016.766 Slide RECV window, expect 13 next
016.936 ---- ACK timeout
016.936 Send ACK  12
017.014 Recv DATA 13 9, ID 20061
017.015 Deliver DATA 13, ID 20061
017.015 Slide RECV window, expect 14 next
017.015 Acked DATA 9, slide SEND window
017.015 Send DATA 1 13, ID 10065
017.252 Recv DATA 14 10, ID 20062
017.252 Deliver DATA 14, ID 20062
017.252 Slide RECV window, expect 15 next
017.252 Acked DATA 10, slide SEND window
017.252 Send DATA 2 14, ID 10066
017.499 Recv DATA 15 11, ID 20063
017.499 Deliver DATA 15, ID 20063
017.499 .... 64 packets received, 7725 bps, 96.56%, Err 0 (0.0e+00)
017.499 Slide RECV window, expect 0 next
017.499 Acked DATA 11, slide SEND window
017.500 Send DATA 3 15, ID 10067
017.786 Recv DATA 0 12, ID 20064
017.786 Deliver DATA 0, ID 20064
017.786 Slide RECV window, expect 1 next
017.786 Acked DATA 12, slide SEND window
017.786 Send DATA 4 0, ID 10068
017.835 Recv ACK  13
017.835 Acked DATA 13, slide SEND window
017.835 Send DATA 5 0, ID 10069
018.051 Recv DATA 1 14, ID 20065
018.051 Deliver DATA 1, ID 20065
018.051 Slide RECV window, expect 2 next
018.051 Acked DATA 14, slide SEND window
018.051 Send DATA 6 1, ID 10070
018.332 Recv DATA 2 15, ID 20066
018.333 Deliver DATA 2, ID 20066
018.333 Slide RECV window, expect 3 next
018.333 Acked DATA 15, slide SEND window
018.333 Send DATA 7 2, ID 10071
018.599 Recv DATA 3 0, ID 20067
018.599 Deliver DATA 3, ID 20067
018.599 Slide RECV window, expect 4 next
018.599 Acked DATA 0, slide SEND window
018.600 Send DATA 8 3, ID 10072
018.882 Recv DATA 4 0, ID 20068
018.882 Deliver DATA 4, ID 20068
018.882 Slide RECV window, expect 5 next
019.052 ---- ACK timeout
019.052 Send ACK  4
019.101 Recv DATA 5 1, ID 20069
019.101 Deliver DATA 5, ID 20069
019.101 Slide RECV window, expect 6 next
019.101 Acked DATA 1, slide SEND window
019.101 Send DATA 9 5, ID 10073
019.368 Recv DATA 6 2, ID 20070
019.368 Deliver DATA 6, ID 20070
019.368 Slide RECV window, expect 7 next
019.368 Acked DATA 2, slide SEND window
019.369 Send DATA 10 6, ID 10074
019.636 Recv DATA 7 3, ID 20071
019.636 Deliver DATA 7, ID 20071
019.636 .... 72 packets received, 7719 bps, 96.48%, Err 0 (0.0e+00)
019.636 Slide RECV window, expect 8 next
019.636 Acked DATA 3, slide SEND window
019.636 Send DATA 11 7, ID 10075
019.885 Recv DATA 8 4, ID 20072
019.885 Deliver DATA 8, ID 20072
019.885 Slide RECV window, expect 9 next
019.885 Acked DATA 4, slide SEND window
019.886 Send DATA 12 8, ID 10076
019.915 Recv ACK  5
019.915 Acked DATA 5, slide SEND window
019.915 Send DATA 13 8, ID 10077
020.185 Recv DATA 9 6, ID 20073
020.186 Deliver DATA 9, ID 20073
020.186 Slide RECV window, expect 10 next
020.186 Acked DATA 6, slide SEND window
020.186 Send DATA 14 9, ID 10078
020.466 Recv DATA 10 7, ID 20074
020.466 Deliver DATA 10, ID 20074
020.466 Slide RECV window, expect 11 next
020.466 Acked DATA 7, slide SEND window
020.466 Send DATA 15 10, ID 10079
020.700 Recv DATA 11 8, ID 20075
020.700 Deliver DATA 11, ID 20075
020.700 Slide RECV window, expect 12 next
020.700 Acked DATA 8, slide SEND window
020.700 Send DATA 0 11, ID 10080
020.952 Recv DATA 12 8, ID 20076
020.952 Deliver DATA 12, ID 20076
020.952 Slide RECV window, expect 13 next
021.118 ---- ACK timeout
021.118 Send ACK  12
021.216 Recv DATA 13 9, ID 20077
021.216 Deliver DATA 13, ID 20077
021.216 Slide RECV window, expect 14 next
021.216 Acked DATA 9, slide SEND window
021.217 Send DATA 1 13, ID 10081
021.500 Recv DATA 14 10, ID 20078
021.500 Deliver DATA 14, ID 20078
021.500 Slide RECV window, expect 15 next
021.500 Acked DATA 10, slide SEND window
021.501 Send DATA 2 14, ID 10082
021.751 Recv DATA 15 11, ID 20079
021.751 Deliver DATA 15, ID 20079
021.751 .... 80 packets received, 7721 bps, 96.52%, Err 0 (0.0e+00)
021.751 Slide RECV window, expect 0 next
021.751 Acked DATA 11, slide SEND window
021.751 Send DATA 3 15, ID 10083
022.032 Recv DATA 0 12, ID 20080
022.032 Deliver DATA 0, ID 20080
022.032 Slide RECV window, expect 1 next
022.033 Acked DATA 12, slide SEND window
022.033 Send DATA 4 0, ID 10084
022.068 Recv ACK  13
022.068 Acked DATA 13, slide SEND window
022.069 Send DATA 5 0, ID 10085
022.300 Recv DATA 1 14, ID 20081
022.300 Deliver DATA 1, ID 20081
022.301 Slide RECV window, expect 2 next
022.301 Acked DATA 14, slide SEND window
022.301 Send DATA 6 1, ID 10086
022.565 Recv DATA 2 15, ID 20082
022.565 Deliver DATA 2, ID 20082
022.565 Slide RECV window, expect 3 next
022.565 Acked DATA 15, slide SEND window
022.565 Send DATA 7 2, ID 10087
022.832 Recv DATA 3 0, ID 20083
022.832 Deliver DATA 3, ID 20083
022.832 Slide RECV window, expect 4 next
022.832 Acked DATA 0, slide SEND window
022.832 Send DATA 8 3, ID 10088
023.065 Recv DATA 4 0, ID 20084
023.065 Deliver DATA 4, ID 20084
023.065 Slide RECV window, expect 5 next
023.236 ---- ACK timeout
023.236 Send ACK  4
023.352 Recv DATA 5 1, ID 20085
023.352 Deliver DATA 5, ID 20085
023.352 Slide RECV window, expect 6 next
023.352 Acked DATA 1, slide SEND window
023.353 Send DATA 9 5, ID 10089
023.601 Recv DATA 6 2, ID 20086
023.601 Deliver DATA 6, ID 20086
023.601 Slide RECV window, expect 7 next
023.601 Acked DATA 2, slide SEND window
023.601 Send DATA 10 6, ID 10090
023.883 Recv DATA 7 3, ID 20087
023.883 Deliver DATA 7, ID 20087
023.883 .... 88 packets received, 7718 bps, 96.48%, Err 0 (0.0e+00)
023.883 Slide RECV window, expect 8 next
023.883 Acked DATA 3, slide SEND window
023.884 Send DATA 11 7, ID 10091
024.168 Recv DATA 8 4, ID 20088
024.168 Deliver DATA 8, ID 20088
024.169 Slide RECV window, expect 9 next
024.169 Acked DATA 4, slide SEND window
024.169 Send DATA 12 8, ID 10092
024.199 Recv ACK  5
024.199 Acked DATA 5, slide SEND window
024.200 Send DATA 13 8, ID 10093
024.418 Recv DATA 9 6, ID 20089
024.418 Deliver DATA 9, ID 20089
024.418 Slide RECV window, expect 10 next
024.418 Acked DATA 6, slide SEND window
024.418 Send DATA 14 9, ID 10094
024.698 Recv DATA 10 7, ID 20090
024.698 Deliver DATA 10, ID 20090
024.698 Slide RECV window, expect 11 next
024.698 Acked DATA 7, slide SEND window
024.698 Send DATA 15 10, ID 10095
024.935 Recv DATA 11 8, ID 20091
024.935 Deliver DATA 11, ID 20091
024.935 Slide RECV window, expect 12 next
024.935 Acked DATA 8, slide SEND window
024.935 Send DATA 0 11, ID 10096
025.216 Recv DATA 12 8, ID 20092
025.216 Deliver DATA 12, ID 20092
025.216 Slide RECV window, expect 13 next
025.385 ---- ACK timeout
025.385 Send ACK  12
025.452 Recv DATA 13 9, ID 20093
025.452 Deliver DATA 13, ID 20093
025.452 Slide RECV window, expect 14 next
025.452 Acked DATA 9, slide SEND window
025.452 Send DATA 1 13, ID 10097
025.734 Recv DATA 14 10, ID 20094
025.734 Deliver DATA 14, ID 20094
025.734 Slide RECV window, expect 15 next
025.734 Acked DATA 10, slide SEND window
025.734 Send DATA 2 14, ID 10098
025.999 Recv DATA 15 11, ID 20095
025.999 Deliver DATA 15, ID 20095
025.999 .... 96 packets received, 7720 bps, 96.50%, Err 0 (0.0e+00)
025.999 Slide RECV window, expect 0 next
025.999 Acked DATA 11, slide SEND window
025.999 Send DATA 3 15, ID 10099
026.265 Recv DATA 0 12, ID 20096
026.265 Deliver DATA 0, ID 20096
026.266 Slide RECV window, expect 1 next
026.266 Acked DATA 12, slide SEND window
026.266 Send DATA 4 0, ID 10100
026.302 Recv ACK  13
026.302 Acked DATA 13, slide SEND window
026.302 Send DATA 5 0, ID 10101
026.534 Recv DATA 1 14, ID 20097
026.534 Deliver DATA 1, ID 20097
026.534 Slide RECV window, expect 2 next
026.534 Acked DATA 14, slide SEND window
026.535 Send DATA 6 1, ID 10102
026.799 Recv DATA 2 15, ID 20098
026.799 Deliver DATA 2, ID 20098
026.799 Slide RECV window, expect 3 next
026.799 Acked DATA 15, slide SEND window
026.799 Send DATA 7 2, ID 10103
027.066 Recv DATA 3 0, ID 20099
027.066 Deliver DATA 3, ID 20099
027.066 Slide RECV window, expect 4 next
027.066 Acked DATA 0, slide SEND window
027.066 Send DATA 8 3, ID 10104
027.365 Recv DATA 4 0, ID 20100
027.365 Deliver DATA 4, ID 20100
027.365 Slide RECV window, expect 5 next
027.532 ---- ACK timeout
027.532 Send ACK  4
027.583 Recv DATA 5 1, ID 20101
027.583 Deliver DATA 5, ID 20101
027.583 Slide RECV window, expect 6 next
027.583 Acked DATA 1, slide SEND window
027.584 Send DATA 9 5, ID 10105
027.849 Recv DATA 6 2, ID 20102
027.849 Deliver DATA 6, ID 20102
027.849 Slide RECV window, expect 7 next
027.849 Acked DATA 2, slide SEND window
027.850 Send DATA 10 6, ID 10106
028.119 Recv DATA 7 3, ID 20103
028.119 Deliver DATA 7, ID 20103
028.119 .... 104 packets received, 7721 bps, 96.51%, Err 0 (0.0e+00)
028.119 Slide RECV window, expect 8 next
028.119 Acked DATA 3, slide SEND window
028.119 Send DATA 11 7, ID 10107
028.382 Recv DATA 8 4, ID 20104
028.382 Deliver DATA 8, ID 20104
028.382 Slide RECV window, expect 9 next
028.382 Acked DATA 4, slide SEND window
028.382 Recv ACK  5
028.382 Acked DATA 5, slide SEND window
028.382 Send DATA 12 8, ID 10108
028.382 Send DATA 13 8, ID 10109
028.664 Recv DATA 9 6, ID 20105
028.664 Deliver DATA 9, ID 20105
028.664 Slide RECV window, expect 10 next
028.664 Acked DATA 6, slide SEND window
028.664 Send DATA 14 9, ID 10110
028.904 Recv DATA 10 7, ID 20106
028.904 Deliver DATA 10, ID 20106
028.904 Slide RECV window, expect 11 next
028.904 Acked DATA 7, slide SEND window
028.904 Send DATA 15 10, ID 10111
029.183 Recv DATA 11 8, ID 20107
029.183 Deliver DATA 11, ID 20107
029.183 Slide RECV window, expect 12 next
029.183 Acked DATA 8, slide SEND window
029.183 Send DATA 0 11, ID 10112
029.434 Recv DATA 12 8, ID 20108
029.434 Deliver DATA 12, ID 20108
029.434 Slide RECV window, expect 13 next
029.598 ---- ACK timeout
029.598 Send ACK  12
029.702 Recv DATA 13 9, ID 20109
029.702 Deliver DATA 13, ID 20109
029.702 Slide RECV window, expect 14 next
029.702 Acked DATA 9, slide SEND window
029.702 Send DATA 1 13, ID 10113
029.982 Recv DATA 14 10, ID 20110
029.982 Deliver DATA 14, ID 20110
029.983 Slide RECV window, expect 15 next
029.983 Acked DATA 10, slide SEND window
029.983 Send DATA 2 14, ID 10114
030.216 Recv DATA 15 11, ID 20111
030.217 Deliver DATA 15, ID 20111
030.217 .... 112 packets received, 7727 bps, 96.59%, Err 0 (0.0e+00)
030.217 Slide RECV window, expect 0 next
030.217 Acked DATA 11, slide SEND window
030.217 Send DATA 3 15, ID 10115
030.484 Recv DATA 0 12, ID 20112
030.484 Deliver DATA 0, ID 20112
030.484 Slide RECV window, expect 1 next
030.484 Acked DATA 12, slide SEND window
030.484 Send DATA 4 0, ID 10116
030.518 Recv ACK  13
030.518 Acked DATA 13, slide SEND window
030.518 Send DATA 5 0, ID 10117
030.764 Recv DATA 1 14, ID 20113
030.764 Deliver DATA 1, ID 20113
030.764 Slide RECV window, expect 2 next
030.764 Acked DATA 14, slide SEND window
030.764 Send DATA 6 1, ID 10118
031.034 Recv DATA 2 15, ID 20114
031.034 Deliver DATA 2, ID 20114
031.034 Slide RECV window, expect 3 next
031.034 Acked DATA 15, slide SEND window
031.034 Send DATA 7 2, ID 10119
031.317 Recv DATA 3 0, ID 20115
031.317 Deliver DATA 3, ID 20115
031.317 Slide RECV window, expect 4 next
031.317 Acked DATA 0, slide SEND window
031.317 Send DATA 8 3, ID 10120
031.564 Recv DATA 4 0, ID 20116
031.564 Deliver DATA 4, ID 20116
031.564 Slide RECV window, expect 5 next
031.731 ---- ACK timeout
031.731 Send ACK  4
031.834 Recv DATA 5 1, ID 20117
031.834 Deliver DATA 5, ID 20117
031.834 Slide RECV window, expect 6 next
031.834 Acked DATA 1, slide SEND window
031.834 Send DATA 9 5, ID 10121
032.117 Recv DATA 6 2, ID 20118
032.117 Deliver DATA 6, ID 20118
032.117 Slide RECV window, expect 7 next
032.117 Acked DATA 2, slide SEND window
032.117 Send DATA 10 6, ID 10122
032.365 Recv DATA 7 3, ID 20119
032.365 Deliver DATA 7, ID 20119
032.365 .... 120 packets received, 7720 bps, 96.50%, Err 0 (0.0e+00)
032.365 Slide RECV window, expect 8 next
032.365 Acked DATA 3, slide SEND window
032.365 Send DATA 11 7, ID 10123
032.600 Recv DATA 8 4, ID 20120
032.600 Deliver DATA 8, ID 20120
032.600 Slide RECV window, expect 9 next
032.600 Acked DATA 4, slide SEND window
032.601 Send DATA 12 8, ID 10124
032.649 Recv ACK  5
032.649 Acked DATA 5, slide SEND window
032.649 Send DATA 13 8, ID 10125
032.934 Recv DATA 9 6, ID 20121
032.934 Deliver DATA 9, ID 20121
032.934 Slide RECV window, expect 10 next
032.934 Acked DATA 6, slide SEND window
032.934 Send DATA 14 9, ID 10126
033.167 Recv DATA 10 7, ID 20122
033.167 Deliver DATA 10, ID 20122
033.167 Slide RECV window, expect 11 next
033.167 Acked DATA 7, slide SEND window
033.168 Send DATA 15 10, ID 10127
033.434 Recv DATA 11 8, ID 20123
033.434 Deliver DATA 11, ID 20123
033.434 Slide RECV window, expect 12 next
033.434 Acked DATA 8, slide SEND window
033.434 Send DATA 0 11, ID 10128
033.700 Recv DATA 12 8, ID 20124
033.700 Deliver DATA 12, ID 20124
033.700 Slide RECV window, expect 13 next
033.865 ---- ACK timeout
033.865 Send ACK  12
033.947 Recv DATA 13 9, ID 20125
033.947 Deliver DATA 13, ID 20125
033.947 Slide RECV window, expect 14 next
033.947 Acked DATA 9, slide SEND window
033.947 Send DATA 1 13, ID 10129
034.235 Recv DATA 14 10, ID 20126
034.235 Deliver DATA 14, ID 20126
034.235 Slide RECV window, expect 15 next
034.235 Acked DATA 10, slide SEND window
034.235 Send DATA 2 14, ID 10130
034.469 Recv DATA 15 11, ID 20127
034.469 Deliver DATA 15, ID 20127
034.469 .... 128 packets received, 7724 bps, 96.56%, Err 0 (0.0e+00)
034.469 Slide RECV window, expect 0 next
034.470 Acked DATA 11, slide SEND window
034.470 Send DATA 3 15, ID 10131
034.733 Recv DATA 0 12, ID 20128
034.733 Deliver DATA 0, ID 20128
034.733 Slide RECV window, expect 1 next
034.733 Acked DATA 12, slide SEND window
034.734 Send DATA 4 0, ID 10132
034.765 Recv ACK  13
034.766 Acked DATA 13, slide SEND window
034.766 Send DATA 5 0, ID 10133
035.017 Recv DATA 1 14, ID 20129
035.017 Deliver DATA 1, ID 20129
035.017 Slide RECV window, expect 2 next
035.017 Acked DATA 14, slide SEND window
035.018 Send DATA 6 1, ID 10134
035.302 Recv DATA 2 15, ID 20130
035.302 Deliver DATA 2, ID 20130
035.302 Slide RECV window, expect 3 next
035.302 Acked DATA 15, slide SEND window
035.302 Send DATA 7 2, ID 10135
035.532 Recv DATA 3 0, ID 20131
035.532 Deliver DATA 3, ID 20131
035.532 Slide RECV window, expect 4 next
035.532 Acked DATA 0, slide SEND window
035.532 Send DATA 8 3, ID 10136
035.801 Recv DATA 4 0, ID 20132
035.801 Deliver DATA 4, ID 20132
035.801 Slide RECV window, expect 5 next
035.983 ---- ACK timeout
035.983 Send ACK  4
036.080 Recv DATA 5 1, ID 20133
036.080 Deliver DATA 5, ID 20133
036.080 Slide RECV window, expect 6 next
036.080 Acked DATA 1, slide SEND window
036.080 Send DATA 9 5, ID 10137
036.348 Recv DATA 6 2, ID 20134
036.348 Deliver DATA 6, ID 20134
036.348 Slide RECV window, expect 7 next
036.348 Acked DATA 2, slide SEND window
036.348 Send DATA 10 6, ID 10138
036.581 Recv DATA 7 3, ID 20135
036.581 Deliver DATA 7, ID 20135
036.581 .... 136 packets received, 7726 bps, 96.58%, Err 0 (0.0e+00)
036.581 Slide RECV window, expect 8 next
036.581 Acked DATA 3, slide SEND window
036.581 Send DATA 11 7, ID 10139
036.849 Recv DATA 8 4, ID 20136
036.849 Deliver DATA 8, ID 20136
036.849 Slide RECV window, expect 9 next
036.849 Acked DATA 4, slide SEND window
036.850 Send DATA 12 8, ID 10140
036.898 Recv ACK  5
036.898 Acked DATA 5, slide SEND window
036.899 Send DATA 13 8, ID 10141
037.135 Recv DATA 9 6, ID 20137
037.135 Deliver DATA 9, ID 20137
037.135 Slide RECV window, expect 10 next
037.135 Acked DATA 6, slide SEND window
037.136 Send DATA 14 9, ID 10142
037.402 Recv DATA 10 7, ID 20138
037.402 Deliver DATA 10, ID 20138
037.402 Slide RECV window, expect 11 next
037.402 Acked DATA 7, slide SEND window
037.402 Send DATA 15 10, ID 10143
037.666 Recv DATA 11 8, ID 20139
037.666 Deliver DATA 11, ID 20139
037.666 Slide RECV window, expect 12 next
037.666 Acked DATA 8, slide SEND window
037.667 Send DATA 0 11, ID 10144
037.918 Recv DATA 12 8, ID 20140
037.918 Deliver DATA 12, ID 20140
037.918 Slide RECV window, expect 13 next
038.082 ---- ACK timeout
038.083 Send ACK  12
038.197 Recv DATA 13 9, ID 20141
038.197 Deliver DATA 13, ID 20141
038.197 Slide RECV window, expect 14 next
038.197 Acked DATA 9, slide SEND window
038.197 Send DATA 1 13, ID 10145
038.434 Recv DATA 14 10, ID 20142
038.434 Deliver DATA 14, ID 20142
038.434 Slide RECV window, expect 15 next
038.434 Acked DATA 10, slide SEND window
038.434 Send DATA 2 14, ID 10146
038.701 Recv DATA 15 11, ID 20143
038.701 Deliver DATA 15, ID 20143
038.701 .... 144 packets received, 7726 bps, 96.58%, Err 0 (0.0e+00)
038.701 Slide RECV window, expect 0 next
038.701 Acked DATA 11, slide SEND window
038.702 Send DATA 3 15, ID 10147
038.965 Recv DATA 0 12, ID 20144
038.965 Deliver DATA 0, ID 20144
038.965 Slide RECV window, expect 1 next
038.965 Acked DATA 12, slide SEND window
038.965 Send DATA 4 0, ID 10148
039.014 Recv ACK  13
039.014 Acked DATA 13, slide SEND window
039.014 Send DATA 5 0, ID 10149
039.251 Recv DATA 1 14, ID 20145
039.251 Deliver DATA 1, ID 20145
039.251 Slide RECV window, expect 2 next
039.251 Acked DATA 14, slide SEND window
039.251 Send DATA 6 1, ID 10150
039.501 Recv DATA 2 15, ID 20146
039.501 Deliver DATA 2, ID 20146
039.501 Slide RECV window, expect 3 next
039.501 Acked DATA 15, slide SEND window
039.501 Send DATA 7 2, ID 10151
039.767 Recv DATA 3 0, ID 20147
039.767 Deliver DATA 3, ID 20147
039.767 Slide RECV window, expect 4 next
039.767 Acked DATA 0, slide SEND window
039.767 Send DATA 8 3, ID 10152
040.082 Recv DATA 4 0, ID 20148
040.082 Deliver DATA 4, ID 20148
040.083 Slide RECV window, expect 5 next
040.265 ---- ACK timeout
040.265 Send ACK  4
040.331 Recv DATA 5 1, ID 20149
040.331 Deliver DATA 5, ID 20149
040.332 Slide RECV window, expect 6 next
040.332 Acked DATA 1, slide SEND window
040.332 Send DATA 9 5, ID 10153
040.568 Recv DATA 6 2, ID 20150
040.568 Deliver DATA 6, ID 20150
040.568 Slide RECV window, expect 7 next
040.568 Acked DATA 2, slide SEND window
040.568 Send DATA 10 6, ID 10154
040.832 Recv DATA 7 3, ID 20151
040.833 Deliver DATA 7, ID 20151
040.833 .... 152 packets received, 7724 bps, 96.56%, Err 0 (0.0e+00)
040.833 Slide RECV window, expect 8 next
040.833 Acked DATA 3, slide SEND window
040.833 Send DATA 11 7, ID 10155
041.100 Recv DATA 8 4, ID 20152
041.101 Deliver DATA 8, ID 20152
041.101 Slide RECV window, expect 9 next
041.101 Acked DATA 4, slide SEND window
041.101 Send DATA 12 8, ID 10156
041.148 Recv ACK  5
041.148 Acked DATA 5, slide SEND window
041.148 Send DATA 13 8, ID 10157
041.350 Recv DATA 9 6, ID 20153
041.350 Deliver DATA 9, ID 20153
041.350 Slide RECV window, expect 10 next
041.350 Acked DATA 6, slide SEND window
041.351 Send DATA 14 9, ID 10158
041.617 Recv DATA 10 7, ID 20154
041.617 Deliver DATA 10, ID 20154
041.617 Slide RECV window, expect 11 next
041.617 Acked DATA 7, slide SEND window
041.617 Send DATA 15 10, ID 10159
041.882 Recv DATA 11 8, ID 20155
041.882 Deliver DATA 11, ID 20155
041.882 Slide RECV window, expect 12 next
041.882 Acked DATA 8, slide SEND window
041.883 Send DATA 0 11, ID 10160
042.181 Recv DATA 12 8, ID 20156
042.181 Deliver DATA 12, ID 20156
042.181 Slide RECV window, expect 13 next
042.349 ---- ACK timeout
042.349 Send ACK  12
042.435 Recv DATA 13 9, ID 20157
042.435 Deliver DATA 13, ID 20157
042.435 Slide RECV window, expect 14 next
042.435 Acked DATA 9, slide SEND window
042.435 Send DATA 1 13, ID 10161
042.703 Recv DATA 14 10, ID 20158
042.703 Deliver DATA 14, ID 20158
042.703 Slide RECV window, expect 15 next
042.703 Acked DATA 10, slide SEND window
042.703 Send DATA 2 14, ID 10162
042.933 Recv DATA 15 11, ID 20159
042.933 Deliver DATA 15, ID 20159
042.933 .... 160 packets received, 7728 bps, 96.60%, Err 0 (0.0e+00)
042.933 Slide RECV window, expect 0 next
042.933 Acked DATA 11, slide SEND window
042.933 Send DATA 3 15, ID 10163
043.200 Recv DATA 0 12, ID 20160
043.200 Deliver DATA 0, ID 20160
043.200 Slide RECV window, expect 1 next
043.200 Acked DATA 12, slide SEND window
043.200 Send DATA 4 0, ID 10164
043.218 Recv ACK  13
043.218 Acked DATA 13, slide SEND window
043.218 Send DATA 5 0, ID 10165
043.481 Recv DATA 1 14, ID 20161
043.482 Deliver DATA 1, ID 20161
043.482 Slide RECV window, expect 2 next
043.482 Acked DATA 14, slide SEND window
043.482 Send DATA 6 1, ID 10166
043.749 Recv DATA 2 15, ID 20162
043.749 Deliver DATA 2, ID 20162
043.749 Slide RECV window, expect 3 next
043.749 Acked DATA 15, slide SEND window
043.750 Send DATA 7 2, ID 10167
044.016 Recv DATA 3 0, ID 20163
044.016 Deliver DATA 3, ID 20163
044.016 Slide RECV window, expect 4 next
044.016 Acked DATA 0, slide SEND window
044.016 Send DATA 8 3, ID 10168
044.283 Recv DATA 4 0, ID 20164
044.283 Deliver DATA 4, ID 20164
044.283 Slide RECV window, expect 5 next
044.450 ---- ACK timeout
044.450 Send ACK  4
044.555 Recv DATA 5 1, ID 20165
044.555 Deliver DATA 5, ID 20165
044.555 Slide RECV window, expect 6 next
044.555 Acked DATA 1, slide SEND window
044.555 Send DATA 9 5, ID 10169
044.799 Recv DATA 6 2, ID 20166
044.799 Deliver DATA 6, ID 20166
044.799 Slide RECV window, expect 7 next
044.799 Acked DATA 2, slide SEND window
044.799 Send DATA 10 6, ID 10170
045.082 Recv DATA 7 3, ID 20167
045.082 Deliver DATA 7, ID 20167
045.082 .... 168 packets received, 7723 bps, 96.54%, Err 0 (0.0e+00)
045.082 Slide RECV window, expect 8 next
045.082 Acked DATA 3, slide SEND window
045.082 Send DATA 11 7, ID 10171
045.363 Recv DATA 8 4, ID 20168
045.364 Deliver DATA 8, ID 20168
045.364 Slide RECV window, expect 9 next
045.364 Acked DATA 4, slide SEND window
045.364 Send DATA 12 8, ID 10172
045.401 Recv ACK  5
045.401 Acked DATA 5, slide SEND window
045.401 Send DATA 13 8, ID 10173
045.585 Recv DATA 9 6, ID 20169
045.585 Deliver DATA 9, ID 20169
045.585 Slide RECV window, expect 10 next
045.585 Acked DATA 6, slide SEND window
045.585 Send DATA 14 9, ID 10174
045.850 Recv DATA 10 7, ID 20170
045.850 Deliver DATA 10, ID 20170
045.850 Slide RECV window, expect 11 next
045.850 Acked DATA 7, slide SEND window
045.850 Send DATA 15 10, ID 10175
046.131 Recv DATA 11 8, ID 20171
046.131 Deliver DATA 11, ID 20171
046.131 Slide RECV window, expect 12 next
046.131 Acked DATA 8, slide SEND window
046.131 Send DATA 0 11, ID 10176
046.398 Recv DATA 12 8, ID 20172
046.398 Deliver DATA 12, ID 20172
046.398 Slide RECV window, expect 13 next
046.569 ---- ACK timeout
046.569 Send ACK  12
046.683 Recv DATA 13 9, ID 20173
046.683 Deliver DATA 13, ID 20173
046.683 Slide RECV window, expect 14 next
046.683 Acked DATA 9, slide SEND window
046.684 Send DATA 1 13, ID 10177
046.965 Recv DATA 14 10, ID 20174
046.965 Deliver DATA 14, ID 20174
046.966 Slide RECV window, expect 15 next
046.966 Acked DATA 10, slide SEND window
046.966 Send DATA 2 14, ID 10178
047.215 Recv DATA 15 11, ID 20175
047.216 Deliver DATA 15, ID 20175
047.216 .... 176 packets received, 7721 bps, 96.51%, Err 0 (0.0e+00)
047.216 Slide RECV window, expect 0 next
047.216 Acked DATA 11, slide SEND window
047.216 Send DATA 3 15, ID 10179
047.468 Recv DATA 0 12, ID 20176
047.468 Deliver DATA 0, ID 20176
047.468 Slide RECV window, expect 1 next
047.468 Acked DATA 12, slide SEND window
047.468 Send DATA 4 0, ID 10180
047.498 Recv ACK  13
047.498 Acked DATA 13, slide SEND window
047.498 Send DATA 5 0, ID 10181
047.734 Recv DATA 1 14, ID 20177
047.734 Deliver DATA 1, ID 20177
047.734 Slide RECV window, expect 2 next
047.734 Acked DATA 14, slide SEND window
047.734 Send DATA 6 1, ID 10182
048.001 Recv DATA 2 15, ID 20178
048.001 Deliver DATA 2, ID 20178
048.001 Slide RECV window, expect 3 next
048.001 Acked DATA 15, slide SEND window
048.002 Send DATA 7 2, ID 10183
048.235 Recv DATA 3 0, ID 20179
048.235 Deliver DATA 3, ID 20179
048.235 Slide RECV window, expect 4 next
048.235 Acked DATA 0, slide SEND window
048.235 Send DATA 8 3, ID 10184
048.499 Recv DATA 4 0, ID 20180
048.499 Deliver DATA 4, ID 20180
048.499 Slide RECV window, expect 5 next
048.663 ---- ACK timeout
048.663 Send ACK  4
048.798 Recv DATA 5 1, ID 20181
048.798 Deliver DATA 5, ID 20181
048.798 Slide RECV window, expect 6 next
048.798 Acked DATA 1, slide SEND window
048.799 Send DATA 9 5, ID 10185
049.064 Recv DATA 6 2, ID 20182
049.064 Deliver DATA 6, ID 20182
049.064 Slide RECV window, expect 7 next
049.065 Acked DATA 2, slide SEND window
049.065 Send DATA 10 6, ID 10186
049.333 Recv DATA 7 3, ID 20183
049.333 Deliver DATA 7, ID 20183
049.333 .... 184 packets received, 7722 bps, 96.52%, Err 0 (0.0e+00)
049.333 Slide RECV window, expect 8 next
049.333 Acked DATA 3, slide SEND window
049.333 Send DATA 11 7, ID 10187
049.565 Recv DATA 8 4, ID 20184
049.565 Deliver DATA 8, ID 20184
049.565 Slide RECV window, expect 9 next
049.565 Acked DATA 4, slide SEND window
049.565 Send DATA 12 8, ID 10188
049.603 Recv ACK  5
049.603 Acked DATA 5, slide SEND window
049.604 Send DATA 13 8, ID 10189
049.833 Recv DATA 9 6, ID 20185
049.844 Deliver DATA 9, ID 20185
049.844 Slide RECV window, expect 10 next
049.844 Acked DATA 6, slide SEND window
049.844 Send DATA 14 9, ID 10190
050.118 Recv DATA 10 7, ID 20186
050.118 Deliver DATA 10, ID 20186
050.118 Slide RECV window, expect 11 next
050.118 Acked DATA 7, slide SEND window
050.118 Send DATA 15 10, ID 10191
050.349 Recv DATA 11 8, ID 20187
050.349 Deliver DATA 11, ID 20187
050.349 Slide RECV window, expect 12 next
050.349 Acked DATA 8, slide SEND window
050.518 ---- ACK timeout
050.518 Send ACK  11
050.518 Send DATA 0 11, ID 10192
050.616 Recv DATA 12 8, ID 20188
050.616 Deliver DATA 12, ID 20188
050.616 Slide RECV window, expect 13 next
050.785 ---- ACK timeout
050.785 Send ACK  12
050.881 Recv DATA 13 9, ID 20189
050.881 Deliver DATA 13, ID 20189
050.882 Slide RECV window, expect 14 next
050.882 Acked DATA 9, slide SEND window
050.882 Send DATA 1 13, ID 10193
051.183 Recv DATA 14 10, ID 20190
051.183 Deliver DATA 14, ID 20190
051.183 Slide RECV window, expect 15 next
051.183 Acked DATA 10, slide SEND window
051.183 Send DATA 2 14, ID 10194
051.433 Recv DATA 15 11, ID 20191
051.433 Deliver DATA 15, ID 20191
051.433 .... 192 packets received, 7725 bps, 96.57%, Err 0 (0.0e+00)
051.433 Slide RECV window, expect 0 next
051.433 Acked DATA 11, slide SEND window
051.433 Send DATA 3 15, ID 10195
051.700 Recv DATA 0 12, ID 20192
051.701 Deliver DATA 0, ID 20192
051.701 Slide RECV window, expect 1 next
051.701 Acked DATA 12, slide SEND window
051.701 Send DATA 4 0, ID 10196
051.748 Recv ACK  13
051.749 Acked DATA 13, slide SEND window
051.749 Send DATA 5 0, ID 10197
051.967 Recv DATA 1 14, ID 20193
051.967 Deliver DATA 1, ID 20193
051.967 Slide RECV window, expect 2 next
051.967 Acked DATA 14, slide SEND window
051.967 Send DATA 6 1, ID 10198
052.216 Recv DATA 2 15, ID 20194
052.216 Deliver DATA 2, ID 20194
052.217 Slide RECV window, expect 3 next
052.217 Acked DATA 15, slide SEND window
052.217 Send DATA 7 2, ID 10199
052.483 Recv DATA 3 15, ID 20195
052.483 Deliver DATA 3, ID 20195
052.483 Slide RECV window, expect 4 next
052.668 ---- ACK timeout
052.668 Send ACK  3
052.752 Recv DATA 4 0, ID 20196
052.752 Deliver DATA 4, ID 20196
052.752 Slide RECV window, expect 5 next
052.752 Acked DATA 0, slide SEND window
052.752 Send DATA 8 4, ID 10200
053.017 Recv DATA 5 1, ID 20197
053.017 Deliver DATA 5, ID 20197
053.017 Slide RECV window, expect 6 next
053.017 Acked DATA 1, slide SEND window
053.018 Send DATA 9 5, ID 10201
053.268 Recv DATA 6 2, ID 20198
053.268 Deliver DATA 6, ID 20198
053.268 Slide RECV window, expect 7 next
053.268 Acked DATA 2, slide SEND window
053.268 Send DATA 10 6, ID 10202
053.566 Recv DATA 7 3, ID 20199
053.566 Deliver DATA 7, ID 20199
053.566 .... 200 packets received, 7723 bps, 96.54%, Err 0 (0.0e+00)
053.566 Slide RECV window, expect 8 next
053.566 Acked DATA 3, slide SEND window
053.566 Send DATA 11 7, ID 10203
053.832 Recv DATA 8 4, ID 20200
053.832 Deliver DATA 8, ID 20200
053.832 Slide RECV window, expect 9 next
053.832 Acked DATA 4, slide SEND window
053.833 Send DATA 12 8, ID 10204
053.898 Recv ACK  5
053.898 Acked DATA 5, slide SEND window
053.898 Send DATA 13 8, ID 10205
054.069 Recv DATA 9 6, ID 20201
054.069 Deliver DATA 9, ID 20201
054.069 Slide RECV window, expect 10 next
054.069 Acked DATA 6, slide SEND window
054.069 Send DATA 14 9, ID 10206
054.332 Recv DATA 10 7, ID 20202
054.332 Deliver DATA 10, ID 20202
054.333 Slide RECV window, expect 11 next
054.333 Acked DATA 7, slide SEND window
054.333 Send DATA 15 10, ID 10207
054.615 Recv DATA 11 7, ID 20203
054.615 Deliver DATA 11, ID 20203
054.615 Slide RECV window, expect 12 next
054.784 ---- ACK timeout
054.784 Send ACK  11
054.881 Recv DATA 12 8, ID 20204
054.881 Deliver DATA 12, ID 20204
054.881 Slide RECV window, expect 13 next
054.881 Acked DATA 8, slide SEND window
054.881 Send DATA 0 12, ID 10208
055.164 Recv DATA 13 9, ID 20205
055.165 Deliver DATA 13, ID 20205
055.165 Slide RECV window, expect 14 next
055.165 Acked DATA 9, slide SEND window
055.165 Send DATA 1 13, ID 10209
055.415 Recv DATA 14 10, ID 20206
055.416 Deliver DATA 14, ID 20206
055.416 Slide RECV window, expect 15 next
055.416 Acked DATA 10, slide SEND window
055.416 Send DATA 2 14, ID 10210
055.681 Recv DATA 15 11, ID 20207
055.681 Deliver DATA 15, ID 20207
055.681 .... 208 packets received, 7724 bps, 96.55%, Err 0 (0.0e+00)
055.682 Slide RECV window, expect 0 next
055.682 Acked DATA 11, slide SEND window
055.682 Send DATA 3 15, ID 10211
055.917 Recv DATA 0 12, ID 20208
055.917 Deliver DATA 0, ID 20208
055.917 Slide RECV window, expect 1 next
055.917 Acked DATA 12, slide SEND window
055.917 Send DATA 4 0, ID 10212
055.948 Recv ACK  13
055.948 Acked DATA 13, slide SEND window
055.948 Send DATA 5 0, ID 10213
056.218 Recv DATA 1 14, ID 20209
056.218 Deliver DATA 1, ID 20209
056.218 Slide RECV window, expect 2 next
056.218 Acked DATA 14, slide SEND window
056.218 Send DATA 6 1, ID 10214
056.466 Recv DATA 2 15, ID 20210
056.466 Deliver DATA 2, ID 20210
056.466 Slide RECV window, expect 3 next
056.466 Acked DATA 15, slide SEND window
056.466 Send DATA 7 2, ID 10215
056.731 Recv DATA 3 15, ID 20211
056.731 Deliver DATA 3, ID 20211
056.731 Slide RECV window, expect 4 next
056.913 ---- ACK timeout
056.913 Send ACK  3
056.999 Recv DATA 4 0, ID 20212
056.999 Deliver DATA 4, ID 20212
056.999 Slide RECV window, expect 5 next
056.999 Acked DATA 0, slide SEND window
056.999 Send DATA 8 4, ID 10216
057.266 Recv DATA 5 1, ID 20213
057.266 Deliver DATA 5, ID 20213
057.266 Slide RECV window, expect 6 next
057.266 Acked DATA 1, slide SEND window
057.267 Send DATA 9 5, ID 10217
057.548 Recv DATA 6 2, ID 20214
057.548 Deliver DATA 6, ID 20214
057.548 Slide RECV window, expect 7 next
057.548 Acked DATA 2, slide SEND window
057.548 Send DATA 10 6, ID 10218
057.785 Recv DATA 7 3, ID 20215
057.785 Deliver DATA 7, ID 20215
057.785 .... 216 packets received, 7727 bps, 96.58%, Err 0 (0.0e+00)
057.785 Slide RECV window, expect 8 next
057.785 Acked DATA 3, slide SEND window
057.785 Send DATA 11 7, ID 10219
058.065 Recv DATA 8 4, ID 20216
058.065 Deliver DATA 8, ID 20216
058.065 Slide RECV window, expect 9 next
058.065 Acked DATA 4, slide SEND window
058.066 Send DATA 12 8, ID 10220
058.099 Recv ACK  5
058.099 Acked DATA 5, slide SEND window
058.099 Send DATA 13 8, ID 10221
058.333 Recv DATA 9 6, ID 20217
058.333 Deliver DATA 9, ID 20217
058.333 Slide RECV window, expect 10 next
058.333 Acked DATA 6, slide SEND window
058.333 Send DATA 14 9, ID 10222
058.565 Recv DATA 10 7, ID 20218
058.565 Deliver DATA 10, ID 20218
058.565 Slide RECV window, expect 11 next
058.565 Acked DATA 7, slide SEND window
058.734 ---- ACK timeout
058.734 Send ACK  10
058.734 Send DATA 15 10, ID 10223
058.850 Recv DATA 11 7, ID 20219
058.850 Deliver DATA 11, ID 20219
058.850 Slide RECV window, expect 12 next
059.018 ---- ACK timeout
059.018 Send ACK  11
059.149 Recv DATA 12 8, ID 20220
059.149 Deliver DATA 12, ID 20220
059.150 Slide RECV window, expect 13 next
059.150 Acked DATA 8, slide SEND window
059.150 Send DATA 0 12, ID 10224
059.384 Recv DATA 13 9, ID 20221
059.384 Deliver DATA 13, ID 20221
059.384 Slide RECV window, expect 14 next
059.384 Acked DATA 9, slide SEND window
059.384 Send DATA 1 13, ID 10225
059.664 Recv DATA 14 10, ID 20222
059.664 Deliver DATA 14, ID 20222
059.664 Slide RECV window, expect 15 next
059.664 Acked DATA 10, slide SEND window
059.664 Send DATA 2 14, ID 10226
059.883 Recv DATA 15 11, ID 20223
059.884 Deliver DATA 15, ID 20223
059.884 .... 224 packets received, 7729 bps, 96.62%, Err 0 (0.0e+00)
059.884 Slide RECV window, expect 0 next
059.884 Acked DATA 11, slide SEND window
059.884 Send DATA 3 15, ID 10227
060.151 Recv DATA 0 12, ID 20224
060.151 Deliver DATA 0, ID 20224
060.151 Slide RECV window, expect 1 next
060.151 Acked DATA 12, slide SEND window
060.151 Send DATA 4 0, ID 10228
060.200 Recv ACK  13
060.200 Acked DATA 13, slide SEND window
060.200 Send DATA 5 0, ID 10229
060.418 Recv DATA 1 14, ID 20225
060.418 Deliver DATA 1, ID 20225
060.418 Slide RECV window, expect 2 next
060.418 Acked DATA 14, slide SEND window
060.418 Send DATA 6 1, ID 10230
060.716 Recv DATA 2 14, ID 20226
060.717 Deliver DATA 2, ID 20226
060.717 Slide RECV window, expect 3 next
060.883 ---- ACK timeout
060.883 Send ACK  2
061.000 Recv DATA 3 15, ID 20227
061.000 Deliver DATA 3, ID 20227
061.000 Slide RECV window, expect 4 next
061.000 Acked DATA 15, slide SEND window
061.000 Send DATA 7 3, ID 10231
061.215 Recv DATA 4 0, ID 20228
061.216 Deliver DATA 4, ID 20228
061.216 Slide RECV window, expect 5 next
061.216 Acked DATA 0, slide SEND window
061.216 Send DATA 8 4, ID 10232
061.514 Recv DATA 5 1, ID 20229
061.514 Deliver DATA 5, ID 20229
061.514 Slide RECV window, expect 6 next
061.514 Acked DATA 1, slide SEND window
061.515 Send DATA 9 5, ID 10233
061.782 Recv DATA 6 2, ID 20230
061.782 Deliver DATA 6, ID 20230
061.783 Slide RECV window, expect 7 next
061.783 Acked DATA 2, slide SEND window
061.783 Send DATA 10 6, ID 10234
062.031 Recv DATA 7 3, ID 20231
062.031 Deliver DATA 7, ID 20231
062.031 .... 232 packets received, 7726 bps, 96.57%, Err 0 (0.0e+00)
062.031 Slide RECV window, expect 8 next
062.031 Acked DATA 3, slide SEND window
062.031 Send DATA 11 7, ID 10235
062.298 Recv DATA 8 4, ID 20232
062.298 Deliver DATA 8, ID 20232
062.298 Slide RECV window, expect 9 next
062.298 Acked DATA 4, slide SEND window
062.298 Recv ACK  5
062.298 Acked DATA 5, slide SEND window
062.298 Send DATA 12 8, ID 10236
062.298 Send DATA 13 8, ID 10237
062.582 Recv DATA 9 6, ID 20233
062.582 Deliver DATA 9, ID 20233
062.582 Slide RECV window, expect 10 next
062.582 Acked DATA 6, slide SEND window
062.582 Send DATA 14 9, ID 10238
062.817 Recv DATA 10 6, ID 20234
062.817 Deliver DATA 10, ID 20234
062.817 Slide RECV window, expect 11 next
062.999 ---- ACK timeout
062.999 Send ACK  10
063.069 Recv DATA 11 7, ID 20235
063.069 Deliver DATA 11, ID 20235
063.069 Slide RECV window, expect 12 next
063.069 Acked DATA 7, slide SEND window
063.069 Send DATA 15 11, ID 10239
063.349 Recv DATA 12 8, ID 20236
063.349 Deliver DATA 12, ID 20236
063.349 Slide RECV window, expect 13 next
063.349 Acked DATA 8, slide SEND window
063.349 Send DATA 0 12, ID 10240
063.627 Recv DATA 13 9, ID 20237
063.627 Deliver DATA 13, ID 20237
063.627 Slide RECV window, expect 14 next
063.627 Acked DATA 9, slide SEND window
063.627 Send DATA 1 13, ID 10241
063.867 Recv DATA 14 10, ID 20238
063.867 Deliver DATA 14, ID 20238
063.867 Slide RECV window, expect 15 next
063.867 Acked DATA 10, slide SEND window
063.867 Send DATA 2 14, ID 10242
064.134 Recv DATA 15 11, ID 20239
064.134 Deliver DATA 15, ID 20239
064.134 .... 240 packets received, 7728 bps, 96.60%, Err 0 (0.0e+00)
064.134 Slide RECV window, expect 0 next
064.134 Acked DATA 11, slide SEND window
064.134 Send DATA 3 15, ID 10243
064.399 Recv DATA 0 12, ID 20240
064.399 Deliver DATA 0, ID 20240
064.399 Slide RECV window, expect 1 next
064.399 Acked DATA 12, slide SEND window
064.399 Send DATA 4 0, ID 10244
064.433 Recv ACK  13
064.433 Acked DATA 13, slide SEND window
064.434 Send DATA 5 0, ID 10245
064.683 Recv DATA 1 14, ID 20241
064.683 Deliver DATA 1, ID 20241
064.683 Slide RECV window, expect 2 next
064.683 Acked DATA 14, slide SEND window
064.683 Send DATA 6 1, ID 10246
064.964 Recv DATA 2 14, ID 20242
064.964 Deliver DATA 2, ID 20242
064.964 Slide RECV window, expect 3 next
065.133 ---- ACK timeout
065.133 Send ACK  2
065.180 Recv DATA 3 15, ID 20243
065.180 Deliver DATA 3, ID 20243
065.180 Slide RECV window, expect 4 next
065.180 Acked DATA 15, slide SEND window
065.180 Send DATA 7 3, ID 10247
065.483 Recv DATA 4 0, ID 20244
065.483 Deliver DATA 4, ID 20244
065.483 Slide RECV window, expect 5 next
065.483 Acked DATA 0, slide SEND window
065.483 Send DATA 8 4, ID 10248
065.765 Recv DATA 5 1, ID 20245
065.765 Deliver DATA 5, ID 20245
065.765 Slide RECV window, expect 6 next
065.765 Acked DATA 1, slide SEND window
065.766 Send DATA 9 5, ID 10249
065.984 Recv DATA 6 2, ID 20246
065.984 Deliver DATA 6, ID 20246
065.984 Slide RECV window, expect 7 next
065.984 Acked DATA 2, slide SEND window
065.984 Send DATA 10 6, ID 10250
066.249 Recv DATA 7 3, ID 20247
066.249 Deliver DATA 7, ID 20247
066.249 .... 248 packets received, 7729 bps, 96.61%, Err 0 (0.0e+00)
066.257 Slide RECV window, expect 8 next
066.257 Acked DATA 3, slide SEND window
066.258 Send DATA 11 7, ID 10251
066.549 Recv DATA 8 4, ID 20248
066.549 Deliver DATA 8, ID 20248
066.549 Slide RECV window, expect 9 next
066.549 Acked DATA 4, slide SEND window
066.549 Send DATA 12 8, ID 10252
066.599 Recv ACK  5
066.599 Acked DATA 5, slide SEND window
066.599 Send DATA 13 8, ID 10253
066.799 Recv DATA 9 6, ID 20249
066.799 Deliver DATA 9, ID 20249
066.799 Slide RECV window, expect 10 next
066.799 Acked DATA 6, slide SEND window
066.799 Send DATA 14 9, ID 10254
067.063 Recv DATA 10 6, ID 20250
067.063 Deliver DATA 10, ID 20250
067.063 Slide RECV window, expect 11 next
067.247 ---- ACK timeout
067.247 Send ACK  10
067.332 Recv DATA 11 7, ID 20251
067.332 Deliver DATA 11, ID 20251
067.332 Slide RECV window, expect 12 next
067.332 Acked DATA 7, slide SEND window
067.332 Send DATA 15 11, ID 10255
067.597 Recv DATA 12 8, ID 20252
067.597 Deliver DATA 12, ID 20252
067.597 Slide RECV window, expect 13 next
067.597 Acked DATA 8, slide SEND window
067.597 Send DATA 0 12, ID 10256
067.831 Recv DATA 13 9, ID 20253
067.831 Deliver DATA 13, ID 20253
067.831 Slide RECV window, expect 14 next
067.831 Acked DATA 9, slide SEND window
067.831 Send DATA 1 13, ID 10257
068.115 Recv DATA 14 10, ID 20254
068.115 Deliver DATA 14, ID 20254
068.115 Slide RECV window, expect 15 next
068.115 Acked DATA 10, slide SEND window
068.115 Send DATA 2 14, ID 10258
068.398 Recv DATA 15 11, ID 20255
068.398 Deliver DATA 15, ID 20255
068.398 .... 256 packets received, 7725 bps, 96.57%, Err 0 (0.0e+00)
068.398 Slide RECV window, expect 0 next
068.398 Acked DATA 11, slide SEND window
068.398 Send DATA 3 15, ID 10259
068.664 Recv DATA 0 12, ID 20256
068.664 Deliver DATA 0, ID 20256
068.664 Slide RECV window, expect 1 next
068.664 Acked DATA 12, slide SEND window
068.664 Recv ACK  13
068.665 Acked DATA 13, slide SEND window
068.665 Send DATA 4 0, ID 10260
068.665 Send DATA 5 0, ID 10261
068.932 Recv DATA 1 14, ID 20257
068.932 Deliver DATA 1, ID 20257
068.932 Slide RECV window, expect 2 next
068.932 Acked DATA 14, slide SEND window
068.932 Send DATA 6 1, ID 10262
069.201 Recv DATA 2 14, ID 20258
069.201 Deliver DATA 2, ID 20258
069.201 Slide RECV window, expect 3 next
069.368 ---- ACK timeout
069.368 Send ACK  2
069.447 Recv DATA 3 15, ID 20259
069.447 Deliver DATA 3, ID 20259
069.447 Slide RECV window, expect 4 next
069.447 Acked DATA 15, slide SEND window
069.447 Send DATA 7 3, ID 10263
069.731 Recv DATA 4 0, ID 20260
069.731 Deliver DATA 4, ID 20260
069.731 Slide RECV window, expect 5 next
069.731 Acked DATA 0, slide SEND window
069.731 Send DATA 8 4, ID 10264
069.950 Recv DATA 5 1, ID 20261
069.950 Deliver DATA 5, ID 20261
069.950 Slide RECV window, expect 6 next
069.950 Acked DATA 1, slide SEND window
069.950 Send DATA 9 5, ID 10265
070.230 Recv DATA 6 2, ID 20262
070.230 Deliver DATA 6, ID 20262
070.230 Slide RECV window, expect 7 next
070.230 Acked DATA 2, slide SEND window
070.230 Send DATA 10 6, ID 10266
070.514 Recv DATA 7 3, ID 20263
070.514 Deliver DATA 7, ID 20263
070.514 .... 264 packets received, 7726 bps, 96.57%, Err 0 (0.0e+00)
070.514 Slide RECV window, expect 8 next
070.514 Acked DATA 3, slide SEND window
070.514 Send DATA 11 7, ID 10267
070.796 Recv DATA 8 4, ID 20264
070.797 Deliver DATA 8, ID 20264
070.797 Slide RECV window, expect 9 next
070.797 Acked DATA 4, slide SEND window
070.797 Send DATA 12 8, ID 10268
070.834 Recv ACK  5
070.834 Acked DATA 5, slide SEND window
070.834 Send DATA 13 8, ID 10269
071.047 Recv DATA 9 6, ID 20265
071.047 Deliver DATA 9, ID 20265
071.047 Slide RECV window, expect 10 next
071.047 Acked DATA 6, slide SEND window
071.047 Send DATA 14 9, ID 10270
071.330 Recv DATA 10 6, ID 20266
071.330 Deliver DATA 10, ID 20266
071.330 Slide RECV window, expect 11 next
071.499 ---- ACK timeout
071.499 Send ACK  10
071.547 Recv DATA 11 7, ID 20267
071.547 Deliver DATA 11, ID 20267
071.547 Slide RECV window, expect 12 next
071.547 Acked DATA 7, slide SEND window
071.548 Send DATA 15 11, ID 10271
071.841 Recv DATA 12 8, ID 20268
071.841 Deliver DATA 12, ID 20268
071.841 Slide RECV window, expect 13 next
071.841 Acked DATA 8, slide SEND window
071.841 Send DATA 0 12, ID 10272
072.101 Recv DATA 13 9, ID 20269
072.101 Deliver DATA 13, ID 20269
072.101 Slide RECV window, expect 14 next
072.101 Acked DATA 9, slide SEND window
072.102 Send DATA 1 13, ID 10273
072.366 Recv DATA 14 10, ID 20270
072.366 Deliver DATA 14, ID 20270
072.366 Slide RECV window, expect 15 next
072.366 Acked DATA 10, slide SEND window
072.366 Send DATA 2 14, ID 10274
072.633 Recv DATA 15 11, ID 20271
072.634 Deliver DATA 15, ID 20271
072.634 .... 272 packets received, 7726 bps, 96.58%, Err 0 (0.0e+00)
072.634 Slide RECV window, expect 0 next
072.634 Acked DATA 11, slide SEND window
072.634 Send DATA 3 15, ID 10275
072.901 Recv DATA 0 12, ID 20272
072.901 Deliver DATA 0, ID 20272
072.901 Slide RECV window, expect 1 next
072.901 Acked DATA 12, slide SEND window
072.902 Send DATA 4 0, ID 10276
072.949 Recv ACK  13
072.949 Acked DATA 13, slide SEND window
072.950 Send DATA 5 0, ID 10277
073.181 Recv DATA 1 14, ID 20273
073.181 Deliver DATA 1, ID 20273
073.181 Slide RECV window, expect 2 next
073.181 Acked DATA 14, slide SEND window
073.181 Send DATA 6 1, ID 10278
073.434 Recv DATA 2 14, ID 20274
073.434 Deliver DATA 2, ID 20274
073.434 Slide RECV window, expect 3 next
073.597 ---- ACK timeout
073.597 Send ACK  2
073.682 Recv DATA 3 15, ID 20275
073.682 Deliver DATA 3, ID 20275
073.682 Slide RECV window, expect 4 next
073.682 Acked DATA 15, slide SEND window
073.683 Send DATA 7 3, ID 10279
073.949 Recv DATA 4 0, ID 20276
073.949 Deliver DATA 4, ID 20276
073.949 Slide RECV window, expect 5 next
073.950 Acked DATA 0, slide SEND window
073.950 Send DATA 8 4, ID 10280
074.202 Recv DATA 5 1, ID 20277
074.202 Deliver DATA 5, ID 20277
074.202 Slide RECV window, expect 6 next
074.202 Acked DATA 1, slide SEND window
074.202 Send DATA 9 5, ID 10281
074.466 Recv DATA 6 2, ID 20278
074.466 Deliver DATA 6, ID 20278
074.466 Slide RECV window, expect 7 next
074.466 Acked DATA 2, slide SEND window
074.466 Send DATA 10 6, ID 10282
074.716 Recv DATA 7 3, ID 20279
074.716 Deliver DATA 7, ID 20279
074.716 .... 280 packets received, 7730 bps, 96.62%, Err 0 (0.0e+00)
074.716 Slide RECV window, expect 8 next
074.716 Acked DATA 3, slide SEND window
074.716 Send DATA 11 7, ID 10283
074.983 Recv DATA 8 4, ID 20280
074.983 Deliver DATA 8, ID 20280
074.983 Slide RECV window, expect 9 next
074.983 Acked DATA 4, slide SEND window
074.983 Send DATA 12 8, ID 10284
075.031 Recv ACK  5
075.031 Acked DATA 5, slide SEND window
075.031 Send DATA 13 8, ID 10285
075.249 Recv DATA 9 6, ID 20281
075.249 Deliver DATA 9, ID 20281
075.249 Slide RECV window, expect 10 next
075.249 Acked DATA 6, slide SEND window
075.414 ---- ACK timeout
075.414 Send ACK  9
075.414 Send DATA 14 9, ID 10286
075.514 Recv DATA 10 6, ID 20282
075.514 Deliver DATA 10, ID 20282
075.514 Slide RECV window, expect 11 next
075.681 ---- ACK timeout
075.681 Send ACK  10
075.797 Recv DATA 11 7, ID 20283
075.797 Deliver DATA 11, ID 20283
075.797 Slide RECV window, expect 12 next
075.797 Acked DATA 7, slide SEND window
075.797 Send DATA 15 11, ID 10287
076.083 Recv DATA 12 8, ID 20284
076.083 Deliver DATA 12, ID 20284
076.083 Slide RECV window, expect 13 next
076.083 Acked DATA 8, slide SEND window
076.084 Send DATA 0 12, ID 10288
076.333 Recv DATA 13 9, ID 20285
076.333 Deliver DATA 13, ID 20285
076.333 Slide RECV window, expect 14 next
076.333 Acked DATA 9, slide SEND window
076.333 Send DATA 1 13, ID 10289
076.582 Recv DATA 14 10, ID 20286
076.582 Deliver DATA 14, ID 20286
076.582 Slide RECV window, expect 15 next
076.582 Acked DATA 10, slide SEND window
076.582 Send DATA 2 14, ID 10290
076.864 Recv DATA 15 11, ID 20287
076.864 Deliver DATA 15, ID 20287
076.864 .... 288 packets received, 7727 bps, 96.59%, Err 0 (0.0e+00)
076.864 Slide RECV window, expect 0 next
076.864 Acked DATA 11, slide SEND window
076.864 Send DATA 3 15, ID 10291
077.114 Recv DATA 0 12, ID 20288
077.114 Deliver DATA 0, ID 20288
077.114 Slide RECV window, expect 1 next
077.125 Acked DATA 12, slide SEND window
077.125 Send DATA 4 0, ID 10292
077.400 Recv DATA 1 13, ID 20289
077.400 Deliver DATA 1, ID 20289
077.400 Slide RECV window, expect 2 next
077.400 Acked DATA 13, slide SEND window
077.400 Send DATA 5 1, ID 10293
077.647 Recv DATA 2 14, ID 20290
077.648 Deliver DATA 2, ID 20290
077.648 Slide RECV window, expect 3 next
077.648 Acked DATA 14, slide SEND window
077.648 Send DATA 6 2, ID 10294
077.913 Recv DATA 3 15, ID 20291
077.913 Deliver DATA 3, ID 20291
077.913 Slide RECV window, expect 4 next
077.913 Acked DATA 15, slide SEND window
077.914 Send DATA 7 3, ID 10295
078.185 Recv DATA 4 0, ID 20292
078.185 Deliver DATA 4, ID 20292
078.185 Slide RECV window, expect 5 next
078.186 Acked DATA 0, slide SEND window
078.186 Send DATA 8 4, ID 10296
078.447 Recv DATA 5 1, ID 20293
078.447 Deliver DATA 5, ID 20293
078.447 Slide RECV window, expect 6 next
078.447 Acked DATA 1, slide SEND window
078.447 Send DATA 9 5, ID 10297
078.718 Recv DATA 6 2, ID 20294
078.718 Deliver DATA 6, ID 20294
078.718 Slide RECV window, expect 7 next
078.718 Acked DATA 2, slide SEND window
078.719 Send DATA 10 6, ID 10298
078.980 Recv DATA 7 3, ID 20295
078.980 Deliver DATA 7, ID 20295
078.980 .... 296 packets received, 7728 bps, 96.59%, Err 0 (0.0e+00)
078.981 Slide RECV window, expect 8 next
078.981 Acked DATA 3, slide SEND window
078.981 Send DATA 11 7, ID 10299
079.215 Recv DATA 8 4, ID 20296
079.215 Deliver DATA 8, ID 20296
079.215 Slide RECV window, expect 9 next
079.215 Acked DATA 4, slide SEND window
079.215 Send DATA 12 8, ID 10300
079.501 Recv DATA 9 5, ID 20297
079.501 Deliver DATA 9, ID 20297
079.501 Slide RECV window, expect 10 next
079.501 Acked DATA 5, slide SEND window
079.501 Send DATA 13 9, ID 10301
079.768 Recv DATA 10 6, ID 20298
079.768 Deliver DATA 10, ID 20298
079.768 Slide RECV window, expect 11 next
079.768 Acked DATA 6, slide SEND window
079.768 Send DATA 14 10, ID 10302
080.032 Recv DATA 11 7, ID 20299
080.032 Deliver DATA 11, ID 20299
080.032 Slide RECV window, expect 12 next
080.032 Acked DATA 7, slide SEND window
080.032 Send DATA 15 11, ID 10303
080.284 Recv DATA 12 8, ID 20300
080.284 Deliver DATA 12, ID 20300
080.284 Slide RECV window, expect 13 next
080.284 Acked DATA 8, slide SEND window
080.285 Send DATA 0 12, ID 10304
080.533 Recv DATA 13 9, ID 20301
080.533 Deliver DATA 13, ID 20301
080.533 Slide RECV window, expect 14 next
080.533 Acked DATA 9, slide SEND window
080.533 Send DATA 1 13, ID 10305
080.815 Recv DATA 14 10, ID 20302
080.815 Deliver DATA 14, ID 20302
080.815 Slide RECV window, expect 15 next
080.815 Acked DATA 10, slide SEND window
080.815 Send DATA 2 14, ID 10306
081.101 Recv DATA 15 11, ID 20303
081.101 Deliver DATA 15, ID 20303
081.101 .... 304 packets received, 7728 bps, 96.59%, Err 0 (0.0e+00)
081.101 Slide RECV window, expect 0 next
081.101 Acked DATA 11, slide SEND window
081.101 Send DATA 3 15, ID 10307
081.348 Recv DATA 0 12, ID 20304
081.348 Deliver DATA 0, ID 20304
081.348 Slide RECV window, expect 1 next
081.348 Acked DATA 12, slide SEND window
081.348 Send DATA 4 0, ID 10308
081.582 Recv DATA 1 13, ID 20305
081.582 Deliver DATA 1, ID 20305
081.582 Slide RECV window, expect 2 next
081.582 Acked DATA 13, slide SEND window
081.582 Send DATA 5 1, ID 10309
081.865 Recv DATA 2 14, ID 20306
081.865 Deliver DATA 2, ID 20306
081.865 Slide RECV window, expect 3 next
081.865 Acked DATA 14, slide SEND window
081.865 Send DATA 6 2, ID 10310
082.130 Recv DATA 3 15, ID 20307
082.130 Deliver DATA 3, ID 20307
082.130 Slide RECV window, expect 4 next
082.130 Acked DATA 15, slide SEND window
082.130 Send DATA 7 3, ID 10311
082.417 Recv DATA 4 0, ID 20308
082.417 Deliver DATA 4, ID 20308
082.417 Slide RECV window, expect 5 next
082.417 Acked DATA 0, slide SEND window
082.417 Send DATA 8 4, ID 10312
082.668 Recv DATA 5 1, ID 20309
082.668 Deliver DATA 5, ID 20309
082.668 Slide RECV window, expect 6 next
082.668 Acked DATA 1, slide SEND window
082.668 Send DATA 9 5, ID 10313
082.915 Recv DATA 6 2, ID 20310
082.915 Deliver DATA 6, ID 20310
082.915 Slide RECV window, expect 7 next
082.916 Acked DATA 2, slide SEND window
082.916 Send DATA 10 6, ID 10314
083.184 Recv DATA 7 3, ID 20311
083.184 Deliver DATA 7, ID 20311
083.184 .... 312 packets received, 7731 bps, 96.64%, Err 0 (0.0e+00)
083.184 Slide RECV window, expect 8 next
083.184 Acked DATA 3, slide SEND window
083.184 Send DATA 11 7, ID 10315
083.481 Recv DATA 8 4, ID 20312
083.481 Deliver DATA 8, ID 20312
083.481 Slide RECV window, expect 9 next
083.481 Acked DATA 4, slide SEND window
083.481 Send DATA 12 8, ID 10316
083.716 Recv DATA 9 5, ID 20313
083.716 Deliver DATA 9, ID 20313
083.716 Slide RECV window, expect 10 next
083.716 Acked DATA 5, slide SEND window
083.716 Send DATA 13 9, ID 10317
083.980 Recv DATA 10 6, ID 20314
083.981 Deliver DATA 10, ID 20314
083.981 Slide RECV window, expect 11 next
083.981 Acked DATA 6, slide SEND window
083.981 Send DATA 14 10, ID 10318
084.265 Recv DATA 11 7, ID 20315
084.265 Deliver DATA 11, ID 20315
084.265 Slide RECV window, expect 12 next
084.265 Acked DATA 7, slide SEND window
084.266 Send DATA 15 11, ID 10319
084.532 Recv DATA 12 8, ID 20316
084.532 Deliver DATA 12, ID 20316
084.532 Slide RECV window, expect 13 next
084.532 Acked DATA 8, slide SEND window
084.532 Send DATA 0 12, ID 10320
084.815 Recv DATA 13 9, ID 20317
084.815 Deliver DATA 13, ID 20317
084.815 Slide RECV window, expect 14 next
084.815 Acked DATA 9, slide SEND window
084.815 Send DATA 1 13, ID 10321
085.080 Recv DATA 14 10, ID 20318
085.081 Deliver DATA 14, ID 20318
085.081 Slide RECV window, expect 15 next
085.081 Acked DATA 10, slide SEND window
085.081 Send DATA 2 14, ID 10322
085.300 Recv DATA 15 11, ID 20319
085.300 Deliver DATA 15, ID 20319
085.300 .... 320 packets received, 7731 bps, 96.64%, Err 0 (0.0e+00)
085.300 Slide RECV window, expect 0 next
085.300 Acked DATA 11, slide SEND window
085.300 Send DATA 3 15, ID 10323
085.582 Recv DATA 0 12, ID 20320
085.582 Deliver DATA 0, ID 20320
085.582 Slide RECV window, expect 1 next
085.582 Acked DATA 12, slide SEND window
085.582 Send DATA 4 0, ID 10324
085.832 Recv DATA 1 13, ID 20321
085.832 Deliver DATA 1, ID 20321
085.832 Slide RECV window, expect 2 next
085.832 Acked DATA 13, slide SEND window
085.832 Send DATA 5 1, ID 10325
086.115 Recv DATA 2 14, ID 20322
086.115 Deliver DATA 2, ID 20322
086.115 Slide RECV window, expect 3 next
086.115 Acked DATA 14, slide SEND window
086.115 Send DATA 6 2, ID 10326
086.398 Recv DATA 3 15, ID 20323
086.398 Deliver DATA 3, ID 20323
086.398 Slide RECV window, expect 4 next
086.398 Acked DATA 15, slide SEND window
086.399 Send DATA 7 3, ID 10327
086.631 Recv DATA 4 0, ID 20324
086.631 Deliver DATA 4, ID 20324
086.631 Slide RECV window, expect 5 next
086.631 Acked DATA 0, slide SEND window
086.631 Send DATA 8 4, ID 10328
086.900 Recv DATA 5 1, ID 20325
086.900 Deliver DATA 5, ID 20325
086.901 Slide RECV window, expect 6 next
086.901 Acked DATA 1, slide SEND window
086.901 Send DATA 9 5, ID 10329
087.147 Recv DATA 6 2, ID 20326
087.147 Deliver DATA 6, ID 20326
087.148 Slide RECV window, expect 7 next
087.148 Acked DATA 2, slide SEND window
087.148 Send DATA 10 6, ID 10330
087.401 Recv DATA 7 3, ID 20327
087.401 Deliver DATA 7, ID 20327
087.401 .... 328 packets received, 7733 bps, 96.66%, Err 0 (0.0e+00)
087.401 Slide RECV window, expect 8 next
087.401 Acked DATA 3, slide SEND window
087.402 Send DATA 11 7, ID 10331
087.667 Recv DATA 8 4, ID 20328
087.667 Deliver DATA 8, ID 20328
087.667 Slide RECV window, expect 9 next
087.668 Acked DATA 4, slide SEND window
087.668 Send DATA 12 8, ID 10332
087.933 Recv DATA 9 5, ID 20329
087.933 Deliver DATA 9, ID 20329
087.933 Slide RECV window, expect 10 next
087.933 Acked DATA 5, slide SEND window
087.933 Send DATA 13 9, ID 10333
088.198 Recv DATA 10 6, ID 20330
088.198 Deliver DATA 10, ID 20330
088.198 Slide RECV window, expect 11 next
088.199 Acked DATA 6, slide SEND window
088.199 Send DATA 14 10, ID 10334
088.451 Recv DATA 11 7, ID 20331
088.451 Deliver DATA 11, ID 20331
088.451 Slide RECV window, expect 12 next
088.451 Acked DATA 7, slide SEND window
088.452 Send DATA 15 11, ID 10335
088.735 Recv DATA 12 8, ID 20332
088.735 Deliver DATA 12, ID 20332
088.735 Slide RECV window, expect 13 next
088.735 Acked DATA 8, slide SEND window
088.735 Send DATA 0 12, ID 10336
089.031 Recv DATA 13 9, ID 20333
089.031 Deliver DATA 13, ID 20333
089.031 Slide RECV window, expect 14 next
089.031 Acked DATA 9, slide SEND window
089.031 Send DATA 1 13, ID 10337
089.279 Recv DATA 14 10, ID 20334
089.279 Deliver DATA 14, ID 20334
089.279 Slide RECV window, expect 15 next
089.279 Acked DATA 10, slide SEND window
089.279 Send DATA 2 14, ID 10338
089.516 Recv DATA 15 11, ID 20335
089.516 Deliver DATA 15, ID 20335
089.516 .... 336 packets received, 7733 bps, 96.66%, Err 0 (0.0e+00)
089.517 Slide RECV window, expect 0 next
089.517 Acked DATA 11, slide SEND window
089.517 Send DATA 3 15, ID 10339
089.782 Recv DATA 0 12, ID 20336
089.782 Deliver DATA 0, ID 20336
089.782 Slide RECV window, expect 1 next
089.782 Acked DATA 12, slide SEND window
089.782 Send DATA 4 0, ID 10340
090.031 Recv DATA 1 13, ID 20337
090.031 Deliver DATA 1, ID 20337
090.031 Slide RECV window, expect 2 next
090.031 Acked DATA 13, slide SEND window
090.032 Send DATA 5 1, ID 10341
090.314 Recv DATA 2 14, ID 20338
090.314 Deliver DATA 2, ID 20338
090.314 Slide RECV window, expect 3 next
090.314 Acked DATA 14, slide SEND window
090.314 Send DATA 6 2, ID 10342
090.597 Recv DATA 3 15, ID 20339
090.597 Deliver DATA 3, ID 20339
090.597 Slide RECV window, expect 4 next
090.597 Acked DATA 15, slide SEND window
090.597 Send DATA 7 3, ID 10343
090.847 Recv DATA 4 0, ID 20340
090.847 Deliver DATA 4, ID 20340
090.847 Slide RECV window, expect 5 next
090.847 Acked DATA 0, slide SEND window
090.847 Send DATA 8 4, ID 10344
091.132 Recv DATA 5 1, ID 20341
091.132 Deliver DATA 5, ID 20341
091.132 Slide RECV window, expect 6 next
091.132 Acked DATA 1, slide SEND window
091.132 Send DATA 9 5, ID 10345
091.363 Recv DATA 6 2, ID 20342
091.363 Deliver DATA 6, ID 20342
091.363 Slide RECV window, expect 7 next
091.363 Acked DATA 2, slide SEND window
091.364 Send DATA 10 6, ID 10346
091.651 Recv DATA 7 3, ID 20343
091.651 Deliver DATA 7, ID 20343
091.651 .... 344 packets received, 7732 bps, 96.65%, Err 0 (0.0e+00)
091.651 Slide RECV window, expect 8 next
091.651 Acked DATA 3, slide SEND window
091.651 Send DATA 11 7, ID 10347
091.913 Recv DATA 8 4, ID 20344
091.913 Deliver DATA 8, ID 20344
091.914 Slide RECV window, expect 9 next
091.914 Acked DATA 4, slide SEND window
091.914 Send DATA 12 8, ID 10348
092.178 Recv DATA 9 5, ID 20345
092.178 Deliver DATA 9, ID 20345
092.178 Slide RECV window, expect 10 next
092.178 Acked DATA 5, slide SEND window
092.179 Send DATA 13 9, ID 10349
092.448 Recv DATA 10 6, ID 20346
092.448 Deliver DATA 10, ID 20346
092.448 Slide RECV window, expect 11 next
092.448 Acked DATA 6, slide SEND window
092.448 Send DATA 14 10, ID 10350
092.684 Recv DATA 11 7, ID 20347
092.684 Deliver DATA 11, ID 20347
092.684 Slide RECV window, expect 12 next
092.684 Acked DATA 7, slide SEND window
092.684 Send DATA 15 11, ID 10351
092.982 Recv DATA 12 8, ID 20348
092.982 Deliver DATA 12, ID 20348
092.982 Slide RECV window, expect 13 next
092.982 Acked DATA 8, slide SEND window
092.982 Send DATA 0 12, ID 10352
093.231 Recv DATA 13 9, ID 20349
093.232 Deliver DATA 13, ID 20349
093.232 Slide RECV window, expect 14 next
093.232 Acked DATA 9, slide SEND window
093.232 Send DATA 1 13, ID 10353
093.467 Recv DATA 14 10, ID 20350
093.467 Deliver DATA 14, ID 20350
093.467 Slide RECV window, expect 15 next
093.467 Acked DATA 10, slide SEND window
093.468 Send DATA 2 14, ID 10354
093.748 Recv DATA 15 11, ID 20351
093.748 Deliver DATA 15, ID 20351
093.748 .... 352 packets received, 7734 bps, 96.67%, Err 0 (0.0e+00)
093.748 Slide RECV window, expect 0 next
093.748 Acked DATA 11, slide SEND window
093.748 Send DATA 3 15, ID 10355
093.999 Recv DATA 0 12, ID 20352
093.999 Deliver DATA 0, ID 20352
093.999 Slide RECV window, expect 1 next
093.999 Acked DATA 12, slide SEND window
093.999 Send DATA 4 0, ID 10356
094.266 Recv DATA 1 13, ID 20353
094.266 Deliver DATA 1, ID 20353
094.266 Slide RECV window, expect 2 next
094.277 Acked DATA 13, slide SEND window
094.277 Send DATA 5 1, ID 10357
094.547 Recv DATA 2 14, ID 20354
094.547 Deliver DATA 2, ID 20354
094.547 Slide RECV window, expect 3 next
094.547 Acked DATA 14, slide SEND window
094.547 Send DATA 6 2, ID 10358
094.846 Recv DATA 3 15, ID 20355
094.846 Deliver DATA 3, ID 20355
094.846 Slide RECV window, expect 4 next
094.846 Acked DATA 15, slide SEND window
094.846 Send DATA 7 3, ID 10359
095.082 Recv DATA 4 0, ID 20356
095.082 Deliver DATA 4, ID 20356
095.082 Slide RECV window, expect 5 next
095.082 Acked DATA 0, slide SEND window
095.082 Send DATA 8 4, ID 10360
095.332 Recv DATA 5 1, ID 20357
095.332 Deliver DATA 5, ID 20357
095.332 Slide RECV window, expect 6 next
095.332 Acked DATA 1, slide SEND window
095.332 Send DATA 9 5, ID 10361
095.599 Recv DATA 6 2, ID 20358
095.599 Deliver DATA 6, ID 20358
095.599 Slide RECV window, expect 7 next
095.600 Acked DATA 2, slide SEND window
095.600 Send DATA 10 6, ID 10362
095.865 Recv DATA 7 3, ID 20359
095.865 Deliver DATA 7, ID 20359
095.865 .... 360 packets received, 7734 bps, 96.67%, Err 0 (0.0e+00)
095.865 Slide RECV window, expect 8 next
095.865 Acked DATA 3, slide SEND window
095.865 Send DATA 11 7, ID 10363
096.131 Recv DATA 8 4, ID 20360
096.131 Deliver DATA 8, ID 20360
096.131 Slide RECV window, expect 9 next
096.131 Acked DATA 4, slide SEND window
096.131 Send DATA 12 8, ID 10364
096.414 Recv DATA 9 5, ID 20361
096.414 Deliver DATA 9, ID 20361
096.414 Slide RECV window, expect 10 next
096.414 Acked DATA 5, slide SEND window
096.415 Send DATA 13 9, ID 10365
096.678 Recv DATA 10 6, ID 20362
096.678 Deliver DATA 10, ID 20362
096.678 Slide RECV window, expect 11 next
096.678 Acked DATA 6, slide SEND window
096.679 Send DATA 14 10, ID 10366
096.915 Recv DATA 11 7, ID 20363
096.915 Deliver DATA 11, ID 20363
096.915 Slide RECV window, expect 12 next
096.916 Acked DATA 7, slide SEND window
096.916 Send DATA 15 11, ID 10367
097.166 Recv DATA 12 8, ID 20364
097.166 Deliver DATA 12, ID 20364
097.166 Slide RECV window, expect 13 next
097.166 Acked DATA 8, slide SEND window
097.167 Send DATA 0 12, ID 10368
097.434 Recv DATA 13 9, ID 20365
097.434 Deliver DATA 13, ID 20365
097.434 Slide RECV window, expect 14 next
097.434 Acked DATA 9, slide SEND window
097.434 Send DATA 1 13, ID 10369
097.698 Recv DATA 14 10, ID 20366
097.698 Deliver DATA 14, ID 20366
097.698 Slide RECV window, expect 15 next
097.698 Acked DATA 10, slide SEND window
097.698 Send DATA 2 14, ID 10370
097.963 Recv DATA 15 11, ID 20367
097.963 Deliver DATA 15, ID 20367
097.963 .... 368 packets received, 7735 bps, 96.69%, Err 0 (0.0e+00)
097.963 Slide RECV window, expect 0 next
097.963 Acked DATA 11, slide SEND window
097.963 Send DATA 3 15, ID 10371
098.232 Recv DATA 0 12, ID 20368
098.232 Deliver DATA 0, ID 20368
098.232 Slide RECV window, expect 1 next
098.232 Acked DATA 12, slide SEND window
098.232 Send DATA 4 0, ID 10372
098.481 Recv DATA 1 13, ID 20369
098.481 Deliver DATA 1, ID 20369
098.481 Slide RECV window, expect 2 next
098.481 Acked DATA 13, slide SEND window
098.482 Send DATA 5 1, ID 10373
098.765 Recv DATA 2 14, ID 20370
098.765 Deliver DATA 2, ID 20370
098.765 Slide RECV window, expect 3 next
098.765 Acked DATA 14, slide SEND window
098.765 Send DATA 6 2, ID 10374
099.031 Recv DATA 3 15, ID 20371
099.031 Deliver DATA 3, ID 20371
099.031 Slide RECV window, expect 4 next
099.031 Acked DATA 15, slide SEND window
099.031 Send DATA 7 3, ID 10375
099.300 Recv DATA 4 0, ID 20372
099.300 Deliver DATA 4, ID 20372
099.300 Slide RECV window, expect 5 next
099.300 Acked DATA 0, slide SEND window
099.300 Send DATA 8 4, ID 10376
099.568 Recv DATA 5 1, ID 20373
099.568 Deliver DATA 5, ID 20373
099.568 Slide RECV window, expect 6 next
099.568 Acked DATA 1, slide SEND window
099.569 Send DATA 9 5, ID 10377
099.815 Recv DATA 6 2, ID 20374
099.815 Deliver DATA 6, ID 20374
099.815 Slide RECV window, expect 7 next
099.815 Acked DATA 2, slide SEND window
099.816 Send DATA 10 6, ID 10378
100.083 Recv DATA 7 3, ID 20375
100.083 Deliver DATA 7, ID 20375
100.083 .... 376 packets received, 7735 bps, 96.69%, Err 0 (0.0e+00)
100.094 Slide RECV window, expect 8 next
100.094 Acked DATA 3, slide SEND window
100.094 Send DATA 11 7, ID 10379
100.365 Recv DATA 8 4, ID 20376
100.365 Deliver DATA 8, ID 20376
100.365 Slide RECV window, expect 9 next
100.365 Acked DATA 4, slide SEND window
100.365 Send DATA 12 8, ID 10380
100.648 Recv DATA 9 5, ID 20377
100.648 Deliver DATA 9, ID 20377
100.648 Slide RECV window, expect 10 next
100.648 Acked DATA 5, slide SEND window
100.648 Send DATA 13 9, ID 10381
100.882 Recv DATA 10 6, ID 20378
100.882 Deliver DATA 10, ID 20378
100.883 Slide RECV window, expect 11 next
100.883 Acked DATA 6, slide SEND window
100.883 Send DATA 14 10, ID 10382
101.147 Recv DATA 11 7, ID 20379
101.147 Deliver DATA 11, ID 20379
101.147 Slide RECV window, expect 12 next
101.147 Acked DATA 7, slide SEND window
101.147 Send DATA 15 11, ID 10383
101.430 Recv DATA 12 8, ID 20380
101.430 Deliver DATA 12, ID 20380
101.430 Slide RECV window, expect 13 next
101.430 Acked DATA 8, slide SEND window
101.430 Send DATA 0 12, ID 10384
101.714 Recv DATA 13 9, ID 20381
101.714 Deliver DATA 13, ID 20381
101.714 Slide RECV window, expect 14 next
101.714 Acked DATA 9, slide SEND window
101.714 Send DATA 1 13, ID 10385
101.914 Recv DATA 14 10, ID 20382
101.914 Deliver DATA 14, ID 20382
101.915 Slide RECV window, expect 15 next
101.915 Acked DATA 10, slide SEND window
101.915 Send DATA 2 14, ID 10386
102.196 Recv DATA 15 11, ID 20383
102.197 Deliver DATA 15, ID 20383
102.197 .... 384 packets received, 7736 bps, 96.69%, Err 0 (0.0e+00)
102.197 Slide RECV window, expect 0 next
102.197 Acked DATA 11, slide SEND window
102.197 Send DATA 3 15, ID 10387
102.466 Recv DATA 0 12, ID 20384
102.466 Deliver DATA 0, ID 20384
102.466 Slide RECV window, expect 1 next
102.466 Acked DATA 12, slide SEND window
102.466 Send DATA 4 0, ID 10388
102.735 Recv DATA 1 13, ID 20385
102.735 Deliver DATA 1, ID 20385
102.735 Slide RECV window, expect 2 next
102.735 Acked DATA 13, slide SEND window
102.735 Send DATA 5 1, ID 10389
102.997 Recv DATA 2 14, ID 20386
102.997 Deliver DATA 2, ID 20386
102.997 Slide RECV window, expect 3 next
102.997 Acked DATA 14, slide SEND window
102.997 Send DATA 6 2, ID 10390
103.268 Recv DATA 3 15, ID 20387
103.268 Deliver DATA 3, ID 20387
103.268 Slide RECV window, expect 4 next
103.268 Acked DATA 15, slide SEND window
103.268 Send DATA 7 3, ID 10391
103.533 Recv DATA 4 0, ID 20388
103.533 Deliver DATA 4, ID 20388
103.533 Slide RECV window, expect 5 next
103.533 Acked DATA 0, slide SEND window
103.534 Send DATA 8 4, ID 10392
103.781 Recv DATA 5 1, ID 20389
103.781 Deliver DATA 5, ID 20389
103.781 Slide RECV window, expect 6 next
103.781 Acked DATA 1, slide SEND window
103.781 Send DATA 9 5, ID 10393
104.029 Recv DATA 6 2, ID 20390
104.029 Deliver DATA 6, ID 20390
104.029 Slide RECV window, expect 7 next
104.030 Acked DATA 2, slide SEND window
104.030 Send DATA 10 6, ID 10394
104.315 Recv DATA 7 3, ID 20391
104.315 Deliver DATA 7, ID 20391
104.315 .... 392 packets received, 7736 bps, 96.69%, Err 0 (0.0e+00)
104.316 Slide RECV window, expect 8 next
104.316 Acked DATA 3, slide SEND window
104.316 Send DATA 11 7, ID 10395
104.565 Recv DATA 8 4, ID 20392
104.565 Deliver DATA 8, ID 20392
104.565 Slide RECV window, expect 9 next
104.565 Acked DATA 4, slide SEND window
104.565 Send DATA 12 8, ID 10396
104.848 Recv DATA 9 5, ID 20393
104.848 Deliver DATA 9, ID 20393
104.848 Slide RECV window, expect 10 next
104.848 Acked DATA 5, slide SEND window
104.848 Send DATA 13 9, ID 10397
105.116 Recv DATA 10 6, ID 20394
105.116 Deliver DATA 10, ID 20394
105.116 Slide RECV window, expect 11 next
105.116 Acked DATA 6, slide SEND window
105.116 Send DATA 14 10, ID 10398
105.363 Recv DATA 11 7, ID 20395
105.363 Deliver DATA 11, ID 20395
105.363 Slide RECV window, expect 12 next
105.363 Acked DATA 7, slide SEND window
105.363 Send DATA 15 11, ID 10399
105.631 Recv DATA 12 8, ID 20396
105.631 Deliver DATA 12, ID 20396
105.631 Slide RECV window, expect 13 next
105.631 Acked DATA 8, slide SEND window
105.631 Send DATA 0 12, ID 10400
105.882 Recv DATA 13 9, ID 20397
105.882 Deliver DATA 13, ID 20397
105.883 Slide RECV window, expect 14 next
105.883 Acked DATA 9, slide SEND window
105.883 Send DATA 1 13, ID 10401
106.149 Recv DATA 14 10, ID 20398
106.149 Deliver DATA 14, ID 20398
106.149 Slide RECV window, expect 15 next
106.149 Acked DATA 10, slide SEND window
106.149 Send DATA 2 14, ID 10402
106.430 Recv DATA 15 11, ID 20399
106.430 Deliver DATA 15, ID 20399
106.430 .... 400 packets received, 7736 bps, 96.70%, Err 0 (0.0e+00)
106.430 Slide RECV window, expect 0 next
106.430 Acked DATA 11, slide SEND window
106.430 Send DATA 3 15, ID 10403
106.681 Recv DATA 0 12, ID 20400
106.681 Deliver DATA 0, ID 20400
106.681 Slide RECV window, expect 1 next
106.681 Acked DATA 12, slide SEND window
106.681 Send DATA 4 0, ID 10404
106.948 Recv DATA 1 13, ID 20401
106.948 Deliver DATA 1, ID 20401
106.948 Slide RECV window, expect 2 next
106.948 Acked DATA 13, slide SEND window
106.948 Send DATA 5 1, ID 10405
107.198 Recv DATA 2 14, ID 20402
107.198 Deliver DATA 2, ID 20402
107.198 Slide RECV window, expect 3 next
107.198 Acked DATA 14, slide SEND window
107.198 Send DATA 6 2, ID 10406
107.465 Recv DATA 3 15, ID 20403
107.465 Deliver DATA 3, ID 20403
107.465 Slide RECV window, expect 4 next
107.465 Acked DATA 15, slide SEND window
107.465 Send DATA 7 3, ID 10407
107.731 Recv DATA 4 0, ID 20404
107.731 Deliver DATA 4, ID 20404
107.731 Slide RECV window, expect 5 next
107.731 Acked DATA 0, slide SEND window
107.732 Send DATA 8 4, ID 10408
108.001 Recv DATA 5 1, ID 20405
108.001 Deliver DATA 5, ID 20405
108.001 Slide RECV window, expect 6 next
108.001 Acked DATA 1, slide SEND window
108.001 Send DATA 9 5, ID 10409
108.282 Recv DATA 6 2, ID 20406
108.282 Deliver DATA 6, ID 20406
108.282 Slide RECV window, expect 7 next
108.282 Acked DATA 2, slide SEND window
108.282 Send DATA 10 6, ID 10410
108.530 Recv DATA 7 3, ID 20407
108.530 Deliver DATA 7, ID 20407
108.530 .... 408 packets received, 7737 bps, 96.71%, Err 0 (0.0e+00)
108.530 Slide RECV window, expect 8 next
108.530 Acked DATA 3, slide SEND window
108.531 Send DATA 11 7, ID 10411
108.802 Recv DATA 8 4, ID 20408
108.802 Deliver DATA 8, ID 20408
108.802 Slide RECV window, expect 9 next
108.802 Acked DATA 4, slide SEND window
108.802 Send DATA 12 8, ID 10412
109.084 Recv DATA 9 5, ID 20409
109.084 Deliver DATA 9, ID 20409
109.084 Slide RECV window, expect 10 next
109.084 Acked DATA 5, slide SEND window
109.084 Send DATA 13 9, ID 10413
109.332 Recv DATA 10 6, ID 20410
109.332 Deliver DATA 10, ID 20410
109.332 Slide RECV window, expect 11 next
109.332 Acked DATA 6, slide SEND window
109.332 Send DATA 14 10, ID 10414
109.581 Recv DATA 11 7, ID 20411
109.581 Deliver DATA 11, ID 20411
109.581 Slide RECV window, expect 12 next
109.581 Acked DATA 7, slide SEND window
109.582 Send DATA 15 11, ID 10415
109.880 Recv DATA 12 8, ID 20412
109.880 Deliver DATA 12, ID 20412
109.880 Slide RECV window, expect 13 next
109.880 Acked DATA 8, slide SEND window
109.880 Send DATA 0 12, ID 10416
110.097 Recv DATA 13 9, ID 20413
110.097 Deliver DATA 13, ID 20413
110.097 Slide RECV window, expect 14 next
110.097 Acked DATA 9, slide SEND window
110.097 Send DATA 1 13, ID 10417
110.365 Recv DATA 14 10, ID 20414
110.365 Deliver DATA 14, ID 20414
110.365 Slide RECV window, expect 15 next
110.365 Acked DATA 10, slide SEND window
110.366 Send DATA 2 14, ID 10418
110.663 Recv DATA 15 11, ID 20415
110.664 Deliver DATA 15, ID 20415
110.664 .... 416 packets received, 7736 bps, 96.70%, Err 0 (0.0e+00)
110.664 Slide RECV window, expect 0 next
110.664 Acked DATA 11, slide SEND window
110.664 Send DATA 3 15, ID 10419
110.914 Recv DATA 0 12, ID 20416
110.914 Deliver DATA 0, ID 20416
110.915 Slide RECV window, expect 1 next
110.915 Acked DATA 12, slide SEND window
110.915 Send DATA 4 0, ID 10420
111.198 Recv DATA 1 13, ID 20417
111.198 Deliver DATA 1, ID 20417
111.198 Slide RECV window, expect 2 next
111.198 Acked DATA 13, slide SEND window
111.198 Send DATA 5 1, ID 10421
111.466 Recv DATA 2 14, ID 20418
111.466 Deliver DATA 2, ID 20418
111.466 Slide RECV window, expect 3 next
111.468 Acked DATA 14, slide SEND window
111.468 Send DATA 6 2, ID 10422
111.717 Recv DATA 3 15, ID 20419
111.717 Deliver DATA 3, ID 20419
111.717 Slide RECV window, expect 4 next
111.717 Acked DATA 15, slide SEND window
111.717 Send DATA 7 3, ID 10423
111.967 Recv DATA 4 0, ID 20420
111.967 Deliver DATA 4, ID 20420
111.967 Slide RECV window, expect 5 next
111.967 Acked DATA 0, slide SEND window
111.967 Send DATA 8 4, ID 10424
112.212 Recv DATA 5 1, ID 20421
112.212 Deliver DATA 5, ID 20421
112.212 Slide RECV window, expect 6 next
112.212 Acked DATA 1, slide SEND window
112.212 Send DATA 9 5, ID 10425
112.483 Recv DATA 6 2, ID 20422
112.483 Deliver DATA 6, ID 20422
112.483 Slide RECV window, expect 7 next
112.483 Acked DATA 2, slide SEND window
112.483 Send DATA 10 6, ID 10426
112.764 Recv DATA 7 3, ID 20423
112.764 Deliver DATA 7, ID 20423
112.765 .... 424 packets received, 7737 bps, 96.71%, Err 0 (0.0e+00)
112.765 Slide RECV window, expect 8 next
112.765 Acked DATA 3, slide SEND window
112.765 Send DATA 11 7, ID 10427
113.018 Recv DATA 8 4, ID 20424
113.018 Deliver DATA 8, ID 20424
113.018 Slide RECV window, expect 9 next
113.018 Acked DATA 4, slide SEND window
113.018 Send DATA 12 8, ID 10428
113.283 Recv DATA 9 5, ID 20425
113.283 Deliver DATA 9, ID 20425
113.283 Slide RECV window, expect 10 next
113.283 Acked DATA 5, slide SEND window
113.283 Send DATA 13 9, ID 10429
113.547 Recv DATA 10 6, ID 20426
113.547 Deliver DATA 10, ID 20426
113.547 Slide RECV window, expect 11 next
113.547 Acked DATA 6, slide SEND window
113.547 Send DATA 14 10, ID 10430
113.796 Recv DATA 11 7, ID 20427
113.796 Deliver DATA 11, ID 20427
113.796 Slide RECV window, expect 12 next
113.796 Acked DATA 7, slide SEND window
113.796 Send DATA 15 11, ID 10431
114.065 Recv DATA 12 8, ID 20428
114.066 Deliver DATA 12, ID 20428
114.066 Slide RECV window, expect 13 next
114.066 Acked DATA 8, slide SEND window
114.066 Send DATA 0 12, ID 10432
114.381 Recv DATA 13 9, ID 20429
114.381 Deliver DATA 13, ID 20429
114.381 Slide RECV window, expect 14 next
114.381 Acked DATA 9, slide SEND window
114.381 Send DATA 1 13, ID 10433
114.615 Recv DATA 14 10, ID 20430
114.615 Deliver DATA 14, ID 20430
114.615 Slide RECV window, expect 15 next
114.615 Acked DATA 10, slide SEND window
114.615 Send DATA 2 14, ID 10434
114.865 Recv DATA 15 11, ID 20431
114.865 Deliver DATA 15, ID 20431
114.865 .... 432 packets received, 7738 bps, 96.73%, Err 0 (0.0e+00)
114.865 Slide RECV window, expect 0 next
114.865 Acked DATA 11, slide SEND window
114.865 Send DATA 3 15, ID 10435
115.129 Recv DATA 0 12, ID 20432
115.129 Deliver DATA 0, ID 20432
115.129 Slide RECV window, expect 1 next
115.129 Acked DATA 12, slide SEND window
115.129 Send DATA 4 0, ID 10436
115.396 Recv DATA 1 13, ID 20433
115.396 Deliver DATA 1, ID 20433
115.396 Slide RECV window, expect 2 next
115.396 Acked DATA 13, slide SEND window
115.396 Send DATA 5 1, ID 10437
115.683 Recv DATA 2 14, ID 20434
115.683 Deliver DATA 2, ID 20434
115.683 Slide RECV window, expect 3 next
115.683 Acked DATA 14, slide SEND window
115.683 Send DATA 6 2, ID 10438
115.948 Recv DATA 3 15, ID 20435
115.948 Deliver DATA 3, ID 20435
115.948 Slide RECV window, expect 4 next
115.948 Acked DATA 15, slide SEND window
115.948 Send DATA 7 3, ID 10439
116.215 Recv DATA 4 0, ID 20436
116.215 Deliver DATA 4, ID 20436
116.215 Slide RECV window, expect 5 next
116.215 Acked DATA 0, slide SEND window
116.216 Send DATA 8 4, ID 10440
116.447 Recv DATA 5 1, ID 20437
116.447 Deliver DATA 5, ID 20437
116.447 Slide RECV window, expect 6 next
116.447 Acked DATA 1, slide SEND window
116.447 Send DATA 9 5, ID 10441
116.728 Recv DATA 6 2, ID 20438
116.728 Deliver DATA 6, ID 20438
116.728 Slide RECV window, expect 7 next
116.728 Acked DATA 2, slide SEND window
116.728 Send DATA 10 6, ID 10442
116.979 Recv DATA 7 3, ID 20439
116.979 Deliver DATA 7, ID 20439
116.979 .... 440 packets received, 7738 bps, 96.73%, Err 0 (0.0e+00)
116.979 Slide RECV window, expect 8 next
116.979 Acked DATA 3, slide SEND window
116.980 Send DATA 11 7, ID 10443
117.247 Recv DATA 8 4, ID 20440
117.258 Deliver DATA 8, ID 20440
117.258 Slide RECV window, expect 9 next
117.258 Acked DATA 4, slide SEND window
117.258 Send DATA 12 8, ID 10444
117.547 Recv DATA 9 5, ID 20441
117.547 Deliver DATA 9, ID 20441
117.548 Slide RECV window, expect 10 next
117.548 Acked DATA 5, slide SEND window
117.548 Send DATA 13 9, ID 10445
117.831 Recv DATA 10 6, ID 20442
117.831 Deliver DATA 10, ID 20442
117.831 Slide RECV window, expect 11 next
117.831 Acked DATA 6, slide SEND window
117.831 Send DATA 14 10, ID 10446
118.051 Recv DATA 11 7, ID 20443
118.051 Deliver DATA 11, ID 20443
118.051 Slide RECV window, expect 12 next
118.051 Acked DATA 7, slide SEND window
118.051 Send DATA 15 11, ID 10447
118.331 Recv DATA 12 8, ID 20444
118.331 Deliver DATA 12, ID 20444
118.331 Slide RECV window, expect 13 next
118.331 Acked DATA 8, slide SEND window
118.331 Send DATA 0 12, ID 10448
118.562 Recv DATA 13 9, ID 20445
118.562 Deliver DATA 13, ID 20445
118.562 Slide RECV window, expect 14 next
118.562 Acked DATA 9, slide SEND window
118.563 Send DATA 1 13, ID 10449
118.831 Recv DATA 14 10, ID 20446
118.831 Deliver DATA 14, ID 20446
118.831 Slide RECV window, expect 15 next
118.831 Acked DATA 10, slide SEND window
118.831 Send DATA 2 14, ID 10450
119.100 Recv DATA 15 11, ID 20447
119.100 Deliver DATA 15, ID 20447
119.100 .... 448 packets received, 7738 bps, 96.73%, Err 0 (0.0e+00)
119.101 Slide RECV window, expect 0 next
119.101 Acked DATA 11, slide SEND window
119.101 Send DATA 3 15, ID 10451
119.362 Recv DATA 0 12, ID 20448
119.363 Deliver DATA 0, ID 20448
119.363 Slide RECV window, expect 1 next
119.363 Acked DATA 12, slide SEND window
119.363 Send DATA 4 0, ID 10452
119.631 Recv DATA 1 13, ID 20449
119.631 Deliver DATA 1, ID 20449
119.631 Slide RECV window, expect 2 next
119.631 Acked DATA 13, slide SEND window
119.631 Send DATA 5 1, ID 10453
119.914 Recv DATA 2 14, ID 20450
119.914 Deliver DATA 2, ID 20450
119.914 Slide RECV window, expect 3 next
119.914 Acked DATA 14, slide SEND window
119.914 Send DATA 6 2, ID 10454
120.033 Quit.
