000.000 =============================================================
000.000                     Station B                               
000.000 -------------------------------------------------------------
000.000 Protocol.lib, version 4.0, jiangyanjun0718@bupt.edu.cn
000.000 Channel: 8000 bps, 270 ms propagation delay, bit error rate 0
000.000 Log file "C:\code\CN-Lab1-Windows-VS2017\docs\测试记录\4.3-ACK搭载定时器\ack-opt-dt2200-bg3-20260516-211648\04b-补充无误码校验-2min\supp-utopia-ack160-20260516-224656-B.log", TCP port 64002, debug mask 0x07
000.000 Station B is connecting station A (TCP port 64002) ... Done.
000.254 New epoch: Sat May 16 22:46:57 2026
000.254 =================================================================
000.254 
000.254 Designed by Jiang Yanjun, build: May 16 2026  21:17:03
000.254 Send DATA 0 15, ID 20000
000.254 Send DATA 1 15, ID 20001
000.254 Send DATA 2 15, ID 20002
000.815 Recv DATA 0 15, ID 10000
000.815 Deliver DATA 0, ID 10000
000.815 Slide RECV window, expect 1 next
000.815 Send DATA 3 0, ID 20003
000.815 Send DATA 4 0, ID 20004
000.815 Send DATA 5 0, ID 20005
001.101 Recv DATA 1 15, ID 10001
001.101 Deliver DATA 1, ID 10001
001.101 Slide RECV window, expect 2 next
001.101 Send DATA 6 1, ID 20006
001.316 Recv DATA 2 15, ID 10002
001.316 Deliver DATA 2, ID 10002
001.316 Slide RECV window, expect 3 next
001.482 ---- ACK timeout
001.482 Send ACK  2
001.483 Send DATA 7 2, ID 20007
001.587 Recv DATA 3 0, ID 10003
001.587 Deliver DATA 3, ID 10003
001.587 Slide RECV window, expect 4 next
001.587 Acked DATA 0, slide SEND window
001.749 ---- ACK timeout
001.749 Send ACK  3
001.749 Send DATA 8 3, ID 20008
001.852 Recv DATA 4 0, ID 10004
001.852 Deliver DATA 4, ID 10004
001.852 Slide RECV window, expect 5 next
002.016 ---- ACK timeout
002.016 Send ACK  4
002.150 Recv DATA 5 0, ID 10005
002.150 Deliver DATA 5, ID 10005
002.150 Slide RECV window, expect 6 next
002.334 ---- ACK timeout
002.334 Send ACK  5
002.433 Recv DATA 6 1, ID 10006
002.433 Deliver DATA 6, ID 10006
002.433 Slide RECV window, expect 7 next
002.433 Acked DATA 1, slide SEND window
002.433 Send DATA 9 6, ID 20009
002.667 Recv DATA 7 2, ID 10007
002.667 Deliver DATA 7, ID 10007
002.667 .... 8 packets received, 7610 bps, 95.12%, Err 0 (0.0e+00)
002.667 Slide RECV window, expect 8 next
002.667 Acked DATA 2, slide SEND window
002.668 Send DATA 10 7, ID 20010
002.936 Recv DATA 8 3, ID 10008
002.936 Deliver DATA 8, ID 10008
002.936 Slide RECV window, expect 9 next
002.936 Acked DATA 3, slide SEND window
002.936 Send DATA 11 8, ID 20011
002.966 Recv ACK  4
002.966 Acked DATA 4, slide SEND window
002.966 Send DATA 12 8, ID 20012
002.984 Recv ACK  5
002.984 Acked DATA 5, slide SEND window
002.984 Send DATA 13 8, ID 20013
003.197 Recv DATA 9 6, ID 10009
003.198 Deliver DATA 9, ID 10009
003.198 Slide RECV window, expect 10 next
003.198 Acked DATA 6, slide SEND window
003.365 ---- ACK timeout
003.365 Send ACK  9
003.365 Send DATA 14 9, ID 20014
003.485 Recv DATA 10 6, ID 10010
003.485 Deliver DATA 10, ID 10010
003.485 Slide RECV window, expect 11 next
003.653 ---- ACK timeout
003.653 Send ACK  10
003.749 Recv DATA 11 7, ID 10011
003.749 Deliver DATA 11, ID 10011
003.749 Slide RECV window, expect 12 next
003.749 Acked DATA 7, slide SEND window
003.749 Send DATA 15 11, ID 20015
003.985 Recv DATA 12 8, ID 10012
003.985 Deliver DATA 12, ID 10012
003.985 Slide RECV window, expect 13 next
003.985 Acked DATA 8, slide SEND window
003.985 Send DATA 0 12, ID 20016
004.252 Recv DATA 13 8, ID 10013
004.252 Deliver DATA 13, ID 10013
004.253 Slide RECV window, expect 14 next
004.416 ---- ACK timeout
004.416 Send ACK  13
004.552 Recv DATA 14 9, ID 10014
004.552 Deliver DATA 14, ID 10014
004.552 Slide RECV window, expect 15 next
004.552 Acked DATA 9, slide SEND window
004.552 Send DATA 1 14, ID 20017
004.769 Recv DATA 15 10, ID 10015
004.769 Deliver DATA 15, ID 10015
004.769 .... 16 packets received, 7701 bps, 96.26%, Err 0 (0.0e+00)
004.769 Slide RECV window, expect 0 next
004.769 Acked DATA 10, slide SEND window
004.769 Send DATA 2 15, ID 20018
005.034 Recv DATA 0 11, ID 10016
005.034 Deliver DATA 0, ID 10016
005.034 Slide RECV window, expect 1 next
005.034 Acked DATA 11, slide SEND window
005.035 Send DATA 3 0, ID 20019
005.103 Recv ACK  12
005.103 Acked DATA 12, slide SEND window
005.103 Send DATA 4 0, ID 20020
005.301 Recv DATA 1 13, ID 10017
005.301 Deliver DATA 1, ID 10017
005.301 Slide RECV window, expect 2 next
005.302 Acked DATA 13, slide SEND window
005.302 Send DATA 5 1, ID 20021
005.569 Recv DATA 2 14, ID 10018
005.569 Deliver DATA 2, ID 10018
005.569 Slide RECV window, expect 3 next
005.569 Acked DATA 14, slide SEND window
005.569 Send DATA 6 2, ID 20022
005.865 Recv DATA 3 15, ID 10019
005.865 Deliver DATA 3, ID 10019
005.865 Slide RECV window, expect 4 next
005.865 Acked DATA 15, slide SEND window
005.866 Send DATA 7 3, ID 20023
006.134 Recv DATA 4 0, ID 10020
006.134 Deliver DATA 4, ID 10020
006.134 Slide RECV window, expect 5 next
006.134 Acked DATA 0, slide SEND window
006.134 Send DATA 8 4, ID 20024
006.393 Recv DATA 5 0, ID 10021
006.393 Deliver DATA 5, ID 10021
006.393 Slide RECV window, expect 6 next
006.570 ---- ACK timeout
006.570 Send ACK  5
006.666 Recv DATA 6 1, ID 10022
006.666 Deliver DATA 6, ID 10022
006.666 Slide RECV window, expect 7 next
006.666 Acked DATA 1, slide SEND window
006.666 Send DATA 9 6, ID 20025
006.885 Recv DATA 7 2, ID 10023
006.885 Deliver DATA 7, ID 10023
006.885 .... 24 packets received, 7715 bps, 96.44%, Err 0 (0.0e+00)
006.885 Slide RECV window, expect 8 next
006.885 Acked DATA 2, slide SEND window
006.885 Send DATA 10 7, ID 20026
007.166 Recv DATA 8 3, ID 10024
007.166 Deliver DATA 8, ID 10024
007.166 Slide RECV window, expect 9 next
007.166 Acked DATA 3, slide SEND window
007.166 Send DATA 11 8, ID 20027
007.184 Recv ACK  4
007.184 Acked DATA 4, slide SEND window
007.184 Send DATA 12 8, ID 20028
007.432 Recv DATA 9 5, ID 10025
007.432 Deliver DATA 9, ID 10025
007.433 Slide RECV window, expect 10 next
007.433 Acked DATA 5, slide SEND window
007.433 Send DATA 13 9, ID 20029
007.703 Recv DATA 10 6, ID 10026
007.703 Deliver DATA 10, ID 10026
007.703 Slide RECV window, expect 11 next
007.703 Acked DATA 6, slide SEND window
007.704 Send DATA 14 10, ID 20030
007.949 Recv DATA 11 7, ID 10027
007.949 Deliver DATA 11, ID 10027
007.949 Slide RECV window, expect 12 next
007.949 Acked DATA 7, slide SEND window
007.950 Send DATA 15 11, ID 20031
008.238 Recv DATA 12 8, ID 10028
008.238 Deliver DATA 12, ID 10028
008.238 Slide RECV window, expect 13 next
008.238 Acked DATA 8, slide SEND window
008.239 Send DATA 0 12, ID 20032
008.483 Recv DATA 13 8, ID 10029
008.483 Deliver DATA 13, ID 10029
008.483 Slide RECV window, expect 14 next
008.666 ---- ACK timeout
008.666 Send ACK  13
008.753 Recv DATA 14 9, ID 10030
008.753 Deliver DATA 14, ID 10030
008.753 Slide RECV window, expect 15 next
008.753 Acked DATA 9, slide SEND window
008.753 Send DATA 1 14, ID 20033
009.016 Recv DATA 15 10, ID 10031
009.016 Deliver DATA 15, ID 10031
009.016 .... 32 packets received, 7708 bps, 96.35%, Err 0 (0.0e+00)
009.016 Slide RECV window, expect 0 next
009.016 Acked DATA 10, slide SEND window
009.016 Send DATA 2 15, ID 20034
009.286 Recv DATA 0 11, ID 10032
009.286 Deliver DATA 0, ID 10032
009.286 Slide RECV window, expect 1 next
009.286 Acked DATA 11, slide SEND window
009.286 Send DATA 3 0, ID 20035
009.316 Recv ACK  12
009.316 Acked DATA 12, slide SEND window
009.316 Send DATA 4 0, ID 20036
009.535 Recv DATA 1 13, ID 10033
009.535 Deliver DATA 1, ID 10033
009.535 Slide RECV window, expect 2 next
009.535 Acked DATA 13, slide SEND window
009.535 Send DATA 5 1, ID 20037
009.801 Recv DATA 2 14, ID 10034
009.801 Deliver DATA 2, ID 10034
009.801 Slide RECV window, expect 3 next
009.801 Acked DATA 14, slide SEND window
009.801 Send DATA 6 2, ID 20038
010.067 Recv DATA 3 15, ID 10035
010.067 Deliver DATA 3, ID 10035
010.067 Slide RECV window, expect 4 next
010.068 Acked DATA 15, slide SEND window
010.068 Send DATA 7 3, ID 20039
010.336 Recv DATA 4 0, ID 10036
010.336 Deliver DATA 4, ID 10036
010.336 Slide RECV window, expect 5 next
010.336 Acked DATA 0, slide SEND window
010.337 Send DATA 8 4, ID 20040
010.617 Recv DATA 5 0, ID 10037
010.617 Deliver DATA 5, ID 10037
010.617 Slide RECV window, expect 6 next
010.786 ---- ACK timeout
010.786 Send ACK  5
010.882 Recv DATA 6 1, ID 10038
010.882 Deliver DATA 6, ID 10038
010.882 Slide RECV window, expect 7 next
010.882 Acked DATA 1, slide SEND window
010.883 Send DATA 9 6, ID 20041
011.134 Recv DATA 7 2, ID 10039
011.134 Deliver DATA 7, ID 10039
011.134 .... 40 packets received, 7714 bps, 96.42%, Err 0 (0.0e+00)
011.134 Slide RECV window, expect 8 next
011.134 Acked DATA 2, slide SEND window
011.134 Send DATA 10 7, ID 20042
011.400 Recv DATA 8 3, ID 10040
011.411 Deliver DATA 8, ID 10040
011.411 Slide RECV window, expect 9 next
011.411 Acked DATA 3, slide SEND window
011.411 Send DATA 11 8, ID 20043
011.433 Recv ACK  4
011.433 Acked DATA 4, slide SEND window
011.433 Send DATA 12 8, ID 20044
011.688 Recv DATA 9 5, ID 10041
011.688 Deliver DATA 9, ID 10041
011.688 Slide RECV window, expect 10 next
011.688 Acked DATA 5, slide SEND window
011.688 Send DATA 13 9, ID 20045
011.937 Recv DATA 10 6, ID 10042
011.937 Deliver DATA 10, ID 10042
011.937 Slide RECV window, expect 11 next
011.937 Acked DATA 6, slide SEND window
011.937 Send DATA 14 10, ID 20046
012.216 Recv DATA 11 7, ID 10043
012.216 Deliver DATA 11, ID 10043
012.216 Slide RECV window, expect 12 next
012.216 Acked DATA 7, slide SEND window
012.216 Send DATA 15 11, ID 20047
012.485 Recv DATA 12 8, ID 10044
012.485 Deliver DATA 12, ID 10044
012.485 Slide RECV window, expect 13 next
012.485 Acked DATA 8, slide SEND window
012.485 Send DATA 0 12, ID 20048
012.752 Recv DATA 13 8, ID 10045
012.752 Deliver DATA 13, ID 10045
012.752 Slide RECV window, expect 14 next
012.918 ---- ACK timeout
012.918 Send ACK  13
013.000 Recv DATA 14 9, ID 10046
013.000 Deliver DATA 14, ID 10046
013.000 Slide RECV window, expect 15 next
013.000 Acked DATA 9, slide SEND window
013.000 Send DATA 1 14, ID 20049
013.267 Recv DATA 15 10, ID 10047
013.267 Deliver DATA 15, ID 10047
013.267 .... 48 packets received, 7709 bps, 96.36%, Err 0 (0.0e+00)
013.267 Slide RECV window, expect 0 next
013.267 Acked DATA 10, slide SEND window
013.268 Send DATA 2 15, ID 20050
013.515 Recv DATA 0 11, ID 10048
013.515 Deliver DATA 0, ID 10048
013.515 Slide RECV window, expect 1 next
013.515 Acked DATA 11, slide SEND window
013.515 Send DATA 3 0, ID 20051
013.552 Recv ACK  12
013.552 Acked DATA 12, slide SEND window
013.552 Send DATA 4 0, ID 20052
013.786 Recv DATA 1 13, ID 10049
013.786 Deliver DATA 1, ID 10049
013.786 Slide RECV window, expect 2 next
013.786 Acked DATA 13, slide SEND window
013.786 Send DATA 5 1, ID 20053
014.065 Recv DATA 2 14, ID 10050
014.065 Deliver DATA 2, ID 10050
014.065 Slide RECV window, expect 3 next
014.065 Acked DATA 14, slide SEND window
014.065 Send DATA 6 2, ID 20054
014.303 Recv DATA 3 15, ID 10051
014.303 Deliver DATA 3, ID 10051
014.303 Slide RECV window, expect 4 next
014.303 Acked DATA 15, slide SEND window
014.303 Send DATA 7 3, ID 20055
014.574 Recv DATA 4 0, ID 10052
014.574 Deliver DATA 4, ID 10052
014.574 Slide RECV window, expect 5 next
014.574 Acked DATA 0, slide SEND window
014.575 Send DATA 8 4, ID 20056
014.848 Recv DATA 5 0, ID 10053
014.848 Deliver DATA 5, ID 10053
014.848 Slide RECV window, expect 6 next
015.033 ---- ACK timeout
015.033 Send ACK  5
015.135 Recv DATA 6 1, ID 10054
015.135 Deliver DATA 6, ID 10054
015.135 Slide RECV window, expect 7 next
015.135 Acked DATA 1, slide SEND window
015.135 Send DATA 9 6, ID 20057
015.383 Recv DATA 7 2, ID 10055
015.383 Deliver DATA 7, ID 10055
015.383 .... 56 packets received, 7713 bps, 96.42%, Err 0 (0.0e+00)
015.383 Slide RECV window, expect 8 next
015.383 Acked DATA 2, slide SEND window
015.383 Send DATA 10 7, ID 20058
015.652 Recv DATA 8 3, ID 10056
015.652 Deliver DATA 8, ID 10056
015.652 Slide RECV window, expect 9 next
015.652 Acked DATA 3, slide SEND window
015.652 Send DATA 11 8, ID 20059
015.683 Recv ACK  4
015.683 Acked DATA 4, slide SEND window
015.683 Send DATA 12 8, ID 20060
015.919 Recv DATA 9 5, ID 10057
015.919 Deliver DATA 9, ID 10057
015.920 Slide RECV window, expect 10 next
015.920 Acked DATA 5, slide SEND window
015.920 Send DATA 13 9, ID 20061
016.170 Recv DATA 10 6, ID 10058
016.170 Deliver DATA 10, ID 10058
016.170 Slide RECV window, expect 11 next
016.170 Acked DATA 6, slide SEND window
016.170 Send DATA 14 10, ID 20062
016.451 Recv DATA 11 7, ID 10059
016.451 Deliver DATA 11, ID 10059
016.451 Slide RECV window, expect 12 next
016.451 Acked DATA 7, slide SEND window
016.451 Send DATA 15 11, ID 20063
016.734 Recv DATA 12 8, ID 10060
016.735 Deliver DATA 12, ID 10060
016.735 Slide RECV window, expect 13 next
016.735 Acked DATA 8, slide SEND window
016.736 Send DATA 0 12, ID 20064
016.984 Recv DATA 13 8, ID 10061
016.984 Deliver DATA 13, ID 10061
016.984 Slide RECV window, expect 14 next
017.149 ---- ACK timeout
017.149 Send ACK  13
017.233 Recv DATA 14 9, ID 10062
017.234 Deliver DATA 14, ID 10062
017.234 Slide RECV window, expect 15 next
017.234 Acked DATA 9, slide SEND window
017.234 Send DATA 1 14, ID 20065
017.500 Recv DATA 15 10, ID 10063
017.500 Deliver DATA 15, ID 10063
017.500 .... 64 packets received, 7716 bps, 96.46%, Err 0 (0.0e+00)
017.500 Slide RECV window, expect 0 next
017.500 Acked DATA 10, slide SEND window
017.500 Send DATA 2 15, ID 20066
017.769 Recv DATA 0 11, ID 10064
017.769 Deliver DATA 0, ID 10064
017.769 Slide RECV window, expect 1 next
017.769 Acked DATA 11, slide SEND window
017.769 Send DATA 3 0, ID 20067
017.816 Recv ACK  12
017.816 Acked DATA 12, slide SEND window
017.816 Send DATA 4 0, ID 20068
018.050 Recv DATA 1 13, ID 10065
018.050 Deliver DATA 1, ID 10065
018.050 Slide RECV window, expect 2 next
018.050 Acked DATA 13, slide SEND window
018.050 Send DATA 5 1, ID 20069
018.302 Recv DATA 2 14, ID 10066
018.302 Deliver DATA 2, ID 10066
018.302 Slide RECV window, expect 3 next
018.302 Acked DATA 14, slide SEND window
018.302 Send DATA 6 2, ID 20070
018.570 Recv DATA 3 15, ID 10067
018.570 Deliver DATA 3, ID 10067
018.570 Slide RECV window, expect 4 next
018.570 Acked DATA 15, slide SEND window
018.570 Send DATA 7 3, ID 20071
018.834 Recv DATA 4 0, ID 10068
018.834 Deliver DATA 4, ID 10068
018.834 Slide RECV window, expect 5 next
018.834 Acked DATA 0, slide SEND window
018.834 Send DATA 8 4, ID 20072
019.082 Recv DATA 5 0, ID 10069
019.082 Deliver DATA 5, ID 10069
019.082 Slide RECV window, expect 6 next
019.252 ---- ACK timeout
019.252 Send ACK  5
019.349 Recv DATA 6 1, ID 10070
019.349 Deliver DATA 6, ID 10070
019.349 Slide RECV window, expect 7 next
019.349 Acked DATA 1, slide SEND window
019.349 Send DATA 9 6, ID 20073
019.618 Recv DATA 7 2, ID 10071
019.618 Deliver DATA 7, ID 10071
019.618 .... 72 packets received, 7719 bps, 96.48%, Err 0 (0.0e+00)
019.618 Slide RECV window, expect 8 next
019.618 Acked DATA 2, slide SEND window
019.618 Send DATA 10 7, ID 20074
019.867 Recv DATA 8 3, ID 10072
019.867 Deliver DATA 8, ID 10072
019.867 Slide RECV window, expect 9 next
019.867 Acked DATA 3, slide SEND window
019.867 Send DATA 11 8, ID 20075
019.885 Recv ACK  4
019.885 Acked DATA 4, slide SEND window
019.885 Send DATA 12 8, ID 20076
020.149 Recv DATA 9 5, ID 10073
020.149 Deliver DATA 9, ID 10073
020.149 Slide RECV window, expect 10 next
020.149 Acked DATA 5, slide SEND window
020.149 Send DATA 13 9, ID 20077
020.417 Recv DATA 10 6, ID 10074
020.417 Deliver DATA 10, ID 10074
020.417 Slide RECV window, expect 11 next
020.417 Acked DATA 6, slide SEND window
020.417 Send DATA 14 10, ID 20078
020.684 Recv DATA 11 7, ID 10075
020.684 Deliver DATA 11, ID 10075
020.684 Slide RECV window, expect 12 next
020.684 Acked DATA 7, slide SEND window
020.684 Send DATA 15 11, ID 20079
020.932 Recv DATA 12 8, ID 10076
020.932 Deliver DATA 12, ID 10076
020.932 Slide RECV window, expect 13 next
020.932 Acked DATA 8, slide SEND window
020.933 Send DATA 0 12, ID 20080
021.201 Recv DATA 13 8, ID 10077
021.201 Deliver DATA 13, ID 10077
021.201 Slide RECV window, expect 14 next
021.369 ---- ACK timeout
021.369 Send ACK  13
021.466 Recv DATA 14 9, ID 10078
021.466 Deliver DATA 14, ID 10078
021.466 Slide RECV window, expect 15 next
021.466 Acked DATA 9, slide SEND window
021.466 Send DATA 1 14, ID 20081
021.750 Recv DATA 15 10, ID 10079
021.750 Deliver DATA 15, ID 10079
021.750 .... 80 packets received, 7715 bps, 96.44%, Err 0 (0.0e+00)
021.750 Slide RECV window, expect 0 next
021.750 Acked DATA 10, slide SEND window
021.751 Send DATA 2 15, ID 20082
022.032 Recv DATA 0 11, ID 10080
022.032 Deliver DATA 0, ID 10080
022.033 Slide RECV window, expect 1 next
022.033 Acked DATA 11, slide SEND window
022.033 Recv ACK  12
022.033 Acked DATA 12, slide SEND window
022.033 Send DATA 3 0, ID 20083
022.033 Send DATA 4 0, ID 20084
022.250 Recv DATA 1 13, ID 10081
022.262 Deliver DATA 1, ID 10081
022.262 Slide RECV window, expect 2 next
022.262 Acked DATA 13, slide SEND window
022.262 Send DATA 5 1, ID 20085
022.535 Recv DATA 2 14, ID 10082
022.535 Deliver DATA 2, ID 10082
022.535 Slide RECV window, expect 3 next
022.535 Acked DATA 14, slide SEND window
022.535 Send DATA 6 2, ID 20086
022.800 Recv DATA 3 15, ID 10083
022.800 Deliver DATA 3, ID 10083
022.800 Slide RECV window, expect 4 next
022.800 Acked DATA 15, slide SEND window
022.800 Send DATA 7 3, ID 20087
023.051 Recv DATA 4 0, ID 10084
023.051 Deliver DATA 4, ID 10084
023.051 Slide RECV window, expect 5 next
023.051 Acked DATA 0, slide SEND window
023.051 Send DATA 8 4, ID 20088
023.333 Recv DATA 5 0, ID 10085
023.334 Deliver DATA 5, ID 10085
023.334 Slide RECV window, expect 6 next
023.515 ---- ACK timeout
023.516 Send ACK  5
023.582 Recv DATA 6 1, ID 10086
023.582 Deliver DATA 6, ID 10086
023.583 Slide RECV window, expect 7 next
023.583 Acked DATA 1, slide SEND window
023.583 Send DATA 9 6, ID 20089
023.853 Recv DATA 7 2, ID 10087
023.853 Deliver DATA 7, ID 10087
023.853 .... 88 packets received, 7722 bps, 96.53%, Err 0 (0.0e+00)
023.853 Slide RECV window, expect 8 next
023.853 Acked DATA 2, slide SEND window
023.853 Send DATA 10 7, ID 20090
024.099 Recv DATA 8 3, ID 10088
024.099 Deliver DATA 8, ID 10088
024.099 Slide RECV window, expect 9 next
024.099 Acked DATA 3, slide SEND window
024.099 Send DATA 11 8, ID 20091
024.117 Recv ACK  4
024.117 Acked DATA 4, slide SEND window
024.117 Send DATA 12 8, ID 20092
024.367 Recv DATA 9 5, ID 10089
024.367 Deliver DATA 9, ID 10089
024.367 Slide RECV window, expect 10 next
024.367 Acked DATA 5, slide SEND window
024.367 Send DATA 13 9, ID 20093
024.636 Recv DATA 10 6, ID 10090
024.636 Deliver DATA 10, ID 10090
024.636 Slide RECV window, expect 11 next
024.636 Acked DATA 6, slide SEND window
024.636 Send DATA 14 10, ID 20094
024.901 Recv DATA 11 7, ID 10091
024.901 Deliver DATA 11, ID 10091
024.901 Slide RECV window, expect 12 next
024.901 Acked DATA 7, slide SEND window
024.901 Send DATA 15 11, ID 20095
025.168 Recv DATA 12 8, ID 10092
025.168 Deliver DATA 12, ID 10092
025.168 Slide RECV window, expect 13 next
025.168 Acked DATA 8, slide SEND window
025.168 Send DATA 0 12, ID 20096
025.434 Recv DATA 13 8, ID 10093
025.434 Deliver DATA 13, ID 10093
025.434 Slide RECV window, expect 14 next
025.615 ---- ACK timeout
025.615 Send ACK  13
025.716 Recv DATA 14 9, ID 10094
025.716 Deliver DATA 14, ID 10094
025.716 Slide RECV window, expect 15 next
025.716 Acked DATA 9, slide SEND window
025.717 Send DATA 1 14, ID 20097
025.951 Recv DATA 15 10, ID 10095
025.951 Deliver DATA 15, ID 10095
025.951 .... 96 packets received, 7729 bps, 96.62%, Err 0 (0.0e+00)
025.951 Slide RECV window, expect 0 next
025.951 Acked DATA 10, slide SEND window
025.951 Send DATA 2 15, ID 20098
026.217 Recv DATA 0 11, ID 10096
026.217 Deliver DATA 0, ID 10096
026.217 Slide RECV window, expect 1 next
026.217 Acked DATA 11, slide SEND window
026.217 Send DATA 3 0, ID 20099
026.265 Recv ACK  12
026.266 Acked DATA 12, slide SEND window
026.266 Send DATA 4 0, ID 20100
026.486 Recv DATA 1 13, ID 10097
026.486 Deliver DATA 1, ID 10097
026.486 Slide RECV window, expect 2 next
026.486 Acked DATA 13, slide SEND window
026.486 Send DATA 5 1, ID 20101
026.751 Recv DATA 2 14, ID 10098
026.751 Deliver DATA 2, ID 10098
026.751 Slide RECV window, expect 3 next
026.751 Acked DATA 14, slide SEND window
026.751 Send DATA 6 2, ID 20102
027.035 Recv DATA 3 15, ID 10099
027.035 Deliver DATA 3, ID 10099
027.035 Slide RECV window, expect 4 next
027.035 Acked DATA 15, slide SEND window
027.035 Send DATA 7 3, ID 20103
027.298 Recv DATA 4 0, ID 10100
027.299 Deliver DATA 4, ID 10100
027.299 Slide RECV window, expect 5 next
027.299 Acked DATA 0, slide SEND window
027.299 Send DATA 8 4, ID 20104
027.582 Recv DATA 5 0, ID 10101
027.582 Deliver DATA 5, ID 10101
027.582 Slide RECV window, expect 6 next
027.750 ---- ACK timeout
027.751 Send ACK  5
027.818 Recv DATA 6 1, ID 10102
027.818 Deliver DATA 6, ID 10102
027.818 Slide RECV window, expect 7 next
027.829 Acked DATA 1, slide SEND window
027.829 Send DATA 9 6, ID 20105
028.099 Recv DATA 7 2, ID 10103
028.099 Deliver DATA 7, ID 10103
028.100 .... 104 packets received, 7721 bps, 96.52%, Err 0 (0.0e+00)
028.100 Slide RECV window, expect 8 next
028.100 Acked DATA 2, slide SEND window
028.100 Send DATA 10 7, ID 20106
028.334 Recv DATA 8 3, ID 10104
028.334 Deliver DATA 8, ID 10104
028.334 Slide RECV window, expect 9 next
028.334 Acked DATA 3, slide SEND window
028.334 Send DATA 11 8, ID 20107
028.382 Recv ACK  4
028.382 Acked DATA 4, slide SEND window
028.382 Send DATA 12 8, ID 20108
028.664 Recv DATA 9 5, ID 10105
028.664 Deliver DATA 9, ID 10105
028.664 Slide RECV window, expect 10 next
028.664 Acked DATA 5, slide SEND window
028.664 Send DATA 13 9, ID 20109
028.883 Recv DATA 10 6, ID 10106
028.884 Deliver DATA 10, ID 10106
028.884 Slide RECV window, expect 11 next
028.884 Acked DATA 6, slide SEND window
028.884 Send DATA 14 10, ID 20110
029.134 Recv DATA 11 7, ID 10107
029.134 Deliver DATA 11, ID 10107
029.134 Slide RECV window, expect 12 next
029.134 Acked DATA 7, slide SEND window
029.135 Send DATA 15 11, ID 20111
029.416 Recv DATA 12 8, ID 10108
029.416 Deliver DATA 12, ID 10108
029.416 Slide RECV window, expect 13 next
029.416 Acked DATA 8, slide SEND window
029.416 Send DATA 0 12, ID 20112
029.666 Recv DATA 13 8, ID 10109
029.666 Deliver DATA 13, ID 10109
029.666 Slide RECV window, expect 14 next
029.835 ---- ACK timeout
029.835 Send ACK  13
029.932 Recv DATA 14 9, ID 10110
029.932 Deliver DATA 14, ID 10110
029.932 Slide RECV window, expect 15 next
029.932 Acked DATA 9, slide SEND window
029.932 Send DATA 1 14, ID 20113
030.216 Recv DATA 15 10, ID 10111
030.216 Deliver DATA 15, ID 10111
030.216 .... 112 packets received, 7723 bps, 96.53%, Err 0 (0.0e+00)
030.216 Slide RECV window, expect 0 next
030.216 Acked DATA 10, slide SEND window
030.216 Send DATA 2 15, ID 20114
030.465 Recv DATA 0 11, ID 10112
030.465 Deliver DATA 0, ID 10112
030.465 Slide RECV window, expect 1 next
030.465 Acked DATA 11, slide SEND window
030.466 Send DATA 3 0, ID 20115
030.519 Recv ACK  12
030.519 Acked DATA 12, slide SEND window
030.519 Send DATA 4 0, ID 20116
030.734 Recv DATA 1 13, ID 10113
030.734 Deliver DATA 1, ID 10113
030.734 Slide RECV window, expect 2 next
030.734 Acked DATA 13, slide SEND window
030.734 Send DATA 5 1, ID 20117
031.017 Recv DATA 2 14, ID 10114
031.017 Deliver DATA 2, ID 10114
031.017 Slide RECV window, expect 3 next
031.017 Acked DATA 14, slide SEND window
031.017 Send DATA 6 2, ID 20118
031.269 Recv DATA 3 15, ID 10115
031.269 Deliver DATA 3, ID 10115
031.269 Slide RECV window, expect 4 next
031.269 Acked DATA 15, slide SEND window
031.269 Send DATA 7 3, ID 20119
031.516 Recv DATA 4 0, ID 10116
031.516 Deliver DATA 4, ID 10116
031.516 Slide RECV window, expect 5 next
031.516 Acked DATA 0, slide SEND window
031.517 Send DATA 8 4, ID 20120
031.816 Recv DATA 5 0, ID 10117
031.816 Deliver DATA 5, ID 10117
031.816 Slide RECV window, expect 6 next
031.984 ---- ACK timeout
031.985 Send ACK  5
032.069 Recv DATA 6 1, ID 10118
032.069 Deliver DATA 6, ID 10118
032.069 Slide RECV window, expect 7 next
032.069 Acked DATA 1, slide SEND window
032.069 Send DATA 9 6, ID 20121
032.331 Recv DATA 7 2, ID 10119
032.331 Deliver DATA 7, ID 10119
032.331 .... 120 packets received, 7724 bps, 96.55%, Err 0 (0.0e+00)
032.331 Slide RECV window, expect 8 next
032.331 Acked DATA 2, slide SEND window
032.331 Send DATA 10 7, ID 20122
032.600 Recv DATA 8 3, ID 10120
032.600 Deliver DATA 8, ID 10120
032.601 Slide RECV window, expect 9 next
032.601 Acked DATA 3, slide SEND window
032.601 Send DATA 11 8, ID 20123
032.649 Recv ACK  4
032.649 Acked DATA 4, slide SEND window
032.649 Send DATA 12 8, ID 20124
032.868 Recv DATA 9 5, ID 10121
032.868 Deliver DATA 9, ID 10121
032.868 Slide RECV window, expect 10 next
032.868 Acked DATA 5, slide SEND window
032.868 Send DATA 13 9, ID 20125
033.149 Recv DATA 10 6, ID 10122
033.149 Deliver DATA 10, ID 10122
033.149 Slide RECV window, expect 11 next
033.149 Acked DATA 6, slide SEND window
033.149 Send DATA 14 10, ID 20126
033.416 Recv DATA 11 7, ID 10123
033.416 Deliver DATA 11, ID 10123
033.416 Slide RECV window, expect 12 next
033.416 Acked DATA 7, slide SEND window
033.416 Send DATA 15 11, ID 20127
033.664 Recv DATA 12 8, ID 10124
033.665 Deliver DATA 12, ID 10124
033.665 Slide RECV window, expect 13 next
033.665 Acked DATA 8, slide SEND window
033.665 Send DATA 0 12, ID 20128
033.947 Recv DATA 13 8, ID 10125
033.947 Deliver DATA 13, ID 10125
033.948 Slide RECV window, expect 14 next
034.114 ---- ACK timeout
034.114 Send ACK  13
034.181 Recv DATA 14 9, ID 10126
034.181 Deliver DATA 14, ID 10126
034.181 Slide RECV window, expect 15 next
034.181 Acked DATA 9, slide SEND window
034.181 Send DATA 1 14, ID 20129
034.451 Recv DATA 15 10, ID 10127
034.451 Deliver DATA 15, ID 10127
034.451 .... 128 packets received, 7724 bps, 96.56%, Err 0 (0.0e+00)
034.451 Slide RECV window, expect 0 next
034.452 Acked DATA 10, slide SEND window
034.452 Send DATA 2 15, ID 20130
034.718 Recv DATA 0 11, ID 10128
034.718 Deliver DATA 0, ID 10128
034.718 Slide RECV window, expect 1 next
034.718 Acked DATA 11, slide SEND window
034.718 Send DATA 3 0, ID 20131
034.766 Recv ACK  12
034.766 Acked DATA 12, slide SEND window
034.766 Send DATA 4 0, ID 20132
034.968 Recv DATA 1 13, ID 10129
034.968 Deliver DATA 1, ID 10129
034.968 Slide RECV window, expect 2 next
034.968 Acked DATA 13, slide SEND window
034.968 Send DATA 5 1, ID 20133
035.250 Recv DATA 2 14, ID 10130
035.250 Deliver DATA 2, ID 10130
035.250 Slide RECV window, expect 3 next
035.250 Acked DATA 14, slide SEND window
035.250 Send DATA 6 2, ID 20134
035.531 Recv DATA 3 15, ID 10131
035.531 Deliver DATA 3, ID 10131
035.531 Slide RECV window, expect 4 next
035.531 Acked DATA 15, slide SEND window
035.532 Send DATA 7 3, ID 20135
035.768 Recv DATA 4 0, ID 10132
035.768 Deliver DATA 4, ID 10132
035.768 Slide RECV window, expect 5 next
035.768 Acked DATA 0, slide SEND window
035.769 Send DATA 8 4, ID 20136
036.062 Recv DATA 5 0, ID 10133
036.062 Deliver DATA 5, ID 10133
036.062 Slide RECV window, expect 6 next
036.234 ---- ACK timeout
036.234 Send ACK  5
036.287 Recv DATA 6 1, ID 10134
036.287 Deliver DATA 6, ID 10134
036.287 Slide RECV window, expect 7 next
036.287 Acked DATA 1, slide SEND window
036.288 Send DATA 9 6, ID 20137
036.551 Recv DATA 7 2, ID 10135
036.552 Deliver DATA 7, ID 10135
036.552 .... 136 packets received, 7729 bps, 96.61%, Err 0 (0.0e+00)
036.552 Slide RECV window, expect 8 next
036.552 Acked DATA 2, slide SEND window
036.552 Send DATA 10 7, ID 20138
036.833 Recv DATA 8 3, ID 10136
036.833 Deliver DATA 8, ID 10136
036.833 Slide RECV window, expect 9 next
036.833 Acked DATA 3, slide SEND window
036.834 Send DATA 11 8, ID 20139
036.864 Recv ACK  4
036.864 Acked DATA 4, slide SEND window
036.865 Send DATA 12 8, ID 20140
037.115 Recv DATA 9 5, ID 10137
037.116 Deliver DATA 9, ID 10137
037.116 Slide RECV window, expect 10 next
037.116 Acked DATA 5, slide SEND window
037.116 Send DATA 13 9, ID 20141
037.381 Recv DATA 10 6, ID 10138
037.381 Deliver DATA 10, ID 10138
037.381 Slide RECV window, expect 11 next
037.381 Acked DATA 6, slide SEND window
037.382 Send DATA 14 10, ID 20142
037.648 Recv DATA 11 7, ID 10139
037.648 Deliver DATA 11, ID 10139
037.648 Slide RECV window, expect 12 next
037.648 Acked DATA 7, slide SEND window
037.648 Send DATA 15 11, ID 20143
037.885 Recv DATA 12 8, ID 10140
037.885 Deliver DATA 12, ID 10140
037.885 Slide RECV window, expect 13 next
037.885 Acked DATA 8, slide SEND window
037.885 Send DATA 0 12, ID 20144
038.167 Recv DATA 13 8, ID 10141
038.167 Deliver DATA 13, ID 10141
038.167 Slide RECV window, expect 14 next
038.337 ---- ACK timeout
038.337 Send ACK  13
038.415 Recv DATA 14 9, ID 10142
038.415 Deliver DATA 14, ID 10142
038.415 Slide RECV window, expect 15 next
038.415 Acked DATA 9, slide SEND window
038.415 Send DATA 1 14, ID 20145
038.683 Recv DATA 15 10, ID 10143
038.683 Deliver DATA 15, ID 10143
038.683 .... 144 packets received, 7726 bps, 96.58%, Err 0 (0.0e+00)
038.683 Slide RECV window, expect 0 next
038.683 Acked DATA 10, slide SEND window
038.695 Send DATA 2 15, ID 20146
038.965 Recv DATA 0 11, ID 10144
038.965 Deliver DATA 0, ID 10144
038.965 Slide RECV window, expect 1 next
038.965 Acked DATA 11, slide SEND window
038.965 Send DATA 3 0, ID 20147
038.983 Recv ACK  12
038.983 Acked DATA 12, slide SEND window
038.983 Send DATA 4 0, ID 20148
039.252 Recv DATA 1 13, ID 10145
039.252 Deliver DATA 1, ID 10145
039.252 Slide RECV window, expect 2 next
039.252 Acked DATA 13, slide SEND window
039.252 Send DATA 5 1, ID 20149
039.531 Recv DATA 2 14, ID 10146
039.531 Deliver DATA 2, ID 10146
039.531 Slide RECV window, expect 3 next
039.531 Acked DATA 14, slide SEND window
039.531 Send DATA 6 2, ID 20150
039.767 Recv DATA 3 15, ID 10147
039.767 Deliver DATA 3, ID 10147
039.767 Slide RECV window, expect 4 next
039.767 Acked DATA 15, slide SEND window
039.767 Send DATA 7 3, ID 20151
039.998 Recv DATA 4 0, ID 10148
039.998 Deliver DATA 4, ID 10148
039.998 Slide RECV window, expect 5 next
039.998 Acked DATA 0, slide SEND window
039.998 Send DATA 8 4, ID 20152
040.285 Recv DATA 5 0, ID 10149
040.285 Deliver DATA 5, ID 10149
040.285 Slide RECV window, expect 6 next
040.466 ---- ACK timeout
040.466 Send ACK  5
040.551 Recv DATA 6 1, ID 10150
040.551 Deliver DATA 6, ID 10150
040.551 Slide RECV window, expect 7 next
040.551 Acked DATA 1, slide SEND window
040.551 Send DATA 9 6, ID 20153
040.832 Recv DATA 7 2, ID 10151
040.832 Deliver DATA 7, ID 10151
040.832 .... 152 packets received, 7721 bps, 96.51%, Err 0 (0.0e+00)
040.832 Slide RECV window, expect 8 next
040.832 Acked DATA 2, slide SEND window
040.832 Send DATA 10 7, ID 20154
041.067 Recv DATA 8 3, ID 10152
041.067 Deliver DATA 8, ID 10152
041.067 Slide RECV window, expect 9 next
041.067 Acked DATA 3, slide SEND window
041.067 Send DATA 11 8, ID 20155
041.118 Recv ACK  4
041.118 Acked DATA 4, slide SEND window
041.118 Send DATA 12 8, ID 20156
041.348 Recv DATA 9 5, ID 10153
041.348 Deliver DATA 9, ID 10153
041.349 Slide RECV window, expect 10 next
041.349 Acked DATA 5, slide SEND window
041.349 Send DATA 13 9, ID 20157
041.600 Recv DATA 10 6, ID 10154
041.600 Deliver DATA 10, ID 10154
041.600 Slide RECV window, expect 11 next
041.600 Acked DATA 6, slide SEND window
041.600 Send DATA 14 10, ID 20158
041.867 Recv DATA 11 7, ID 10155
041.867 Deliver DATA 11, ID 10155
041.867 Slide RECV window, expect 12 next
041.867 Acked DATA 7, slide SEND window
041.867 Send DATA 15 11, ID 20159
042.132 Recv DATA 12 8, ID 10156
042.132 Deliver DATA 12, ID 10156
042.132 Slide RECV window, expect 13 next
042.132 Acked DATA 8, slide SEND window
042.132 Send DATA 0 12, ID 20160
042.384 Recv DATA 13 8, ID 10157
042.384 Deliver DATA 13, ID 10157
042.384 Slide RECV window, expect 14 next
042.547 ---- ACK timeout
042.547 Send ACK  13
042.684 Recv DATA 14 9, ID 10158
042.684 Deliver DATA 14, ID 10158
042.684 Slide RECV window, expect 15 next
042.684 Acked DATA 9, slide SEND window
042.684 Send DATA 1 14, ID 20161
042.951 Recv DATA 15 10, ID 10159
042.952 Deliver DATA 15, ID 10159
042.952 .... 160 packets received, 7722 bps, 96.52%, Err 0 (0.0e+00)
042.952 Slide RECV window, expect 0 next
042.952 Acked DATA 10, slide SEND window
042.952 Send DATA 2 15, ID 20162
043.182 Recv DATA 0 11, ID 10160
043.182 Deliver DATA 0, ID 10160
043.182 Slide RECV window, expect 1 next
043.182 Acked DATA 11, slide SEND window
043.182 Send DATA 3 0, ID 20163
043.218 Recv ACK  12
043.218 Acked DATA 12, slide SEND window
043.218 Send DATA 4 0, ID 20164
043.452 Recv DATA 1 13, ID 10161
043.452 Deliver DATA 1, ID 10161
043.452 Slide RECV window, expect 2 next
043.452 Acked DATA 13, slide SEND window
043.452 Send DATA 5 1, ID 20165
043.720 Recv DATA 2 14, ID 10162
043.720 Deliver DATA 2, ID 10162
043.720 Slide RECV window, expect 3 next
043.720 Acked DATA 14, slide SEND window
043.720 Send DATA 6 2, ID 20166
043.969 Recv DATA 3 15, ID 10163
043.969 Deliver DATA 3, ID 10163
043.969 Slide RECV window, expect 4 next
043.969 Acked DATA 15, slide SEND window
043.969 Send DATA 7 3, ID 20167
044.265 Recv DATA 4 0, ID 10164
044.265 Deliver DATA 4, ID 10164
044.265 Slide RECV window, expect 5 next
044.277 Acked DATA 0, slide SEND window
044.277 Send DATA 8 4, ID 20168
044.517 Recv DATA 5 0, ID 10165
044.517 Deliver DATA 5, ID 10165
044.517 Slide RECV window, expect 6 next
044.685 ---- ACK timeout
044.685 Send ACK  5
044.783 Recv DATA 6 1, ID 10166
044.783 Deliver DATA 6, ID 10166
044.783 Slide RECV window, expect 7 next
044.783 Acked DATA 1, slide SEND window
044.783 Send DATA 9 6, ID 20169
045.051 Recv DATA 7 2, ID 10167
045.051 Deliver DATA 7, ID 10167
045.051 .... 168 packets received, 7725 bps, 96.57%, Err 0 (0.0e+00)
045.051 Slide RECV window, expect 8 next
045.051 Acked DATA 2, slide SEND window
045.051 Send DATA 10 7, ID 20170
045.316 Recv DATA 8 3, ID 10168
045.316 Deliver DATA 8, ID 10168
045.317 Slide RECV window, expect 9 next
045.317 Acked DATA 3, slide SEND window
045.317 Send DATA 11 8, ID 20171
045.364 Recv ACK  4
045.364 Acked DATA 4, slide SEND window
045.364 Send DATA 12 8, ID 20172
045.584 Recv DATA 9 5, ID 10169
045.584 Deliver DATA 9, ID 10169
045.584 Slide RECV window, expect 10 next
045.584 Acked DATA 5, slide SEND window
045.584 Send DATA 13 9, ID 20173
045.832 Recv DATA 10 6, ID 10170
045.832 Deliver DATA 10, ID 10170
045.832 Slide RECV window, expect 11 next
045.832 Acked DATA 6, slide SEND window
045.832 Send DATA 14 10, ID 20174
046.101 Recv DATA 11 7, ID 10171
046.101 Deliver DATA 11, ID 10171
046.101 Slide RECV window, expect 12 next
046.101 Acked DATA 7, slide SEND window
046.101 Send DATA 15 11, ID 20175
046.368 Recv DATA 12 8, ID 10172
046.368 Deliver DATA 12, ID 10172
046.368 Slide RECV window, expect 13 next
046.368 Acked DATA 8, slide SEND window
046.368 Send DATA 0 12, ID 20176
046.632 Recv DATA 13 8, ID 10173
046.632 Deliver DATA 13, ID 10173
046.632 Slide RECV window, expect 14 next
046.800 ---- ACK timeout
046.800 Send ACK  13
046.917 Recv DATA 14 9, ID 10174
046.917 Deliver DATA 14, ID 10174
046.917 Slide RECV window, expect 15 next
046.917 Acked DATA 9, slide SEND window
046.917 Send DATA 1 14, ID 20177
047.183 Recv DATA 15 10, ID 10175
047.183 Deliver DATA 15, ID 10175
047.183 .... 176 packets received, 7723 bps, 96.54%, Err 0 (0.0e+00)
047.183 Slide RECV window, expect 0 next
047.183 Acked DATA 10, slide SEND window
047.183 Send DATA 2 15, ID 20178
047.450 Recv DATA 0 11, ID 10176
047.450 Deliver DATA 0, ID 10176
047.450 Slide RECV window, expect 1 next
047.450 Acked DATA 11, slide SEND window
047.450 Recv ACK  12
047.450 Acked DATA 12, slide SEND window
047.450 Send DATA 3 0, ID 20179
047.450 Send DATA 4 0, ID 20180
047.718 Recv DATA 1 13, ID 10177
047.718 Deliver DATA 1, ID 10177
047.718 Slide RECV window, expect 2 next
047.718 Acked DATA 13, slide SEND window
047.718 Send DATA 5 1, ID 20181
047.983 Recv DATA 2 14, ID 10178
047.983 Deliver DATA 2, ID 10178
047.983 Slide RECV window, expect 3 next
047.983 Acked DATA 14, slide SEND window
047.984 Send DATA 6 2, ID 20182
048.198 Recv DATA 3 15, ID 10179
048.198 Deliver DATA 3, ID 10179
048.198 Slide RECV window, expect 4 next
048.198 Acked DATA 15, slide SEND window
048.199 Send DATA 7 3, ID 20183
048.500 Recv DATA 4 0, ID 10180
048.500 Deliver DATA 4, ID 10180
048.500 Slide RECV window, expect 5 next
048.500 Acked DATA 0, slide SEND window
048.500 Send DATA 8 4, ID 20184
048.767 Recv DATA 5 0, ID 10181
048.767 Deliver DATA 5, ID 10181
048.768 Slide RECV window, expect 6 next
048.931 ---- ACK timeout
048.931 Send ACK  5
049.015 Recv DATA 6 1, ID 10182
049.015 Deliver DATA 6, ID 10182
049.015 Slide RECV window, expect 7 next
049.015 Acked DATA 1, slide SEND window
049.015 Send DATA 9 6, ID 20185
049.284 Recv DATA 7 2, ID 10183
049.284 Deliver DATA 7, ID 10183
049.284 .... 184 packets received, 7727 bps, 96.58%, Err 0 (0.0e+00)
049.284 Slide RECV window, expect 8 next
049.284 Acked DATA 2, slide SEND window
049.285 Send DATA 10 7, ID 20186
049.534 Recv DATA 8 3, ID 10184
049.534 Deliver DATA 8, ID 10184
049.534 Slide RECV window, expect 9 next
049.534 Acked DATA 3, slide SEND window
049.534 Send DATA 11 8, ID 20187
049.583 Recv ACK  4
049.584 Acked DATA 4, slide SEND window
049.584 Send DATA 12 8, ID 20188
049.799 Recv DATA 9 5, ID 10185
049.799 Deliver DATA 9, ID 10185
049.799 Slide RECV window, expect 10 next
049.799 Acked DATA 5, slide SEND window
049.799 Send DATA 13 9, ID 20189
050.100 Recv DATA 10 6, ID 10186
050.100 Deliver DATA 10, ID 10186
050.100 Slide RECV window, expect 11 next
050.100 Acked DATA 6, slide SEND window
050.100 Send DATA 14 10, ID 20190
050.367 Recv DATA 11 7, ID 10187
050.367 Deliver DATA 11, ID 10187
050.367 Slide RECV window, expect 12 next
050.367 Acked DATA 7, slide SEND window
050.367 Send DATA 15 11, ID 20191
050.586 Recv DATA 12 8, ID 10188
050.586 Deliver DATA 12, ID 10188
050.586 Slide RECV window, expect 13 next
050.587 Acked DATA 8, slide SEND window
050.587 Send DATA 0 12, ID 20192
050.850 Recv DATA 13 8, ID 10189
050.850 Deliver DATA 13, ID 10189
050.850 Slide RECV window, expect 14 next
051.017 ---- ACK timeout
051.017 Send ACK  13
051.135 Recv DATA 14 9, ID 10190
051.135 Deliver DATA 14, ID 10190
051.135 Slide RECV window, expect 15 next
051.135 Acked DATA 9, slide SEND window
051.136 Send DATA 1 14, ID 20193
051.380 Recv DATA 15 10, ID 10191
051.380 Deliver DATA 15, ID 10191
051.380 .... 192 packets received, 7730 bps, 96.63%, Err 0 (0.0e+00)
051.380 Slide RECV window, expect 0 next
051.380 Acked DATA 10, slide SEND window
051.380 Send DATA 2 15, ID 20194
051.397 Recv ACK  11
051.397 Acked DATA 11, slide SEND window
051.397 Send DATA 3 15, ID 20195
051.682 Recv DATA 0 11, ID 10192
051.682 Deliver DATA 0, ID 10192
051.682 Slide RECV window, expect 1 next
051.700 Recv ACK  12
051.700 Acked DATA 12, slide SEND window
051.700 Send DATA 4 0, ID 20196
051.949 Recv DATA 1 13, ID 10193
051.949 Deliver DATA 1, ID 10193
051.949 Slide RECV window, expect 2 next
051.949 Acked DATA 13, slide SEND window
051.950 Send DATA 5 1, ID 20197
052.231 Recv DATA 2 14, ID 10194
052.231 Deliver DATA 2, ID 10194
052.231 Slide RECV window, expect 3 next
052.231 Acked DATA 14, slide SEND window
052.231 Send DATA 6 2, ID 20198
052.467 Recv DATA 3 15, ID 10195
052.467 Deliver DATA 3, ID 10195
052.467 Slide RECV window, expect 4 next
052.467 Acked DATA 15, slide SEND window
052.467 Send DATA 7 3, ID 20199
052.732 Recv DATA 4 0, ID 10196
052.732 Deliver DATA 4, ID 10196
052.733 Slide RECV window, expect 5 next
052.733 Acked DATA 0, slide SEND window
052.733 Send DATA 8 4, ID 20200
052.999 Recv DATA 5 0, ID 10197
053.000 Deliver DATA 5, ID 10197
053.000 Slide RECV window, expect 6 next
053.168 ---- ACK timeout
053.168 Send ACK  5
053.264 Recv DATA 6 1, ID 10198
053.264 Deliver DATA 6, ID 10198
053.264 Slide RECV window, expect 7 next
053.264 Acked DATA 1, slide SEND window
053.264 Send DATA 9 6, ID 20201
053.533 Recv DATA 7 2, ID 10199
053.533 Deliver DATA 7, ID 10199
053.533 .... 200 packets received, 7726 bps, 96.57%, Err 0 (0.0e+00)
053.534 Slide RECV window, expect 8 next
053.534 Acked DATA 2, slide SEND window
053.534 Send DATA 10 7, ID 20202
053.565 Recv ACK  3
053.565 Acked DATA 3, slide SEND window
053.566 Send DATA 11 7, ID 20203
053.802 Recv DATA 8 4, ID 10200
053.802 Deliver DATA 8, ID 10200
053.802 Slide RECV window, expect 9 next
053.802 Acked DATA 4, slide SEND window
053.803 Send DATA 12 8, ID 20204
054.050 Recv DATA 9 5, ID 10201
054.050 Deliver DATA 9, ID 10201
054.050 Slide RECV window, expect 10 next
054.050 Acked DATA 5, slide SEND window
054.050 Send DATA 13 9, ID 20205
054.315 Recv DATA 10 6, ID 10202
054.315 Deliver DATA 10, ID 10202
054.315 Slide RECV window, expect 11 next
054.315 Acked DATA 6, slide SEND window
054.315 Send DATA 14 10, ID 20206
054.615 Recv DATA 11 7, ID 10203
054.615 Deliver DATA 11, ID 10203
054.615 Slide RECV window, expect 12 next
054.615 Acked DATA 7, slide SEND window
054.615 Send DATA 15 11, ID 20207
054.852 Recv DATA 12 8, ID 10204
054.852 Deliver DATA 12, ID 10204
054.852 Slide RECV window, expect 13 next
054.852 Acked DATA 8, slide SEND window
054.852 Send DATA 0 12, ID 20208
055.116 Recv DATA 13 8, ID 10205
055.116 Deliver DATA 13, ID 10205
055.116 Slide RECV window, expect 14 next
055.298 ---- ACK timeout
055.298 Send ACK  13
055.385 Recv DATA 14 9, ID 10206
055.396 Deliver DATA 14, ID 10206
055.396 Slide RECV window, expect 15 next
055.396 Acked DATA 9, slide SEND window
055.396 Send DATA 1 14, ID 20209
055.632 Recv DATA 15 10, ID 10207
055.632 Deliver DATA 15, ID 10207
055.633 .... 208 packets received, 7729 bps, 96.61%, Err 0 (0.0e+00)
055.633 Slide RECV window, expect 0 next
055.633 Acked DATA 10, slide SEND window
055.633 Send DATA 2 15, ID 20210
055.682 Recv ACK  11
055.682 Acked DATA 11, slide SEND window
055.682 Send DATA 3 15, ID 20211
055.901 Recv DATA 0 12, ID 10208
055.901 Deliver DATA 0, ID 10208
055.901 Slide RECV window, expect 1 next
055.901 Acked DATA 12, slide SEND window
055.901 Send DATA 4 0, ID 20212
056.181 Recv DATA 1 13, ID 10209
056.181 Deliver DATA 1, ID 10209
056.181 Slide RECV window, expect 2 next
056.181 Acked DATA 13, slide SEND window
056.181 Send DATA 5 1, ID 20213
056.448 Recv DATA 2 14, ID 10210
056.448 Deliver DATA 2, ID 10210
056.448 Slide RECV window, expect 3 next
056.448 Acked DATA 14, slide SEND window
056.448 Send DATA 6 2, ID 20214
056.731 Recv DATA 3 15, ID 10211
056.731 Deliver DATA 3, ID 10211
056.731 Slide RECV window, expect 4 next
056.731 Acked DATA 15, slide SEND window
056.731 Send DATA 7 3, ID 20215
056.981 Recv DATA 4 0, ID 10212
056.981 Deliver DATA 4, ID 10212
056.981 Slide RECV window, expect 5 next
056.981 Acked DATA 0, slide SEND window
056.981 Send DATA 8 4, ID 20216
057.248 Recv DATA 5 0, ID 10213
057.248 Deliver DATA 5, ID 10213
057.248 Slide RECV window, expect 6 next
057.417 ---- ACK timeout
057.417 Send ACK  5
057.517 Recv DATA 6 1, ID 10214
057.517 Deliver DATA 6, ID 10214
057.517 Slide RECV window, expect 7 next
057.517 Acked DATA 1, slide SEND window
057.517 Send DATA 9 6, ID 20217
057.766 Recv DATA 7 2, ID 10215
057.766 Deliver DATA 7, ID 10215
057.766 .... 216 packets received, 7727 bps, 96.58%, Err 0 (0.0e+00)
057.766 Slide RECV window, expect 8 next
057.766 Acked DATA 2, slide SEND window
057.766 Send DATA 10 7, ID 20218
057.784 Recv ACK  3
057.784 Acked DATA 3, slide SEND window
057.784 Send DATA 11 7, ID 20219
058.028 Recv DATA 8 4, ID 10216
058.028 Deliver DATA 8, ID 10216
058.028 Slide RECV window, expect 9 next
058.028 Acked DATA 4, slide SEND window
058.029 Send DATA 12 8, ID 20220
058.299 Recv DATA 9 5, ID 10217
058.299 Deliver DATA 9, ID 10217
058.299 Slide RECV window, expect 10 next
058.299 Acked DATA 5, slide SEND window
058.299 Send DATA 13 9, ID 20221
058.550 Recv DATA 10 6, ID 10218
058.550 Deliver DATA 10, ID 10218
058.550 Slide RECV window, expect 11 next
058.550 Acked DATA 6, slide SEND window
058.550 Send DATA 14 10, ID 20222
058.835 Recv DATA 11 7, ID 10219
058.835 Deliver DATA 11, ID 10219
058.835 Slide RECV window, expect 12 next
058.835 Acked DATA 7, slide SEND window
058.836 Send DATA 15 11, ID 20223
059.097 Recv DATA 12 8, ID 10220
059.098 Deliver DATA 12, ID 10220
059.098 Slide RECV window, expect 13 next
059.098 Acked DATA 8, slide SEND window
059.098 Send DATA 0 12, ID 20224
059.366 Recv DATA 13 8, ID 10221
059.366 Deliver DATA 13, ID 10221
059.366 Slide RECV window, expect 14 next
059.531 ---- ACK timeout
059.531 Send ACK  13
059.634 Recv DATA 14 9, ID 10222
059.634 Deliver DATA 14, ID 10222
059.634 Slide RECV window, expect 15 next
059.634 Acked DATA 9, slide SEND window
059.634 Send DATA 1 14, ID 20225
059.683 Recv ACK  10
059.683 Acked DATA 10, slide SEND window
059.683 Send DATA 2 14, ID 20226
059.901 Recv DATA 15 10, ID 10223
059.901 Deliver DATA 15, ID 10223
059.901 .... 224 packets received, 7725 bps, 96.56%, Err 0 (0.0e+00)
059.901 Slide RECV window, expect 0 next
059.949 Recv ACK  11
059.949 Acked DATA 11, slide SEND window
059.950 Send DATA 3 15, ID 20227
060.150 Recv DATA 0 12, ID 10224
060.150 Deliver DATA 0, ID 10224
060.150 Slide RECV window, expect 1 next
060.150 Acked DATA 12, slide SEND window
060.151 Send DATA 4 0, ID 20228
060.418 Recv DATA 1 13, ID 10225
060.418 Deliver DATA 1, ID 10225
060.418 Slide RECV window, expect 2 next
060.418 Acked DATA 13, slide SEND window
060.418 Send DATA 5 1, ID 20229
060.699 Recv DATA 2 14, ID 10226
060.699 Deliver DATA 2, ID 10226
060.710 Slide RECV window, expect 3 next
060.710 Acked DATA 14, slide SEND window
060.711 Send DATA 6 2, ID 20230
060.931 Recv DATA 3 15, ID 10227
060.931 Deliver DATA 3, ID 10227
060.931 Slide RECV window, expect 4 next
060.931 Acked DATA 15, slide SEND window
060.932 Send DATA 7 3, ID 20231
061.201 Recv DATA 4 0, ID 10228
061.201 Deliver DATA 4, ID 10228
061.201 Slide RECV window, expect 5 next
061.201 Acked DATA 0, slide SEND window
061.201 Send DATA 8 4, ID 20232
061.465 Recv DATA 5 0, ID 10229
061.465 Deliver DATA 5, ID 10229
061.465 Slide RECV window, expect 6 next
061.634 ---- ACK timeout
061.634 Send ACK  5
061.730 Recv DATA 6 1, ID 10230
061.730 Deliver DATA 6, ID 10230
061.730 Slide RECV window, expect 7 next
061.730 Acked DATA 1, slide SEND window
061.730 Send DATA 9 6, ID 20233
061.745 Recv ACK  2
061.746 Acked DATA 2, slide SEND window
061.746 Send DATA 10 6, ID 20234
062.013 Recv DATA 7 3, ID 10231
062.013 Deliver DATA 7, ID 10231
062.014 .... 232 packets received, 7726 bps, 96.57%, Err 0 (0.0e+00)
062.014 Slide RECV window, expect 8 next
062.014 Acked DATA 3, slide SEND window
062.014 Send DATA 11 7, ID 20235
062.298 Recv DATA 8 4, ID 10232
062.298 Deliver DATA 8, ID 10232
062.298 Slide RECV window, expect 9 next
062.298 Acked DATA 4, slide SEND window
062.298 Send DATA 12 8, ID 20236
062.582 Recv DATA 9 5, ID 10233
062.582 Deliver DATA 9, ID 10233
062.582 Slide RECV window, expect 10 next
062.582 Acked DATA 5, slide SEND window
062.583 Send DATA 13 9, ID 20237
062.797 Recv DATA 10 6, ID 10234
062.797 Deliver DATA 10, ID 10234
062.797 Slide RECV window, expect 11 next
062.797 Acked DATA 6, slide SEND window
062.797 Send DATA 14 10, ID 20238
063.069 Recv DATA 11 7, ID 10235
063.069 Deliver DATA 11, ID 10235
063.069 Slide RECV window, expect 12 next
063.069 Acked DATA 7, slide SEND window
063.069 Send DATA 15 11, ID 20239
063.333 Recv DATA 12 8, ID 10236
063.334 Deliver DATA 12, ID 10236
063.334 Slide RECV window, expect 13 next
063.334 Acked DATA 8, slide SEND window
063.334 Send DATA 0 12, ID 20240
063.627 Recv DATA 13 8, ID 10237
063.627 Deliver DATA 13, ID 10237
063.627 Slide RECV window, expect 14 next
063.800 ---- ACK timeout
063.800 Send ACK  13
063.899 Recv DATA 14 9, ID 10238
063.899 Deliver DATA 14, ID 10238
063.900 Slide RECV window, expect 15 next
063.900 Acked DATA 9, slide SEND window
063.900 Send DATA 1 14, ID 20241
063.948 Recv ACK  10
063.948 Acked DATA 10, slide SEND window
063.948 Send DATA 2 14, ID 20242
064.115 Recv DATA 15 11, ID 10239
064.115 Deliver DATA 15, ID 10239
064.116 .... 240 packets received, 7728 bps, 96.60%, Err 0 (0.0e+00)
064.116 Slide RECV window, expect 0 next
064.116 Acked DATA 11, slide SEND window
064.116 Send DATA 3 15, ID 20243
064.400 Recv DATA 0 12, ID 10240
064.400 Deliver DATA 0, ID 10240
064.400 Slide RECV window, expect 1 next
064.400 Acked DATA 12, slide SEND window
064.400 Send DATA 4 0, ID 20244
064.662 Recv DATA 1 13, ID 10241
064.662 Deliver DATA 1, ID 10241
064.662 Slide RECV window, expect 2 next
064.662 Acked DATA 13, slide SEND window
064.662 Send DATA 5 1, ID 20245
064.934 Recv DATA 2 14, ID 10242
064.934 Deliver DATA 2, ID 10242
064.934 Slide RECV window, expect 3 next
064.934 Acked DATA 14, slide SEND window
064.934 Send DATA 6 2, ID 20246
065.214 Recv DATA 3 15, ID 10243
065.214 Deliver DATA 3, ID 10243
065.214 Slide RECV window, expect 4 next
065.214 Acked DATA 15, slide SEND window
065.214 Send DATA 7 3, ID 20247
065.465 Recv DATA 4 0, ID 10244
065.465 Deliver DATA 4, ID 10244
065.466 Slide RECV window, expect 5 next
065.466 Acked DATA 0, slide SEND window
065.466 Send DATA 8 4, ID 20248
065.700 Recv DATA 5 0, ID 10245
065.700 Deliver DATA 5, ID 10245
065.700 Slide RECV window, expect 6 next
065.881 ---- ACK timeout
065.881 Send ACK  5
066.014 Recv DATA 6 1, ID 10246
066.014 Deliver DATA 6, ID 10246
066.014 Slide RECV window, expect 7 next
066.014 Acked DATA 1, slide SEND window
066.014 Recv ACK  2
066.014 Acked DATA 2, slide SEND window
066.015 Send DATA 9 6, ID 20249
066.015 Send DATA 10 6, ID 20250
066.246 Recv DATA 7 3, ID 10247
066.258 Deliver DATA 7, ID 10247
066.258 .... 248 packets received, 7727 bps, 96.59%, Err 0 (0.0e+00)
066.258 Slide RECV window, expect 8 next
066.258 Acked DATA 3, slide SEND window
066.258 Send DATA 11 7, ID 20251
066.533 Recv DATA 8 4, ID 10248
066.533 Deliver DATA 8, ID 10248
066.533 Slide RECV window, expect 9 next
066.533 Acked DATA 4, slide SEND window
066.534 Send DATA 12 8, ID 20252
066.781 Recv DATA 9 5, ID 10249
066.781 Deliver DATA 9, ID 10249
066.781 Slide RECV window, expect 10 next
066.781 Acked DATA 5, slide SEND window
066.781 Send DATA 13 9, ID 20253
067.063 Recv DATA 10 6, ID 10250
067.063 Deliver DATA 10, ID 10250
067.063 Slide RECV window, expect 11 next
067.063 Acked DATA 6, slide SEND window
067.064 Send DATA 14 10, ID 20254
067.349 Recv DATA 11 7, ID 10251
067.349 Deliver DATA 11, ID 10251
067.349 Slide RECV window, expect 12 next
067.349 Acked DATA 7, slide SEND window
067.349 Send DATA 15 11, ID 20255
067.551 Recv DATA 12 8, ID 10252
067.551 Deliver DATA 12, ID 10252
067.551 Slide RECV window, expect 13 next
067.551 Acked DATA 8, slide SEND window
067.551 Send DATA 0 12, ID 20256
067.831 Recv DATA 13 8, ID 10253
067.831 Deliver DATA 13, ID 10253
067.831 Slide RECV window, expect 14 next
068.001 ---- ACK timeout
068.001 Send ACK  13
068.114 Recv DATA 14 9, ID 10254
068.114 Deliver DATA 14, ID 10254
068.114 Slide RECV window, expect 15 next
068.115 Acked DATA 9, slide SEND window
068.115 Send DATA 1 14, ID 20257
068.167 Recv ACK  10
068.167 Acked DATA 10, slide SEND window
068.167 Send DATA 2 14, ID 20258
068.349 Recv DATA 15 11, ID 10255
068.349 Deliver DATA 15, ID 10255
068.349 .... 256 packets received, 7729 bps, 96.61%, Err 0 (0.0e+00)
068.349 Slide RECV window, expect 0 next
068.349 Acked DATA 11, slide SEND window
068.349 Send DATA 3 15, ID 20259
068.634 Recv DATA 0 12, ID 10256
068.634 Deliver DATA 0, ID 10256
068.634 Slide RECV window, expect 1 next
068.634 Acked DATA 12, slide SEND window
068.634 Send DATA 4 0, ID 20260
068.901 Recv DATA 1 13, ID 10257
068.901 Deliver DATA 1, ID 10257
068.901 Slide RECV window, expect 2 next
068.901 Acked DATA 13, slide SEND window
068.902 Send DATA 5 1, ID 20261
069.164 Recv DATA 2 14, ID 10258
069.164 Deliver DATA 2, ID 10258
069.164 Slide RECV window, expect 3 next
069.164 Acked DATA 14, slide SEND window
069.164 Send DATA 6 2, ID 20262
069.431 Recv DATA 3 15, ID 10259
069.431 Deliver DATA 3, ID 10259
069.431 Slide RECV window, expect 4 next
069.431 Acked DATA 15, slide SEND window
069.432 Send DATA 7 3, ID 20263
069.700 Recv DATA 4 0, ID 10260
069.700 Deliver DATA 4, ID 10260
069.700 Slide RECV window, expect 5 next
069.701 Acked DATA 0, slide SEND window
069.701 Send DATA 8 4, ID 20264
069.966 Recv DATA 5 0, ID 10261
069.966 Deliver DATA 5, ID 10261
069.966 Slide RECV window, expect 6 next
070.147 ---- ACK timeout
070.147 Send ACK  5
070.213 Recv DATA 6 1, ID 10262
070.213 Deliver DATA 6, ID 10262
070.213 Slide RECV window, expect 7 next
070.213 Acked DATA 1, slide SEND window
070.214 Send DATA 9 6, ID 20265
070.230 Recv ACK  2
070.230 Acked DATA 2, slide SEND window
070.230 Send DATA 10 6, ID 20266
070.484 Recv DATA 7 3, ID 10263
070.484 Deliver DATA 7, ID 10263
070.484 .... 264 packets received, 7727 bps, 96.59%, Err 0 (0.0e+00)
070.484 Slide RECV window, expect 8 next
070.484 Acked DATA 3, slide SEND window
070.484 Send DATA 11 7, ID 20267
070.748 Recv DATA 8 4, ID 10264
070.748 Deliver DATA 8, ID 10264
070.748 Slide RECV window, expect 9 next
070.748 Acked DATA 4, slide SEND window
070.748 Send DATA 12 8, ID 20268
071.017 Recv DATA 9 5, ID 10265
071.017 Deliver DATA 9, ID 10265
071.017 Slide RECV window, expect 10 next
071.017 Acked DATA 5, slide SEND window
071.017 Send DATA 13 9, ID 20269
071.279 Recv DATA 10 6, ID 10266
071.279 Deliver DATA 10, ID 10266
071.279 Slide RECV window, expect 11 next
071.279 Acked DATA 6, slide SEND window
071.280 Send DATA 14 10, ID 20270
071.566 Recv DATA 11 7, ID 10267
071.566 Deliver DATA 11, ID 10267
071.566 Slide RECV window, expect 12 next
071.566 Acked DATA 7, slide SEND window
071.566 Send DATA 15 11, ID 20271
071.841 Recv DATA 12 8, ID 10268
071.841 Deliver DATA 12, ID 10268
071.841 Slide RECV window, expect 13 next
071.841 Acked DATA 8, slide SEND window
071.842 Send DATA 0 12, ID 20272
072.082 Recv DATA 13 8, ID 10269
072.082 Deliver DATA 13, ID 10269
072.082 Slide RECV window, expect 14 next
072.250 ---- ACK timeout
072.250 Send ACK  13
072.348 Recv DATA 14 9, ID 10270
072.348 Deliver DATA 14, ID 10270
072.348 Slide RECV window, expect 15 next
072.348 Acked DATA 9, slide SEND window
072.348 Send DATA 1 14, ID 20273
072.365 Recv ACK  10
072.365 Acked DATA 10, slide SEND window
072.365 Send DATA 2 14, ID 20274
072.614 Recv DATA 15 11, ID 10271
072.614 Deliver DATA 15, ID 10271
072.614 .... 272 packets received, 7726 bps, 96.58%, Err 0 (0.0e+00)
072.614 Slide RECV window, expect 0 next
072.614 Acked DATA 11, slide SEND window
072.614 Send DATA 3 15, ID 20275
072.882 Recv DATA 0 12, ID 10272
072.883 Deliver DATA 0, ID 10272
072.883 Slide RECV window, expect 1 next
072.883 Acked DATA 12, slide SEND window
072.883 Send DATA 4 0, ID 20276
073.148 Recv DATA 1 13, ID 10273
073.148 Deliver DATA 1, ID 10273
073.148 Slide RECV window, expect 2 next
073.148 Acked DATA 13, slide SEND window
073.149 Send DATA 5 1, ID 20277
073.384 Recv DATA 2 14, ID 10274
073.384 Deliver DATA 2, ID 10274
073.384 Slide RECV window, expect 3 next
073.384 Acked DATA 14, slide SEND window
073.384 Send DATA 6 2, ID 20278
073.664 Recv DATA 3 15, ID 10275
073.664 Deliver DATA 3, ID 10275
073.664 Slide RECV window, expect 4 next
073.664 Acked DATA 15, slide SEND window
073.664 Send DATA 7 3, ID 20279
073.932 Recv DATA 4 0, ID 10276
073.932 Deliver DATA 4, ID 10276
073.932 Slide RECV window, expect 5 next
073.932 Acked DATA 0, slide SEND window
073.932 Send DATA 8 4, ID 20280
074.182 Recv DATA 5 0, ID 10277
074.182 Deliver DATA 5, ID 10277
074.182 Slide RECV window, expect 6 next
074.348 ---- ACK timeout
074.348 Send ACK  5
074.466 Recv DATA 6 1, ID 10278
074.466 Deliver DATA 6, ID 10278
074.466 Slide RECV window, expect 7 next
074.466 Acked DATA 1, slide SEND window
074.466 Send DATA 9 6, ID 20281
074.497 Recv ACK  2
074.497 Acked DATA 2, slide SEND window
074.497 Send DATA 10 6, ID 20282
074.749 Recv DATA 7 3, ID 10279
074.749 Deliver DATA 7, ID 10279
074.749 .... 280 packets received, 7725 bps, 96.56%, Err 0 (0.0e+00)
074.749 Slide RECV window, expect 8 next
074.749 Acked DATA 3, slide SEND window
074.749 Send DATA 11 7, ID 20283
075.013 Recv DATA 8 4, ID 10280
075.013 Deliver DATA 8, ID 10280
075.013 Slide RECV window, expect 9 next
075.013 Acked DATA 4, slide SEND window
075.013 Send DATA 12 8, ID 20284
075.297 Recv DATA 9 5, ID 10281
075.297 Deliver DATA 9, ID 10281
075.297 Slide RECV window, expect 10 next
075.297 Acked DATA 5, slide SEND window
075.298 Send DATA 13 9, ID 20285
075.514 Recv DATA 10 6, ID 10282
075.514 Deliver DATA 10, ID 10282
075.514 Slide RECV window, expect 11 next
075.514 Acked DATA 6, slide SEND window
075.514 Send DATA 14 10, ID 20286
075.797 Recv DATA 11 7, ID 10283
075.797 Deliver DATA 11, ID 10283
075.797 Slide RECV window, expect 12 next
075.797 Acked DATA 7, slide SEND window
075.797 Send DATA 15 11, ID 20287
076.066 Recv DATA 12 8, ID 10284
076.066 Deliver DATA 12, ID 10284
076.066 Slide RECV window, expect 13 next
076.066 Acked DATA 8, slide SEND window
076.066 Send DATA 0 12, ID 20288
076.314 Recv DATA 13 8, ID 10285
076.314 Deliver DATA 13, ID 10285
076.314 Slide RECV window, expect 14 next
076.364 Recv ACK  9
076.364 Acked DATA 9, slide SEND window
076.364 Send DATA 1 13, ID 20289
076.615 Recv DATA 14 9, ID 10286
076.615 Deliver DATA 14, ID 10286
076.615 Slide RECV window, expect 15 next
076.634 Recv ACK  10
076.634 Acked DATA 10, slide SEND window
076.634 Send DATA 2 14, ID 20290
076.882 Recv DATA 15 11, ID 10287
076.882 Deliver DATA 15, ID 10287
076.882 .... 288 packets received, 7723 bps, 96.54%, Err 0 (0.0e+00)
076.882 Slide RECV window, expect 0 next
076.882 Acked DATA 11, slide SEND window
076.883 Send DATA 3 15, ID 20291
077.132 Recv DATA 0 12, ID 10288
077.133 Deliver DATA 0, ID 10288
077.133 Slide RECV window, expect 1 next
077.133 Acked DATA 12, slide SEND window
077.133 Send DATA 4 0, ID 20292
077.400 Recv DATA 1 13, ID 10289
077.400 Deliver DATA 1, ID 10289
077.400 Slide RECV window, expect 2 next
077.401 Acked DATA 13, slide SEND window
077.401 Send DATA 5 1, ID 20293
077.647 Recv DATA 2 14, ID 10290
077.648 Deliver DATA 2, ID 10290
077.648 Slide RECV window, expect 3 next
077.648 Acked DATA 14, slide SEND window
077.648 Send DATA 6 2, ID 20294
077.916 Recv DATA 3 15, ID 10291
077.916 Deliver DATA 3, ID 10291
077.916 Slide RECV window, expect 4 next
077.916 Acked DATA 15, slide SEND window
077.916 Send DATA 7 3, ID 20295
078.185 Recv DATA 4 0, ID 10292
078.185 Deliver DATA 4, ID 10292
078.185 Slide RECV window, expect 5 next
078.185 Acked DATA 0, slide SEND window
078.185 Send DATA 8 4, ID 20296
078.447 Recv DATA 5 1, ID 10293
078.447 Deliver DATA 5, ID 10293
078.447 Slide RECV window, expect 6 next
078.447 Acked DATA 1, slide SEND window
078.447 Send DATA 9 5, ID 20297
078.699 Recv DATA 6 2, ID 10294
078.699 Deliver DATA 6, ID 10294
078.699 Slide RECV window, expect 7 next
078.699 Acked DATA 2, slide SEND window
078.699 Send DATA 10 6, ID 20298
078.981 Recv DATA 7 3, ID 10295
078.981 Deliver DATA 7, ID 10295
078.981 .... 296 packets received, 7726 bps, 96.57%, Err 0 (0.0e+00)
078.981 Slide RECV window, expect 8 next
078.981 Acked DATA 3, slide SEND window
078.981 Send DATA 11 7, ID 20299
079.264 Recv DATA 8 4, ID 10296
079.264 Deliver DATA 8, ID 10296
079.264 Slide RECV window, expect 9 next
079.264 Acked DATA 4, slide SEND window
079.264 Send DATA 12 8, ID 20300
079.498 Recv DATA 9 5, ID 10297
079.498 Deliver DATA 9, ID 10297
079.498 Slide RECV window, expect 10 next
079.498 Acked DATA 5, slide SEND window
079.498 Send DATA 13 9, ID 20301
079.768 Recv DATA 10 6, ID 10298
079.768 Deliver DATA 10, ID 10298
079.768 Slide RECV window, expect 11 next
079.768 Acked DATA 6, slide SEND window
079.768 Send DATA 14 10, ID 20302
080.012 Recv DATA 11 7, ID 10299
080.012 Deliver DATA 11, ID 10299
080.012 Slide RECV window, expect 12 next
080.012 Acked DATA 7, slide SEND window
080.012 Send DATA 15 11, ID 20303
080.285 Recv DATA 12 8, ID 10300
080.285 Deliver DATA 12, ID 10300
080.285 Slide RECV window, expect 13 next
080.285 Acked DATA 8, slide SEND window
080.285 Send DATA 0 12, ID 20304
080.551 Recv DATA 13 9, ID 10301
080.551 Deliver DATA 13, ID 10301
080.551 Slide RECV window, expect 14 next
080.551 Acked DATA 9, slide SEND window
080.551 Send DATA 1 13, ID 20305
080.800 Recv DATA 14 10, ID 10302
080.800 Deliver DATA 14, ID 10302
080.800 Slide RECV window, expect 15 next
080.800 Acked DATA 10, slide SEND window
080.800 Send DATA 2 14, ID 20306
081.100 Recv DATA 15 11, ID 10303
081.100 Deliver DATA 15, ID 10303
081.100 .... 304 packets received, 7726 bps, 96.57%, Err 0 (0.0e+00)
081.100 Slide RECV window, expect 0 next
081.100 Acked DATA 11, slide SEND window
081.101 Send DATA 3 15, ID 20307
081.366 Recv DATA 0 12, ID 10304
081.366 Deliver DATA 0, ID 10304
081.366 Slide RECV window, expect 1 next
081.366 Acked DATA 12, slide SEND window
081.367 Send DATA 4 0, ID 20308
081.613 Recv DATA 1 13, ID 10305
081.613 Deliver DATA 1, ID 10305
081.613 Slide RECV window, expect 2 next
081.613 Acked DATA 13, slide SEND window
081.614 Send DATA 5 1, ID 20309
081.864 Recv DATA 2 14, ID 10306
081.864 Deliver DATA 2, ID 10306
081.864 Slide RECV window, expect 3 next
081.864 Acked DATA 14, slide SEND window
081.865 Send DATA 6 2, ID 20310
082.130 Recv DATA 3 15, ID 10307
082.130 Deliver DATA 3, ID 10307
082.131 Slide RECV window, expect 4 next
082.131 Acked DATA 15, slide SEND window
082.131 Send DATA 7 3, ID 20311
082.414 Recv DATA 4 0, ID 10308
082.414 Deliver DATA 4, ID 10308
082.414 Slide RECV window, expect 5 next
082.414 Acked DATA 0, slide SEND window
082.414 Send DATA 8 4, ID 20312
082.668 Recv DATA 5 1, ID 10309
082.668 Deliver DATA 5, ID 10309
082.668 Slide RECV window, expect 6 next
082.668 Acked DATA 1, slide SEND window
082.669 Send DATA 9 5, ID 20313
082.933 Recv DATA 6 2, ID 10310
082.933 Deliver DATA 6, ID 10310
082.933 Slide RECV window, expect 7 next
082.935 Acked DATA 2, slide SEND window
082.935 Send DATA 10 6, ID 20314
083.215 Recv DATA 7 3, ID 10311
083.215 Deliver DATA 7, ID 10311
083.215 .... 312 packets received, 7726 bps, 96.58%, Err 0 (0.0e+00)
083.215 Slide RECV window, expect 8 next
083.215 Acked DATA 3, slide SEND window
083.215 Send DATA 11 7, ID 20315
083.450 Recv DATA 8 4, ID 10312
083.450 Deliver DATA 8, ID 10312
083.450 Slide RECV window, expect 9 next
083.450 Acked DATA 4, slide SEND window
083.450 Send DATA 12 8, ID 20316
083.696 Recv DATA 9 5, ID 10313
083.697 Deliver DATA 9, ID 10313
083.697 Slide RECV window, expect 10 next
083.697 Acked DATA 5, slide SEND window
083.697 Send DATA 13 9, ID 20317
083.981 Recv DATA 10 6, ID 10314
083.981 Deliver DATA 10, ID 10314
083.981 Slide RECV window, expect 11 next
083.981 Acked DATA 6, slide SEND window
083.981 Send DATA 14 10, ID 20318
084.247 Recv DATA 11 7, ID 10315
084.247 Deliver DATA 11, ID 10315
084.248 Slide RECV window, expect 12 next
084.248 Acked DATA 7, slide SEND window
084.248 Send DATA 15 11, ID 20319
084.515 Recv DATA 12 8, ID 10316
084.515 Deliver DATA 12, ID 10316
084.515 Slide RECV window, expect 13 next
084.515 Acked DATA 8, slide SEND window
084.515 Send DATA 0 12, ID 20320
084.815 Recv DATA 13 9, ID 10317
084.815 Deliver DATA 13, ID 10317
084.815 Slide RECV window, expect 14 next
084.815 Acked DATA 9, slide SEND window
084.815 Send DATA 1 13, ID 20321
085.047 Recv DATA 14 10, ID 10318
085.047 Deliver DATA 14, ID 10318
085.047 Slide RECV window, expect 15 next
085.047 Acked DATA 10, slide SEND window
085.047 Send DATA 2 14, ID 20322
085.315 Recv DATA 15 11, ID 10319
085.315 Deliver DATA 15, ID 10319
085.315 .... 320 packets received, 7728 bps, 96.60%, Err 0 (0.0e+00)
085.315 Slide RECV window, expect 0 next
085.315 Acked DATA 11, slide SEND window
085.315 Send DATA 3 15, ID 20323
085.566 Recv DATA 0 12, ID 10320
085.566 Deliver DATA 0, ID 10320
085.566 Slide RECV window, expect 1 next
085.566 Acked DATA 12, slide SEND window
085.567 Send DATA 4 0, ID 20324
085.846 Recv DATA 1 13, ID 10321
085.846 Deliver DATA 1, ID 10321
085.846 Slide RECV window, expect 2 next
085.846 Acked DATA 13, slide SEND window
085.846 Send DATA 5 1, ID 20325
086.085 Recv DATA 2 14, ID 10322
086.085 Deliver DATA 2, ID 10322
086.085 Slide RECV window, expect 3 next
086.085 Acked DATA 14, slide SEND window
086.085 Send DATA 6 2, ID 20326
086.365 Recv DATA 3 15, ID 10323
086.365 Deliver DATA 3, ID 10323
086.365 Slide RECV window, expect 4 next
086.365 Acked DATA 15, slide SEND window
086.365 Send DATA 7 3, ID 20327
086.601 Recv DATA 4 0, ID 10324
086.601 Deliver DATA 4, ID 10324
086.601 Slide RECV window, expect 5 next
086.601 Acked DATA 0, slide SEND window
086.601 Send DATA 8 4, ID 20328
086.881 Recv DATA 5 1, ID 10325
086.881 Deliver DATA 5, ID 10325
086.881 Slide RECV window, expect 6 next
086.881 Acked DATA 1, slide SEND window
086.882 Send DATA 9 5, ID 20329
087.167 Recv DATA 6 2, ID 10326
087.167 Deliver DATA 6, ID 10326
087.167 Slide RECV window, expect 7 next
087.167 Acked DATA 2, slide SEND window
087.168 Send DATA 10 6, ID 20330
087.432 Recv DATA 7 3, ID 10327
087.432 Deliver DATA 7, ID 10327
087.432 .... 328 packets received, 7728 bps, 96.61%, Err 0 (0.0e+00)
087.432 Slide RECV window, expect 8 next
087.432 Acked DATA 3, slide SEND window
087.432 Send DATA 11 7, ID 20331
087.697 Recv DATA 8 4, ID 10328
087.697 Deliver DATA 8, ID 10328
087.697 Slide RECV window, expect 9 next
087.698 Acked DATA 4, slide SEND window
087.698 Send DATA 12 8, ID 20332
087.967 Recv DATA 9 5, ID 10329
087.967 Deliver DATA 9, ID 10329
087.967 Slide RECV window, expect 10 next
087.967 Acked DATA 5, slide SEND window
087.967 Send DATA 13 9, ID 20333
088.216 Recv DATA 10 6, ID 10330
088.216 Deliver DATA 10, ID 10330
088.216 Slide RECV window, expect 11 next
088.216 Acked DATA 6, slide SEND window
088.216 Send DATA 14 10, ID 20334
088.481 Recv DATA 11 7, ID 10331
088.481 Deliver DATA 11, ID 10331
088.481 Slide RECV window, expect 12 next
088.482 Acked DATA 7, slide SEND window
088.482 Send DATA 15 11, ID 20335
088.735 Recv DATA 12 8, ID 10332
088.735 Deliver DATA 12, ID 10332
088.735 Slide RECV window, expect 13 next
088.735 Acked DATA 8, slide SEND window
088.735 Send DATA 0 12, ID 20336
089.013 Recv DATA 13 9, ID 10333
089.013 Deliver DATA 13, ID 10333
089.013 Slide RECV window, expect 14 next
089.013 Acked DATA 9, slide SEND window
089.013 Send DATA 1 13, ID 20337
089.249 Recv DATA 14 10, ID 10334
089.249 Deliver DATA 14, ID 10334
089.249 Slide RECV window, expect 15 next
089.249 Acked DATA 10, slide SEND window
089.249 Send DATA 2 14, ID 20338
089.516 Recv DATA 15 11, ID 10335
089.516 Deliver DATA 15, ID 10335
089.516 .... 336 packets received, 7732 bps, 96.65%, Err 0 (0.0e+00)
089.516 Slide RECV window, expect 0 next
089.516 Acked DATA 11, slide SEND window
089.516 Send DATA 3 15, ID 20339
089.831 Recv DATA 0 12, ID 10336
089.831 Deliver DATA 0, ID 10336
089.831 Slide RECV window, expect 1 next
089.832 Acked DATA 12, slide SEND window
089.832 Send DATA 4 0, ID 20340
090.048 Recv DATA 1 13, ID 10337
090.049 Deliver DATA 1, ID 10337
090.049 Slide RECV window, expect 2 next
090.049 Acked DATA 13, slide SEND window
090.049 Send DATA 5 1, ID 20341
090.314 Recv DATA 2 14, ID 10338
090.314 Deliver DATA 2, ID 10338
090.314 Slide RECV window, expect 3 next
090.314 Acked DATA 14, slide SEND window
090.314 Send DATA 6 2, ID 20342
090.612 Recv DATA 3 15, ID 10339
090.612 Deliver DATA 3, ID 10339
090.612 Slide RECV window, expect 4 next
090.612 Acked DATA 15, slide SEND window
090.612 Send DATA 7 3, ID 20343
090.865 Recv DATA 4 0, ID 10340
090.865 Deliver DATA 4, ID 10340
090.865 Slide RECV window, expect 5 next
090.866 Acked DATA 0, slide SEND window
090.866 Send DATA 8 4, ID 20344
091.118 Recv DATA 5 1, ID 10341
091.118 Deliver DATA 5, ID 10341
091.118 Slide RECV window, expect 6 next
091.118 Acked DATA 1, slide SEND window
091.118 Send DATA 9 5, ID 20345
091.382 Recv DATA 6 2, ID 10342
091.382 Deliver DATA 6, ID 10342
091.382 Slide RECV window, expect 7 next
091.382 Acked DATA 2, slide SEND window
091.382 Send DATA 10 6, ID 20346
091.632 Recv DATA 7 3, ID 10343
091.632 Deliver DATA 7, ID 10343
091.632 .... 344 packets received, 7732 bps, 96.65%, Err 0 (0.0e+00)
091.632 Slide RECV window, expect 8 next
091.632 Acked DATA 3, slide SEND window
091.633 Send DATA 11 7, ID 20347
091.914 Recv DATA 8 4, ID 10344
091.914 Deliver DATA 8, ID 10344
091.914 Slide RECV window, expect 9 next
091.914 Acked DATA 4, slide SEND window
091.914 Send DATA 12 8, ID 20348
092.160 Recv DATA 9 5, ID 10345
092.160 Deliver DATA 9, ID 10345
092.160 Slide RECV window, expect 10 next
092.160 Acked DATA 5, slide SEND window
092.160 Send DATA 13 9, ID 20349
092.432 Recv DATA 10 6, ID 10346
092.432 Deliver DATA 10, ID 10346
092.432 Slide RECV window, expect 11 next
092.433 Acked DATA 6, slide SEND window
092.433 Send DATA 14 10, ID 20350
092.714 Recv DATA 11 7, ID 10347
092.714 Deliver DATA 11, ID 10347
092.714 Slide RECV window, expect 12 next
092.714 Acked DATA 7, slide SEND window
092.714 Send DATA 15 11, ID 20351
092.982 Recv DATA 12 8, ID 10348
092.982 Deliver DATA 12, ID 10348
092.982 Slide RECV window, expect 13 next
092.982 Acked DATA 8, slide SEND window
092.983 Send DATA 0 12, ID 20352
093.265 Recv DATA 13 9, ID 10349
093.265 Deliver DATA 13, ID 10349
093.265 Slide RECV window, expect 14 next
093.265 Acked DATA 9, slide SEND window
093.265 Send DATA 1 13, ID 20353
093.482 Recv DATA 14 10, ID 10350
093.482 Deliver DATA 14, ID 10350
093.482 Slide RECV window, expect 15 next
093.482 Acked DATA 10, slide SEND window
093.483 Send DATA 2 14, ID 20354
093.748 Recv DATA 15 11, ID 10351
093.748 Deliver DATA 15, ID 10351
093.748 .... 352 packets received, 7732 bps, 96.65%, Err 0 (0.0e+00)
093.749 Slide RECV window, expect 0 next
093.749 Acked DATA 11, slide SEND window
093.749 Send DATA 3 15, ID 20355
094.016 Recv DATA 0 12, ID 10352
094.017 Deliver DATA 0, ID 10352
094.017 Slide RECV window, expect 1 next
094.017 Acked DATA 12, slide SEND window
094.017 Send DATA 4 0, ID 20356
094.284 Recv DATA 1 13, ID 10353
094.284 Deliver DATA 1, ID 10353
094.284 Slide RECV window, expect 2 next
094.285 Acked DATA 13, slide SEND window
094.285 Send DATA 5 1, ID 20357
094.547 Recv DATA 2 14, ID 10354
094.547 Deliver DATA 2, ID 10354
094.547 Slide RECV window, expect 3 next
094.547 Acked DATA 14, slide SEND window
094.547 Send DATA 6 2, ID 20358
094.817 Recv DATA 3 15, ID 10355
094.817 Deliver DATA 3, ID 10355
094.817 Slide RECV window, expect 4 next
094.817 Acked DATA 15, slide SEND window
094.817 Send DATA 7 3, ID 20359
095.063 Recv DATA 4 0, ID 10356
095.063 Deliver DATA 4, ID 10356
095.063 Slide RECV window, expect 5 next
095.063 Acked DATA 0, slide SEND window
095.063 Send DATA 8 4, ID 20360
095.347 Recv DATA 5 1, ID 10357
095.347 Deliver DATA 5, ID 10357
095.347 Slide RECV window, expect 6 next
095.347 Acked DATA 1, slide SEND window
095.347 Send DATA 9 5, ID 20361
095.599 Recv DATA 6 2, ID 10358
095.599 Deliver DATA 6, ID 10358
095.600 Slide RECV window, expect 7 next
095.600 Acked DATA 2, slide SEND window
095.600 Send DATA 10 6, ID 20362
095.847 Recv DATA 7 3, ID 10359
095.847 Deliver DATA 7, ID 10359
095.847 .... 360 packets received, 7734 bps, 96.67%, Err 0 (0.0e+00)
095.847 Slide RECV window, expect 8 next
095.847 Acked DATA 3, slide SEND window
095.847 Send DATA 11 7, ID 20363
096.131 Recv DATA 8 4, ID 10360
096.131 Deliver DATA 8, ID 10360
096.131 Slide RECV window, expect 9 next
096.131 Acked DATA 4, slide SEND window
096.131 Send DATA 12 8, ID 20364
096.414 Recv DATA 9 5, ID 10361
096.414 Deliver DATA 9, ID 10361
096.414 Slide RECV window, expect 10 next
096.414 Acked DATA 5, slide SEND window
096.415 Send DATA 13 9, ID 20365
096.648 Recv DATA 10 6, ID 10362
096.648 Deliver DATA 10, ID 10362
096.648 Slide RECV window, expect 11 next
096.648 Acked DATA 6, slide SEND window
096.648 Send DATA 14 10, ID 20366
096.897 Recv DATA 11 7, ID 10363
096.897 Deliver DATA 11, ID 10363
096.897 Slide RECV window, expect 12 next
096.897 Acked DATA 7, slide SEND window
096.897 Send DATA 15 11, ID 20367
097.166 Recv DATA 12 8, ID 10364
097.166 Deliver DATA 12, ID 10364
097.166 Slide RECV window, expect 13 next
097.166 Acked DATA 8, slide SEND window
097.166 Send DATA 0 12, ID 20368
097.465 Recv DATA 13 9, ID 10365
097.465 Deliver DATA 13, ID 10365
097.465 Slide RECV window, expect 14 next
097.465 Acked DATA 9, slide SEND window
097.465 Send DATA 1 13, ID 20369
097.715 Recv DATA 14 10, ID 10366
097.715 Deliver DATA 14, ID 10366
097.715 Slide RECV window, expect 15 next
097.715 Acked DATA 10, slide SEND window
097.715 Send DATA 2 14, ID 20370
097.982 Recv DATA 15 11, ID 10367
097.982 Deliver DATA 15, ID 10367
097.982 .... 368 packets received, 7732 bps, 96.66%, Err 0 (0.0e+00)
097.982 Slide RECV window, expect 0 next
097.982 Acked DATA 11, slide SEND window
097.982 Send DATA 3 15, ID 20371
098.262 Recv DATA 0 12, ID 10368
098.262 Deliver DATA 0, ID 10368
098.262 Slide RECV window, expect 1 next
098.262 Acked DATA 12, slide SEND window
098.262 Send DATA 4 0, ID 20372
098.497 Recv DATA 1 13, ID 10369
098.497 Deliver DATA 1, ID 10369
098.497 Slide RECV window, expect 2 next
098.497 Acked DATA 13, slide SEND window
098.497 Send DATA 5 1, ID 20373
098.766 Recv DATA 2 14, ID 10370
098.766 Deliver DATA 2, ID 10370
098.766 Slide RECV window, expect 3 next
098.766 Acked DATA 14, slide SEND window
098.766 Send DATA 6 2, ID 20374
099.033 Recv DATA 3 15, ID 10371
099.033 Deliver DATA 3, ID 10371
099.033 Slide RECV window, expect 4 next
099.033 Acked DATA 15, slide SEND window
099.033 Send DATA 7 3, ID 20375
099.315 Recv DATA 4 0, ID 10372
099.315 Deliver DATA 4, ID 10372
099.315 Slide RECV window, expect 5 next
099.315 Acked DATA 0, slide SEND window
099.315 Send DATA 8 4, ID 20376
099.568 Recv DATA 5 1, ID 10373
099.568 Deliver DATA 5, ID 10373
099.568 Slide RECV window, expect 6 next
099.568 Acked DATA 1, slide SEND window
099.568 Send DATA 9 5, ID 20377
099.833 Recv DATA 6 2, ID 10374
099.833 Deliver DATA 6, ID 10374
099.833 Slide RECV window, expect 7 next
099.833 Acked DATA 2, slide SEND window
099.834 Send DATA 10 6, ID 20378
100.099 Recv DATA 7 3, ID 10375
100.099 Deliver DATA 7, ID 10375
100.099 .... 376 packets received, 7733 bps, 96.66%, Err 0 (0.0e+00)
100.100 Slide RECV window, expect 8 next
100.100 Acked DATA 3, slide SEND window
100.100 Send DATA 11 7, ID 20379
100.344 Recv DATA 8 4, ID 10376
100.344 Deliver DATA 8, ID 10376
100.344 Slide RECV window, expect 9 next
100.344 Acked DATA 4, slide SEND window
100.344 Send DATA 12 8, ID 20380
100.614 Recv DATA 9 5, ID 10377
100.614 Deliver DATA 9, ID 10377
100.614 Slide RECV window, expect 10 next
100.614 Acked DATA 5, slide SEND window
100.615 Send DATA 13 9, ID 20381
100.883 Recv DATA 10 6, ID 10378
100.883 Deliver DATA 10, ID 10378
100.883 Slide RECV window, expect 11 next
100.883 Acked DATA 6, slide SEND window
100.883 Send DATA 14 10, ID 20382
101.147 Recv DATA 11 7, ID 10379
101.147 Deliver DATA 11, ID 10379
101.147 Slide RECV window, expect 12 next
101.147 Acked DATA 7, slide SEND window
101.147 Send DATA 15 11, ID 20383
101.430 Recv DATA 12 8, ID 10380
101.430 Deliver DATA 12, ID 10380
101.430 Slide RECV window, expect 13 next
101.430 Acked DATA 8, slide SEND window
101.430 Send DATA 0 12, ID 20384
101.665 Recv DATA 13 9, ID 10381
101.665 Deliver DATA 13, ID 10381
101.665 Slide RECV window, expect 14 next
101.665 Acked DATA 9, slide SEND window
101.665 Send DATA 1 13, ID 20385
101.931 Recv DATA 14 10, ID 10382
101.931 Deliver DATA 14, ID 10382
101.931 Slide RECV window, expect 15 next
101.931 Acked DATA 10, slide SEND window
101.932 Send DATA 2 14, ID 20386
102.196 Recv DATA 15 11, ID 10383
102.196 Deliver DATA 15, ID 10383
102.196 .... 384 packets received, 7734 bps, 96.68%, Err 0 (0.0e+00)
102.196 Slide RECV window, expect 0 next
102.196 Acked DATA 11, slide SEND window
102.196 Send DATA 3 15, ID 20387
102.496 Recv DATA 0 12, ID 10384
102.496 Deliver DATA 0, ID 10384
102.496 Slide RECV window, expect 1 next
102.496 Acked DATA 12, slide SEND window
102.496 Send DATA 4 0, ID 20388
102.715 Recv DATA 1 13, ID 10385
102.715 Deliver DATA 1, ID 10385
102.715 Slide RECV window, expect 2 next
102.715 Acked DATA 13, slide SEND window
102.715 Send DATA 5 1, ID 20389
102.996 Recv DATA 2 14, ID 10386
102.997 Deliver DATA 2, ID 10386
102.997 Slide RECV window, expect 3 next
102.997 Acked DATA 14, slide SEND window
102.997 Send DATA 6 2, ID 20390
103.298 Recv DATA 3 15, ID 10387
103.298 Deliver DATA 3, ID 10387
103.298 Slide RECV window, expect 4 next
103.298 Acked DATA 15, slide SEND window
103.298 Send DATA 7 3, ID 20391
103.517 Recv DATA 4 0, ID 10388
103.517 Deliver DATA 4, ID 10388
103.517 Slide RECV window, expect 5 next
103.517 Acked DATA 0, slide SEND window
103.517 Send DATA 8 4, ID 20392
103.763 Recv DATA 5 1, ID 10389
103.763 Deliver DATA 5, ID 10389
103.763 Slide RECV window, expect 6 next
103.763 Acked DATA 1, slide SEND window
103.763 Send DATA 9 5, ID 20393
104.030 Recv DATA 6 2, ID 10390
104.030 Deliver DATA 6, ID 10390
104.030 Slide RECV window, expect 7 next
104.030 Acked DATA 2, slide SEND window
104.030 Send DATA 10 6, ID 20394
104.297 Recv DATA 7 3, ID 10391
104.297 Deliver DATA 7, ID 10391
104.297 .... 392 packets received, 7736 bps, 96.69%, Err 0 (0.0e+00)
104.297 Slide RECV window, expect 8 next
104.297 Acked DATA 3, slide SEND window
104.297 Send DATA 11 7, ID 20395
104.579 Recv DATA 8 4, ID 10392
104.579 Deliver DATA 8, ID 10392
104.579 Slide RECV window, expect 9 next
104.579 Acked DATA 4, slide SEND window
104.579 Send DATA 12 8, ID 20396
104.848 Recv DATA 9 5, ID 10393
104.848 Deliver DATA 9, ID 10393
104.848 Slide RECV window, expect 10 next
104.848 Acked DATA 5, slide SEND window
104.848 Send DATA 13 9, ID 20397
105.099 Recv DATA 10 6, ID 10394
105.099 Deliver DATA 10, ID 10394
105.099 Slide RECV window, expect 11 next
105.099 Acked DATA 6, slide SEND window
105.099 Send DATA 14 10, ID 20398
105.363 Recv DATA 11 7, ID 10395
105.363 Deliver DATA 11, ID 10395
105.363 Slide RECV window, expect 12 next
105.363 Acked DATA 7, slide SEND window
105.363 Send DATA 15 11, ID 20399
105.650 Recv DATA 12 8, ID 10396
105.650 Deliver DATA 12, ID 10396
105.650 Slide RECV window, expect 13 next
105.650 Acked DATA 8, slide SEND window
105.650 Send DATA 0 12, ID 20400
105.900 Recv DATA 13 9, ID 10397
105.900 Deliver DATA 13, ID 10397
105.900 Slide RECV window, expect 14 next
105.900 Acked DATA 9, slide SEND window
105.900 Send DATA 1 13, ID 20401
106.179 Recv DATA 14 10, ID 10398
106.179 Deliver DATA 14, ID 10398
106.179 Slide RECV window, expect 15 next
106.179 Acked DATA 10, slide SEND window
106.179 Send DATA 2 14, ID 20402
106.446 Recv DATA 15 11, ID 10399
106.446 Deliver DATA 15, ID 10399
106.446 .... 400 packets received, 7733 bps, 96.67%, Err 0 (0.0e+00)
106.446 Slide RECV window, expect 0 next
106.446 Acked DATA 11, slide SEND window
106.447 Send DATA 3 15, ID 20403
106.698 Recv DATA 0 12, ID 10400
106.698 Deliver DATA 0, ID 10400
106.698 Slide RECV window, expect 1 next
106.698 Acked DATA 12, slide SEND window
106.698 Send DATA 4 0, ID 20404
106.964 Recv DATA 1 13, ID 10401
106.965 Deliver DATA 1, ID 10401
106.965 Slide RECV window, expect 2 next
106.965 Acked DATA 13, slide SEND window
106.965 Send DATA 5 1, ID 20405
107.216 Recv DATA 2 14, ID 10402
107.216 Deliver DATA 2, ID 10402
107.216 Slide RECV window, expect 3 next
107.216 Acked DATA 14, slide SEND window
107.216 Send DATA 6 2, ID 20406
107.484 Recv DATA 3 15, ID 10403
107.484 Deliver DATA 3, ID 10403
107.484 Slide RECV window, expect 4 next
107.484 Acked DATA 15, slide SEND window
107.484 Send DATA 7 3, ID 20407
107.749 Recv DATA 4 0, ID 10404
107.750 Deliver DATA 4, ID 10404
107.750 Slide RECV window, expect 5 next
107.750 Acked DATA 0, slide SEND window
107.750 Send DATA 8 4, ID 20408
108.030 Recv DATA 5 1, ID 10405
108.030 Deliver DATA 5, ID 10405
108.030 Slide RECV window, expect 6 next
108.030 Acked DATA 1, slide SEND window
108.030 Send DATA 9 5, ID 20409
108.300 Recv DATA 6 2, ID 10406
108.300 Deliver DATA 6, ID 10406
108.300 Slide RECV window, expect 7 next
108.300 Acked DATA 2, slide SEND window
108.301 Send DATA 10 6, ID 20410
108.550 Recv DATA 7 3, ID 10407
108.550 Deliver DATA 7, ID 10407
108.550 .... 408 packets received, 7734 bps, 96.68%, Err 0 (0.0e+00)
108.550 Slide RECV window, expect 8 next
108.550 Acked DATA 3, slide SEND window
108.550 Send DATA 11 7, ID 20411
108.802 Recv DATA 8 4, ID 10408
108.802 Deliver DATA 8, ID 10408
108.802 Slide RECV window, expect 9 next
108.802 Acked DATA 4, slide SEND window
108.802 Send DATA 12 8, ID 20412
109.048 Recv DATA 9 5, ID 10409
109.048 Deliver DATA 9, ID 10409
109.048 Slide RECV window, expect 10 next
109.048 Acked DATA 5, slide SEND window
109.048 Send DATA 13 9, ID 20413
109.332 Recv DATA 10 6, ID 10410
109.332 Deliver DATA 10, ID 10410
109.332 Slide RECV window, expect 11 next
109.332 Acked DATA 6, slide SEND window
109.332 Send DATA 14 10, ID 20414
109.600 Recv DATA 11 7, ID 10411
109.600 Deliver DATA 11, ID 10411
109.600 Slide RECV window, expect 12 next
109.600 Acked DATA 7, slide SEND window
109.600 Send DATA 15 11, ID 20415
109.849 Recv DATA 12 8, ID 10412
109.849 Deliver DATA 12, ID 10412
109.849 Slide RECV window, expect 13 next
109.849 Acked DATA 8, slide SEND window
109.849 Send DATA 0 12, ID 20416
110.115 Recv DATA 13 9, ID 10413
110.115 Deliver DATA 13, ID 10413
110.115 Slide RECV window, expect 14 next
110.115 Acked DATA 9, slide SEND window
110.116 Send DATA 1 13, ID 20417
110.383 Recv DATA 14 10, ID 10414
110.383 Deliver DATA 14, ID 10414
110.384 Slide RECV window, expect 15 next
110.384 Acked DATA 10, slide SEND window
110.384 Send DATA 2 14, ID 20418
110.648 Recv DATA 15 11, ID 10415
110.648 Deliver DATA 15, ID 10415
110.648 .... 416 packets received, 7736 bps, 96.70%, Err 0 (0.0e+00)
110.648 Slide RECV window, expect 0 next
110.648 Acked DATA 11, slide SEND window
110.648 Send DATA 3 15, ID 20419
110.933 Recv DATA 0 12, ID 10416
110.933 Deliver DATA 0, ID 10416
110.933 Slide RECV window, expect 1 next
110.933 Acked DATA 12, slide SEND window
110.933 Send DATA 4 0, ID 20420
111.197 Recv DATA 1 13, ID 10417
111.197 Deliver DATA 1, ID 10417
111.197 Slide RECV window, expect 2 next
111.197 Acked DATA 13, slide SEND window
111.198 Send DATA 5 1, ID 20421
111.448 Recv DATA 2 14, ID 10418
111.448 Deliver DATA 2, ID 10418
111.448 Slide RECV window, expect 3 next
111.449 Acked DATA 14, slide SEND window
111.449 Send DATA 6 2, ID 20422
111.713 Recv DATA 3 15, ID 10419
111.714 Deliver DATA 3, ID 10419
111.714 Slide RECV window, expect 4 next
111.714 Acked DATA 15, slide SEND window
111.714 Send DATA 7 3, ID 20423
111.947 Recv DATA 4 0, ID 10420
111.948 Deliver DATA 4, ID 10420
111.948 Slide RECV window, expect 5 next
111.948 Acked DATA 0, slide SEND window
111.948 Send DATA 8 4, ID 20424
112.230 Recv DATA 5 1, ID 10421
112.230 Deliver DATA 5, ID 10421
112.230 Slide RECV window, expect 6 next
112.230 Acked DATA 1, slide SEND window
112.230 Send DATA 9 5, ID 20425
112.513 Recv DATA 6 2, ID 10422
112.513 Deliver DATA 6, ID 10422
112.513 Slide RECV window, expect 7 next
112.513 Acked DATA 2, slide SEND window
112.513 Send DATA 10 6, ID 20426
112.784 Recv DATA 7 3, ID 10423
112.784 Deliver DATA 7, ID 10423
112.784 .... 424 packets received, 7734 bps, 96.68%, Err 0 (0.0e+00)
112.784 Slide RECV window, expect 8 next
112.784 Acked DATA 3, slide SEND window
112.784 Send DATA 11 7, ID 20427
113.047 Recv DATA 8 4, ID 10424
113.047 Deliver DATA 8, ID 10424
113.047 Slide RECV window, expect 9 next
113.047 Acked DATA 4, slide SEND window
113.048 Send DATA 12 8, ID 20428
113.265 Recv DATA 9 5, ID 10425
113.266 Deliver DATA 9, ID 10425
113.266 Slide RECV window, expect 10 next
113.266 Acked DATA 5, slide SEND window
113.266 Send DATA 13 9, ID 20429
113.547 Recv DATA 10 6, ID 10426
113.547 Deliver DATA 10, ID 10426
113.547 Slide RECV window, expect 11 next
113.547 Acked DATA 6, slide SEND window
113.548 Send DATA 14 10, ID 20430
113.816 Recv DATA 11 7, ID 10427
113.816 Deliver DATA 11, ID 10427
113.816 Slide RECV window, expect 12 next
113.816 Acked DATA 7, slide SEND window
113.816 Send DATA 15 11, ID 20431
114.096 Recv DATA 12 8, ID 10428
114.096 Deliver DATA 12, ID 10428
114.096 Slide RECV window, expect 13 next
114.096 Acked DATA 8, slide SEND window
114.097 Send DATA 0 12, ID 20432
114.331 Recv DATA 13 9, ID 10429
114.331 Deliver DATA 13, ID 10429
114.331 Slide RECV window, expect 14 next
114.331 Acked DATA 9, slide SEND window
114.332 Send DATA 1 13, ID 20433
114.593 Recv DATA 14 10, ID 10430
114.593 Deliver DATA 14, ID 10430
114.593 Slide RECV window, expect 15 next
114.593 Acked DATA 10, slide SEND window
114.593 Send DATA 2 14, ID 20434
114.882 Recv DATA 15 11, ID 10431
114.882 Deliver DATA 15, ID 10431
114.882 .... 432 packets received, 7736 bps, 96.70%, Err 0 (0.0e+00)
114.882 Slide RECV window, expect 0 next
114.882 Acked DATA 11, slide SEND window
114.883 Send DATA 3 15, ID 20435
115.144 Recv DATA 0 12, ID 10432
115.144 Deliver DATA 0, ID 10432
115.144 Slide RECV window, expect 1 next
115.144 Acked DATA 12, slide SEND window
115.145 Send DATA 4 0, ID 20436
115.415 Recv DATA 1 13, ID 10433
115.415 Deliver DATA 1, ID 10433
115.415 Slide RECV window, expect 2 next
115.415 Acked DATA 13, slide SEND window
115.415 Send DATA 5 1, ID 20437
115.664 Recv DATA 2 14, ID 10434
115.664 Deliver DATA 2, ID 10434
115.664 Slide RECV window, expect 3 next
115.664 Acked DATA 14, slide SEND window
115.664 Send DATA 6 2, ID 20438
115.914 Recv DATA 3 15, ID 10435
115.914 Deliver DATA 3, ID 10435
115.914 Slide RECV window, expect 4 next
115.914 Acked DATA 15, slide SEND window
115.915 Send DATA 7 3, ID 20439
116.197 Recv DATA 4 0, ID 10436
116.197 Deliver DATA 4, ID 10436
116.197 Slide RECV window, expect 5 next
116.197 Acked DATA 0, slide SEND window
116.198 Send DATA 8 4, ID 20440
116.466 Recv DATA 5 1, ID 10437
116.466 Deliver DATA 5, ID 10437
116.466 Slide RECV window, expect 6 next
116.466 Acked DATA 1, slide SEND window
116.466 Send DATA 9 5, ID 20441
116.713 Recv DATA 6 2, ID 10438
116.713 Deliver DATA 6, ID 10438
116.713 Slide RECV window, expect 7 next
116.713 Acked DATA 2, slide SEND window
116.713 Send DATA 10 6, ID 20442
116.979 Recv DATA 7 3, ID 10439
116.979 Deliver DATA 7, ID 10439
116.979 .... 440 packets received, 7737 bps, 96.72%, Err 0 (0.0e+00)
116.979 Slide RECV window, expect 8 next
116.979 Acked DATA 3, slide SEND window
116.979 Send DATA 11 7, ID 20443
117.264 Recv DATA 8 4, ID 10440
117.265 Deliver DATA 8, ID 10440
117.265 Slide RECV window, expect 9 next
117.265 Acked DATA 4, slide SEND window
117.266 Send DATA 12 8, ID 20444
117.548 Recv DATA 9 5, ID 10441
117.548 Deliver DATA 9, ID 10441
117.548 Slide RECV window, expect 10 next
117.548 Acked DATA 5, slide SEND window
117.548 Send DATA 13 9, ID 20445
117.782 Recv DATA 10 6, ID 10442
117.782 Deliver DATA 10, ID 10442
117.782 Slide RECV window, expect 11 next
117.782 Acked DATA 6, slide SEND window
117.782 Send DATA 14 10, ID 20446
118.031 Recv DATA 11 7, ID 10443
118.031 Deliver DATA 11, ID 10443
118.031 Slide RECV window, expect 12 next
118.031 Acked DATA 7, slide SEND window
118.031 Send DATA 15 11, ID 20447
118.300 Recv DATA 12 8, ID 10444
118.300 Deliver DATA 12, ID 10444
118.300 Slide RECV window, expect 13 next
118.300 Acked DATA 8, slide SEND window
118.300 Send DATA 0 12, ID 20448
118.562 Recv DATA 13 9, ID 10445
118.562 Deliver DATA 13, ID 10445
118.562 Slide RECV window, expect 14 next
118.562 Acked DATA 9, slide SEND window
118.563 Send DATA 1 13, ID 20449
118.831 Recv DATA 14 10, ID 10446
118.831 Deliver DATA 14, ID 10446
118.831 Slide RECV window, expect 15 next
118.831 Acked DATA 10, slide SEND window
118.831 Send DATA 2 14, ID 20450
119.099 Recv DATA 15 11, ID 10447
119.099 Deliver DATA 15, ID 10447
119.099 .... 448 packets received, 7737 bps, 96.71%, Err 0 (0.0e+00)
119.100 Slide RECV window, expect 0 next
119.100 Acked DATA 11, slide SEND window
119.100 Send DATA 3 15, ID 20451
119.332 Recv DATA 0 12, ID 10448
119.332 Deliver DATA 0, ID 10448
119.332 Slide RECV window, expect 1 next
119.332 Acked DATA 12, slide SEND window
119.332 Send DATA 4 0, ID 20452
119.664 Recv DATA 1 13, ID 10449
119.664 Deliver DATA 1, ID 10449
119.664 Slide RECV window, expect 2 next
119.664 Acked DATA 13, slide SEND window
119.664 Send DATA 5 1, ID 20453
119.896 Recv DATA 2 14, ID 10450
119.896 Deliver DATA 2, ID 10450
119.896 Slide RECV window, expect 3 next
119.896 Acked DATA 14, slide SEND window
119.896 Send DATA 6 2, ID 20454
120.032 Quit.
