000.000 =============================================================
000.000                     Station B                               
000.000 -------------------------------------------------------------
000.000 Protocol.lib, version 4.0, jiangyanjun0718@bupt.edu.cn
000.000 Channel: 8000 bps, 270 ms propagation delay, bit error rate 0
000.000 Log file "C:\code\CN-Lab1-Windows-VS2017\docs\测试记录\4.3-ACK搭载定时器\ack-opt-dt2200-bg3-20260516-211648\04b-补充无误码校验-2min\supp-utopia-ack200-20260516-224657-B.log", TCP port 64003, debug mask 0x07
000.000 Station B is connecting station A (TCP port 64003) ... Done.
000.655 New epoch: Sat May 16 22:46:57 2026
000.655 =================================================================
000.655 
000.655 Designed by Jiang Yanjun, build: May 16 2026  21:17:08
000.655 Send DATA 0 15, ID 20000
000.655 Send DATA 1 15, ID 20001
000.655 Send DATA 2 15, ID 20002
001.216 Recv DATA 0 15, ID 10000
001.216 Deliver DATA 0, ID 10000
001.216 Slide RECV window, expect 1 next
001.216 Send DATA 3 0, ID 20003
001.216 Send DATA 4 0, ID 20004
001.216 Send DATA 5 0, ID 20005
001.482 Recv DATA 1 15, ID 10001
001.482 Deliver DATA 1, ID 10001
001.482 Slide RECV window, expect 2 next
001.483 Send DATA 6 1, ID 20006
001.749 Recv DATA 2 15, ID 10002
001.749 Deliver DATA 2, ID 10002
001.749 Slide RECV window, expect 3 next
001.749 Send DATA 7 2, ID 20007
001.986 Recv DATA 3 0, ID 10003
001.986 Deliver DATA 3, ID 10003
001.986 Slide RECV window, expect 4 next
001.986 Acked DATA 0, slide SEND window
002.198 ---- ACK timeout
002.198 Send ACK  3
002.199 Send DATA 8 3, ID 20008
002.266 Recv DATA 4 0, ID 10004
002.266 Deliver DATA 4, ID 10004
002.266 Slide RECV window, expect 5 next
002.483 ---- ACK timeout
002.483 Send ACK  4
002.534 Recv DATA 5 0, ID 10005
002.534 Deliver DATA 5, ID 10005
002.534 Slide RECV window, expect 6 next
002.569 Recv ACK  1
002.569 Acked DATA 1, slide SEND window
002.569 Send DATA 9 5, ID 20009
002.804 Recv DATA 6 1, ID 10006
002.804 Deliver DATA 6, ID 10006
002.804 Slide RECV window, expect 7 next
002.835 Recv ACK  2
002.835 Acked DATA 2, slide SEND window
002.835 Send DATA 10 6, ID 20010
003.083 Recv DATA 7 2, ID 10007
003.083 Deliver DATA 7, ID 10007
003.083 .... 8 packets received, 7635 bps, 95.43%, Err 0 (0.0e+00)
003.083 Slide RECV window, expect 8 next
003.101 Recv ACK  3
003.101 Acked DATA 3, slide SEND window
003.101 Send DATA 11 7, ID 20011
003.316 Recv DATA 8 3, ID 10008
003.316 Deliver DATA 8, ID 10008
003.316 Slide RECV window, expect 9 next
003.364 Recv ACK  4
003.364 Acked DATA 4, slide SEND window
003.365 Send DATA 12 8, ID 20012
003.617 Recv DATA 9 6, ID 10009
003.617 Deliver DATA 9, ID 10009
003.617 Slide RECV window, expect 10 next
003.617 Acked DATA 5, slide SEND window
003.617 Acked DATA 6, slide SEND window
003.618 Send DATA 13 9, ID 20013
003.618 Send DATA 14 9, ID 20014
003.851 Recv DATA 10 7, ID 10010
003.851 Deliver DATA 10, ID 10010
003.851 Slide RECV window, expect 11 next
003.851 Acked DATA 7, slide SEND window
004.051 ---- ACK timeout
004.051 Send ACK  10
004.051 Send DATA 15 10, ID 20015
004.135 Recv DATA 11 7, ID 10011
004.135 Deliver DATA 11, ID 10011
004.135 Slide RECV window, expect 12 next
004.355 ---- ACK timeout
004.355 Send ACK  11
004.386 Recv DATA 12 8, ID 10012
004.386 Deliver DATA 12, ID 10012
004.387 Slide RECV window, expect 13 next
004.387 Acked DATA 8, slide SEND window
004.387 Send DATA 0 12, ID 20016
004.653 Recv DATA 13 9, ID 10013
004.653 Deliver DATA 13, ID 10013
004.653 Slide RECV window, expect 14 next
004.653 Acked DATA 9, slide SEND window
004.653 Send DATA 1 13, ID 20017
004.919 Recv DATA 14 10, ID 10014
004.919 Deliver DATA 14, ID 10014
004.919 Slide RECV window, expect 15 next
004.919 Acked DATA 10, slide SEND window
004.919 Send DATA 2 14, ID 20018
005.184 Recv DATA 15 11, ID 10015
005.184 Deliver DATA 15, ID 10015
005.184 .... 16 packets received, 7716 bps, 96.44%, Err 0 (0.0e+00)
005.184 Slide RECV window, expect 0 next
005.184 Acked DATA 11, slide SEND window
005.185 Send DATA 3 15, ID 20019
005.484 Recv DATA 0 12, ID 10016
005.485 Deliver DATA 0, ID 10016
005.485 Slide RECV window, expect 1 next
005.485 Acked DATA 12, slide SEND window
005.485 Send DATA 4 0, ID 20020
005.733 Recv DATA 1 13, ID 10017
005.733 Deliver DATA 1, ID 10017
005.733 Slide RECV window, expect 2 next
005.733 Acked DATA 13, slide SEND window
005.733 Send DATA 5 1, ID 20021
006.001 Recv DATA 2 14, ID 10018
006.001 Deliver DATA 2, ID 10018
006.001 Slide RECV window, expect 3 next
006.001 Acked DATA 14, slide SEND window
006.001 Send DATA 6 2, ID 20022
006.269 Recv DATA 3 15, ID 10019
006.269 Deliver DATA 3, ID 10019
006.269 Slide RECV window, expect 4 next
006.269 Acked DATA 15, slide SEND window
006.270 Send DATA 7 3, ID 20023
006.533 Recv DATA 4 0, ID 10020
006.533 Deliver DATA 4, ID 10020
006.533 Slide RECV window, expect 5 next
006.533 Acked DATA 0, slide SEND window
006.533 Send DATA 8 4, ID 20024
006.799 Recv DATA 5 1, ID 10021
006.799 Deliver DATA 5, ID 10021
006.799 Slide RECV window, expect 6 next
006.799 Acked DATA 1, slide SEND window
006.800 Send DATA 9 5, ID 20025
007.065 Recv DATA 6 2, ID 10022
007.065 Deliver DATA 6, ID 10022
007.066 Slide RECV window, expect 7 next
007.066 Acked DATA 2, slide SEND window
007.066 Send DATA 10 6, ID 20026
007.336 Recv DATA 7 3, ID 10023
007.336 Deliver DATA 7, ID 10023
007.336 .... 24 packets received, 7682 bps, 96.03%, Err 0 (0.0e+00)
007.336 Slide RECV window, expect 8 next
007.336 Acked DATA 3, slide SEND window
007.336 Send DATA 11 7, ID 20027
007.569 Recv DATA 8 4, ID 10024
007.569 Deliver DATA 8, ID 10024
007.569 Slide RECV window, expect 9 next
007.569 Acked DATA 4, slide SEND window
007.569 Send DATA 12 8, ID 20028
007.819 Recv DATA 9 5, ID 10025
007.820 Deliver DATA 9, ID 10025
007.820 Slide RECV window, expect 10 next
007.820 Acked DATA 5, slide SEND window
007.820 Send DATA 13 9, ID 20029
008.099 Recv DATA 10 6, ID 10026
008.099 Deliver DATA 10, ID 10026
008.099 Slide RECV window, expect 11 next
008.099 Acked DATA 6, slide SEND window
008.099 Send DATA 14 10, ID 20030
008.368 Recv DATA 11 7, ID 10027
008.368 Deliver DATA 11, ID 10027
008.368 Slide RECV window, expect 12 next
008.368 Acked DATA 7, slide SEND window
008.368 Send DATA 15 11, ID 20031
008.617 Recv DATA 12 8, ID 10028
008.617 Deliver DATA 12, ID 10028
008.617 Slide RECV window, expect 13 next
008.617 Acked DATA 8, slide SEND window
008.618 Send DATA 0 12, ID 20032
008.886 Recv DATA 13 9, ID 10029
008.886 Deliver DATA 13, ID 10029
008.886 Slide RECV window, expect 14 next
008.886 Acked DATA 9, slide SEND window
008.887 Send DATA 1 13, ID 20033
009.165 Recv DATA 14 10, ID 10030
009.165 Deliver DATA 14, ID 10030
009.165 Slide RECV window, expect 15 next
009.165 Acked DATA 10, slide SEND window
009.165 Send DATA 2 14, ID 20034
009.401 Recv DATA 15 11, ID 10031
009.401 Deliver DATA 15, ID 10031
009.401 .... 32 packets received, 7743 bps, 96.79%, Err 0 (0.0e+00)
009.401 Slide RECV window, expect 0 next
009.401 Acked DATA 11, slide SEND window
009.402 Send DATA 3 15, ID 20035
009.667 Recv DATA 0 12, ID 10032
009.667 Deliver DATA 0, ID 10032
009.667 Slide RECV window, expect 1 next
009.667 Acked DATA 12, slide SEND window
009.667 Send DATA 4 0, ID 20036
009.953 Recv DATA 1 13, ID 10033
009.953 Deliver DATA 1, ID 10033
009.953 Slide RECV window, expect 2 next
009.953 Acked DATA 13, slide SEND window
009.953 Send DATA 5 1, ID 20037
010.216 Recv DATA 2 14, ID 10034
010.216 Deliver DATA 2, ID 10034
010.216 Slide RECV window, expect 3 next
010.216 Acked DATA 14, slide SEND window
010.216 Send DATA 6 2, ID 20038
010.481 Recv DATA 3 15, ID 10035
010.481 Deliver DATA 3, ID 10035
010.481 Slide RECV window, expect 4 next
010.481 Acked DATA 15, slide SEND window
010.481 Send DATA 7 3, ID 20039
010.767 Recv DATA 4 0, ID 10036
010.767 Deliver DATA 4, ID 10036
010.767 Slide RECV window, expect 5 next
010.767 Acked DATA 0, slide SEND window
010.768 Send DATA 8 4, ID 20040
010.987 Recv DATA 5 1, ID 10037
010.987 Deliver DATA 5, ID 10037
010.987 Slide RECV window, expect 6 next
010.987 Acked DATA 1, slide SEND window
010.988 Send DATA 9 5, ID 20041
011.286 Recv DATA 6 2, ID 10038
011.287 Deliver DATA 6, ID 10038
011.287 Slide RECV window, expect 7 next
011.287 Acked DATA 2, slide SEND window
011.287 Send DATA 10 6, ID 20042
011.534 Recv DATA 7 3, ID 10039
011.534 Deliver DATA 7, ID 10039
011.534 .... 40 packets received, 7731 bps, 96.64%, Err 0 (0.0e+00)
011.534 Slide RECV window, expect 8 next
011.534 Acked DATA 3, slide SEND window
011.534 Send DATA 11 7, ID 20043
011.818 Recv DATA 8 4, ID 10040
011.818 Deliver DATA 8, ID 10040
011.818 Slide RECV window, expect 9 next
011.818 Acked DATA 4, slide SEND window
011.818 Send DATA 12 8, ID 20044
012.084 Recv DATA 9 5, ID 10041
012.084 Deliver DATA 9, ID 10041
012.095 Slide RECV window, expect 10 next
012.095 Acked DATA 5, slide SEND window
012.095 Send DATA 13 9, ID 20045
012.369 Recv DATA 10 6, ID 10042
012.370 Deliver DATA 10, ID 10042
012.370 Slide RECV window, expect 11 next
012.370 Acked DATA 6, slide SEND window
012.370 Send DATA 14 10, ID 20046
012.601 Recv DATA 11 7, ID 10043
012.601 Deliver DATA 11, ID 10043
012.601 Slide RECV window, expect 12 next
012.601 Acked DATA 7, slide SEND window
012.601 Send DATA 15 11, ID 20047
012.832 Recv DATA 12 8, ID 10044
012.832 Deliver DATA 12, ID 10044
012.832 Slide RECV window, expect 13 next
012.832 Acked DATA 8, slide SEND window
012.833 Send DATA 0 12, ID 20048
013.102 Recv DATA 13 9, ID 10045
013.102 Deliver DATA 13, ID 10045
013.102 Slide RECV window, expect 14 next
013.102 Acked DATA 9, slide SEND window
013.102 Send DATA 1 13, ID 20049
013.386 Recv DATA 14 10, ID 10046
013.386 Deliver DATA 14, ID 10046
013.386 Slide RECV window, expect 15 next
013.386 Acked DATA 10, slide SEND window
013.386 Send DATA 2 14, ID 20050
013.652 Recv DATA 15 11, ID 10047
013.652 Deliver DATA 15, ID 10047
013.652 .... 48 packets received, 7731 bps, 96.64%, Err 0 (0.0e+00)
013.652 Slide RECV window, expect 0 next
013.652 Acked DATA 11, slide SEND window
013.652 Send DATA 3 15, ID 20051
013.916 Recv DATA 0 12, ID 10048
013.916 Deliver DATA 0, ID 10048
013.916 Slide RECV window, expect 1 next
013.916 Acked DATA 12, slide SEND window
013.917 Send DATA 4 0, ID 20052
014.148 Recv DATA 1 13, ID 10049
014.148 Deliver DATA 1, ID 10049
014.148 Slide RECV window, expect 2 next
014.148 Acked DATA 13, slide SEND window
014.148 Send DATA 5 1, ID 20053
014.432 Recv DATA 2 14, ID 10050
014.432 Deliver DATA 2, ID 10050
014.432 Slide RECV window, expect 3 next
014.432 Acked DATA 14, slide SEND window
014.432 Send DATA 6 2, ID 20054
014.702 Recv DATA 3 15, ID 10051
014.702 Deliver DATA 3, ID 10051
014.702 Slide RECV window, expect 4 next
014.702 Acked DATA 15, slide SEND window
014.702 Send DATA 7 3, ID 20055
014.968 Recv DATA 4 0, ID 10052
014.968 Deliver DATA 4, ID 10052
014.968 Slide RECV window, expect 5 next
014.968 Acked DATA 0, slide SEND window
014.968 Send DATA 8 4, ID 20056
015.232 Recv DATA 5 1, ID 10053
015.232 Deliver DATA 5, ID 10053
015.232 Slide RECV window, expect 6 next
015.232 Acked DATA 1, slide SEND window
015.232 Send DATA 9 5, ID 20057
015.517 Recv DATA 6 2, ID 10054
015.517 Deliver DATA 6, ID 10054
015.517 Slide RECV window, expect 7 next
015.517 Acked DATA 2, slide SEND window
015.517 Send DATA 10 6, ID 20058
015.749 Recv DATA 7 3, ID 10055
015.749 Deliver DATA 7, ID 10055
015.749 .... 56 packets received, 7743 bps, 96.79%, Err 0 (0.0e+00)
015.749 Slide RECV window, expect 8 next
015.749 Acked DATA 3, slide SEND window
015.750 Send DATA 11 7, ID 20059
016.017 Recv DATA 8 4, ID 10056
016.017 Deliver DATA 8, ID 10056
016.017 Slide RECV window, expect 9 next
016.017 Acked DATA 4, slide SEND window
016.017 Send DATA 12 8, ID 20060
016.285 Recv DATA 9 5, ID 10057
016.285 Deliver DATA 9, ID 10057
016.285 Slide RECV window, expect 10 next
016.285 Acked DATA 5, slide SEND window
016.285 Send DATA 13 9, ID 20061
016.549 Recv DATA 10 6, ID 10058
016.549 Deliver DATA 10, ID 10058
016.549 Slide RECV window, expect 11 next
016.549 Acked DATA 6, slide SEND window
016.549 Send DATA 14 10, ID 20062
016.819 Recv DATA 11 7, ID 10059
016.819 Deliver DATA 11, ID 10059
016.819 Slide RECV window, expect 12 next
016.819 Acked DATA 7, slide SEND window
016.819 Send DATA 15 11, ID 20063
017.082 Recv DATA 12 8, ID 10060
017.082 Deliver DATA 12, ID 10060
017.082 Slide RECV window, expect 13 next
017.082 Acked DATA 8, slide SEND window
017.082 Send DATA 0 12, ID 20064
017.318 Recv DATA 13 9, ID 10061
017.319 Deliver DATA 13, ID 10061
017.319 Slide RECV window, expect 14 next
017.319 Acked DATA 9, slide SEND window
017.319 Send DATA 1 13, ID 20065
017.617 Recv DATA 14 10, ID 10062
017.617 Deliver DATA 14, ID 10062
017.617 Slide RECV window, expect 15 next
017.617 Acked DATA 10, slide SEND window
017.617 Send DATA 2 14, ID 20066
017.881 Recv DATA 15 11, ID 10063
017.882 Deliver DATA 15, ID 10063
017.882 .... 64 packets received, 7736 bps, 96.69%, Err 0 (0.0e+00)
017.882 Slide RECV window, expect 0 next
017.882 Acked DATA 11, slide SEND window
017.882 Send DATA 3 15, ID 20067
018.169 Recv DATA 0 12, ID 10064
018.169 Deliver DATA 0, ID 10064
018.169 Slide RECV window, expect 1 next
018.169 Acked DATA 12, slide SEND window
018.169 Send DATA 4 0, ID 20068
018.417 Recv DATA 1 13, ID 10065
018.417 Deliver DATA 1, ID 10065
018.417 Slide RECV window, expect 2 next
018.417 Acked DATA 13, slide SEND window
018.417 Send DATA 5 1, ID 20069
018.667 Recv DATA 2 14, ID 10066
018.667 Deliver DATA 2, ID 10066
018.667 Slide RECV window, expect 3 next
018.667 Acked DATA 14, slide SEND window
018.667 Send DATA 6 2, ID 20070
018.919 Recv DATA 3 15, ID 10067
018.919 Deliver DATA 3, ID 10067
018.919 Slide RECV window, expect 4 next
018.919 Acked DATA 15, slide SEND window
018.919 Send DATA 7 3, ID 20071
019.168 Recv DATA 4 0, ID 10068
019.168 Deliver DATA 4, ID 10068
019.168 Slide RECV window, expect 5 next
019.168 Acked DATA 0, slide SEND window
019.168 Send DATA 8 4, ID 20072
019.435 Recv DATA 5 1, ID 10069
019.435 Deliver DATA 5, ID 10069
019.435 Slide RECV window, expect 6 next
019.435 Acked DATA 1, slide SEND window
019.435 Send DATA 9 5, ID 20073
019.716 Recv DATA 6 2, ID 10070
019.716 Deliver DATA 6, ID 10070
019.716 Slide RECV window, expect 7 next
019.716 Acked DATA 2, slide SEND window
019.716 Send DATA 10 6, ID 20074
019.986 Recv DATA 7 3, ID 10071
019.986 Deliver DATA 7, ID 10071
019.986 .... 72 packets received, 7741 bps, 96.76%, Err 0 (0.0e+00)
019.986 Slide RECV window, expect 8 next
019.986 Acked DATA 3, slide SEND window
019.986 Send DATA 11 7, ID 20075
020.251 Recv DATA 8 4, ID 10072
020.251 Deliver DATA 8, ID 10072
020.252 Slide RECV window, expect 9 next
020.252 Acked DATA 4, slide SEND window
020.252 Send DATA 12 8, ID 20076
020.501 Recv DATA 9 5, ID 10073
020.502 Deliver DATA 9, ID 10073
020.502 Slide RECV window, expect 10 next
020.502 Acked DATA 5, slide SEND window
020.502 Send DATA 13 9, ID 20077
020.765 Recv DATA 10 6, ID 10074
020.765 Deliver DATA 10, ID 10074
020.765 Slide RECV window, expect 11 next
020.765 Acked DATA 6, slide SEND window
020.765 Send DATA 14 10, ID 20078
021.036 Recv DATA 11 7, ID 10075
021.036 Deliver DATA 11, ID 10075
021.037 Slide RECV window, expect 12 next
021.037 Acked DATA 7, slide SEND window
021.037 Send DATA 15 11, ID 20079
021.285 Recv DATA 12 8, ID 10076
021.285 Deliver DATA 12, ID 10076
021.285 Slide RECV window, expect 13 next
021.285 Acked DATA 8, slide SEND window
021.285 Send DATA 0 12, ID 20080
021.568 Recv DATA 13 9, ID 10077
021.568 Deliver DATA 13, ID 10077
021.568 Slide RECV window, expect 14 next
021.568 Acked DATA 9, slide SEND window
021.568 Send DATA 1 13, ID 20081
021.836 Recv DATA 14 10, ID 10078
021.836 Deliver DATA 14, ID 10078
021.837 Slide RECV window, expect 15 next
021.837 Acked DATA 10, slide SEND window
021.837 Send DATA 2 14, ID 20082
022.118 Recv DATA 15 11, ID 10079
022.118 Deliver DATA 15, ID 10079
022.118 .... 80 packets received, 7735 bps, 96.69%, Err 0 (0.0e+00)
022.118 Slide RECV window, expect 0 next
022.118 Acked DATA 11, slide SEND window
022.118 Send DATA 3 15, ID 20083
022.384 Recv DATA 0 12, ID 10080
022.384 Deliver DATA 0, ID 10080
022.384 Slide RECV window, expect 1 next
022.384 Acked DATA 12, slide SEND window
022.384 Send DATA 4 0, ID 20084
022.632 Recv DATA 1 13, ID 10081
022.632 Deliver DATA 1, ID 10081
022.632 Slide RECV window, expect 2 next
022.632 Acked DATA 13, slide SEND window
022.632 Send DATA 5 1, ID 20085
022.898 Recv DATA 2 14, ID 10082
022.898 Deliver DATA 2, ID 10082
022.898 Slide RECV window, expect 3 next
022.898 Acked DATA 14, slide SEND window
022.898 Send DATA 6 2, ID 20086
023.148 Recv DATA 3 15, ID 10083
023.148 Deliver DATA 3, ID 10083
023.148 Slide RECV window, expect 4 next
023.148 Acked DATA 15, slide SEND window
023.148 Send DATA 7 3, ID 20087
023.450 Recv DATA 4 0, ID 10084
023.450 Deliver DATA 4, ID 10084
023.450 Slide RECV window, expect 5 next
023.450 Acked DATA 0, slide SEND window
023.452 Send DATA 8 4, ID 20088
023.698 Recv DATA 5 1, ID 10085
023.698 Deliver DATA 5, ID 10085
023.698 Slide RECV window, expect 6 next
023.698 Acked DATA 1, slide SEND window
023.699 Send DATA 9 5, ID 20089
023.949 Recv DATA 6 2, ID 10086
023.949 Deliver DATA 6, ID 10086
023.949 Slide RECV window, expect 7 next
023.949 Acked DATA 2, slide SEND window
023.949 Send DATA 10 6, ID 20090
024.200 Recv DATA 7 3, ID 10087
024.200 Deliver DATA 7, ID 10087
024.200 .... 88 packets received, 7747 bps, 96.84%, Err 0 (0.0e+00)
024.200 Slide RECV window, expect 8 next
024.200 Acked DATA 3, slide SEND window
024.200 Send DATA 11 7, ID 20091
024.467 Recv DATA 8 4, ID 10088
024.467 Deliver DATA 8, ID 10088
024.467 Slide RECV window, expect 9 next
024.467 Acked DATA 4, slide SEND window
024.468 Send DATA 12 8, ID 20092
024.735 Recv DATA 9 5, ID 10089
024.735 Deliver DATA 9, ID 10089
024.735 Slide RECV window, expect 10 next
024.735 Acked DATA 5, slide SEND window
024.735 Send DATA 13 9, ID 20093
025.001 Recv DATA 10 6, ID 10090
025.001 Deliver DATA 10, ID 10090
025.001 Slide RECV window, expect 11 next
025.001 Acked DATA 6, slide SEND window
025.001 Send DATA 14 10, ID 20094
025.282 Recv DATA 11 7, ID 10091
025.283 Deliver DATA 11, ID 10091
025.283 Slide RECV window, expect 12 next
025.283 Acked DATA 7, slide SEND window
025.283 Send DATA 15 11, ID 20095
025.550 Recv DATA 12 8, ID 10092
025.550 Deliver DATA 12, ID 10092
025.550 Slide RECV window, expect 13 next
025.550 Acked DATA 8, slide SEND window
025.550 Send DATA 0 12, ID 20096
025.767 Recv DATA 13 9, ID 10093
025.767 Deliver DATA 13, ID 10093
025.767 Slide RECV window, expect 14 next
025.767 Acked DATA 9, slide SEND window
025.768 Send DATA 1 13, ID 20097
026.036 Recv DATA 14 10, ID 10094
026.036 Deliver DATA 14, ID 10094
026.036 Slide RECV window, expect 15 next
026.036 Acked DATA 10, slide SEND window
026.036 Send DATA 2 14, ID 20098
026.301 Recv DATA 15 11, ID 10095
026.302 Deliver DATA 15, ID 10095
026.302 .... 96 packets received, 7751 bps, 96.89%, Err 0 (0.0e+00)
026.302 Slide RECV window, expect 0 next
026.302 Acked DATA 11, slide SEND window
026.302 Send DATA 3 15, ID 20099
026.602 Recv DATA 0 12, ID 10096
026.602 Deliver DATA 0, ID 10096
026.602 Slide RECV window, expect 1 next
026.602 Acked DATA 12, slide SEND window
026.602 Send DATA 4 0, ID 20100
026.851 Recv DATA 1 13, ID 10097
026.851 Deliver DATA 1, ID 10097
026.851 Slide RECV window, expect 2 next
026.851 Acked DATA 13, slide SEND window
026.851 Send DATA 5 1, ID 20101
027.101 Recv DATA 2 14, ID 10098
027.102 Deliver DATA 2, ID 10098
027.102 Slide RECV window, expect 3 next
027.102 Acked DATA 14, slide SEND window
027.102 Send DATA 6 2, ID 20102
027.350 Recv DATA 3 15, ID 10099
027.350 Deliver DATA 3, ID 10099
027.350 Slide RECV window, expect 4 next
027.350 Acked DATA 15, slide SEND window
027.351 Send DATA 7 3, ID 20103
027.617 Recv DATA 4 0, ID 10100
027.617 Deliver DATA 4, ID 10100
027.617 Slide RECV window, expect 5 next
027.617 Acked DATA 0, slide SEND window
027.617 Send DATA 8 4, ID 20104
027.920 Recv DATA 5 1, ID 10101
027.920 Deliver DATA 5, ID 10101
027.920 Slide RECV window, expect 6 next
027.920 Acked DATA 1, slide SEND window
027.920 Send DATA 9 5, ID 20105
028.169 Recv DATA 6 2, ID 10102
028.169 Deliver DATA 6, ID 10102
028.169 Slide RECV window, expect 7 next
028.169 Acked DATA 2, slide SEND window
028.169 Send DATA 10 6, ID 20106
028.449 Recv DATA 7 3, ID 10103
028.449 Deliver DATA 7, ID 10103
028.449 .... 104 packets received, 7742 bps, 96.77%, Err 0 (0.0e+00)
028.450 Slide RECV window, expect 8 next
028.450 Acked DATA 3, slide SEND window
028.450 Send DATA 11 7, ID 20107
028.731 Recv DATA 8 4, ID 10104
028.731 Deliver DATA 8, ID 10104
028.731 Slide RECV window, expect 9 next
028.731 Acked DATA 4, slide SEND window
028.731 Send DATA 12 8, ID 20108
028.968 Recv DATA 9 5, ID 10105
028.968 Deliver DATA 9, ID 10105
028.968 Slide RECV window, expect 10 next
028.968 Acked DATA 5, slide SEND window
028.968 Send DATA 13 9, ID 20109
029.231 Recv DATA 10 6, ID 10106
029.231 Deliver DATA 10, ID 10106
029.231 Slide RECV window, expect 11 next
029.232 Acked DATA 6, slide SEND window
029.232 Send DATA 14 10, ID 20110
029.467 Recv DATA 11 7, ID 10107
029.467 Deliver DATA 11, ID 10107
029.467 Slide RECV window, expect 12 next
029.467 Acked DATA 7, slide SEND window
029.467 Send DATA 15 11, ID 20111
029.751 Recv DATA 12 8, ID 10108
029.751 Deliver DATA 12, ID 10108
029.751 Slide RECV window, expect 13 next
029.751 Acked DATA 8, slide SEND window
029.751 Send DATA 0 12, ID 20112
030.018 Recv DATA 13 9, ID 10109
030.018 Deliver DATA 13, ID 10109
030.018 Slide RECV window, expect 14 next
030.018 Acked DATA 9, slide SEND window
030.018 Send DATA 1 13, ID 20113
030.300 Recv DATA 14 10, ID 10110
030.300 Deliver DATA 14, ID 10110
030.300 Slide RECV window, expect 15 next
030.301 Acked DATA 10, slide SEND window
030.301 Send DATA 2 14, ID 20114
030.565 Recv DATA 15 11, ID 10111
030.565 Deliver DATA 15, ID 10111
030.565 .... 112 packets received, 7742 bps, 96.77%, Err 0 (0.0e+00)
030.565 Slide RECV window, expect 0 next
030.565 Acked DATA 11, slide SEND window
030.565 Send DATA 3 15, ID 20115
030.782 Recv DATA 0 12, ID 10112
030.782 Deliver DATA 0, ID 10112
030.782 Slide RECV window, expect 1 next
030.782 Acked DATA 12, slide SEND window
030.782 Send DATA 4 0, ID 20116
031.064 Recv DATA 1 13, ID 10113
031.064 Deliver DATA 1, ID 10113
031.064 Slide RECV window, expect 2 next
031.064 Acked DATA 13, slide SEND window
031.064 Send DATA 5 1, ID 20117
031.334 Recv DATA 2 14, ID 10114
031.334 Deliver DATA 2, ID 10114
031.334 Slide RECV window, expect 3 next
031.334 Acked DATA 14, slide SEND window
031.334 Send DATA 6 2, ID 20118
031.583 Recv DATA 3 15, ID 10115
031.583 Deliver DATA 3, ID 10115
031.583 Slide RECV window, expect 4 next
031.583 Acked DATA 15, slide SEND window
031.583 Send DATA 7 3, ID 20119
031.850 Recv DATA 4 0, ID 10116
031.850 Deliver DATA 4, ID 10116
031.850 Slide RECV window, expect 5 next
031.850 Acked DATA 0, slide SEND window
031.850 Send DATA 8 4, ID 20120
032.136 Recv DATA 5 1, ID 10117
032.136 Deliver DATA 5, ID 10117
032.136 Slide RECV window, expect 6 next
032.136 Acked DATA 1, slide SEND window
032.136 Send DATA 9 5, ID 20121
032.382 Recv DATA 6 2, ID 10118
032.382 Deliver DATA 6, ID 10118
032.382 Slide RECV window, expect 7 next
032.382 Acked DATA 2, slide SEND window
032.382 Send DATA 10 6, ID 20122
032.649 Recv DATA 7 3, ID 10119
032.649 Deliver DATA 7, ID 10119
032.649 .... 120 packets received, 7750 bps, 96.87%, Err 0 (0.0e+00)
032.649 Slide RECV window, expect 8 next
032.649 Acked DATA 3, slide SEND window
032.649 Send DATA 11 7, ID 20123
032.934 Recv DATA 8 4, ID 10120
032.934 Deliver DATA 8, ID 10120
032.934 Slide RECV window, expect 9 next
032.934 Acked DATA 4, slide SEND window
032.934 Send DATA 12 8, ID 20124
033.167 Recv DATA 9 5, ID 10121
033.167 Deliver DATA 9, ID 10121
033.167 Slide RECV window, expect 10 next
033.167 Acked DATA 5, slide SEND window
033.168 Send DATA 13 9, ID 20125
033.434 Recv DATA 10 6, ID 10122
033.434 Deliver DATA 10, ID 10122
033.434 Slide RECV window, expect 11 next
033.434 Acked DATA 6, slide SEND window
033.434 Send DATA 14 10, ID 20126
033.700 Recv DATA 11 7, ID 10123
033.700 Deliver DATA 11, ID 10123
033.700 Slide RECV window, expect 12 next
033.700 Acked DATA 7, slide SEND window
033.700 Send DATA 15 11, ID 20127
033.967 Recv DATA 12 8, ID 10124
033.967 Deliver DATA 12, ID 10124
033.967 Slide RECV window, expect 13 next
033.967 Acked DATA 8, slide SEND window
033.967 Send DATA 0 12, ID 20128
034.217 Recv DATA 13 9, ID 10125
034.217 Deliver DATA 13, ID 10125
034.217 Slide RECV window, expect 14 next
034.217 Acked DATA 9, slide SEND window
034.217 Send DATA 1 13, ID 20129
034.500 Recv DATA 14 10, ID 10126
034.500 Deliver DATA 14, ID 10126
034.500 Slide RECV window, expect 15 next
034.500 Acked DATA 10, slide SEND window
034.500 Send DATA 2 14, ID 20130
034.765 Recv DATA 15 11, ID 10127
034.766 Deliver DATA 15, ID 10127
034.766 .... 128 packets received, 7749 bps, 96.87%, Err 0 (0.0e+00)
034.766 Slide RECV window, expect 0 next
034.766 Acked DATA 11, slide SEND window
034.767 Send DATA 3 15, ID 20131
035.032 Recv DATA 0 12, ID 10128
035.032 Deliver DATA 0, ID 10128
035.033 Slide RECV window, expect 1 next
035.033 Acked DATA 12, slide SEND window
035.033 Send DATA 4 0, ID 20132
035.332 Recv DATA 1 13, ID 10129
035.332 Deliver DATA 1, ID 10129
035.332 Slide RECV window, expect 2 next
035.332 Acked DATA 13, slide SEND window
035.332 Send DATA 5 1, ID 20133
035.549 Recv DATA 2 14, ID 10130
035.549 Deliver DATA 2, ID 10130
035.549 Slide RECV window, expect 3 next
035.549 Acked DATA 14, slide SEND window
035.550 Send DATA 6 2, ID 20134
035.799 Recv DATA 3 15, ID 10131
035.799 Deliver DATA 3, ID 10131
035.799 Slide RECV window, expect 4 next
035.799 Acked DATA 15, slide SEND window
035.799 Send DATA 7 3, ID 20135
036.062 Recv DATA 4 0, ID 10132
036.062 Deliver DATA 4, ID 10132
036.062 Slide RECV window, expect 5 next
036.062 Acked DATA 0, slide SEND window
036.062 Send DATA 8 4, ID 20136
036.333 Recv DATA 5 1, ID 10133
036.333 Deliver DATA 5, ID 10133
036.333 Slide RECV window, expect 6 next
036.333 Acked DATA 1, slide SEND window
036.333 Send DATA 9 5, ID 20137
036.600 Recv DATA 6 2, ID 10134
036.600 Deliver DATA 6, ID 10134
036.601 Slide RECV window, expect 7 next
036.601 Acked DATA 2, slide SEND window
036.601 Send DATA 10 6, ID 20138
036.864 Recv DATA 7 3, ID 10135
036.864 Deliver DATA 7, ID 10135
036.864 .... 136 packets received, 7753 bps, 96.91%, Err 0 (0.0e+00)
036.864 Slide RECV window, expect 8 next
036.864 Acked DATA 3, slide SEND window
036.865 Send DATA 11 7, ID 20139
037.166 Recv DATA 8 4, ID 10136
037.166 Deliver DATA 8, ID 10136
037.166 Slide RECV window, expect 9 next
037.166 Acked DATA 4, slide SEND window
037.166 Send DATA 12 8, ID 20140
037.402 Recv DATA 9 5, ID 10137
037.402 Deliver DATA 9, ID 10137
037.402 Slide RECV window, expect 10 next
037.402 Acked DATA 5, slide SEND window
037.402 Send DATA 13 9, ID 20141
037.666 Recv DATA 10 6, ID 10138
037.667 Deliver DATA 10, ID 10138
037.667 Slide RECV window, expect 11 next
037.667 Acked DATA 6, slide SEND window
037.667 Send DATA 14 10, ID 20142
037.948 Recv DATA 11 7, ID 10139
037.948 Deliver DATA 11, ID 10139
037.948 Slide RECV window, expect 12 next
037.948 Acked DATA 7, slide SEND window
037.948 Send DATA 15 11, ID 20143
038.218 Recv DATA 12 8, ID 10140
038.218 Deliver DATA 12, ID 10140
038.218 Slide RECV window, expect 13 next
038.218 Acked DATA 8, slide SEND window
038.218 Send DATA 0 12, ID 20144
038.484 Recv DATA 13 9, ID 10141
038.484 Deliver DATA 13, ID 10141
038.484 Slide RECV window, expect 14 next
038.484 Acked DATA 9, slide SEND window
038.484 Send DATA 1 13, ID 20145
038.731 Recv DATA 14 10, ID 10142
038.731 Deliver DATA 14, ID 10142
038.731 Slide RECV window, expect 15 next
038.731 Acked DATA 10, slide SEND window
038.732 Send DATA 2 14, ID 20146
038.968 Recv DATA 15 11, ID 10143
038.968 Deliver DATA 15, ID 10143
038.968 .... 144 packets received, 7755 bps, 96.93%, Err 0 (0.0e+00)
038.969 Slide RECV window, expect 0 next
038.969 Acked DATA 11, slide SEND window
038.969 Send DATA 3 15, ID 20147
039.281 Recv DATA 0 12, ID 10144
039.282 Deliver DATA 0, ID 10144
039.282 Slide RECV window, expect 1 next
039.282 Acked DATA 12, slide SEND window
039.282 Send DATA 4 0, ID 20148
039.531 Recv DATA 1 13, ID 10145
039.531 Deliver DATA 1, ID 10145
039.531 Slide RECV window, expect 2 next
039.531 Acked DATA 13, slide SEND window
039.532 Send DATA 5 1, ID 20149
039.800 Recv DATA 2 14, ID 10146
039.801 Deliver DATA 2, ID 10146
039.801 Slide RECV window, expect 3 next
039.801 Acked DATA 14, slide SEND window
039.801 Send DATA 6 2, ID 20150
040.052 Recv DATA 3 15, ID 10147
040.052 Deliver DATA 3, ID 10147
040.052 Slide RECV window, expect 4 next
040.052 Acked DATA 15, slide SEND window
040.052 Send DATA 7 3, ID 20151
040.331 Recv DATA 4 0, ID 10148
040.331 Deliver DATA 4, ID 10148
040.332 Slide RECV window, expect 5 next
040.332 Acked DATA 0, slide SEND window
040.332 Send DATA 8 4, ID 20152
040.568 Recv DATA 5 1, ID 10149
040.568 Deliver DATA 5, ID 10149
040.568 Slide RECV window, expect 6 next
040.568 Acked DATA 1, slide SEND window
040.577 Send DATA 9 5, ID 20153
040.865 Recv DATA 6 2, ID 10150
040.865 Deliver DATA 6, ID 10150
040.866 Slide RECV window, expect 7 next
040.866 Acked DATA 2, slide SEND window
040.866 Send DATA 10 6, ID 20154
041.116 Recv DATA 7 3, ID 10151
041.116 Deliver DATA 7, ID 10151
041.116 .... 152 packets received, 7748 bps, 96.85%, Err 0 (0.0e+00)
041.116 Slide RECV window, expect 8 next
041.116 Acked DATA 3, slide SEND window
041.116 Send DATA 11 7, ID 20155
041.367 Recv DATA 8 4, ID 10152
041.367 Deliver DATA 8, ID 10152
041.367 Slide RECV window, expect 9 next
041.367 Acked DATA 4, slide SEND window
041.367 Send DATA 12 8, ID 20156
041.632 Recv DATA 9 5, ID 10153
041.633 Deliver DATA 9, ID 10153
041.633 Slide RECV window, expect 10 next
041.633 Acked DATA 5, slide SEND window
041.633 Send DATA 13 9, ID 20157
041.882 Recv DATA 10 6, ID 10154
041.882 Deliver DATA 10, ID 10154
041.882 Slide RECV window, expect 11 next
041.882 Acked DATA 6, slide SEND window
041.882 Send DATA 14 10, ID 20158
042.150 Recv DATA 11 7, ID 10155
042.150 Deliver DATA 11, ID 10155
042.150 Slide RECV window, expect 12 next
042.150 Acked DATA 7, slide SEND window
042.151 Send DATA 15 11, ID 20159
042.435 Recv DATA 12 8, ID 10156
042.435 Deliver DATA 12, ID 10156
042.435 Slide RECV window, expect 13 next
042.435 Acked DATA 8, slide SEND window
042.435 Send DATA 0 12, ID 20160
042.699 Recv DATA 13 9, ID 10157
042.699 Deliver DATA 13, ID 10157
042.699 Slide RECV window, expect 14 next
042.699 Acked DATA 9, slide SEND window
042.699 Send DATA 1 13, ID 20161
042.933 Recv DATA 14 10, ID 10158
042.933 Deliver DATA 14, ID 10158
042.933 Slide RECV window, expect 15 next
042.933 Acked DATA 10, slide SEND window
042.934 Send DATA 2 14, ID 20162
043.218 Recv DATA 15 11, ID 10159
043.218 Deliver DATA 15, ID 10159
043.218 .... 160 packets received, 7750 bps, 96.88%, Err 0 (0.0e+00)
043.218 Slide RECV window, expect 0 next
043.218 Acked DATA 11, slide SEND window
043.218 Send DATA 3 15, ID 20163
043.481 Recv DATA 0 12, ID 10160
043.481 Deliver DATA 0, ID 10160
043.481 Slide RECV window, expect 1 next
043.481 Acked DATA 12, slide SEND window
043.482 Send DATA 4 0, ID 20164
043.750 Recv DATA 1 13, ID 10161
043.750 Deliver DATA 1, ID 10161
043.750 Slide RECV window, expect 2 next
043.750 Acked DATA 13, slide SEND window
043.750 Send DATA 5 1, ID 20165
044.031 Recv DATA 2 14, ID 10162
044.031 Deliver DATA 2, ID 10162
044.031 Slide RECV window, expect 3 next
044.031 Acked DATA 14, slide SEND window
044.031 Send DATA 6 2, ID 20166
044.283 Recv DATA 3 15, ID 10163
044.283 Deliver DATA 3, ID 10163
044.283 Slide RECV window, expect 4 next
044.283 Acked DATA 15, slide SEND window
044.283 Send DATA 7 3, ID 20167
044.539 Recv DATA 4 0, ID 10164
044.539 Deliver DATA 4, ID 10164
044.539 Slide RECV window, expect 5 next
044.539 Acked DATA 0, slide SEND window
044.540 Send DATA 8 4, ID 20168
044.781 Recv DATA 5 1, ID 10165
044.781 Deliver DATA 5, ID 10165
044.781 Slide RECV window, expect 6 next
044.781 Acked DATA 1, slide SEND window
044.781 Send DATA 9 5, ID 20169
045.048 Recv DATA 6 2, ID 10166
045.048 Deliver DATA 6, ID 10166
045.048 Slide RECV window, expect 7 next
045.048 Acked DATA 2, slide SEND window
045.048 Send DATA 10 6, ID 20170
045.333 Recv DATA 7 3, ID 10167
045.333 Deliver DATA 7, ID 10167
045.333 .... 168 packets received, 7750 bps, 96.87%, Err 0 (0.0e+00)
045.333 Slide RECV window, expect 8 next
045.333 Acked DATA 3, slide SEND window
045.334 Send DATA 11 7, ID 20171
045.584 Recv DATA 8 4, ID 10168
045.584 Deliver DATA 8, ID 10168
045.584 Slide RECV window, expect 9 next
045.584 Acked DATA 4, slide SEND window
045.584 Send DATA 12 8, ID 20172
045.850 Recv DATA 9 5, ID 10169
045.850 Deliver DATA 9, ID 10169
045.850 Slide RECV window, expect 10 next
045.850 Acked DATA 5, slide SEND window
045.850 Send DATA 13 9, ID 20173
046.131 Recv DATA 10 6, ID 10170
046.131 Deliver DATA 10, ID 10170
046.131 Slide RECV window, expect 11 next
046.131 Acked DATA 6, slide SEND window
046.131 Send DATA 14 10, ID 20174
046.399 Recv DATA 11 7, ID 10171
046.399 Deliver DATA 11, ID 10171
046.400 Slide RECV window, expect 12 next
046.400 Acked DATA 7, slide SEND window
046.400 Send DATA 15 11, ID 20175
046.668 Recv DATA 12 8, ID 10172
046.668 Deliver DATA 12, ID 10172
046.668 Slide RECV window, expect 13 next
046.668 Acked DATA 8, slide SEND window
046.668 Send DATA 0 12, ID 20176
046.947 Recv DATA 13 9, ID 10173
046.947 Deliver DATA 13, ID 10173
046.947 Slide RECV window, expect 14 next
046.947 Acked DATA 9, slide SEND window
046.947 Send DATA 1 13, ID 20177
047.182 Recv DATA 14 10, ID 10174
047.182 Deliver DATA 14, ID 10174
047.182 Slide RECV window, expect 15 next
047.182 Acked DATA 10, slide SEND window
047.183 Send DATA 2 14, ID 20178
047.417 Recv DATA 15 11, ID 10175
047.417 Deliver DATA 15, ID 10175
047.417 .... 176 packets received, 7755 bps, 96.94%, Err 0 (0.0e+00)
047.417 Slide RECV window, expect 0 next
047.417 Acked DATA 11, slide SEND window
047.418 Send DATA 3 15, ID 20179
047.698 Recv DATA 0 12, ID 10176
047.698 Deliver DATA 0, ID 10176
047.698 Slide RECV window, expect 1 next
047.698 Acked DATA 12, slide SEND window
047.698 Send DATA 4 0, ID 20180
047.983 Recv DATA 1 13, ID 10177
047.983 Deliver DATA 1, ID 10177
047.983 Slide RECV window, expect 2 next
047.983 Acked DATA 13, slide SEND window
047.983 Send DATA 5 1, ID 20181
048.265 Recv DATA 2 14, ID 10178
048.265 Deliver DATA 2, ID 10178
048.265 Slide RECV window, expect 3 next
048.265 Acked DATA 14, slide SEND window
048.265 Send DATA 6 2, ID 20182
048.499 Recv DATA 3 15, ID 10179
048.499 Deliver DATA 3, ID 10179
048.499 Slide RECV window, expect 4 next
048.499 Acked DATA 15, slide SEND window
048.500 Send DATA 7 3, ID 20183
048.768 Recv DATA 4 0, ID 10180
048.768 Deliver DATA 4, ID 10180
048.768 Slide RECV window, expect 5 next
048.768 Acked DATA 0, slide SEND window
048.768 Send DATA 8 4, ID 20184
049.034 Recv DATA 5 1, ID 10181
049.034 Deliver DATA 5, ID 10181
049.034 Slide RECV window, expect 6 next
049.034 Acked DATA 1, slide SEND window
049.035 Send DATA 9 5, ID 20185
049.284 Recv DATA 6 2, ID 10182
049.284 Deliver DATA 6, ID 10182
049.284 Slide RECV window, expect 7 next
049.284 Acked DATA 2, slide SEND window
049.285 Send DATA 10 6, ID 20186
049.534 Recv DATA 7 3, ID 10183
049.534 Deliver DATA 7, ID 10183
049.534 .... 184 packets received, 7754 bps, 96.93%, Err 0 (0.0e+00)
049.534 Slide RECV window, expect 8 next
049.534 Acked DATA 3, slide SEND window
049.534 Send DATA 11 7, ID 20187
049.816 Recv DATA 8 4, ID 10184
049.816 Deliver DATA 8, ID 10184
049.816 Slide RECV window, expect 9 next
049.816 Acked DATA 4, slide SEND window
049.816 Send DATA 12 8, ID 20188
050.084 Recv DATA 9 5, ID 10185
050.084 Deliver DATA 9, ID 10185
050.084 Slide RECV window, expect 10 next
050.084 Acked DATA 5, slide SEND window
050.084 Send DATA 13 9, ID 20189
050.333 Recv DATA 10 6, ID 10186
050.333 Deliver DATA 10, ID 10186
050.333 Slide RECV window, expect 11 next
050.333 Acked DATA 6, slide SEND window
050.333 Send DATA 14 10, ID 20190
050.616 Recv DATA 11 7, ID 10187
050.616 Deliver DATA 11, ID 10187
050.616 Slide RECV window, expect 12 next
050.616 Acked DATA 7, slide SEND window
050.616 Send DATA 15 11, ID 20191
050.850 Recv DATA 12 8, ID 10188
050.850 Deliver DATA 12, ID 10188
050.851 Slide RECV window, expect 13 next
050.851 Acked DATA 8, slide SEND window
050.851 Send DATA 0 12, ID 20192
051.135 Recv DATA 13 9, ID 10189
051.135 Deliver DATA 13, ID 10189
051.135 Slide RECV window, expect 14 next
051.136 Acked DATA 9, slide SEND window
051.136 Send DATA 1 13, ID 20193
051.397 Recv DATA 14 10, ID 10190
051.397 Deliver DATA 14, ID 10190
051.397 Slide RECV window, expect 15 next
051.397 Acked DATA 10, slide SEND window
051.397 Send DATA 2 14, ID 20194
051.682 Recv DATA 15 11, ID 10191
051.682 Deliver DATA 15, ID 10191
051.682 .... 192 packets received, 7749 bps, 96.86%, Err 0 (0.0e+00)
051.682 Slide RECV window, expect 0 next
051.682 Acked DATA 11, slide SEND window
051.682 Send DATA 3 15, ID 20195
051.949 Recv DATA 0 12, ID 10192
051.949 Deliver DATA 0, ID 10192
051.949 Slide RECV window, expect 1 next
051.949 Acked DATA 12, slide SEND window
051.950 Send DATA 4 0, ID 20196
052.197 Recv DATA 1 13, ID 10193
052.198 Deliver DATA 1, ID 10193
052.198 Slide RECV window, expect 2 next
052.198 Acked DATA 13, slide SEND window
052.198 Send DATA 5 1, ID 20197
052.434 Recv DATA 2 14, ID 10194
052.434 Deliver DATA 2, ID 10194
052.434 Slide RECV window, expect 3 next
052.434 Acked DATA 14, slide SEND window
052.434 Send DATA 6 2, ID 20198
052.699 Recv DATA 3 15, ID 10195
052.699 Deliver DATA 3, ID 10195
052.699 Slide RECV window, expect 4 next
052.699 Acked DATA 15, slide SEND window
052.700 Send DATA 7 3, ID 20199
052.981 Recv DATA 4 0, ID 10196
052.981 Deliver DATA 4, ID 10196
052.981 Slide RECV window, expect 5 next
052.981 Acked DATA 0, slide SEND window
052.981 Send DATA 8 4, ID 20200
053.249 Recv DATA 5 1, ID 10197
053.249 Deliver DATA 5, ID 10197
053.249 Slide RECV window, expect 6 next
053.249 Acked DATA 1, slide SEND window
053.249 Send DATA 9 5, ID 20201
053.533 Recv DATA 6 2, ID 10198
053.533 Deliver DATA 6, ID 10198
053.533 Slide RECV window, expect 7 next
053.533 Acked DATA 2, slide SEND window
053.534 Send DATA 10 6, ID 20202
053.765 Recv DATA 7 3, ID 10199
053.766 Deliver DATA 7, ID 10199
053.766 .... 200 packets received, 7753 bps, 96.92%, Err 0 (0.0e+00)
053.766 Slide RECV window, expect 8 next
053.766 Acked DATA 3, slide SEND window
053.766 Send DATA 11 7, ID 20203
054.050 Recv DATA 8 4, ID 10200
054.050 Deliver DATA 8, ID 10200
054.050 Slide RECV window, expect 9 next
054.050 Acked DATA 4, slide SEND window
054.050 Send DATA 12 8, ID 20204
054.314 Recv DATA 9 5, ID 10201
054.314 Deliver DATA 9, ID 10201
054.315 Slide RECV window, expect 10 next
054.315 Acked DATA 5, slide SEND window
054.315 Send DATA 13 9, ID 20205
054.552 Recv DATA 10 6, ID 10202
054.552 Deliver DATA 10, ID 10202
054.552 Slide RECV window, expect 11 next
054.552 Acked DATA 6, slide SEND window
054.552 Send DATA 14 10, ID 20206
054.833 Recv DATA 11 7, ID 10203
054.833 Deliver DATA 11, ID 10203
054.833 Slide RECV window, expect 12 next
054.833 Acked DATA 7, slide SEND window
054.833 Send DATA 15 11, ID 20207
055.085 Recv DATA 12 8, ID 10204
055.085 Deliver DATA 12, ID 10204
055.085 Slide RECV window, expect 13 next
055.085 Acked DATA 8, slide SEND window
055.085 Send DATA 0 12, ID 20208
055.365 Recv DATA 13 9, ID 10205
055.365 Deliver DATA 13, ID 10205
055.365 Slide RECV window, expect 14 next
055.365 Acked DATA 9, slide SEND window
055.366 Send DATA 1 13, ID 20209
055.614 Recv DATA 14 10, ID 10206
055.614 Deliver DATA 14, ID 10206
055.614 Slide RECV window, expect 15 next
055.614 Acked DATA 10, slide SEND window
055.614 Send DATA 2 14, ID 20210
055.882 Recv DATA 15 11, ID 10207
055.882 Deliver DATA 15, ID 10207
055.882 .... 208 packets received, 7753 bps, 96.91%, Err 0 (0.0e+00)
055.882 Slide RECV window, expect 0 next
055.882 Acked DATA 11, slide SEND window
055.882 Send DATA 3 15, ID 20211
056.151 Recv DATA 0 12, ID 10208
056.151 Deliver DATA 0, ID 10208
056.151 Slide RECV window, expect 1 next
056.151 Acked DATA 12, slide SEND window
056.151 Send DATA 4 0, ID 20212
056.414 Recv DATA 1 13, ID 10209
056.414 Deliver DATA 1, ID 10209
056.414 Slide RECV window, expect 2 next
056.414 Acked DATA 13, slide SEND window
056.414 Send DATA 5 1, ID 20213
056.683 Recv DATA 2 14, ID 10210
056.683 Deliver DATA 2, ID 10210
056.683 Slide RECV window, expect 3 next
056.683 Acked DATA 14, slide SEND window
056.684 Send DATA 6 2, ID 20214
056.950 Recv DATA 3 15, ID 10211
056.951 Deliver DATA 3, ID 10211
056.951 Slide RECV window, expect 4 next
056.951 Acked DATA 15, slide SEND window
056.951 Send DATA 7 3, ID 20215
057.199 Recv DATA 4 0, ID 10212
057.199 Deliver DATA 4, ID 10212
057.199 Slide RECV window, expect 5 next
057.199 Acked DATA 0, slide SEND window
057.199 Send DATA 8 4, ID 20216
057.448 Recv DATA 5 1, ID 10213
057.448 Deliver DATA 5, ID 10213
057.448 Slide RECV window, expect 6 next
057.448 Acked DATA 1, slide SEND window
057.448 Send DATA 9 5, ID 20217
057.717 Recv DATA 6 2, ID 10214
057.717 Deliver DATA 6, ID 10214
057.717 Slide RECV window, expect 7 next
057.717 Acked DATA 2, slide SEND window
057.728 Send DATA 10 6, ID 20218
058.013 Recv DATA 7 3, ID 10215
058.013 Deliver DATA 7, ID 10215
058.013 .... 216 packets received, 7751 bps, 96.88%, Err 0 (0.0e+00)
058.013 Slide RECV window, expect 8 next
058.013 Acked DATA 3, slide SEND window
058.013 Send DATA 11 7, ID 20219
058.299 Recv DATA 8 4, ID 10216
058.299 Deliver DATA 8, ID 10216
058.299 Slide RECV window, expect 9 next
058.299 Acked DATA 4, slide SEND window
058.299 Send DATA 12 8, ID 20220
058.550 Recv DATA 9 5, ID 10217
058.550 Deliver DATA 9, ID 10217
058.550 Slide RECV window, expect 10 next
058.550 Acked DATA 5, slide SEND window
058.550 Send DATA 13 9, ID 20221
058.798 Recv DATA 10 6, ID 10218
058.798 Deliver DATA 10, ID 10218
058.798 Slide RECV window, expect 11 next
058.798 Acked DATA 6, slide SEND window
058.798 Send DATA 14 10, ID 20222
059.067 Recv DATA 11 7, ID 10219
059.067 Deliver DATA 11, ID 10219
059.067 Slide RECV window, expect 12 next
059.067 Acked DATA 7, slide SEND window
059.067 Send DATA 15 11, ID 20223
059.349 Recv DATA 12 8, ID 10220
059.349 Deliver DATA 12, ID 10220
059.349 Slide RECV window, expect 13 next
059.349 Acked DATA 8, slide SEND window
059.349 Send DATA 0 12, ID 20224
059.582 Recv DATA 13 9, ID 10221
059.582 Deliver DATA 13, ID 10221
059.582 Slide RECV window, expect 14 next
059.582 Acked DATA 9, slide SEND window
059.583 Send DATA 1 13, ID 20225
059.864 Recv DATA 14 10, ID 10222
059.865 Deliver DATA 14, ID 10222
059.865 Slide RECV window, expect 15 next
059.865 Acked DATA 10, slide SEND window
059.865 Send DATA 2 14, ID 20226
060.133 Recv DATA 15 11, ID 10223
060.133 Deliver DATA 15, ID 10223
060.133 .... 224 packets received, 7750 bps, 96.87%, Err 0 (0.0e+00)
060.133 Slide RECV window, expect 0 next
060.133 Acked DATA 11, slide SEND window
060.133 Send DATA 3 15, ID 20227
060.381 Recv DATA 0 12, ID 10224
060.381 Deliver DATA 0, ID 10224
060.381 Slide RECV window, expect 1 next
060.381 Acked DATA 12, slide SEND window
060.381 Send DATA 4 0, ID 20228
060.649 Recv DATA 1 13, ID 10225
060.649 Deliver DATA 1, ID 10225
060.649 Slide RECV window, expect 2 next
060.649 Acked DATA 13, slide SEND window
060.650 Send DATA 5 1, ID 20229
060.902 Recv DATA 2 14, ID 10226
060.902 Deliver DATA 2, ID 10226
060.902 Slide RECV window, expect 3 next
060.902 Acked DATA 14, slide SEND window
060.903 Send DATA 6 2, ID 20230
061.183 Recv DATA 3 15, ID 10227
061.183 Deliver DATA 3, ID 10227
061.183 Slide RECV window, expect 4 next
061.183 Acked DATA 15, slide SEND window
061.183 Send DATA 7 3, ID 20231
061.433 Recv DATA 4 0, ID 10228
061.433 Deliver DATA 4, ID 10228
061.433 Slide RECV window, expect 5 next
061.433 Acked DATA 0, slide SEND window
061.433 Send DATA 8 4, ID 20232
061.712 Recv DATA 5 1, ID 10229
061.712 Deliver DATA 5, ID 10229
061.712 Slide RECV window, expect 6 next
061.712 Acked DATA 1, slide SEND window
061.712 Send DATA 9 5, ID 20233
061.964 Recv DATA 6 2, ID 10230
061.964 Deliver DATA 6, ID 10230
061.964 Slide RECV window, expect 7 next
061.964 Acked DATA 2, slide SEND window
061.964 Send DATA 10 6, ID 20234
062.232 Recv DATA 7 3, ID 10231
062.232 Deliver DATA 7, ID 10231
062.232 .... 232 packets received, 7752 bps, 96.90%, Err 0 (0.0e+00)
062.232 Slide RECV window, expect 8 next
062.232 Acked DATA 3, slide SEND window
062.233 Send DATA 11 7, ID 20235
062.464 Recv DATA 8 4, ID 10232
062.464 Deliver DATA 8, ID 10232
062.465 Slide RECV window, expect 9 next
062.465 Acked DATA 4, slide SEND window
062.465 Send DATA 12 8, ID 20236
062.734 Recv DATA 9 5, ID 10233
062.735 Deliver DATA 9, ID 10233
062.735 Slide RECV window, expect 10 next
062.735 Acked DATA 5, slide SEND window
062.735 Send DATA 13 9, ID 20237
063.001 Recv DATA 10 6, ID 10234
063.001 Deliver DATA 10, ID 10234
063.001 Slide RECV window, expect 11 next
063.001 Acked DATA 6, slide SEND window
063.001 Send DATA 14 10, ID 20238
063.282 Recv DATA 11 7, ID 10235
063.282 Deliver DATA 11, ID 10235
063.282 Slide RECV window, expect 12 next
063.282 Acked DATA 7, slide SEND window
063.282 Send DATA 15 11, ID 20239
063.549 Recv DATA 12 8, ID 10236
063.550 Deliver DATA 12, ID 10236
063.550 Slide RECV window, expect 13 next
063.550 Acked DATA 8, slide SEND window
063.551 Send DATA 0 12, ID 20240
063.819 Recv DATA 13 9, ID 10237
063.819 Deliver DATA 13, ID 10237
063.819 Slide RECV window, expect 14 next
063.819 Acked DATA 9, slide SEND window
063.819 Send DATA 1 13, ID 20241
064.068 Recv DATA 14 10, ID 10238
064.068 Deliver DATA 14, ID 10238
064.068 Slide RECV window, expect 15 next
064.068 Acked DATA 10, slide SEND window
064.068 Send DATA 2 14, ID 20242
064.334 Recv DATA 15 11, ID 10239
064.334 Deliver DATA 15, ID 10239
064.334 .... 240 packets received, 7753 bps, 96.91%, Err 0 (0.0e+00)
064.334 Slide RECV window, expect 0 next
064.334 Acked DATA 11, slide SEND window
064.334 Send DATA 3 15, ID 20243
064.630 Recv DATA 0 12, ID 10240
064.630 Deliver DATA 0, ID 10240
064.630 Slide RECV window, expect 1 next
064.630 Acked DATA 12, slide SEND window
064.631 Send DATA 4 0, ID 20244
064.898 Recv DATA 1 13, ID 10241
064.898 Deliver DATA 1, ID 10241
064.898 Slide RECV window, expect 2 next
064.898 Acked DATA 13, slide SEND window
064.898 Send DATA 5 1, ID 20245
065.148 Recv DATA 2 14, ID 10242
065.148 Deliver DATA 2, ID 10242
065.148 Slide RECV window, expect 3 next
065.148 Acked DATA 14, slide SEND window
065.148 Send DATA 6 2, ID 20246
065.386 Recv DATA 3 15, ID 10243
065.386 Deliver DATA 3, ID 10243
065.386 Slide RECV window, expect 4 next
065.386 Acked DATA 15, slide SEND window
065.386 Send DATA 7 3, ID 20247
065.677 Recv DATA 4 0, ID 10244
065.677 Deliver DATA 4, ID 10244
065.677 Slide RECV window, expect 5 next
065.677 Acked DATA 0, slide SEND window
065.677 Send DATA 8 4, ID 20248
065.951 Recv DATA 5 1, ID 10245
065.951 Deliver DATA 5, ID 10245
065.951 Slide RECV window, expect 6 next
065.951 Acked DATA 1, slide SEND window
065.951 Send DATA 9 5, ID 20249
066.164 Recv DATA 6 2, ID 10246
066.164 Deliver DATA 6, ID 10246
066.165 Slide RECV window, expect 7 next
066.165 Acked DATA 2, slide SEND window
066.165 Send DATA 10 6, ID 20250
066.449 Recv DATA 7 3, ID 10247
066.449 Deliver DATA 7, ID 10247
066.449 .... 248 packets received, 7753 bps, 96.91%, Err 0 (0.0e+00)
066.449 Slide RECV window, expect 8 next
066.449 Acked DATA 3, slide SEND window
066.450 Send DATA 11 7, ID 20251
066.698 Recv DATA 8 4, ID 10248
066.698 Deliver DATA 8, ID 10248
066.698 Slide RECV window, expect 9 next
066.698 Acked DATA 4, slide SEND window
066.699 Send DATA 12 8, ID 20252
066.968 Recv DATA 9 5, ID 10249
066.968 Deliver DATA 9, ID 10249
066.968 Slide RECV window, expect 10 next
066.968 Acked DATA 5, slide SEND window
066.968 Send DATA 13 9, ID 20253
067.247 Recv DATA 10 6, ID 10250
067.247 Deliver DATA 10, ID 10250
067.247 Slide RECV window, expect 11 next
067.247 Acked DATA 6, slide SEND window
067.247 Send DATA 14 10, ID 20254
067.532 Recv DATA 11 7, ID 10251
067.532 Deliver DATA 11, ID 10251
067.532 Slide RECV window, expect 12 next
067.532 Acked DATA 7, slide SEND window
067.533 Send DATA 15 11, ID 20255
067.782 Recv DATA 12 8, ID 10252
067.782 Deliver DATA 12, ID 10252
067.782 Slide RECV window, expect 13 next
067.782 Acked DATA 8, slide SEND window
067.782 Send DATA 0 12, ID 20256
068.047 Recv DATA 13 9, ID 10253
068.047 Deliver DATA 13, ID 10253
068.047 Slide RECV window, expect 14 next
068.047 Acked DATA 9, slide SEND window
068.048 Send DATA 1 13, ID 20257
068.332 Recv DATA 14 10, ID 10254
068.332 Deliver DATA 14, ID 10254
068.332 Slide RECV window, expect 15 next
068.332 Acked DATA 10, slide SEND window
068.332 Send DATA 2 14, ID 20258
068.596 Recv DATA 15 11, ID 10255
068.596 Deliver DATA 15, ID 10255
068.597 .... 256 packets received, 7749 bps, 96.86%, Err 0 (0.0e+00)
068.597 Slide RECV window, expect 0 next
068.597 Acked DATA 11, slide SEND window
068.597 Send DATA 3 15, ID 20259
068.834 Recv DATA 0 12, ID 10256
068.834 Deliver DATA 0, ID 10256
068.834 Slide RECV window, expect 1 next
068.834 Acked DATA 12, slide SEND window
068.834 Send DATA 4 0, ID 20260
069.099 Recv DATA 1 13, ID 10257
069.099 Deliver DATA 1, ID 10257
069.099 Slide RECV window, expect 2 next
069.099 Acked DATA 13, slide SEND window
069.101 Send DATA 5 1, ID 20261
069.367 Recv DATA 2 14, ID 10258
069.367 Deliver DATA 2, ID 10258
069.367 Slide RECV window, expect 3 next
069.367 Acked DATA 14, slide SEND window
069.368 Send DATA 6 2, ID 20262
069.601 Recv DATA 3 15, ID 10259
069.601 Deliver DATA 3, ID 10259
069.601 Slide RECV window, expect 4 next
069.601 Acked DATA 15, slide SEND window
069.601 Send DATA 7 3, ID 20263
069.882 Recv DATA 4 0, ID 10260
069.882 Deliver DATA 4, ID 10260
069.882 Slide RECV window, expect 5 next
069.882 Acked DATA 0, slide SEND window
069.882 Send DATA 8 4, ID 20264
070.147 Recv DATA 5 1, ID 10261
070.147 Deliver DATA 5, ID 10261
070.148 Slide RECV window, expect 6 next
070.148 Acked DATA 1, slide SEND window
070.148 Send DATA 9 5, ID 20265
070.384 Recv DATA 6 2, ID 10262
070.384 Deliver DATA 6, ID 10262
070.384 Slide RECV window, expect 7 next
070.384 Acked DATA 2, slide SEND window
070.385 Send DATA 10 6, ID 20266
070.650 Recv DATA 7 3, ID 10263
070.650 Deliver DATA 7, ID 10263
070.650 .... 264 packets received, 7756 bps, 96.95%, Err 0 (0.0e+00)
070.650 Slide RECV window, expect 8 next
070.650 Acked DATA 3, slide SEND window
070.650 Send DATA 11 7, ID 20267
070.932 Recv DATA 8 4, ID 10264
070.932 Deliver DATA 8, ID 10264
070.932 Slide RECV window, expect 9 next
070.932 Acked DATA 4, slide SEND window
070.932 Send DATA 12 8, ID 20268
071.199 Recv DATA 9 5, ID 10265
071.199 Deliver DATA 9, ID 10265
071.199 Slide RECV window, expect 10 next
071.199 Acked DATA 5, slide SEND window
071.199 Send DATA 13 9, ID 20269
071.481 Recv DATA 10 6, ID 10266
071.481 Deliver DATA 10, ID 10266
071.481 Slide RECV window, expect 11 next
071.481 Acked DATA 6, slide SEND window
071.481 Send DATA 14 10, ID 20270
071.748 Recv DATA 11 7, ID 10267
071.748 Deliver DATA 11, ID 10267
071.748 Slide RECV window, expect 12 next
071.748 Acked DATA 7, slide SEND window
071.748 Send DATA 15 11, ID 20271
071.998 Recv DATA 12 8, ID 10268
071.999 Deliver DATA 12, ID 10268
071.999 Slide RECV window, expect 13 next
071.999 Acked DATA 8, slide SEND window
071.999 Send DATA 0 12, ID 20272
072.233 Recv DATA 13 9, ID 10269
072.233 Deliver DATA 13, ID 10269
072.233 Slide RECV window, expect 14 next
072.233 Acked DATA 9, slide SEND window
072.233 Send DATA 1 13, ID 20273
072.499 Recv DATA 14 10, ID 10270
072.499 Deliver DATA 14, ID 10270
072.499 Slide RECV window, expect 15 next
072.499 Acked DATA 10, slide SEND window
072.499 Send DATA 2 14, ID 20274
072.770 Recv DATA 15 11, ID 10271
072.770 Deliver DATA 15, ID 10271
072.770 .... 272 packets received, 7755 bps, 96.94%, Err 0 (0.0e+00)
072.770 Slide RECV window, expect 0 next
072.770 Acked DATA 11, slide SEND window
072.771 Send DATA 3 15, ID 20275
073.033 Recv DATA 0 12, ID 10272
073.033 Deliver DATA 0, ID 10272
073.033 Slide RECV window, expect 1 next
073.033 Acked DATA 12, slide SEND window
073.033 Send DATA 4 0, ID 20276
073.299 Recv DATA 1 13, ID 10273
073.299 Deliver DATA 1, ID 10273
073.299 Slide RECV window, expect 2 next
073.299 Acked DATA 13, slide SEND window
073.299 Send DATA 5 1, ID 20277
073.566 Recv DATA 2 14, ID 10274
073.566 Deliver DATA 2, ID 10274
073.566 Slide RECV window, expect 3 next
073.566 Acked DATA 14, slide SEND window
073.567 Send DATA 6 2, ID 20278
073.814 Recv DATA 3 15, ID 10275
073.814 Deliver DATA 3, ID 10275
073.814 Slide RECV window, expect 4 next
073.814 Acked DATA 15, slide SEND window
073.814 Send DATA 7 3, ID 20279
074.097 Recv DATA 4 0, ID 10276
074.097 Deliver DATA 4, ID 10276
074.097 Slide RECV window, expect 5 next
074.097 Acked DATA 0, slide SEND window
074.098 Send DATA 8 4, ID 20280
074.396 Recv DATA 5 1, ID 10277
074.397 Deliver DATA 5, ID 10277
074.397 Slide RECV window, expect 6 next
074.397 Acked DATA 1, slide SEND window
074.397 Send DATA 9 5, ID 20281
074.615 Recv DATA 6 2, ID 10278
074.615 Deliver DATA 6, ID 10278
074.615 Slide RECV window, expect 7 next
074.615 Acked DATA 2, slide SEND window
074.615 Send DATA 10 6, ID 20282
074.882 Recv DATA 7 3, ID 10279
074.882 Deliver DATA 7, ID 10279
074.882 .... 280 packets received, 7755 bps, 96.94%, Err 0 (0.0e+00)
074.893 Slide RECV window, expect 8 next
074.893 Acked DATA 3, slide SEND window
074.893 Send DATA 11 7, ID 20283
075.165 Recv DATA 8 4, ID 10280
075.165 Deliver DATA 8, ID 10280
075.165 Slide RECV window, expect 9 next
075.165 Acked DATA 4, slide SEND window
075.166 Send DATA 12 8, ID 20284
075.432 Recv DATA 9 5, ID 10281
075.432 Deliver DATA 9, ID 10281
075.432 Slide RECV window, expect 10 next
075.432 Acked DATA 5, slide SEND window
075.432 Send DATA 13 9, ID 20285
075.681 Recv DATA 10 6, ID 10282
075.681 Deliver DATA 10, ID 10282
075.682 Slide RECV window, expect 11 next
075.682 Acked DATA 6, slide SEND window
075.682 Send DATA 14 10, ID 20286
075.950 Recv DATA 11 7, ID 10283
075.950 Deliver DATA 11, ID 10283
075.950 Slide RECV window, expect 12 next
075.950 Acked DATA 7, slide SEND window
075.950 Send DATA 15 11, ID 20287
076.200 Recv DATA 12 8, ID 10284
076.200 Deliver DATA 12, ID 10284
076.200 Slide RECV window, expect 13 next
076.200 Acked DATA 8, slide SEND window
076.200 Send DATA 0 12, ID 20288
076.465 Recv DATA 13 9, ID 10285
076.465 Deliver DATA 13, ID 10285
076.465 Slide RECV window, expect 14 next
076.465 Acked DATA 9, slide SEND window
076.466 Send DATA 1 13, ID 20289
076.730 Recv DATA 14 10, ID 10286
076.730 Deliver DATA 14, ID 10286
076.730 Slide RECV window, expect 15 next
076.730 Acked DATA 10, slide SEND window
076.730 Send DATA 2 14, ID 20290
076.999 Recv DATA 15 11, ID 10287
076.999 Deliver DATA 15, ID 10287
076.999 .... 288 packets received, 7755 bps, 96.93%, Err 0 (0.0e+00)
076.999 Slide RECV window, expect 0 next
076.999 Acked DATA 11, slide SEND window
076.999 Send DATA 3 15, ID 20291
077.283 Recv DATA 0 12, ID 10288
077.283 Deliver DATA 0, ID 10288
077.283 Slide RECV window, expect 1 next
077.283 Acked DATA 12, slide SEND window
077.283 Send DATA 4 0, ID 20292
077.548 Recv DATA 1 13, ID 10289
077.548 Deliver DATA 1, ID 10289
077.548 Slide RECV window, expect 2 next
077.548 Acked DATA 13, slide SEND window
077.548 Send DATA 5 1, ID 20293
077.800 Recv DATA 2 14, ID 10290
077.800 Deliver DATA 2, ID 10290
077.801 Slide RECV window, expect 3 next
077.801 Acked DATA 14, slide SEND window
077.801 Send DATA 6 2, ID 20294
078.065 Recv DATA 3 15, ID 10291
078.065 Deliver DATA 3, ID 10291
078.065 Slide RECV window, expect 4 next
078.065 Acked DATA 15, slide SEND window
078.065 Send DATA 7 3, ID 20295
078.335 Recv DATA 4 0, ID 10292
078.335 Deliver DATA 4, ID 10292
078.335 Slide RECV window, expect 5 next
078.335 Acked DATA 0, slide SEND window
078.336 Send DATA 8 4, ID 20296
078.597 Recv DATA 5 1, ID 10293
078.597 Deliver DATA 5, ID 10293
078.597 Slide RECV window, expect 6 next
078.597 Acked DATA 1, slide SEND window
078.597 Send DATA 9 5, ID 20297
078.832 Recv DATA 6 2, ID 10294
078.832 Deliver DATA 6, ID 10294
078.832 Slide RECV window, expect 7 next
078.832 Acked DATA 2, slide SEND window
078.832 Send DATA 10 6, ID 20298
079.131 Recv DATA 7 3, ID 10295
079.132 Deliver DATA 7, ID 10295
079.132 .... 296 packets received, 7753 bps, 96.91%, Err 0 (0.0e+00)
079.132 Slide RECV window, expect 8 next
079.132 Acked DATA 3, slide SEND window
079.132 Send DATA 11 7, ID 20299
079.365 Recv DATA 8 4, ID 10296
079.365 Deliver DATA 8, ID 10296
079.365 Slide RECV window, expect 9 next
079.365 Acked DATA 4, slide SEND window
079.365 Send DATA 12 8, ID 20300
079.649 Recv DATA 9 5, ID 10297
079.649 Deliver DATA 9, ID 10297
079.649 Slide RECV window, expect 10 next
079.649 Acked DATA 5, slide SEND window
079.649 Send DATA 13 9, ID 20301
079.902 Recv DATA 10 6, ID 10298
079.902 Deliver DATA 10, ID 10298
079.902 Slide RECV window, expect 11 next
079.902 Acked DATA 6, slide SEND window
079.902 Send DATA 14 10, ID 20302
080.166 Recv DATA 11 7, ID 10299
080.166 Deliver DATA 11, ID 10299
080.166 Slide RECV window, expect 12 next
080.166 Acked DATA 7, slide SEND window
080.166 Send DATA 15 11, ID 20303
080.416 Recv DATA 12 8, ID 10300
080.416 Deliver DATA 12, ID 10300
080.417 Slide RECV window, expect 13 next
080.417 Acked DATA 8, slide SEND window
080.417 Send DATA 0 12, ID 20304
080.699 Recv DATA 13 9, ID 10301
080.700 Deliver DATA 13, ID 10301
080.700 Slide RECV window, expect 14 next
080.700 Acked DATA 9, slide SEND window
080.700 Send DATA 1 13, ID 20305
080.979 Recv DATA 14 10, ID 10302
080.979 Deliver DATA 14, ID 10302
080.979 Slide RECV window, expect 15 next
080.979 Acked DATA 10, slide SEND window
080.979 Send DATA 2 14, ID 20306
081.250 Recv DATA 15 11, ID 10303
081.250 Deliver DATA 15, ID 10303
081.250 .... 304 packets received, 7752 bps, 96.90%, Err 0 (0.0e+00)
081.250 Slide RECV window, expect 0 next
081.250 Acked DATA 11, slide SEND window
081.251 Send DATA 3 15, ID 20307
081.497 Recv DATA 0 12, ID 10304
081.497 Deliver DATA 0, ID 10304
081.497 Slide RECV window, expect 1 next
081.497 Acked DATA 12, slide SEND window
081.498 Send DATA 4 0, ID 20308
081.729 Recv DATA 1 13, ID 10305
081.729 Deliver DATA 1, ID 10305
081.729 Slide RECV window, expect 2 next
081.729 Acked DATA 13, slide SEND window
081.730 Send DATA 5 1, ID 20309
082.038 Recv DATA 2 14, ID 10306
082.038 Deliver DATA 2, ID 10306
082.038 Slide RECV window, expect 3 next
082.038 Acked DATA 14, slide SEND window
082.038 Send DATA 6 2, ID 20310
082.314 Recv DATA 3 15, ID 10307
082.314 Deliver DATA 3, ID 10307
082.314 Slide RECV window, expect 4 next
082.314 Acked DATA 15, slide SEND window
082.314 Send DATA 7 3, ID 20311
082.564 Recv DATA 4 0, ID 10308
082.564 Deliver DATA 4, ID 10308
082.564 Slide RECV window, expect 5 next
082.564 Acked DATA 0, slide SEND window
082.564 Send DATA 8 4, ID 20312
082.831 Recv DATA 5 1, ID 10309
082.831 Deliver DATA 5, ID 10309
082.831 Slide RECV window, expect 6 next
082.831 Acked DATA 1, slide SEND window
082.831 Send DATA 9 5, ID 20313
083.097 Recv DATA 6 2, ID 10310
083.097 Deliver DATA 6, ID 10310
083.097 Slide RECV window, expect 7 next
083.097 Acked DATA 2, slide SEND window
083.097 Send DATA 10 6, ID 20314
083.332 Recv DATA 7 3, ID 10311
083.332 Deliver DATA 7, ID 10311
083.332 .... 312 packets received, 7755 bps, 96.94%, Err 0 (0.0e+00)
083.332 Slide RECV window, expect 8 next
083.332 Acked DATA 3, slide SEND window
083.332 Send DATA 11 7, ID 20315
083.615 Recv DATA 8 4, ID 10312
083.615 Deliver DATA 8, ID 10312
083.615 Slide RECV window, expect 9 next
083.615 Acked DATA 4, slide SEND window
083.615 Send DATA 12 8, ID 20316
083.850 Recv DATA 9 5, ID 10313
083.850 Deliver DATA 9, ID 10313
083.850 Slide RECV window, expect 10 next
083.850 Acked DATA 5, slide SEND window
083.850 Send DATA 13 9, ID 20317
084.131 Recv DATA 10 6, ID 10314
084.131 Deliver DATA 10, ID 10314
084.131 Slide RECV window, expect 11 next
084.131 Acked DATA 6, slide SEND window
084.132 Send DATA 14 10, ID 20318
084.380 Recv DATA 11 7, ID 10315
084.380 Deliver DATA 11, ID 10315
084.380 Slide RECV window, expect 12 next
084.380 Acked DATA 7, slide SEND window
084.380 Send DATA 15 11, ID 20319
084.645 Recv DATA 12 8, ID 10316
084.645 Deliver DATA 12, ID 10316
084.645 Slide RECV window, expect 13 next
084.645 Acked DATA 8, slide SEND window
084.645 Send DATA 0 12, ID 20320
084.931 Recv DATA 13 9, ID 10317
084.931 Deliver DATA 13, ID 10317
084.931 Slide RECV window, expect 14 next
084.931 Acked DATA 9, slide SEND window
084.931 Send DATA 1 13, ID 20321
085.182 Recv DATA 14 10, ID 10318
085.182 Deliver DATA 14, ID 10318
085.182 Slide RECV window, expect 15 next
085.182 Acked DATA 10, slide SEND window
085.182 Send DATA 2 14, ID 20322
085.431 Recv DATA 15 11, ID 10319
085.431 Deliver DATA 15, ID 10319
085.431 .... 320 packets received, 7756 bps, 96.95%, Err 0 (0.0e+00)
085.431 Slide RECV window, expect 0 next
085.431 Acked DATA 11, slide SEND window
085.431 Send DATA 3 15, ID 20323
085.700 Recv DATA 0 12, ID 10320
085.700 Deliver DATA 0, ID 10320
085.700 Slide RECV window, expect 1 next
085.700 Acked DATA 12, slide SEND window
085.700 Send DATA 4 0, ID 20324
085.966 Recv DATA 1 13, ID 10321
085.966 Deliver DATA 1, ID 10321
085.967 Slide RECV window, expect 2 next
085.967 Acked DATA 13, slide SEND window
085.967 Send DATA 5 1, ID 20325
086.245 Recv DATA 2 14, ID 10322
086.246 Deliver DATA 2, ID 10322
086.246 Slide RECV window, expect 3 next
086.246 Acked DATA 14, slide SEND window
086.257 Send DATA 6 2, ID 20326
086.517 Recv DATA 3 15, ID 10323
086.517 Deliver DATA 3, ID 10323
086.517 Slide RECV window, expect 4 next
086.517 Acked DATA 15, slide SEND window
086.518 Send DATA 7 3, ID 20327
086.763 Recv DATA 4 0, ID 10324
086.764 Deliver DATA 4, ID 10324
086.764 Slide RECV window, expect 5 next
086.764 Acked DATA 0, slide SEND window
086.764 Send DATA 8 4, ID 20328
087.034 Recv DATA 5 1, ID 10325
087.034 Deliver DATA 5, ID 10325
087.034 Slide RECV window, expect 6 next
087.034 Acked DATA 1, slide SEND window
087.034 Send DATA 9 5, ID 20329
087.297 Recv DATA 6 2, ID 10326
087.297 Deliver DATA 6, ID 10326
087.297 Slide RECV window, expect 7 next
087.297 Acked DATA 2, slide SEND window
087.298 Send DATA 10 6, ID 20330
087.565 Recv DATA 7 3, ID 10327
087.565 Deliver DATA 7, ID 10327
087.565 .... 328 packets received, 7754 bps, 96.93%, Err 0 (0.0e+00)
087.565 Slide RECV window, expect 8 next
087.565 Acked DATA 3, slide SEND window
087.565 Send DATA 11 7, ID 20331
087.830 Recv DATA 8 4, ID 10328
087.830 Deliver DATA 8, ID 10328
087.830 Slide RECV window, expect 9 next
087.830 Acked DATA 4, slide SEND window
087.831 Send DATA 12 8, ID 20332
088.100 Recv DATA 9 5, ID 10329
088.100 Deliver DATA 9, ID 10329
088.100 Slide RECV window, expect 10 next
088.100 Acked DATA 5, slide SEND window
088.101 Send DATA 13 9, ID 20333
088.347 Recv DATA 10 6, ID 10330
088.347 Deliver DATA 10, ID 10330
088.347 Slide RECV window, expect 11 next
088.347 Acked DATA 6, slide SEND window
088.347 Send DATA 14 10, ID 20334
088.616 Recv DATA 11 7, ID 10331
088.616 Deliver DATA 11, ID 10331
088.616 Slide RECV window, expect 12 next
088.616 Acked DATA 7, slide SEND window
088.616 Send DATA 15 11, ID 20335
088.882 Recv DATA 12 8, ID 10332
088.882 Deliver DATA 12, ID 10332
088.882 Slide RECV window, expect 13 next
088.882 Acked DATA 8, slide SEND window
088.882 Send DATA 0 12, ID 20336
089.164 Recv DATA 13 9, ID 10333
089.164 Deliver DATA 13, ID 10333
089.164 Slide RECV window, expect 14 next
089.164 Acked DATA 9, slide SEND window
089.164 Send DATA 1 13, ID 20337
089.432 Recv DATA 14 10, ID 10334
089.432 Deliver DATA 14, ID 10334
089.432 Slide RECV window, expect 15 next
089.432 Acked DATA 10, slide SEND window
089.432 Send DATA 2 14, ID 20338
089.700 Recv DATA 15 11, ID 10335
089.700 Deliver DATA 15, ID 10335
089.700 .... 336 packets received, 7752 bps, 96.91%, Err 0 (0.0e+00)
089.700 Slide RECV window, expect 0 next
089.700 Acked DATA 11, slide SEND window
089.700 Send DATA 3 15, ID 20339
089.981 Recv DATA 0 12, ID 10336
089.981 Deliver DATA 0, ID 10336
089.981 Slide RECV window, expect 1 next
089.981 Acked DATA 12, slide SEND window
089.981 Send DATA 4 0, ID 20340
090.245 Recv DATA 1 13, ID 10337
090.245 Deliver DATA 1, ID 10337
090.245 Slide RECV window, expect 2 next
090.245 Acked DATA 13, slide SEND window
090.246 Send DATA 5 1, ID 20341
090.480 Recv DATA 2 14, ID 10338
090.480 Deliver DATA 2, ID 10338
090.480 Slide RECV window, expect 3 next
090.480 Acked DATA 14, slide SEND window
090.480 Send DATA 6 2, ID 20342
090.746 Recv DATA 3 15, ID 10339
090.746 Deliver DATA 3, ID 10339
090.746 Slide RECV window, expect 4 next
090.746 Acked DATA 15, slide SEND window
090.747 Send DATA 7 3, ID 20343
090.983 Recv DATA 4 0, ID 10340
090.983 Deliver DATA 4, ID 10340
090.983 Slide RECV window, expect 5 next
090.983 Acked DATA 0, slide SEND window
090.983 Send DATA 8 4, ID 20344
091.263 Recv DATA 5 1, ID 10341
091.264 Deliver DATA 5, ID 10341
091.264 Slide RECV window, expect 6 next
091.264 Acked DATA 1, slide SEND window
091.264 Send DATA 9 5, ID 20345
091.546 Recv DATA 6 2, ID 10342
091.546 Deliver DATA 6, ID 10342
091.546 Slide RECV window, expect 7 next
091.546 Acked DATA 2, slide SEND window
091.546 Send DATA 10 6, ID 20346
091.782 Recv DATA 7 3, ID 10343
091.782 Deliver DATA 7, ID 10343
091.782 .... 344 packets received, 7755 bps, 96.94%, Err 0 (0.0e+00)
091.782 Slide RECV window, expect 8 next
091.782 Acked DATA 3, slide SEND window
091.782 Send DATA 11 7, ID 20347
092.049 Recv DATA 8 4, ID 10344
092.049 Deliver DATA 8, ID 10344
092.060 Slide RECV window, expect 9 next
092.060 Acked DATA 4, slide SEND window
092.060 Send DATA 12 8, ID 20348
092.346 Recv DATA 9 5, ID 10345
092.346 Deliver DATA 9, ID 10345
092.346 Slide RECV window, expect 10 next
092.346 Acked DATA 5, slide SEND window
092.346 Send DATA 13 9, ID 20349
092.565 Recv DATA 10 6, ID 10346
092.565 Deliver DATA 10, ID 10346
092.565 Slide RECV window, expect 11 next
092.565 Acked DATA 6, slide SEND window
092.565 Send DATA 14 10, ID 20350
092.832 Recv DATA 11 7, ID 10347
092.832 Deliver DATA 11, ID 10347
092.832 Slide RECV window, expect 12 next
092.832 Acked DATA 7, slide SEND window
092.832 Send DATA 15 11, ID 20351
093.116 Recv DATA 12 8, ID 10348
093.116 Deliver DATA 12, ID 10348
093.116 Slide RECV window, expect 13 next
093.116 Acked DATA 8, slide SEND window
093.116 Send DATA 0 12, ID 20352
093.381 Recv DATA 13 9, ID 10349
093.382 Deliver DATA 13, ID 10349
093.382 Slide RECV window, expect 14 next
093.382 Acked DATA 9, slide SEND window
093.382 Send DATA 1 13, ID 20353
093.634 Recv DATA 14 10, ID 10350
093.634 Deliver DATA 14, ID 10350
093.634 Slide RECV window, expect 15 next
093.634 Acked DATA 10, slide SEND window
093.634 Send DATA 2 14, ID 20354
093.901 Recv DATA 15 11, ID 10351
093.901 Deliver DATA 15, ID 10351
093.901 .... 352 packets received, 7755 bps, 96.93%, Err 0 (0.0e+00)
093.901 Slide RECV window, expect 0 next
093.901 Acked DATA 11, slide SEND window
093.901 Send DATA 3 15, ID 20355
094.161 Recv DATA 0 12, ID 10352
094.161 Deliver DATA 0, ID 10352
094.161 Slide RECV window, expect 1 next
094.161 Acked DATA 12, slide SEND window
094.161 Send DATA 4 0, ID 20356
094.448 Recv DATA 1 13, ID 10353
094.448 Deliver DATA 1, ID 10353
094.448 Slide RECV window, expect 2 next
094.448 Acked DATA 13, slide SEND window
094.448 Send DATA 5 1, ID 20357
094.682 Recv DATA 2 14, ID 10354
094.682 Deliver DATA 2, ID 10354
094.682 Slide RECV window, expect 3 next
094.682 Acked DATA 14, slide SEND window
094.683 Send DATA 6 2, ID 20358
094.965 Recv DATA 3 15, ID 10355
094.965 Deliver DATA 3, ID 10355
094.965 Slide RECV window, expect 4 next
094.965 Acked DATA 15, slide SEND window
094.966 Send DATA 7 3, ID 20359
095.200 Recv DATA 4 0, ID 10356
095.200 Deliver DATA 4, ID 10356
095.200 Slide RECV window, expect 5 next
095.200 Acked DATA 0, slide SEND window
095.200 Send DATA 8 4, ID 20360
095.465 Recv DATA 5 1, ID 10357
095.465 Deliver DATA 5, ID 10357
095.465 Slide RECV window, expect 6 next
095.465 Acked DATA 1, slide SEND window
095.465 Send DATA 9 5, ID 20361
095.731 Recv DATA 6 2, ID 10358
095.732 Deliver DATA 6, ID 10358
095.732 Slide RECV window, expect 7 next
095.732 Acked DATA 2, slide SEND window
095.732 Send DATA 10 6, ID 20362
096.014 Recv DATA 7 3, ID 10359
096.014 Deliver DATA 7, ID 10359
096.014 .... 360 packets received, 7755 bps, 96.93%, Err 0 (0.0e+00)
096.014 Slide RECV window, expect 8 next
096.014 Acked DATA 3, slide SEND window
096.014 Send DATA 11 7, ID 20363
096.281 Recv DATA 8 4, ID 10360
096.282 Deliver DATA 8, ID 10360
096.282 Slide RECV window, expect 9 next
096.282 Acked DATA 4, slide SEND window
096.282 Send DATA 12 8, ID 20364
096.534 Recv DATA 9 5, ID 10361
096.534 Deliver DATA 9, ID 10361
096.534 Slide RECV window, expect 10 next
096.534 Acked DATA 5, slide SEND window
096.535 Send DATA 13 9, ID 20365
096.847 Recv DATA 10 6, ID 10362
096.847 Deliver DATA 10, ID 10362
096.847 Slide RECV window, expect 11 next
096.847 Acked DATA 6, slide SEND window
096.847 Send DATA 14 10, ID 20366
097.064 Recv DATA 11 7, ID 10363
097.064 Deliver DATA 11, ID 10363
097.064 Slide RECV window, expect 12 next
097.064 Acked DATA 7, slide SEND window
097.064 Send DATA 15 11, ID 20367
097.349 Recv DATA 12 8, ID 10364
097.349 Deliver DATA 12, ID 10364
097.349 Slide RECV window, expect 13 next
097.349 Acked DATA 8, slide SEND window
097.349 Send DATA 0 12, ID 20368
097.629 Recv DATA 13 9, ID 10365
097.629 Deliver DATA 13, ID 10365
097.629 Slide RECV window, expect 14 next
097.629 Acked DATA 9, slide SEND window
097.629 Send DATA 1 13, ID 20369
097.865 Recv DATA 14 10, ID 10366
097.866 Deliver DATA 14, ID 10366
097.866 Slide RECV window, expect 15 next
097.866 Acked DATA 10, slide SEND window
097.866 Send DATA 2 14, ID 20370
098.147 Recv DATA 15 11, ID 10367
098.147 Deliver DATA 15, ID 10367
098.147 .... 368 packets received, 7753 bps, 96.91%, Err 0 (0.0e+00)
098.147 Slide RECV window, expect 0 next
098.147 Acked DATA 11, slide SEND window
098.148 Send DATA 3 15, ID 20371
098.418 Recv DATA 0 12, ID 10368
098.418 Deliver DATA 0, ID 10368
098.418 Slide RECV window, expect 1 next
098.418 Acked DATA 12, slide SEND window
098.418 Send DATA 4 0, ID 20372
098.665 Recv DATA 1 13, ID 10369
098.666 Deliver DATA 1, ID 10369
098.666 Slide RECV window, expect 2 next
098.666 Acked DATA 13, slide SEND window
098.666 Send DATA 5 1, ID 20373
098.899 Recv DATA 2 14, ID 10370
098.899 Deliver DATA 2, ID 10370
098.899 Slide RECV window, expect 3 next
098.899 Acked DATA 14, slide SEND window
098.899 Send DATA 6 2, ID 20374
099.164 Recv DATA 3 15, ID 10371
099.164 Deliver DATA 3, ID 10371
099.164 Slide RECV window, expect 4 next
099.164 Acked DATA 15, slide SEND window
099.164 Send DATA 7 3, ID 20375
099.432 Recv DATA 4 0, ID 10372
099.432 Deliver DATA 4, ID 10372
099.432 Slide RECV window, expect 5 next
099.432 Acked DATA 0, slide SEND window
099.432 Send DATA 8 4, ID 20376
099.734 Recv DATA 5 1, ID 10373
099.734 Deliver DATA 5, ID 10373
099.734 Slide RECV window, expect 6 next
099.734 Acked DATA 1, slide SEND window
099.734 Send DATA 9 5, ID 20377
099.996 Recv DATA 6 2, ID 10374
099.996 Deliver DATA 6, ID 10374
099.996 Slide RECV window, expect 7 next
099.996 Acked DATA 2, slide SEND window
099.996 Send DATA 10 6, ID 20378
100.232 Recv DATA 7 3, ID 10375
100.232 Deliver DATA 7, ID 10375
100.232 .... 376 packets received, 7755 bps, 96.94%, Err 0 (0.0e+00)
100.232 Slide RECV window, expect 8 next
100.232 Acked DATA 3, slide SEND window
100.232 Send DATA 11 7, ID 20379
100.500 Recv DATA 8 4, ID 10376
100.500 Deliver DATA 8, ID 10376
100.500 Slide RECV window, expect 9 next
100.500 Acked DATA 4, slide SEND window
100.501 Send DATA 12 8, ID 20380
100.765 Recv DATA 9 5, ID 10377
100.765 Deliver DATA 9, ID 10377
100.765 Slide RECV window, expect 10 next
100.765 Acked DATA 5, slide SEND window
100.765 Send DATA 13 9, ID 20381
101.030 Recv DATA 10 6, ID 10378
101.030 Deliver DATA 10, ID 10378
101.030 Slide RECV window, expect 11 next
101.030 Acked DATA 6, slide SEND window
101.030 Send DATA 14 10, ID 20382
101.296 Recv DATA 11 7, ID 10379
101.296 Deliver DATA 11, ID 10379
101.296 Slide RECV window, expect 12 next
101.296 Acked DATA 7, slide SEND window
101.296 Send DATA 15 11, ID 20383
101.565 Recv DATA 12 8, ID 10380
101.565 Deliver DATA 12, ID 10380
101.565 Slide RECV window, expect 13 next
101.565 Acked DATA 8, slide SEND window
101.565 Send DATA 0 12, ID 20384
101.848 Recv DATA 13 9, ID 10381
101.848 Deliver DATA 13, ID 10381
101.848 Slide RECV window, expect 14 next
101.848 Acked DATA 9, slide SEND window
101.848 Send DATA 1 13, ID 20385
102.064 Recv DATA 14 10, ID 10382
102.065 Deliver DATA 14, ID 10382
102.065 Slide RECV window, expect 15 next
102.065 Acked DATA 10, slide SEND window
102.065 Send DATA 2 14, ID 20386
102.334 Recv DATA 15 11, ID 10383
102.334 Deliver DATA 15, ID 10383
102.334 .... 384 packets received, 7756 bps, 96.95%, Err 0 (0.0e+00)
102.334 Slide RECV window, expect 0 next
102.334 Acked DATA 11, slide SEND window
102.334 Send DATA 3 15, ID 20387
102.600 Recv DATA 0 12, ID 10384
102.600 Deliver DATA 0, ID 10384
102.600 Slide RECV window, expect 1 next
102.600 Acked DATA 12, slide SEND window
102.600 Send DATA 4 0, ID 20388
102.865 Recv DATA 1 13, ID 10385
102.865 Deliver DATA 1, ID 10385
102.865 Slide RECV window, expect 2 next
102.865 Acked DATA 13, slide SEND window
102.865 Send DATA 5 1, ID 20389
103.164 Recv DATA 2 14, ID 10386
103.164 Deliver DATA 2, ID 10386
103.164 Slide RECV window, expect 3 next
103.164 Acked DATA 14, slide SEND window
103.165 Send DATA 6 2, ID 20390
103.400 Recv DATA 3 15, ID 10387
103.400 Deliver DATA 3, ID 10387
103.400 Slide RECV window, expect 4 next
103.411 Acked DATA 15, slide SEND window
103.411 Send DATA 7 3, ID 20391
103.663 Recv DATA 4 0, ID 10388
103.663 Deliver DATA 4, ID 10388
103.663 Slide RECV window, expect 5 next
103.663 Acked DATA 0, slide SEND window
103.663 Send DATA 8 4, ID 20392
103.933 Recv DATA 5 1, ID 10389
103.933 Deliver DATA 5, ID 10389
103.933 Slide RECV window, expect 6 next
103.933 Acked DATA 1, slide SEND window
103.933 Send DATA 9 5, ID 20393
104.200 Recv DATA 6 2, ID 10390
104.200 Deliver DATA 6, ID 10390
104.200 Slide RECV window, expect 7 next
104.200 Acked DATA 2, slide SEND window
104.200 Send DATA 10 6, ID 20394
104.464 Recv DATA 7 3, ID 10391
104.464 Deliver DATA 7, ID 10391
104.464 .... 392 packets received, 7755 bps, 96.93%, Err 0 (0.0e+00)
104.465 Slide RECV window, expect 8 next
104.465 Acked DATA 3, slide SEND window
104.465 Send DATA 11 7, ID 20395
104.713 Recv DATA 8 4, ID 10392
104.713 Deliver DATA 8, ID 10392
104.713 Slide RECV window, expect 9 next
104.713 Acked DATA 4, slide SEND window
104.713 Send DATA 12 8, ID 20396
104.998 Recv DATA 9 5, ID 10393
104.998 Deliver DATA 9, ID 10393
104.998 Slide RECV window, expect 10 next
104.998 Acked DATA 5, slide SEND window
104.998 Send DATA 13 9, ID 20397
105.246 Recv DATA 10 6, ID 10394
105.246 Deliver DATA 10, ID 10394
105.246 Slide RECV window, expect 11 next
105.247 Acked DATA 6, slide SEND window
105.247 Send DATA 14 10, ID 20398
105.532 Recv DATA 11 7, ID 10395
105.532 Deliver DATA 11, ID 10395
105.532 Slide RECV window, expect 12 next
105.532 Acked DATA 7, slide SEND window
105.532 Send DATA 15 11, ID 20399
105.781 Recv DATA 12 8, ID 10396
105.781 Deliver DATA 12, ID 10396
105.782 Slide RECV window, expect 13 next
105.782 Acked DATA 8, slide SEND window
105.782 Send DATA 0 12, ID 20400
106.064 Recv DATA 13 9, ID 10397
106.064 Deliver DATA 13, ID 10397
106.064 Slide RECV window, expect 14 next
106.064 Acked DATA 9, slide SEND window
106.064 Send DATA 1 13, ID 20401
106.331 Recv DATA 14 10, ID 10398
106.331 Deliver DATA 14, ID 10398
106.331 Slide RECV window, expect 15 next
106.331 Acked DATA 10, slide SEND window
106.332 Send DATA 2 14, ID 20402
106.613 Recv DATA 15 11, ID 10399
106.613 Deliver DATA 15, ID 10399
106.613 .... 400 packets received, 7752 bps, 96.90%, Err 0 (0.0e+00)
106.613 Slide RECV window, expect 0 next
106.613 Acked DATA 11, slide SEND window
106.614 Send DATA 3 15, ID 20403
106.863 Recv DATA 0 12, ID 10400
106.863 Deliver DATA 0, ID 10400
106.863 Slide RECV window, expect 1 next
106.863 Acked DATA 12, slide SEND window
106.864 Send DATA 4 0, ID 20404
107.087 Recv DATA 1 13, ID 10401
107.087 Deliver DATA 1, ID 10401
107.087 Slide RECV window, expect 2 next
107.087 Acked DATA 13, slide SEND window
107.087 Send DATA 5 1, ID 20405
107.348 Recv DATA 2 14, ID 10402
107.348 Deliver DATA 2, ID 10402
107.348 Slide RECV window, expect 3 next
107.348 Acked DATA 14, slide SEND window
107.348 Send DATA 6 2, ID 20406
107.649 Recv DATA 3 15, ID 10403
107.649 Deliver DATA 3, ID 10403
107.649 Slide RECV window, expect 4 next
107.649 Acked DATA 15, slide SEND window
107.649 Send DATA 7 3, ID 20407
107.915 Recv DATA 4 0, ID 10404
107.915 Deliver DATA 4, ID 10404
107.915 Slide RECV window, expect 5 next
107.915 Acked DATA 0, slide SEND window
107.915 Send DATA 8 4, ID 20408
108.161 Recv DATA 5 1, ID 10405
108.161 Deliver DATA 5, ID 10405
108.161 Slide RECV window, expect 6 next
108.161 Acked DATA 1, slide SEND window
108.161 Send DATA 9 5, ID 20409
108.432 Recv DATA 6 2, ID 10406
108.432 Deliver DATA 6, ID 10406
108.432 Slide RECV window, expect 7 next
108.432 Acked DATA 2, slide SEND window
108.432 Send DATA 10 6, ID 20410
108.713 Recv DATA 7 3, ID 10407
108.713 Deliver DATA 7, ID 10407
108.713 .... 408 packets received, 7753 bps, 96.91%, Err 0 (0.0e+00)
108.713 Slide RECV window, expect 8 next
108.713 Acked DATA 3, slide SEND window
108.714 Send DATA 11 7, ID 20411
108.949 Recv DATA 8 4, ID 10408
108.949 Deliver DATA 8, ID 10408
108.949 Slide RECV window, expect 9 next
108.950 Acked DATA 4, slide SEND window
108.950 Send DATA 12 8, ID 20412
109.217 Recv DATA 9 5, ID 10409
109.217 Deliver DATA 9, ID 10409
109.229 Slide RECV window, expect 10 next
109.229 Acked DATA 5, slide SEND window
109.229 Send DATA 13 9, ID 20413
109.467 Recv DATA 10 6, ID 10410
109.467 Deliver DATA 10, ID 10410
109.467 Slide RECV window, expect 11 next
109.467 Acked DATA 6, slide SEND window
109.467 Send DATA 14 10, ID 20414
109.730 Recv DATA 11 7, ID 10411
109.730 Deliver DATA 11, ID 10411
109.730 Slide RECV window, expect 12 next
109.730 Acked DATA 7, slide SEND window
109.730 Send DATA 15 11, ID 20415
109.996 Recv DATA 12 8, ID 10412
109.996 Deliver DATA 12, ID 10412
109.996 Slide RECV window, expect 13 next
109.996 Acked DATA 8, slide SEND window
109.997 Send DATA 0 12, ID 20416
110.280 Recv DATA 13 9, ID 10413
110.280 Deliver DATA 13, ID 10413
110.280 Slide RECV window, expect 14 next
110.280 Acked DATA 9, slide SEND window
110.280 Send DATA 1 13, ID 20417
110.547 Recv DATA 14 10, ID 10414
110.548 Deliver DATA 14, ID 10414
110.548 Slide RECV window, expect 15 next
110.548 Acked DATA 10, slide SEND window
110.548 Send DATA 2 14, ID 20418
110.782 Recv DATA 15 11, ID 10415
110.782 Deliver DATA 15, ID 10415
110.782 .... 416 packets received, 7756 bps, 96.95%, Err 0 (0.0e+00)
110.782 Slide RECV window, expect 0 next
110.782 Acked DATA 11, slide SEND window
110.782 Send DATA 3 15, ID 20419
111.064 Recv DATA 0 12, ID 10416
111.065 Deliver DATA 0, ID 10416
111.065 Slide RECV window, expect 1 next
111.065 Acked DATA 12, slide SEND window
111.065 Send DATA 4 0, ID 20420
111.315 Recv DATA 1 13, ID 10417
111.315 Deliver DATA 1, ID 10417
111.315 Slide RECV window, expect 2 next
111.315 Acked DATA 13, slide SEND window
111.315 Send DATA 5 1, ID 20421
111.583 Recv DATA 2 14, ID 10418
111.583 Deliver DATA 2, ID 10418
111.583 Slide RECV window, expect 3 next
111.583 Acked DATA 14, slide SEND window
111.583 Send DATA 6 2, ID 20422
111.846 Recv DATA 3 15, ID 10419
111.846 Deliver DATA 3, ID 10419
111.846 Slide RECV window, expect 4 next
111.846 Acked DATA 15, slide SEND window
111.846 Send DATA 7 3, ID 20423
112.114 Recv DATA 4 0, ID 10420
112.115 Deliver DATA 4, ID 10420
112.115 Slide RECV window, expect 5 next
112.115 Acked DATA 0, slide SEND window
112.115 Send DATA 8 4, ID 20424
112.380 Recv DATA 5 1, ID 10421
112.380 Deliver DATA 5, ID 10421
112.380 Slide RECV window, expect 6 next
112.380 Acked DATA 1, slide SEND window
112.380 Send DATA 9 5, ID 20425
112.648 Recv DATA 6 2, ID 10422
112.648 Deliver DATA 6, ID 10422
112.648 Slide RECV window, expect 7 next
112.648 Acked DATA 2, slide SEND window
112.648 Send DATA 10 6, ID 20426
112.914 Recv DATA 7 3, ID 10423
112.914 Deliver DATA 7, ID 10423
112.914 .... 424 packets received, 7755 bps, 96.94%, Err 0 (0.0e+00)
112.914 Slide RECV window, expect 8 next
112.914 Acked DATA 3, slide SEND window
112.914 Send DATA 11 7, ID 20427
113.181 Recv DATA 8 4, ID 10424
113.181 Deliver DATA 8, ID 10424
113.181 Slide RECV window, expect 9 next
113.181 Acked DATA 4, slide SEND window
113.181 Send DATA 12 8, ID 20428
113.417 Recv DATA 9 5, ID 10425
113.417 Deliver DATA 9, ID 10425
113.417 Slide RECV window, expect 10 next
113.417 Acked DATA 5, slide SEND window
113.417 Send DATA 13 9, ID 20429
113.681 Recv DATA 10 6, ID 10426
113.681 Deliver DATA 10, ID 10426
113.681 Slide RECV window, expect 11 next
113.681 Acked DATA 6, slide SEND window
113.681 Send DATA 14 10, ID 20430
113.948 Recv DATA 11 7, ID 10427
113.948 Deliver DATA 11, ID 10427
113.948 Slide RECV window, expect 12 next
113.948 Acked DATA 7, slide SEND window
113.948 Send DATA 15 11, ID 20431
114.231 Recv DATA 12 8, ID 10428
114.231 Deliver DATA 12, ID 10428
114.231 Slide RECV window, expect 13 next
114.231 Acked DATA 8, slide SEND window
114.231 Send DATA 0 12, ID 20432
114.496 Recv DATA 13 9, ID 10429
114.496 Deliver DATA 13, ID 10429
114.496 Slide RECV window, expect 14 next
114.496 Acked DATA 9, slide SEND window
114.496 Send DATA 1 13, ID 20433
114.768 Recv DATA 14 10, ID 10430
114.768 Deliver DATA 14, ID 10430
114.768 Slide RECV window, expect 15 next
114.768 Acked DATA 10, slide SEND window
114.768 Send DATA 2 14, ID 20434
115.032 Recv DATA 15 11, ID 10431
115.034 Deliver DATA 15, ID 10431
115.034 .... 432 packets received, 7754 bps, 96.93%, Err 0 (0.0e+00)
115.034 Slide RECV window, expect 0 next
115.034 Acked DATA 11, slide SEND window
115.034 Send DATA 3 15, ID 20435
115.297 Recv DATA 0 12, ID 10432
115.297 Deliver DATA 0, ID 10432
115.297 Slide RECV window, expect 1 next
115.297 Acked DATA 12, slide SEND window
115.297 Send DATA 4 0, ID 20436
115.530 Recv DATA 1 13, ID 10433
115.530 Deliver DATA 1, ID 10433
115.531 Slide RECV window, expect 2 next
115.531 Acked DATA 13, slide SEND window
115.531 Send DATA 5 1, ID 20437
115.816 Recv DATA 2 14, ID 10434
115.816 Deliver DATA 2, ID 10434
115.816 Slide RECV window, expect 3 next
115.816 Acked DATA 14, slide SEND window
115.816 Send DATA 6 2, ID 20438
116.063 Recv DATA 3 15, ID 10435
116.063 Deliver DATA 3, ID 10435
116.064 Slide RECV window, expect 4 next
116.064 Acked DATA 15, slide SEND window
116.064 Send DATA 7 3, ID 20439
116.331 Recv DATA 4 0, ID 10436
116.331 Deliver DATA 4, ID 10436
116.331 Slide RECV window, expect 5 next
116.331 Acked DATA 0, slide SEND window
116.331 Send DATA 8 4, ID 20440
116.604 Recv DATA 5 1, ID 10437
116.604 Deliver DATA 5, ID 10437
116.604 Slide RECV window, expect 6 next
116.604 Acked DATA 1, slide SEND window
116.604 Send DATA 9 5, ID 20441
116.865 Recv DATA 6 2, ID 10438
116.865 Deliver DATA 6, ID 10438
116.865 Slide RECV window, expect 7 next
116.865 Acked DATA 2, slide SEND window
116.866 Send DATA 10 6, ID 20442
117.131 Recv DATA 7 3, ID 10439
117.131 Deliver DATA 7, ID 10439
117.131 .... 440 packets received, 7755 bps, 96.94%, Err 0 (0.0e+00)
117.131 Slide RECV window, expect 8 next
117.131 Acked DATA 3, slide SEND window
117.131 Send DATA 11 7, ID 20443
117.397 Recv DATA 8 4, ID 10440
117.397 Deliver DATA 8, ID 10440
117.397 Slide RECV window, expect 9 next
117.397 Acked DATA 4, slide SEND window
117.398 Send DATA 12 8, ID 20444
117.662 Recv DATA 9 5, ID 10441
117.662 Deliver DATA 9, ID 10441
117.662 Slide RECV window, expect 10 next
117.662 Acked DATA 5, slide SEND window
117.663 Send DATA 13 9, ID 20445
117.931 Recv DATA 10 6, ID 10442
117.931 Deliver DATA 10, ID 10442
117.931 Slide RECV window, expect 11 next
117.931 Acked DATA 6, slide SEND window
117.931 Send DATA 14 10, ID 20446
118.196 Recv DATA 11 7, ID 10443
118.196 Deliver DATA 11, ID 10443
118.196 Slide RECV window, expect 12 next
118.196 Acked DATA 7, slide SEND window
118.196 Send DATA 15 11, ID 20447
118.448 Recv DATA 12 8, ID 10444
118.448 Deliver DATA 12, ID 10444
118.448 Slide RECV window, expect 13 next
118.448 Acked DATA 8, slide SEND window
118.448 Send DATA 0 12, ID 20448
118.717 Recv DATA 13 9, ID 10445
118.717 Deliver DATA 13, ID 10445
118.717 Slide RECV window, expect 14 next
118.717 Acked DATA 9, slide SEND window
118.717 Send DATA 1 13, ID 20449
118.999 Recv DATA 14 10, ID 10446
118.999 Deliver DATA 14, ID 10446
118.999 Slide RECV window, expect 15 next
118.999 Acked DATA 10, slide SEND window
118.999 Send DATA 2 14, ID 20450
119.265 Recv DATA 15 11, ID 10447
119.265 Deliver DATA 15, ID 10447
119.265 .... 448 packets received, 7754 bps, 96.92%, Err 0 (0.0e+00)
119.265 Slide RECV window, expect 0 next
119.265 Acked DATA 11, slide SEND window
119.266 Send DATA 3 15, ID 20451
119.532 Recv DATA 0 12, ID 10448
119.532 Deliver DATA 0, ID 10448
119.532 Slide RECV window, expect 1 next
119.532 Acked DATA 12, slide SEND window
119.532 Send DATA 4 0, ID 20452
119.778 Recv DATA 1 13, ID 10449
119.778 Deliver DATA 1, ID 10449
119.778 Slide RECV window, expect 2 next
119.778 Acked DATA 13, slide SEND window
119.778 Send DATA 5 1, ID 20453
120.014 Recv DATA 2 14, ID 10450
120.014 Deliver DATA 2, ID 10450
120.014 Slide RECV window, expect 3 next
120.014 Acked DATA 14, slide SEND window
120.014 Send DATA 6 2, ID 20454
120.032 Quit.
