000.000 =============================================================
000.000                     Station A                               
000.000 -------------------------------------------------------------
000.000 Protocol.lib, version 4.0, jiangyanjun0718@bupt.edu.cn
000.000 Channel: 8000 bps, 270 ms propagation delay, bit error rate 1.0E-05
000.000 Log file "C:\Users\YOUNG\Desktop\workplace\2025_2026_2\计算机网络\lab\Lab1-DataLink(Win+Linux)(1)\Lab1-Windows-VS2017\docs\测试记录\参数优化-DATA_TIMER-MAX_PHL_BACKLOG\01-粗筛-2min\dt1500-bg8-default-flood-20260509-214834-A.log", TCP port 59913, debug mask 0x07
000.000 Station A is waiting for station B on TCP port 59913 ... Done.
000.688 New epoch: Sat May  9 21:48:35 2026
000.688 =================================================================
000.688 
000.688 Designed by Jiang Yanjun, build: May  9 2026  21:48:34
000.688 Send DATA 0 15, ID 10000
000.688 Send DATA 1 15, ID 10001
000.688 Send DATA 2 15, ID 10002
000.688 Send DATA 3 15, ID 10003
000.688 Send DATA 4 15, ID 10004
000.688 Send DATA 5 15, ID 10005
000.688 Send DATA 6 15, ID 10006
000.688 Send DATA 7 15, ID 10007
001.252 Recv DATA 0 15, ID 20000
001.252 Deliver DATA 0, ID 20000
001.252 Slide RECV window, expect 1 next
001.379 ---- ACK timeout
001.379 Send ACK  0
001.489 Recv DATA 1 15, ID 20001
001.489 Deliver DATA 1, ID 20001
001.490 Slide RECV window, expect 2 next
001.616 ---- ACK timeout
001.616 Send ACK  1
001.776 Recv DATA 2 15, ID 20002
001.776 Deliver DATA 2, ID 20002
001.776 Slide RECV window, expect 3 next
001.902 ---- ACK timeout
001.902 Send ACK  2
002.014 Recv DATA 3 15, ID 20003
002.014 Deliver DATA 3, ID 20003
002.014 Slide RECV window, expect 4 next
002.141 ---- ACK timeout
002.141 Send ACK  3
002.300 Recv DATA 4 15, ID 20004
002.300 Deliver DATA 4, ID 20004
002.300 Slide RECV window, expect 5 next
002.427 ---- ACK timeout
002.427 Send ACK  4
002.569 Recv DATA 5 15, ID 20005
002.569 Deliver DATA 5, ID 20005
002.569 Slide RECV window, expect 6 next
002.695 ---- ACK timeout
002.695 Send ACK  5
002.727 ---- DATA 0 timeout
002.727 Send DATA 0 5, ID 10000
002.806 Recv DATA 6 15, ID 20006
002.806 Deliver DATA 6, ID 20006
002.806 Slide RECV window, expect 7 next
002.934 ---- ACK timeout
002.934 Send ACK  6
003.092 Recv DATA 7 15, ID 20007
003.092 Deliver DATA 7, ID 20007
003.092 .... 8 packets received, 7678 bps, 95.97%, Err 0 (0.0e+00)
003.092 Slide RECV window, expect 8 next
003.124 Recv ACK  0
003.124 Acked DATA 0, slide SEND window
003.125 Send DATA 8 7, ID 10008
003.140 Recv ACK  1
003.141 Acked DATA 1, slide SEND window
003.141 Send DATA 9 7, ID 10009
003.172 Recv ACK  2
003.172 Acked DATA 2, slide SEND window
003.172 Send DATA 10 7, ID 10010
003.204 Recv ACK  3
003.204 Acked DATA 3, slide SEND window
003.204 Send DATA 11 7, ID 10011
003.236 Recv ACK  4
003.236 Acked DATA 4, slide SEND window
003.236 Send DATA 12 7, ID 10012
003.268 Recv ACK  5
003.268 Acked DATA 5, slide SEND window
003.268 Send DATA 13 7, ID 10013
003.395 Recv DATA 0 5, ID 20000
003.395 Ignore out-of-window DATA 0
003.410 Recv ACK  6
003.410 Acked DATA 6, slide SEND window
003.411 Send DATA 14 7, ID 10014
003.665 Recv DATA 8 7, ID 20008
003.665 Deliver DATA 8, ID 20008
003.665 Slide RECV window, expect 9 next
003.665 Acked DATA 7, slide SEND window
003.665 Send DATA 15 8, ID 10015
003.935 Recv DATA 9 7, ID 20009
003.935 Deliver DATA 9, ID 20009
003.935 Slide RECV window, expect 10 next
004.063 ---- ACK timeout
004.063 Send ACK  9
004.206 Recv DATA 10 7, ID 20010
004.206 Deliver DATA 10, ID 20010
004.206 Slide RECV window, expect 11 next
004.333 ---- ACK timeout
004.333 Send ACK  10
004.460 Recv DATA 11 7, ID 20011
004.460 Deliver DATA 11, ID 20011
004.460 Slide RECV window, expect 12 next
004.587 ---- ACK timeout
004.587 Send ACK  11
004.730 Recv DATA 12 7, ID 20012
004.730 Deliver DATA 12, ID 20012
004.730 Slide RECV window, expect 13 next
004.858 ---- ACK timeout
004.858 Send ACK  12
004.969 Recv DATA 13 7, ID 20013
004.969 Deliver DATA 13, ID 20013
004.969 Slide RECV window, expect 14 next
005.095 ---- ACK timeout
005.095 Send ACK  13
005.143 ---- DATA 8 timeout
005.143 Send DATA 8 13, ID 10008
005.239 Recv DATA 14 7, ID 20014
005.239 Deliver DATA 14, ID 20014
005.239 .... 15 packets received, 7176 bps, 89.70%, Err 0 (0.0e+00)
005.239 Slide RECV window, expect 15 next
005.365 ---- ACK timeout
005.365 Send ACK  14
005.508 Recv DATA 15 8, ID 20015
005.508 Deliver DATA 15, ID 20015
005.508 Slide RECV window, expect 0 next
005.508 Acked DATA 8, slide SEND window
005.508 Send DATA 0 15, ID 10016
005.540 Recv ACK  9
005.540 Acked DATA 9, slide SEND window
005.540 Send DATA 1 15, ID 10017
005.571 Recv ACK  10
005.571 Acked DATA 10, slide SEND window
005.572 Send DATA 2 15, ID 10018
005.588 Recv ACK  11
005.593 Acked DATA 11, slide SEND window
005.593 Send DATA 3 15, ID 10019
005.619 Recv ACK  12
005.619 Acked DATA 12, slide SEND window
005.619 Send DATA 4 15, ID 10020
005.635 Recv NAK  13
005.635 ---- Resend DATA 13 on NAK
005.635 Send DATA 13 15, ID 10013
005.809 Recv DATA 8 12, ID 20008
005.809 Ignore out-of-window DATA 8
005.936 ---- ACK timeout
005.936 Send ACK  15
006.079 Recv DATA 0 12, ID 20016
006.079 Deliver DATA 0, ID 20016
006.079 Slide RECV window, expect 1 next
006.207 ---- ACK timeout
006.207 Send ACK  0
006.333 Recv DATA 1 12, ID 20017
006.333 Deliver DATA 1, ID 20017
006.333 Slide RECV window, expect 2 next
006.461 ---- ACK timeout
006.461 Send ACK  1
006.603 Recv DATA 2 12, ID 20018
006.604 Deliver DATA 2, ID 20018
006.604 Slide RECV window, expect 3 next
006.730 ---- ACK timeout
006.730 Send ACK  2
006.873 Recv DATA 3 12, ID 20019
006.873 Deliver DATA 3, ID 20019
006.873 Slide RECV window, expect 4 next
007.000 ---- ACK timeout
007.000 Send ACK  3
007.142 Recv DATA 4 12, ID 20020
007.142 Deliver DATA 4, ID 20020
007.142 Slide RECV window, expect 5 next
007.270 ---- ACK timeout
007.270 Send ACK  4
007.381 Recv DATA 5 12, ID 20021
007.381 Deliver DATA 5, ID 20021
007.381 .... 22 packets received, 7015 bps, 87.68%, Err 0 (0.0e+00)
007.381 Slide RECV window, expect 6 next
007.507 ---- ACK timeout
007.507 Send ACK  5
007.586 ---- DATA 0 timeout
007.586 Send DATA 0 5, ID 10016
007.681 Recv DATA 6 12, ID 20022
007.681 Deliver DATA 6, ID 20022
007.681 Slide RECV window, expect 7 next
007.809 ---- ACK timeout
007.809 Send ACK  6
007.950 Recv DATA 7 12, ID 20023
007.950 Deliver DATA 7, ID 20023
007.950 Slide RECV window, expect 8 next
007.981 Recv ACK  4
007.982 Acked DATA 13, slide SEND window
007.982 Acked DATA 14, slide SEND window
007.982 Acked DATA 15, slide SEND window
007.982 Acked DATA 0, slide SEND window
007.982 Acked DATA 1, slide SEND window
007.982 Acked DATA 2, slide SEND window
007.982 Acked DATA 3, slide SEND window
007.982 Acked DATA 4, slide SEND window
007.982 Send DATA 5 7, ID 10021
007.983 Send DATA 6 7, ID 10022
007.983 Send DATA 7 7, ID 10023
007.984 Send DATA 8 7, ID 10024
007.984 Send DATA 9 7, ID 10025
007.984 Send DATA 10 7, ID 10026
007.984 Send DATA 11 7, ID 10027
007.984 Send DATA 12 7, ID 10028
008.202 Recv DATA 8 4, ID 20024
008.202 Deliver DATA 8, ID 20024
008.202 Slide RECV window, expect 9 next
008.329 ---- ACK timeout
008.329 Send ACK  8
008.440 Recv DATA 9 4, ID 20025
008.440 Deliver DATA 9, ID 20025
008.440 Slide RECV window, expect 10 next
008.567 ---- ACK timeout
008.567 Send ACK  9
008.709 Recv DATA 10 4, ID 20026
008.710 Deliver DATA 10, ID 20026
008.710 Slide RECV window, expect 11 next
008.837 ---- ACK timeout
008.837 Send ACK  10
008.981 Recv DATA 11 4, ID 20027
008.981 Deliver DATA 11, ID 20027
008.981 Slide RECV window, expect 12 next
009.107 ---- ACK timeout
009.107 Send ACK  11
009.250 Recv DATA 12 4, ID 20028
009.250 Deliver DATA 12, ID 20028
009.251 Slide RECV window, expect 13 next
009.378 ---- ACK timeout
009.378 Send ACK  12
009.504 Recv DATA 13 4, ID 20029
009.504 Deliver DATA 13, ID 20029
009.504 .... 30 packets received, 7189 bps, 89.87%, Err 0 (0.0e+00)
009.504 Slide RECV window, expect 14 next
009.520 Recv ACK  4
009.632 ---- ACK timeout
009.632 Send ACK  13
009.775 Recv DATA 14 4, ID 20030
009.775 Deliver DATA 14, ID 20030
009.775 Slide RECV window, expect 15 next
009.902 ---- ACK timeout
009.902 Send ACK  14
009.981 ---- DATA 5 timeout
009.981 Send DATA 5 14, ID 10021
010.060 Recv DATA 15 5, ID 20031
010.061 Deliver DATA 15, ID 20031
010.061 Slide RECV window, expect 0 next
010.061 Acked DATA 5, slide SEND window
010.061 Send DATA 13 15, ID 10029
010.092 Recv ACK  6
010.092 Acked DATA 6, slide SEND window
010.093 Send DATA 14 15, ID 10030
010.124 Recv ACK  7
010.124 Acked DATA 7, slide SEND window
010.124 Send DATA 15 15, ID 10031
010.156 Recv ACK  8
010.156 Acked DATA 8, slide SEND window
010.156 Send DATA 0 15, ID 10032
010.172 Recv ACK  9
010.172 Acked DATA 9, slide SEND window
010.172 Send DATA 1 15, ID 10033
010.331 Recv DATA 8 9, ID 20024
010.331 Ignore out-of-window DATA 8
010.340 Recv ACK  10
010.340 Acked DATA 10, slide SEND window
010.340 Send DATA 2 15, ID 10034
010.615 Recv DATA 9 10, ID 20025
010.615 Ignore out-of-window DATA 9
010.631 Recv ACK  11
010.631 Acked DATA 11, slide SEND window
010.631 Send DATA 3 15, ID 10035
010.902 Recv DATA 0 12, ID 20032
010.902 Deliver DATA 0, ID 20032
010.902 Slide RECV window, expect 1 next
010.902 Acked DATA 12, slide SEND window
010.902 Send DATA 4 0, ID 10036
011.171 Recv DATA 1 12, ID 20033
011.171 Deliver DATA 1, ID 20033
011.171 Slide RECV window, expect 2 next
011.299 ---- ACK timeout
011.299 Send ACK  1
011.441 Recv DATA 2 12, ID 20034
011.441 Deliver DATA 2, ID 20034
011.441 Slide RECV window, expect 3 next
011.568 ---- ACK timeout
011.568 Send ACK  2
011.695 Recv DATA 3 12, ID 20035
011.695 Deliver DATA 3, ID 20035
011.695 .... 36 packets received, 6867 bps, 85.83%, Err 0 (0.0e+00)
011.695 Slide RECV window, expect 4 next
011.822 ---- ACK timeout
011.822 Send ACK  3
011.964 Recv DATA 4 12, ID 20036
011.964 Deliver DATA 4, ID 20036
011.964 Slide RECV window, expect 5 next
012.090 ---- ACK timeout
012.090 Send ACK  4
012.233 Recv DATA 5 12, ID 20037
012.233 Deliver DATA 5, ID 20037
012.233 Slide RECV window, expect 6 next
012.360 ---- ACK timeout
012.360 Send ACK  5
012.487 Recv DATA 6 12, ID 20038
012.488 Deliver DATA 6, ID 20038
012.488 Slide RECV window, expect 7 next
012.503 Recv ACK  12
012.615 ---- ACK timeout
012.615 Send ACK  6
012.758 Recv DATA 7 13, ID 20039
012.758 Deliver DATA 7, ID 20039
012.758 Slide RECV window, expect 8 next
012.758 Acked DATA 13, slide SEND window
012.758 Send DATA 5 7, ID 10037
012.789 Recv ACK  14
012.789 Acked DATA 14, slide SEND window
012.789 Send DATA 6 7, ID 10038
012.821 Recv ACK  15
012.821 Acked DATA 15, slide SEND window
012.821 Send DATA 7 7, ID 10039
012.853 Recv ACK  0
012.853 Acked DATA 0, slide SEND window
012.853 Send DATA 8 7, ID 10040
012.868 Recv ACK  1
012.868 Acked DATA 1, slide SEND window
012.869 Send DATA 9 7, ID 10041
013.060 Recv DATA 0 2, ID 20032
013.060 Ignore out-of-window DATA 0
013.060 Acked DATA 2, slide SEND window
013.060 Send DATA 10 7, ID 10042
013.091 Recv ACK  3
013.091 Acked DATA 3, slide SEND window
013.092 Send DATA 11 7, ID 10043
013.331 Recv DATA 8 4, ID 20040
013.331 Deliver DATA 8, ID 20040
013.331 Slide RECV window, expect 9 next
013.331 Acked DATA 4, slide SEND window
013.331 Send DATA 12 8, ID 10044
013.584 Recv DATA 9 4, ID 20041
013.584 Deliver DATA 9, ID 20041
013.584 Slide RECV window, expect 10 next
013.711 ---- ACK timeout
013.711 Send ACK  9
013.854 Recv DATA 10 4, ID 20042
013.854 Deliver DATA 10, ID 20042
013.854 .... 43 packets received, 6829 bps, 85.36%, Err 0 (0.0e+00)
013.854 Slide RECV window, expect 11 next
013.981 ---- ACK timeout
013.981 Send ACK  10
014.124 Recv DATA 11 4, ID 20043
014.124 Deliver DATA 11, ID 20043
014.124 Slide RECV window, expect 12 next
014.251 ---- ACK timeout
014.251 Send ACK  11
014.394 Recv DATA 12 4, ID 20044
014.394 Deliver DATA 12, ID 20044
014.394 Slide RECV window, expect 13 next
014.521 ---- ACK timeout
014.521 Send ACK  12
014.647 Recv DATA 13 4, ID 20045
014.647 Deliver DATA 13, ID 20045
014.647 Slide RECV window, expect 14 next
014.757 ---- DATA 5 timeout
014.757 Send DATA 5 13, ID 10037
014.900 Recv DATA 14 4, ID 20046
014.900 Deliver DATA 14, ID 20046
014.900 Slide RECV window, expect 15 next
015.027 ---- ACK timeout
015.027 Send ACK  14
015.170 Recv DATA 15 5, ID 20047
015.170 Deliver DATA 15, ID 20047
015.170 Slide RECV window, expect 0 next
015.170 Acked DATA 5, slide SEND window
015.170 Send DATA 13 15, ID 10045
015.202 Recv ACK  6
015.202 Acked DATA 6, slide SEND window
015.202 Send DATA 14 15, ID 10046
015.218 Recv ACK  7
015.218 Acked DATA 7, slide SEND window
015.218 Send DATA 15 15, ID 10047
015.249 Recv ACK  8
015.249 Acked DATA 8, slide SEND window
015.250 Send DATA 0 15, ID 10048
015.281 Recv ACK  9
015.281 Acked DATA 9, slide SEND window
015.282 Send DATA 1 15, ID 10049
015.297 Recv ACK  10
015.297 Acked DATA 10, slide SEND window
015.297 Send DATA 2 15, ID 10050
015.472 Recv DATA 8 10, ID 20040
015.472 Ignore out-of-window DATA 8
015.488 Recv ACK  11
015.488 Acked DATA 11, slide SEND window
015.488 Send DATA 3 15, ID 10051
015.757 Recv DATA 0 12, ID 20048
015.757 Deliver DATA 0, ID 20048
015.757 Slide RECV window, expect 1 next
015.757 Acked DATA 12, slide SEND window
015.757 Send DATA 4 0, ID 10052
016.010 Recv DATA 1 12, ID 20049
016.010 Deliver DATA 1, ID 20049
016.010 .... 50 packets received, 6803 bps, 85.04%, Err 0 (0.0e+00)
016.010 Slide RECV window, expect 2 next
016.137 ---- ACK timeout
016.137 Send ACK  1
016.281 Recv DATA 2 12, ID 20050
016.281 Deliver DATA 2, ID 20050
016.281 Slide RECV window, expect 3 next
016.407 ---- ACK timeout
016.407 Send ACK  2
016.550 Recv DATA 3 12, ID 20051
016.550 Deliver DATA 3, ID 20051
016.550 Slide RECV window, expect 4 next
016.676 ---- ACK timeout
016.676 Send ACK  3
016.803 Recv DATA 4 12, ID 20052
016.803 Deliver DATA 4, ID 20052
016.803 Slide RECV window, expect 5 next
016.931 ---- ACK timeout
016.931 Send ACK  4
017.073 Recv DATA 5 12, ID 20053
017.073 Deliver DATA 5, ID 20053
017.073 Slide RECV window, expect 6 next
017.169 ---- DATA 13 timeout
017.169 Send DATA 13 5, ID 10045
017.344 Recv DATA 6 12, ID 20054
017.344 Deliver DATA 6, ID 20054
017.344 Slide RECV window, expect 7 next
017.471 ---- ACK timeout
017.471 Send ACK  6
017.598 Recv DATA 7 13, ID 20055
017.598 Deliver DATA 7, ID 20055
017.598 Slide RECV window, expect 8 next
017.598 Acked DATA 13, slide SEND window
017.598 Send DATA 5 7, ID 10053
017.630 Recv ACK  14
017.630 Acked DATA 14, slide SEND window
017.630 Send DATA 6 7, ID 10054
017.645 Recv ACK  15
017.646 Acked DATA 15, slide SEND window
017.646 Send DATA 7 7, ID 10055
017.677 Recv ACK  0
017.677 Acked DATA 0, slide SEND window
017.678 Send DATA 8 7, ID 10056
017.709 Recv ACK  1
017.709 Acked DATA 1, slide SEND window
017.710 Send DATA 9 7, ID 10057
017.741 Recv ACK  2
017.741 Acked DATA 2, slide SEND window
017.741 Send DATA 10 7, ID 10058
017.900 Recv DATA 0 3, ID 20048
017.900 Ignore out-of-window DATA 0
017.900 Acked DATA 3, slide SEND window
017.901 Send DATA 11 7, ID 10059
018.154 Recv DATA 8 4, ID 20056
018.154 Deliver DATA 8, ID 20056
018.154 .... 57 packets received, 6789 bps, 84.86%, Err 0 (0.0e+00)
018.154 Slide RECV window, expect 9 next
018.154 Acked DATA 4, slide SEND window
018.154 Send DATA 12 8, ID 10060
018.424 Recv DATA 9 4, ID 20057
018.424 Deliver DATA 9, ID 20057
018.424 Slide RECV window, expect 10 next
018.552 ---- ACK timeout
018.552 Send ACK  9
018.694 Recv DATA 10 4, ID 20058
018.694 Deliver DATA 10, ID 20058
018.694 Slide RECV window, expect 11 next
018.821 ---- ACK timeout
018.821 Send ACK  10
018.948 Recv DATA 11 4, ID 20059
018.948 Deliver DATA 11, ID 20059
018.948 Slide RECV window, expect 12 next
019.075 ---- ACK timeout
019.075 Send ACK  11
019.218 Recv DATA 12 4, ID 20060
019.218 Deliver DATA 12, ID 20060
019.218 Slide RECV window, expect 13 next
019.345 ---- ACK timeout
019.345 Send ACK  12
019.488 Recv DATA 13 4, ID 20061
019.488 Deliver DATA 13, ID 20061
019.488 Slide RECV window, expect 14 next
019.600 ---- DATA 5 timeout
019.600 Send DATA 5 13, ID 10053
019.743 Recv DATA 14 4, ID 20062
019.743 Deliver DATA 14, ID 20062
019.743 Slide RECV window, expect 15 next
019.870 ---- ACK timeout
019.870 Send ACK  14
019.996 Recv DATA 15 5, ID 20063
019.996 Deliver DATA 15, ID 20063
019.996 Slide RECV window, expect 0 next
019.996 Acked DATA 5, slide SEND window
019.996 Send DATA 13 15, ID 10061
020.028 Recv ACK  6
020.028 Acked DATA 6, slide SEND window
020.028 Send DATA 14 15, ID 10062
020.059 Recv ACK  7
020.059 Acked DATA 7, slide SEND window
020.060 Send DATA 15 15, ID 10063
020.091 Recv ACK  8
020.091 Acked DATA 8, slide SEND window
020.092 Send DATA 0 15, ID 10064
020.123 Recv ACK  9
020.123 Acked DATA 9, slide SEND window
020.123 Send DATA 1 15, ID 10065
020.155 Recv ACK  10
020.155 Acked DATA 10, slide SEND window
020.155 Send DATA 2 15, ID 10066
020.297 Recv DATA 8 10, ID 20056
020.297 Ignore out-of-window DATA 8
020.329 Recv ACK  11
020.329 Acked DATA 11, slide SEND window
020.331 Recv NAK  12
020.331 ---- Resend DATA 12 on NAK
020.331 Send DATA 12 15, ID 10060
020.331 Send DATA 3 15, ID 10067
020.567 Recv DATA 0 11, ID 20064
020.567 Deliver DATA 0, ID 20064
020.567 .... 65 packets received, 6789 bps, 84.86%, Err 0 (0.0e+00)
020.567 Slide RECV window, expect 1 next
020.694 ---- ACK timeout
020.694 Send ACK  0
020.837 Recv DATA 1 11, ID 20065
020.837 Deliver DATA 1, ID 20065
020.837 Slide RECV window, expect 2 next
020.964 ---- ACK timeout
020.964 Send ACK  1
021.122 Recv DATA 2 11, ID 20066
021.122 Deliver DATA 2, ID 20066
021.122 Slide RECV window, expect 3 next
021.249 ---- ACK timeout
021.249 Send ACK  2
021.360 Recv DATA 3 11, ID 20067
021.360 Deliver DATA 3, ID 20067
021.360 Slide RECV window, expect 4 next
021.488 ---- ACK timeout
021.488 Send ACK  3
021.647 Recv DATA 4 11, ID 20068
021.647 Deliver DATA 4, ID 20068
021.647 Slide RECV window, expect 5 next
021.774 ---- ACK timeout
021.774 Send ACK  4
021.901 Recv DATA 5 11, ID 20069
021.901 Deliver DATA 5, ID 20069
021.901 Slide RECV window, expect 6 next
022.028 ---- DATA 13 timeout
022.028 Send DATA 13 5, ID 10061
022.171 Recv DATA 6 11, ID 20070
022.171 Deliver DATA 6, ID 20070
022.171 Slide RECV window, expect 7 next
022.299 ---- ACK timeout
022.299 Send ACK  6
022.442 Recv DATA 7 11, ID 20071
022.442 Deliver DATA 7, ID 20071
022.442 Slide RECV window, expect 8 next
022.522 ---- DATA 14 timeout
022.522 Send DATA 14 7, ID 10062
022.680 Recv DATA 0 11, ID 20064
022.680 Ignore out-of-window DATA 0
022.712 Recv ACK  15
022.712 Acked DATA 12, slide SEND window
022.712 Acked DATA 13, slide SEND window
022.712 Acked DATA 14, slide SEND window
022.712 Acked DATA 15, slide SEND window
022.712 Send DATA 4 7, ID 10068
022.713 Send DATA 5 7, ID 10069
022.713 Send DATA 6 7, ID 10070
022.713 Send DATA 7 7, ID 10071
022.744 Recv NAK  0
022.744 ---- Resend DATA 0 on NAK
022.744 Send DATA 0 7, ID 10064
022.965 Recv DATA 8 15, ID 20072
022.965 Deliver DATA 8, ID 20072
022.965 .... 73 packets received, 6793 bps, 84.92%, Err 0 (0.0e+00)
022.965 Slide RECV window, expect 9 next
023.092 ---- ACK timeout
023.092 Send ACK  8
023.235 Recv DATA 9 15, ID 20073
023.235 Deliver DATA 9, ID 20073
023.235 Slide RECV window, expect 10 next
023.363 ---- ACK timeout
023.363 Send ACK  9
023.490 Recv DATA 10 15, ID 20074
023.490 Deliver DATA 10, ID 20074
023.490 Slide RECV window, expect 11 next
023.617 ---- ACK timeout
023.617 Send ACK  10
023.760 Recv DATA 11 15, ID 20075
023.760 Deliver DATA 11, ID 20075
023.760 Slide RECV window, expect 12 next
023.901 ---- ACK timeout
023.901 Send ACK  11
024.013 ---- DATA 1 timeout
024.013 Send DATA 1 11, ID 10065
024.028 Recv DATA 12 15, ID 20076
024.028 Deliver DATA 12, ID 20076
024.028 Slide RECV window, expect 13 next
024.156 ---- ACK timeout
024.156 Send ACK  12
024.298 Recv DATA 13 15, ID 20077
024.298 Deliver DATA 13, ID 20077
024.298 Slide RECV window, expect 14 next
024.425 ---- ACK timeout
024.425 Send ACK  13
024.503 ---- DATA 2 timeout
024.504 Send DATA 2 13, ID 10066
024.551 Recv DATA 14 15, ID 20078
024.551 Deliver DATA 14, ID 20078
024.551 Slide RECV window, expect 15 next
024.677 ---- ACK timeout
024.677 Send ACK  14
024.820 Recv DATA 15 15, ID 20079
024.820 Deliver DATA 15, ID 20079
024.820 Slide RECV window, expect 0 next
024.868 ---- DATA 4 timeout
024.868 Send DATA 4 15, ID 10068
025.090 Recv DATA 0 7, ID 20080
025.090 Deliver DATA 0, ID 20080
025.090 .... 81 packets received, 6874 bps, 85.93%, Err 0 (0.0e+00)
025.090 Slide RECV window, expect 1 next
025.090 Acked DATA 0, slide SEND window
025.090 Acked DATA 1, slide SEND window
025.090 Acked DATA 2, slide SEND window
025.090 Acked DATA 3, slide SEND window
025.090 Acked DATA 4, slide SEND window
025.090 Acked DATA 5, slide SEND window
025.090 Acked DATA 6, slide SEND window
025.090 Acked DATA 7, slide SEND window
025.090 Send DATA 8 0, ID 10072
025.090 Send DATA 9 0, ID 10073
025.090 Send DATA 10 0, ID 10074
025.090 Send DATA 11 0, ID 10075
025.090 Send DATA 12 0, ID 10076
025.090 Send DATA 13 0, ID 10077
025.090 Send DATA 14 0, ID 10078
025.091 Send DATA 15 0, ID 10079
025.169 Impose noise on received data, 1/195616=5.1E-06
025.359 Recv DATA 1 7, ID 20081
025.359 Deliver DATA 1, ID 20081
025.359 Slide RECV window, expect 2 next
025.391 Impose noise on received data, 2/197392=1.0E-05
025.486 ---- ACK timeout
025.486 Send ACK  1
025.597 **** Receiver Error, Bad CRC Checksum
025.597 Request NAK for 2
025.597 Send NAK  2
025.866 Recv DATA 3 7, ID 20083
026.137 Recv DATA 4 7, ID 20084
026.391 Recv DATA 5 7, ID 20085
026.660 Recv DATA 6 7, ID 20086
026.931 Recv DATA 7 7, ID 20087
027.184 Recv DATA 8 8, ID 20088
027.184 Acked DATA 8, slide SEND window
027.185 Send DATA 0 1, ID 10080
027.216 Recv ACK  9
027.216 Acked DATA 9, slide SEND window
027.216 Recv ACK  10
027.216 Acked DATA 10, slide SEND window
027.216 Send DATA 1 1, ID 10081
027.216 Send DATA 2 1, ID 10082
027.390 Recv ACK  11
027.390 Acked DATA 11, slide SEND window
027.390 Send DATA 3 1, ID 10083
027.486 Recv ACK  12
027.486 Acked DATA 12, slide SEND window
027.486 Send DATA 4 1, ID 10084
027.518 Recv ACK  13
027.518 Acked DATA 13, slide SEND window
027.518 Send DATA 5 1, ID 10085
027.740 Recv DATA 1 13, ID 20081
027.740 Ignore out-of-window DATA 1
027.819 Recv ACK  14
027.819 Acked DATA 14, slide SEND window
027.819 Send DATA 6 1, ID 10086
028.085 Recv DATA 9 15, ID 20089
028.085 Acked DATA 15, slide SEND window
028.085 Send DATA 7 1, ID 10087
028.354 Recv DATA 2 15, ID 20082
028.354 Deliver DATA 2, ID 20082
028.354 .... 83 packets received, 6205 bps, 77.56%, Err 2 (9.2e-06)
028.354 Deliver DATA 3, ID 20083
028.354 Deliver DATA 4, ID 20084
028.354 Deliver DATA 5, ID 20085
028.354 Deliver DATA 6, ID 20086
028.354 Deliver DATA 7, ID 20087
028.354 Deliver DATA 8, ID 20088
028.354 Deliver DATA 9, ID 20089
028.354 Slide RECV window, expect 10 next
028.464 Recv ACK  0
028.464 Acked DATA 0, slide SEND window
028.465 Send DATA 8 9, ID 10088
028.719 Recv DATA 3 1, ID 20083
028.719 Ignore out-of-window DATA 3
028.719 Acked DATA 1, slide SEND window
028.719 Send DATA 9 9, ID 10089
028.798 Recv ACK  2
028.799 Acked DATA 2, slide SEND window
028.799 Send DATA 10 9, ID 10090
029.037 Recv DATA 4 2, ID 20084
029.037 Ignore out-of-window DATA 4
029.069 Recv ACK  3
029.069 Acked DATA 3, slide SEND window
029.070 Send DATA 11 9, ID 10091
029.496 Recv DATA 5 4, ID 20085
029.496 Ignore out-of-window DATA 5
029.496 Acked DATA 4, slide SEND window
029.496 Send DATA 12 9, ID 10092
029.766 Recv DATA 6 5, ID 20086
029.766 Ignore out-of-window DATA 6
029.766 Acked DATA 5, slide SEND window
029.766 Send DATA 13 9, ID 10093
030.035 Recv DATA 7 6, ID 20087
030.035 Ignore out-of-window DATA 7
030.035 Acked DATA 6, slide SEND window
030.035 Send DATA 14 9, ID 10094
030.304 Recv DATA 9 6, ID 20089
030.304 Ignore out-of-window DATA 9
030.431 ---- ACK timeout
030.431 Send ACK  9
030.574 Recv DATA 8 7, ID 20088
030.574 Ignore out-of-window DATA 8
030.574 Acked DATA 7, slide SEND window
030.574 Send DATA 15 9, ID 10095
030.828 Recv DATA 10 8, ID 20090
030.828 Deliver DATA 10, ID 20090
030.828 .... 91 packets received, 6239 bps, 77.99%, Err 2 (8.5e-06)
030.828 Slide RECV window, expect 11 next
030.828 Acked DATA 8, slide SEND window
030.829 Send DATA 0 10, ID 10096
031.097 Recv DATA 11 8, ID 20091
031.097 Deliver DATA 11, ID 20091
031.098 Slide RECV window, expect 12 next
031.224 ---- ACK timeout
031.224 Send ACK  11
031.320 Impose noise on received data, 3/239512=1.3E-05
031.351 Recv DATA 12 8, ID 20092
031.351 Deliver DATA 12, ID 20092
031.352 Slide RECV window, expect 13 next
031.479 ---- ACK timeout
031.479 Send ACK  12
031.621 **** Receiver Error, Bad CRC Checksum
031.621 Request NAK for 13
031.621 Send NAK  13
031.891 Recv DATA 14 8, ID 20094
032.161 Recv DATA 15 8, ID 20095
032.414 Recv DATA 0 8, ID 20096
032.556 ---- DATA 9 timeout
032.556 Send DATA 9 12, ID 10089
032.683 Recv DATA 1 9, ID 20097
032.683 Acked DATA 9, slide SEND window
032.683 Send DATA 1 12, ID 10097
032.715 Recv ACK  10
032.715 Acked DATA 10, slide SEND window
032.715 Send DATA 2 12, ID 10098
032.731 Recv ACK  11
032.731 Acked DATA 11, slide SEND window
032.731 Send DATA 3 12, ID 10099
032.762 Recv ACK  12
032.762 Acked DATA 12, slide SEND window
032.762 Recv ACK  13
032.762 Acked DATA 13, slide SEND window
032.763 Send DATA 4 12, ID 10100
032.763 Send DATA 5 12, ID 10101
032.778 Recv ACK  14
032.778 Acked DATA 14, slide SEND window
032.778 Send DATA 6 12, ID 10102
032.810 Recv ACK  15
032.810 Acked DATA 15, slide SEND window
032.810 Send DATA 7 12, ID 10103
032.985 Recv DATA 2 0, ID 20098
032.985 Acked DATA 0, slide SEND window
032.985 Send DATA 8 12, ID 10104
033.363 Recv DATA 3 0, ID 20099
033.664 Recv DATA 4 0, ID 20100
033.902 Recv DATA 13 0, ID 20093
033.902 Deliver DATA 13, ID 20093
033.902 .... 94 packets received, 5844 bps, 73.05%, Err 3 (1.2e-05)
033.903 Deliver DATA 14, ID 20094
033.903 Deliver DATA 15, ID 20095
033.903 Deliver DATA 0, ID 20096
033.903 Deliver DATA 1, ID 20097
033.903 Deliver DATA 2, ID 20098
033.903 Deliver DATA 3, ID 20099
033.903 Deliver DATA 4, ID 20100
033.903 Slide RECV window, expect 5 next
033.934 Recv ACK  0
034.029 Recv ACK  1
034.029 Acked DATA 1, slide SEND window
034.030 Send DATA 9 4, ID 10105
034.298 Recv ACK  2
034.298 Acked DATA 2, slide SEND window
034.298 Send DATA 10 4, ID 10106
034.568 Recv ACK  3
034.568 Acked DATA 3, slide SEND window
034.568 Send DATA 11 4, ID 10107
034.823 Recv ACK  4
034.823 Acked DATA 4, slide SEND window
034.823 Send DATA 12 4, ID 10108
035.077 Recv ACK  5
035.077 Acked DATA 5, slide SEND window
035.077 Send DATA 13 4, ID 10109
035.331 Recv DATA 14 6, ID 20094
035.331 Ignore out-of-window DATA 14
035.331 Acked DATA 6, slide SEND window
035.332 Send DATA 14 4, ID 10110
035.585 Recv DATA 3 6, ID 20099
035.585 Ignore out-of-window DATA 3
035.713 ---- ACK timeout
035.713 Send ACK  4
035.839 Recv DATA 2 6, ID 20098
035.839 Ignore out-of-window DATA 2
035.870 Recv ACK  7
035.870 Acked DATA 7, slide SEND window
035.871 Send DATA 15 4, ID 10111
036.108 Recv DATA 15 8, ID 20095
036.108 Ignore out-of-window DATA 15
036.108 Acked DATA 8, slide SEND window
036.108 Send DATA 0 4, ID 10112
036.377 Recv DATA 4 8, ID 20100
036.377 Ignore out-of-window DATA 4
036.504 ---- ACK timeout
036.504 Send ACK  4
036.662 Recv DATA 5 9, ID 20101
036.662 Deliver DATA 5, ID 20101
036.662 .... 102 packets received, 5851 bps, 73.13%, Err 3 (1.1e-05)
036.662 Slide RECV window, expect 6 next
036.662 Acked DATA 9, slide SEND window
036.662 Send DATA 1 5, ID 10113
036.900 Recv DATA 6 9, ID 20102
036.901 Deliver DATA 6, ID 20102
036.901 Slide RECV window, expect 7 next
037.028 ---- ACK timeout
037.028 Send ACK  6
037.186 Recv DATA 7 9, ID 20103
037.186 Deliver DATA 7, ID 20103
037.187 Slide RECV window, expect 8 next
037.314 ---- ACK timeout
037.314 Send ACK  7
037.457 Recv DATA 8 9, ID 20104
037.457 Deliver DATA 8, ID 20104
037.457 Slide RECV window, expect 9 next
037.583 ---- ACK timeout
037.583 Send ACK  8
037.695 Recv DATA 9 9, ID 20105
037.695 Deliver DATA 9, ID 20105
037.695 Slide RECV window, expect 10 next
037.822 ---- ACK timeout
037.822 Send ACK  9
037.965 Recv DATA 10 9, ID 20106
037.965 Deliver DATA 10, ID 20106
037.965 Slide RECV window, expect 11 next
038.092 ---- DATA 10 timeout
038.092 Send DATA 10 10, ID 10106
038.250 Recv DATA 11 10, ID 20107
038.250 Deliver DATA 11, ID 20107
038.250 Slide RECV window, expect 12 next
038.250 Acked DATA 10, slide SEND window
038.250 Send DATA 2 11, ID 10114
038.361 ---- DATA 11 timeout
038.361 Send DATA 11 11, ID 10107
038.520 Recv DATA 12 11, ID 20108
038.520 Deliver DATA 12, ID 20108
038.520 Slide RECV window, expect 13 next
038.520 Acked DATA 11, slide SEND window
038.520 Send DATA 3 12, ID 10115
038.551 Recv ACK  12
038.551 Acked DATA 12, slide SEND window
038.551 Send DATA 4 12, ID 10116
038.583 Recv ACK  13
038.583 Acked DATA 13, slide SEND window
038.583 Send DATA 5 12, ID 10117
038.614 Recv ACK  14
038.614 Acked DATA 14, slide SEND window
038.615 Send DATA 6 12, ID 10118
038.630 Recv ACK  15
038.630 Acked DATA 15, slide SEND window
038.630 Send DATA 7 12, ID 10119
038.662 Recv ACK  0
038.662 Acked DATA 0, slide SEND window
038.662 Send DATA 8 12, ID 10120
038.788 Recv DATA 13 1, ID 20109
038.788 Deliver DATA 13, ID 20109
038.797 .... 110 packets received, 5955 bps, 74.44%, Err 3 (1.0e-05)
038.797 Slide RECV window, expect 14 next
038.797 Acked DATA 1, slide SEND window
038.797 Send DATA 9 13, ID 10121
039.057 Recv DATA 14 1, ID 20110
039.057 Deliver DATA 14, ID 20110
039.057 Slide RECV window, expect 15 next
039.184 ---- ACK timeout
039.184 Send ACK  14
039.312 Recv DATA 15 1, ID 20111
039.312 Deliver DATA 15, ID 20111
039.312 Slide RECV window, expect 0 next
039.439 ---- ACK timeout
039.439 Send ACK  15
039.582 Recv DATA 0 1, ID 20112
039.582 Deliver DATA 0, ID 20112
039.582 Slide RECV window, expect 1 next
039.709 ---- ACK timeout
039.709 Send ACK  0
039.867 Recv DATA 1 1, ID 20113
039.867 Deliver DATA 1, ID 20113
039.867 Slide RECV window, expect 2 next
039.994 ---- ACK timeout
039.994 Send ACK  1
040.121 Recv DATA 2 1, ID 20114
040.121 Deliver DATA 2, ID 20114
040.121 Slide RECV window, expect 3 next
040.248 ---- ACK timeout
040.248 Send ACK  2
040.391 Recv DATA 3 2, ID 20115
040.391 Deliver DATA 3, ID 20115
040.391 Slide RECV window, expect 4 next
040.391 Acked DATA 2, slide SEND window
040.391 Send DATA 10 3, ID 10122
040.423 Recv ACK  2
040.661 Recv DATA 4 3, ID 20116
040.661 Deliver DATA 4, ID 20116
040.661 Slide RECV window, expect 5 next
040.661 Acked DATA 3, slide SEND window
040.662 Send DATA 11 4, ID 10123
040.884 Recv ACK  4
040.884 Acked DATA 4, slide SEND window
040.884 Send DATA 12 4, ID 10124
041.153 Recv ACK  5
041.153 Acked DATA 5, slide SEND window
041.153 Send DATA 13 4, ID 10125
041.233 Recv ACK  6
041.233 Acked DATA 6, slide SEND window
041.233 Send DATA 14 4, ID 10126
041.265 Recv ACK  7
041.265 Acked DATA 7, slide SEND window
041.265 Send DATA 15 4, ID 10127
041.281 Recv ACK  8
041.281 Acked DATA 8, slide SEND window
041.281 Send DATA 0 4, ID 10128
041.471 Recv DATA 13 8, ID 20109
041.471 Ignore out-of-window DATA 13
041.598 ---- ACK timeout
041.598 Send ACK  4
041.757 Recv DATA 5 9, ID 20117
041.757 Deliver DATA 5, ID 20117
041.757 .... 118 packets received, 5923 bps, 74.04%, Err 3 (9.7e-06)
041.757 Slide RECV window, expect 6 next
041.757 Acked DATA 9, slide SEND window
041.757 Send DATA 1 5, ID 10129
041.996 Recv DATA 6 9, ID 20118
041.996 Deliver DATA 6, ID 20118
041.996 Slide RECV window, expect 7 next
042.123 ---- ACK timeout
042.123 Send ACK  6
042.266 Recv DATA 7 9, ID 20119
042.266 Deliver DATA 7, ID 20119
042.266 Slide RECV window, expect 8 next
042.394 ---- ACK timeout
042.394 Send ACK  7
042.536 Recv DATA 8 9, ID 20120
042.536 Deliver DATA 8, ID 20120
042.536 Slide RECV window, expect 9 next
042.616 Impose noise on received data, 4/315560=1.3E-05
042.663 ---- ACK timeout
042.663 Send ACK  8
042.805 Recv DATA 9 9, ID 20121
042.805 Deliver DATA 9, ID 20121
042.805 Slide RECV window, expect 10 next
042.932 ---- ACK timeout
042.932 Send ACK  9
043.058 **** Receiver Error, Bad CRC Checksum
043.058 Request NAK for 10
043.058 Send NAK  10
043.152 ---- DATA 10 timeout
043.153 Send DATA 10 9, ID 10122
043.326 Recv DATA 11 10, ID 20123
043.326 Acked DATA 10, slide SEND window
043.327 Send DATA 2 9, ID 10130
043.405 ---- DATA 11 timeout
043.405 Send DATA 11 9, ID 10123
043.579 Recv DATA 12 11, ID 20124
043.579 Acked DATA 11, slide SEND window
043.579 Send DATA 3 9, ID 10131
043.595 Recv ACK  12
043.595 Acked DATA 12, slide SEND window
043.595 Send DATA 4 9, ID 10132
043.627 Recv ACK  13
043.627 Acked DATA 13, slide SEND window
043.627 Send DATA 5 9, ID 10133
043.643 Recv ACK  14
043.643 Acked DATA 14, slide SEND window
043.643 Send DATA 6 9, ID 10134
043.675 Recv ACK  15
043.675 Acked DATA 15, slide SEND window
043.675 Send DATA 7 9, ID 10135
043.706 Recv ACK  0
043.706 Acked DATA 0, slide SEND window
043.706 Send DATA 8 9, ID 10136
043.881 Recv DATA 13 1, ID 20125
043.881 Acked DATA 1, slide SEND window
043.881 Send DATA 9 9, ID 10137
044.152 Recv DATA 14 1, ID 20126
044.406 Recv DATA 15 1, ID 20127
044.693 Recv DATA 0 1, ID 20128
044.947 Recv DATA 1 1, ID 20129
045.201 Recv DATA 10 1, ID 20122
045.201 Deliver DATA 10, ID 20122
045.201 .... 123 packets received, 5694 bps, 71.17%, Err 4 (1.2e-05)
045.211 Deliver DATA 11, ID 20123
045.211 Deliver DATA 12, ID 20124
045.211 Deliver DATA 13, ID 20125
045.211 Deliver DATA 14, ID 20126
045.211 Deliver DATA 15, ID 20127
045.211 Deliver DATA 0, ID 20128
045.211 Deliver DATA 1, ID 20129
045.211 Slide RECV window, expect 2 next
045.263 Recv ACK  1
045.327 ---- ACK timeout
045.327 Send ACK  1
045.422 Recv ACK  2
045.422 Acked DATA 2, slide SEND window
045.422 Send DATA 10 1, ID 10138
045.692 Recv ACK  2
045.818 Recv ACK  3
045.818 Acked DATA 3, slide SEND window
045.818 Send DATA 11 1, ID 10139
045.850 Recv ACK  4
045.850 Acked DATA 4, slide SEND window
045.850 Send DATA 12 1, ID 10140
045.866 Recv ACK  5
045.866 Acked DATA 5, slide SEND window
045.866 Send DATA 13 1, ID 10141
045.898 Recv ACK  6
045.898 Acked DATA 6, slide SEND window
045.898 Send DATA 14 1, ID 10142
046.072 Recv DATA 13 6, ID 20125
046.072 Ignore out-of-window DATA 13
046.200 ---- ACK timeout
046.200 Send ACK  1
046.215 Recv ACK  7
046.215 Acked DATA 7, slide SEND window
046.216 Send DATA 15 1, ID 10143
046.295 Recv ACK  8
046.295 Acked DATA 8, slide SEND window
046.295 Send DATA 0 1, ID 10144
046.550 Recv DATA 14 8, ID 20126
046.551 Ignore out-of-window DATA 14
046.677 ---- ACK timeout
046.677 Send ACK  1
046.820 Recv DATA 2 9, ID 20130
046.820 Deliver DATA 2, ID 20130
046.820 Slide RECV window, expect 3 next
046.820 Acked DATA 9, slide SEND window
046.820 Send DATA 1 2, ID 10145
047.074 Recv DATA 3 9, ID 20131
047.074 Deliver DATA 3, ID 20131
047.074 Slide RECV window, expect 4 next
047.201 ---- ACK timeout
047.201 Send ACK  3
047.344 Recv DATA 4 9, ID 20132
047.344 Deliver DATA 4, ID 20132
047.344 .... 133 packets received, 5872 bps, 73.40%, Err 4 (1.2e-05)
047.344 Slide RECV window, expect 5 next
047.471 ---- ACK timeout
047.471 Send ACK  4
047.582 Recv DATA 5 9, ID 20133
047.582 Deliver DATA 5, ID 20133
047.582 Slide RECV window, expect 6 next
047.708 ---- ACK timeout
047.708 Send ACK  5
047.851 Recv DATA 6 9, ID 20134
047.852 Deliver DATA 6, ID 20134
047.852 Slide RECV window, expect 7 next
047.979 ---- ACK timeout
047.979 Send ACK  6
048.122 Recv DATA 7 9, ID 20135
048.122 Deliver DATA 7, ID 20135
048.122 Slide RECV window, expect 8 next
048.186 ---- DATA 10 timeout
048.186 Send DATA 10 7, ID 10138
048.313 ---- DATA 11 timeout
048.313 Send DATA 11 7, ID 10139
048.392 Recv DATA 8 9, ID 20136
048.392 Deliver DATA 8, ID 20136
048.392 Slide RECV window, expect 9 next
048.518 ---- ACK timeout
048.518 Send ACK  8
048.645 Recv DATA 9 9, ID 20137
048.645 Deliver DATA 9, ID 20137
048.645 Slide RECV window, expect 10 next
048.661 Recv ACK  10
048.661 Acked DATA 10, slide SEND window
048.661 Send DATA 2 9, ID 10146
048.693 Recv ACK  11
048.693 Acked DATA 11, slide SEND window
048.693 Send DATA 3 9, ID 10147
048.725 Recv ACK  12
048.725 Acked DATA 12, slide SEND window
048.725 Send DATA 4 9, ID 10148
048.740 Recv ACK  13
048.740 Acked DATA 13, slide SEND window
048.741 Send DATA 5 9, ID 10149
048.772 Recv ACK  14
048.772 Acked DATA 14, slide SEND window
048.772 Send DATA 6 9, ID 10150
048.788 Recv ACK  15
048.788 Acked DATA 15, slide SEND window
048.789 Send DATA 7 9, ID 10151
048.820 Recv ACK  0
048.820 Acked DATA 0, slide SEND window
048.820 Send DATA 8 9, ID 10152
048.963 Recv DATA 10 1, ID 20138
048.963 Deliver DATA 10, ID 20138
048.963 Slide RECV window, expect 11 next
048.963 Acked DATA 1, slide SEND window
048.963 Send DATA 9 10, ID 10153
049.154 Impose noise on received data, 5/362088=1.4E-05
049.233 Recv DATA 11 1, ID 20139
049.233 Deliver DATA 11, ID 20139
049.233 Slide RECV window, expect 12 next
049.359 ---- ACK timeout
049.359 Send ACK  11
049.502 **** Receiver Error, Bad CRC Checksum
049.502 Request NAK for 12
049.502 Send NAK  12
049.771 Recv DATA 13 1, ID 20141
050.025 Recv DATA 14 1, ID 20142
050.295 Recv DATA 15 1, ID 20143
050.550 Recv DATA 0 1, ID 20144
050.566 Recv NAK  2
050.566 ---- Resend DATA 2 on NAK
050.566 Send DATA 2 11, ID 10146
050.835 Recv DATA 1 1, ID 20145
051.198 Recv DATA 10 1, ID 20138
051.198 Ignore out-of-window DATA 10
051.276 ---- DATA 3 timeout
051.276 Send DATA 3 11, ID 10147
051.642 Recv DATA 2 1, ID 20146
051.769 ---- DATA 4 timeout
051.769 Send DATA 4 11, ID 10148
051.928 Recv DATA 3 1, ID 20147
052.167 Recv DATA 12 1, ID 20140
052.167 Deliver DATA 12, ID 20140
052.167 .... 141 packets received, 5639 bps, 70.49%, Err 5 (1.3e-05)
052.167 Deliver DATA 13, ID 20141
052.167 Deliver DATA 14, ID 20142
052.167 Deliver DATA 15, ID 20143
052.167 Deliver DATA 0, ID 20144
052.167 Deliver DATA 1, ID 20145
052.167 Deliver DATA 2, ID 20146
052.167 Deliver DATA 3, ID 20147
052.167 Slide RECV window, expect 4 next
052.198 Recv ACK  8
052.198 Acked DATA 2, slide SEND window
052.198 Acked DATA 3, slide SEND window
052.198 Acked DATA 4, slide SEND window
052.198 Acked DATA 5, slide SEND window
052.198 Acked DATA 6, slide SEND window
052.198 Acked DATA 7, slide SEND window
052.198 Acked DATA 8, slide SEND window
052.198 Send DATA 10 3, ID 10154
052.200 Send DATA 11 3, ID 10155
052.200 Send DATA 12 3, ID 10156
052.200 Send DATA 13 3, ID 10157
052.200 Send DATA 14 3, ID 10158
052.200 Send DATA 15 3, ID 10159
052.200 Send DATA 0 3, ID 10160
052.230 Recv ACK  8
052.531 Recv DATA 13 8, ID 20141
052.531 Ignore out-of-window DATA 13
052.658 ---- ACK timeout
052.658 Send ACK  3
052.705 Recv ACK  8
053.038 Recv DATA 14 8, ID 20142
053.038 Ignore out-of-window DATA 14
053.054 Recv NAK  9
053.054 ---- Resend DATA 9 on NAK
053.054 Send DATA 9 3, ID 10153
053.307 Recv DATA 4 8, ID 20148
053.308 Deliver DATA 4, ID 20148
053.308 Slide RECV window, expect 5 next
053.435 ---- ACK timeout
053.435 Send ACK  4
053.577 Recv DATA 5 8, ID 20149
053.577 Deliver DATA 5, ID 20149
053.577 Slide RECV window, expect 6 next
053.704 ---- ACK timeout
053.704 Send ACK  5
053.846 Recv DATA 6 8, ID 20150
053.846 Deliver DATA 6, ID 20150
053.846 Slide RECV window, expect 7 next
053.973 ---- ACK timeout
053.973 Send ACK  6
054.100 Recv DATA 7 8, ID 20151
054.100 Deliver DATA 7, ID 20151
054.100 Slide RECV window, expect 8 next
054.211 ---- DATA 10 timeout
054.211 Send DATA 10 7, ID 10154
054.384 Recv DATA 8 8, ID 20152
054.384 Deliver DATA 8, ID 20152
054.384 .... 153 packets received, 5865 bps, 73.31%, Err 5 (1.3e-05)
054.384 Slide RECV window, expect 9 next
054.511 ---- ACK timeout
054.511 Send ACK  8
054.655 Recv DATA 9 8, ID 20153
054.655 Deliver DATA 9, ID 20153
054.655 Slide RECV window, expect 10 next
054.734 ---- DATA 11 timeout
054.734 Send DATA 11 9, ID 10155
054.908 Recv DATA 10 8, ID 20154
054.908 Deliver DATA 10, ID 20154
054.908 Slide RECV window, expect 11 next
055.034 ---- ACK timeout
055.034 Send ACK  10
055.178 Recv DATA 11 8, ID 20155
055.178 Deliver DATA 11, ID 20155
055.178 Slide RECV window, expect 12 next
055.273 ---- DATA 12 timeout
055.273 Send DATA 12 11, ID 10156
055.447 Recv DATA 12 0, ID 20156
055.447 Deliver DATA 12, ID 20156
055.447 Slide RECV window, expect 13 next
055.447 Acked DATA 9, slide SEND window
055.447 Acked DATA 10, slide SEND window
055.447 Acked DATA 11, slide SEND window
055.447 Acked DATA 12, slide SEND window
055.447 Acked DATA 13, slide SEND window
055.447 Acked DATA 14, slide SEND window
055.447 Acked DATA 15, slide SEND window
055.447 Acked DATA 0, slide SEND window
055.447 Send DATA 1 12, ID 10161
055.447 Send DATA 2 12, ID 10162
055.447 Send DATA 3 12, ID 10163
055.448 Send DATA 4 12, ID 10164
055.448 Send DATA 5 12, ID 10165
055.448 Send DATA 6 12, ID 10166
055.448 Send DATA 7 12, ID 10167
055.448 Send DATA 8 12, ID 10168
055.684 Recv DATA 13 0, ID 20157
055.684 Deliver DATA 13, ID 20157
055.684 Slide RECV window, expect 14 next
055.811 ---- ACK timeout
055.811 Send ACK  13
055.954 Recv DATA 14 0, ID 20158
055.954 Deliver DATA 14, ID 20158
055.954 Slide RECV window, expect 15 next
056.081 ---- ACK timeout
056.081 Send ACK  14
056.224 Recv DATA 15 0, ID 20159
056.224 Deliver DATA 15, ID 20159
056.224 Slide RECV window, expect 0 next
056.351 ---- ACK timeout
056.351 Send ACK  15
056.494 Recv DATA 0 0, ID 20160
056.494 Deliver DATA 0, ID 20160
056.494 .... 161 packets received, 5937 bps, 74.21%, Err 5 (1.2e-05)
056.494 Slide RECV window, expect 1 next
056.620 ---- ACK timeout
056.621 Send ACK  0
056.784 Recv DATA 1 0, ID 20161
056.784 Deliver DATA 1, ID 20161
056.784 Slide RECV window, expect 2 next
056.911 ---- ACK timeout
056.911 Send ACK  1
057.022 Recv DATA 2 0, ID 20162
057.022 Deliver DATA 2, ID 20162
057.022 Slide RECV window, expect 3 next
057.150 ---- ACK timeout
057.150 Send ACK  2
057.277 Recv DATA 3 0, ID 20163
057.277 Deliver DATA 3, ID 20163
057.277 Slide RECV window, expect 4 next
057.404 ---- ACK timeout
057.404 Send ACK  3
057.547 Recv DATA 4 1, ID 20164
057.547 Deliver DATA 4, ID 20164
057.547 Slide RECV window, expect 5 next
057.547 Acked DATA 1, slide SEND window
057.548 Send DATA 9 4, ID 10169
057.579 Recv ACK  2
057.579 Acked DATA 2, slide SEND window
057.579 Send DATA 10 4, ID 10170
057.770 Recv ACK  3
057.770 Acked DATA 3, slide SEND window
057.770 Send DATA 11 4, ID 10171
057.786 Recv ACK  4
057.786 Acked DATA 4, slide SEND window
057.786 Send DATA 12 4, ID 10172
057.977 Recv ACK  5
057.977 Acked DATA 5, slide SEND window
057.977 Send DATA 13 4, ID 10173
058.009 Recv ACK  6
058.009 Acked DATA 6, slide SEND window
058.009 Send DATA 14 4, ID 10174
058.215 Recv DATA 13 7, ID 20157
058.215 Ignore out-of-window DATA 13
058.215 Acked DATA 7, slide SEND window
058.215 Send DATA 15 4, ID 10175
058.485 Recv DATA 5 8, ID 20165
058.485 Deliver DATA 5, ID 20165
058.485 Slide RECV window, expect 6 next
058.485 Acked DATA 8, slide SEND window
058.485 Send DATA 0 5, ID 10176
058.739 Recv DATA 6 8, ID 20166
058.739 Deliver DATA 6, ID 20166
058.739 .... 167 packets received, 5919 bps, 73.99%, Err 5 (1.2e-05)
058.739 Slide RECV window, expect 7 next
058.866 ---- ACK timeout
058.866 Send ACK  6
059.009 Recv DATA 7 8, ID 20167
059.009 Deliver DATA 7, ID 20167
059.009 Slide RECV window, expect 8 next
059.135 ---- ACK timeout
059.135 Send ACK  7
059.278 Recv DATA 8 8, ID 20168
059.278 Deliver DATA 8, ID 20168
059.278 Slide RECV window, expect 9 next
059.406 ---- ACK timeout
059.406 Send ACK  8
059.548 Recv DATA 9 8, ID 20169
059.548 Deliver DATA 9, ID 20169
059.548 Slide RECV window, expect 10 next
059.580 Impose noise on received data, 6/437344=1.4E-05
059.675 ---- ACK timeout
059.675 Send ACK  9
059.818 Recv DATA 10 8, ID 20170
059.818 Deliver DATA 10, ID 20170
059.818 Slide RECV window, expect 11 next
059.818 ---- DATA 9 timeout
059.818 Send DATA 9 10, ID 10169
060.072 **** Receiver Error, Bad CRC Checksum
060.072 Request NAK for 11
060.072 Send NAK  11
060.311 ---- DATA 10 timeout
060.311 Send DATA 10 10, ID 10170
060.342 Recv DATA 12 9, ID 20172
060.342 Acked DATA 9, slide SEND window
060.343 Send DATA 1 10, ID 10177
060.374 Recv ACK  10
060.374 Acked DATA 10, slide SEND window
060.375 Send DATA 2 10, ID 10178
060.390 Recv ACK  11
060.390 Acked DATA 11, slide SEND window
060.390 Send DATA 3 10, ID 10179
060.406 Recv ACK  12
060.406 Acked DATA 12, slide SEND window
060.406 Send DATA 4 10, ID 10180
060.421 Recv ACK  13
060.421 Acked DATA 13, slide SEND window
060.422 Send DATA 5 10, ID 10181
060.437 Recv ACK  14
060.437 Acked DATA 14, slide SEND window
060.437 Send DATA 6 10, ID 10182
060.469 Recv ACK  15
060.469 Acked DATA 15, slide SEND window
060.469 Send DATA 7 10, ID 10183
060.644 Recv DATA 5 15, ID 20165
060.644 Ignore out-of-window DATA 5
060.771 ---- ACK timeout
060.771 Send ACK  10
060.914 Recv DATA 13 0, ID 20173
060.914 Acked DATA 0, slide SEND window
060.914 Send DATA 8 10, ID 10184
061.168 Recv DATA 14 0, ID 20174
061.422 Recv DATA 15 0, ID 20175
061.692 Recv DATA 0 0, ID 20176
061.867 Impose noise on received data, 7/455768=1.5E-05
061.962 Recv DATA 1 0, ID 20177
062.215 **** Receiver Error, Bad CRC Checksum
062.485 Recv DATA 11 0, ID 20171
062.485 Deliver DATA 11, ID 20171
062.485 .... 172 packets received, 5725 bps, 71.57%, Err 7 (1.5e-05)
062.485 Deliver DATA 12, ID 20172
062.485 Deliver DATA 13, ID 20173
062.485 Deliver DATA 14, ID 20174
062.485 Deliver DATA 15, ID 20175
062.485 Deliver DATA 0, ID 20176
062.485 Deliver DATA 1, ID 20177
062.485 Slide RECV window, expect 2 next
062.516 Recv ACK  0
062.564 Recv ACK  1
062.564 Acked DATA 1, slide SEND window
062.564 Send DATA 9 1, ID 10185
062.834 Recv ACK  2
062.834 Acked DATA 2, slide SEND window
062.834 Send DATA 10 1, ID 10186
062.976 Recv ACK  3
062.976 Acked DATA 3, slide SEND window
062.977 Send DATA 11 1, ID 10187
063.008 Recv ACK  4
063.008 Acked DATA 4, slide SEND window
063.008 Send DATA 12 1, ID 10188
063.040 Recv ACK  5
063.040 Acked DATA 5, slide SEND window
063.040 Send DATA 13 1, ID 10189
063.056 Recv ACK  6
063.056 Acked DATA 6, slide SEND window
063.056 Send DATA 14 1, ID 10190
063.215 Recv DATA 13 6, ID 20173
063.215 Ignore out-of-window DATA 13
063.246 Recv ACK  7
063.246 Acked DATA 7, slide SEND window
063.246 Send DATA 15 1, ID 10191
063.373 Recv ACK  8
063.373 Acked DATA 8, slide SEND window
063.373 Send DATA 0 1, ID 10192
063.722 Recv DATA 14 8, ID 20174
063.722 Ignore out-of-window DATA 14
063.848 ---- ACK timeout
063.848 Send ACK  1
063.991 Recv DATA 3 9, ID 20179
063.991 Request NAK for 2
063.991 Acked DATA 9, slide SEND window
063.991 Send NAK  2
063.991 Send DATA 1 1, ID 10193
064.245 Recv DATA 4 9, ID 20180
064.500 Recv DATA 5 9, ID 20181
064.770 Recv DATA 6 9, ID 20182
065.040 Recv DATA 7 9, ID 20183
065.088 ---- DATA 10 timeout
065.088 Send DATA 10 1, ID 10186
065.310 Recv DATA 8 9, ID 20184
065.469 ---- DATA 11 timeout
065.469 Send DATA 11 1, ID 10187
065.581 Recv DATA 9 9, ID 20185
065.596 Recv ACK  10
065.596 Acked DATA 10, slide SEND window
065.597 Send DATA 2 1, ID 10194
065.628 Recv ACK  11
065.628 Acked DATA 11, slide SEND window
065.628 Send DATA 3 1, ID 10195
065.644 Recv ACK  12
065.644 Acked DATA 12, slide SEND window
065.644 Send DATA 4 1, ID 10196
065.660 Recv ACK  13
065.660 Acked DATA 13, slide SEND window
065.660 Send DATA 5 1, ID 10197
065.676 Recv ACK  14
065.676 Acked DATA 14, slide SEND window
065.676 Send DATA 6 1, ID 10198
065.692 Recv ACK  15
065.692 Acked DATA 15, slide SEND window
065.692 Send DATA 7 1, ID 10199
065.867 Recv DATA 2 15, ID 20178
065.867 Deliver DATA 2, ID 20178
065.867 .... 179 packets received, 5648 bps, 70.60%, Err 7 (1.5e-05)
065.867 Deliver DATA 3, ID 20179
065.867 Deliver DATA 4, ID 20180
065.867 Deliver DATA 5, ID 20181
065.867 Deliver DATA 6, ID 20182
065.867 Deliver DATA 7, ID 20183
065.867 Deliver DATA 8, ID 20184
065.867 Deliver DATA 9, ID 20185
065.867 Slide RECV window, expect 10 next
065.994 ---- ACK timeout
065.994 Send ACK  9
066.136 Recv DATA 2 0, ID 20178
066.136 Ignore out-of-window DATA 2
066.136 Acked DATA 0, slide SEND window
066.136 Send DATA 8 9, ID 10200
066.168 Recv ACK  1
066.168 Acked DATA 1, slide SEND window
066.168 Send DATA 9 9, ID 10201
066.422 Recv DATA 3 1, ID 20179
066.422 Ignore out-of-window DATA 3
066.438 Recv ACK  1
066.549 ---- ACK timeout
066.549 Send ACK  9
066.738 Recv DATA 4 1, ID 20180
066.738 Ignore out-of-window DATA 4
066.865 ---- ACK timeout
066.865 Send ACK  9
066.945 Recv ACK  2
066.945 Acked DATA 2, slide SEND window
066.945 Send DATA 10 9, ID 10202
067.008 Recv ACK  3
067.008 Acked DATA 3, slide SEND window
067.009 Send DATA 11 9, ID 10203
067.261 Recv DATA 5 3, ID 20181
067.261 Ignore out-of-window DATA 5
067.389 ---- ACK timeout
067.389 Send ACK  9
067.484 Recv ACK  4
067.484 Acked DATA 4, slide SEND window
067.484 Send DATA 12 9, ID 10204
067.532 Recv ACK  5
067.532 Acked DATA 5, slide SEND window
067.532 Send DATA 13 9, ID 10205
067.785 Recv DATA 6 5, ID 20182
067.785 Ignore out-of-window DATA 6
067.896 Recv ACK  6
067.896 Acked DATA 6, slide SEND window
067.896 Send DATA 14 9, ID 10206
068.133 Recv DATA 10 7, ID 20186
068.133 Deliver DATA 10, ID 20186
068.133 .... 187 packets received, 5701 bps, 71.26%, Err 7 (1.4e-05)
068.133 Slide RECV window, expect 11 next
068.133 Acked DATA 7, slide SEND window
068.133 Send DATA 15 10, ID 10207
068.403 Recv DATA 11 7, ID 20187
068.403 Deliver DATA 11, ID 20187
068.403 Slide RECV window, expect 12 next
068.530 ---- ACK timeout
068.530 Send ACK  11
068.672 Recv DATA 12 7, ID 20188
068.673 Deliver DATA 12, ID 20188
068.673 Slide RECV window, expect 13 next
068.800 ---- ACK timeout
068.800 Send ACK  12
068.927 Recv DATA 13 7, ID 20189
068.927 Deliver DATA 13, ID 20189
068.927 Slide RECV window, expect 14 next
069.055 ---- ACK timeout
069.055 Send ACK  13
069.199 Recv DATA 14 7, ID 20190
069.199 Deliver DATA 14, ID 20190
069.199 Slide RECV window, expect 15 next
069.325 ---- ACK timeout
069.325 Send ACK  14
069.453 Recv DATA 15 7, ID 20191
069.453 Deliver DATA 15, ID 20191
069.453 Slide RECV window, expect 0 next
069.579 ---- ACK timeout
069.579 Send ACK  15
069.722 Recv DATA 0 7, ID 20192
069.722 Deliver DATA 0, ID 20192
069.722 Slide RECV window, expect 1 next
069.848 ---- ACK timeout
069.848 Send ACK  0
069.991 Recv DATA 1 7, ID 20193
069.991 Deliver DATA 1, ID 20193
069.991 Slide RECV window, expect 2 next
070.023 Recv ACK  8
070.023 Acked DATA 8, slide SEND window
070.023 Send DATA 0 1, ID 10208
070.054 Recv ACK  9
070.054 Acked DATA 9, slide SEND window
070.054 Recv ACK  10
070.054 Acked DATA 10, slide SEND window
070.054 Send DATA 1 1, ID 10209
070.055 Send DATA 2 1, ID 10210
070.086 Recv ACK  11
070.086 Acked DATA 11, slide SEND window
070.086 Send DATA 3 1, ID 10211
070.102 Recv ACK  12
070.102 Acked DATA 12, slide SEND window
070.102 Send DATA 4 1, ID 10212
070.117 Recv ACK  13
070.117 Acked DATA 13, slide SEND window
070.118 Recv ACK  14
070.118 Acked DATA 14, slide SEND window
070.118 Send DATA 5 1, ID 10213
070.118 Send DATA 6 1, ID 10214
070.293 Recv DATA 10 14, ID 20186
070.293 Ignore out-of-window DATA 10
070.421 ---- ACK timeout
070.421 Send ACK  1
070.579 Recv DATA 2 15, ID 20194
070.580 Deliver DATA 2, ID 20194
070.580 .... 195 packets received, 5736 bps, 71.70%, Err 7 (1.4e-05)
070.580 Slide RECV window, expect 3 next
070.580 Acked DATA 15, slide SEND window
070.580 Send DATA 7 2, ID 10215
070.834 Recv DATA 3 15, ID 20195
070.834 Deliver DATA 3, ID 20195
070.834 Slide RECV window, expect 4 next
070.961 ---- ACK timeout
070.961 Send ACK  3
071.104 Recv DATA 4 15, ID 20196
071.104 Deliver DATA 4, ID 20196
071.104 Slide RECV window, expect 5 next
071.231 ---- ACK timeout
071.231 Send ACK  4
071.358 Recv DATA 5 15, ID 20197
071.359 Deliver DATA 5, ID 20197
071.359 Slide RECV window, expect 6 next
071.486 ---- ACK timeout
071.486 Send ACK  5
071.629 Recv DATA 6 15, ID 20198
071.629 Deliver DATA 6, ID 20198
071.629 Slide RECV window, expect 7 next
071.756 ---- ACK timeout
071.756 Send ACK  6
071.898 Recv DATA 7 15, ID 20199
071.898 Deliver DATA 7, ID 20199
071.898 Slide RECV window, expect 8 next
072.025 ---- DATA 0 timeout
072.026 Send DATA 0 7, ID 10208
072.168 Recv DATA 8 15, ID 20200
072.168 Deliver DATA 8, ID 20200
072.168 Slide RECV window, expect 9 next
072.295 ---- ACK timeout
072.295 Send ACK  8
072.406 Recv DATA 9 0, ID 20201
072.406 Deliver DATA 9, ID 20201
072.406 Slide RECV window, expect 10 next
072.406 Acked DATA 0, slide SEND window
072.407 Send DATA 8 9, ID 10216
072.438 Recv ACK  1
072.438 Acked DATA 1, slide SEND window
072.439 Send DATA 9 9, ID 10217
072.566 Recv ACK  2
072.566 Acked DATA 2, slide SEND window
072.566 Send DATA 10 9, ID 10218
072.629 Recv ACK  3
072.629 Acked DATA 3, slide SEND window
072.629 Send DATA 11 9, ID 10219
072.661 Recv ACK  4
072.661 Acked DATA 4, slide SEND window
072.661 Send DATA 12 9, ID 10220
072.677 Recv ACK  5
072.677 Acked DATA 5, slide SEND window
072.677 Send DATA 13 9, ID 10221
072.709 Recv ACK  6
072.709 Acked DATA 6, slide SEND window
072.709 Send DATA 14 9, ID 10222
072.884 Recv DATA 2 6, ID 20194
072.884 Ignore out-of-window DATA 2
073.011 ---- ACK timeout
073.011 Send ACK  9
073.138 Recv DATA 10 7, ID 20202
073.138 Deliver DATA 10, ID 20202
073.138 .... 203 packets received, 5760 bps, 72.00%, Err 7 (1.3e-05)
073.138 Slide RECV window, expect 11 next
073.138 Acked DATA 7, slide SEND window
073.139 Send DATA 15 10, ID 10223
073.408 Recv DATA 11 7, ID 20203
073.408 Deliver DATA 11, ID 20203
073.408 Slide RECV window, expect 12 next
073.535 ---- ACK timeout
073.535 Send ACK  11
073.677 Recv DATA 12 7, ID 20204
073.677 Deliver DATA 12, ID 20204
073.677 Slide RECV window, expect 13 next
073.804 ---- ACK timeout
073.804 Send ACK  12
073.947 Recv DATA 13 7, ID 20205
073.947 Deliver DATA 13, ID 20205
073.947 Slide RECV window, expect 14 next
074.074 ---- ACK timeout
074.074 Send ACK  13
074.200 Recv DATA 14 7, ID 20206
074.201 Deliver DATA 14, ID 20206
074.201 Slide RECV window, expect 15 next
074.328 ---- ACK timeout
074.328 Send ACK  14
074.471 Recv DATA 15 7, ID 20207
074.471 Deliver DATA 15, ID 20207
074.471 Slide RECV window, expect 0 next
074.487 ---- DATA 8 timeout
074.487 Send DATA 8 15, ID 10216
074.709 Recv DATA 0 7, ID 20208
074.709 Deliver DATA 0, ID 20208
074.709 Slide RECV window, expect 1 next
074.836 ---- ACK timeout
074.837 Send ACK  0
074.979 Recv DATA 1 8, ID 20209
074.979 Deliver DATA 1, ID 20209
074.979 Slide RECV window, expect 2 next
074.979 Acked DATA 8, slide SEND window
074.979 Send DATA 0 1, ID 10224
074.981 ---- DATA 9 timeout
074.981 Send DATA 9 1, ID 10217
075.011 Recv ACK  9
075.011 Acked DATA 9, slide SEND window
075.011 Send DATA 1 1, ID 10225
075.027 Recv ACK  10
075.027 Acked DATA 10, slide SEND window
075.027 Send DATA 2 1, ID 10226
075.075 Recv ACK  11
075.075 Acked DATA 11, slide SEND window
075.075 Send DATA 3 1, ID 10227
075.107 Recv ACK  12
075.107 Acked DATA 12, slide SEND window
075.107 Send DATA 4 1, ID 10228
075.139 Recv ACK  13
075.139 Acked DATA 13, slide SEND window
075.139 Send DATA 5 1, ID 10229
075.170 Recv ACK  14
075.170 Acked DATA 14, slide SEND window
075.171 Send DATA 6 1, ID 10230
075.329 Recv DATA 10 14, ID 20202
075.329 Ignore out-of-window DATA 10
075.456 ---- ACK timeout
075.456 Send ACK  1
075.583 Recv DATA 2 15, ID 20210
075.583 Deliver DATA 2, ID 20210
075.583 .... 211 packets received, 5791 bps, 72.38%, Err 7 (1.3e-05)
075.583 Slide RECV window, expect 3 next
075.583 Acked DATA 15, slide SEND window
075.583 Send DATA 7 2, ID 10231
075.854 Recv DATA 3 15, ID 20211
075.854 Deliver DATA 3, ID 20211
075.854 Slide RECV window, expect 4 next
075.980 ---- ACK timeout
075.981 Send ACK  3
076.124 Recv DATA 4 15, ID 20212
076.124 Deliver DATA 4, ID 20212
076.124 Slide RECV window, expect 5 next
076.250 ---- ACK timeout
076.250 Send ACK  4
076.377 Recv DATA 5 15, ID 20213
076.377 Deliver DATA 5, ID 20213
076.377 Slide RECV window, expect 6 next
076.504 ---- ACK timeout
076.504 Send ACK  5
076.648 Recv DATA 6 15, ID 20214
076.648 Deliver DATA 6, ID 20214
076.648 Slide RECV window, expect 7 next
076.679 Recv NAK  0
076.679 ---- Resend DATA 0 on NAK
076.679 Send DATA 0 6, ID 10224
076.918 Recv DATA 7 15, ID 20215
076.918 Deliver DATA 7, ID 20215
076.918 Slide RECV window, expect 8 next
077.045 ---- ACK timeout
077.045 Send ACK  7
077.172 Recv DATA 8 15, ID 20216
077.172 Deliver DATA 8, ID 20216
077.172 Slide RECV window, expect 9 next
077.299 ---- ACK timeout
077.299 Send ACK  8
077.443 Recv DATA 9 0, ID 20217
077.443 Deliver DATA 9, ID 20217
077.443 Slide RECV window, expect 10 next
077.443 Acked DATA 0, slide SEND window
077.443 Send DATA 8 9, ID 10232
077.538 Recv ACK  0
077.569 Recv NAK  1
077.569 ---- Resend DATA 1 on NAK
077.569 Send DATA 1 9, ID 10225
077.776 Recv DATA 2 0, ID 20210
077.776 Ignore out-of-window DATA 2
077.903 ---- ACK timeout
077.903 Send ACK  9
078.141 Recv DATA 10 0, ID 20218
078.141 Deliver DATA 10, ID 20218
078.141 .... 219 packets received, 5811 bps, 72.64%, Err 7 (1.2e-05)
078.141 Slide RECV window, expect 11 next
078.268 ---- ACK timeout
078.268 Send ACK  10
078.411 Recv DATA 11 0, ID 20219
078.411 Deliver DATA 11, ID 20219
078.411 Slide RECV window, expect 12 next
078.522 ---- DATA 2 timeout
078.523 Send DATA 2 11, ID 10226
078.681 Recv DATA 12 0, ID 20220
078.681 Deliver DATA 12, ID 20220
078.681 Slide RECV window, expect 13 next
078.809 ---- ACK timeout
078.809 Send ACK  12
078.935 Recv DATA 13 0, ID 20221
078.936 Deliver DATA 13, ID 20221
078.936 Slide RECV window, expect 14 next
078.999 ---- DATA 3 timeout
078.999 Send DATA 3 13, ID 10227
079.204 Recv DATA 14 0, ID 20222
079.204 Deliver DATA 14, ID 20222
079.204 Slide RECV window, expect 15 next
079.331 ---- ACK timeout
079.331 Send ACK  14
079.475 Recv DATA 15 0, ID 20223
079.475 Deliver DATA 15, ID 20223
079.475 Slide RECV window, expect 0 next
079.491 ---- DATA 4 timeout
079.491 Send DATA 4 15, ID 10228
079.729 Recv DATA 0 0, ID 20224
079.729 Deliver DATA 0, ID 20224
079.729 Slide RECV window, expect 1 next
079.856 ---- ACK timeout
079.856 Send ACK  0
079.887 ---- DATA 8 timeout
079.887 Send DATA 8 0, ID 10232
079.983 Recv DATA 1 0, ID 20225
079.983 Deliver DATA 1, ID 20225
079.983 Slide RECV window, expect 2 next
079.999 Recv ACK  8
079.999 Acked DATA 1, slide SEND window
079.999 Acked DATA 2, slide SEND window
079.999 Acked DATA 3, slide SEND window
079.999 Acked DATA 4, slide SEND window
079.999 Acked DATA 5, slide SEND window
079.999 Acked DATA 6, slide SEND window
079.999 Acked DATA 7, slide SEND window
079.999 Acked DATA 8, slide SEND window
079.999 Send DATA 9 1, ID 10233
079.999 Send DATA 10 1, ID 10234
079.999 Send DATA 11 1, ID 10235
079.999 Send DATA 12 1, ID 10236
079.999 Send DATA 13 1, ID 10237
080.000 Send DATA 14 1, ID 10238
080.000 Send DATA 15 1, ID 10239
080.000 Send DATA 0 1, ID 10240
080.268 Recv DATA 2 8, ID 20226
080.268 Deliver DATA 2, ID 20226
080.268 .... 227 packets received, 5862 bps, 73.27%, Err 7 (1.2e-05)
080.268 Slide RECV window, expect 3 next
080.395 ---- ACK timeout
080.395 Send ACK  2
080.522 Recv DATA 3 8, ID 20227
080.522 Deliver DATA 3, ID 20227
080.522 Slide RECV window, expect 4 next
080.648 ---- ACK timeout
080.648 Send ACK  3
080.791 Recv DATA 4 8, ID 20228
080.791 Deliver DATA 4, ID 20228
080.791 Slide RECV window, expect 5 next
080.918 ---- ACK timeout
080.918 Send ACK  4
081.060 Recv DATA 5 8, ID 20229
081.060 Deliver DATA 5, ID 20229
081.060 Slide RECV window, expect 6 next
081.188 ---- ACK timeout
081.188 Send ACK  5
081.331 Recv DATA 6 8, ID 20230
081.331 Deliver DATA 6, ID 20230
081.331 Slide RECV window, expect 7 next
081.458 ---- ACK timeout
081.458 Send ACK  6
081.586 Recv DATA 7 8, ID 20231
081.586 Deliver DATA 7, ID 20231
081.586 Slide RECV window, expect 8 next
081.713 ---- ACK timeout
081.713 Send ACK  7
081.856 Recv DATA 8 8, ID 20232
081.856 Deliver DATA 8, ID 20232
081.856 Slide RECV window, expect 9 next
081.888 Recv ACK  8
081.983 ---- ACK timeout
081.983 Send ACK  8
082.111 Recv DATA 9 9, ID 20233
082.111 Deliver DATA 9, ID 20233
082.111 Slide RECV window, expect 10 next
082.111 Acked DATA 9, slide SEND window
082.111 Send DATA 1 9, ID 10241
082.143 Recv ACK  10
082.143 Acked DATA 10, slide SEND window
082.143 Send DATA 2 9, ID 10242
082.159 Recv ACK  11
082.159 Acked DATA 11, slide SEND window
082.159 Send DATA 3 9, ID 10243
082.413 Recv ACK  12
082.413 Acked DATA 12, slide SEND window
082.413 Send DATA 4 9, ID 10244
082.682 Recv ACK  13
082.682 Acked DATA 13, slide SEND window
082.683 Send DATA 5 9, ID 10245
082.858 Recv ACK  14
082.858 Acked DATA 14, slide SEND window
082.858 Send DATA 6 9, ID 10246
082.890 Recv ACK  15
082.890 Acked DATA 15, slide SEND window
082.890 Send DATA 7 9, ID 10247
083.111 Recv DATA 10 0, ID 20234
083.111 Deliver DATA 10, ID 20234
083.111 .... 235 packets received, 5858 bps, 73.23%, Err 7 (1.2e-05)
083.111 Slide RECV window, expect 11 next
083.111 Acked DATA 0, slide SEND window
083.111 Send DATA 8 10, ID 10248
083.381 Recv DATA 11 0, ID 20235
083.381 Deliver DATA 11, ID 20235
083.381 Slide RECV window, expect 12 next
083.508 ---- ACK timeout
083.508 Send ACK  11
083.620 Recv DATA 12 0, ID 20236
083.620 Deliver DATA 12, ID 20236
083.620 Slide RECV window, expect 13 next
083.747 ---- ACK timeout
083.748 Send ACK  12
083.888 Recv DATA 13 0, ID 20237
083.888 Deliver DATA 13, ID 20237
083.888 Slide RECV window, expect 14 next
084.015 ---- ACK timeout
084.015 Send ACK  13
084.157 Recv DATA 14 0, ID 20238
084.157 Deliver DATA 14, ID 20238
084.157 Slide RECV window, expect 15 next
084.284 ---- ACK timeout
084.284 Send ACK  14
084.411 Recv DATA 15 0, ID 20239
084.411 Deliver DATA 15, ID 20239
084.411 Slide RECV window, expect 0 next
084.521 ---- DATA 1 timeout
084.521 Send DATA 1 15, ID 10241
084.679 Recv DATA 0 0, ID 20240
084.679 Deliver DATA 0, ID 20240
084.679 Slide RECV window, expect 1 next
084.807 ---- ACK timeout
084.807 Send ACK  0
084.950 Recv DATA 1 1, ID 20241
084.950 Deliver DATA 1, ID 20241
084.950 Slide RECV window, expect 2 next
084.959 Acked DATA 1, slide SEND window
084.959 Recv ACK  2
084.959 Acked DATA 2, slide SEND window
084.959 Send DATA 9 1, ID 10249
084.961 Send DATA 10 1, ID 10250
084.997 Recv ACK  3
084.997 Acked DATA 3, slide SEND window
084.997 Send DATA 11 1, ID 10251
085.029 Recv ACK  4
085.029 Acked DATA 4, slide SEND window
085.029 Send DATA 12 1, ID 10252
085.061 Recv ACK  5
085.061 Acked DATA 5, slide SEND window
085.061 Send DATA 13 1, ID 10253
085.076 Recv ACK  6
085.076 Acked DATA 6, slide SEND window
085.076 Send DATA 14 1, ID 10254
085.252 Recv DATA 10 7, ID 20234
085.252 Ignore out-of-window DATA 10
085.252 Acked DATA 7, slide SEND window
085.252 Send DATA 15 1, ID 10255
085.522 Recv DATA 2 8, ID 20242
085.522 Deliver DATA 2, ID 20242
085.522 .... 243 packets received, 5885 bps, 73.56%, Err 7 (1.1e-05)
085.522 Slide RECV window, expect 3 next
085.522 Acked DATA 8, slide SEND window
085.522 Send DATA 0 2, ID 10256
085.792 Recv DATA 3 8, ID 20243
085.792 Deliver DATA 3, ID 20243
085.792 Slide RECV window, expect 4 next
085.920 ---- ACK timeout
085.920 Send ACK  3
086.046 Recv DATA 4 8, ID 20244
086.046 Deliver DATA 4, ID 20244
086.046 Slide RECV window, expect 5 next
086.173 ---- ACK timeout
086.173 Send ACK  4
086.316 Recv DATA 5 8, ID 20245
086.316 Deliver DATA 5, ID 20245
086.316 Slide RECV window, expect 6 next
086.443 ---- ACK timeout
086.443 Send ACK  5
086.569 Recv DATA 6 8, ID 20246
086.569 Deliver DATA 6, ID 20246
086.569 Slide RECV window, expect 7 next
086.696 ---- ACK timeout
086.696 Send ACK  6
086.838 Recv DATA 7 8, ID 20247
086.839 Deliver DATA 7, ID 20247
086.839 Slide RECV window, expect 8 next
086.951 ---- DATA 9 timeout
086.951 Send DATA 9 7, ID 10249
087.094 Recv DATA 8 8, ID 20248
087.094 Deliver DATA 8, ID 20248
087.094 Slide RECV window, expect 9 next
087.222 ---- ACK timeout
087.222 Send ACK  8
087.348 Recv DATA 9 9, ID 20249
087.348 Deliver DATA 9, ID 20249
087.348 Slide RECV window, expect 10 next
087.348 Acked DATA 9, slide SEND window
087.349 Send DATA 1 9, ID 10257
087.365 Recv ACK  10
087.365 Acked DATA 10, slide SEND window
087.365 Send DATA 2 9, ID 10258
087.396 Recv ACK  11
087.396 Acked DATA 11, slide SEND window
087.396 Send DATA 3 9, ID 10259
087.491 Recv ACK  12
087.491 Acked DATA 12, slide SEND window
087.491 Send DATA 4 9, ID 10260
087.571 Recv ACK  13
087.571 Acked DATA 13, slide SEND window
087.571 Send DATA 5 9, ID 10261
087.603 Recv ACK  14
087.603 Acked DATA 14, slide SEND window
087.603 Send DATA 6 9, ID 10262
087.618 Recv ACK  15
087.618 Acked DATA 15, slide SEND window
087.618 Send DATA 7 9, ID 10263
087.824 Recv DATA 2 15, ID 20242
087.824 Ignore out-of-window DATA 2
087.951 ---- ACK timeout
087.951 Send ACK  9
088.093 Recv DATA 10 0, ID 20250
088.093 Deliver DATA 10, ID 20250
088.093 .... 251 packets received, 5899 bps, 73.74%, Err 7 (1.1e-05)
088.093 Slide RECV window, expect 11 next
088.093 Acked DATA 0, slide SEND window
088.093 Send DATA 8 10, ID 10264
088.347 Recv DATA 11 0, ID 20251
088.347 Deliver DATA 11, ID 20251
088.347 Slide RECV window, expect 12 next
088.474 ---- ACK timeout
088.474 Send ACK  11
088.616 Recv DATA 12 0, ID 20252
088.616 Deliver DATA 12, ID 20252
088.616 Slide RECV window, expect 13 next
088.743 ---- ACK timeout
088.743 Send ACK  12
088.869 Recv DATA 13 0, ID 20253
088.869 Deliver DATA 13, ID 20253
088.869 Slide RECV window, expect 14 next
088.997 ---- ACK timeout
088.997 Send ACK  13
089.124 Recv DATA 14 0, ID 20254
089.124 Deliver DATA 14, ID 20254
089.124 Slide RECV window, expect 15 next
089.251 ---- ACK timeout
089.251 Send ACK  14
089.378 ---- DATA 1 timeout
089.378 Send DATA 1 14, ID 10257
089.393 Recv DATA 15 0, ID 20255
089.393 Deliver DATA 15, ID 20255
089.393 Slide RECV window, expect 0 next
089.521 ---- ACK timeout
089.521 Send ACK  15
089.679 Recv DATA 0 0, ID 20256
089.679 Deliver DATA 0, ID 20256
089.679 Slide RECV window, expect 1 next
089.805 ---- ACK timeout
089.805 Send ACK  0
089.885 ---- DATA 2 timeout
089.885 Send DATA 2 0, ID 10258
089.917 Recv DATA 1 1, ID 20257
089.917 Deliver DATA 1, ID 20257
089.917 Slide RECV window, expect 2 next
089.926 Acked DATA 1, slide SEND window
089.926 Send DATA 9 1, ID 10265
089.948 Recv ACK  2
089.948 Acked DATA 2, slide SEND window
089.948 Send DATA 10 1, ID 10266
089.980 Recv ACK  3
089.980 Acked DATA 3, slide SEND window
089.980 Send DATA 11 1, ID 10267
090.028 Recv ACK  4
090.028 Acked DATA 4, slide SEND window
090.028 Send DATA 12 1, ID 10268
090.059 Recv ACK  5
090.059 Acked DATA 5, slide SEND window
090.060 Send DATA 13 1, ID 10269
090.075 Recv ACK  6
090.075 Acked DATA 6, slide SEND window
090.075 Recv ACK  7
090.075 Acked DATA 7, slide SEND window
090.075 Send DATA 14 1, ID 10270
090.075 Send DATA 15 1, ID 10271
090.250 Recv DATA 2 8, ID 20258
090.250 Deliver DATA 2, ID 20258
090.250 .... 259 packets received, 5940 bps, 74.26%, Err 7 (1.1e-05)
090.250 Slide RECV window, expect 3 next
090.250 Acked DATA 8, slide SEND window
090.250 Send DATA 0 2, ID 10272
090.521 Recv DATA 3 8, ID 20259
090.521 Deliver DATA 3, ID 20259
090.521 Slide RECV window, expect 4 next
090.648 ---- ACK timeout
090.648 Send ACK  3
090.791 Recv DATA 4 8, ID 20260
090.791 Deliver DATA 4, ID 20260
090.791 Slide RECV window, expect 5 next
090.919 ---- ACK timeout
090.919 Send ACK  4
091.061 Recv DATA 5 8, ID 20261
091.061 Deliver DATA 5, ID 20261
091.061 Slide RECV window, expect 6 next
091.188 ---- ACK timeout
091.188 Send ACK  5
091.331 Recv DATA 6 8, ID 20262
091.331 Deliver DATA 6, ID 20262
091.331 Slide RECV window, expect 7 next
091.473 ---- ACK timeout
091.473 Send ACK  6
091.585 Recv DATA 7 8, ID 20263
091.585 Deliver DATA 7, ID 20263
091.585 Slide RECV window, expect 8 next
091.712 ---- ACK timeout
091.712 Send ACK  7
091.839 Recv DATA 8 8, ID 20264
091.839 Deliver DATA 8, ID 20264
091.839 Slide RECV window, expect 9 next
091.855 Recv ACK  8
091.966 ---- ACK timeout
091.966 Send ACK  8
092.109 Recv DATA 9 9, ID 20265
092.109 Deliver DATA 9, ID 20265
092.109 Slide RECV window, expect 10 next
092.109 Acked DATA 9, slide SEND window
092.109 Send DATA 1 9, ID 10273
092.141 Recv ACK  10
092.141 Acked DATA 10, slide SEND window
092.141 Send DATA 2 9, ID 10274
092.157 Recv ACK  11
092.157 Acked DATA 11, slide SEND window
092.157 Send DATA 3 9, ID 10275
092.188 Recv ACK  12
092.188 Acked DATA 12, slide SEND window
092.188 Send DATA 4 9, ID 10276
092.410 Recv DATA 2 12, ID 20258
092.410 Ignore out-of-window DATA 2
092.410 Recv ACK  13
092.410 Acked DATA 13, slide SEND window
092.411 Send DATA 5 9, ID 10277
092.426 Recv ACK  14
092.426 Acked DATA 14, slide SEND window
092.426 Send DATA 6 9, ID 10278
092.727 Recv DATA 3 14, ID 20259
092.727 Ignore out-of-window DATA 3
092.759 Recv ACK  15
092.759 Acked DATA 15, slide SEND window
092.759 Send DATA 7 9, ID 10279
093.092 Recv DATA 10 0, ID 20266
093.092 Deliver DATA 10, ID 20266
093.092 .... 267 packets received, 5935 bps, 74.19%, Err 7 (1.0e-05)
093.092 Slide RECV window, expect 11 next
093.092 Acked DATA 0, slide SEND window
093.092 Send DATA 8 10, ID 10280
093.361 Recv DATA 11 0, ID 20267
093.361 Deliver DATA 11, ID 20267
093.361 Slide RECV window, expect 12 next
093.488 ---- ACK timeout
093.488 Send ACK  11
093.616 Recv DATA 12 0, ID 20268
093.616 Deliver DATA 12, ID 20268
093.616 Slide RECV window, expect 13 next
093.743 ---- ACK timeout
093.743 Send ACK  12
093.886 Recv DATA 13 0, ID 20269
093.886 Deliver DATA 13, ID 20269
093.886 Slide RECV window, expect 14 next
094.014 ---- ACK timeout
094.014 Send ACK  13
094.045 Impose noise on received data, 8/692312=1.2E-05
094.141 Recv DATA 14 0, ID 20270
094.141 Deliver DATA 14, ID 20270
094.141 Slide RECV window, expect 15 next
094.283 ---- ACK timeout
094.283 Send ACK  14
094.411 **** Receiver Error, Bad CRC Checksum
094.411 Request NAK for 15
094.411 Send NAK  15
094.506 ---- DATA 1 timeout
094.506 Send DATA 1 14, ID 10273
094.680 Recv DATA 0 0, ID 20272
094.952 Recv DATA 1 1, ID 20273
094.952 Acked DATA 1, slide SEND window
094.952 Send DATA 9 14, ID 10281
094.983 Recv ACK  2
094.983 Acked DATA 2, slide SEND window
094.983 Send DATA 10 14, ID 10282
095.015 Recv ACK  3
095.015 Acked DATA 3, slide SEND window
095.015 Recv ACK  4
095.024 Acked DATA 4, slide SEND window
095.024 Send DATA 11 14, ID 10283
095.024 Send DATA 12 14, ID 10284
095.046 Recv ACK  5
095.046 Acked DATA 5, slide SEND window
095.046 Send DATA 13 14, ID 10285
095.062 Recv ACK  6
095.062 Acked DATA 6, slide SEND window
095.062 Send DATA 14 14, ID 10286
095.237 Recv DATA 10 7, ID 20266
095.237 Ignore out-of-window DATA 10
095.237 Acked DATA 7, slide SEND window
095.237 Send DATA 15 14, ID 10287
095.506 Recv DATA 2 8, ID 20274
095.506 Acked DATA 8, slide SEND window
095.507 Send DATA 0 14, ID 10288
095.760 Recv DATA 3 8, ID 20275
096.031 Recv DATA 4 8, ID 20276
096.300 Recv DATA 5 8, ID 20277
096.553 Recv DATA 6 8, ID 20278
096.807 Recv DATA 15 8, ID 20271
096.807 Deliver DATA 15, ID 20271
096.807 .... 272 packets received, 5812 bps, 72.65%, Err 8 (1.1e-05)
096.807 Deliver DATA 0, ID 20272
096.807 Deliver DATA 1, ID 20273
096.807 Deliver DATA 2, ID 20274
096.807 Deliver DATA 3, ID 20275
096.807 Deliver DATA 4, ID 20276
096.807 Deliver DATA 5, ID 20277
096.807 Deliver DATA 6, ID 20278
096.807 Slide RECV window, expect 7 next
096.839 Recv ACK  8
096.934 ---- ACK timeout
096.934 Send ACK  6
096.950 ---- DATA 9 timeout
096.950 Send DATA 9 6, ID 10281
096.982 Recv ACK  9
096.982 Acked DATA 9, slide SEND window
096.982 Send DATA 1 6, ID 10289
097.221 Recv ACK  10
097.221 Acked DATA 10, slide SEND window
097.221 Send DATA 2 6, ID 10290
097.237 Recv ACK  11
097.237 Acked DATA 11, slide SEND window
097.237 Send DATA 3 6, ID 10291
097.491 Recv ACK  12
097.491 Acked DATA 12, slide SEND window
097.491 Send DATA 4 6, ID 10292
097.554 Recv ACK  13
097.554 Acked DATA 13, slide SEND window
097.555 Send DATA 5 6, ID 10293
097.586 Recv ACK  14
097.586 Acked DATA 14, slide SEND window
097.586 Send DATA 6 6, ID 10294
097.618 Recv ACK  15
097.618 Acked DATA 15, slide SEND window
097.618 Send DATA 7 6, ID 10295
097.792 Recv DATA 2 15, ID 20274
097.792 Ignore out-of-window DATA 2
097.919 ---- ACK timeout
097.920 Send ACK  6
098.046 Recv DATA 7 0, ID 20279
098.046 Deliver DATA 7, ID 20279
098.046 Slide RECV window, expect 8 next
098.046 Acked DATA 0, slide SEND window
098.046 Send DATA 8 7, ID 10296
098.300 Recv DATA 8 0, ID 20280
098.300 Deliver DATA 8, ID 20280
098.300 Slide RECV window, expect 9 next
098.427 ---- ACK timeout
098.427 Send ACK  8
098.586 Recv DATA 9 0, ID 20281
098.586 Deliver DATA 9, ID 20281
098.586 Slide RECV window, expect 10 next
098.712 ---- ACK timeout
098.712 Send ACK  9
098.839 Recv DATA 10 0, ID 20282
098.839 Deliver DATA 10, ID 20282
098.839 .... 283 packets received, 5921 bps, 74.02%, Err 8 (1.1e-05)
098.839 Slide RECV window, expect 11 next
098.966 ---- ACK timeout
098.966 Send ACK  10
099.092 Recv DATA 11 0, ID 20283
099.092 Deliver DATA 11, ID 20283
099.092 Slide RECV window, expect 12 next
099.220 ---- ACK timeout
099.220 Send ACK  11
099.363 Recv DATA 12 0, ID 20284
099.363 Deliver DATA 12, ID 20284
099.363 Slide RECV window, expect 13 next
099.490 ---- ACK timeout
099.490 Send ACK  12
099.633 Recv DATA 13 0, ID 20285
099.633 Deliver DATA 13, ID 20285
099.633 Slide RECV window, expect 14 next
099.696 ---- DATA 1 timeout
099.696 Send DATA 1 13, ID 10289
099.902 Recv DATA 14 0, ID 20286
099.902 Deliver DATA 14, ID 20286
099.902 Slide RECV window, expect 15 next
099.934 Recv ACK  0
099.950 Recv ACK  1
099.950 Acked DATA 1, slide SEND window
099.950 Send DATA 9 14, ID 10297
099.966 Recv ACK  2
099.966 Acked DATA 2, slide SEND window
099.966 Recv ACK  3
099.966 Acked DATA 3, slide SEND window
099.966 Send DATA 10 14, ID 10298
099.966 Send DATA 11 14, ID 10299
099.998 Recv ACK  4
099.998 Acked DATA 4, slide SEND window
099.998 Send DATA 12 14, ID 10300
100.030 Recv ACK  5
100.030 Acked DATA 5, slide SEND window
100.030 Send DATA 13 14, ID 10301
100.061 Recv ACK  6
100.061 Acked DATA 6, slide SEND window
100.062 Send DATA 14 14, ID 10302
100.093 Recv ACK  7
100.093 Acked DATA 7, slide SEND window
100.093 Send DATA 15 14, ID 10303
100.205 Recv DATA 7 7, ID 20279
100.205 Ignore out-of-window DATA 7
100.333 ---- ACK timeout
100.333 Send ACK  14
100.476 Recv DATA 15 8, ID 20287
100.485 Deliver DATA 15, ID 20287
100.485 Slide RECV window, expect 0 next
100.485 Acked DATA 8, slide SEND window
100.485 Send DATA 0 15, ID 10304
100.747 Recv DATA 0 8, ID 20288
100.747 Deliver DATA 0, ID 20288
100.747 Slide RECV window, expect 1 next
100.874 ---- ACK timeout
100.874 Send ACK  0
101.001 Recv DATA 1 8, ID 20289
101.001 Deliver DATA 1, ID 20289
101.001 .... 290 packets received, 5937 bps, 74.21%, Err 8 (1.1e-05)
101.001 Slide RECV window, expect 2 next
101.129 ---- ACK timeout
101.129 Send ACK  1
101.287 Recv DATA 2 8, ID 20290
101.287 Deliver DATA 2, ID 20290
101.287 Slide RECV window, expect 3 next
101.414 ---- ACK timeout
101.414 Send ACK  2
101.526 Recv DATA 3 8, ID 20291
101.526 Deliver DATA 3, ID 20291
101.526 Slide RECV window, expect 4 next
101.653 ---- ACK timeout
101.653 Send ACK  3
101.797 Recv DATA 4 8, ID 20292
101.797 Deliver DATA 4, ID 20292
101.797 Slide RECV window, expect 5 next
101.924 ---- ACK timeout
101.924 Send ACK  4
101.972 ---- DATA 9 timeout
101.972 Send DATA 9 4, ID 10297
102.067 Recv DATA 5 8, ID 20293
102.067 Deliver DATA 5, ID 20293
102.067 Slide RECV window, expect 6 next
102.195 ---- ACK timeout
102.195 Send ACK  5
102.321 Recv DATA 6 9, ID 20294
102.322 Deliver DATA 6, ID 20294
102.322 Slide RECV window, expect 7 next
102.322 Acked DATA 9, slide SEND window
102.322 Send DATA 1 6, ID 10305
102.337 Recv ACK  10
102.337 Acked DATA 10, slide SEND window
102.337 Send DATA 2 6, ID 10306
102.369 Recv ACK  11
102.369 Acked DATA 11, slide SEND window
102.369 Send DATA 3 6, ID 10307
102.465 Recv ACK  12
102.465 Acked DATA 12, slide SEND window
102.465 Send DATA 4 6, ID 10308
102.496 Recv ACK  13
102.496 Acked DATA 13, slide SEND window
102.496 Send DATA 5 6, ID 10309
102.528 Recv ACK  14
102.528 Acked DATA 14, slide SEND window
102.528 Send DATA 6 6, ID 10310
102.718 Recv DATA 15 15, ID 20287
102.718 Ignore out-of-window DATA 15
102.718 Acked DATA 15, slide SEND window
102.718 Send DATA 7 6, ID 10311
102.989 Recv DATA 7 0, ID 20295
102.989 Deliver DATA 7, ID 20295
102.989 Slide RECV window, expect 8 next
102.989 Acked DATA 0, slide SEND window
102.989 Send DATA 8 7, ID 10312
103.258 Recv DATA 8 0, ID 20296
103.258 Deliver DATA 8, ID 20296
103.258 .... 297 packets received, 5946 bps, 74.32%, Err 8 (1.1e-05)
103.259 Slide RECV window, expect 9 next
103.386 ---- ACK timeout
103.386 Send ACK  8
103.512 Recv DATA 9 0, ID 20297
103.512 Deliver DATA 9, ID 20297
103.512 Slide RECV window, expect 10 next
103.640 ---- ACK timeout
103.640 Send ACK  9
103.782 Recv DATA 10 0, ID 20298
103.782 Deliver DATA 10, ID 20298
103.782 Slide RECV window, expect 11 next
103.909 ---- ACK timeout
103.909 Send ACK  10
104.036 Recv DATA 11 0, ID 20299
104.036 Deliver DATA 11, ID 20299
104.036 Slide RECV window, expect 12 next
104.163 ---- ACK timeout
104.163 Send ACK  11
104.321 Recv DATA 12 0, ID 20300
104.321 Deliver DATA 12, ID 20300
104.321 Slide RECV window, expect 13 next
104.448 ---- DATA 1 timeout
104.448 Send DATA 1 12, ID 10305
104.590 Recv DATA 13 0, ID 20301
104.590 Deliver DATA 13, ID 20301
104.591 Slide RECV window, expect 14 next
104.718 ---- ACK timeout
104.718 Send ACK  13
104.845 Recv DATA 14 1, ID 20302
104.845 Deliver DATA 14, ID 20302
104.845 Slide RECV window, expect 15 next
104.845 Acked DATA 1, slide SEND window
104.845 Send DATA 9 14, ID 10313
104.877 Recv ACK  2
104.877 Acked DATA 2, slide SEND window
104.877 Send DATA 10 14, ID 10314
104.908 Recv ACK  3
104.908 Acked DATA 3, slide SEND window
104.909 Send DATA 11 14, ID 10315
104.924 Recv ACK  4
104.924 Acked DATA 4, slide SEND window
104.925 Send DATA 12 14, ID 10316
104.956 Recv ACK  5
104.956 Acked DATA 5, slide SEND window
104.956 Send DATA 13 14, ID 10317
104.988 Recv ACK  6
104.988 Acked DATA 6, slide SEND window
104.988 Send DATA 14 14, ID 10318
105.147 Recv DATA 7 7, ID 20295
105.147 Ignore out-of-window DATA 7
105.147 Acked DATA 7, slide SEND window
105.148 Send DATA 15 14, ID 10319
105.401 Recv DATA 15 8, ID 20303
105.401 Deliver DATA 15, ID 20303
105.402 .... 304 packets received, 5961 bps, 74.51%, Err 8 (1.0e-05)
105.402 Slide RECV window, expect 0 next
105.410 Acked DATA 8, slide SEND window
105.411 Send DATA 0 15, ID 10320
105.672 Recv DATA 0 8, ID 20304
105.672 Deliver DATA 0, ID 20304
105.672 Slide RECV window, expect 1 next
105.799 ---- ACK timeout
105.799 Send ACK  0
105.941 Recv DATA 1 8, ID 20305
105.942 Deliver DATA 1, ID 20305
105.942 Slide RECV window, expect 2 next
106.069 ---- ACK timeout
106.069 Send ACK  1
106.180 Recv DATA 2 8, ID 20306
106.181 Deliver DATA 2, ID 20306
106.181 Slide RECV window, expect 3 next
106.307 ---- ACK timeout
106.307 Send ACK  2
106.450 Recv DATA 3 8, ID 20307
106.450 Deliver DATA 3, ID 20307
106.450 Slide RECV window, expect 4 next
106.577 ---- ACK timeout
106.577 Send ACK  3
106.720 Recv DATA 4 8, ID 20308
106.720 Deliver DATA 4, ID 20308
106.720 Slide RECV window, expect 5 next
106.846 ---- DATA 9 timeout
106.846 Send DATA 9 4, ID 10313
106.987 Recv DATA 5 8, ID 20309
106.987 Deliver DATA 5, ID 20309
106.988 Slide RECV window, expect 6 next
107.113 ---- ACK timeout
107.113 Send ACK  5
107.270 Recv DATA 6 9, ID 20310
107.270 Deliver DATA 6, ID 20310
107.270 Slide RECV window, expect 7 next
107.270 Acked DATA 9, slide SEND window
107.270 Send DATA 1 6, ID 10321
107.286 Recv ACK  10
107.286 Acked DATA 10, slide SEND window
107.286 Send DATA 2 6, ID 10322
107.318 Recv ACK  11
107.318 Acked DATA 11, slide SEND window
107.319 Send DATA 3 6, ID 10323
107.334 Recv ACK  12
107.334 Acked DATA 12, slide SEND window
107.334 Send DATA 4 6, ID 10324
107.366 Recv ACK  13
107.366 Acked DATA 13, slide SEND window
107.366 Send DATA 5 6, ID 10325
107.382 Recv ACK  14
107.382 Acked DATA 14, slide SEND window
107.382 Send DATA 6 6, ID 10326
107.557 Recv DATA 15 14, ID 20303
107.557 Ignore out-of-window DATA 15
107.557 Recv ACK  15
107.557 Acked DATA 15, slide SEND window
107.557 Send DATA 7 6, ID 10327
107.828 Recv DATA 7 0, ID 20311
107.828 Deliver DATA 7, ID 20311
107.828 .... 312 packets received, 5979 bps, 74.74%, Err 8 (1.0e-05)
107.828 Slide RECV window, expect 8 next
107.828 Acked DATA 0, slide SEND window
107.828 Send DATA 8 7, ID 10328
108.081 Recv DATA 8 0, ID 20312
108.082 Deliver DATA 8, ID 20312
108.082 Slide RECV window, expect 9 next
108.209 ---- ACK timeout
108.209 Send ACK  8
108.336 Recv DATA 9 0, ID 20313
108.336 Deliver DATA 9, ID 20313
108.336 Slide RECV window, expect 10 next
108.463 ---- ACK timeout
108.463 Send ACK  9
108.606 Recv DATA 10 0, ID 20314
108.606 Deliver DATA 10, ID 20314
108.606 Slide RECV window, expect 11 next
108.733 ---- ACK timeout
108.733 Send ACK  10
108.876 Recv DATA 11 0, ID 20315
108.877 Deliver DATA 11, ID 20315
108.877 Slide RECV window, expect 12 next
109.003 ---- ACK timeout
109.003 Send ACK  11
109.146 Recv DATA 12 0, ID 20316
109.146 Deliver DATA 12, ID 20316
109.146 Slide RECV window, expect 13 next
109.273 ---- DATA 1 timeout
109.274 Send DATA 1 12, ID 10321
109.417 Recv DATA 13 0, ID 20317
109.417 Deliver DATA 13, ID 20317
109.417 Slide RECV window, expect 14 next
109.544 ---- ACK timeout
109.544 Send ACK  13
109.671 Recv DATA 14 1, ID 20318
109.671 Deliver DATA 14, ID 20318
109.671 Slide RECV window, expect 15 next
109.671 Acked DATA 1, slide SEND window
109.671 Send DATA 9 14, ID 10329
109.687 Recv ACK  2
109.687 Acked DATA 2, slide SEND window
109.687 Send DATA 10 14, ID 10330
109.718 Recv ACK  3
109.718 Acked DATA 3, slide SEND window
109.718 Send DATA 11 14, ID 10331
109.750 Recv ACK  4
109.750 Acked DATA 4, slide SEND window
109.750 Send DATA 12 14, ID 10332
109.781 Recv ACK  5
109.782 Acked DATA 5, slide SEND window
109.782 Send DATA 13 14, ID 10333
109.813 Recv ACK  6
109.813 Acked DATA 6, slide SEND window
109.813 Send DATA 14 14, ID 10334
109.955 Recv DATA 7 6, ID 20311
109.956 Ignore out-of-window DATA 7
109.972 Recv ACK  7
109.972 Acked DATA 7, slide SEND window
109.972 Send DATA 15 14, ID 10335
110.225 Recv DATA 15 8, ID 20319
110.225 Deliver DATA 15, ID 20319
110.225 .... 320 packets received, 5998 bps, 74.97%, Err 8 (9.8e-06)
110.225 Slide RECV window, expect 0 next
110.225 Acked DATA 8, slide SEND window
110.225 Send DATA 0 15, ID 10336
110.495 Recv DATA 0 8, ID 20320
110.497 Deliver DATA 0, ID 20320
110.497 Slide RECV window, expect 1 next
110.622 ---- ACK timeout
110.622 Send ACK  0
110.764 Recv DATA 1 8, ID 20321
110.764 Deliver DATA 1, ID 20321
110.764 Slide RECV window, expect 2 next
110.892 ---- ACK timeout
110.892 Send ACK  1
111.035 Recv DATA 2 8, ID 20322
111.035 Deliver DATA 2, ID 20322
111.035 Slide RECV window, expect 3 next
111.162 ---- ACK timeout
111.162 Send ACK  2
111.304 Recv DATA 3 8, ID 20323
111.304 Deliver DATA 3, ID 20323
111.304 Slide RECV window, expect 4 next
111.431 ---- ACK timeout
111.431 Send ACK  3
111.558 Recv DATA 4 8, ID 20324
111.558 Deliver DATA 4, ID 20324
111.558 Slide RECV window, expect 5 next
111.685 ---- ACK timeout
111.685 Send ACK  4
111.702 ---- DATA 9 timeout
111.702 Send DATA 9 4, ID 10329
111.813 Recv DATA 5 8, ID 20325
111.813 Deliver DATA 5, ID 20325
111.813 Slide RECV window, expect 6 next
111.940 ---- ACK timeout
111.940 Send ACK  5
112.098 Recv DATA 6 9, ID 20326
112.098 Deliver DATA 6, ID 20326
112.098 Slide RECV window, expect 7 next
112.098 Acked DATA 9, slide SEND window
112.098 Send DATA 1 6, ID 10337
112.129 Recv ACK  10
112.129 Acked DATA 10, slide SEND window
112.130 Send DATA 2 6, ID 10338
112.145 Recv ACK  11
112.145 Acked DATA 11, slide SEND window
112.146 Send DATA 3 6, ID 10339
112.161 Recv ACK  12
112.161 Acked DATA 12, slide SEND window
112.161 Send DATA 4 6, ID 10340
112.194 Recv ACK  13
112.194 Acked DATA 13, slide SEND window
112.194 Send DATA 5 6, ID 10341
112.210 Recv ACK  14
112.210 Acked DATA 14, slide SEND window
112.210 Send DATA 6 6, ID 10342
112.400 Recv DATA 15 14, ID 20319
112.400 Ignore out-of-window DATA 15
112.400 Recv ACK  15
112.401 Acked DATA 15, slide SEND window
112.401 Send DATA 7 6, ID 10343
112.653 Recv DATA 7 0, ID 20327
112.653 Deliver DATA 7, ID 20327
112.653 .... 328 packets received, 6014 bps, 75.18%, Err 8 (9.6e-06)
112.653 Slide RECV window, expect 8 next
112.653 Acked DATA 0, slide SEND window
112.653 Send DATA 8 7, ID 10344
112.923 Recv DATA 8 0, ID 20328
112.923 Deliver DATA 8, ID 20328
112.923 Slide RECV window, expect 9 next
113.049 ---- ACK timeout
113.049 Send ACK  8
113.176 Recv DATA 9 0, ID 20329
113.176 Deliver DATA 9, ID 20329
113.176 Slide RECV window, expect 10 next
113.304 ---- ACK timeout
113.304 Send ACK  9
113.447 Recv DATA 10 0, ID 20330
113.447 Deliver DATA 10, ID 20330
113.447 Slide RECV window, expect 11 next
113.574 ---- ACK timeout
113.574 Send ACK  10
113.716 Recv DATA 11 0, ID 20331
113.716 Deliver DATA 11, ID 20331
113.716 Slide RECV window, expect 12 next
113.844 ---- ACK timeout
113.844 Send ACK  11
113.971 Recv DATA 12 0, ID 20332
113.971 Deliver DATA 12, ID 20332
113.971 Slide RECV window, expect 13 next
114.098 ---- DATA 1 timeout
114.098 Send DATA 1 12, ID 10337
114.257 Recv DATA 13 0, ID 20333
114.257 Deliver DATA 13, ID 20333
114.257 Slide RECV window, expect 14 next
114.386 ---- ACK timeout
114.386 Send ACK  13
114.495 Recv DATA 14 1, ID 20334
114.495 Deliver DATA 14, ID 20334
114.495 Slide RECV window, expect 15 next
114.495 Acked DATA 1, slide SEND window
114.495 Send DATA 9 14, ID 10345
114.527 Recv ACK  2
114.527 Acked DATA 2, slide SEND window
114.527 Send DATA 10 14, ID 10346
114.559 Recv ACK  3
114.559 Acked DATA 3, slide SEND window
114.559 Send DATA 11 14, ID 10347
114.591 Recv ACK  4
114.591 Acked DATA 4, slide SEND window
114.591 Send DATA 12 14, ID 10348
114.638 Recv ACK  5
114.638 Acked DATA 5, slide SEND window
114.638 Send DATA 13 14, ID 10349
114.654 Recv ACK  6
114.654 Acked DATA 6, slide SEND window
114.654 Send DATA 14 14, ID 10350
114.797 Recv DATA 7 6, ID 20327
114.797 Ignore out-of-window DATA 7
114.828 Recv ACK  7
114.828 Acked DATA 7, slide SEND window
114.828 Send DATA 15 14, ID 10351
115.083 Recv DATA 15 8, ID 20335
115.083 Deliver DATA 15, ID 20335
115.083 .... 336 packets received, 6030 bps, 75.37%, Err 8 (9.4e-06)
115.083 Slide RECV window, expect 0 next
115.083 Acked DATA 8, slide SEND window
115.083 Send DATA 0 15, ID 10352
115.353 Recv DATA 0 8, ID 20336
115.353 Deliver DATA 0, ID 20336
115.353 Slide RECV window, expect 1 next
115.481 ---- ACK timeout
115.481 Send ACK  0
115.592 Recv DATA 1 8, ID 20337
115.592 Deliver DATA 1, ID 20337
115.592 Slide RECV window, expect 2 next
115.719 ---- ACK timeout
115.719 Send ACK  1
115.862 Recv DATA 2 8, ID 20338
115.862 Deliver DATA 2, ID 20338
115.862 Slide RECV window, expect 3 next
115.989 ---- ACK timeout
115.989 Send ACK  2
116.130 Recv DATA 3 8, ID 20339
116.130 Deliver DATA 3, ID 20339
116.130 Slide RECV window, expect 4 next
116.257 ---- ACK timeout
116.257 Send ACK  3
116.384 Recv DATA 4 8, ID 20340
116.384 Deliver DATA 4, ID 20340
116.384 Slide RECV window, expect 5 next
116.511 ---- ACK timeout
116.511 Send ACK  4
116.527 ---- DATA 9 timeout
116.527 Send DATA 9 4, ID 10345
116.661 Recv DATA 5 8, ID 20341
116.661 Deliver DATA 5, ID 20341
116.661 Slide RECV window, expect 6 next
116.793 ---- ACK timeout
116.793 Send ACK  5
116.935 Recv DATA 6 9, ID 20342
116.935 Deliver DATA 6, ID 20342
116.935 Slide RECV window, expect 7 next
116.935 Acked DATA 9, slide SEND window
116.935 Send DATA 1 6, ID 10353
116.967 Recv ACK  10
116.967 Acked DATA 10, slide SEND window
116.967 Send DATA 2 6, ID 10354
117.014 Recv ACK  11
117.014 Acked DATA 11, slide SEND window
117.015 Send DATA 3 6, ID 10355
117.046 Recv ACK  12
117.046 Acked DATA 12, slide SEND window
117.046 Send DATA 4 6, ID 10356
117.061 Recv ACK  13
117.061 Acked DATA 13, slide SEND window
117.062 Send DATA 5 6, ID 10357
117.077 Recv ACK  14
117.077 Acked DATA 14, slide SEND window
117.077 Send DATA 6 6, ID 10358
117.236 Recv DATA 15 14, ID 20335
117.236 Ignore out-of-window DATA 15
117.268 Recv ACK  15
117.268 Acked DATA 15, slide SEND window
117.268 Send DATA 7 6, ID 10359
117.490 Recv DATA 7 0, ID 20343
117.490 Deliver DATA 7, ID 20343
117.490 .... 344 packets received, 6046 bps, 75.57%, Err 8 (9.2e-06)
117.490 Slide RECV window, expect 8 next
117.490 Acked DATA 0, slide SEND window
117.490 Send DATA 8 7, ID 10360
117.744 Recv DATA 8 0, ID 20344
117.744 Deliver DATA 8, ID 20344
117.744 Slide RECV window, expect 9 next
117.871 ---- ACK timeout
117.871 Send ACK  8
118.029 Recv DATA 9 0, ID 20345
118.029 Deliver DATA 9, ID 20345
118.029 Slide RECV window, expect 10 next
118.157 ---- ACK timeout
118.157 Send ACK  9
118.300 Recv DATA 10 0, ID 20346
118.300 Deliver DATA 10, ID 20346
118.300 Slide RECV window, expect 11 next
118.427 ---- ACK timeout
118.427 Send ACK  10
118.554 Recv DATA 11 0, ID 20347
118.554 Deliver DATA 11, ID 20347
118.554 Slide RECV window, expect 12 next
118.681 ---- ACK timeout
118.681 Send ACK  11
118.824 Recv DATA 12 0, ID 20348
118.824 Deliver DATA 12, ID 20348
118.824 Slide RECV window, expect 13 next
118.919 Impose noise on received data, 9/885328=1.0E-05
118.935 ---- DATA 1 timeout
118.935 Send DATA 1 12, ID 10353
119.094 Recv DATA 13 0, ID 20349
119.094 Deliver DATA 13, ID 20349
119.094 Slide RECV window, expect 14 next
119.222 ---- ACK timeout
119.222 Send ACK  13
119.333 **** Receiver Error, Bad CRC Checksum
119.333 Request NAK for 14
119.333 Send NAK  14
119.364 Recv ACK  2
119.364 Acked DATA 1, slide SEND window
119.364 Acked DATA 2, slide SEND window
119.364 Send DATA 9 13, ID 10361
119.366 Send DATA 10 13, ID 10362
119.396 Recv ACK  3
119.396 Acked DATA 3, slide SEND window
119.396 Send DATA 11 13, ID 10363
119.428 Recv ACK  4
119.428 Acked DATA 4, slide SEND window
119.428 Send DATA 12 13, ID 10364
119.459 Recv ACK  5
119.459 Acked DATA 5, slide SEND window
119.460 Send DATA 13 13, ID 10365
119.491 Recv ACK  6
119.491 Acked DATA 6, slide SEND window
119.491 Send DATA 14 13, ID 10366
119.649 Recv DATA 7 7, ID 20343
119.649 Ignore out-of-window DATA 7
119.649 Acked DATA 7, slide SEND window
119.649 Send DATA 15 13, ID 10367
119.903 Recv DATA 15 8, ID 20351
119.903 Acked DATA 8, slide SEND window
119.904 Send DATA 0 13, ID 10368
120.031 Quit.
