000.000 =============================================================
000.000                     Station A                               
000.000 -------------------------------------------------------------
000.000 Protocol.lib, version 4.0, jiangyanjun0718@bupt.edu.cn
000.000 Channel: 8000 bps, 270 ms propagation delay, bit error rate 1.0E-05
000.000 Log file "C:\Users\YOUNG\Desktop\workplace\2025_2026_2\计算机网络\lab\Lab1-DataLink(Win+Linux)(1)\Lab1-Windows-VS2017\docs\测试记录\参数优化-DATA_TIMER-MAX_PHL_BACKLOG\01-粗筛-2min\dt2200-bg4-default-flood-20260509-215238-A.log", TCP port 59915, debug mask 0x07
000.000 Station A is waiting for station B on TCP port 59915 ... Done.
001.011 New epoch: Sat May  9 21:52:39 2026
001.011 =================================================================
001.012 
001.012 Designed by Jiang Yanjun, build: May  9 2026  21:52:38
001.012 Send DATA 0 15, ID 10000
001.012 Send DATA 1 15, ID 10001
001.012 Send DATA 2 15, ID 10002
001.012 Send DATA 3 15, ID 10003
001.553 Recv DATA 0 15, ID 20000
001.553 Deliver DATA 0, ID 20000
001.553 Slide RECV window, expect 1 next
001.553 Send DATA 4 0, ID 10004
001.553 Send DATA 5 0, ID 10005
001.553 Send DATA 6 0, ID 10006
001.681 Impose noise on received data, 1/5344=1.9E-04
001.823 Recv DATA 1 15, ID 20001
001.823 Deliver DATA 1, ID 20001
001.823 Slide RECV window, expect 2 next
001.823 Send DATA 7 1, ID 10007
002.076 **** Receiver Error, Bad CRC Checksum
002.076 Request NAK for 2
002.347 Recv DATA 3 15, ID 20003
002.347 Send NAK  2
002.617 Recv DATA 4 0, ID 20004
002.617 Acked DATA 0, slide SEND window
002.617 Send DATA 8 1, ID 10008
002.870 Recv DATA 5 0, ID 20005
003.141 Recv DATA 6 0, ID 20006
003.395 Recv DATA 7 1, ID 20007
003.395 Acked DATA 1, slide SEND window
003.395 Send DATA 9 1, ID 10009
003.427 Recv ACK  2
003.427 Acked DATA 2, slide SEND window
003.427 Send DATA 10 1, ID 10010
003.443 Recv ACK  3
003.443 Acked DATA 3, slide SEND window
003.443 Send DATA 11 1, ID 10011
003.698 Recv DATA 8 4, ID 20008
003.698 Acked DATA 4, slide SEND window
003.699 Send DATA 12 1, ID 10012
003.714 Recv ACK  5
003.714 Acked DATA 5, slide SEND window
003.714 Send DATA 13 1, ID 10013
003.746 Recv ACK  6
003.746 Acked DATA 6, slide SEND window
003.746 Send DATA 14 1, ID 10014
003.953 Recv DATA 9 7, ID 20009
003.953 Acked DATA 7, slide SEND window
003.953 Send DATA 15 1, ID 10015
004.224 Recv DATA 2 7, ID 20002
004.224 Deliver DATA 2, ID 20002
004.224 .... 3 packets received, 2100 bps, 26.25%, Err 1 (4.2e-05)
004.224 Deliver DATA 3, ID 20003
004.224 Deliver DATA 4, ID 20004
004.224 Deliver DATA 5, ID 20005
004.224 Deliver DATA 6, ID 20006
004.224 Deliver DATA 7, ID 20007
004.224 Deliver DATA 8, ID 20008
004.224 Deliver DATA 9, ID 20009
004.224 Slide RECV window, expect 10 next
004.351 ---- ACK timeout
004.351 Send ACK  9
004.366 Recv ACK  8
004.366 Acked DATA 8, slide SEND window
004.367 Send DATA 0 9, ID 10016
004.621 Recv ACK  9
004.621 Acked DATA 9, slide SEND window
004.621 Send DATA 1 9, ID 10017
004.891 Recv ACK  10
004.891 Acked DATA 10, slide SEND window
004.891 Send DATA 2 9, ID 10018
005.161 Recv ACK  11
005.161 Acked DATA 11, slide SEND window
005.161 Send DATA 3 9, ID 10019
005.414 Recv ACK  12
005.415 Acked DATA 12, slide SEND window
005.415 Send DATA 4 9, ID 10020
005.590 Recv ACK  13
005.590 Acked DATA 13, slide SEND window
005.590 Send DATA 5 9, ID 10021
005.859 Recv DATA 4 14, ID 20004
005.859 Ignore out-of-window DATA 4
005.859 Acked DATA 14, slide SEND window
005.859 Send DATA 6 9, ID 10022
006.098 Recv DATA 3 14, ID 20003
006.098 Ignore out-of-window DATA 3
006.225 ---- ACK timeout
006.225 Send ACK  9
006.352 Recv DATA 10 15, ID 20010
006.352 Deliver DATA 10, ID 20010
006.352 .... 11 packets received, 4457 bps, 55.72%, Err 1 (3.1e-05)
006.352 Slide RECV window, expect 11 next
006.352 Acked DATA 15, slide SEND window
006.352 Send DATA 7 10, ID 10023
006.622 Recv DATA 11 15, ID 20011
006.622 Deliver DATA 11, ID 20011
006.622 Slide RECV window, expect 12 next
006.749 ---- ACK timeout
006.749 Send ACK  11
006.892 Recv DATA 12 15, ID 20012
006.892 Deliver DATA 12, ID 20012
006.893 Slide RECV window, expect 13 next
007.018 ---- ACK timeout
007.018 Send ACK  12
007.144 Recv DATA 13 0, ID 20013
007.144 Deliver DATA 13, ID 20013
007.144 Slide RECV window, expect 14 next
007.144 Acked DATA 0, slide SEND window
007.144 Send DATA 8 13, ID 10024
007.414 Recv DATA 14 1, ID 20014
007.414 Deliver DATA 14, ID 20014
007.414 Slide RECV window, expect 15 next
007.414 Acked DATA 1, slide SEND window
007.415 Send DATA 9 14, ID 10025
007.684 Recv DATA 15 2, ID 20015
007.684 Deliver DATA 15, ID 20015
007.684 Slide RECV window, expect 0 next
007.684 Acked DATA 2, slide SEND window
007.684 Send DATA 10 15, ID 10026
007.938 Recv DATA 0 3, ID 20016
007.940 Deliver DATA 0, ID 20016
007.940 Slide RECV window, expect 1 next
007.940 Acked DATA 3, slide SEND window
007.940 Send DATA 11 0, ID 10027
008.208 Recv DATA 1 4, ID 20017
008.208 Deliver DATA 1, ID 20017
008.208 Slide RECV window, expect 2 next
008.208 Acked DATA 4, slide SEND window
008.208 Send DATA 12 1, ID 10028
008.240 Recv ACK  5
008.240 Acked DATA 5, slide SEND window
008.240 Send DATA 13 1, ID 10029
008.271 Recv ACK  6
008.271 Acked DATA 6, slide SEND window
008.272 Send DATA 14 1, ID 10030
008.478 Recv DATA 2 7, ID 20018
008.479 Deliver DATA 2, ID 20018
008.479 .... 19 packets received, 5419 bps, 67.74%, Err 1 (2.0e-05)
008.479 Slide RECV window, expect 3 next
008.479 Acked DATA 7, slide SEND window
008.479 Send DATA 15 2, ID 10031
008.764 Recv DATA 3 7, ID 20019
008.764 Deliver DATA 3, ID 20019
008.764 Slide RECV window, expect 4 next
008.891 ---- ACK timeout
008.891 Send ACK  3
009.034 Recv DATA 4 7, ID 20020
009.034 Deliver DATA 4, ID 20020
009.034 Slide RECV window, expect 5 next
009.160 ---- ACK timeout
009.160 Send ACK  4
009.271 Recv DATA 5 8, ID 20021
009.271 Deliver DATA 5, ID 20021
009.271 Slide RECV window, expect 6 next
009.271 Acked DATA 8, slide SEND window
009.272 Send DATA 0 5, ID 10032
009.541 Recv DATA 6 9, ID 20022
009.541 Deliver DATA 6, ID 20022
009.541 Slide RECV window, expect 7 next
009.541 Acked DATA 9, slide SEND window
009.542 Send DATA 1 6, ID 10033
009.796 Recv DATA 7 10, ID 20023
009.796 Deliver DATA 7, ID 20023
009.796 Slide RECV window, expect 8 next
009.796 Acked DATA 10, slide SEND window
009.796 Send DATA 2 7, ID 10034
010.066 Recv DATA 8 11, ID 20024
010.066 Deliver DATA 8, ID 20024
010.066 Slide RECV window, expect 9 next
010.066 Acked DATA 11, slide SEND window
010.066 Send DATA 3 8, ID 10035
010.336 Recv DATA 9 12, ID 20025
010.336 Deliver DATA 9, ID 20025
010.336 Slide RECV window, expect 10 next
010.336 Acked DATA 12, slide SEND window
010.336 Send DATA 4 9, ID 10036
010.368 Recv ACK  13
010.368 Acked DATA 13, slide SEND window
010.368 Send DATA 5 9, ID 10037
010.399 Recv ACK  14
010.399 Acked DATA 14, slide SEND window
010.399 Send DATA 6 9, ID 10038
010.637 Recv DATA 10 15, ID 20026
010.637 Deliver DATA 10, ID 20026
010.637 .... 27 packets received, 5921 bps, 74.01%, Err 1 (1.5e-05)
010.637 Slide RECV window, expect 11 next
010.637 Acked DATA 15, slide SEND window
010.637 Send DATA 7 10, ID 10039
010.891 Recv DATA 11 15, ID 20027
010.891 Deliver DATA 11, ID 20027
010.891 Slide RECV window, expect 12 next
011.017 ---- ACK timeout
011.017 Send ACK  11
011.128 Recv DATA 12 15, ID 20028
011.128 Deliver DATA 12, ID 20028
011.128 Slide RECV window, expect 13 next
011.255 ---- ACK timeout
011.255 Send ACK  12
011.398 Recv DATA 13 0, ID 20029
011.398 Deliver DATA 13, ID 20029
011.398 Slide RECV window, expect 14 next
011.398 Acked DATA 0, slide SEND window
011.399 Send DATA 8 13, ID 10040
011.670 Recv DATA 14 1, ID 20030
011.670 Deliver DATA 14, ID 20030
011.670 Slide RECV window, expect 15 next
011.670 Acked DATA 1, slide SEND window
011.670 Send DATA 9 14, ID 10041
011.923 Recv DATA 15 2, ID 20031
011.923 Deliver DATA 15, ID 20031
011.923 Slide RECV window, expect 0 next
011.923 Acked DATA 2, slide SEND window
011.923 Send DATA 10 15, ID 10042
012.193 Recv DATA 0 3, ID 20032
012.193 Deliver DATA 0, ID 20032
012.193 Slide RECV window, expect 1 next
012.193 Acked DATA 3, slide SEND window
012.193 Send DATA 11 0, ID 10043
012.463 Recv DATA 1 4, ID 20033
012.463 Deliver DATA 1, ID 20033
012.463 Slide RECV window, expect 2 next
012.463 Acked DATA 4, slide SEND window
012.463 Send DATA 12 1, ID 10044
012.495 Recv ACK  5
012.495 Acked DATA 5, slide SEND window
012.495 Send DATA 13 1, ID 10045
012.527 Recv ACK  6
012.527 Acked DATA 6, slide SEND window
012.527 Send DATA 14 1, ID 10046
012.732 Recv DATA 2 7, ID 20034
012.732 Deliver DATA 2, ID 20034
012.732 .... 35 packets received, 6269 bps, 78.36%, Err 1 (1.2e-05)
012.732 Slide RECV window, expect 3 next
012.732 Acked DATA 7, slide SEND window
012.732 Send DATA 15 2, ID 10047
013.002 Recv DATA 3 7, ID 20035
013.002 Deliver DATA 3, ID 20035
013.011 Slide RECV window, expect 4 next
013.129 ---- ACK timeout
013.129 Send ACK  3
013.271 Recv DATA 4 7, ID 20036
013.271 Deliver DATA 4, ID 20036
013.271 Slide RECV window, expect 5 next
013.399 ---- ACK timeout
013.399 Send ACK  4
013.541 Recv DATA 5 8, ID 20037
013.541 Deliver DATA 5, ID 20037
013.541 Slide RECV window, expect 6 next
013.541 Acked DATA 8, slide SEND window
013.541 Send DATA 0 5, ID 10048
013.795 Recv DATA 6 9, ID 20038
013.795 Deliver DATA 6, ID 20038
013.795 Slide RECV window, expect 7 next
013.795 Acked DATA 9, slide SEND window
013.795 Send DATA 1 6, ID 10049
014.066 Recv DATA 7 10, ID 20039
014.066 Deliver DATA 7, ID 20039
014.066 Slide RECV window, expect 8 next
014.066 Acked DATA 10, slide SEND window
014.066 Send DATA 2 7, ID 10050
014.336 Recv DATA 8 11, ID 20040
014.336 Deliver DATA 8, ID 20040
014.336 Slide RECV window, expect 9 next
014.336 Acked DATA 11, slide SEND window
014.336 Send DATA 3 8, ID 10051
014.606 Recv DATA 9 12, ID 20041
014.606 Deliver DATA 9, ID 20041
014.606 Slide RECV window, expect 10 next
014.606 Acked DATA 12, slide SEND window
014.606 Send DATA 4 9, ID 10052
014.637 Recv ACK  13
014.637 Acked DATA 13, slide SEND window
014.637 Send DATA 5 9, ID 10053
014.669 Recv ACK  14
014.669 Acked DATA 14, slide SEND window
014.669 Send DATA 6 9, ID 10054
014.876 Recv DATA 10 15, ID 20042
014.876 Deliver DATA 10, ID 20042
014.876 .... 43 packets received, 6486 bps, 81.07%, Err 1 (1.0e-05)
014.876 Slide RECV window, expect 11 next
014.876 Acked DATA 15, slide SEND window
014.876 Send DATA 7 10, ID 10055
015.130 Recv DATA 11 15, ID 20043
015.130 Deliver DATA 11, ID 20043
015.130 Slide RECV window, expect 12 next
015.258 ---- ACK timeout
015.258 Send ACK  11
015.402 Recv DATA 12 15, ID 20044
015.402 Deliver DATA 12, ID 20044
015.402 Slide RECV window, expect 13 next
015.529 ---- ACK timeout
015.529 Send ACK  12
015.655 Recv DATA 13 0, ID 20045
015.655 Deliver DATA 13, ID 20045
015.655 Slide RECV window, expect 14 next
015.655 Acked DATA 0, slide SEND window
015.656 Send DATA 8 13, ID 10056
015.910 Recv DATA 14 1, ID 20046
015.910 Deliver DATA 14, ID 20046
015.910 Slide RECV window, expect 15 next
015.910 Acked DATA 1, slide SEND window
015.910 Send DATA 9 14, ID 10057
016.180 Recv DATA 15 2, ID 20047
016.180 Deliver DATA 15, ID 20047
016.180 Slide RECV window, expect 0 next
016.180 Acked DATA 2, slide SEND window
016.181 Send DATA 10 15, ID 10058
016.449 Recv DATA 0 3, ID 20048
016.450 Deliver DATA 0, ID 20048
016.450 Slide RECV window, expect 1 next
016.450 Acked DATA 3, slide SEND window
016.450 Send DATA 11 0, ID 10059
016.719 Recv DATA 1 4, ID 20049
016.719 Deliver DATA 1, ID 20049
016.719 Slide RECV window, expect 2 next
016.719 Acked DATA 4, slide SEND window
016.719 Send DATA 12 1, ID 10060
016.751 Recv ACK  5
016.751 Acked DATA 5, slide SEND window
016.751 Send DATA 13 1, ID 10061
016.767 Recv ACK  6
016.767 Acked DATA 6, slide SEND window
016.767 Send DATA 14 1, ID 10062
016.990 Recv DATA 2 7, ID 20050
016.990 Deliver DATA 2, ID 20050
016.990 .... 51 packets received, 6656 bps, 83.20%, Err 1 (8.5e-06)
016.990 Slide RECV window, expect 3 next
016.990 Acked DATA 7, slide SEND window
016.990 Send DATA 15 2, ID 10063
017.259 Recv DATA 3 7, ID 20051
017.260 Deliver DATA 3, ID 20051
017.260 Slide RECV window, expect 4 next
017.386 ---- ACK timeout
017.386 Send ACK  3
017.530 Recv DATA 4 7, ID 20052
017.530 Deliver DATA 4, ID 20052
017.530 Slide RECV window, expect 5 next
017.657 ---- ACK timeout
017.657 Send ACK  4
017.799 Recv DATA 5 8, ID 20053
017.799 Deliver DATA 5, ID 20053
017.799 Slide RECV window, expect 6 next
017.799 Acked DATA 8, slide SEND window
017.800 Send DATA 0 5, ID 10064
018.054 Recv DATA 6 9, ID 20054
018.054 Deliver DATA 6, ID 20054
018.054 Slide RECV window, expect 7 next
018.054 Acked DATA 9, slide SEND window
018.054 Send DATA 1 6, ID 10065
018.307 Recv DATA 7 10, ID 20055
018.307 Deliver DATA 7, ID 20055
018.307 Slide RECV window, expect 8 next
018.307 Acked DATA 10, slide SEND window
018.308 Send DATA 2 7, ID 10066
018.577 Recv DATA 8 11, ID 20056
018.586 Deliver DATA 8, ID 20056
018.586 Slide RECV window, expect 9 next
018.586 Acked DATA 11, slide SEND window
018.586 Send DATA 3 8, ID 10067
018.846 Recv DATA 9 12, ID 20057
018.846 Deliver DATA 9, ID 20057
018.846 Slide RECV window, expect 10 next
018.846 Acked DATA 12, slide SEND window
018.846 Send DATA 4 9, ID 10068
018.878 Recv ACK  13
018.878 Acked DATA 13, slide SEND window
018.878 Send DATA 5 9, ID 10069
018.909 Recv ACK  14
018.909 Acked DATA 14, slide SEND window
018.910 Send DATA 6 9, ID 10070
019.115 Recv DATA 10 15, ID 20058
019.115 Deliver DATA 10, ID 20058
019.115 .... 59 packets received, 6782 bps, 84.77%, Err 1 (7.5e-06)
019.115 Slide RECV window, expect 11 next
019.115 Acked DATA 15, slide SEND window
019.115 Send DATA 7 10, ID 10071
019.386 Recv DATA 11 15, ID 20059
019.386 Deliver DATA 11, ID 20059
019.386 Slide RECV window, expect 12 next
019.513 ---- ACK timeout
019.513 Send ACK  11
019.640 Recv DATA 12 15, ID 20060
019.640 Deliver DATA 12, ID 20060
019.641 Slide RECV window, expect 13 next
019.768 ---- ACK timeout
019.768 Send ACK  12
019.911 Recv DATA 13 0, ID 20061
019.911 Deliver DATA 13, ID 20061
019.911 Slide RECV window, expect 14 next
019.911 Acked DATA 0, slide SEND window
019.911 Send DATA 8 13, ID 10072
020.181 Recv DATA 14 1, ID 20062
020.181 Deliver DATA 14, ID 20062
020.181 Slide RECV window, expect 15 next
020.181 Acked DATA 1, slide SEND window
020.182 Send DATA 9 14, ID 10073
020.450 Recv DATA 15 2, ID 20063
020.451 Deliver DATA 15, ID 20063
020.451 Slide RECV window, expect 0 next
020.451 Acked DATA 2, slide SEND window
020.451 Send DATA 10 15, ID 10074
020.705 Recv DATA 0 3, ID 20064
020.705 Deliver DATA 0, ID 20064
020.705 Slide RECV window, expect 1 next
020.705 Acked DATA 3, slide SEND window
020.705 Send DATA 11 0, ID 10075
020.975 Recv DATA 1 4, ID 20065
020.975 Deliver DATA 1, ID 20065
020.975 Slide RECV window, expect 2 next
020.975 Acked DATA 4, slide SEND window
020.975 Send DATA 12 1, ID 10076
021.006 Recv ACK  5
021.006 Acked DATA 5, slide SEND window
021.006 Send DATA 13 1, ID 10077
021.038 Recv ACK  6
021.038 Acked DATA 6, slide SEND window
021.038 Send DATA 14 1, ID 10078
021.245 Recv DATA 2 7, ID 20066
021.245 Deliver DATA 2, ID 20066
021.245 .... 67 packets received, 6879 bps, 85.99%, Err 1 (6.6e-06)
021.245 Slide RECV window, expect 3 next
021.245 Acked DATA 7, slide SEND window
021.245 Send DATA 15 2, ID 10079
021.498 Recv DATA 3 7, ID 20067
021.498 Deliver DATA 3, ID 20067
021.498 Slide RECV window, expect 4 next
021.626 ---- ACK timeout
021.626 Send ACK  3
021.769 Recv DATA 4 7, ID 20068
021.769 Deliver DATA 4, ID 20068
021.769 Slide RECV window, expect 5 next
021.896 ---- ACK timeout
021.896 Send ACK  4
022.039 Recv DATA 5 8, ID 20069
022.039 Deliver DATA 5, ID 20069
022.039 Slide RECV window, expect 6 next
022.039 Acked DATA 8, slide SEND window
022.039 Send DATA 0 5, ID 10080
022.071 Recv NAK  9
022.071 ---- Resend DATA 9 on NAK
022.071 Send DATA 9 5, ID 10073
022.309 Recv DATA 6 8, ID 20070
022.309 Deliver DATA 6, ID 20070
022.309 Slide RECV window, expect 7 next
022.436 ---- ACK timeout
022.436 Send ACK  6
022.578 Recv DATA 7 8, ID 20071
022.578 Deliver DATA 7, ID 20071
022.578 Slide RECV window, expect 8 next
022.705 ---- ACK timeout
022.705 Send ACK  7
022.848 Recv DATA 8 8, ID 20072
022.848 Deliver DATA 8, ID 20072
022.848 Slide RECV window, expect 9 next
022.974 ---- ACK timeout
022.974 Send ACK  8
023.085 Recv DATA 9 8, ID 20073
023.085 Deliver DATA 9, ID 20073
023.085 Slide RECV window, expect 10 next
023.212 ---- ACK timeout
023.212 Send ACK  9
023.387 Recv DATA 10 8, ID 20074
023.387 Deliver DATA 10, ID 20074
023.387 .... 75 packets received, 6954 bps, 86.92%, Err 1 (5.9e-06)
023.387 Slide RECV window, expect 11 next
023.515 ---- ACK timeout
023.515 Send ACK  10
023.611 ---- DATA 10 timeout
023.611 Send DATA 10 10, ID 10074
023.658 Recv DATA 11 8, ID 20075
023.658 Deliver DATA 11, ID 20075
023.658 Slide RECV window, expect 12 next
023.785 ---- ACK timeout
023.785 Send ACK  11
023.896 Recv DATA 12 8, ID 20076
023.896 Deliver DATA 12, ID 20076
023.898 Slide RECV window, expect 13 next
023.899 ---- DATA 11 timeout
023.899 Send DATA 11 12, ID 10075
024.151 Recv DATA 13 8, ID 20077
024.151 Deliver DATA 13, ID 20077
024.151 Slide RECV window, expect 14 next
024.151 ---- DATA 12 timeout
024.151 Send DATA 12 13, ID 10076
024.420 Recv DATA 14 0, ID 20078
024.420 Deliver DATA 14, ID 20078
024.420 Slide RECV window, expect 15 next
024.420 Acked DATA 9, slide SEND window
024.420 Acked DATA 10, slide SEND window
024.420 Acked DATA 11, slide SEND window
024.420 Acked DATA 12, slide SEND window
024.420 Acked DATA 13, slide SEND window
024.420 Acked DATA 14, slide SEND window
024.420 Acked DATA 15, slide SEND window
024.420 Acked DATA 0, slide SEND window
024.420 Send DATA 1 14, ID 10081
024.422 Send DATA 2 14, ID 10082
024.422 Send DATA 3 14, ID 10083
024.422 Send DATA 4 14, ID 10084
024.422 Send DATA 5 14, ID 10085
024.691 Recv DATA 15 0, ID 20079
024.691 Deliver DATA 15, ID 20079
024.691 Slide RECV window, expect 0 next
024.691 Send DATA 6 15, ID 10086
024.961 Recv DATA 0 0, ID 20080
024.961 Deliver DATA 0, ID 20080
024.961 Slide RECV window, expect 1 next
024.961 Send DATA 7 0, ID 10087
025.198 Recv DATA 1 0, ID 20081
025.198 Deliver DATA 1, ID 20081
025.198 Slide RECV window, expect 2 next
025.325 ---- ACK timeout
025.325 Send ACK  1
025.325 Send DATA 8 1, ID 10088
025.467 Recv DATA 2 0, ID 20082
025.467 Deliver DATA 2, ID 20082
025.467 .... 83 packets received, 7033 bps, 87.91%, Err 1 (5.4e-06)
025.467 Slide RECV window, expect 3 next
025.594 ---- ACK timeout
025.594 Send ACK  2
025.737 Recv DATA 3 0, ID 20083
025.738 Deliver DATA 3, ID 20083
025.738 Slide RECV window, expect 4 next
025.865 ---- ACK timeout
025.865 Send ACK  3
025.992 Recv DATA 4 0, ID 20084
025.992 Deliver DATA 4, ID 20084
025.992 Slide RECV window, expect 5 next
026.120 ---- ACK timeout
026.120 Send ACK  4
026.263 Recv DATA 5 0, ID 20085
026.263 Deliver DATA 5, ID 20085
026.263 Slide RECV window, expect 6 next
026.390 ---- ACK timeout
026.390 Send ACK  5
026.533 Recv DATA 6 1, ID 20086
026.533 Deliver DATA 6, ID 20086
026.533 Slide RECV window, expect 7 next
026.533 Acked DATA 1, slide SEND window
026.533 Send DATA 9 6, ID 10089
026.565 Recv ACK  2
026.565 Acked DATA 2, slide SEND window
026.565 Send DATA 10 6, ID 10090
026.597 Recv ACK  3
026.597 Acked DATA 3, slide SEND window
026.597 Send DATA 11 6, ID 10091
026.628 Recv ACK  4
026.628 Acked DATA 4, slide SEND window
026.629 Send DATA 12 6, ID 10092
026.644 Recv ACK  5
026.644 Acked DATA 5, slide SEND window
026.644 Send DATA 13 6, ID 10093
026.832 Recv DATA 7 6, ID 20087
026.832 Deliver DATA 7, ID 20087
026.832 Slide RECV window, expect 8 next
026.832 Acked DATA 6, slide SEND window
026.959 ---- ACK timeout
026.959 Send ACK  7
026.960 Send DATA 14 7, ID 10094
027.102 Recv DATA 8 7, ID 20088
027.102 Deliver DATA 8, ID 20088
027.102 Slide RECV window, expect 9 next
027.102 Acked DATA 7, slide SEND window
027.230 ---- ACK timeout
027.230 Send ACK  8
027.230 Send DATA 15 8, ID 10095
027.356 Recv DATA 9 7, ID 20089
027.356 Deliver DATA 9, ID 20089
027.356 Slide RECV window, expect 10 next
027.483 ---- ACK timeout
027.483 Send ACK  9
027.515 Impose noise on received data, 2/201488=9.9E-06
027.610 Recv DATA 10 8, ID 20090
027.610 Deliver DATA 10, ID 20090
027.610 .... 91 packets received, 7083 bps, 88.54%, Err 2 (9.9e-06)
027.610 Slide RECV window, expect 11 next
027.610 Acked DATA 8, slide SEND window
027.610 Send DATA 0 10, ID 10096
027.880 **** Receiver Error, Bad CRC Checksum
027.880 Request NAK for 11
027.880 Send NAK  11
028.149 Recv DATA 12 8, ID 20092
028.419 Recv DATA 13 8, ID 20093
028.672 Recv DATA 14 9, ID 20094
028.672 Acked DATA 9, slide SEND window
028.672 Send DATA 1 10, ID 10097
028.704 Recv ACK  10
028.704 Acked DATA 10, slide SEND window
028.704 Send DATA 2 10, ID 10098
028.719 Recv ACK  11
028.719 Acked DATA 11, slide SEND window
028.720 Send DATA 3 10, ID 10099
028.751 Recv ACK  12
028.751 Acked DATA 12, slide SEND window
028.752 Send DATA 4 10, ID 10100
028.973 Recv DATA 15 13, ID 20095
028.973 Acked DATA 13, slide SEND window
028.975 Send DATA 5 10, ID 10101
029.228 Recv DATA 0 14, ID 20096
029.228 Acked DATA 14, slide SEND window
029.228 Send DATA 6 10, ID 10102
029.481 Recv DATA 1 15, ID 20097
029.481 Acked DATA 15, slide SEND window
029.481 Send DATA 7 10, ID 10103
029.750 Recv DATA 2 0, ID 20098
029.750 Acked DATA 0, slide SEND window
029.750 Send DATA 8 10, ID 10104
030.021 Recv DATA 11 0, ID 20091
030.021 Deliver DATA 11, ID 20091
030.021 .... 92 packets received, 6560 bps, 82.00%, Err 2 (9.1e-06)
030.021 Deliver DATA 12, ID 20092
030.021 Deliver DATA 13, ID 20093
030.021 Deliver DATA 14, ID 20094
030.021 Deliver DATA 15, ID 20095
030.021 Deliver DATA 0, ID 20096
030.021 Deliver DATA 1, ID 20097
030.021 Deliver DATA 2, ID 20098
030.021 Slide RECV window, expect 3 next
030.148 ---- ACK timeout
030.148 Send ACK  2
030.195 Recv ACK  1
030.195 Acked DATA 1, slide SEND window
030.195 Send DATA 9 2, ID 10105
030.465 Recv ACK  2
030.465 Acked DATA 2, slide SEND window
030.465 Send DATA 10 2, ID 10106
030.719 Recv ACK  3
030.719 Acked DATA 3, slide SEND window
030.719 Send DATA 11 2, ID 10107
030.989 Recv ACK  4
030.989 Acked DATA 4, slide SEND window
030.989 Send DATA 12 2, ID 10108
031.242 Recv ACK  5
031.242 Acked DATA 5, slide SEND window
031.242 Send DATA 13 2, ID 10109
031.306 Recv ACK  6
031.306 Acked DATA 6, slide SEND window
031.306 Send DATA 14 2, ID 10110
031.338 Recv ACK  7
031.338 Acked DATA 7, slide SEND window
031.544 Recv DATA 12 7, ID 20092
031.544 Ignore out-of-window DATA 12
031.544 Send DATA 15 2, ID 10111
031.815 Recv DATA 3 8, ID 20099
031.815 Deliver DATA 3, ID 20099
031.815 Slide RECV window, expect 4 next
031.815 Acked DATA 8, slide SEND window
031.815 Send DATA 0 3, ID 10112
032.069 Recv DATA 4 8, ID 20100
032.069 Deliver DATA 4, ID 20100
032.069 .... 101 packets received, 6722 bps, 84.03%, Err 2 (8.8e-06)
032.069 Slide RECV window, expect 5 next
032.196 ---- ACK timeout
032.196 Send ACK  4
032.339 Recv DATA 5 8, ID 20101
032.339 Deliver DATA 5, ID 20101
032.339 Slide RECV window, expect 6 next
032.466 ---- ACK timeout
032.466 Send ACK  5
032.608 Recv DATA 6 8, ID 20102
032.608 Deliver DATA 6, ID 20102
032.608 Slide RECV window, expect 7 next
032.735 ---- ACK timeout
032.735 Send ACK  6
032.862 Recv DATA 7 9, ID 20103
032.862 Deliver DATA 7, ID 20103
032.862 Slide RECV window, expect 8 next
032.862 Acked DATA 9, slide SEND window
032.862 Send DATA 1 7, ID 10113
033.131 Recv DATA 8 10, ID 20104
033.131 Deliver DATA 8, ID 20104
033.131 Slide RECV window, expect 9 next
033.131 Acked DATA 10, slide SEND window
033.131 Send DATA 2 8, ID 10114
033.400 Recv DATA 9 11, ID 20105
033.400 Deliver DATA 9, ID 20105
033.400 Slide RECV window, expect 10 next
033.400 Acked DATA 11, slide SEND window
033.400 Send DATA 3 9, ID 10115
033.653 Recv DATA 10 12, ID 20106
033.653 Deliver DATA 10, ID 20106
033.653 Slide RECV window, expect 11 next
033.653 Acked DATA 12, slide SEND window
033.653 Send DATA 4 10, ID 10116
033.669 Recv ACK  13
033.669 Acked DATA 13, slide SEND window
033.669 Send DATA 5 10, ID 10117
033.701 Recv ACK  14
033.701 Acked DATA 14, slide SEND window
033.701 Send DATA 6 10, ID 10118
033.733 Recv ACK  15
033.733 Acked DATA 15, slide SEND window
033.733 Send DATA 7 10, ID 10119
033.937 Recv DATA 11 0, ID 20107
033.938 Deliver DATA 11, ID 20107
033.938 Slide RECV window, expect 12 next
033.938 Acked DATA 0, slide SEND window
033.938 Send DATA 8 11, ID 10120
034.208 Recv DATA 12 0, ID 20108
034.209 Deliver DATA 12, ID 20108
034.209 .... 109 packets received, 6783 bps, 84.79%, Err 2 (8.2e-06)
034.209 Slide RECV window, expect 13 next
034.336 ---- ACK timeout
034.336 Send ACK  12
034.494 Recv DATA 13 0, ID 20109
034.494 Deliver DATA 13, ID 20109
034.494 Slide RECV window, expect 14 next
034.621 ---- ACK timeout
034.621 Send ACK  13
034.732 Recv DATA 14 0, ID 20110
034.732 Deliver DATA 14, ID 20110
034.732 Slide RECV window, expect 15 next
034.860 ---- ACK timeout
034.860 Send ACK  14
035.019 Recv DATA 15 1, ID 20111
035.019 Deliver DATA 15, ID 20111
035.019 Slide RECV window, expect 0 next
035.019 Acked DATA 1, slide SEND window
035.028 Send DATA 9 15, ID 10121
035.258 Recv DATA 0 2, ID 20112
035.258 Deliver DATA 0, ID 20112
035.258 Slide RECV window, expect 1 next
035.258 Acked DATA 2, slide SEND window
035.258 Send DATA 10 0, ID 10122
035.528 Recv DATA 1 3, ID 20113
035.528 Deliver DATA 1, ID 20113
035.528 Slide RECV window, expect 2 next
035.528 Acked DATA 3, slide SEND window
035.528 Send DATA 11 1, ID 10123
035.798 Recv DATA 2 4, ID 20114
035.798 Deliver DATA 2, ID 20114
035.798 Slide RECV window, expect 3 next
035.798 Acked DATA 4, slide SEND window
035.798 Send DATA 12 2, ID 10124
035.830 Recv ACK  5
035.830 Acked DATA 5, slide SEND window
035.830 Send DATA 13 2, ID 10125
035.861 Recv ACK  6
035.861 Acked DATA 6, slide SEND window
035.861 Send DATA 14 2, ID 10126
035.893 Recv ACK  7
035.893 Acked DATA 7, slide SEND window
035.894 Send DATA 15 2, ID 10127
036.099 Recv DATA 3 8, ID 20115
036.099 Deliver DATA 3, ID 20115
036.099 Slide RECV window, expect 4 next
036.099 Acked DATA 8, slide SEND window
036.099 Send DATA 0 3, ID 10128
036.336 Recv DATA 4 8, ID 20116
036.337 Deliver DATA 4, ID 20116
036.337 .... 117 packets received, 6839 bps, 85.48%, Err 2 (7.6e-06)
036.337 Slide RECV window, expect 5 next
036.463 ---- ACK timeout
036.463 Send ACK  4
036.606 Recv DATA 5 8, ID 20117
036.606 Deliver DATA 5, ID 20117
036.606 Slide RECV window, expect 6 next
036.733 ---- ACK timeout
036.733 Send ACK  5
036.876 Recv DATA 6 8, ID 20118
036.876 Deliver DATA 6, ID 20118
036.876 Slide RECV window, expect 7 next
037.003 ---- ACK timeout
037.003 Send ACK  6
037.146 Recv DATA 7 9, ID 20119
037.146 Deliver DATA 7, ID 20119
037.146 Slide RECV window, expect 8 next
037.146 Acked DATA 9, slide SEND window
037.146 Send DATA 1 7, ID 10129
037.416 Recv DATA 8 10, ID 20120
037.416 Deliver DATA 8, ID 20120
037.416 Slide RECV window, expect 9 next
037.416 Acked DATA 10, slide SEND window
037.416 Send DATA 2 8, ID 10130
037.669 Recv DATA 9 11, ID 20121
037.670 Deliver DATA 9, ID 20121
037.670 Slide RECV window, expect 10 next
037.670 Acked DATA 11, slide SEND window
037.670 Send DATA 3 9, ID 10131
037.939 Recv DATA 10 12, ID 20122
037.939 Deliver DATA 10, ID 20122
037.939 Slide RECV window, expect 11 next
037.939 Acked DATA 12, slide SEND window
037.939 Send DATA 4 10, ID 10132
037.955 Recv ACK  13
037.955 Acked DATA 13, slide SEND window
037.955 Send DATA 5 10, ID 10133
038.003 Recv ACK  14
038.003 Acked DATA 14, slide SEND window
038.003 Send DATA 6 10, ID 10134
038.035 Recv ACK  15
038.035 Acked DATA 15, slide SEND window
038.035 Send DATA 7 10, ID 10135
038.209 Recv DATA 11 0, ID 20123
038.209 Deliver DATA 11, ID 20123
038.209 Slide RECV window, expect 12 next
038.209 Acked DATA 0, slide SEND window
038.209 Send DATA 8 11, ID 10136
038.479 Recv DATA 12 0, ID 20124
038.479 Deliver DATA 12, ID 20124
038.479 .... 125 packets received, 6885 bps, 86.07%, Err 2 (7.2e-06)
038.479 Slide RECV window, expect 13 next
038.606 ---- ACK timeout
038.606 Send ACK  12
038.749 Recv DATA 13 0, ID 20125
038.749 Deliver DATA 13, ID 20125
038.749 Slide RECV window, expect 14 next
038.876 ---- ACK timeout
038.876 Send ACK  13
039.002 Recv DATA 14 0, ID 20126
039.002 Deliver DATA 14, ID 20126
039.002 Slide RECV window, expect 15 next
039.129 ---- ACK timeout
039.130 Send ACK  14
039.287 Recv DATA 15 1, ID 20127
039.287 Deliver DATA 15, ID 20127
039.287 Slide RECV window, expect 0 next
039.287 Acked DATA 1, slide SEND window
039.288 Send DATA 9 15, ID 10137
039.542 Recv DATA 0 2, ID 20128
039.542 Deliver DATA 0, ID 20128
039.542 Slide RECV window, expect 1 next
039.542 Acked DATA 2, slide SEND window
039.542 Send DATA 10 0, ID 10138
039.812 Recv DATA 1 3, ID 20129
039.812 Deliver DATA 1, ID 20129
039.812 Slide RECV window, expect 2 next
039.812 Acked DATA 3, slide SEND window
039.813 Send DATA 11 1, ID 10139
040.066 Recv DATA 2 4, ID 20130
040.066 Deliver DATA 2, ID 20130
040.066 Slide RECV window, expect 3 next
040.066 Acked DATA 4, slide SEND window
040.066 Send DATA 12 2, ID 10140
040.082 Recv ACK  5
040.082 Acked DATA 5, slide SEND window
040.082 Send DATA 13 2, ID 10141
040.114 Recv ACK  6
040.114 Acked DATA 6, slide SEND window
040.114 Send DATA 14 2, ID 10142
040.146 Recv NAK  7
040.146 ---- Resend DATA 7 on NAK
040.146 Send DATA 7 2, ID 10135
040.336 Recv DATA 3 6, ID 20131
040.336 Deliver DATA 3, ID 20131
040.336 Slide RECV window, expect 4 next
040.462 ---- ACK timeout
040.462 Send ACK  3
040.621 Recv DATA 4 6, ID 20132
040.621 Deliver DATA 4, ID 20132
040.621 .... 133 packets received, 6927 bps, 86.59%, Err 2 (6.7e-06)
040.621 Slide RECV window, expect 5 next
040.748 ---- ACK timeout
040.748 Send ACK  4
040.875 Recv DATA 5 6, ID 20133
040.875 Deliver DATA 5, ID 20133
040.875 Slide RECV window, expect 6 next
041.003 ---- ACK timeout
041.003 Send ACK  5
041.130 Recv DATA 6 6, ID 20134
041.130 Deliver DATA 6, ID 20134
041.130 Slide RECV window, expect 7 next
041.258 ---- ACK timeout
041.258 Send ACK  6
041.400 Recv DATA 7 6, ID 20135
041.400 Deliver DATA 7, ID 20135
041.400 Slide RECV window, expect 8 next
041.528 ---- ACK timeout
041.528 Send ACK  7
041.670 Recv DATA 8 6, ID 20136
041.670 Deliver DATA 8, ID 20136
041.670 Slide RECV window, expect 9 next
041.797 ---- ACK timeout
041.797 Send ACK  8
041.940 Recv DATA 9 6, ID 20137
041.940 Deliver DATA 9, ID 20137
041.940 Slide RECV window, expect 10 next
042.067 ---- ACK timeout
042.067 Send ACK  9
042.148 ---- DATA 9 timeout
042.148 Send DATA 9 9, ID 10137
042.227 Recv DATA 10 6, ID 20138
042.227 Deliver DATA 10, ID 20138
042.227 Slide RECV window, expect 11 next
042.354 ---- ACK timeout
042.354 Send ACK  10
042.417 ---- DATA 10 timeout
042.417 Send DATA 10 10, ID 10138
042.449 Recv DATA 11 14, ID 20139
042.449 Deliver DATA 11, ID 20139
042.449 Slide RECV window, expect 12 next
042.449 Acked DATA 7, slide SEND window
042.449 Acked DATA 8, slide SEND window
042.449 Acked DATA 9, slide SEND window
042.449 Acked DATA 10, slide SEND window
042.449 Acked DATA 11, slide SEND window
042.449 Acked DATA 12, slide SEND window
042.449 Acked DATA 13, slide SEND window
042.449 Acked DATA 14, slide SEND window
042.449 Send DATA 15 11, ID 10143
042.449 Send DATA 0 11, ID 10144
042.449 Send DATA 1 11, ID 10145
042.449 Send DATA 2 11, ID 10146
042.719 Recv DATA 12 14, ID 20140
042.720 Deliver DATA 12, ID 20140
042.720 .... 141 packets received, 6972 bps, 87.14%, Err 2 (6.4e-06)
042.720 Slide RECV window, expect 13 next
042.720 Send DATA 3 12, ID 10147
042.989 Recv DATA 13 14, ID 20141
042.989 Deliver DATA 13, ID 20141
042.990 Slide RECV window, expect 14 next
042.990 Send DATA 4 13, ID 10148
043.243 Recv DATA 14 14, ID 20142
043.243 Deliver DATA 14, ID 20142
043.243 Slide RECV window, expect 15 next
043.243 Send DATA 5 14, ID 10149
043.513 Recv DATA 15 14, ID 20143
043.513 Deliver DATA 15, ID 20143
043.513 Slide RECV window, expect 0 next
043.513 Send DATA 6 15, ID 10150
043.577 Impose noise on received data, 3/320288=9.4E-06
043.766 Recv DATA 0 14, ID 20144
043.766 Deliver DATA 0, ID 20144
043.766 Slide RECV window, expect 1 next
043.894 ---- ACK timeout
043.894 Send ACK  0
044.053 **** Receiver Error, Bad CRC Checksum
044.053 Request NAK for 1
044.053 Send NAK  1
044.084 Recv ACK  14
044.307 Recv DATA 2 14, ID 20146
044.339 Recv ACK  14
044.577 Recv DATA 3 15, ID 20147
044.577 Acked DATA 15, slide SEND window
044.577 Send DATA 7 0, ID 10151
044.609 Recv ACK  0
044.609 Acked DATA 0, slide SEND window
044.609 Send DATA 8 0, ID 10152
044.640 Recv ACK  1
044.640 Acked DATA 1, slide SEND window
044.641 Send DATA 9 0, ID 10153
044.672 Recv ACK  2
044.672 Acked DATA 2, slide SEND window
044.672 Send DATA 10 0, ID 10154
044.878 Recv DATA 4 3, ID 20148
044.878 Acked DATA 3, slide SEND window
044.878 Send DATA 11 0, ID 10155
045.133 Recv DATA 5 4, ID 20149
045.133 Acked DATA 4, slide SEND window
045.133 Send DATA 12 0, ID 10156
045.402 Recv DATA 6 5, ID 20150
045.402 Acked DATA 5, slide SEND window
045.402 Send DATA 13 0, ID 10157
045.672 Recv DATA 7 6, ID 20151
045.672 Acked DATA 6, slide SEND window
045.672 Send DATA 14 0, ID 10158
045.942 Recv DATA 8 6, ID 20152
046.195 Recv DATA 1 6, ID 20145
046.195 Deliver DATA 1, ID 20145
046.195 .... 146 packets received, 6660 bps, 83.25%, Err 3 (8.8e-06)
046.197 Deliver DATA 2, ID 20146
046.197 Deliver DATA 3, ID 20147
046.197 Deliver DATA 4, ID 20148
046.197 Deliver DATA 5, ID 20149
046.197 Deliver DATA 6, ID 20150
046.197 Deliver DATA 7, ID 20151
046.197 Deliver DATA 8, ID 20152
046.197 Slide RECV window, expect 9 next
046.290 Recv ACK  7
046.290 Acked DATA 7, slide SEND window
046.290 Send DATA 15 8, ID 10159
046.544 Recv ACK  8
046.544 Acked DATA 8, slide SEND window
046.544 Send DATA 0 8, ID 10160
046.813 Recv ACK  9
046.814 Acked DATA 9, slide SEND window
046.814 Send DATA 1 8, ID 10161
047.084 Recv ACK  10
047.084 Acked DATA 10, slide SEND window
047.085 Send DATA 2 8, ID 10162
047.354 Recv ACK  11
047.354 Acked DATA 11, slide SEND window
047.354 Send DATA 3 8, ID 10163
047.402 Recv ACK  12
047.402 Acked DATA 12, slide SEND window
047.402 Send DATA 4 8, ID 10164
047.434 Recv ACK  13
047.434 Acked DATA 13, slide SEND window
047.640 Recv DATA 4 13, ID 20148
047.640 Ignore out-of-window DATA 4
047.640 Send DATA 5 8, ID 10165
047.672 Recv ACK  14
047.672 Acked DATA 14, slide SEND window
047.910 Recv DATA 5 14, ID 20149
047.911 Ignore out-of-window DATA 5
047.911 Send DATA 6 8, ID 10166
048.181 Recv DATA 9 15, ID 20153
048.181 Deliver DATA 9, ID 20153
048.181 Slide RECV window, expect 10 next
048.181 Acked DATA 15, slide SEND window
048.181 Send DATA 7 9, ID 10167
048.435 Recv DATA 10 15, ID 20154
048.435 Deliver DATA 10, ID 20154
048.435 .... 155 packets received, 6734 bps, 84.18%, Err 3 (8.6e-06)
048.435 Slide RECV window, expect 11 next
048.562 ---- ACK timeout
048.563 Send ACK  10
048.705 Recv DATA 11 15, ID 20155
048.705 Deliver DATA 11, ID 20155
048.705 Slide RECV window, expect 12 next
048.832 ---- ACK timeout
048.832 Send ACK  11
048.975 Recv DATA 12 15, ID 20156
048.975 Deliver DATA 12, ID 20156
048.975 Slide RECV window, expect 13 next
049.102 ---- ACK timeout
049.102 Send ACK  12
049.246 Recv DATA 13 0, ID 20157
049.246 Deliver DATA 13, ID 20157
049.246 Slide RECV window, expect 14 next
049.246 Acked DATA 0, slide SEND window
049.246 Send DATA 8 13, ID 10168
049.517 Recv DATA 14 1, ID 20158
049.517 Deliver DATA 14, ID 20158
049.517 Slide RECV window, expect 15 next
049.517 Acked DATA 1, slide SEND window
049.517 Send DATA 9 14, ID 10169
049.549 Recv NAK  2
049.549 ---- Resend DATA 2 on NAK
049.549 Send DATA 2 14, ID 10162
049.787 Recv DATA 15 1, ID 20159
049.787 Deliver DATA 15, ID 20159
049.787 Slide RECV window, expect 0 next
049.914 ---- ACK timeout
049.914 Send ACK  15
050.041 Recv DATA 0 1, ID 20160
050.041 Deliver DATA 0, ID 20160
050.041 Slide RECV window, expect 1 next
050.168 ---- ACK timeout
050.168 Send ACK  0
050.310 Recv DATA 1 1, ID 20161
050.310 Deliver DATA 1, ID 20161
050.310 Slide RECV window, expect 2 next
050.438 ---- ACK timeout
050.438 Send ACK  1
050.565 Recv DATA 2 1, ID 20162
050.565 Deliver DATA 2, ID 20162
050.565 .... 163 packets received, 6776 bps, 84.70%, Err 3 (8.2e-06)
050.565 Slide RECV window, expect 3 next
050.613 Impose noise on received data, 4/367312=1.1E-05
050.692 ---- ACK timeout
050.692 Send ACK  2
050.819 Recv DATA 3 1, ID 20163
050.819 Deliver DATA 3, ID 20163
050.819 Slide RECV window, expect 4 next
050.946 ---- ACK timeout
050.946 Send ACK  3
051.105 Recv DATA 4 1, ID 20164
051.105 Deliver DATA 4, ID 20164
051.105 Slide RECV window, expect 5 next
051.232 ---- ACK timeout
051.232 Send ACK  4
051.295 ---- DATA 3 timeout
051.295 Send DATA 3 4, ID 10163
051.375 Recv DATA 5 1, ID 20165
051.375 Deliver DATA 5, ID 20165
051.375 Slide RECV window, expect 6 next
051.502 ---- ACK timeout
051.502 Send ACK  5
051.629 Recv DATA 6 1, ID 20166
051.629 Deliver DATA 6, ID 20166
051.629 Slide RECV window, expect 7 next
051.755 ---- ACK timeout
051.756 Send ACK  6
051.787 ---- DATA 4 timeout
051.787 Send DATA 4 6, ID 10164
051.898 Recv DATA 7 1, ID 20167
051.898 Deliver DATA 7, ID 20167
051.898 Slide RECV window, expect 8 next
052.025 ---- ACK timeout
052.025 Send ACK  7
052.073 ---- DATA 5 timeout
052.073 Send DATA 5 7, ID 10165
052.104 ---- DATA 8 timeout
052.104 Send DATA 8 7, ID 10168
052.152 Recv DATA 8 1, ID 20168
052.152 Deliver DATA 8, ID 20168
052.152 Slide RECV window, expect 9 next
052.279 ---- ACK timeout
052.279 Send ACK  8
052.327 ---- DATA 6 timeout
052.327 Send DATA 6 8, ID 10166
052.343 ---- DATA 9 timeout
052.343 Send DATA 9 8, ID 10169
052.406 Recv DATA 9 1, ID 20169
052.406 Deliver DATA 9, ID 20169
052.406 Slide RECV window, expect 10 next
052.533 ---- ACK timeout
052.534 Send ACK  9
052.581 ---- DATA 7 timeout
052.581 Send DATA 7 9, ID 10167
052.676 Recv DATA 10 1, ID 20170
052.676 Deliver DATA 10, ID 20170
052.676 .... 171 packets received, 6816 bps, 85.20%, Err 4 (1.0e-05)
052.676 Slide RECV window, expect 11 next
052.803 ---- ACK timeout
052.803 Send ACK  10
052.882 ---- DATA 2 timeout
052.882 Send DATA 2 10, ID 10162
052.945 Recv DATA 11 1, ID 20171
052.945 Deliver DATA 11, ID 20171
052.945 Slide RECV window, expect 12 next
053.073 ---- ACK timeout
053.073 Send ACK  11
053.200 Recv DATA 12 1, ID 20172
053.200 Deliver DATA 12, ID 20172
053.200 Slide RECV window, expect 13 next
053.328 ---- ACK timeout
053.328 Send ACK  12
053.470 Recv DATA 13 1, ID 20173
053.470 Deliver DATA 13, ID 20173
053.470 Slide RECV window, expect 14 next
053.597 ---- ACK timeout
053.597 Send ACK  13
053.740 Recv DATA 14 1, ID 20174
053.740 Deliver DATA 14, ID 20174
053.740 Slide RECV window, expect 15 next
053.866 ---- ACK timeout
053.866 Send ACK  14
053.993 ---- DATA 3 timeout
053.993 Send DATA 3 14, ID 10163
054.025 Recv DATA 15 1, ID 20175
054.025 Deliver DATA 15, ID 20175
054.025 Slide RECV window, expect 0 next
054.153 ---- ACK timeout
054.153 Send ACK  15
054.280 Recv DATA 0 1, ID 20176
054.280 Deliver DATA 0, ID 20176
054.280 Slide RECV window, expect 1 next
054.408 ---- ACK timeout
054.408 Send ACK  0
054.456 ---- DATA 4 timeout
054.456 Send DATA 4 0, ID 10164
054.519 Recv DATA 1 1, ID 20177
054.519 Deliver DATA 1, ID 20177
054.519 Slide RECV window, expect 2 next
054.647 ---- ACK timeout
054.647 Send ACK  1
054.774 ---- DATA 5 timeout
054.774 Send DATA 5 1, ID 10165
054.805 Recv DATA 2 1, ID 20178
054.805 Deliver DATA 2, ID 20178
054.805 .... 179 packets received, 6851 bps, 85.64%, Err 4 (1.0e-05)
054.805 Slide RECV window, expect 3 next
054.933 ---- ACK timeout
054.933 Send ACK  2
055.076 Recv DATA 3 9, ID 20179
055.076 Deliver DATA 3, ID 20179
055.076 Slide RECV window, expect 4 next
055.076 Acked DATA 2, slide SEND window
055.076 Acked DATA 3, slide SEND window
055.076 Acked DATA 4, slide SEND window
055.076 Acked DATA 5, slide SEND window
055.076 Acked DATA 6, slide SEND window
055.076 Acked DATA 7, slide SEND window
055.076 Acked DATA 8, slide SEND window
055.076 Acked DATA 9, slide SEND window
055.076 Send DATA 10 3, ID 10170
055.077 Send DATA 11 3, ID 10171
055.077 Send DATA 12 3, ID 10172
055.077 Send DATA 13 3, ID 10173
055.077 Send DATA 14 3, ID 10174
055.330 Recv DATA 4 9, ID 20180
055.330 Deliver DATA 4, ID 20180
055.330 Slide RECV window, expect 5 next
055.458 ---- ACK timeout
055.458 Send ACK  4
055.458 Send DATA 15 4, ID 10175
055.585 Recv DATA 5 9, ID 20181
055.585 Deliver DATA 5, ID 20181
055.585 Slide RECV window, expect 6 next
055.712 ---- ACK timeout
055.712 Send ACK  5
055.712 Send DATA 0 5, ID 10176
055.838 Recv DATA 6 9, ID 20182
055.838 Deliver DATA 6, ID 20182
055.838 Slide RECV window, expect 7 next
055.854 Recv ACK  9
055.965 ---- ACK timeout
055.965 Send ACK  6
055.965 Send DATA 1 6, ID 10177
056.108 Recv DATA 7 9, ID 20183
056.108 Deliver DATA 7, ID 20183
056.108 Slide RECV window, expect 8 next
056.235 ---- ACK timeout
056.235 Send ACK  7
056.393 Recv DATA 8 9, ID 20184
056.393 Deliver DATA 8, ID 20184
056.393 Slide RECV window, expect 9 next
056.521 ---- ACK timeout
056.521 Send ACK  8
056.632 Recv DATA 9 9, ID 20185
056.632 Deliver DATA 9, ID 20185
056.632 Slide RECV window, expect 10 next
056.759 ---- ACK timeout
056.759 Send ACK  9
056.902 Recv DATA 10 9, ID 20186
056.902 Deliver DATA 10, ID 20186
056.902 .... 187 packets received, 6888 bps, 86.09%, Err 4 (9.6e-06)
056.902 Slide RECV window, expect 11 next
057.030 ---- ACK timeout
057.030 Send ACK  10
057.171 Recv DATA 11 10, ID 20187
057.171 Deliver DATA 11, ID 20187
057.171 Slide RECV window, expect 12 next
057.171 Acked DATA 10, slide SEND window
057.171 Send DATA 2 11, ID 10178
057.203 Recv ACK  11
057.203 Acked DATA 11, slide SEND window
057.203 Send DATA 3 11, ID 10179
057.234 Recv ACK  12
057.234 Acked DATA 12, slide SEND window
057.234 Send DATA 4 11, ID 10180
057.266 Recv ACK  13
057.266 Acked DATA 13, slide SEND window
057.266 Send DATA 5 11, ID 10181
057.473 Recv DATA 12 14, ID 20188
057.473 Deliver DATA 12, ID 20188
057.473 Slide RECV window, expect 13 next
057.473 Acked DATA 14, slide SEND window
057.474 Send DATA 6 12, ID 10182
057.712 Recv DATA 13 15, ID 20189
057.712 Deliver DATA 13, ID 20189
057.712 Slide RECV window, expect 14 next
057.712 Acked DATA 15, slide SEND window
057.712 Send DATA 7 13, ID 10183
057.981 Recv DATA 14 0, ID 20190
057.981 Deliver DATA 14, ID 20190
057.981 Slide RECV window, expect 15 next
057.981 Acked DATA 0, slide SEND window
057.982 Send DATA 8 14, ID 10184
058.252 Recv DATA 15 1, ID 20191
058.252 Deliver DATA 15, ID 20191
058.252 Slide RECV window, expect 0 next
058.252 Acked DATA 1, slide SEND window
058.252 Send DATA 9 15, ID 10185
058.506 Recv DATA 0 1, ID 20192
058.506 Deliver DATA 0, ID 20192
058.506 Slide RECV window, expect 1 next
058.634 ---- ACK timeout
058.634 Send ACK  0
058.777 Recv DATA 1 1, ID 20193
058.777 Deliver DATA 1, ID 20193
058.777 Slide RECV window, expect 2 next
058.904 ---- ACK timeout
058.904 Send ACK  1
059.047 Recv DATA 2 1, ID 20194
059.047 Deliver DATA 2, ID 20194
059.047 .... 195 packets received, 6915 bps, 86.44%, Err 4 (9.2e-06)
059.047 Slide RECV window, expect 3 next
059.174 ---- ACK timeout
059.174 Send ACK  2
059.316 Recv DATA 3 2, ID 20195
059.316 Deliver DATA 3, ID 20195
059.316 Slide RECV window, expect 4 next
059.316 Acked DATA 2, slide SEND window
059.316 Send DATA 10 3, ID 10186
059.348 Recv ACK  3
059.348 Acked DATA 3, slide SEND window
059.348 Send DATA 11 3, ID 10187
059.380 Recv ACK  4
059.380 Acked DATA 4, slide SEND window
059.380 Send DATA 12 3, ID 10188
059.411 Recv ACK  5
059.411 Acked DATA 5, slide SEND window
059.411 Send DATA 13 3, ID 10189
059.585 Recv DATA 4 6, ID 20196
059.585 Deliver DATA 4, ID 20196
059.585 Slide RECV window, expect 5 next
059.585 Acked DATA 6, slide SEND window
059.585 Send DATA 14 4, ID 10190
059.855 Recv DATA 5 7, ID 20197
059.855 Deliver DATA 5, ID 20197
059.855 Slide RECV window, expect 6 next
059.855 Acked DATA 7, slide SEND window
059.856 Send DATA 15 5, ID 10191
059.903 Impose noise on received data, 5/441632=1.1E-05
060.109 Recv DATA 6 8, ID 20198
060.109 Deliver DATA 6, ID 20198
060.109 Slide RECV window, expect 7 next
060.109 Acked DATA 8, slide SEND window
060.109 Send DATA 0 6, ID 10192
060.379 **** Receiver Error, Bad CRC Checksum
060.379 Request NAK for 7
060.379 Send NAK  7
060.648 Recv DATA 8 9, ID 20200
060.648 Acked DATA 9, slide SEND window
060.648 Send DATA 1 6, ID 10193
060.902 Recv DATA 9 9, ID 20201
061.173 Recv DATA 10 9, ID 20202
061.427 Recv DATA 11 10, ID 20203
061.427 Acked DATA 10, slide SEND window
061.427 Send DATA 2 6, ID 10194
061.443 Recv ACK  11
061.443 Acked DATA 11, slide SEND window
061.443 Send DATA 3 6, ID 10195
061.475 Recv ACK  12
061.475 Acked DATA 12, slide SEND window
061.475 Send DATA 4 6, ID 10196
061.506 Recv ACK  13
061.506 Acked DATA 13, slide SEND window
061.506 Send DATA 5 6, ID 10197
061.712 Recv DATA 12 14, ID 20204
061.712 Acked DATA 14, slide SEND window
061.713 Send DATA 6 6, ID 10198
061.983 Recv DATA 13 15, ID 20205
061.983 Acked DATA 15, slide SEND window
061.983 Send DATA 7 6, ID 10199
062.253 Recv DATA 14 0, ID 20206
062.253 Acked DATA 0, slide SEND window
062.254 Send DATA 8 6, ID 10200
062.507 Recv DATA 7 0, ID 20199
062.507 Deliver DATA 7, ID 20199
062.507 .... 200 packets received, 6692 bps, 83.65%, Err 5 (1.1e-05)
062.507 Deliver DATA 8, ID 20200
062.507 Deliver DATA 9, ID 20201
062.507 Deliver DATA 10, ID 20202
062.507 Deliver DATA 11, ID 20203
062.507 Deliver DATA 12, ID 20204
062.507 Deliver DATA 13, ID 20205
062.507 Deliver DATA 14, ID 20206
062.509 Slide RECV window, expect 15 next
062.538 Recv ACK  1
062.538 Acked DATA 1, slide SEND window
062.538 Send DATA 9 14, ID 10201
062.712 Recv ACK  2
062.712 Acked DATA 2, slide SEND window
062.712 Send DATA 10 14, ID 10202
062.966 Recv ACK  3
062.966 Acked DATA 3, slide SEND window
062.966 Send DATA 11 14, ID 10203
063.236 Recv ACK  4
063.236 Acked DATA 4, slide SEND window
063.236 Send DATA 12 14, ID 10204
063.521 Recv ACK  5
063.521 Acked DATA 5, slide SEND window
063.521 Send DATA 13 14, ID 10205
063.552 Recv ACK  6
063.552 Acked DATA 6, slide SEND window
063.790 Recv DATA 8 6, ID 20200
063.790 Ignore out-of-window DATA 8
063.790 Send DATA 14 14, ID 10206
063.821 Recv ACK  7
063.821 Acked DATA 7, slide SEND window
064.011 Recv ACK  8
064.011 Acked DATA 8, slide SEND window
064.011 Send DATA 15 14, ID 10207
064.265 Recv DATA 9 8, ID 20201
064.265 Ignore out-of-window DATA 9
064.265 Send DATA 0 14, ID 10208
064.535 Recv DATA 15 9, ID 20207
064.535 Deliver DATA 15, ID 20207
064.535 .... 208 packets received, 6736 bps, 84.20%, Err 5 (1.1e-05)
064.535 Slide RECV window, expect 0 next
064.535 Acked DATA 9, slide SEND window
064.535 Send DATA 1 15, ID 10209
064.805 Recv DATA 0 9, ID 20208
064.805 Deliver DATA 0, ID 20208
064.805 Slide RECV window, expect 1 next
064.933 ---- ACK timeout
064.933 Send ACK  0
065.076 Recv DATA 1 9, ID 20209
065.076 Deliver DATA 1, ID 20209
065.076 Slide RECV window, expect 2 next
065.203 ---- ACK timeout
065.203 Send ACK  1
065.329 Recv DATA 2 9, ID 20210
065.329 Deliver DATA 2, ID 20210
065.329 Slide RECV window, expect 3 next
065.457 ---- ACK timeout
065.457 Send ACK  2
065.600 Recv DATA 3 10, ID 20211
065.600 Deliver DATA 3, ID 20211
065.600 Slide RECV window, expect 4 next
065.600 Acked DATA 10, slide SEND window
065.600 Send DATA 2 3, ID 10210
065.854 Recv DATA 4 11, ID 20212
065.854 Deliver DATA 4, ID 20212
065.854 Slide RECV window, expect 5 next
065.854 Acked DATA 11, slide SEND window
065.854 Send DATA 3 4, ID 10211
066.122 Recv DATA 5 12, ID 20213
066.122 Deliver DATA 5, ID 20213
066.122 Slide RECV window, expect 6 next
066.122 Acked DATA 12, slide SEND window
066.122 Send DATA 4 5, ID 10212
066.376 Recv DATA 6 13, ID 20214
066.376 Deliver DATA 6, ID 20214
066.376 Slide RECV window, expect 7 next
066.376 Acked DATA 13, slide SEND window
066.376 Send DATA 5 6, ID 10213
066.392 Recv ACK  14
066.392 Acked DATA 14, slide SEND window
066.392 Send DATA 6 6, ID 10214
066.424 Recv ACK  15
066.424 Acked DATA 15, slide SEND window
066.424 Send DATA 7 6, ID 10215
066.439 Recv ACK  0
066.439 Acked DATA 0, slide SEND window
066.440 Send DATA 8 6, ID 10216
066.662 Recv DATA 7 1, ID 20215
066.662 Deliver DATA 7, ID 20215
066.662 .... 216 packets received, 6768 bps, 84.60%, Err 5 (1.0e-05)
066.662 Slide RECV window, expect 8 next
066.662 Acked DATA 1, slide SEND window
066.662 Send DATA 9 7, ID 10217
066.931 Recv DATA 8 1, ID 20216
066.931 Deliver DATA 8, ID 20216
066.931 Slide RECV window, expect 9 next
067.059 ---- ACK timeout
067.059 Send ACK  8
067.202 Recv DATA 9 1, ID 20217
067.203 Deliver DATA 9, ID 20217
067.203 Slide RECV window, expect 10 next
067.330 ---- ACK timeout
067.330 Send ACK  9
067.472 Recv DATA 10 1, ID 20218
067.472 Deliver DATA 10, ID 20218
067.472 Slide RECV window, expect 11 next
067.600 ---- ACK timeout
067.600 Send ACK  10
067.726 Recv DATA 11 2, ID 20219
067.726 Deliver DATA 11, ID 20219
067.726 Slide RECV window, expect 12 next
067.726 Acked DATA 2, slide SEND window
067.727 Send DATA 10 11, ID 10218
067.980 Recv DATA 12 3, ID 20220
067.980 Deliver DATA 12, ID 20220
067.980 Slide RECV window, expect 13 next
067.980 Acked DATA 3, slide SEND window
067.980 Send DATA 11 12, ID 10219
068.250 Recv DATA 13 4, ID 20221
068.250 Deliver DATA 13, ID 20221
068.250 Slide RECV window, expect 14 next
068.250 Acked DATA 4, slide SEND window
068.251 Send DATA 12 13, ID 10220
068.521 Recv DATA 14 5, ID 20222
068.521 Deliver DATA 14, ID 20222
068.521 Slide RECV window, expect 15 next
068.521 Acked DATA 5, slide SEND window
068.522 Send DATA 13 14, ID 10221
068.553 Recv ACK  6
068.562 Acked DATA 6, slide SEND window
068.562 Send DATA 14 14, ID 10222
068.584 Recv ACK  7
068.584 Acked DATA 7, slide SEND window
068.584 Send DATA 15 14, ID 10223
068.616 Recv ACK  8
068.616 Acked DATA 8, slide SEND window
068.616 Send DATA 0 14, ID 10224
068.648 Recv NAK  9
068.648 ---- Resend DATA 9 on NAK
068.648 Send DATA 9 14, ID 10217
068.807 Recv DATA 15 8, ID 20223
068.807 Deliver DATA 15, ID 20223
068.807 .... 224 packets received, 6795 bps, 84.94%, Err 5 (9.9e-06)
068.807 Slide RECV window, expect 0 next
068.934 ---- ACK timeout
068.934 Send ACK  15
069.093 Recv DATA 0 8, ID 20224
069.093 Deliver DATA 0, ID 20224
069.093 Slide RECV window, expect 1 next
069.219 ---- ACK timeout
069.219 Send ACK  0
069.347 Recv DATA 1 8, ID 20225
069.347 Deliver DATA 1, ID 20225
069.347 Slide RECV window, expect 2 next
069.474 ---- ACK timeout
069.474 Send ACK  1
069.600 Recv DATA 2 8, ID 20226
069.600 Deliver DATA 2, ID 20226
069.600 Slide RECV window, expect 3 next
069.727 ---- ACK timeout
069.727 Send ACK  2
069.853 Recv DATA 3 8, ID 20227
069.853 Deliver DATA 3, ID 20227
069.853 Slide RECV window, expect 4 next
069.979 ---- ACK timeout
069.979 Send ACK  3
070.138 Recv DATA 4 8, ID 20228
070.138 Deliver DATA 4, ID 20228
070.138 Slide RECV window, expect 5 next
070.264 ---- ACK timeout
070.264 Send ACK  4
070.407 Recv DATA 5 8, ID 20229
070.407 Deliver DATA 5, ID 20229
070.407 Slide RECV window, expect 6 next
070.535 ---- ACK timeout
070.535 Send ACK  5
070.678 Recv DATA 6 8, ID 20230
070.678 Deliver DATA 6, ID 20230
070.678 Slide RECV window, expect 7 next
070.710 ---- DATA 10 timeout
070.710 Send DATA 10 6, ID 10218
070.916 Recv DATA 7 0, ID 20231
070.916 Deliver DATA 7, ID 20231
070.916 .... 232 packets received, 6825 bps, 85.31%, Err 5 (9.6e-06)
070.916 Slide RECV window, expect 8 next
070.916 Acked DATA 9, slide SEND window
070.916 Acked DATA 10, slide SEND window
070.916 Acked DATA 11, slide SEND window
070.916 Acked DATA 12, slide SEND window
070.916 Acked DATA 13, slide SEND window
070.916 Acked DATA 14, slide SEND window
070.916 Acked DATA 15, slide SEND window
070.916 Acked DATA 0, slide SEND window
070.916 Send DATA 1 7, ID 10225
070.916 Send DATA 2 7, ID 10226
070.916 Send DATA 3 7, ID 10227
070.916 Send DATA 4 7, ID 10228
071.185 Recv DATA 8 0, ID 20232
071.185 Deliver DATA 8, ID 20232
071.185 Slide RECV window, expect 9 next
071.185 Send DATA 5 8, ID 10229
071.440 Recv DATA 9 0, ID 20233
071.440 Deliver DATA 9, ID 20233
071.440 Slide RECV window, expect 10 next
071.440 Send DATA 6 9, ID 10230
071.710 Recv DATA 10 0, ID 20234
071.710 Deliver DATA 10, ID 20234
071.710 Slide RECV window, expect 11 next
071.710 Send DATA 7 10, ID 10231
071.980 Recv DATA 11 0, ID 20235
071.980 Deliver DATA 11, ID 20235
071.980 Slide RECV window, expect 12 next
071.980 Send DATA 8 11, ID 10232
072.234 Recv DATA 12 0, ID 20236
072.234 Deliver DATA 12, ID 20236
072.234 Slide RECV window, expect 13 next
072.360 ---- ACK timeout
072.360 Send ACK  12
072.503 Recv DATA 13 0, ID 20237
072.503 Deliver DATA 13, ID 20237
072.503 Slide RECV window, expect 14 next
072.631 ---- ACK timeout
072.631 Send ACK  13
072.774 Recv DATA 14 0, ID 20238
072.774 Deliver DATA 14, ID 20238
072.774 Slide RECV window, expect 15 next
072.901 ---- ACK timeout
072.901 Send ACK  14
073.044 Recv DATA 15 1, ID 20239
073.044 Deliver DATA 15, ID 20239
073.044 .... 240 packets received, 6851 bps, 85.64%, Err 5 (9.3e-06)
073.044 Slide RECV window, expect 0 next
073.044 Acked DATA 1, slide SEND window
073.045 Send DATA 9 15, ID 10233
073.076 Recv ACK  2
073.076 Acked DATA 2, slide SEND window
073.076 Send DATA 10 15, ID 10234
073.108 Recv ACK  3
073.108 Acked DATA 3, slide SEND window
073.108 Send DATA 11 15, ID 10235
073.140 Recv ACK  4
073.140 Acked DATA 4, slide SEND window
073.140 Send DATA 12 15, ID 10236
073.315 Recv DATA 0 5, ID 20240
073.315 Deliver DATA 0, ID 20240
073.315 Slide RECV window, expect 1 next
073.315 Acked DATA 5, slide SEND window
073.315 Send DATA 13 0, ID 10237
073.585 Recv DATA 1 6, ID 20241
073.585 Deliver DATA 1, ID 20241
073.585 Slide RECV window, expect 2 next
073.594 Acked DATA 6, slide SEND window
073.594 Send DATA 14 1, ID 10238
073.854 Recv DATA 2 7, ID 20242
073.854 Deliver DATA 2, ID 20242
073.854 Slide RECV window, expect 3 next
073.854 Acked DATA 7, slide SEND window
073.854 Send DATA 15 2, ID 10239
074.124 Recv DATA 3 8, ID 20243
074.124 Deliver DATA 3, ID 20243
074.124 Slide RECV window, expect 4 next
074.124 Acked DATA 8, slide SEND window
074.124 Send DATA 0 3, ID 10240
074.379 Recv DATA 4 8, ID 20244
074.379 Deliver DATA 4, ID 20244
074.379 Slide RECV window, expect 5 next
074.506 ---- ACK timeout
074.506 Send ACK  4
074.649 Recv DATA 5 8, ID 20245
074.649 Deliver DATA 5, ID 20245
074.649 Slide RECV window, expect 6 next
074.776 ---- ACK timeout
074.776 Send ACK  5
074.903 Recv DATA 6 8, ID 20246
074.903 Deliver DATA 6, ID 20246
074.903 Slide RECV window, expect 7 next
075.030 ---- ACK timeout
075.030 Send ACK  6
075.156 Recv DATA 7 9, ID 20247
075.156 Deliver DATA 7, ID 20247
075.156 .... 248 packets received, 6877 bps, 85.96%, Err 5 (9.0e-06)
075.157 Slide RECV window, expect 8 next
075.157 Acked DATA 9, slide SEND window
075.157 Send DATA 1 7, ID 10241
075.172 Recv ACK  10
075.172 Acked DATA 10, slide SEND window
075.173 Send DATA 2 7, ID 10242
075.204 Recv ACK  11
075.204 Acked DATA 11, slide SEND window
075.205 Send DATA 3 7, ID 10243
075.237 Recv ACK  12
075.237 Acked DATA 12, slide SEND window
075.237 Send DATA 4 7, ID 10244
075.443 Recv DATA 8 13, ID 20248
075.443 Deliver DATA 8, ID 20248
075.443 Slide RECV window, expect 9 next
075.443 Acked DATA 13, slide SEND window
075.443 Send DATA 5 8, ID 10245
075.713 Recv DATA 9 14, ID 20249
075.713 Deliver DATA 9, ID 20249
075.713 Slide RECV window, expect 10 next
075.713 Acked DATA 14, slide SEND window
075.713 Send DATA 6 9, ID 10246
075.983 Recv DATA 10 15, ID 20250
075.983 Deliver DATA 10, ID 20250
075.983 Slide RECV window, expect 11 next
075.983 Acked DATA 15, slide SEND window
075.983 Send DATA 7 10, ID 10247
076.267 Recv DATA 11 0, ID 20251
076.267 Deliver DATA 11, ID 20251
076.267 Slide RECV window, expect 12 next
076.267 Acked DATA 0, slide SEND window
076.267 Send DATA 8 11, ID 10248
076.537 Recv DATA 12 0, ID 20252
076.537 Deliver DATA 12, ID 20252
076.537 Slide RECV window, expect 13 next
076.663 ---- ACK timeout
076.663 Send ACK  12
076.775 Recv DATA 13 0, ID 20253
076.775 Deliver DATA 13, ID 20253
076.775 Slide RECV window, expect 14 next
076.901 ---- ACK timeout
076.902 Send ACK  13
077.044 Recv DATA 14 0, ID 20254
077.044 Deliver DATA 14, ID 20254
077.045 Slide RECV window, expect 15 next
077.076 Recv NAK  1
077.076 ---- Resend DATA 1 on NAK
077.076 Send DATA 1 14, ID 10241
077.314 Recv DATA 15 0, ID 20255
077.314 Deliver DATA 15, ID 20255
077.314 .... 256 packets received, 6897 bps, 86.21%, Err 5 (8.7e-06)
077.314 Slide RECV window, expect 0 next
077.442 ---- ACK timeout
077.442 Send ACK  15
077.569 Recv DATA 0 0, ID 20256
077.569 Deliver DATA 0, ID 20256
077.569 Slide RECV window, expect 1 next
077.696 ---- ACK timeout
077.696 Send ACK  0
077.839 Recv DATA 1 0, ID 20257
077.839 Deliver DATA 1, ID 20257
077.839 Slide RECV window, expect 2 next
077.965 ---- ACK timeout
077.965 Send ACK  1
078.092 Recv DATA 2 0, ID 20258
078.092 Deliver DATA 2, ID 20258
078.092 Slide RECV window, expect 3 next
078.218 ---- ACK timeout
078.219 Send ACK  2
078.361 Recv DATA 3 0, ID 20259
078.361 Deliver DATA 3, ID 20259
078.361 Slide RECV window, expect 4 next
078.488 ---- ACK timeout
078.488 Send ACK  3
078.536 ---- DATA 2 timeout
078.536 Send DATA 2 3, ID 10242
078.631 Recv DATA 4 0, ID 20260
078.631 Deliver DATA 4, ID 20260
078.631 Slide RECV window, expect 5 next
078.758 ---- ACK timeout
078.758 Send ACK  4
078.902 Recv DATA 5 0, ID 20261
078.902 Deliver DATA 5, ID 20261
078.902 Slide RECV window, expect 6 next
079.030 ---- DATA 3 timeout
079.030 Send DATA 3 5, ID 10243
079.172 Recv DATA 6 8, ID 20262
079.172 Deliver DATA 6, ID 20262
079.172 Slide RECV window, expect 7 next
079.172 Acked DATA 1, slide SEND window
079.172 Acked DATA 2, slide SEND window
079.172 Acked DATA 3, slide SEND window
079.181 Acked DATA 4, slide SEND window
079.181 Acked DATA 5, slide SEND window
079.181 Acked DATA 6, slide SEND window
079.181 Acked DATA 7, slide SEND window
079.181 Acked DATA 8, slide SEND window
079.181 Send DATA 9 6, ID 10249
079.181 Send DATA 10 6, ID 10250
079.181 Send DATA 11 6, ID 10251
079.181 Send DATA 12 6, ID 10252
079.426 Recv DATA 7 8, ID 20263
079.426 Deliver DATA 7, ID 20263
079.426 .... 264 packets received, 6920 bps, 86.50%, Err 5 (8.5e-06)
079.426 Slide RECV window, expect 8 next
079.427 Send DATA 13 7, ID 10253
079.680 Recv DATA 8 8, ID 20264
079.680 Deliver DATA 8, ID 20264
079.681 Slide RECV window, expect 9 next
079.681 Send DATA 14 8, ID 10254
079.951 Recv DATA 9 8, ID 20265
079.951 Deliver DATA 9, ID 20265
079.951 Slide RECV window, expect 10 next
079.951 Send DATA 15 9, ID 10255
080.205 Recv DATA 10 8, ID 20266
080.205 Deliver DATA 10, ID 20266
080.205 Slide RECV window, expect 11 next
080.205 Send DATA 0 10, ID 10256
080.473 Recv DATA 11 8, ID 20267
080.473 Deliver DATA 11, ID 20267
080.473 Slide RECV window, expect 12 next
080.600 ---- ACK timeout
080.601 Send ACK  11
080.744 Recv DATA 12 8, ID 20268
080.744 Deliver DATA 12, ID 20268
080.744 Slide RECV window, expect 13 next
080.871 ---- ACK timeout
080.871 Send ACK  12
080.999 Recv DATA 13 8, ID 20269
080.999 Deliver DATA 13, ID 20269
080.999 Slide RECV window, expect 14 next
081.125 ---- ACK timeout
081.125 Send ACK  13
081.284 Recv DATA 14 9, ID 20270
081.284 Deliver DATA 14, ID 20270
081.284 Slide RECV window, expect 15 next
081.284 Acked DATA 9, slide SEND window
081.284 Send DATA 1 14, ID 10257
081.300 Recv ACK  10
081.300 Acked DATA 10, slide SEND window
081.300 Send DATA 2 14, ID 10258
081.315 Recv ACK  11
081.315 Acked DATA 11, slide SEND window
081.316 Send DATA 3 14, ID 10259
081.347 Recv ACK  12
081.347 Acked DATA 12, slide SEND window
081.347 Send DATA 4 14, ID 10260
081.554 Recv DATA 15 13, ID 20271
081.554 Deliver DATA 15, ID 20271
081.554 .... 272 packets received, 6941 bps, 86.76%, Err 5 (8.3e-06)
081.554 Slide RECV window, expect 0 next
081.554 Acked DATA 13, slide SEND window
081.554 Send DATA 5 15, ID 10261
081.825 Recv DATA 0 14, ID 20272
081.825 Deliver DATA 0, ID 20272
081.825 Slide RECV window, expect 1 next
081.825 Acked DATA 14, slide SEND window
081.825 Send DATA 6 0, ID 10262
082.096 Recv DATA 1 15, ID 20273
082.096 Deliver DATA 1, ID 20273
082.096 Slide RECV window, expect 2 next
082.096 Acked DATA 15, slide SEND window
082.096 Send DATA 7 1, ID 10263
082.349 Recv DATA 2 0, ID 20274
082.349 Deliver DATA 2, ID 20274
082.349 Slide RECV window, expect 3 next
082.349 Acked DATA 0, slide SEND window
082.349 Send DATA 8 2, ID 10264
082.618 Recv DATA 3 0, ID 20275
082.618 Deliver DATA 3, ID 20275
082.618 Slide RECV window, expect 4 next
082.744 ---- ACK timeout
082.744 Send ACK  3
082.871 Recv DATA 4 0, ID 20276
082.871 Deliver DATA 4, ID 20276
082.871 Slide RECV window, expect 5 next
082.999 ---- ACK timeout
082.999 Send ACK  4
083.126 Recv DATA 5 0, ID 20277
083.126 Deliver DATA 5, ID 20277
083.126 Slide RECV window, expect 6 next
083.253 ---- ACK timeout
083.253 Send ACK  5
083.394 Recv DATA 6 1, ID 20278
083.394 Deliver DATA 6, ID 20278
083.394 Slide RECV window, expect 7 next
083.394 Acked DATA 1, slide SEND window
083.394 Send DATA 9 6, ID 10265
083.426 Recv ACK  2
083.426 Acked DATA 2, slide SEND window
083.426 Send DATA 10 6, ID 10266
083.457 Recv ACK  3
083.457 Acked DATA 3, slide SEND window
083.457 Send DATA 11 6, ID 10267
083.489 Recv ACK  4
083.489 Acked DATA 4, slide SEND window
083.489 Send DATA 12 6, ID 10268
083.679 Recv DATA 7 5, ID 20279
083.679 Deliver DATA 7, ID 20279
083.680 .... 280 packets received, 6961 bps, 87.01%, Err 5 (8.0e-06)
083.680 Slide RECV window, expect 8 next
083.680 Acked DATA 5, slide SEND window
083.680 Send DATA 13 7, ID 10269
083.948 Recv DATA 8 6, ID 20280
083.948 Deliver DATA 8, ID 20280
083.948 Slide RECV window, expect 9 next
083.948 Acked DATA 6, slide SEND window
083.948 Send DATA 14 8, ID 10270
084.202 Recv DATA 9 7, ID 20281
084.202 Deliver DATA 9, ID 20281
084.202 Slide RECV window, expect 10 next
084.203 Acked DATA 7, slide SEND window
084.203 Send DATA 15 9, ID 10271
084.473 Recv DATA 10 8, ID 20282
084.474 Deliver DATA 10, ID 20282
084.474 Slide RECV window, expect 11 next
084.474 Acked DATA 8, slide SEND window
084.474 Send DATA 0 10, ID 10272
084.744 Recv DATA 11 8, ID 20283
084.744 Deliver DATA 11, ID 20283
084.744 Slide RECV window, expect 12 next
084.872 ---- ACK timeout
084.872 Send ACK  11
085.015 Recv DATA 12 8, ID 20284
085.015 Deliver DATA 12, ID 20284
085.015 Slide RECV window, expect 13 next
085.142 ---- ACK timeout
085.142 Send ACK  12
085.284 Recv DATA 13 8, ID 20285
085.285 Deliver DATA 13, ID 20285
085.285 Slide RECV window, expect 14 next
085.412 ---- ACK timeout
085.413 Send ACK  13
085.523 Recv DATA 14 9, ID 20286
085.523 Deliver DATA 14, ID 20286
085.523 Slide RECV window, expect 15 next
085.523 Acked DATA 9, slide SEND window
085.523 Send DATA 1 14, ID 10273
085.554 Recv ACK  10
085.554 Acked DATA 10, slide SEND window
085.554 Send DATA 2 14, ID 10274
085.585 Recv ACK  11
085.585 Acked DATA 11, slide SEND window
085.586 Send DATA 3 14, ID 10275
085.617 Recv ACK  12
085.617 Acked DATA 12, slide SEND window
085.617 Send DATA 4 14, ID 10276
085.823 Recv DATA 15 13, ID 20287
085.823 Deliver DATA 15, ID 20287
085.823 .... 288 packets received, 6978 bps, 87.23%, Err 5 (7.8e-06)
085.823 Slide RECV window, expect 0 next
085.823 Acked DATA 13, slide SEND window
085.823 Send DATA 5 15, ID 10277
086.077 Recv DATA 0 14, ID 20288
086.078 Deliver DATA 0, ID 20288
086.078 Slide RECV window, expect 1 next
086.078 Acked DATA 14, slide SEND window
086.078 Send DATA 6 0, ID 10278
086.348 Recv DATA 1 15, ID 20289
086.348 Deliver DATA 1, ID 20289
086.348 Slide RECV window, expect 2 next
086.348 Acked DATA 15, slide SEND window
086.348 Send DATA 7 1, ID 10279
086.602 Recv DATA 2 0, ID 20290
086.602 Deliver DATA 2, ID 20290
086.602 Slide RECV window, expect 3 next
086.602 Acked DATA 0, slide SEND window
086.603 Send DATA 8 2, ID 10280
086.873 Recv DATA 3 0, ID 20291
086.873 Deliver DATA 3, ID 20291
086.873 Slide RECV window, expect 4 next
087.000 ---- ACK timeout
087.000 Send ACK  3
087.143 Recv DATA 4 0, ID 20292
087.143 Deliver DATA 4, ID 20292
087.143 Slide RECV window, expect 5 next
087.270 ---- ACK timeout
087.270 Send ACK  4
087.396 Recv DATA 5 0, ID 20293
087.396 Deliver DATA 5, ID 20293
087.396 Slide RECV window, expect 6 next
087.523 ---- ACK timeout
087.523 Send ACK  5
087.665 Recv DATA 6 1, ID 20294
087.665 Deliver DATA 6, ID 20294
087.665 Slide RECV window, expect 7 next
087.665 Acked DATA 1, slide SEND window
087.665 Send DATA 9 6, ID 10281
087.697 Recv ACK  2
087.697 Acked DATA 2, slide SEND window
087.697 Send DATA 10 6, ID 10282
087.729 Recv ACK  3
087.729 Acked DATA 3, slide SEND window
087.729 Send DATA 11 6, ID 10283
087.745 Recv ACK  4
087.745 Acked DATA 4, slide SEND window
087.745 Send DATA 12 6, ID 10284
087.951 Recv DATA 7 5, ID 20295
087.951 Deliver DATA 7, ID 20295
087.951 .... 296 packets received, 6996 bps, 87.45%, Err 5 (7.6e-06)
087.951 Slide RECV window, expect 8 next
087.951 Acked DATA 5, slide SEND window
087.951 Send DATA 13 7, ID 10285
088.205 Recv DATA 8 6, ID 20296
088.205 Deliver DATA 8, ID 20296
088.205 Slide RECV window, expect 9 next
088.205 Acked DATA 6, slide SEND window
088.205 Send DATA 14 8, ID 10286
088.475 Recv DATA 9 7, ID 20297
088.475 Deliver DATA 9, ID 20297
088.476 Slide RECV window, expect 10 next
088.476 Acked DATA 7, slide SEND window
088.476 Send DATA 15 9, ID 10287
088.745 Recv DATA 10 8, ID 20298
088.745 Deliver DATA 10, ID 20298
088.745 Slide RECV window, expect 11 next
088.745 Acked DATA 8, slide SEND window
088.745 Send DATA 0 10, ID 10288
089.014 Recv DATA 11 8, ID 20299
089.014 Deliver DATA 11, ID 20299
089.014 Slide RECV window, expect 12 next
089.142 ---- ACK timeout
089.142 Send ACK  11
089.285 Recv DATA 12 8, ID 20300
089.285 Deliver DATA 12, ID 20300
089.285 Slide RECV window, expect 13 next
089.412 ---- ACK timeout
089.412 Send ACK  12
089.523 Recv DATA 13 8, ID 20301
089.523 Deliver DATA 13, ID 20301
089.523 Slide RECV window, expect 14 next
089.650 ---- ACK timeout
089.650 Send ACK  13
089.793 Recv DATA 14 9, ID 20302
089.793 Deliver DATA 14, ID 20302
089.793 Slide RECV window, expect 15 next
089.793 Acked DATA 9, slide SEND window
089.793 Send DATA 1 14, ID 10289
089.824 Recv ACK  10
089.824 Acked DATA 10, slide SEND window
089.824 Send DATA 2 14, ID 10290
089.840 Recv ACK  11
089.840 Acked DATA 11, slide SEND window
089.840 Send DATA 3 14, ID 10291
089.871 Recv ACK  12
089.871 Acked DATA 12, slide SEND window
089.871 Send DATA 4 14, ID 10292
090.094 Recv DATA 15 13, ID 20303
090.094 Deliver DATA 15, ID 20303
090.094 .... 304 packets received, 7011 bps, 87.64%, Err 5 (7.4e-06)
090.094 Slide RECV window, expect 0 next
090.094 Acked DATA 13, slide SEND window
090.094 Send DATA 5 15, ID 10293
090.348 Recv DATA 0 14, ID 20304
090.348 Deliver DATA 0, ID 20304
090.348 Slide RECV window, expect 1 next
090.348 Acked DATA 14, slide SEND window
090.348 Send DATA 6 0, ID 10294
090.618 Recv DATA 1 15, ID 20305
090.618 Deliver DATA 1, ID 20305
090.618 Slide RECV window, expect 2 next
090.618 Acked DATA 15, slide SEND window
090.618 Send DATA 7 1, ID 10295
090.871 Recv DATA 2 0, ID 20306
090.871 Deliver DATA 2, ID 20306
090.871 Slide RECV window, expect 3 next
090.871 Acked DATA 0, slide SEND window
090.871 Send DATA 8 2, ID 10296
091.141 Recv DATA 3 0, ID 20307
091.141 Deliver DATA 3, ID 20307
091.141 Slide RECV window, expect 4 next
091.284 ---- ACK timeout
091.284 Send ACK  3
091.395 Recv DATA 4 0, ID 20308
091.395 Deliver DATA 4, ID 20308
091.395 Slide RECV window, expect 5 next
091.523 ---- ACK timeout
091.523 Send ACK  4
091.666 Recv DATA 5 0, ID 20309
091.666 Deliver DATA 5, ID 20309
091.666 Slide RECV window, expect 6 next
091.793 ---- ACK timeout
091.793 Send ACK  5
091.920 Recv DATA 6 1, ID 20310
091.920 Deliver DATA 6, ID 20310
091.920 Slide RECV window, expect 7 next
091.920 Acked DATA 1, slide SEND window
091.920 Send DATA 9 6, ID 10297
091.952 Recv ACK  2
091.952 Acked DATA 2, slide SEND window
091.952 Send DATA 10 6, ID 10298
091.967 Recv ACK  3
091.967 Acked DATA 3, slide SEND window
091.968 Send DATA 11 6, ID 10299
091.999 Recv ACK  4
091.999 Acked DATA 4, slide SEND window
091.999 Send DATA 12 6, ID 10300
092.206 Recv DATA 7 5, ID 20311
092.206 Deliver DATA 7, ID 20311
092.206 .... 312 packets received, 7029 bps, 87.86%, Err 5 (7.2e-06)
092.206 Slide RECV window, expect 8 next
092.206 Acked DATA 5, slide SEND window
092.206 Send DATA 13 7, ID 10301
092.476 Recv DATA 8 6, ID 20312
092.477 Deliver DATA 8, ID 20312
092.477 Slide RECV window, expect 9 next
092.477 Acked DATA 6, slide SEND window
092.477 Send DATA 14 8, ID 10302
092.746 Recv DATA 9 7, ID 20313
092.747 Deliver DATA 9, ID 20313
092.747 Slide RECV window, expect 10 next
092.747 Acked DATA 7, slide SEND window
092.747 Send DATA 15 9, ID 10303
093.017 Recv DATA 10 8, ID 20314
093.017 Deliver DATA 10, ID 20314
093.017 Slide RECV window, expect 11 next
093.017 Acked DATA 8, slide SEND window
093.017 Send DATA 0 10, ID 10304
093.270 Recv DATA 11 8, ID 20315
093.270 Deliver DATA 11, ID 20315
093.270 Slide RECV window, expect 12 next
093.396 ---- ACK timeout
093.396 Send ACK  11
093.539 Recv DATA 12 8, ID 20316
093.539 Deliver DATA 12, ID 20316
093.539 Slide RECV window, expect 13 next
093.539 Impose noise on received data, 6/701448=8.6E-06
093.666 ---- ACK timeout
093.666 Send ACK  12
093.793 Recv DATA 13 8, ID 20317
093.793 Deliver DATA 13, ID 20317
093.793 Slide RECV window, expect 14 next
093.920 ---- ACK timeout
093.920 Send ACK  13
094.061 **** Receiver Error, Bad CRC Checksum
094.062 Request NAK for 14
094.062 Send NAK  14
094.093 Recv ACK  10
094.093 Acked DATA 9, slide SEND window
094.093 Acked DATA 10, slide SEND window
094.093 Send DATA 1 13, ID 10305
094.094 Send DATA 2 13, ID 10306
094.125 Recv ACK  11
094.125 Acked DATA 11, slide SEND window
094.125 Send DATA 3 13, ID 10307
094.140 Recv ACK  12
094.140 Acked DATA 12, slide SEND window
094.141 Send DATA 4 13, ID 10308
094.347 Recv DATA 15 13, ID 20319
094.347 Acked DATA 13, slide SEND window
094.347 Send DATA 5 13, ID 10309
094.616 Recv DATA 0 14, ID 20320
094.616 Acked DATA 14, slide SEND window
094.616 Send DATA 6 13, ID 10310
094.885 Recv DATA 1 15, ID 20321
094.885 Acked DATA 15, slide SEND window
094.886 Send DATA 7 13, ID 10311
095.141 Recv DATA 2 0, ID 20322
095.141 Acked DATA 0, slide SEND window
095.141 Send DATA 8 13, ID 10312
095.394 Recv DATA 3 0, ID 20323
095.662 Recv DATA 4 0, ID 20324
095.931 Recv DATA 5 0, ID 20325
096.200 Recv DATA 14 0, ID 20318
096.200 Deliver DATA 14, ID 20318
096.200 .... 319 packets received, 6884 bps, 86.05%, Err 6 (8.3e-06)
096.200 Deliver DATA 15, ID 20319
096.200 Deliver DATA 0, ID 20320
096.200 Deliver DATA 1, ID 20321
096.200 Deliver DATA 2, ID 20322
096.200 Deliver DATA 3, ID 20323
096.200 Deliver DATA 4, ID 20324
096.200 Deliver DATA 5, ID 20325
096.200 Slide RECV window, expect 6 next
096.231 Recv ACK  1
096.231 Acked DATA 1, slide SEND window
096.232 Send DATA 9 5, ID 10313
096.263 Recv ACK  2
096.263 Acked DATA 2, slide SEND window
096.263 Send DATA 10 5, ID 10314
096.499 Recv ACK  3
096.499 Acked DATA 3, slide SEND window
096.499 Send DATA 11 5, ID 10315
096.768 Recv ACK  4
096.769 Acked DATA 4, slide SEND window
096.769 Send DATA 12 5, ID 10316
096.959 Recv ACK  5
096.959 Acked DATA 5, slide SEND window
096.959 Send DATA 13 5, ID 10317
096.990 Recv ACK  6
096.990 Acked DATA 6, slide SEND window
096.991 Send DATA 14 5, ID 10318
097.022 Recv ACK  7
097.022 Acked DATA 7, slide SEND window
097.022 Send DATA 15 5, ID 10319
097.213 Recv DATA 15 8, ID 20319
097.213 Ignore out-of-window DATA 15
097.213 Acked DATA 8, slide SEND window
097.213 Send DATA 0 5, ID 10320
097.467 Recv DATA 6 9, ID 20326
097.467 Deliver DATA 6, ID 20326
097.467 Slide RECV window, expect 7 next
097.467 Acked DATA 9, slide SEND window
097.467 Send DATA 1 6, ID 10321
097.721 Recv DATA 7 9, ID 20327
097.721 Deliver DATA 7, ID 20327
097.721 Slide RECV window, expect 8 next
097.848 ---- ACK timeout
097.848 Send ACK  7
097.991 Recv DATA 8 9, ID 20328
097.991 Deliver DATA 8, ID 20328
097.991 Slide RECV window, expect 9 next
098.118 ---- ACK timeout
098.118 Send ACK  8
098.260 Recv DATA 9 9, ID 20329
098.260 Deliver DATA 9, ID 20329
098.260 .... 330 packets received, 6970 bps, 87.13%, Err 6 (8.2e-06)
098.261 Slide RECV window, expect 10 next
098.388 ---- ACK timeout
098.388 Send ACK  9
098.515 Recv DATA 10 10, ID 20330
098.515 Deliver DATA 10, ID 20330
098.515 Slide RECV window, expect 11 next
098.515 Acked DATA 10, slide SEND window
098.515 Send DATA 2 10, ID 10322
098.785 Recv DATA 11 11, ID 20331
098.785 Deliver DATA 11, ID 20331
098.785 Slide RECV window, expect 12 next
098.785 Acked DATA 11, slide SEND window
098.786 Send DATA 3 11, ID 10323
099.040 Recv DATA 12 12, ID 20332
099.040 Deliver DATA 12, ID 20332
099.040 Slide RECV window, expect 13 next
099.040 Acked DATA 12, slide SEND window
099.040 Send DATA 4 12, ID 10324
099.309 Recv DATA 13 13, ID 20333
099.310 Deliver DATA 13, ID 20333
099.310 Slide RECV window, expect 14 next
099.310 Acked DATA 13, slide SEND window
099.310 Send DATA 5 13, ID 10325
099.341 Recv ACK  14
099.341 Acked DATA 14, slide SEND window
099.341 Send DATA 6 13, ID 10326
099.373 Recv ACK  15
099.373 Acked DATA 15, slide SEND window
099.373 Send DATA 7 13, ID 10327
099.405 Recv ACK  0
099.405 Acked DATA 0, slide SEND window
099.405 Send DATA 8 13, ID 10328
099.610 Recv DATA 14 1, ID 20334
099.610 Deliver DATA 14, ID 20334
099.610 Slide RECV window, expect 15 next
099.610 Acked DATA 1, slide SEND window
099.610 Send DATA 9 14, ID 10329
099.879 Recv DATA 15 1, ID 20335
099.879 Deliver DATA 15, ID 20335
099.879 Slide RECV window, expect 0 next
100.007 ---- ACK timeout
100.007 Send ACK  15
100.133 Recv DATA 0 1, ID 20336
100.133 Deliver DATA 0, ID 20336
100.133 Slide RECV window, expect 1 next
100.276 ---- ACK timeout
100.276 Send ACK  0
100.388 Recv DATA 1 1, ID 20337
100.388 Deliver DATA 1, ID 20337
100.388 .... 338 packets received, 6986 bps, 87.32%, Err 6 (8.0e-06)
100.388 Slide RECV window, expect 2 next
100.515 ---- ACK timeout
100.515 Send ACK  1
100.658 Recv DATA 2 2, ID 20338
100.659 Deliver DATA 2, ID 20338
100.659 Slide RECV window, expect 3 next
100.659 Acked DATA 2, slide SEND window
100.659 Send DATA 10 2, ID 10330
100.912 Recv DATA 3 3, ID 20339
100.912 Deliver DATA 3, ID 20339
100.912 Slide RECV window, expect 4 next
100.912 Acked DATA 3, slide SEND window
100.912 Send DATA 11 3, ID 10331
101.181 Recv DATA 4 4, ID 20340
101.181 Deliver DATA 4, ID 20340
101.181 Slide RECV window, expect 5 next
101.181 Acked DATA 4, slide SEND window
101.181 Send DATA 12 4, ID 10332
101.452 Recv DATA 5 5, ID 20341
101.452 Deliver DATA 5, ID 20341
101.452 Slide RECV window, expect 6 next
101.452 Acked DATA 5, slide SEND window
101.452 Send DATA 13 5, ID 10333
101.484 Recv ACK  6
101.484 Acked DATA 6, slide SEND window
101.484 Send DATA 14 5, ID 10334
101.516 Recv ACK  7
101.516 Acked DATA 7, slide SEND window
101.516 Send DATA 15 5, ID 10335
101.532 Recv ACK  8
101.532 Acked DATA 8, slide SEND window
101.532 Send DATA 0 5, ID 10336
101.722 Recv DATA 6 9, ID 20342
101.722 Deliver DATA 6, ID 20342
101.722 Slide RECV window, expect 7 next
101.722 Acked DATA 9, slide SEND window
101.723 Send DATA 1 6, ID 10337
101.992 Recv DATA 7 9, ID 20343
101.992 Deliver DATA 7, ID 20343
101.992 Slide RECV window, expect 8 next
102.119 ---- ACK timeout
102.119 Send ACK  7
102.261 Recv DATA 8 9, ID 20344
102.261 Deliver DATA 8, ID 20344
102.261 Slide RECV window, expect 9 next
102.388 ---- ACK timeout
102.388 Send ACK  8
102.515 Recv DATA 9 9, ID 20345
102.515 Deliver DATA 9, ID 20345
102.515 .... 346 packets received, 7001 bps, 87.51%, Err 6 (7.8e-06)
102.515 Slide RECV window, expect 10 next
102.642 ---- ACK timeout
102.642 Send ACK  9
102.784 Recv DATA 10 10, ID 20346
102.784 Deliver DATA 10, ID 20346
102.784 Slide RECV window, expect 11 next
102.784 Acked DATA 10, slide SEND window
102.784 Send DATA 2 10, ID 10338
103.055 Recv DATA 11 11, ID 20347
103.055 Deliver DATA 11, ID 20347
103.055 Slide RECV window, expect 12 next
103.055 Acked DATA 11, slide SEND window
103.055 Send DATA 3 11, ID 10339
103.309 Recv DATA 12 12, ID 20348
103.309 Deliver DATA 12, ID 20348
103.309 Slide RECV window, expect 13 next
103.309 Acked DATA 12, slide SEND window
103.309 Send DATA 4 12, ID 10340
103.578 Recv DATA 13 13, ID 20349
103.578 Deliver DATA 13, ID 20349
103.578 Slide RECV window, expect 14 next
103.578 Acked DATA 13, slide SEND window
103.578 Send DATA 5 13, ID 10341
103.610 Recv ACK  14
103.610 Acked DATA 14, slide SEND window
103.610 Send DATA 6 13, ID 10342
103.626 Recv ACK  15
103.626 Acked DATA 15, slide SEND window
103.626 Send DATA 7 13, ID 10343
103.658 Recv ACK  0
103.658 Acked DATA 0, slide SEND window
103.658 Send DATA 8 13, ID 10344
103.880 Recv DATA 14 1, ID 20350
103.880 Deliver DATA 14, ID 20350
103.880 Slide RECV window, expect 15 next
103.880 Acked DATA 1, slide SEND window
103.880 Send DATA 9 14, ID 10345
104.118 Recv DATA 15 1, ID 20351
104.118 Deliver DATA 15, ID 20351
104.118 Slide RECV window, expect 0 next
104.245 ---- ACK timeout
104.245 Send ACK  15
104.388 Recv DATA 0 1, ID 20352
104.388 Deliver DATA 0, ID 20352
104.388 Slide RECV window, expect 1 next
104.515 ---- ACK timeout
104.515 Send ACK  0
104.657 Recv DATA 1 1, ID 20353
104.657 Deliver DATA 1, ID 20353
104.657 .... 354 packets received, 7014 bps, 87.68%, Err 6 (7.6e-06)
104.657 Slide RECV window, expect 2 next
104.689 Impose noise on received data, 7/785112=8.9E-06
104.785 ---- ACK timeout
104.785 Send ACK  1
104.912 Recv DATA 2 2, ID 20354
104.912 Deliver DATA 2, ID 20354
104.912 Slide RECV window, expect 3 next
104.912 Acked DATA 2, slide SEND window
104.912 Send DATA 10 2, ID 10346
105.181 **** Receiver Error, Bad CRC Checksum
105.181 Request NAK for 3
105.181 Send NAK  3
105.452 Recv DATA 4 4, ID 20356
105.452 Acked DATA 3, slide SEND window
105.452 Acked DATA 4, slide SEND window
105.452 Send DATA 11 2, ID 10347
105.453 Send DATA 12 2, ID 10348
105.722 Recv DATA 5 5, ID 20357
105.722 Acked DATA 5, slide SEND window
105.722 Send DATA 13 2, ID 10349
105.754 Recv ACK  6
105.754 Acked DATA 6, slide SEND window
105.754 Send DATA 14 2, ID 10350
105.785 Recv ACK  7
105.785 Acked DATA 7, slide SEND window
105.785 Send DATA 15 2, ID 10351
105.801 Recv ACK  8
105.801 Acked DATA 8, slide SEND window
105.801 Send DATA 0 2, ID 10352
105.992 Recv DATA 6 9, ID 20358
105.992 Acked DATA 9, slide SEND window
106.262 Recv DATA 7 9, ID 20359
106.262 Send DATA 1 2, ID 10353
106.516 Recv DATA 8 9, ID 20360
106.802 Recv DATA 9 9, ID 20361
107.056 Recv DATA 10 10, ID 20362
107.056 Acked DATA 10, slide SEND window
107.057 Send DATA 2 2, ID 10354
107.309 Recv DATA 3 10, ID 20355
107.309 Deliver DATA 3, ID 20355
107.309 .... 356 packets received, 6877 bps, 85.97%, Err 7 (8.7e-06)
107.309 Deliver DATA 4, ID 20356
107.309 Deliver DATA 5, ID 20357
107.309 Deliver DATA 6, ID 20358
107.309 Deliver DATA 7, ID 20359
107.309 Deliver DATA 8, ID 20360
107.309 Deliver DATA 9, ID 20361
107.309 Deliver DATA 10, ID 20362
107.309 Slide RECV window, expect 11 next
107.325 Recv ACK  11
107.325 Acked DATA 11, slide SEND window
107.325 Send DATA 3 10, ID 10355
107.341 Recv ACK  12
107.341 Acked DATA 12, slide SEND window
107.341 Send DATA 4 10, ID 10356
107.467 Recv ACK  13
107.467 Acked DATA 13, slide SEND window
107.467 Send DATA 5 10, ID 10357
107.720 Recv ACK  14
107.720 Acked DATA 14, slide SEND window
107.720 Send DATA 6 10, ID 10358
107.989 Recv ACK  15
107.989 Acked DATA 15, slide SEND window
107.990 Send DATA 7 10, ID 10359
108.260 Recv ACK  0
108.260 Acked DATA 0, slide SEND window
108.260 Send DATA 8 10, ID 10360
108.387 Recv ACK  1
108.387 Acked DATA 1, slide SEND window
108.387 Send DATA 9 10, ID 10361
108.419 Recv ACK  2
108.419 Acked DATA 2, slide SEND window
108.419 Send DATA 10 10, ID 10362
108.626 Recv DATA 11 3, ID 20363
108.626 Deliver DATA 11, ID 20363
108.626 Slide RECV window, expect 12 next
108.626 Acked DATA 3, slide SEND window
108.626 Send DATA 11 11, ID 10363
108.896 Recv DATA 12 3, ID 20364
108.896 Deliver DATA 12, ID 20364
108.896 Slide RECV window, expect 13 next
109.023 ---- ACK timeout
109.023 Send ACK  12
109.166 Recv DATA 13 3, ID 20365
109.166 Deliver DATA 13, ID 20365
109.166 Slide RECV window, expect 14 next
109.293 ---- ACK timeout
109.293 Send ACK  13
109.420 Recv DATA 14 3, ID 20366
109.420 Deliver DATA 14, ID 20366
109.420 .... 367 packets received, 6952 bps, 86.89%, Err 7 (8.6e-06)
109.420 Slide RECV window, expect 15 next
109.547 ---- ACK timeout
109.547 Send ACK  14
109.706 Recv DATA 15 3, ID 20367
109.706 Deliver DATA 15, ID 20367
109.706 Slide RECV window, expect 0 next
109.832 ---- ACK timeout
109.832 Send ACK  15
109.960 Recv DATA 0 4, ID 20368
109.960 Deliver DATA 0, ID 20368
109.960 Slide RECV window, expect 1 next
109.960 Acked DATA 4, slide SEND window
109.960 Send DATA 12 0, ID 10364
110.229 Recv DATA 1 5, ID 20369
110.229 Deliver DATA 1, ID 20369
110.230 Slide RECV window, expect 2 next
110.230 Acked DATA 5, slide SEND window
110.230 Send DATA 13 1, ID 10365
110.262 Recv ACK  6
110.262 Acked DATA 6, slide SEND window
110.262 Send DATA 14 1, ID 10366
110.499 Recv DATA 2 6, ID 20370
110.499 Deliver DATA 2, ID 20370
110.499 Slide RECV window, expect 3 next
110.530 Recv ACK  7
110.530 Acked DATA 7, slide SEND window
110.531 Send DATA 15 2, ID 10367
110.562 Recv ACK  8
110.562 Acked DATA 8, slide SEND window
110.562 Send DATA 0 2, ID 10368
110.594 Recv ACK  9
110.594 Acked DATA 9, slide SEND window
110.594 Send DATA 1 2, ID 10369
110.626 Recv ACK  10
110.626 Acked DATA 10, slide SEND window
110.626 Send DATA 2 2, ID 10370
110.769 Recv DATA 3 11, ID 20371
110.769 Deliver DATA 3, ID 20371
110.769 Slide RECV window, expect 4 next
110.769 Acked DATA 11, slide SEND window
110.769 Send DATA 3 3, ID 10371
111.040 Recv DATA 4 11, ID 20372
111.040 Deliver DATA 4, ID 20372
111.040 Slide RECV window, expect 5 next
111.167 ---- ACK timeout
111.167 Send ACK  4
111.309 Recv DATA 5 11, ID 20373
111.309 Deliver DATA 5, ID 20373
111.309 Slide RECV window, expect 6 next
111.436 ---- ACK timeout
111.436 Send ACK  5
111.579 Recv DATA 6 11, ID 20374
111.579 Deliver DATA 6, ID 20374
111.579 .... 375 packets received, 6964 bps, 87.05%, Err 7 (8.4e-06)
111.579 Slide RECV window, expect 7 next
111.707 ---- ACK timeout
111.707 Send ACK  6
111.833 Recv DATA 7 11, ID 20375
111.833 Deliver DATA 7, ID 20375
111.833 Slide RECV window, expect 8 next
111.960 ---- ACK timeout
111.960 Send ACK  7
112.103 Recv DATA 8 12, ID 20376
112.103 Deliver DATA 8, ID 20376
112.103 Slide RECV window, expect 9 next
112.103 Acked DATA 12, slide SEND window
112.103 Send DATA 4 8, ID 10372
112.135 Recv ACK  13
112.135 Acked DATA 13, slide SEND window
112.135 Send DATA 5 8, ID 10373
112.374 Recv DATA 9 13, ID 20377
112.374 Deliver DATA 9, ID 20377
112.374 Slide RECV window, expect 10 next
112.406 Recv ACK  14
112.406 Acked DATA 14, slide SEND window
112.406 Send DATA 6 9, ID 10374
112.628 Recv DATA 10 15, ID 20378
112.628 Deliver DATA 10, ID 20378
112.628 Slide RECV window, expect 11 next
112.628 Acked DATA 15, slide SEND window
112.628 Send DATA 7 10, ID 10375
112.659 Recv ACK  0
112.659 Acked DATA 0, slide SEND window
112.659 Send DATA 8 10, ID 10376
112.684 Recv ACK  1
112.684 Acked DATA 1, slide SEND window
112.684 Send DATA 9 10, ID 10377
112.699 Recv ACK  2
112.699 Acked DATA 2, slide SEND window
112.700 Send DATA 10 10, ID 10378
112.926 Recv DATA 11 3, ID 20379
112.926 Deliver DATA 11, ID 20379
112.926 Slide RECV window, expect 12 next
112.926 Acked DATA 3, slide SEND window
112.926 Send DATA 11 11, ID 10379
113.197 Recv DATA 12 3, ID 20380
113.197 Deliver DATA 12, ID 20380
113.197 Slide RECV window, expect 13 next
113.325 ---- ACK timeout
113.325 Send ACK  12
113.467 Recv DATA 13 3, ID 20381
113.467 Deliver DATA 13, ID 20381
113.467 Slide RECV window, expect 14 next
113.594 ---- ACK timeout
113.594 Send ACK  13
113.721 Recv DATA 14 3, ID 20382
113.721 Deliver DATA 14, ID 20382
113.721 .... 383 packets received, 6977 bps, 87.21%, Err 7 (8.2e-06)
113.721 Slide RECV window, expect 15 next
113.848 ---- ACK timeout
113.848 Send ACK  14
113.974 Recv DATA 15 3, ID 20383
113.974 Deliver DATA 15, ID 20383
113.974 Slide RECV window, expect 0 next
113.990 Recv ACK  4
113.990 Acked DATA 4, slide SEND window
113.990 Send DATA 12 15, ID 10380
114.243 Recv DATA 0 4, ID 20384
114.243 Deliver DATA 0, ID 20384
114.243 Slide RECV window, expect 1 next
114.259 Recv ACK  5
114.259 Acked DATA 5, slide SEND window
114.259 Send DATA 13 0, ID 10381
114.512 Recv DATA 1 6, ID 20385
114.512 Deliver DATA 1, ID 20385
114.512 Slide RECV window, expect 2 next
114.512 Acked DATA 6, slide SEND window
114.512 Send DATA 14 1, ID 10382
114.782 Recv DATA 2 7, ID 20386
114.782 Deliver DATA 2, ID 20386
114.782 Slide RECV window, expect 3 next
114.782 Acked DATA 7, slide SEND window
114.782 Send DATA 15 2, ID 10383
114.814 Recv ACK  8
114.814 Acked DATA 8, slide SEND window
114.814 Send DATA 0 2, ID 10384
114.846 Recv ACK  9
114.846 Acked DATA 9, slide SEND window
114.846 Send DATA 1 2, ID 10385
114.862 Recv ACK  10
114.862 Acked DATA 10, slide SEND window
114.862 Send DATA 2 2, ID 10386
115.085 Recv DATA 3 11, ID 20387
115.085 Deliver DATA 3, ID 20387
115.085 Slide RECV window, expect 4 next
115.085 Acked DATA 11, slide SEND window
115.085 Send DATA 3 3, ID 10387
115.356 Recv DATA 4 11, ID 20388
115.356 Deliver DATA 4, ID 20388
115.356 Slide RECV window, expect 5 next
115.483 ---- ACK timeout
115.483 Send ACK  4
115.610 Recv DATA 5 11, ID 20389
115.611 Deliver DATA 5, ID 20389
115.611 Slide RECV window, expect 6 next
115.738 ---- ACK timeout
115.738 Send ACK  5
115.880 Recv DATA 6 11, ID 20390
115.880 Deliver DATA 6, ID 20390
115.880 .... 391 packets received, 6989 bps, 87.36%, Err 7 (8.1e-06)
115.881 Slide RECV window, expect 7 next
116.007 ---- ACK timeout
116.007 Send ACK  6
116.118 Recv DATA 7 12, ID 20391
116.118 Deliver DATA 7, ID 20391
116.118 Slide RECV window, expect 8 next
116.118 Acked DATA 12, slide SEND window
116.119 Send DATA 4 7, ID 10388
116.389 Recv DATA 8 13, ID 20392
116.389 Deliver DATA 8, ID 20392
116.389 Slide RECV window, expect 9 next
116.389 Acked DATA 13, slide SEND window
116.389 Send DATA 5 8, ID 10389
116.658 Recv DATA 9 14, ID 20393
116.658 Deliver DATA 9, ID 20393
116.658 Slide RECV window, expect 10 next
116.658 Acked DATA 14, slide SEND window
116.667 Send DATA 6 9, ID 10390
116.913 Recv DATA 10 15, ID 20394
116.913 Deliver DATA 10, ID 20394
116.913 Slide RECV window, expect 11 next
116.913 Acked DATA 15, slide SEND window
116.913 Send DATA 7 10, ID 10391
116.929 Recv ACK  0
116.929 Acked DATA 0, slide SEND window
116.929 Send DATA 8 10, ID 10392
116.976 Recv ACK  1
116.976 Acked DATA 1, slide SEND window
116.976 Send DATA 9 10, ID 10393
117.007 Recv ACK  2
117.007 Acked DATA 2, slide SEND window
117.008 Send DATA 10 10, ID 10394
117.199 Recv DATA 11 3, ID 20395
117.199 Deliver DATA 11, ID 20395
117.199 Slide RECV window, expect 12 next
117.199 Acked DATA 3, slide SEND window
117.199 Send DATA 11 11, ID 10395
117.470 Recv DATA 12 3, ID 20396
117.470 Deliver DATA 12, ID 20396
117.470 Slide RECV window, expect 13 next
117.597 ---- ACK timeout
117.597 Send ACK  12
117.724 Recv DATA 13 3, ID 20397
117.724 Deliver DATA 13, ID 20397
117.724 Slide RECV window, expect 14 next
117.852 ---- ACK timeout
117.852 Send ACK  13
117.994 Recv DATA 14 3, ID 20398
117.994 Deliver DATA 14, ID 20398
117.994 .... 399 packets received, 7002 bps, 87.53%, Err 7 (7.9e-06)
117.995 Slide RECV window, expect 15 next
118.121 ---- ACK timeout
118.121 Send ACK  14
118.264 Recv DATA 15 4, ID 20399
118.264 Deliver DATA 15, ID 20399
118.264 Slide RECV window, expect 0 next
118.264 Acked DATA 4, slide SEND window
118.264 Send DATA 12 15, ID 10396
118.517 Recv DATA 0 5, ID 20400
118.517 Deliver DATA 0, ID 20400
118.517 Slide RECV window, expect 1 next
118.517 Acked DATA 5, slide SEND window
118.518 Send DATA 13 0, ID 10397
118.788 Recv DATA 1 6, ID 20401
118.788 Deliver DATA 1, ID 20401
118.788 Slide RECV window, expect 2 next
118.788 Acked DATA 6, slide SEND window
118.788 Send DATA 14 1, ID 10398
119.043 Recv DATA 2 7, ID 20402
119.043 Deliver DATA 2, ID 20402
119.043 Slide RECV window, expect 3 next
119.043 Acked DATA 7, slide SEND window
119.043 Send DATA 15 2, ID 10399
119.058 Recv ACK  8
119.058 Acked DATA 8, slide SEND window
119.058 Send DATA 0 2, ID 10400
119.090 Recv ACK  9
119.090 Acked DATA 9, slide SEND window
119.090 Send DATA 1 2, ID 10401
119.122 Recv ACK  10
119.122 Acked DATA 10, slide SEND window
119.122 Send DATA 2 2, ID 10402
119.345 Recv DATA 3 11, ID 20403
119.345 Deliver DATA 3, ID 20403
119.345 Slide RECV window, expect 4 next
119.345 Acked DATA 11, slide SEND window
119.345 Send DATA 3 3, ID 10403
119.614 Recv DATA 4 11, ID 20404
119.614 Deliver DATA 4, ID 20404
119.614 Slide RECV window, expect 5 next
119.742 ---- ACK timeout
119.742 Send ACK  4
119.869 Recv DATA 5 11, ID 20405
119.869 Deliver DATA 5, ID 20405
119.869 Slide RECV window, expect 6 next
119.996 ---- ACK timeout
119.996 Send ACK  5
120.028 Quit.
