000.000 =============================================================
000.000                     Station B                               
000.000 -------------------------------------------------------------
000.000 Protocol.lib, version 4.0, jiangyanjun0718@bupt.edu.cn
000.000 Channel: 8000 bps, 270 ms propagation delay, bit error rate 1.0E-05
000.000 Log file "C:\Users\YOUNG\Desktop\workplace\2025_2026_2\计算机网络\lab\Lab1-DataLink(Win+Linux)(1)\Lab1-Windows-VS2017\docs\测试记录\参数优化-DATA_TIMER-MAX_PHL_BACKLOG\01-粗筛-2min\dt2200-bg4-default-flood-20260509-215238-B.log", TCP port 59915, debug mask 0x07
000.000 Station B is connecting station A (TCP port 59915) ... Done.
001.011 New epoch: Sat May  9 21:52:39 2026
001.011 =================================================================
001.011 
001.011 Designed by Jiang Yanjun, build: May  9 2026  21:52:38
001.012 Send DATA 0 15, ID 20000
001.012 Send DATA 1 15, ID 20001
001.012 Send DATA 2 15, ID 20002
001.012 Send DATA 3 15, ID 20003
001.569 Recv DATA 0 15, ID 10000
001.569 Deliver DATA 0, ID 10000
001.569 Slide RECV window, expect 1 next
001.569 Send DATA 4 0, ID 20004
001.569 Send DATA 5 0, ID 20005
001.569 Send DATA 6 0, ID 20006
001.839 Recv DATA 1 15, ID 10001
001.839 Deliver DATA 1, ID 10001
001.839 Slide RECV window, expect 2 next
001.839 Send DATA 7 1, ID 20007
002.092 Recv DATA 2 15, ID 10002
002.092 Deliver DATA 2, ID 10002
002.092 Slide RECV window, expect 3 next
002.220 ---- ACK timeout
002.220 Send ACK  2
002.363 Recv DATA 3 15, ID 10003
002.363 Deliver DATA 3, ID 10003
002.363 Slide RECV window, expect 4 next
002.490 ---- ACK timeout
002.490 Send ACK  3
002.648 Recv DATA 4 0, ID 10004
002.649 Deliver DATA 4, ID 10004
002.649 Slide RECV window, expect 5 next
002.649 Acked DATA 0, slide SEND window
002.649 Send DATA 8 4, ID 20008
002.886 Recv DATA 5 0, ID 10005
002.886 Deliver DATA 5, ID 10005
002.886 Slide RECV window, expect 6 next
003.013 ---- ACK timeout
003.013 Send ACK  5
003.156 Recv DATA 6 0, ID 10006
003.156 Deliver DATA 6, ID 10006
003.156 Slide RECV window, expect 7 next
003.283 ---- ACK timeout
003.283 Send ACK  6
003.411 Recv DATA 7 1, ID 10007
003.411 Deliver DATA 7, ID 10007
003.411 .... 8 packets received, 7699 bps, 96.24%, Err 0 (0.0e+00)
003.411 Slide RECV window, expect 8 next
003.411 Acked DATA 1, slide SEND window
003.411 Send DATA 9 7, ID 20009
003.427 Recv NAK  2
003.427 ---- Resend DATA 2 on NAK
003.427 Send DATA 2 7, ID 20002
003.666 Recv DATA 8 1, ID 10008
003.666 Deliver DATA 8, ID 10008
003.666 Slide RECV window, expect 9 next
003.793 ---- ACK timeout
003.793 Send ACK  8
003.953 Recv DATA 9 1, ID 10009
003.953 Deliver DATA 9, ID 10009
003.953 Slide RECV window, expect 10 next
004.080 ---- ACK timeout
004.080 Send ACK  9
004.208 Recv DATA 10 1, ID 10010
004.208 Deliver DATA 10, ID 10010
004.208 Slide RECV window, expect 11 next
004.335 ---- ACK timeout
004.335 Send ACK  10
004.478 Recv DATA 11 1, ID 10011
004.478 Deliver DATA 11, ID 10011
004.478 Slide RECV window, expect 12 next
004.605 ---- ACK timeout
004.605 Send ACK  11
004.748 Recv DATA 12 1, ID 10012
004.748 Deliver DATA 12, ID 10012
004.748 Slide RECV window, expect 13 next
004.875 ---- ACK timeout
004.875 Send ACK  12
005.002 Recv DATA 13 1, ID 10013
005.002 Deliver DATA 13, ID 10013
005.002 Slide RECV window, expect 14 next
005.129 ---- ACK timeout
005.129 Send ACK  13
005.271 Recv DATA 14 1, ID 10014
005.271 Deliver DATA 14, ID 10014
005.271 Slide RECV window, expect 15 next
005.303 ---- DATA 4 timeout
005.303 Send DATA 4 14, ID 20004
005.335 ---- DATA 3 timeout
005.335 Send DATA 3 14, ID 20003
005.526 Recv DATA 15 1, ID 10015
005.526 Deliver DATA 15, ID 10015
005.526 .... 16 packets received, 7723 bps, 96.54%, Err 0 (0.0e+00)
005.526 Slide RECV window, expect 0 next
005.542 Recv ACK  9
005.542 Acked DATA 2, slide SEND window
005.542 Acked DATA 3, slide SEND window
005.542 Acked DATA 4, slide SEND window
005.542 Acked DATA 5, slide SEND window
005.542 Acked DATA 6, slide SEND window
005.542 Acked DATA 7, slide SEND window
005.542 Acked DATA 8, slide SEND window
005.542 Acked DATA 9, slide SEND window
005.543 Send DATA 10 15, ID 20010
005.543 Send DATA 11 15, ID 20011
005.543 Send DATA 12 15, ID 20012
005.796 Recv DATA 0 9, ID 10016
005.796 Deliver DATA 0, ID 10016
005.796 Slide RECV window, expect 1 next
005.796 Send DATA 13 0, ID 20013
006.066 Recv DATA 1 9, ID 10017
006.066 Deliver DATA 1, ID 10017
006.066 Slide RECV window, expect 2 next
006.066 Send DATA 14 1, ID 20014
006.336 Recv DATA 2 9, ID 10018
006.336 Deliver DATA 2, ID 10018
006.336 Slide RECV window, expect 3 next
006.336 Send DATA 15 2, ID 20015
006.590 Recv DATA 3 9, ID 10019
006.590 Deliver DATA 3, ID 10019
006.590 Slide RECV window, expect 4 next
006.590 Send DATA 0 3, ID 20016
006.860 Recv DATA 4 9, ID 10020
006.860 Deliver DATA 4, ID 10020
006.860 Slide RECV window, expect 5 next
006.860 Send DATA 1 4, ID 20017
007.128 Recv DATA 5 9, ID 10021
007.129 Deliver DATA 5, ID 10021
007.129 Slide RECV window, expect 6 next
007.256 ---- ACK timeout
007.256 Send ACK  5
007.383 Recv DATA 6 9, ID 10022
007.383 Deliver DATA 6, ID 10022
007.383 Slide RECV window, expect 7 next
007.414 Recv ACK  9
007.510 ---- ACK timeout
007.510 Send ACK  6
007.652 Recv DATA 7 10, ID 10023
007.652 Deliver DATA 7, ID 10023
007.652 .... 24 packets received, 7717 bps, 96.47%, Err 0 (0.0e+00)
007.652 Slide RECV window, expect 8 next
007.652 Acked DATA 10, slide SEND window
007.652 Send DATA 2 7, ID 20018
007.684 Recv ACK  11
007.684 Acked DATA 11, slide SEND window
007.684 Send DATA 3 7, ID 20019
007.700 Recv ACK  12
007.700 Acked DATA 12, slide SEND window
007.700 Send DATA 4 7, ID 20020
007.922 Recv DATA 8 13, ID 10024
007.922 Deliver DATA 8, ID 10024
007.922 Slide RECV window, expect 9 next
007.922 Acked DATA 13, slide SEND window
007.922 Send DATA 5 8, ID 20021
008.191 Recv DATA 9 14, ID 10025
008.191 Deliver DATA 9, ID 10025
008.192 Slide RECV window, expect 10 next
008.192 Acked DATA 14, slide SEND window
008.192 Send DATA 6 9, ID 20022
008.462 Recv DATA 10 15, ID 10026
008.462 Deliver DATA 10, ID 10026
008.462 Slide RECV window, expect 11 next
008.462 Acked DATA 15, slide SEND window
008.462 Send DATA 7 10, ID 20023
008.716 Recv DATA 11 0, ID 10027
008.717 Deliver DATA 11, ID 10027
008.717 Slide RECV window, expect 12 next
008.717 Acked DATA 0, slide SEND window
008.717 Send DATA 8 11, ID 20024
008.986 Recv DATA 12 1, ID 10028
008.986 Deliver DATA 12, ID 10028
008.986 Slide RECV window, expect 13 next
008.986 Acked DATA 1, slide SEND window
008.986 Send DATA 9 12, ID 20025
009.240 Recv DATA 13 1, ID 10029
009.240 Deliver DATA 13, ID 10029
009.240 Slide RECV window, expect 14 next
009.367 ---- ACK timeout
009.367 Send ACK  13
009.510 Recv DATA 14 1, ID 10030
009.510 Deliver DATA 14, ID 10030
009.510 Slide RECV window, expect 15 next
009.637 ---- ACK timeout
009.637 Send ACK  14
009.780 Recv DATA 15 2, ID 10031
009.780 Deliver DATA 15, ID 10031
009.780 .... 32 packets received, 7713 bps, 96.41%, Err 0 (0.0e+00)
009.780 Slide RECV window, expect 0 next
009.780 Acked DATA 2, slide SEND window
009.780 Send DATA 10 15, ID 20026
009.812 Recv ACK  3
009.812 Acked DATA 3, slide SEND window
009.812 Send DATA 11 15, ID 20027
009.828 Recv ACK  4
009.828 Acked DATA 4, slide SEND window
009.828 Send DATA 12 15, ID 20028
010.050 Recv DATA 0 5, ID 10032
010.050 Deliver DATA 0, ID 10032
010.050 Slide RECV window, expect 1 next
010.050 Acked DATA 5, slide SEND window
010.050 Send DATA 13 0, ID 20029
010.320 Recv DATA 1 6, ID 10033
010.320 Deliver DATA 1, ID 10033
010.320 Slide RECV window, expect 2 next
010.320 Acked DATA 6, slide SEND window
010.321 Send DATA 14 1, ID 20030
010.574 Recv DATA 2 7, ID 10034
010.574 Deliver DATA 2, ID 10034
010.574 Slide RECV window, expect 3 next
010.574 Acked DATA 7, slide SEND window
010.574 Send DATA 15 2, ID 20031
010.843 Recv DATA 3 8, ID 10035
010.843 Deliver DATA 3, ID 10035
010.844 Slide RECV window, expect 4 next
010.844 Acked DATA 8, slide SEND window
010.844 Send DATA 0 3, ID 20032
011.112 Recv DATA 4 9, ID 10036
011.112 Deliver DATA 4, ID 10036
011.112 Slide RECV window, expect 5 next
011.112 Acked DATA 9, slide SEND window
011.113 Send DATA 1 4, ID 20033
011.366 Recv DATA 5 9, ID 10037
011.366 Deliver DATA 5, ID 10037
011.367 Slide RECV window, expect 6 next
011.494 ---- ACK timeout
011.495 Send ACK  5
011.654 Recv DATA 6 9, ID 10038
011.654 Deliver DATA 6, ID 10038
011.654 Slide RECV window, expect 7 next
011.781 ---- ACK timeout
011.781 Send ACK  6
011.907 Recv DATA 7 10, ID 10039
011.907 Deliver DATA 7, ID 10039
011.907 .... 40 packets received, 7711 bps, 96.39%, Err 0 (0.0e+00)
011.907 Slide RECV window, expect 8 next
011.907 Acked DATA 10, slide SEND window
011.907 Send DATA 2 7, ID 20034
011.923 Recv ACK  11
011.923 Acked DATA 11, slide SEND window
011.923 Send DATA 3 7, ID 20035
011.954 Recv ACK  12
011.954 Acked DATA 12, slide SEND window
011.955 Send DATA 4 7, ID 20036
012.177 Recv DATA 8 13, ID 10040
012.177 Deliver DATA 8, ID 10040
012.177 Slide RECV window, expect 9 next
012.177 Acked DATA 13, slide SEND window
012.177 Send DATA 5 8, ID 20037
012.447 Recv DATA 9 14, ID 10041
012.447 Deliver DATA 9, ID 10041
012.447 Slide RECV window, expect 10 next
012.447 Acked DATA 14, slide SEND window
012.447 Send DATA 6 9, ID 20038
012.716 Recv DATA 10 15, ID 10042
012.716 Deliver DATA 10, ID 10042
012.716 Slide RECV window, expect 11 next
012.716 Acked DATA 15, slide SEND window
012.716 Send DATA 7 10, ID 20039
012.986 Recv DATA 11 0, ID 10043
012.986 Deliver DATA 11, ID 10043
012.986 Slide RECV window, expect 12 next
012.986 Acked DATA 0, slide SEND window
012.986 Send DATA 8 11, ID 20040
013.256 Recv DATA 12 1, ID 10044
013.256 Deliver DATA 12, ID 10044
013.256 Slide RECV window, expect 13 next
013.256 Acked DATA 1, slide SEND window
013.256 Send DATA 9 12, ID 20041
013.510 Recv DATA 13 1, ID 10045
013.510 Deliver DATA 13, ID 10045
013.510 Slide RECV window, expect 14 next
013.637 ---- ACK timeout
013.637 Send ACK  13
013.779 Recv DATA 14 1, ID 10046
013.779 Deliver DATA 14, ID 10046
013.779 Slide RECV window, expect 15 next
013.907 ---- ACK timeout
013.907 Send ACK  14
014.018 Recv DATA 15 2, ID 10047
014.018 Deliver DATA 15, ID 10047
014.018 .... 48 packets received, 7719 bps, 96.49%, Err 0 (0.0e+00)
014.018 Slide RECV window, expect 0 next
014.018 Acked DATA 2, slide SEND window
014.018 Send DATA 10 15, ID 20042
014.050 Recv ACK  3
014.050 Acked DATA 3, slide SEND window
014.050 Send DATA 11 15, ID 20043
014.081 Recv ACK  4
014.081 Acked DATA 4, slide SEND window
014.081 Send DATA 12 15, ID 20044
014.320 Recv DATA 0 5, ID 10048
014.320 Deliver DATA 0, ID 10048
014.320 Slide RECV window, expect 1 next
014.320 Acked DATA 5, slide SEND window
014.320 Send DATA 13 0, ID 20045
014.590 Recv DATA 1 6, ID 10049
014.590 Deliver DATA 1, ID 10049
014.590 Slide RECV window, expect 2 next
014.590 Acked DATA 6, slide SEND window
014.590 Send DATA 14 1, ID 20046
014.828 Recv DATA 2 7, ID 10050
014.828 Deliver DATA 2, ID 10050
014.828 Slide RECV window, expect 3 next
014.828 Acked DATA 7, slide SEND window
014.828 Send DATA 15 2, ID 20047
015.098 Recv DATA 3 8, ID 10051
015.098 Deliver DATA 3, ID 10051
015.098 Slide RECV window, expect 4 next
015.098 Acked DATA 8, slide SEND window
015.098 Send DATA 0 3, ID 20048
015.370 Recv DATA 4 9, ID 10052
015.370 Deliver DATA 4, ID 10052
015.370 Slide RECV window, expect 5 next
015.370 Acked DATA 9, slide SEND window
015.370 Send DATA 1 4, ID 20049
015.624 Recv DATA 5 9, ID 10053
015.624 Deliver DATA 5, ID 10053
015.624 Slide RECV window, expect 6 next
015.751 ---- ACK timeout
015.751 Send ACK  5
015.894 Recv DATA 6 9, ID 10054
015.894 Deliver DATA 6, ID 10054
015.894 Slide RECV window, expect 7 next
016.021 ---- ACK timeout
016.021 Send ACK  6
016.164 Recv DATA 7 10, ID 10055
016.164 Deliver DATA 7, ID 10055
016.164 .... 56 packets received, 7707 bps, 96.34%, Err 0 (0.0e+00)
016.164 Slide RECV window, expect 8 next
016.164 Acked DATA 10, slide SEND window
016.164 Send DATA 2 7, ID 20050
016.196 Recv ACK  11
016.196 Acked DATA 11, slide SEND window
016.196 Send DATA 3 7, ID 20051
016.244 Recv ACK  12
016.244 Acked DATA 12, slide SEND window
016.244 Send DATA 4 7, ID 20052
016.434 Recv DATA 8 13, ID 10056
016.434 Deliver DATA 8, ID 10056
016.434 Slide RECV window, expect 9 next
016.434 Acked DATA 13, slide SEND window
016.434 Send DATA 5 8, ID 20053
016.687 Recv DATA 9 14, ID 10057
016.687 Deliver DATA 9, ID 10057
016.687 Slide RECV window, expect 10 next
016.687 Acked DATA 14, slide SEND window
016.687 Send DATA 6 9, ID 20054
016.958 Recv DATA 10 15, ID 10058
016.958 Deliver DATA 10, ID 10058
016.958 Slide RECV window, expect 11 next
016.958 Acked DATA 15, slide SEND window
016.958 Send DATA 7 10, ID 20055
017.228 Recv DATA 11 0, ID 10059
017.228 Deliver DATA 11, ID 10059
017.228 Slide RECV window, expect 12 next
017.228 Acked DATA 0, slide SEND window
017.228 Send DATA 8 11, ID 20056
017.482 Recv DATA 12 1, ID 10060
017.482 Deliver DATA 12, ID 10060
017.482 Slide RECV window, expect 13 next
017.482 Acked DATA 1, slide SEND window
017.482 Send DATA 9 12, ID 20057
017.752 Recv DATA 13 1, ID 10061
017.752 Deliver DATA 13, ID 10061
017.752 Slide RECV window, expect 14 next
017.879 ---- ACK timeout
017.879 Send ACK  13
018.022 Recv DATA 14 1, ID 10062
018.022 Deliver DATA 14, ID 10062
018.022 Slide RECV window, expect 15 next
018.149 ---- ACK timeout
018.149 Send ACK  14
018.291 Recv DATA 15 2, ID 10063
018.291 Deliver DATA 15, ID 10063
018.292 .... 64 packets received, 7706 bps, 96.33%, Err 0 (0.0e+00)
018.292 Slide RECV window, expect 0 next
018.292 Acked DATA 2, slide SEND window
018.292 Send DATA 10 15, ID 20058
018.323 Recv ACK  3
018.323 Acked DATA 3, slide SEND window
018.324 Send DATA 11 15, ID 20059
018.355 Recv ACK  4
018.355 Acked DATA 4, slide SEND window
018.355 Send DATA 12 15, ID 20060
018.561 Recv DATA 0 5, ID 10064
018.561 Deliver DATA 0, ID 10064
018.561 Slide RECV window, expect 1 next
018.561 Acked DATA 5, slide SEND window
018.561 Send DATA 13 0, ID 20061
018.830 Recv DATA 1 6, ID 10065
018.830 Deliver DATA 1, ID 10065
018.830 Slide RECV window, expect 2 next
018.830 Acked DATA 6, slide SEND window
018.830 Send DATA 14 1, ID 20062
019.099 Recv DATA 2 7, ID 10066
019.099 Deliver DATA 2, ID 10066
019.099 Slide RECV window, expect 3 next
019.099 Acked DATA 7, slide SEND window
019.099 Send DATA 15 2, ID 20063
019.131 Impose noise on received data, 1/144952=6.9E-06
019.354 Recv DATA 3 8, ID 10067
019.354 Deliver DATA 3, ID 10067
019.354 Slide RECV window, expect 4 next
019.354 Acked DATA 8, slide SEND window
019.354 Send DATA 0 3, ID 20064
019.625 Recv DATA 4 9, ID 10068
019.625 Deliver DATA 4, ID 10068
019.625 Slide RECV window, expect 5 next
019.625 Acked DATA 9, slide SEND window
019.625 Send DATA 1 4, ID 20065
019.895 Recv DATA 5 9, ID 10069
019.895 Deliver DATA 5, ID 10069
019.895 Slide RECV window, expect 6 next
020.023 ---- ACK timeout
020.023 Send ACK  5
020.133 Recv DATA 6 9, ID 10070
020.134 Deliver DATA 6, ID 10070
020.134 Slide RECV window, expect 7 next
020.261 ---- ACK timeout
020.261 Send ACK  6
020.419 Recv DATA 7 10, ID 10071
020.419 Deliver DATA 7, ID 10071
020.419 .... 72 packets received, 7706 bps, 96.32%, Err 1 (6.5e-06)
020.419 Slide RECV window, expect 8 next
020.419 Acked DATA 10, slide SEND window
020.419 Send DATA 2 7, ID 20066
020.450 Recv ACK  11
020.450 Acked DATA 11, slide SEND window
020.451 Send DATA 3 7, ID 20067
020.466 Recv ACK  12
020.466 Acked DATA 12, slide SEND window
020.467 Send DATA 4 7, ID 20068
020.499 Impose noise on received data, 2/155896=1.3E-05
020.689 Recv DATA 8 13, ID 10072
020.689 Deliver DATA 8, ID 10072
020.689 Slide RECV window, expect 9 next
020.689 Acked DATA 13, slide SEND window
020.689 Send DATA 5 8, ID 20069
020.959 **** Receiver Error, Bad CRC Checksum
020.959 Request NAK for 9
020.959 Send NAK  9
021.229 Recv DATA 10 15, ID 10074
021.229 Acked DATA 14, slide SEND window
021.229 Acked DATA 15, slide SEND window
021.229 Send DATA 6 8, ID 20070
021.229 Send DATA 7 8, ID 20071
021.483 Recv DATA 11 0, ID 10075
021.483 Acked DATA 0, slide SEND window
021.483 Send DATA 8 8, ID 20072
021.755 Recv DATA 12 1, ID 10076
021.755 Acked DATA 1, slide SEND window
021.755 Send DATA 9 8, ID 20073
022.023 Recv DATA 13 1, ID 10077
022.261 Recv DATA 14 1, ID 10078
022.530 Recv DATA 15 2, ID 10079
022.530 Acked DATA 2, slide SEND window
022.530 Send DATA 10 8, ID 20074
022.562 Recv ACK  3
022.562 Acked DATA 3, slide SEND window
022.562 Send DATA 11 8, ID 20075
022.593 Recv ACK  4
022.593 Acked DATA 4, slide SEND window
022.594 Send DATA 12 8, ID 20076
022.799 Recv DATA 0 5, ID 10080
022.800 Acked DATA 5, slide SEND window
022.800 Send DATA 13 8, ID 20077
023.069 Recv DATA 9 5, ID 10073
023.069 Deliver DATA 9, ID 10073
023.069 .... 74 packets received, 6956 bps, 86.95%, Err 2 (1.1e-05)
023.069 Deliver DATA 10, ID 10074
023.069 Deliver DATA 11, ID 10075
023.069 Deliver DATA 12, ID 10076
023.069 Deliver DATA 13, ID 10077
023.069 Deliver DATA 14, ID 10078
023.078 Deliver DATA 15, ID 10079
023.078 Deliver DATA 0, ID 10080
023.078 Slide RECV window, expect 1 next
023.101 Recv ACK  6
023.101 Acked DATA 6, slide SEND window
023.101 Send DATA 14 0, ID 20078
023.260 Recv ACK  7
023.260 Acked DATA 7, slide SEND window
023.260 Send DATA 15 0, ID 20079
023.499 Recv ACK  8
023.499 Acked DATA 8, slide SEND window
023.499 Send DATA 0 0, ID 20080
023.800 Recv ACK  9
023.800 Acked DATA 9, slide SEND window
023.800 Send DATA 1 0, ID 20081
023.896 Recv ACK  10
023.896 Acked DATA 10, slide SEND window
023.896 Send DATA 2 0, ID 20082
024.135 Recv DATA 10 10, ID 10074
024.135 Ignore out-of-window DATA 10
024.167 Recv ACK  11
024.167 Acked DATA 11, slide SEND window
024.167 Send DATA 3 0, ID 20083
024.420 Recv DATA 11 12, ID 10075
024.420 Ignore out-of-window DATA 11
024.420 Acked DATA 12, slide SEND window
024.421 Send DATA 4 0, ID 20084
024.691 Recv DATA 12 13, ID 10076
024.691 Ignore out-of-window DATA 12
024.691 Acked DATA 13, slide SEND window
024.691 Send DATA 5 0, ID 20085
024.961 Recv DATA 1 14, ID 10081
024.961 Deliver DATA 1, ID 10081
024.961 Slide RECV window, expect 2 next
024.961 Acked DATA 14, slide SEND window
024.961 Send DATA 6 1, ID 20086
025.230 Recv DATA 2 14, ID 10082
025.230 Deliver DATA 2, ID 10082
025.230 .... 83 packets received, 7098 bps, 88.73%, Err 2 (1.1e-05)
025.230 Slide RECV window, expect 3 next
025.356 ---- ACK timeout
025.356 Send ACK  2
025.483 Recv DATA 3 14, ID 10083
025.483 Deliver DATA 3, ID 10083
025.483 Slide RECV window, expect 4 next
025.610 ---- ACK timeout
025.610 Send ACK  3
025.753 Recv DATA 4 14, ID 10084
025.753 Deliver DATA 4, ID 10084
025.753 Slide RECV window, expect 5 next
025.882 ---- ACK timeout
025.882 Send ACK  4
026.008 Recv DATA 5 14, ID 10085
026.008 Deliver DATA 5, ID 10085
026.008 Slide RECV window, expect 6 next
026.136 ---- ACK timeout
026.136 Send ACK  5
026.278 Recv DATA 6 15, ID 10086
026.278 Deliver DATA 6, ID 10086
026.279 Slide RECV window, expect 7 next
026.279 Acked DATA 15, slide SEND window
026.279 Send DATA 7 6, ID 20087
026.549 Recv DATA 7 0, ID 10087
026.549 Deliver DATA 7, ID 10087
026.549 Slide RECV window, expect 8 next
026.549 Acked DATA 0, slide SEND window
026.549 Send DATA 8 7, ID 20088
026.581 Recv ACK  1
026.581 Acked DATA 1, slide SEND window
026.581 Send DATA 9 7, ID 20089
026.816 Recv DATA 8 1, ID 10088
026.816 Deliver DATA 8, ID 10088
026.816 Slide RECV window, expect 9 next
026.848 Recv ACK  2
026.848 Acked DATA 2, slide SEND window
026.848 Send DATA 10 8, ID 20090
026.880 Recv ACK  3
026.880 Acked DATA 3, slide SEND window
026.880 Send DATA 11 8, ID 20091
026.912 Recv ACK  4
026.912 Acked DATA 4, slide SEND window
026.912 Send DATA 12 8, ID 20092
026.928 Recv ACK  5
026.928 Acked DATA 5, slide SEND window
026.928 Send DATA 13 8, ID 20093
027.118 Recv DATA 9 6, ID 10089
027.118 Deliver DATA 9, ID 10089
027.118 Slide RECV window, expect 10 next
027.118 Acked DATA 6, slide SEND window
027.118 Send DATA 14 9, ID 20094
027.372 Recv DATA 10 6, ID 10090
027.372 Deliver DATA 10, ID 10090
027.372 .... 91 packets received, 7144 bps, 89.29%, Err 2 (9.8e-06)
027.372 Slide RECV window, expect 11 next
027.499 ---- ACK timeout
027.499 Send ACK  10
027.626 Recv DATA 11 6, ID 10091
027.626 Deliver DATA 11, ID 10091
027.626 Slide RECV window, expect 12 next
027.753 ---- ACK timeout
027.753 Send ACK  11
027.896 Recv DATA 12 6, ID 10092
027.896 Deliver DATA 12, ID 10092
027.896 Slide RECV window, expect 13 next
028.023 ---- ACK timeout
028.023 Send ACK  12
028.165 Recv DATA 13 6, ID 10093
028.165 Deliver DATA 13, ID 10093
028.165 Slide RECV window, expect 14 next
028.196 Recv ACK  7
028.196 Acked DATA 7, slide SEND window
028.197 Send DATA 15 13, ID 20095
028.434 Recv DATA 14 7, ID 10094
028.434 Deliver DATA 14, ID 10094
028.434 Slide RECV window, expect 15 next
028.466 Recv ACK  8
028.466 Acked DATA 8, slide SEND window
028.466 Send DATA 0 14, ID 20096
028.688 Recv DATA 15 8, ID 10095
028.688 Deliver DATA 15, ID 10095
028.688 Slide RECV window, expect 0 next
028.704 Recv ACK  9
028.704 Acked DATA 9, slide SEND window
028.712 Send DATA 1 15, ID 20097
028.957 Recv DATA 0 10, ID 10096
028.957 Deliver DATA 0, ID 10096
028.957 Slide RECV window, expect 1 next
028.957 Acked DATA 10, slide SEND window
028.957 Send DATA 2 0, ID 20098
028.973 Recv NAK  11
028.973 ---- Resend DATA 11 on NAK
028.973 Send DATA 11 0, ID 20091
029.260 Recv DATA 1 10, ID 10097
029.260 Deliver DATA 1, ID 10097
029.260 Slide RECV window, expect 2 next
029.386 ---- ACK timeout
029.386 Send ACK  1
029.497 Recv DATA 2 10, ID 10098
029.497 Deliver DATA 2, ID 10098
029.497 .... 99 packets received, 7186 bps, 89.83%, Err 2 (9.0e-06)
029.497 Slide RECV window, expect 3 next
029.623 ---- ACK timeout
029.623 Send ACK  2
029.782 Recv DATA 3 10, ID 10099
029.782 Deliver DATA 3, ID 10099
029.782 Slide RECV window, expect 4 next
029.909 ---- ACK timeout
029.909 Send ACK  3
030.052 Recv DATA 4 10, ID 10100
030.052 Deliver DATA 4, ID 10100
030.052 Slide RECV window, expect 5 next
030.180 ---- ACK timeout
030.180 Send ACK  4
030.307 Recv DATA 5 10, ID 10101
030.307 Deliver DATA 5, ID 10101
030.307 Slide RECV window, expect 6 next
030.433 ---- ACK timeout
030.433 Send ACK  5
030.576 Recv DATA 6 10, ID 10102
030.576 Deliver DATA 6, ID 10102
030.576 Slide RECV window, expect 7 next
030.703 ---- ACK timeout
030.703 Send ACK  6
030.830 Recv DATA 7 10, ID 10103
030.830 Deliver DATA 7, ID 10103
030.830 Slide RECV window, expect 8 next
030.957 ---- ACK timeout
030.957 Send ACK  7
031.005 Impose noise on received data, 3/233568=1.3E-05
031.020 ---- DATA 12 timeout
031.021 Send DATA 12 7, ID 20092
031.115 Recv DATA 8 10, ID 10104
031.115 Deliver DATA 8, ID 10104
031.115 Slide RECV window, expect 9 next
031.131 Recv ACK  2
031.131 Acked DATA 11, slide SEND window
031.131 Acked DATA 12, slide SEND window
031.131 Acked DATA 13, slide SEND window
031.131 Acked DATA 14, slide SEND window
031.131 Acked DATA 15, slide SEND window
031.131 Acked DATA 0, slide SEND window
031.131 Acked DATA 1, slide SEND window
031.131 Acked DATA 2, slide SEND window
031.132 Send DATA 3 8, ID 20099
031.132 Send DATA 4 8, ID 20100
031.132 Send DATA 5 8, ID 20101
031.132 Send DATA 6 8, ID 20102
031.369 Recv DATA 9 2, ID 10105
031.369 Deliver DATA 9, ID 10105
031.369 Slide RECV window, expect 10 next
031.369 Send DATA 7 9, ID 20103
031.624 Recv DATA 10 2, ID 10106
031.624 Deliver DATA 10, ID 10106
031.624 .... 107 packets received, 7222 bps, 90.28%, Err 3 (1.3e-05)
031.624 Slide RECV window, expect 11 next
031.624 Send DATA 8 10, ID 20104
031.910 Recv DATA 11 2, ID 10107
031.910 Deliver DATA 11, ID 10107
031.910 Slide RECV window, expect 12 next
031.910 Send DATA 9 11, ID 20105
032.180 Recv DATA 12 2, ID 10108
032.180 Deliver DATA 12, ID 10108
032.180 Slide RECV window, expect 13 next
032.180 Send DATA 10 12, ID 20106
032.434 Recv DATA 13 2, ID 10109
032.434 Deliver DATA 13, ID 10109
032.434 Slide RECV window, expect 14 next
032.561 ---- ACK timeout
032.561 Send ACK  13
032.687 Recv DATA 14 2, ID 10110
032.687 Deliver DATA 14, ID 10110
032.687 Slide RECV window, expect 15 next
032.815 ---- ACK timeout
032.815 Send ACK  14
032.957 Recv DATA 15 2, ID 10111
032.957 Deliver DATA 15, ID 10111
032.957 Slide RECV window, expect 0 next
033.084 ---- ACK timeout
033.084 Send ACK  15
033.226 Recv DATA 0 3, ID 10112
033.226 Deliver DATA 0, ID 10112
033.226 Slide RECV window, expect 1 next
033.226 Acked DATA 3, slide SEND window
033.226 Send DATA 11 0, ID 20107
033.242 Recv ACK  4
033.242 Acked DATA 4, slide SEND window
033.242 Send DATA 12 0, ID 20108
033.273 Recv ACK  5
033.273 Acked DATA 5, slide SEND window
033.273 Send DATA 13 0, ID 20109
033.305 Recv ACK  6
033.305 Acked DATA 6, slide SEND window
033.305 Send DATA 14 0, ID 20110
033.495 Recv DATA 1 7, ID 10113
033.495 Deliver DATA 1, ID 10113
033.495 Slide RECV window, expect 2 next
033.495 Acked DATA 7, slide SEND window
033.496 Send DATA 15 1, ID 20111
033.764 Recv DATA 2 8, ID 10114
033.764 Deliver DATA 2, ID 10114
033.764 .... 115 packets received, 7251 bps, 90.64%, Err 3 (1.2e-05)
033.764 Slide RECV window, expect 3 next
033.764 Acked DATA 8, slide SEND window
033.765 Send DATA 0 2, ID 20112
034.033 Recv DATA 3 9, ID 10115
034.033 Deliver DATA 3, ID 10115
034.033 Slide RECV window, expect 4 next
034.033 Acked DATA 9, slide SEND window
034.033 Send DATA 1 3, ID 20113
034.304 Recv DATA 4 10, ID 10116
034.304 Deliver DATA 4, ID 10116
034.304 Slide RECV window, expect 5 next
034.304 Acked DATA 10, slide SEND window
034.304 Send DATA 2 4, ID 20114
034.542 Recv DATA 5 10, ID 10117
034.542 Deliver DATA 5, ID 10117
034.542 Slide RECV window, expect 6 next
034.668 ---- ACK timeout
034.668 Send ACK  5
034.812 Recv DATA 6 10, ID 10118
034.812 Deliver DATA 6, ID 10118
034.812 Slide RECV window, expect 7 next
034.939 ---- ACK timeout
034.939 Send ACK  6
035.082 Recv DATA 7 10, ID 10119
035.082 Deliver DATA 7, ID 10119
035.082 Slide RECV window, expect 8 next
035.210 ---- ACK timeout
035.210 Send ACK  7
035.353 Recv DATA 8 11, ID 10120
035.353 Deliver DATA 8, ID 10120
035.353 Slide RECV window, expect 9 next
035.353 Acked DATA 11, slide SEND window
035.353 Send DATA 3 8, ID 20115
035.368 Recv ACK  12
035.368 Acked DATA 12, slide SEND window
035.368 Send DATA 4 8, ID 20116
035.400 Recv ACK  13
035.400 Acked DATA 13, slide SEND window
035.400 Send DATA 5 8, ID 20117
035.432 Recv ACK  14
035.432 Acked DATA 14, slide SEND window
035.432 Send DATA 6 8, ID 20118
035.623 Recv DATA 9 15, ID 10121
035.623 Deliver DATA 9, ID 10121
035.623 Slide RECV window, expect 10 next
035.623 Acked DATA 15, slide SEND window
035.623 Send DATA 7 9, ID 20119
035.893 Recv DATA 10 0, ID 10122
035.893 Deliver DATA 10, ID 10122
035.893 .... 123 packets received, 7278 bps, 90.98%, Err 3 (1.1e-05)
035.893 Slide RECV window, expect 11 next
035.893 Acked DATA 0, slide SEND window
035.894 Send DATA 8 10, ID 20120
036.146 Recv DATA 11 1, ID 10123
036.146 Deliver DATA 11, ID 10123
036.146 Slide RECV window, expect 12 next
036.146 Acked DATA 1, slide SEND window
036.147 Send DATA 9 11, ID 20121
036.415 Recv DATA 12 2, ID 10124
036.415 Deliver DATA 12, ID 10124
036.415 Slide RECV window, expect 13 next
036.415 Acked DATA 2, slide SEND window
036.416 Send DATA 10 12, ID 20122
036.669 Recv DATA 13 2, ID 10125
036.669 Deliver DATA 13, ID 10125
036.669 Slide RECV window, expect 14 next
036.797 ---- ACK timeout
036.797 Send ACK  13
036.956 Recv DATA 14 2, ID 10126
036.956 Deliver DATA 14, ID 10126
036.956 Slide RECV window, expect 15 next
037.082 ---- ACK timeout
037.083 Send ACK  14
037.209 Recv DATA 15 2, ID 10127
037.209 Deliver DATA 15, ID 10127
037.209 Slide RECV window, expect 0 next
037.336 ---- ACK timeout
037.336 Send ACK  15
037.479 Recv DATA 0 3, ID 10128
037.479 Deliver DATA 0, ID 10128
037.479 Slide RECV window, expect 1 next
037.479 Acked DATA 3, slide SEND window
037.479 Send DATA 11 0, ID 20123
037.511 Recv ACK  4
037.511 Acked DATA 4, slide SEND window
037.511 Send DATA 12 0, ID 20124
037.543 Recv ACK  5
037.543 Acked DATA 5, slide SEND window
037.543 Send DATA 13 0, ID 20125
037.574 Recv ACK  6
037.574 Acked DATA 6, slide SEND window
037.574 Send DATA 14 0, ID 20126
037.749 Recv DATA 1 7, ID 10129
037.749 Deliver DATA 1, ID 10129
037.749 Slide RECV window, expect 2 next
037.749 Acked DATA 7, slide SEND window
037.749 Send DATA 15 1, ID 20127
038.019 Recv DATA 2 8, ID 10130
038.019 Deliver DATA 2, ID 10130
038.019 .... 131 packets received, 7303 bps, 91.29%, Err 3 (1.0e-05)
038.019 Slide RECV window, expect 3 next
038.019 Acked DATA 8, slide SEND window
038.019 Send DATA 0 2, ID 20128
038.288 Recv DATA 3 9, ID 10131
038.288 Deliver DATA 3, ID 10131
038.288 Slide RECV window, expect 4 next
038.288 Acked DATA 9, slide SEND window
038.288 Send DATA 1 3, ID 20129
038.559 Recv DATA 4 10, ID 10132
038.559 Deliver DATA 4, ID 10132
038.559 Slide RECV window, expect 5 next
038.559 Acked DATA 10, slide SEND window
038.559 Send DATA 2 4, ID 20130
038.812 Recv DATA 5 10, ID 10133
038.812 Deliver DATA 5, ID 10133
038.812 Slide RECV window, expect 6 next
038.923 Impose noise on received data, 4/297040=1.3E-05
038.939 ---- ACK timeout
038.939 Send ACK  5
039.082 Recv DATA 6 10, ID 10134
039.082 Deliver DATA 6, ID 10134
039.091 Slide RECV window, expect 7 next
039.208 ---- ACK timeout
039.208 Send ACK  6
039.335 **** Receiver Error, Bad CRC Checksum
039.335 Request NAK for 7
039.335 Send NAK  7
039.622 Recv DATA 8 11, ID 10136
039.622 Acked DATA 11, slide SEND window
039.622 Send DATA 3 6, ID 20131
039.654 Recv ACK  12
039.654 Acked DATA 12, slide SEND window
039.654 Send DATA 4 6, ID 20132
039.685 Recv ACK  13
039.685 Acked DATA 13, slide SEND window
039.686 Send DATA 5 6, ID 20133
039.717 Recv ACK  14
039.717 Acked DATA 14, slide SEND window
039.717 Send DATA 6 6, ID 20134
039.891 Recv DATA 9 15, ID 10137
039.892 Acked DATA 15, slide SEND window
039.892 Send DATA 7 6, ID 20135
040.162 Recv DATA 10 0, ID 10138
040.162 Acked DATA 0, slide SEND window
040.162 Send DATA 8 6, ID 20136
040.431 Recv DATA 11 1, ID 10139
040.431 Acked DATA 1, slide SEND window
040.431 Send DATA 9 6, ID 20137
040.685 Recv DATA 12 2, ID 10140
040.685 Acked DATA 2, slide SEND window
040.685 Send DATA 10 6, ID 20138
040.955 Recv DATA 13 2, ID 10141
041.210 Recv DATA 14 2, ID 10142
041.480 Recv DATA 7 2, ID 10135
041.480 Deliver DATA 7, ID 10135
041.480 .... 136 packets received, 6929 bps, 86.61%, Err 4 (1.3e-05)
041.480 Deliver DATA 8, ID 10136
041.480 Deliver DATA 9, ID 10137
041.480 Deliver DATA 10, ID 10138
041.480 Deliver DATA 11, ID 10139
041.480 Deliver DATA 12, ID 10140
041.480 Deliver DATA 13, ID 10141
041.481 Deliver DATA 14, ID 10142
041.481 Slide RECV window, expect 15 next
041.512 Recv ACK  3
041.512 Acked DATA 3, slide SEND window
041.512 Send DATA 11 14, ID 20139
041.543 Recv ACK  4
041.543 Acked DATA 4, slide SEND window
041.543 Send DATA 12 14, ID 20140
041.813 Recv ACK  5
041.813 Acked DATA 5, slide SEND window
041.813 Send DATA 13 14, ID 20141
042.083 Recv ACK  6
042.083 Acked DATA 6, slide SEND window
042.083 Send DATA 14 14, ID 20142
042.354 Recv ACK  7
042.354 Acked DATA 7, slide SEND window
042.354 Send DATA 15 14, ID 20143
042.433 Recv ACK  8
042.433 Acked DATA 8, slide SEND window
042.433 Send DATA 0 14, ID 20144
042.465 Recv ACK  9
042.465 Acked DATA 9, slide SEND window
042.465 Send DATA 1 14, ID 20145
042.688 Recv DATA 9 9, ID 10137
042.688 Ignore out-of-window DATA 9
042.704 Recv ACK  10
042.704 Acked DATA 10, slide SEND window
042.815 ---- ACK timeout
042.816 Send ACK  14
042.816 Send DATA 2 14, ID 20146
042.958 Recv DATA 10 10, ID 10138
042.958 Ignore out-of-window DATA 10
043.084 ---- ACK timeout
043.084 Send ACK  14
043.227 Recv DATA 15 11, ID 10143
043.227 Deliver DATA 15, ID 10143
043.227 Slide RECV window, expect 0 next
043.227 Acked DATA 11, slide SEND window
043.227 Send DATA 3 15, ID 20147
043.482 Recv DATA 0 11, ID 10144
043.482 Deliver DATA 0, ID 10144
043.482 .... 145 packets received, 7037 bps, 87.97%, Err 4 (1.2e-05)
043.482 Slide RECV window, expect 1 next
043.608 ---- ACK timeout
043.608 Send ACK  0
043.750 Recv DATA 1 11, ID 10145
043.750 Deliver DATA 1, ID 10145
043.750 Slide RECV window, expect 2 next
043.878 ---- ACK timeout
043.878 Send ACK  1
044.021 Recv DATA 2 11, ID 10146
044.021 Deliver DATA 2, ID 10146
044.021 Slide RECV window, expect 3 next
044.148 ---- ACK timeout
044.148 Send ACK  2
044.275 Recv DATA 3 12, ID 10147
044.275 Deliver DATA 3, ID 10147
044.275 Slide RECV window, expect 4 next
044.275 Acked DATA 12, slide SEND window
044.275 Send DATA 4 3, ID 20148
044.545 Recv DATA 4 13, ID 10148
044.545 Deliver DATA 4, ID 10148
044.545 Slide RECV window, expect 5 next
044.546 Acked DATA 13, slide SEND window
044.546 Send DATA 5 4, ID 20149
044.783 Recv DATA 5 14, ID 10149
044.783 Deliver DATA 5, ID 10149
044.783 Slide RECV window, expect 6 next
044.783 Acked DATA 14, slide SEND window
044.783 Send DATA 6 5, ID 20150
045.054 Recv DATA 6 15, ID 10150
045.054 Deliver DATA 6, ID 10150
045.054 Slide RECV window, expect 7 next
045.054 Acked DATA 15, slide SEND window
045.054 Send DATA 7 6, ID 20151
045.085 Recv ACK  0
045.085 Acked DATA 0, slide SEND window
045.086 Send DATA 8 6, ID 20152
045.117 Recv NAK  1
045.117 ---- Resend DATA 1 on NAK
045.117 Send DATA 1 6, ID 20145
045.355 Recv DATA 7 0, ID 10151
045.355 Deliver DATA 7, ID 10151
045.364 Slide RECV window, expect 8 next
045.481 ---- ACK timeout
045.481 Send ACK  7
045.608 Recv DATA 8 0, ID 10152
045.608 Deliver DATA 8, ID 10152
045.608 .... 153 packets received, 7069 bps, 88.37%, Err 4 (1.2e-05)
045.608 Slide RECV window, expect 9 next
045.735 ---- ACK timeout
045.735 Send ACK  8
045.879 Recv DATA 9 0, ID 10153
045.879 Deliver DATA 9, ID 10153
045.879 Slide RECV window, expect 10 next
046.005 ---- ACK timeout
046.006 Send ACK  9
046.132 Recv DATA 10 0, ID 10154
046.132 Deliver DATA 10, ID 10154
046.132 Slide RECV window, expect 11 next
046.258 ---- ACK timeout
046.258 Send ACK  10
046.401 Recv DATA 11 0, ID 10155
046.401 Deliver DATA 11, ID 10155
046.401 Slide RECV window, expect 12 next
046.528 ---- ACK timeout
046.528 Send ACK  11
046.670 Recv DATA 12 0, ID 10156
046.670 Deliver DATA 12, ID 10156
046.670 Slide RECV window, expect 13 next
046.798 ---- ACK timeout
046.798 Send ACK  12
046.941 Recv DATA 13 0, ID 10157
046.941 Deliver DATA 13, ID 10157
046.941 Slide RECV window, expect 14 next
047.068 ---- ACK timeout
047.068 Send ACK  13
047.116 ---- DATA 4 timeout
047.116 Send DATA 4 13, ID 20148
047.195 Recv DATA 14 0, ID 10158
047.195 Deliver DATA 14, ID 10158
047.195 Slide RECV window, expect 15 next
047.323 ---- ACK timeout
047.323 Send ACK  14
047.370 ---- DATA 5 timeout
047.370 Send DATA 5 14, ID 20149
047.450 Recv DATA 15 8, ID 10159
047.450 Deliver DATA 15, ID 10159
047.450 Slide RECV window, expect 0 next
047.450 Acked DATA 1, slide SEND window
047.450 Acked DATA 2, slide SEND window
047.450 Acked DATA 3, slide SEND window
047.450 Acked DATA 4, slide SEND window
047.450 Acked DATA 5, slide SEND window
047.450 Acked DATA 6, slide SEND window
047.450 Acked DATA 7, slide SEND window
047.450 Acked DATA 8, slide SEND window
047.451 Send DATA 9 15, ID 20153
047.451 Send DATA 10 15, ID 20154
047.451 Send DATA 11 15, ID 20155
047.451 Send DATA 12 15, ID 20156
047.720 Recv DATA 0 8, ID 10160
047.720 Deliver DATA 0, ID 10160
047.720 .... 161 packets received, 7101 bps, 88.76%, Err 4 (1.1e-05)
047.720 Slide RECV window, expect 1 next
047.720 Send DATA 13 0, ID 20157
047.958 Impose noise on received data, 5/362216=1.4E-05
047.990 Recv DATA 1 8, ID 10161
047.990 Deliver DATA 1, ID 10161
047.990 Slide RECV window, expect 2 next
047.991 Send DATA 14 1, ID 20158
048.261 **** Receiver Error, Bad CRC Checksum
048.261 Request NAK for 2
048.261 Send NAK  2
048.261 Send DATA 15 1, ID 20159
048.498 Recv DATA 3 8, ID 10163
048.499 Send DATA 0 1, ID 20160
048.768 Recv DATA 4 8, ID 10164
049.023 Recv DATA 5 8, ID 10165
049.293 Recv DATA 6 8, ID 10166
049.565 Recv DATA 7 9, ID 10167
049.565 Acked DATA 9, slide SEND window
049.565 Send DATA 1 1, ID 20161
049.596 Recv ACK  10
049.596 Acked DATA 10, slide SEND window
049.597 Send DATA 2 1, ID 20162
049.628 Recv ACK  11
049.628 Acked DATA 11, slide SEND window
049.629 Send DATA 3 1, ID 20163
049.660 Recv ACK  12
049.660 Acked DATA 12, slide SEND window
049.660 Send DATA 4 1, ID 20164
049.835 Recv DATA 8 13, ID 10168
049.835 Acked DATA 13, slide SEND window
049.835 Send DATA 5 1, ID 20165
050.057 Impose noise on received data, 6/379008=1.6E-05
050.104 Recv DATA 9 14, ID 10169
050.104 Acked DATA 14, slide SEND window
050.104 Send DATA 6 1, ID 20166
050.390 **** Receiver Error, Bad CRC Checksum
050.454 Recv ACK  15
050.454 Acked DATA 15, slide SEND window
050.454 Send DATA 7 1, ID 20167
050.724 Recv ACK  0
050.724 Acked DATA 0, slide SEND window
050.724 Send DATA 8 1, ID 20168
050.978 Recv ACK  1
050.978 Acked DATA 1, slide SEND window
050.978 Send DATA 9 1, ID 20169
051.232 Recv ACK  2
051.232 Acked DATA 2, slide SEND window
051.232 Send DATA 10 1, ID 20170
051.501 Recv ACK  3
051.502 Acked DATA 3, slide SEND window
051.502 Send DATA 11 1, ID 20171
051.518 Recv ACK  4
051.518 Acked DATA 4, slide SEND window
051.834 Recv DATA 3 4, ID 10163
051.834 Send DATA 12 1, ID 20172
052.041 Recv ACK  5
052.041 Acked DATA 5, slide SEND window
052.041 Send DATA 13 1, ID 20173
052.072 Recv ACK  6
052.073 Acked DATA 6, slide SEND window
052.295 Recv DATA 4 6, ID 10164
052.297 Send DATA 14 1, ID 20174
052.343 Recv ACK  7
052.343 Acked DATA 7, slide SEND window
052.597 Recv DATA 5 7, ID 10165
052.597 Send DATA 15 1, ID 20175
052.866 Recv DATA 8 7, ID 10168
052.898 Recv ACK  8
052.898 Acked DATA 8, slide SEND window
052.898 Send DATA 0 1, ID 20176
053.151 Recv DATA 6 8, ID 10166
053.390 Recv DATA 9 8, ID 10169
053.422 Recv ACK  9
053.422 Acked DATA 9, slide SEND window
053.422 Send DATA 1 1, ID 20177
053.692 Recv DATA 7 9, ID 10167
053.724 Recv ACK  10
053.724 Acked DATA 10, slide SEND window
053.724 Send DATA 2 1, ID 20178
053.946 Recv DATA 2 10, ID 10162
053.946 Deliver DATA 2, ID 10162
053.946 .... 163 packets received, 6339 bps, 79.24%, Err 6 (1.5e-05)
053.946 Deliver DATA 3, ID 10163
053.946 Deliver DATA 4, ID 10164
053.946 Deliver DATA 5, ID 10165
053.946 Deliver DATA 6, ID 10166
053.946 Deliver DATA 7, ID 10167
053.946 Deliver DATA 8, ID 10168
053.946 Deliver DATA 9, ID 10169
053.946 Slide RECV window, expect 10 next
053.977 Recv ACK  11
053.977 Acked DATA 11, slide SEND window
053.977 Send DATA 3 9, ID 20179
054.152 Recv ACK  12
054.152 Acked DATA 12, slide SEND window
054.153 Send DATA 4 9, ID 20180
054.280 Recv ACK  13
054.280 Acked DATA 13, slide SEND window
054.280 Send DATA 5 9, ID 20181
054.312 Recv ACK  14
054.312 Acked DATA 14, slide SEND window
054.312 Send DATA 6 9, ID 20182
054.535 Recv DATA 3 14, ID 10163
054.535 Ignore out-of-window DATA 3
054.663 ---- ACK timeout
054.663 Send ACK  9
054.694 Recv ACK  15
054.694 Acked DATA 15, slide SEND window
054.695 Send DATA 7 9, ID 20183
054.742 Recv ACK  0
054.742 Acked DATA 0, slide SEND window
054.980 Recv DATA 4 0, ID 10164
054.980 Ignore out-of-window DATA 4
054.980 Send DATA 8 9, ID 20184
055.060 Recv ACK  1
055.060 Acked DATA 1, slide SEND window
055.330 Recv DATA 5 1, ID 10165
055.330 Ignore out-of-window DATA 5
055.331 Send DATA 9 9, ID 20185
055.362 Recv ACK  2
055.362 Acked DATA 2, slide SEND window
055.362 Send DATA 10 9, ID 20186
055.600 Recv DATA 10 3, ID 10170
055.601 Deliver DATA 10, ID 10170
055.601 Slide RECV window, expect 11 next
055.601 Acked DATA 3, slide SEND window
055.601 Send DATA 11 10, ID 20187
055.885 Recv DATA 11 3, ID 10171
055.885 Deliver DATA 11, ID 10171
055.885 Slide RECV window, expect 12 next
056.013 ---- ACK timeout
056.013 Send ACK  11
056.124 Recv DATA 12 3, ID 10172
056.124 Deliver DATA 12, ID 10172
056.124 .... 173 packets received, 6461 bps, 80.76%, Err 6 (1.5e-05)
056.124 Slide RECV window, expect 13 next
056.251 ---- ACK timeout
056.251 Send ACK  12
056.393 Recv DATA 13 3, ID 10173
056.393 Deliver DATA 13, ID 10173
056.393 Slide RECV window, expect 14 next
056.521 ---- ACK timeout
056.521 Send ACK  13
056.680 Recv DATA 14 3, ID 10174
056.680 Deliver DATA 14, ID 10174
056.680 Slide RECV window, expect 15 next
056.696 Recv ACK  4
056.696 Acked DATA 4, slide SEND window
056.696 Send DATA 12 14, ID 20188
056.950 Recv DATA 15 4, ID 10175
056.950 Deliver DATA 15, ID 10175
056.950 Slide RECV window, expect 0 next
056.966 Recv ACK  5
056.966 Acked DATA 5, slide SEND window
056.966 Send DATA 13 15, ID 20189
057.218 Recv DATA 0 5, ID 10176
057.218 Deliver DATA 0, ID 10176
057.218 Slide RECV window, expect 1 next
057.234 Recv ACK  6
057.234 Acked DATA 6, slide SEND window
057.235 Send DATA 14 0, ID 20190
057.489 Recv DATA 1 6, ID 10177
057.489 Deliver DATA 1, ID 10177
057.489 Slide RECV window, expect 2 next
057.505 Recv ACK  7
057.505 Acked DATA 7, slide SEND window
057.505 Send DATA 15 1, ID 20191
057.537 Recv ACK  8
057.537 Acked DATA 8, slide SEND window
057.538 Send DATA 0 1, ID 20192
057.569 Recv ACK  9
057.569 Acked DATA 9, slide SEND window
057.570 Send DATA 1 1, ID 20193
057.601 Recv ACK  10
057.601 Acked DATA 10, slide SEND window
057.601 Send DATA 2 1, ID 20194
057.760 Recv DATA 2 11, ID 10178
057.760 Deliver DATA 2, ID 10178
057.760 Slide RECV window, expect 3 next
057.760 Acked DATA 11, slide SEND window
057.760 Send DATA 3 2, ID 20195
058.029 Recv DATA 3 11, ID 10179
058.029 Deliver DATA 3, ID 10179
058.029 Slide RECV window, expect 4 next
058.156 ---- ACK timeout
058.156 Send ACK  3
058.299 Recv DATA 4 11, ID 10180
058.299 Deliver DATA 4, ID 10180
058.299 .... 181 packets received, 6501 bps, 81.27%, Err 6 (1.4e-05)
058.299 Slide RECV window, expect 5 next
058.427 ---- ACK timeout
058.427 Send ACK  4
058.554 Recv DATA 5 11, ID 10181
058.554 Deliver DATA 5, ID 10181
058.554 Slide RECV window, expect 6 next
058.681 ---- ACK timeout
058.681 Send ACK  5
058.841 Recv DATA 6 12, ID 10182
058.841 Deliver DATA 6, ID 10182
058.841 Slide RECV window, expect 7 next
058.841 Acked DATA 12, slide SEND window
058.841 Send DATA 4 6, ID 20196
059.094 Recv DATA 7 13, ID 10183
059.094 Deliver DATA 7, ID 10183
059.094 Slide RECV window, expect 8 next
059.094 Acked DATA 13, slide SEND window
059.095 Send DATA 5 7, ID 20197
059.364 Recv DATA 8 14, ID 10184
059.364 Deliver DATA 8, ID 10184
059.364 Slide RECV window, expect 9 next
059.364 Acked DATA 14, slide SEND window
059.364 Send DATA 6 8, ID 20198
059.633 Recv DATA 9 15, ID 10185
059.633 Deliver DATA 9, ID 10185
059.633 Slide RECV window, expect 10 next
059.633 Acked DATA 15, slide SEND window
059.633 Send DATA 7 9, ID 20199
059.665 Recv ACK  0
059.665 Acked DATA 0, slide SEND window
059.665 Send DATA 8 9, ID 20200
059.697 Recv ACK  1
059.697 Acked DATA 1, slide SEND window
059.697 Send DATA 9 9, ID 20201
059.728 Recv ACK  2
059.728 Acked DATA 2, slide SEND window
059.729 Send DATA 10 9, ID 20202
059.903 Recv DATA 10 3, ID 10186
059.903 Deliver DATA 10, ID 10186
059.903 Slide RECV window, expect 11 next
059.903 Acked DATA 3, slide SEND window
059.903 Send DATA 11 10, ID 20203
060.156 Recv DATA 11 3, ID 10187
060.156 Deliver DATA 11, ID 10187
060.156 Slide RECV window, expect 12 next
060.284 ---- ACK timeout
060.284 Send ACK  11
060.427 Recv DATA 12 3, ID 10188
060.427 Deliver DATA 12, ID 10188
060.427 .... 189 packets received, 6545 bps, 81.81%, Err 6 (1.3e-05)
060.427 Slide RECV window, expect 13 next
060.553 ---- ACK timeout
060.554 Send ACK  12
060.696 Recv DATA 13 3, ID 10189
060.696 Deliver DATA 13, ID 10189
060.696 Slide RECV window, expect 14 next
060.823 ---- ACK timeout
060.823 Send ACK  13
060.950 Recv DATA 14 4, ID 10190
060.950 Deliver DATA 14, ID 10190
060.950 Slide RECV window, expect 15 next
060.950 Acked DATA 4, slide SEND window
060.950 Send DATA 12 14, ID 20204
061.221 Recv DATA 15 5, ID 10191
061.221 Deliver DATA 15, ID 10191
061.221 Slide RECV window, expect 0 next
061.221 Acked DATA 5, slide SEND window
061.221 Send DATA 13 15, ID 20205
061.490 Recv DATA 0 6, ID 10192
061.490 Deliver DATA 0, ID 10192
061.490 Slide RECV window, expect 1 next
061.490 Acked DATA 6, slide SEND window
061.491 Send DATA 14 0, ID 20206
061.522 Recv NAK  7
061.522 ---- Resend DATA 7 on NAK
061.522 Send DATA 7 0, ID 20199
061.760 Recv DATA 1 6, ID 10193
061.760 Deliver DATA 1, ID 10193
061.760 Slide RECV window, expect 2 next
061.888 ---- ACK timeout
061.888 Send ACK  1
062.031 Recv DATA 2 6, ID 10194
062.031 Deliver DATA 2, ID 10194
062.031 Slide RECV window, expect 3 next
062.158 ---- ACK timeout
062.158 Send ACK  2
062.301 Recv DATA 3 6, ID 10195
062.301 Deliver DATA 3, ID 10195
062.301 Slide RECV window, expect 4 next
062.427 ---- ACK timeout
062.427 Send ACK  3
062.554 Recv DATA 4 6, ID 10196
062.554 Deliver DATA 4, ID 10196
062.554 .... 197 packets received, 6585 bps, 82.31%, Err 6 (1.3e-05)
062.554 Slide RECV window, expect 5 next
062.680 ---- ACK timeout
062.680 Send ACK  4
062.823 Recv DATA 5 6, ID 10197
062.823 Deliver DATA 5, ID 10197
062.823 Slide RECV window, expect 6 next
062.950 ---- ACK timeout
062.950 Send ACK  5
063.093 Recv DATA 6 6, ID 10198
063.093 Deliver DATA 6, ID 10198
063.093 Slide RECV window, expect 7 next
063.220 ---- ACK timeout
063.220 Send ACK  6
063.268 ---- DATA 8 timeout
063.268 Send DATA 8 6, ID 20200
063.363 Recv DATA 7 6, ID 10199
063.363 Deliver DATA 7, ID 10199
063.363 Slide RECV window, expect 8 next
063.489 ---- ACK timeout
063.489 Send ACK  7
063.600 Recv DATA 8 6, ID 10200
063.600 Deliver DATA 8, ID 10200
063.600 Slide RECV window, expect 9 next
063.727 ---- ACK timeout
063.727 Send ACK  8
063.758 ---- DATA 9 timeout
063.758 Send DATA 9 8, ID 20201
063.869 Recv DATA 9 14, ID 10201
063.869 Deliver DATA 9, ID 10201
063.869 Slide RECV window, expect 10 next
063.869 Acked DATA 7, slide SEND window
063.869 Acked DATA 8, slide SEND window
063.869 Acked DATA 9, slide SEND window
063.869 Acked DATA 10, slide SEND window
063.869 Acked DATA 11, slide SEND window
063.869 Acked DATA 12, slide SEND window
063.869 Acked DATA 13, slide SEND window
063.869 Acked DATA 14, slide SEND window
063.869 Send DATA 15 9, ID 20207
063.869 Send DATA 0 9, ID 20208
063.869 Send DATA 1 9, ID 20209
063.869 Send DATA 2 9, ID 20210
064.138 Recv DATA 10 14, ID 10202
064.138 Deliver DATA 10, ID 10202
064.138 Slide RECV window, expect 11 next
064.138 Send DATA 3 10, ID 20211
064.392 Recv DATA 11 14, ID 10203
064.392 Deliver DATA 11, ID 10203
064.392 Slide RECV window, expect 12 next
064.392 Send DATA 4 11, ID 20212
064.662 Recv DATA 12 14, ID 10204
064.663 Deliver DATA 12, ID 10204
064.663 .... 205 packets received, 6624 bps, 82.80%, Err 6 (1.2e-05)
064.663 Slide RECV window, expect 13 next
064.663 Send DATA 5 12, ID 20213
064.917 Recv DATA 13 14, ID 10205
064.917 Deliver DATA 13, ID 10205
064.917 Slide RECV window, expect 14 next
064.917 Send DATA 6 13, ID 20214
065.187 Recv DATA 14 14, ID 10206
065.187 Deliver DATA 14, ID 10206
065.187 Slide RECV window, expect 15 next
065.313 ---- ACK timeout
065.314 Send ACK  14
065.457 Recv DATA 15 14, ID 10207
065.457 Deliver DATA 15, ID 10207
065.457 Slide RECV window, expect 0 next
065.584 ---- ACK timeout
065.584 Send ACK  15
065.711 Recv DATA 0 14, ID 10208
065.712 Deliver DATA 0, ID 10208
065.712 Slide RECV window, expect 1 next
065.839 ---- ACK timeout
065.839 Send ACK  0
065.979 Recv DATA 1 15, ID 10209
065.979 Deliver DATA 1, ID 10209
065.979 Slide RECV window, expect 2 next
065.979 Acked DATA 15, slide SEND window
065.979 Send DATA 7 1, ID 20215
066.011 Recv ACK  0
066.011 Acked DATA 0, slide SEND window
066.011 Send DATA 8 1, ID 20216
066.026 Recv ACK  1
066.026 Acked DATA 1, slide SEND window
066.027 Send DATA 9 1, ID 20217
066.058 Recv ACK  2
066.058 Acked DATA 2, slide SEND window
066.059 Send DATA 10 1, ID 20218
066.280 Recv DATA 2 3, ID 10210
066.281 Deliver DATA 2, ID 10210
066.281 Slide RECV window, expect 3 next
066.281 Acked DATA 3, slide SEND window
066.281 Send DATA 11 2, ID 20219
066.519 Recv DATA 3 4, ID 10211
066.519 Deliver DATA 3, ID 10211
066.519 Slide RECV window, expect 4 next
066.519 Acked DATA 4, slide SEND window
066.519 Send DATA 12 3, ID 20220
066.789 Recv DATA 4 5, ID 10212
066.789 Deliver DATA 4, ID 10212
066.789 .... 213 packets received, 6659 bps, 83.24%, Err 6 (1.2e-05)
066.789 Slide RECV window, expect 5 next
066.789 Acked DATA 5, slide SEND window
066.789 Send DATA 13 4, ID 20221
067.059 Recv DATA 5 6, ID 10213
067.059 Deliver DATA 5, ID 10213
067.059 Slide RECV window, expect 6 next
067.059 Acked DATA 6, slide SEND window
067.059 Send DATA 14 5, ID 20222
067.314 Recv DATA 6 6, ID 10214
067.314 Deliver DATA 6, ID 10214
067.314 Slide RECV window, expect 7 next
067.441 ---- ACK timeout
067.441 Send ACK  6
067.584 Recv DATA 7 6, ID 10215
067.584 Deliver DATA 7, ID 10215
067.584 Slide RECV window, expect 8 next
067.600 Impose noise on received data, 7/503968=1.4E-05
067.710 ---- ACK timeout
067.711 Send ACK  7
067.838 Recv DATA 8 6, ID 10216
067.838 Deliver DATA 8, ID 10216
067.838 Slide RECV window, expect 9 next
067.964 ---- ACK timeout
067.965 Send ACK  8
068.108 **** Receiver Error, Bad CRC Checksum
068.108 Request NAK for 9
068.108 Send NAK  9
068.123 Recv ACK  8
068.123 Acked DATA 7, slide SEND window
068.123 Acked DATA 8, slide SEND window
068.123 Send DATA 15 8, ID 20223
068.124 Send DATA 0 8, ID 20224
068.155 Recv ACK  9
068.155 Acked DATA 9, slide SEND window
068.155 Send DATA 1 8, ID 20225
068.187 Recv ACK  10
068.187 Acked DATA 10, slide SEND window
068.187 Send DATA 2 8, ID 20226
068.393 Recv DATA 10 11, ID 10218
068.393 Acked DATA 11, slide SEND window
068.393 Send DATA 3 8, ID 20227
068.664 Recv DATA 11 12, ID 10219
068.664 Acked DATA 12, slide SEND window
068.664 Send DATA 4 8, ID 20228
068.934 Recv DATA 12 13, ID 10220
068.934 Acked DATA 13, slide SEND window
068.935 Send DATA 5 8, ID 20229
069.188 Recv DATA 13 14, ID 10221
069.188 Acked DATA 14, slide SEND window
069.188 Send DATA 6 8, ID 20230
069.442 Recv DATA 14 14, ID 10222
069.711 Recv DATA 15 14, ID 10223
069.979 Recv DATA 0 14, ID 10224
070.233 Recv DATA 9 14, ID 10217
070.233 Deliver DATA 9, ID 10217
070.233 .... 218 packets received, 6475 bps, 80.94%, Err 7 (1.3e-05)
070.233 Deliver DATA 10, ID 10218
070.233 Deliver DATA 11, ID 10219
070.233 Deliver DATA 12, ID 10220
070.233 Deliver DATA 13, ID 10221
070.233 Deliver DATA 14, ID 10222
070.233 Deliver DATA 15, ID 10223
070.233 Deliver DATA 0, ID 10224
070.233 Slide RECV window, expect 1 next
070.248 Recv ACK  15
070.248 Acked DATA 15, slide SEND window
070.249 Send DATA 7 0, ID 20231
070.280 Recv ACK  0
070.280 Acked DATA 0, slide SEND window
070.281 Send DATA 8 0, ID 20232
070.296 Recv ACK  1
070.296 Acked DATA 1, slide SEND window
070.296 Send DATA 9 0, ID 20233
070.551 Recv ACK  2
070.551 Acked DATA 2, slide SEND window
070.551 Send DATA 10 0, ID 20234
070.821 Recv ACK  3
070.821 Acked DATA 3, slide SEND window
070.821 Send DATA 11 0, ID 20235
070.995 Recv ACK  4
070.995 Acked DATA 4, slide SEND window
070.995 Send DATA 12 0, ID 20236
071.027 Recv ACK  5
071.027 Acked DATA 5, slide SEND window
071.027 Send DATA 13 0, ID 20237
071.233 Recv DATA 10 6, ID 10218
071.233 Ignore out-of-window DATA 10
071.233 Acked DATA 6, slide SEND window
071.233 Send DATA 14 0, ID 20238
071.503 Recv DATA 1 7, ID 10225
071.503 Deliver DATA 1, ID 10225
071.503 Slide RECV window, expect 2 next
071.503 Acked DATA 7, slide SEND window
071.503 Send DATA 15 1, ID 20239
071.773 Recv DATA 2 7, ID 10226
071.773 Deliver DATA 2, ID 10226
071.773 Slide RECV window, expect 3 next
071.901 ---- ACK timeout
071.901 Send ACK  2
072.027 Recv DATA 3 7, ID 10227
072.027 Deliver DATA 3, ID 10227
072.027 Slide RECV window, expect 4 next
072.170 ---- ACK timeout
072.170 Send ACK  3
072.328 Recv DATA 4 7, ID 10228
072.328 Deliver DATA 4, ID 10228
072.329 .... 229 packets received, 6601 bps, 82.52%, Err 7 (1.3e-05)
072.329 Slide RECV window, expect 5 next
072.455 ---- ACK timeout
072.455 Send ACK  4
072.567 Recv DATA 5 8, ID 10229
072.567 Deliver DATA 5, ID 10229
072.567 Slide RECV window, expect 6 next
072.567 Acked DATA 8, slide SEND window
072.567 Send DATA 0 5, ID 20240
072.837 Recv DATA 6 9, ID 10230
072.837 Deliver DATA 6, ID 10230
072.837 Slide RECV window, expect 7 next
072.837 Acked DATA 9, slide SEND window
072.837 Send DATA 1 6, ID 20241
073.092 Recv DATA 7 10, ID 10231
073.092 Deliver DATA 7, ID 10231
073.092 Slide RECV window, expect 8 next
073.092 Acked DATA 10, slide SEND window
073.092 Send DATA 2 7, ID 20242
073.362 Recv DATA 8 11, ID 10232
073.362 Deliver DATA 8, ID 10232
073.362 Slide RECV window, expect 9 next
073.362 Acked DATA 11, slide SEND window
073.362 Send DATA 3 8, ID 20243
073.394 Recv ACK  12
073.394 Acked DATA 12, slide SEND window
073.394 Send DATA 4 8, ID 20244
073.410 Recv ACK  13
073.410 Acked DATA 13, slide SEND window
073.410 Send DATA 5 8, ID 20245
073.426 Recv ACK  14
073.426 Acked DATA 14, slide SEND window
073.426 Send DATA 6 8, ID 20246
073.632 Recv DATA 9 15, ID 10233
073.632 Deliver DATA 9, ID 10233
073.632 Slide RECV window, expect 10 next
073.632 Acked DATA 15, slide SEND window
073.633 Send DATA 7 9, ID 20247
073.902 Recv DATA 10 15, ID 10234
073.902 Deliver DATA 10, ID 10234
073.902 Slide RECV window, expect 11 next
074.029 ---- ACK timeout
074.029 Send ACK  10
074.171 Recv DATA 11 15, ID 10235
074.171 Deliver DATA 11, ID 10235
074.171 Slide RECV window, expect 12 next
074.299 ---- ACK timeout
074.299 Send ACK  11
074.442 Recv DATA 12 15, ID 10236
074.442 Deliver DATA 12, ID 10236
074.442 .... 237 packets received, 6635 bps, 82.93%, Err 7 (1.3e-05)
074.442 Slide RECV window, expect 13 next
074.569 ---- ACK timeout
074.569 Send ACK  12
074.696 Recv DATA 13 0, ID 10237
074.696 Deliver DATA 13, ID 10237
074.696 Slide RECV window, expect 14 next
074.696 Acked DATA 0, slide SEND window
074.699 Send DATA 8 13, ID 20248
074.966 Recv DATA 14 1, ID 10238
074.966 Deliver DATA 14, ID 10238
074.966 Slide RECV window, expect 15 next
074.966 Acked DATA 1, slide SEND window
074.966 Send DATA 9 14, ID 20249
075.220 Recv DATA 15 2, ID 10239
075.220 Deliver DATA 15, ID 10239
075.220 Slide RECV window, expect 0 next
075.220 Acked DATA 2, slide SEND window
075.220 Send DATA 10 15, ID 20250
075.411 Impose noise on received data, 8/561000=1.4E-05
075.491 Recv DATA 0 3, ID 10240
075.491 Deliver DATA 0, ID 10240
075.491 Slide RECV window, expect 1 next
075.491 Acked DATA 3, slide SEND window
075.491 Send DATA 11 0, ID 20251
075.522 Recv ACK  4
075.522 Acked DATA 4, slide SEND window
075.522 Send DATA 12 0, ID 20252
075.569 Recv ACK  5
075.569 Acked DATA 5, slide SEND window
075.570 Send DATA 13 0, ID 20253
075.602 Recv ACK  6
075.602 Acked DATA 6, slide SEND window
075.602 Send DATA 14 0, ID 20254
075.761 **** Receiver Error, Bad CRC Checksum
075.761 Request NAK for 1
075.761 Send NAK  1
076.030 Recv DATA 2 7, ID 10242
076.030 Acked DATA 7, slide SEND window
076.030 Send DATA 15 0, ID 20255
076.298 Recv DATA 3 7, ID 10243
076.553 Recv DATA 4 7, ID 10244
076.823 Recv DATA 5 8, ID 10245
076.823 Acked DATA 8, slide SEND window
076.823 Send DATA 0 0, ID 20256
077.092 Recv DATA 6 9, ID 10246
077.092 Acked DATA 9, slide SEND window
077.092 Send DATA 1 0, ID 20257
077.362 Recv DATA 7 10, ID 10247
077.362 Acked DATA 10, slide SEND window
077.362 Send DATA 2 0, ID 20258
077.633 Recv DATA 8 11, ID 10248
077.633 Acked DATA 11, slide SEND window
077.633 Send DATA 3 0, ID 20259
077.664 Recv ACK  12
077.664 Acked DATA 12, slide SEND window
077.665 Send DATA 4 0, ID 20260
077.696 Recv ACK  13
077.696 Acked DATA 13, slide SEND window
077.696 Send DATA 5 0, ID 20261
077.902 Recv DATA 1 14, ID 10241
077.902 Deliver DATA 1, ID 10241
077.902 .... 242 packets received, 6469 bps, 80.86%, Err 8 (1.4e-05)
077.902 Deliver DATA 2, ID 10242
077.902 Deliver DATA 3, ID 10243
077.902 Deliver DATA 4, ID 10244
077.902 Deliver DATA 5, ID 10245
077.902 Deliver DATA 6, ID 10246
077.902 Deliver DATA 7, ID 10247
077.902 Deliver DATA 8, ID 10248
077.902 Slide RECV window, expect 9 next
077.902 Acked DATA 14, slide SEND window
077.902 Recv ACK  15
077.902 Acked DATA 15, slide SEND window
077.902 Send DATA 6 8, ID 20262
077.902 Send DATA 7 8, ID 20263
077.981 Recv ACK  0
077.981 Acked DATA 0, slide SEND window
078.250 Recv ACK  1
078.250 Acked DATA 1, slide SEND window
078.250 Send DATA 8 8, ID 20264
078.504 Recv ACK  2
078.504 Acked DATA 2, slide SEND window
078.504 Send DATA 9 8, ID 20265
078.774 Recv ACK  3
078.774 Acked DATA 3, slide SEND window
078.774 Send DATA 10 8, ID 20266
079.077 Recv DATA 2 3, ID 10242
079.077 Ignore out-of-window DATA 2
079.078 Send DATA 11 8, ID 20267
079.315 Recv ACK  4
079.315 Acked DATA 4, slide SEND window
079.315 Send DATA 12 8, ID 20268
079.570 Recv DATA 3 5, ID 10243
079.570 Ignore out-of-window DATA 3
079.570 Acked DATA 5, slide SEND window
079.570 Send DATA 13 8, ID 20269
079.839 Recv DATA 9 6, ID 10249
079.839 Deliver DATA 9, ID 10249
079.839 Slide RECV window, expect 10 next
079.839 Acked DATA 6, slide SEND window
079.840 Send DATA 14 9, ID 20270
080.078 Recv DATA 10 6, ID 10250
080.078 Deliver DATA 10, ID 10250
080.078 .... 251 packets received, 6524 bps, 81.55%, Err 8 (1.4e-05)
080.078 Slide RECV window, expect 11 next
080.205 ---- ACK timeout
080.205 Send ACK  10
080.346 Recv DATA 11 6, ID 10251
080.346 Deliver DATA 11, ID 10251
080.346 Slide RECV window, expect 12 next
080.473 ---- ACK timeout
080.473 Send ACK  11
080.616 Recv DATA 12 6, ID 10252
080.617 Deliver DATA 12, ID 10252
080.617 Slide RECV window, expect 13 next
080.744 ---- ACK timeout
080.744 Send ACK  12
080.871 Recv DATA 13 7, ID 10253
080.871 Deliver DATA 13, ID 10253
080.871 Slide RECV window, expect 14 next
080.871 Acked DATA 7, slide SEND window
080.871 Send DATA 15 13, ID 20271
081.141 Recv DATA 14 8, ID 10254
081.141 Deliver DATA 14, ID 10254
081.141 Slide RECV window, expect 15 next
081.141 Acked DATA 8, slide SEND window
081.141 Send DATA 0 14, ID 20272
081.411 Recv DATA 15 9, ID 10255
081.411 Deliver DATA 15, ID 10255
081.411 Slide RECV window, expect 0 next
081.411 Acked DATA 9, slide SEND window
081.411 Send DATA 1 15, ID 20273
081.665 Recv DATA 0 10, ID 10256
081.665 Deliver DATA 0, ID 10256
081.665 Slide RECV window, expect 1 next
081.665 Acked DATA 10, slide SEND window
081.665 Send DATA 2 0, ID 20274
081.681 Recv ACK  11
081.681 Acked DATA 11, slide SEND window
081.681 Send DATA 3 0, ID 20275
081.713 Recv ACK  12
081.713 Acked DATA 12, slide SEND window
081.713 Send DATA 4 0, ID 20276
081.745 Recv ACK  13
081.745 Acked DATA 13, slide SEND window
081.745 Send DATA 5 0, ID 20277
081.968 Recv DATA 1 14, ID 10257
081.968 Deliver DATA 1, ID 10257
081.969 Slide RECV window, expect 2 next
081.969 Acked DATA 14, slide SEND window
081.969 Send DATA 6 1, ID 20278
082.238 Recv DATA 2 14, ID 10258
082.238 Deliver DATA 2, ID 10258
082.238 .... 259 packets received, 6552 bps, 81.90%, Err 8 (1.3e-05)
082.238 Slide RECV window, expect 3 next
082.364 ---- ACK timeout
082.364 Send ACK  2
082.475 Recv DATA 3 14, ID 10259
082.475 Deliver DATA 3, ID 10259
082.475 Slide RECV window, expect 4 next
082.602 ---- ACK timeout
082.602 Send ACK  3
082.744 Recv DATA 4 14, ID 10260
082.744 Deliver DATA 4, ID 10260
082.744 Slide RECV window, expect 5 next
082.871 ---- ACK timeout
082.871 Send ACK  4
083.015 Recv DATA 5 15, ID 10261
083.015 Deliver DATA 5, ID 10261
083.015 Slide RECV window, expect 6 next
083.015 Acked DATA 15, slide SEND window
083.015 Send DATA 7 5, ID 20279
083.284 Recv DATA 6 0, ID 10262
083.284 Deliver DATA 6, ID 10262
083.284 Slide RECV window, expect 7 next
083.284 Acked DATA 0, slide SEND window
083.284 Send DATA 8 6, ID 20280
083.552 Recv DATA 7 1, ID 10263
083.552 Deliver DATA 7, ID 10263
083.552 Slide RECV window, expect 8 next
083.552 Acked DATA 1, slide SEND window
083.552 Send DATA 9 7, ID 20281
083.806 Recv DATA 8 2, ID 10264
083.806 Deliver DATA 8, ID 10264
083.806 Slide RECV window, expect 9 next
083.806 Acked DATA 2, slide SEND window
083.807 Send DATA 10 8, ID 20282
083.822 Recv ACK  3
083.822 Acked DATA 3, slide SEND window
083.823 Send DATA 11 8, ID 20283
083.854 Recv ACK  4
083.854 Acked DATA 4, slide SEND window
083.854 Send DATA 12 8, ID 20284
083.885 Recv ACK  5
083.885 Acked DATA 5, slide SEND window
083.885 Send DATA 13 8, ID 20285
084.091 Recv DATA 9 6, ID 10265
084.092 Deliver DATA 9, ID 10265
084.092 Slide RECV window, expect 10 next
084.092 Acked DATA 6, slide SEND window
084.092 Send DATA 14 9, ID 20286
084.361 Recv DATA 10 6, ID 10266
084.361 Deliver DATA 10, ID 10266
084.361 .... 267 packets received, 6582 bps, 82.27%, Err 8 (1.3e-05)
084.361 Slide RECV window, expect 11 next
084.489 ---- ACK timeout
084.489 Send ACK  10
084.633 Recv DATA 11 6, ID 10267
084.633 Deliver DATA 11, ID 10267
084.633 Slide RECV window, expect 12 next
084.760 ---- ACK timeout
084.760 Send ACK  11
084.872 Recv DATA 12 6, ID 10268
084.872 Deliver DATA 12, ID 10268
084.872 Slide RECV window, expect 13 next
084.999 ---- ACK timeout
084.999 Send ACK  12
085.142 Recv DATA 13 7, ID 10269
085.142 Deliver DATA 13, ID 10269
085.142 Slide RECV window, expect 14 next
085.142 Acked DATA 7, slide SEND window
085.142 Send DATA 15 13, ID 20287
085.412 Recv DATA 14 8, ID 10270
085.412 Deliver DATA 14, ID 10270
085.412 Slide RECV window, expect 15 next
085.412 Acked DATA 8, slide SEND window
085.412 Send DATA 0 14, ID 20288
085.665 Recv DATA 15 9, ID 10271
085.665 Deliver DATA 15, ID 10271
085.665 Slide RECV window, expect 0 next
085.665 Acked DATA 9, slide SEND window
085.665 Send DATA 1 15, ID 20289
085.934 Recv DATA 0 10, ID 10272
085.934 Deliver DATA 0, ID 10272
085.934 Slide RECV window, expect 1 next
085.934 Acked DATA 10, slide SEND window
085.934 Send DATA 2 0, ID 20290
085.966 Recv ACK  11
085.966 Acked DATA 11, slide SEND window
085.966 Send DATA 3 0, ID 20291
085.998 Recv ACK  12
085.998 Acked DATA 12, slide SEND window
085.998 Send DATA 4 0, ID 20292
086.030 Recv ACK  13
086.030 Acked DATA 13, slide SEND window
086.030 Send DATA 5 0, ID 20293
086.236 Recv DATA 1 14, ID 10273
086.245 Deliver DATA 1, ID 10273
086.245 Slide RECV window, expect 2 next
086.245 Acked DATA 14, slide SEND window
086.245 Send DATA 6 1, ID 20294
086.490 Recv DATA 2 14, ID 10274
086.490 Deliver DATA 2, ID 10274
086.490 .... 275 packets received, 6610 bps, 82.62%, Err 8 (1.2e-05)
086.490 Slide RECV window, expect 3 next
086.618 ---- ACK timeout
086.618 Send ACK  2
086.746 Recv DATA 3 14, ID 10275
086.746 Deliver DATA 3, ID 10275
086.746 Slide RECV window, expect 4 next
086.873 ---- ACK timeout
086.873 Send ACK  3
087.015 Recv DATA 4 14, ID 10276
087.015 Deliver DATA 4, ID 10276
087.015 Slide RECV window, expect 5 next
087.143 ---- ACK timeout
087.143 Send ACK  4
087.270 Recv DATA 5 15, ID 10277
087.270 Deliver DATA 5, ID 10277
087.270 Slide RECV window, expect 6 next
087.270 Acked DATA 15, slide SEND window
087.270 Send DATA 7 5, ID 20295
087.539 Recv DATA 6 0, ID 10278
087.539 Deliver DATA 6, ID 10278
087.539 Slide RECV window, expect 7 next
087.539 Acked DATA 0, slide SEND window
087.539 Send DATA 8 6, ID 20296
087.808 Recv DATA 7 1, ID 10279
087.808 Deliver DATA 7, ID 10279
087.808 Slide RECV window, expect 8 next
087.808 Acked DATA 1, slide SEND window
087.808 Send DATA 9 7, ID 20297
088.079 Recv DATA 8 2, ID 10280
088.079 Deliver DATA 8, ID 10280
088.079 Slide RECV window, expect 9 next
088.079 Acked DATA 2, slide SEND window
088.079 Send DATA 10 8, ID 20298
088.110 Recv ACK  3
088.110 Acked DATA 3, slide SEND window
088.110 Send DATA 11 8, ID 20299
088.142 Recv ACK  4
088.142 Acked DATA 4, slide SEND window
088.142 Send DATA 12 8, ID 20300
088.158 Recv ACK  5
088.158 Acked DATA 5, slide SEND window
088.158 Send DATA 13 8, ID 20301
088.348 Recv DATA 9 6, ID 10281
088.348 Deliver DATA 9, ID 10281
088.348 Slide RECV window, expect 10 next
088.348 Acked DATA 6, slide SEND window
088.348 Send DATA 14 9, ID 20302
088.618 Recv DATA 10 6, ID 10282
088.618 Deliver DATA 10, ID 10282
088.618 .... 283 packets received, 6636 bps, 82.95%, Err 8 (1.2e-05)
088.618 Slide RECV window, expect 11 next
088.745 ---- ACK timeout
088.745 Send ACK  10
088.887 Recv DATA 11 6, ID 10283
088.887 Deliver DATA 11, ID 10283
088.887 Slide RECV window, expect 12 next
089.014 ---- ACK timeout
089.014 Send ACK  11
089.142 Recv DATA 12 6, ID 10284
089.142 Deliver DATA 12, ID 10284
089.142 Slide RECV window, expect 13 next
089.269 ---- ACK timeout
089.269 Send ACK  12
089.412 Recv DATA 13 7, ID 10285
089.412 Deliver DATA 13, ID 10285
089.412 Slide RECV window, expect 14 next
089.412 Acked DATA 7, slide SEND window
089.412 Send DATA 15 13, ID 20303
089.682 Recv DATA 14 8, ID 10286
089.682 Deliver DATA 14, ID 10286
089.682 Slide RECV window, expect 15 next
089.682 Acked DATA 8, slide SEND window
089.682 Send DATA 0 14, ID 20304
089.951 Recv DATA 15 9, ID 10287
089.951 Deliver DATA 15, ID 10287
089.951 Slide RECV window, expect 0 next
089.951 Acked DATA 9, slide SEND window
089.951 Send DATA 1 15, ID 20305
090.221 Recv DATA 0 10, ID 10288
090.221 Deliver DATA 0, ID 10288
090.221 Slide RECV window, expect 1 next
090.221 Acked DATA 10, slide SEND window
090.221 Send DATA 2 0, ID 20306
090.253 Recv ACK  11
090.253 Acked DATA 11, slide SEND window
090.253 Send DATA 3 0, ID 20307
090.283 Recv ACK  12
090.284 Acked DATA 12, slide SEND window
090.284 Send DATA 4 0, ID 20308
090.300 Recv ACK  13
090.300 Acked DATA 13, slide SEND window
090.300 Send DATA 5 0, ID 20309
090.490 Recv DATA 1 14, ID 10289
090.490 Deliver DATA 1, ID 10289
090.490 Slide RECV window, expect 2 next
090.490 Acked DATA 14, slide SEND window
090.490 Send DATA 6 1, ID 20310
090.744 Recv DATA 2 14, ID 10290
090.744 Deliver DATA 2, ID 10290
090.744 .... 291 packets received, 6662 bps, 83.27%, Err 8 (1.2e-05)
090.744 Slide RECV window, expect 3 next
090.871 ---- ACK timeout
090.871 Send ACK  2
091.014 Recv DATA 3 14, ID 10291
091.014 Deliver DATA 3, ID 10291
091.014 Slide RECV window, expect 4 next
091.142 ---- ACK timeout
091.142 Send ACK  3
091.284 Recv DATA 4 14, ID 10292
091.284 Deliver DATA 4, ID 10292
091.284 Slide RECV window, expect 5 next
091.411 ---- ACK timeout
091.411 Send ACK  4
091.554 Recv DATA 5 15, ID 10293
091.554 Deliver DATA 5, ID 10293
091.554 Slide RECV window, expect 6 next
091.554 Acked DATA 15, slide SEND window
091.555 Send DATA 7 5, ID 20311
091.825 Recv DATA 6 0, ID 10294
091.825 Deliver DATA 6, ID 10294
091.825 Slide RECV window, expect 7 next
091.825 Acked DATA 0, slide SEND window
091.825 Send DATA 8 6, ID 20312
092.079 Recv DATA 7 1, ID 10295
092.079 Deliver DATA 7, ID 10295
092.079 Slide RECV window, expect 8 next
092.079 Acked DATA 1, slide SEND window
092.079 Send DATA 9 7, ID 20313
092.349 Recv DATA 8 2, ID 10296
092.349 Deliver DATA 8, ID 10296
092.349 Slide RECV window, expect 9 next
092.349 Acked DATA 2, slide SEND window
092.349 Send DATA 10 8, ID 20314
092.381 Recv ACK  3
092.381 Acked DATA 3, slide SEND window
092.381 Send DATA 11 8, ID 20315
092.413 Recv ACK  4
092.413 Acked DATA 4, slide SEND window
092.413 Send DATA 12 8, ID 20316
092.445 Recv ACK  5
092.445 Acked DATA 5, slide SEND window
092.445 Send DATA 13 8, ID 20317
092.620 Recv DATA 9 6, ID 10297
092.620 Deliver DATA 9, ID 10297
092.620 Slide RECV window, expect 10 next
092.620 Acked DATA 6, slide SEND window
092.620 Send DATA 14 9, ID 20318
092.889 Recv DATA 10 6, ID 10298
092.889 Deliver DATA 10, ID 10298
092.889 .... 299 packets received, 6685 bps, 83.56%, Err 8 (1.2e-05)
092.889 Slide RECV window, expect 11 next
093.017 ---- ACK timeout
093.017 Send ACK  10
093.143 Recv DATA 11 6, ID 10299
093.143 Deliver DATA 11, ID 10299
093.143 Slide RECV window, expect 12 next
093.270 ---- ACK timeout
093.270 Send ACK  11
093.412 Recv DATA 12 6, ID 10300
093.412 Deliver DATA 12, ID 10300
093.412 Slide RECV window, expect 13 next
093.539 ---- ACK timeout
093.539 Send ACK  12
093.666 Recv DATA 13 7, ID 10301
093.666 Deliver DATA 13, ID 10301
093.666 Slide RECV window, expect 14 next
093.666 Acked DATA 7, slide SEND window
093.666 Send DATA 15 13, ID 20319
093.935 Recv DATA 14 8, ID 10302
093.935 Deliver DATA 14, ID 10302
093.935 Slide RECV window, expect 15 next
093.935 Acked DATA 8, slide SEND window
093.936 Send DATA 0 14, ID 20320
094.204 Recv DATA 15 9, ID 10303
094.204 Deliver DATA 15, ID 10303
094.204 Slide RECV window, expect 0 next
094.204 Acked DATA 9, slide SEND window
094.204 Send DATA 1 15, ID 20321
094.458 Recv DATA 0 10, ID 10304
094.458 Deliver DATA 0, ID 10304
094.458 Slide RECV window, expect 1 next
094.458 Acked DATA 10, slide SEND window
094.458 Send DATA 2 0, ID 20322
094.474 Recv ACK  11
094.474 Acked DATA 11, slide SEND window
094.474 Send DATA 3 0, ID 20323
094.505 Recv ACK  12
094.505 Acked DATA 12, slide SEND window
094.505 Send DATA 4 0, ID 20324
094.537 Recv ACK  13
094.537 Acked DATA 13, slide SEND window
094.537 Send DATA 5 0, ID 20325
094.568 Recv NAK  14
094.568 ---- Resend DATA 14 on NAK
094.568 Send DATA 14 0, ID 20318
094.774 Recv DATA 1 13, ID 10305
094.774 Deliver DATA 1, ID 10305
094.774 Slide RECV window, expect 2 next
094.901 ---- ACK timeout
094.902 Send ACK  1
095.029 Recv DATA 2 13, ID 10306
095.029 Deliver DATA 2, ID 10306
095.029 .... 307 packets received, 6707 bps, 83.84%, Err 8 (1.1e-05)
095.029 Slide RECV window, expect 3 next
095.156 ---- ACK timeout
095.156 Send ACK  2
095.299 Recv DATA 3 13, ID 10307
095.299 Deliver DATA 3, ID 10307
095.299 Slide RECV window, expect 4 next
095.426 ---- ACK timeout
095.426 Send ACK  3
095.552 Recv DATA 4 13, ID 10308
095.552 Deliver DATA 4, ID 10308
095.552 Slide RECV window, expect 5 next
095.678 ---- ACK timeout
095.678 Send ACK  4
095.820 Recv DATA 5 13, ID 10309
095.820 Deliver DATA 5, ID 10309
095.820 Slide RECV window, expect 6 next
095.947 ---- ACK timeout
095.947 Send ACK  5
096.089 Recv DATA 6 13, ID 10310
096.089 Deliver DATA 6, ID 10310
096.089 Slide RECV window, expect 7 next
096.216 ---- ACK timeout
096.216 Send ACK  6
096.357 Recv DATA 7 13, ID 10311
096.357 Deliver DATA 7, ID 10311
096.357 Slide RECV window, expect 8 next
096.484 ---- ACK timeout
096.484 Send ACK  7
096.626 Recv DATA 8 13, ID 10312
096.626 Deliver DATA 8, ID 10312
096.626 Slide RECV window, expect 9 next
096.673 ---- DATA 15 timeout
096.673 Send DATA 15 8, ID 20319
096.863 Recv DATA 9 5, ID 10313
096.863 Deliver DATA 9, ID 10313
096.864 Slide RECV window, expect 10 next
096.864 Acked DATA 14, slide SEND window
096.864 Acked DATA 15, slide SEND window
096.864 Acked DATA 0, slide SEND window
096.864 Acked DATA 1, slide SEND window
096.864 Acked DATA 2, slide SEND window
096.864 Acked DATA 3, slide SEND window
096.864 Acked DATA 4, slide SEND window
096.864 Acked DATA 5, slide SEND window
096.864 Send DATA 6 9, ID 20326
096.864 Send DATA 7 9, ID 20327
096.864 Send DATA 8 9, ID 20328
096.864 Send DATA 9 9, ID 20329
097.149 Recv DATA 10 5, ID 10314
097.149 Deliver DATA 10, ID 10314
097.149 .... 315 packets received, 6729 bps, 84.12%, Err 8 (1.1e-05)
097.149 Slide RECV window, expect 11 next
097.149 Send DATA 10 10, ID 20330
097.420 Recv DATA 11 5, ID 10315
097.420 Deliver DATA 11, ID 10315
097.420 Slide RECV window, expect 12 next
097.420 Send DATA 11 11, ID 20331
097.673 Recv DATA 12 5, ID 10316
097.673 Deliver DATA 12, ID 10316
097.673 Slide RECV window, expect 13 next
097.673 Send DATA 12 12, ID 20332
097.943 Recv DATA 13 5, ID 10317
097.943 Deliver DATA 13, ID 10317
097.943 Slide RECV window, expect 14 next
097.944 Send DATA 13 13, ID 20333
098.197 Recv DATA 14 5, ID 10318
098.197 Deliver DATA 14, ID 10318
098.197 Slide RECV window, expect 15 next
098.324 ---- ACK timeout
098.324 Send ACK  14
098.467 Recv DATA 15 5, ID 10319
098.467 Deliver DATA 15, ID 10319
098.467 Slide RECV window, expect 0 next
098.595 ---- ACK timeout
098.595 Send ACK  15
098.722 Recv DATA 0 5, ID 10320
098.722 Deliver DATA 0, ID 10320
098.722 Slide RECV window, expect 1 next
098.849 ---- ACK timeout
098.849 Send ACK  0
098.992 Recv DATA 1 6, ID 10321
098.992 Deliver DATA 1, ID 10321
098.992 Slide RECV window, expect 2 next
098.992 Acked DATA 6, slide SEND window
098.992 Send DATA 14 1, ID 20334
099.024 Recv ACK  7
099.024 Acked DATA 7, slide SEND window
099.024 Send DATA 15 1, ID 20335
099.056 Recv ACK  8
099.056 Acked DATA 8, slide SEND window
099.056 Send DATA 0 1, ID 20336
099.072 Recv ACK  9
099.072 Acked DATA 9, slide SEND window
099.072 Send DATA 1 1, ID 20337
099.262 Recv DATA 2 10, ID 10322
099.262 Deliver DATA 2, ID 10322
099.262 .... 323 packets received, 6751 bps, 84.39%, Err 8 (1.1e-05)
099.262 Slide RECV window, expect 3 next
099.262 Acked DATA 10, slide SEND window
099.262 Send DATA 2 2, ID 20338
099.531 Recv DATA 3 11, ID 10323
099.531 Deliver DATA 3, ID 10323
099.531 Slide RECV window, expect 4 next
099.531 Acked DATA 11, slide SEND window
099.531 Send DATA 3 3, ID 20339
099.800 Recv DATA 4 12, ID 10324
099.800 Deliver DATA 4, ID 10324
099.800 Slide RECV window, expect 5 next
099.800 Acked DATA 12, slide SEND window
099.800 Send DATA 4 4, ID 20340
100.070 Recv DATA 5 13, ID 10325
100.070 Deliver DATA 5, ID 10325
100.070 Slide RECV window, expect 6 next
100.070 Acked DATA 13, slide SEND window
100.070 Send DATA 5 5, ID 20341
100.324 Recv DATA 6 13, ID 10326
100.324 Deliver DATA 6, ID 10326
100.324 Slide RECV window, expect 7 next
100.451 ---- ACK timeout
100.451 Send ACK  6
100.594 Recv DATA 7 13, ID 10327
100.594 Deliver DATA 7, ID 10327
100.594 Slide RECV window, expect 8 next
100.721 ---- ACK timeout
100.721 Send ACK  7
100.848 Recv DATA 8 13, ID 10328
100.848 Deliver DATA 8, ID 10328
100.848 Slide RECV window, expect 9 next
100.975 ---- ACK timeout
100.975 Send ACK  8
101.118 Recv DATA 9 14, ID 10329
101.118 Deliver DATA 9, ID 10329
101.118 Slide RECV window, expect 10 next
101.118 Acked DATA 14, slide SEND window
101.118 Send DATA 6 9, ID 20342
101.149 Recv ACK  15
101.149 Acked DATA 15, slide SEND window
101.150 Send DATA 7 9, ID 20343
101.181 Recv ACK  0
101.181 Acked DATA 0, slide SEND window
101.181 Send DATA 8 9, ID 20344
101.213 Recv ACK  1
101.213 Acked DATA 1, slide SEND window
101.213 Send DATA 9 9, ID 20345
101.420 Recv DATA 10 2, ID 10330
101.420 Deliver DATA 10, ID 10330
101.420 .... 331 packets received, 6770 bps, 84.62%, Err 8 (1.1e-05)
101.420 Slide RECV window, expect 11 next
101.420 Acked DATA 2, slide SEND window
101.420 Send DATA 10 10, ID 20346
101.674 Recv DATA 11 3, ID 10331
101.683 Deliver DATA 11, ID 10331
101.683 Slide RECV window, expect 12 next
101.683 Acked DATA 3, slide SEND window
101.683 Send DATA 11 11, ID 20347
101.929 Recv DATA 12 4, ID 10332
101.929 Deliver DATA 12, ID 10332
101.929 Slide RECV window, expect 13 next
101.929 Acked DATA 4, slide SEND window
101.929 Send DATA 12 12, ID 20348
102.182 Recv DATA 13 5, ID 10333
102.182 Deliver DATA 13, ID 10333
102.182 Slide RECV window, expect 14 next
102.182 Acked DATA 5, slide SEND window
102.182 Send DATA 13 13, ID 20349
102.451 Recv DATA 14 5, ID 10334
102.451 Deliver DATA 14, ID 10334
102.451 Slide RECV window, expect 15 next
102.579 ---- ACK timeout
102.579 Send ACK  14
102.721 Recv DATA 15 5, ID 10335
102.721 Deliver DATA 15, ID 10335
102.721 Slide RECV window, expect 0 next
102.848 ---- ACK timeout
102.848 Send ACK  15
102.991 Recv DATA 0 5, ID 10336
102.991 Deliver DATA 0, ID 10336
102.991 Slide RECV window, expect 1 next
103.118 ---- ACK timeout
103.118 Send ACK  0
103.261 Recv DATA 1 6, ID 10337
103.262 Deliver DATA 1, ID 10337
103.262 Slide RECV window, expect 2 next
103.262 Acked DATA 6, slide SEND window
103.262 Send DATA 14 1, ID 20350
103.293 Recv ACK  7
103.293 Acked DATA 7, slide SEND window
103.293 Send DATA 15 1, ID 20351
103.309 Recv ACK  8
103.309 Acked DATA 8, slide SEND window
103.309 Send DATA 0 1, ID 20352
103.341 Recv ACK  9
103.341 Acked DATA 9, slide SEND window
103.341 Send DATA 1 1, ID 20353
103.531 Recv DATA 2 10, ID 10338
103.531 Deliver DATA 2, ID 10338
103.531 .... 339 packets received, 6790 bps, 84.88%, Err 8 (1.0e-05)
103.531 Slide RECV window, expect 3 next
103.531 Acked DATA 10, slide SEND window
103.531 Send DATA 2 2, ID 20354
103.801 Recv DATA 3 11, ID 10339
103.801 Deliver DATA 3, ID 10339
103.801 Slide RECV window, expect 4 next
103.801 Acked DATA 11, slide SEND window
103.801 Send DATA 3 3, ID 20355
104.071 Recv DATA 4 12, ID 10340
104.071 Deliver DATA 4, ID 10340
104.071 Slide RECV window, expect 5 next
104.071 Acked DATA 12, slide SEND window
104.071 Send DATA 4 4, ID 20356
104.324 Recv DATA 5 13, ID 10341
104.324 Deliver DATA 5, ID 10341
104.324 Slide RECV window, expect 6 next
104.324 Acked DATA 13, slide SEND window
104.325 Send DATA 5 5, ID 20357
104.594 Recv DATA 6 13, ID 10342
104.594 Deliver DATA 6, ID 10342
104.594 Slide RECV window, expect 7 next
104.721 ---- ACK timeout
104.721 Send ACK  6
104.864 Recv DATA 7 13, ID 10343
104.864 Deliver DATA 7, ID 10343
104.864 Slide RECV window, expect 8 next
104.992 ---- ACK timeout
104.992 Send ACK  7
105.134 Recv DATA 8 13, ID 10344
105.134 Deliver DATA 8, ID 10344
105.134 Slide RECV window, expect 9 next
105.261 ---- ACK timeout
105.261 Send ACK  8
105.372 Recv DATA 9 14, ID 10345
105.372 Deliver DATA 9, ID 10345
105.372 Slide RECV window, expect 10 next
105.372 Acked DATA 14, slide SEND window
105.372 Send DATA 6 9, ID 20358
105.420 Recv ACK  15
105.420 Acked DATA 15, slide SEND window
105.420 Send DATA 7 9, ID 20359
105.452 Recv ACK  0
105.452 Acked DATA 0, slide SEND window
105.452 Send DATA 8 9, ID 20360
105.467 Recv ACK  1
105.467 Acked DATA 1, slide SEND window
105.467 Send DATA 9 9, ID 20361
105.674 Recv DATA 10 2, ID 10346
105.674 Deliver DATA 10, ID 10346
105.674 .... 347 packets received, 6808 bps, 85.10%, Err 8 (1.0e-05)
105.674 Slide RECV window, expect 11 next
105.674 Acked DATA 2, slide SEND window
105.675 Send DATA 10 10, ID 20362
105.738 Recv NAK  3
105.738 ---- Resend DATA 3 on NAK
105.738 Send DATA 3 10, ID 20355
105.976 Recv DATA 11 2, ID 10347
105.976 Deliver DATA 11, ID 10347
105.976 Slide RECV window, expect 12 next
106.103 ---- ACK timeout
106.103 Send ACK  11
106.278 Recv DATA 12 2, ID 10348
106.278 Deliver DATA 12, ID 10348
106.278 Slide RECV window, expect 13 next
106.405 ---- ACK timeout
106.405 Send ACK  12
106.532 Recv DATA 13 2, ID 10349
106.532 Deliver DATA 13, ID 10349
106.532 Slide RECV window, expect 14 next
106.659 ---- ACK timeout
106.659 Send ACK  13
106.786 Recv DATA 14 2, ID 10350
106.786 Deliver DATA 14, ID 10350
106.786 Slide RECV window, expect 15 next
106.914 ---- ACK timeout
106.923 Send ACK  14
107.056 Recv DATA 15 2, ID 10351
107.056 Deliver DATA 15, ID 10351
107.056 Slide RECV window, expect 0 next
107.182 ---- ACK timeout
107.182 Send ACK  15
107.309 Recv DATA 0 2, ID 10352
107.309 Deliver DATA 0, ID 10352
107.309 Slide RECV window, expect 1 next
107.435 ---- ACK timeout
107.435 Send ACK  0
107.577 Recv DATA 1 2, ID 10353
107.577 Deliver DATA 1, ID 10353
107.577 Slide RECV window, expect 2 next
107.704 ---- ACK timeout
107.704 Send ACK  1
107.847 Recv DATA 2 2, ID 10354
107.847 Deliver DATA 2, ID 10354
107.847 .... 355 packets received, 6823 bps, 85.28%, Err 8 (9.9e-06)
107.847 Slide RECV window, expect 3 next
107.973 ---- ACK timeout
107.973 Send ACK  2
108.101 Recv DATA 3 10, ID 10355
108.101 Deliver DATA 3, ID 10355
108.101 Slide RECV window, expect 4 next
108.101 Acked DATA 3, slide SEND window
108.101 Acked DATA 4, slide SEND window
108.101 Acked DATA 5, slide SEND window
108.101 Acked DATA 6, slide SEND window
108.101 Acked DATA 7, slide SEND window
108.101 Acked DATA 8, slide SEND window
108.101 Acked DATA 9, slide SEND window
108.101 Acked DATA 10, slide SEND window
108.101 Send DATA 11 3, ID 20363
108.102 Send DATA 12 3, ID 20364
108.102 Send DATA 13 3, ID 20365
108.102 Send DATA 14 3, ID 20366
108.102 Send DATA 15 3, ID 20367
108.371 Recv DATA 4 10, ID 10356
108.371 Deliver DATA 4, ID 10356
108.371 Slide RECV window, expect 5 next
108.371 Send DATA 0 4, ID 20368
108.642 Recv DATA 5 10, ID 10357
108.642 Deliver DATA 5, ID 10357
108.642 Slide RECV window, expect 6 next
108.642 Send DATA 1 5, ID 20369
108.880 Recv DATA 6 10, ID 10358
108.880 Deliver DATA 6, ID 10358
108.880 Slide RECV window, expect 7 next
109.007 ---- ACK timeout
109.007 Send ACK  6
109.007 Send DATA 2 6, ID 20370
109.150 Recv DATA 7 10, ID 10359
109.150 Deliver DATA 7, ID 10359
109.150 Slide RECV window, expect 8 next
109.277 ---- ACK timeout
109.277 Send ACK  7
109.420 Recv DATA 8 10, ID 10360
109.420 Deliver DATA 8, ID 10360
109.420 Slide RECV window, expect 9 next
109.547 ---- ACK timeout
109.547 Send ACK  8
109.690 Recv DATA 9 10, ID 10361
109.690 Deliver DATA 9, ID 10361
109.690 Slide RECV window, expect 10 next
109.817 ---- ACK timeout
109.817 Send ACK  9
109.944 Recv DATA 10 10, ID 10362
109.944 Deliver DATA 10, ID 10362
109.944 .... 363 packets received, 6842 bps, 85.52%, Err 8 (9.7e-06)
109.944 Slide RECV window, expect 11 next
110.071 ---- ACK timeout
110.071 Send ACK  10
110.213 Recv DATA 11 11, ID 10363
110.213 Deliver DATA 11, ID 10363
110.214 Slide RECV window, expect 12 next
110.214 Acked DATA 11, slide SEND window
110.214 Send DATA 3 11, ID 20371
110.246 Recv ACK  12
110.246 Acked DATA 12, slide SEND window
110.246 Send DATA 4 11, ID 20372
110.277 Recv ACK  13
110.277 Acked DATA 13, slide SEND window
110.278 Send DATA 5 11, ID 20373
110.309 Recv ACK  14
110.309 Acked DATA 14, slide SEND window
110.309 Send DATA 6 11, ID 20374
110.340 Recv ACK  15
110.340 Acked DATA 15, slide SEND window
110.340 Send DATA 7 11, ID 20375
110.515 Recv DATA 12 0, ID 10364
110.515 Deliver DATA 12, ID 10364
110.515 Slide RECV window, expect 13 next
110.515 Acked DATA 0, slide SEND window
110.515 Send DATA 8 12, ID 20376
110.769 Recv DATA 13 1, ID 10365
110.769 Deliver DATA 13, ID 10365
110.769 Slide RECV window, expect 14 next
110.769 Acked DATA 1, slide SEND window
110.897 ---- ACK timeout
110.897 Send ACK  13
110.897 Send DATA 9 13, ID 20377
111.024 Recv DATA 14 1, ID 10366
111.024 Deliver DATA 14, ID 10366
111.024 Slide RECV window, expect 15 next
111.151 ---- ACK timeout
111.151 Send ACK  14
111.294 Recv DATA 15 2, ID 10367
111.294 Deliver DATA 15, ID 10367
111.294 Slide RECV window, expect 0 next
111.294 Acked DATA 2, slide SEND window
111.294 Send DATA 10 15, ID 20378
111.547 Recv DATA 0 2, ID 10368
111.547 Deliver DATA 0, ID 10368
111.547 Slide RECV window, expect 1 next
111.675 ---- ACK timeout
111.675 Send ACK  0
111.817 Recv DATA 1 2, ID 10369
111.817 Deliver DATA 1, ID 10369
111.817 Slide RECV window, expect 2 next
111.945 ---- ACK timeout
111.945 Send ACK  1
112.072 Recv DATA 2 2, ID 10370
112.072 Deliver DATA 2, ID 10370
112.081 .... 371 packets received, 6858 bps, 85.73%, Err 8 (9.5e-06)
112.081 Slide RECV window, expect 3 next
112.199 ---- ACK timeout
112.199 Send ACK  2
112.342 Recv DATA 3 3, ID 10371
112.342 Deliver DATA 3, ID 10371
112.342 Slide RECV window, expect 4 next
112.342 Acked DATA 3, slide SEND window
112.343 Send DATA 11 3, ID 20379
112.374 Recv ACK  4
112.374 Acked DATA 4, slide SEND window
112.374 Send DATA 12 3, ID 20380
112.390 Recv ACK  5
112.390 Acked DATA 5, slide SEND window
112.390 Send DATA 13 3, ID 20381
112.422 Recv ACK  6
112.422 Acked DATA 6, slide SEND window
112.422 Send DATA 14 3, ID 20382
112.453 Recv ACK  7
112.453 Acked DATA 7, slide SEND window
112.454 Send DATA 15 3, ID 20383
112.643 Recv DATA 4 8, ID 10372
112.643 Deliver DATA 4, ID 10372
112.643 Slide RECV window, expect 5 next
112.643 Acked DATA 8, slide SEND window
112.768 ---- ACK timeout
112.768 Send ACK  4
112.768 Send DATA 0 4, ID 20384
112.910 Recv DATA 5 8, ID 10373
112.910 Deliver DATA 5, ID 10373
112.910 Slide RECV window, expect 6 next
113.038 ---- ACK timeout
113.038 Send ACK  5
113.181 Recv DATA 6 9, ID 10374
113.181 Deliver DATA 6, ID 10374
113.182 Slide RECV window, expect 7 next
113.182 Acked DATA 9, slide SEND window
113.182 Send DATA 1 6, ID 20385
113.435 Recv DATA 7 10, ID 10375
113.435 Deliver DATA 7, ID 10375
113.435 Slide RECV window, expect 8 next
113.435 Acked DATA 10, slide SEND window
113.436 Send DATA 2 7, ID 20386
113.689 Recv DATA 8 10, ID 10376
113.689 Deliver DATA 8, ID 10376
113.689 Slide RECV window, expect 9 next
113.816 ---- ACK timeout
113.816 Send ACK  8
113.958 Recv DATA 9 10, ID 10377
113.958 Deliver DATA 9, ID 10377
113.958 Slide RECV window, expect 10 next
114.085 ---- ACK timeout
114.085 Send ACK  9
114.227 Recv DATA 10 10, ID 10378
114.228 Deliver DATA 10, ID 10378
114.228 .... 379 packets received, 6872 bps, 85.90%, Err 8 (9.3e-06)
114.228 Slide RECV window, expect 11 next
114.355 ---- ACK timeout
114.355 Send ACK  10
114.496 Recv DATA 11 11, ID 10379
114.497 Deliver DATA 11, ID 10379
114.497 Slide RECV window, expect 12 next
114.497 Acked DATA 11, slide SEND window
114.497 Send DATA 3 11, ID 20387
114.528 Recv ACK  12
114.528 Acked DATA 12, slide SEND window
114.528 Send DATA 4 11, ID 20388
114.544 Recv ACK  13
114.544 Acked DATA 13, slide SEND window
114.544 Send DATA 5 11, ID 20389
114.575 Recv ACK  14
114.575 Acked DATA 14, slide SEND window
114.576 Send DATA 6 11, ID 20390
114.766 Recv DATA 12 15, ID 10380
114.766 Deliver DATA 12, ID 10380
114.766 Slide RECV window, expect 13 next
114.766 Acked DATA 15, slide SEND window
114.766 Send DATA 7 12, ID 20391
115.037 Recv DATA 13 0, ID 10381
115.037 Deliver DATA 13, ID 10381
115.037 Slide RECV window, expect 14 next
115.037 Acked DATA 0, slide SEND window
115.037 Send DATA 8 13, ID 20392
115.292 Recv DATA 14 1, ID 10382
115.292 Deliver DATA 14, ID 10382
115.292 Slide RECV window, expect 15 next
115.292 Acked DATA 1, slide SEND window
115.293 Send DATA 9 14, ID 20393
115.563 Recv DATA 15 2, ID 10383
115.563 Deliver DATA 15, ID 10383
115.563 Slide RECV window, expect 0 next
115.563 Acked DATA 2, slide SEND window
115.563 Send DATA 10 15, ID 20394
115.833 Recv DATA 0 2, ID 10384
115.833 Deliver DATA 0, ID 10384
115.833 Slide RECV window, expect 1 next
115.960 ---- ACK timeout
115.960 Send ACK  0
116.087 Recv DATA 1 2, ID 10385
116.087 Deliver DATA 1, ID 10385
116.087 Slide RECV window, expect 2 next
116.213 ---- ACK timeout
116.213 Send ACK  1
116.357 Recv DATA 2 2, ID 10386
116.357 Deliver DATA 2, ID 10386
116.357 .... 387 packets received, 6888 bps, 86.09%, Err 8 (9.1e-06)
116.357 Slide RECV window, expect 3 next
116.484 ---- ACK timeout
116.484 Send ACK  2
116.610 Recv DATA 3 3, ID 10387
116.611 Deliver DATA 3, ID 10387
116.611 Slide RECV window, expect 4 next
116.611 Acked DATA 3, slide SEND window
116.611 Send DATA 11 3, ID 20395
116.626 Recv ACK  4
116.626 Acked DATA 4, slide SEND window
116.627 Send DATA 12 3, ID 20396
116.658 Recv ACK  5
116.658 Acked DATA 5, slide SEND window
116.658 Send DATA 13 3, ID 20397
116.690 Recv ACK  6
116.690 Acked DATA 6, slide SEND window
116.692 Send DATA 14 3, ID 20398
116.897 Recv DATA 4 7, ID 10388
116.897 Deliver DATA 4, ID 10388
116.897 Slide RECV window, expect 5 next
116.897 Acked DATA 7, slide SEND window
116.897 Send DATA 15 4, ID 20399
117.167 Recv DATA 5 8, ID 10389
117.167 Deliver DATA 5, ID 10389
117.167 Slide RECV window, expect 6 next
117.167 Acked DATA 8, slide SEND window
117.167 Send DATA 0 5, ID 20400
117.422 Recv DATA 6 9, ID 10390
117.422 Deliver DATA 6, ID 10390
117.422 Slide RECV window, expect 7 next
117.422 Acked DATA 9, slide SEND window
117.422 Send DATA 1 6, ID 20401
117.693 Recv DATA 7 10, ID 10391
117.693 Deliver DATA 7, ID 10391
117.693 Slide RECV window, expect 8 next
117.693 Acked DATA 10, slide SEND window
117.693 Send DATA 2 7, ID 20402
117.963 Recv DATA 8 10, ID 10392
117.963 Deliver DATA 8, ID 10392
117.963 Slide RECV window, expect 9 next
118.090 ---- ACK timeout
118.090 Send ACK  8
118.232 Recv DATA 9 10, ID 10393
118.232 Deliver DATA 9, ID 10393
118.232 Slide RECV window, expect 10 next
118.359 ---- ACK timeout
118.359 Send ACK  9
118.502 Recv DATA 10 10, ID 10394
118.502 Deliver DATA 10, ID 10394
118.502 .... 395 packets received, 6901 bps, 86.27%, Err 8 (8.9e-06)
118.502 Slide RECV window, expect 11 next
118.629 ---- ACK timeout
118.629 Send ACK  10
118.756 Recv DATA 11 11, ID 10395
118.756 Deliver DATA 11, ID 10395
118.756 Slide RECV window, expect 12 next
118.756 Acked DATA 11, slide SEND window
118.756 Send DATA 3 11, ID 20403
118.772 Recv ACK  12
118.772 Acked DATA 12, slide SEND window
118.772 Send DATA 4 11, ID 20404
118.804 Recv ACK  13
118.804 Acked DATA 13, slide SEND window
118.804 Send DATA 5 11, ID 20405
118.835 Recv ACK  14
118.835 Acked DATA 14, slide SEND window
118.835 Send DATA 6 11, ID 20406
119.027 Recv DATA 12 15, ID 10396
119.027 Deliver DATA 12, ID 10396
119.027 Slide RECV window, expect 13 next
119.027 Acked DATA 15, slide SEND window
119.027 Send DATA 7 12, ID 20407
119.297 Recv DATA 13 0, ID 10397
119.297 Deliver DATA 13, ID 10397
119.297 Slide RECV window, expect 14 next
119.297 Acked DATA 0, slide SEND window
119.297 Send DATA 8 13, ID 20408
119.567 Recv DATA 14 1, ID 10398
119.567 Deliver DATA 14, ID 10398
119.567 Slide RECV window, expect 15 next
119.567 Acked DATA 1, slide SEND window
119.567 Send DATA 9 14, ID 20409
119.837 Recv DATA 15 2, ID 10399
119.837 Deliver DATA 15, ID 10399
119.838 Slide RECV window, expect 0 next
119.838 Acked DATA 2, slide SEND window
119.838 Send DATA 10 15, ID 20410
120.028 Quit.
