000.000 =============================================================
000.000                     Station A                               
000.000 -------------------------------------------------------------
000.000 Protocol.lib, version 4.0, jiangyanjun0718@bupt.edu.cn
000.000 Channel: 8000 bps, 270 ms propagation delay, bit error rate 1.0E-05
000.000 Log file "C:\Users\YOUNG\Desktop\workplace\2025_2026_2\计算机网络\lab\Lab1-DataLink(Win+Linux)(1)\Lab1-Windows-VS2017\docs\测试记录\参数优化-DATA_TIMER-MAX_PHL_BACKLOG\01-粗筛-2min\dt2600-bg8-default-flood-20260509-220451-A.log", TCP port 59921, debug mask 0x07
000.000 Station A is waiting for station B on TCP port 59921 ... Done.
000.750 New epoch: Sat May  9 22:04:52 2026
000.750 =================================================================
000.750 
000.750 Designed by Jiang Yanjun, build: May  9 2026  22:04:51
000.750 Send DATA 0 15, ID 10000
000.750 Send DATA 1 15, ID 10001
000.750 Send DATA 2 15, ID 10002
000.750 Send DATA 3 15, ID 10003
000.750 Send DATA 4 15, ID 10004
000.750 Send DATA 5 15, ID 10005
000.750 Send DATA 6 15, ID 10006
000.750 Send DATA 7 15, ID 10007
001.298 Recv DATA 0 15, ID 20000
001.298 Deliver DATA 0, ID 20000
001.298 Slide RECV window, expect 1 next
001.425 ---- ACK timeout
001.425 Send ACK  0
001.567 Recv DATA 1 15, ID 20001
001.567 Deliver DATA 1, ID 20001
001.567 Slide RECV window, expect 2 next
001.567 Impose noise on received data, 1/6536=1.5E-04
001.693 ---- ACK timeout
001.693 Send ACK  1
001.836 **** Receiver Error, Bad CRC Checksum
001.836 Request NAK for 2
001.836 Send NAK  2
002.090 Recv DATA 3 15, ID 20003
002.344 Recv DATA 4 15, ID 20004
002.616 Recv DATA 5 15, ID 20005
002.869 Recv DATA 6 15, ID 20006
003.137 Recv DATA 7 15, ID 20007
003.168 Recv ACK  0
003.168 Acked DATA 0, slide SEND window
003.168 Send DATA 8 1, ID 10008
003.200 Recv ACK  1
003.200 Acked DATA 1, slide SEND window
003.200 Recv ACK  2
003.200 Acked DATA 2, slide SEND window
003.200 Send DATA 9 1, ID 10009
003.200 Send DATA 10 1, ID 10010
003.295 Recv ACK  3
003.295 Acked DATA 3, slide SEND window
003.295 Send DATA 11 1, ID 10011
003.565 Recv ACK  4
003.565 Acked DATA 4, slide SEND window
003.565 Send DATA 12 1, ID 10012
003.739 Recv ACK  5
003.739 Acked DATA 5, slide SEND window
003.739 Send DATA 13 1, ID 10013
003.755 Recv ACK  6
003.755 Acked DATA 6, slide SEND window
003.755 Send DATA 14 1, ID 10014
003.787 Recv ACK  7
003.787 Acked DATA 7, slide SEND window
003.787 Send DATA 15 1, ID 10015
003.992 Recv DATA 8 7, ID 20008
004.246 Recv DATA 9 7, ID 20009
004.515 Recv DATA 2 7, ID 20002
004.515 Deliver DATA 2, ID 20002
004.516 .... 3 packets received, 1758 bps, 21.98%, Err 1 (4.2e-05)
004.516 Deliver DATA 3, ID 20003
004.516 Deliver DATA 4, ID 20004
004.516 Deliver DATA 5, ID 20005
004.516 Deliver DATA 6, ID 20006
004.516 Deliver DATA 7, ID 20007
004.516 Deliver DATA 8, ID 20008
004.516 Deliver DATA 9, ID 20009
004.516 Slide RECV window, expect 10 next
004.643 Recv ACK  8
004.643 Acked DATA 8, slide SEND window
004.643 Send DATA 0 9, ID 10016
004.898 Recv ACK  9
004.898 Acked DATA 9, slide SEND window
004.898 Send DATA 1 9, ID 10017
005.167 Recv ACK  10
005.167 Acked DATA 10, slide SEND window
005.168 Send DATA 2 9, ID 10018
005.437 Recv ACK  11
005.437 Acked DATA 11, slide SEND window
005.438 Send DATA 3 9, ID 10019
005.707 Recv ACK  12
005.707 Acked DATA 12, slide SEND window
005.707 Send DATA 4 9, ID 10020
005.754 Recv ACK  13
005.754 Acked DATA 13, slide SEND window
005.754 Send DATA 5 9, ID 10021
005.786 Recv ACK  14
005.786 Acked DATA 14, slide SEND window
005.786 Send DATA 6 9, ID 10022
006.008 Recv DATA 3 14, ID 20003
006.008 Ignore out-of-window DATA 3
006.104 Recv ACK  15
006.104 Acked DATA 15, slide SEND window
006.104 Send DATA 7 9, ID 10023
006.358 Recv DATA 10 0, ID 20010
006.358 Deliver DATA 10, ID 20010
006.358 Slide RECV window, expect 11 next
006.358 Acked DATA 0, slide SEND window
006.358 Send DATA 8 10, ID 10024
006.628 Recv DATA 11 0, ID 20011
006.628 Deliver DATA 11, ID 20011
006.628 .... 12 packets received, 4383 bps, 54.79%, Err 1 (3.1e-05)
006.629 Slide RECV window, expect 12 next
006.755 ---- ACK timeout
006.755 Send ACK  11
006.866 Recv DATA 12 0, ID 20012
006.867 Deliver DATA 12, ID 20012
006.867 Slide RECV window, expect 13 next
006.993 ---- ACK timeout
006.993 Send ACK  12
007.136 Recv DATA 13 0, ID 20013
007.136 Deliver DATA 13, ID 20013
007.136 Slide RECV window, expect 14 next
007.278 ---- ACK timeout
007.278 Send ACK  13
007.421 Recv DATA 14 0, ID 20014
007.421 Deliver DATA 14, ID 20014
007.421 Slide RECV window, expect 15 next
007.549 ---- ACK timeout
007.549 Send ACK  14
007.659 Recv DATA 15 0, ID 20015
007.659 Deliver DATA 15, ID 20015
007.659 Slide RECV window, expect 0 next
007.786 ---- ACK timeout
007.795 Send ACK  15
007.930 Recv DATA 0 0, ID 20016
007.930 Deliver DATA 0, ID 20016
007.930 Slide RECV window, expect 1 next
008.057 ---- ACK timeout
008.058 Send ACK  0
008.200 Recv DATA 1 0, ID 20017
008.200 Deliver DATA 1, ID 20017
008.200 Slide RECV window, expect 2 next
008.216 Recv ACK  1
008.216 Acked DATA 1, slide SEND window
008.216 Send DATA 9 1, ID 10025
008.248 Recv ACK  2
008.248 Acked DATA 2, slide SEND window
008.248 Recv ACK  3
008.248 Acked DATA 3, slide SEND window
008.248 Send DATA 10 1, ID 10026
008.248 Send DATA 11 1, ID 10027
008.264 Recv ACK  4
008.264 Acked DATA 4, slide SEND window
008.264 Send DATA 12 1, ID 10028
008.280 Recv ACK  5
008.280 Acked DATA 5, slide SEND window
008.280 Send DATA 13 1, ID 10029
008.295 Recv ACK  6
008.295 Acked DATA 6, slide SEND window
008.295 Send DATA 14 1, ID 10030
008.311 Recv ACK  7
008.311 Acked DATA 7, slide SEND window
008.311 Send DATA 15 1, ID 10031
008.518 Recv DATA 2 8, ID 20018
008.518 Deliver DATA 2, ID 20018
008.518 Slide RECV window, expect 3 next
008.518 Acked DATA 8, slide SEND window
008.518 Send DATA 0 2, ID 10032
008.788 Recv DATA 3 8, ID 20019
008.788 Deliver DATA 3, ID 20019
008.788 .... 20 packets received, 5274 bps, 65.92%, Err 1 (2.0e-05)
008.788 Slide RECV window, expect 4 next
008.915 ---- ACK timeout
008.915 Send ACK  3
009.059 Recv DATA 4 8, ID 20020
009.059 Deliver DATA 4, ID 20020
009.059 Slide RECV window, expect 5 next
009.185 ---- ACK timeout
009.185 Send ACK  4
009.295 Recv DATA 5 8, ID 20021
009.295 Deliver DATA 5, ID 20021
009.295 Slide RECV window, expect 6 next
009.422 ---- ACK timeout
009.422 Send ACK  5
009.565 Recv DATA 6 8, ID 20022
009.565 Deliver DATA 6, ID 20022
009.565 Slide RECV window, expect 7 next
009.692 ---- ACK timeout
009.692 Send ACK  6
009.820 Recv DATA 7 8, ID 20023
009.820 Deliver DATA 7, ID 20023
009.820 Slide RECV window, expect 8 next
009.947 ---- ACK timeout
009.947 Send ACK  7
010.089 Recv DATA 8 8, ID 20024
010.089 Deliver DATA 8, ID 20024
010.089 Slide RECV window, expect 9 next
010.217 ---- ACK timeout
010.217 Send ACK  8
010.360 Recv DATA 9 9, ID 20025
010.360 Deliver DATA 9, ID 20025
010.360 Slide RECV window, expect 10 next
010.360 Acked DATA 9, slide SEND window
010.360 Send DATA 1 9, ID 10033
010.391 Recv ACK  10
010.391 Acked DATA 10, slide SEND window
010.391 Send DATA 2 9, ID 10034
010.486 Recv ACK  11
010.486 Acked DATA 11, slide SEND window
010.486 Send DATA 3 9, ID 10035
010.739 Recv ACK  12
010.739 Acked DATA 12, slide SEND window
010.740 Send DATA 4 9, ID 10036
010.898 Recv ACK  13
010.899 Acked DATA 13, slide SEND window
010.899 Send DATA 5 9, ID 10037
010.931 Recv ACK  14
010.931 Acked DATA 14, slide SEND window
010.931 Send DATA 6 9, ID 10038
010.962 Recv ACK  15
010.962 Acked DATA 15, slide SEND window
010.962 Send DATA 7 9, ID 10039
011.152 Recv DATA 10 0, ID 20026
011.153 Deliver DATA 10, ID 20026
011.153 .... 27 packets received, 5458 bps, 68.23%, Err 1 (1.5e-05)
011.153 Slide RECV window, expect 11 next
011.153 Acked DATA 0, slide SEND window
011.153 Send DATA 8 10, ID 10040
011.406 Recv DATA 11 0, ID 20027
011.406 Deliver DATA 11, ID 20027
011.406 Slide RECV window, expect 12 next
011.534 ---- ACK timeout
011.534 Send ACK  11
011.677 Recv DATA 12 0, ID 20028
011.677 Deliver DATA 12, ID 20028
011.677 Slide RECV window, expect 13 next
011.804 ---- ACK timeout
011.804 Send ACK  12
011.947 Recv DATA 13 0, ID 20029
011.947 Deliver DATA 13, ID 20029
011.947 Slide RECV window, expect 14 next
012.074 ---- ACK timeout
012.074 Send ACK  13
012.216 Recv DATA 14 0, ID 20030
012.216 Deliver DATA 14, ID 20030
012.216 Slide RECV window, expect 15 next
012.344 ---- ACK timeout
012.344 Send ACK  14
012.455 Recv DATA 15 0, ID 20031
012.455 Deliver DATA 15, ID 20031
012.455 Slide RECV window, expect 0 next
012.581 ---- ACK timeout
012.581 Send ACK  15
012.723 Recv DATA 0 0, ID 20032
012.724 Deliver DATA 0, ID 20032
012.724 Slide RECV window, expect 1 next
012.852 ---- ACK timeout
012.852 Send ACK  0
012.995 Recv DATA 1 1, ID 20033
012.995 Deliver DATA 1, ID 20033
012.995 Slide RECV window, expect 2 next
013.004 Acked DATA 1, slide SEND window
013.004 Send DATA 9 1, ID 10041
013.027 Recv ACK  2
013.027 Acked DATA 2, slide SEND window
013.027 Send DATA 10 1, ID 10042
013.043 Recv ACK  3
013.043 Acked DATA 3, slide SEND window
013.043 Send DATA 11 1, ID 10043
013.075 Recv ACK  4
013.075 Acked DATA 4, slide SEND window
013.075 Send DATA 12 1, ID 10044
013.090 Recv ACK  5
013.090 Acked DATA 5, slide SEND window
013.090 Send DATA 13 1, ID 10045
013.106 Recv ACK  6
013.106 Acked DATA 6, slide SEND window
013.106 Send DATA 14 1, ID 10046
013.122 Recv ACK  7
013.122 Acked DATA 7, slide SEND window
013.123 Send DATA 15 1, ID 10047
013.297 Recv DATA 2 8, ID 20034
013.297 Deliver DATA 2, ID 20034
013.297 .... 35 packets received, 5839 bps, 72.99%, Err 1 (1.2e-05)
013.297 Slide RECV window, expect 3 next
013.297 Acked DATA 8, slide SEND window
013.297 Send DATA 0 2, ID 10048
013.550 Recv DATA 3 8, ID 20035
013.550 Deliver DATA 3, ID 20035
013.550 Slide RECV window, expect 4 next
013.677 ---- ACK timeout
013.677 Send ACK  3
013.835 Recv DATA 4 8, ID 20036
013.835 Deliver DATA 4, ID 20036
013.835 Slide RECV window, expect 5 next
013.963 ---- ACK timeout
013.963 Send ACK  4
014.106 Recv DATA 5 8, ID 20037
014.106 Deliver DATA 5, ID 20037
014.106 Slide RECV window, expect 6 next
014.233 ---- ACK timeout
014.233 Send ACK  5
014.359 Recv DATA 6 8, ID 20038
014.359 Deliver DATA 6, ID 20038
014.359 Slide RECV window, expect 7 next
014.486 ---- ACK timeout
014.486 Send ACK  6
014.613 Recv DATA 7 8, ID 20039
014.613 Deliver DATA 7, ID 20039
014.613 Slide RECV window, expect 8 next
014.740 ---- ACK timeout
014.740 Send ACK  7
014.898 Recv DATA 8 8, ID 20040
014.898 Deliver DATA 8, ID 20040
014.898 Slide RECV window, expect 9 next
015.024 ---- ACK timeout
015.024 Send ACK  8
015.136 Recv DATA 9 9, ID 20041
015.137 Deliver DATA 9, ID 20041
015.137 Slide RECV window, expect 10 next
015.137 Acked DATA 9, slide SEND window
015.137 Send DATA 1 9, ID 10049
015.168 Recv ACK  10
015.168 Acked DATA 10, slide SEND window
015.168 Send DATA 2 9, ID 10050
015.661 Recv ACK  11
015.661 Acked DATA 11, slide SEND window
015.661 Send DATA 3 9, ID 10051
015.692 Recv ACK  12
015.692 Acked DATA 12, slide SEND window
015.693 Send DATA 4 9, ID 10052
015.708 Recv ACK  13
015.708 Acked DATA 13, slide SEND window
015.708 Send DATA 5 9, ID 10053
015.724 Recv NAK  14
015.724 ---- Resend DATA 14 on NAK
015.724 Send DATA 14 9, ID 10046
015.914 Recv DATA 10 13, ID 20042
015.914 Deliver DATA 10, ID 20042
015.914 .... 43 packets received, 5913 bps, 73.91%, Err 1 (1.0e-05)
015.914 Slide RECV window, expect 11 next
016.040 ---- ACK timeout
016.040 Send ACK  10
016.167 Recv DATA 11 13, ID 20043
016.168 Deliver DATA 11, ID 20043
016.168 Slide RECV window, expect 12 next
016.294 ---- ACK timeout
016.294 Send ACK  11
016.421 Recv DATA 12 13, ID 20044
016.421 Deliver DATA 12, ID 20044
016.421 Slide RECV window, expect 13 next
016.548 ---- ACK timeout
016.548 Send ACK  12
016.691 Recv DATA 13 13, ID 20045
016.691 Deliver DATA 13, ID 20045
016.691 Slide RECV window, expect 14 next
016.818 ---- ACK timeout
016.818 Send ACK  13
016.960 Recv DATA 14 13, ID 20046
016.960 Deliver DATA 14, ID 20046
016.960 Slide RECV window, expect 15 next
017.087 ---- ACK timeout
017.087 Send ACK  14
017.230 Recv DATA 15 13, ID 20047
017.230 Deliver DATA 15, ID 20047
017.230 Slide RECV window, expect 0 next
017.357 ---- ACK timeout
017.358 Send ACK  15
017.501 Recv DATA 0 13, ID 20048
017.501 Deliver DATA 0, ID 20048
017.501 Slide RECV window, expect 1 next
017.628 ---- ACK timeout
017.628 Send ACK  0
017.770 Recv DATA 1 13, ID 20049
017.770 Deliver DATA 1, ID 20049
017.770 Slide RECV window, expect 2 next
017.897 ---- ACK timeout
017.897 Send ACK  1
018.025 Recv DATA 2 5, ID 20050
018.025 Deliver DATA 2, ID 20050
018.025 .... 51 packets received, 6143 bps, 76.78%, Err 1 (8.6e-06)
018.025 Slide RECV window, expect 3 next
018.025 Acked DATA 14, slide SEND window
018.025 Acked DATA 15, slide SEND window
018.025 Acked DATA 0, slide SEND window
018.025 Acked DATA 1, slide SEND window
018.025 Acked DATA 2, slide SEND window
018.027 Acked DATA 3, slide SEND window
018.027 Acked DATA 4, slide SEND window
018.027 Acked DATA 5, slide SEND window
018.027 Send DATA 6 2, ID 10054
018.028 Send DATA 7 2, ID 10055
018.028 Send DATA 8 2, ID 10056
018.028 Send DATA 9 2, ID 10057
018.028 Send DATA 10 2, ID 10058
018.028 Send DATA 11 2, ID 10059
018.028 Send DATA 12 2, ID 10060
018.028 Send DATA 13 2, ID 10061
018.294 Recv DATA 3 5, ID 20051
018.294 Deliver DATA 3, ID 20051
018.295 Slide RECV window, expect 4 next
018.421 ---- ACK timeout
018.421 Send ACK  3
018.532 Recv DATA 4 5, ID 20052
018.532 Deliver DATA 4, ID 20052
018.532 Slide RECV window, expect 5 next
018.659 ---- ACK timeout
018.659 Send ACK  4
018.802 Recv DATA 5 5, ID 20053
018.802 Deliver DATA 5, ID 20053
018.802 Slide RECV window, expect 6 next
018.929 ---- ACK timeout
018.929 Send ACK  5
019.072 Recv DATA 6 5, ID 20054
019.072 Deliver DATA 6, ID 20054
019.072 Slide RECV window, expect 7 next
019.198 ---- ACK timeout
019.198 Send ACK  6
019.326 Recv DATA 7 5, ID 20055
019.326 Deliver DATA 7, ID 20055
019.326 Slide RECV window, expect 8 next
019.454 ---- ACK timeout
019.454 Send ACK  7
019.597 Recv DATA 8 5, ID 20056
019.597 Deliver DATA 8, ID 20056
019.597 Slide RECV window, expect 9 next
019.724 ---- ACK timeout
019.724 Send ACK  8
019.867 Recv DATA 9 5, ID 20057
019.867 Deliver DATA 9, ID 20057
019.867 Slide RECV window, expect 10 next
019.994 ---- ACK timeout
019.994 Send ACK  9
020.137 Recv DATA 10 6, ID 20058
020.137 Deliver DATA 10, ID 20058
020.137 .... 59 packets received, 6321 bps, 79.01%, Err 1 (7.6e-06)
020.137 Slide RECV window, expect 11 next
020.137 Acked DATA 6, slide SEND window
020.137 Send DATA 14 10, ID 10062
020.169 Recv ACK  7
020.169 Acked DATA 7, slide SEND window
020.169 Send DATA 15 10, ID 10063
020.296 Recv ACK  8
020.296 Acked DATA 8, slide SEND window
020.297 Send DATA 0 10, ID 10064
020.565 Recv ACK  9
020.565 Acked DATA 9, slide SEND window
020.565 Send DATA 1 10, ID 10065
020.707 Recv ACK  10
020.707 Acked DATA 10, slide SEND window
020.707 Send DATA 2 10, ID 10066
020.739 Recv ACK  11
020.739 Acked DATA 11, slide SEND window
020.739 Send DATA 3 10, ID 10067
020.770 Recv ACK  12
020.770 Acked DATA 12, slide SEND window
020.771 Send DATA 4 10, ID 10068
020.961 Recv DATA 11 13, ID 20059
020.961 Deliver DATA 11, ID 20059
020.961 Slide RECV window, expect 12 next
020.961 Acked DATA 13, slide SEND window
020.962 Send DATA 5 11, ID 10069
021.215 Recv DATA 12 13, ID 20060
021.216 Deliver DATA 12, ID 20060
021.216 Slide RECV window, expect 13 next
021.342 ---- ACK timeout
021.342 Send ACK  12
021.484 Recv DATA 13 13, ID 20061
021.484 Deliver DATA 13, ID 20061
021.484 Slide RECV window, expect 14 next
021.612 ---- ACK timeout
021.612 Send ACK  13
021.739 Recv DATA 14 13, ID 20062
021.739 Deliver DATA 14, ID 20062
021.739 Slide RECV window, expect 15 next
021.866 ---- ACK timeout
021.866 Send ACK  14
022.022 Recv DATA 15 13, ID 20063
022.022 Deliver DATA 15, ID 20063
022.022 Slide RECV window, expect 0 next
022.149 ---- ACK timeout
022.149 Send ACK  15
022.260 Recv DATA 0 13, ID 20064
022.260 Deliver DATA 0, ID 20064
022.260 .... 65 packets received, 6268 bps, 78.35%, Err 1 (6.9e-06)
022.260 Slide RECV window, expect 1 next
022.388 ---- ACK timeout
022.388 Send ACK  0
022.530 Recv DATA 1 13, ID 20065
022.530 Deliver DATA 1, ID 20065
022.530 Slide RECV window, expect 2 next
022.657 ---- ACK timeout
022.657 Send ACK  1
022.799 Recv DATA 2 14, ID 20066
022.800 Deliver DATA 2, ID 20066
022.800 Slide RECV window, expect 3 next
022.800 Acked DATA 14, slide SEND window
022.800 Send DATA 6 2, ID 10070
022.831 Recv ACK  15
022.831 Acked DATA 15, slide SEND window
022.832 Send DATA 7 2, ID 10071
022.847 Recv ACK  0
022.847 Acked DATA 0, slide SEND window
022.848 Send DATA 8 2, ID 10072
022.863 Recv ACK  1
022.863 Acked DATA 1, slide SEND window
022.863 Send DATA 9 2, ID 10073
022.895 Recv ACK  2
022.895 Acked DATA 2, slide SEND window
022.895 Send DATA 10 2, ID 10074
022.911 Recv ACK  3
022.911 Acked DATA 3, slide SEND window
022.911 Send DATA 11 2, ID 10075
022.921 Recv ACK  4
022.921 Acked DATA 4, slide SEND window
022.921 Send DATA 12 2, ID 10076
023.102 Recv DATA 3 5, ID 20067
023.102 Deliver DATA 3, ID 20067
023.102 Slide RECV window, expect 4 next
023.102 Acked DATA 5, slide SEND window
023.102 Send DATA 13 3, ID 10077
023.372 Recv DATA 4 5, ID 20068
023.372 Deliver DATA 4, ID 20068
023.372 Slide RECV window, expect 5 next
023.499 ---- ACK timeout
023.499 Send ACK  4
023.626 Recv DATA 5 5, ID 20069
023.626 Deliver DATA 5, ID 20069
023.626 Slide RECV window, expect 6 next
023.753 ---- ACK timeout
023.753 Send ACK  5
023.911 Recv DATA 6 5, ID 20070
023.911 Deliver DATA 6, ID 20070
023.911 Slide RECV window, expect 7 next
024.038 ---- ACK timeout
024.039 Send ACK  6
024.182 Recv DATA 7 5, ID 20071
024.182 Deliver DATA 7, ID 20071
024.182 Slide RECV window, expect 8 next
024.308 ---- ACK timeout
024.308 Send ACK  7
024.420 Recv DATA 8 5, ID 20072
024.420 Deliver DATA 8, ID 20072
024.420 .... 73 packets received, 6389 bps, 79.87%, Err 1 (6.1e-06)
024.420 Slide RECV window, expect 9 next
024.546 ---- ACK timeout
024.546 Send ACK  8
024.690 Recv DATA 9 5, ID 20073
024.690 Deliver DATA 9, ID 20073
024.690 Slide RECV window, expect 10 next
024.816 ---- ACK timeout
024.816 Send ACK  9
024.975 Recv DATA 10 6, ID 20074
024.975 Deliver DATA 10, ID 20074
024.975 Slide RECV window, expect 11 next
024.975 Acked DATA 6, slide SEND window
024.975 Send DATA 14 10, ID 10078
025.070 Recv ACK  7
025.070 Acked DATA 7, slide SEND window
025.070 Send DATA 15 10, ID 10079
025.324 Recv ACK  8
025.324 Acked DATA 8, slide SEND window
025.324 Send DATA 0 10, ID 10080
025.482 Recv ACK  9
025.482 Acked DATA 9, slide SEND window
025.482 Send DATA 1 10, ID 10081
025.514 Recv ACK  10
025.514 Acked DATA 10, slide SEND window
025.514 Send DATA 2 10, ID 10082
025.530 Recv ACK  11
025.530 Acked DATA 11, slide SEND window
025.530 Send DATA 3 10, ID 10083
025.546 Recv ACK  12
025.546 Acked DATA 12, slide SEND window
025.546 Send DATA 4 10, ID 10084
025.721 Recv DATA 11 13, ID 20075
025.721 Deliver DATA 11, ID 20075
025.721 Slide RECV window, expect 12 next
025.721 Acked DATA 13, slide SEND window
025.721 Send DATA 5 11, ID 10085
025.989 Recv DATA 12 13, ID 20076
025.989 Deliver DATA 12, ID 20076
025.989 Slide RECV window, expect 13 next
026.116 ---- ACK timeout
026.116 Send ACK  12
026.260 Recv DATA 13 13, ID 20077
026.260 Deliver DATA 13, ID 20077
026.260 Slide RECV window, expect 14 next
026.387 ---- ACK timeout
026.387 Send ACK  13
026.529 Recv DATA 14 13, ID 20078
026.529 Deliver DATA 14, ID 20078
026.529 .... 79 packets received, 6343 bps, 79.28%, Err 1 (5.7e-06)
026.529 Slide RECV window, expect 15 next
026.656 ---- ACK timeout
026.656 Send ACK  14
026.783 Recv DATA 15 13, ID 20079
026.783 Deliver DATA 15, ID 20079
026.783 Slide RECV window, expect 0 next
026.911 ---- ACK timeout
026.911 Send ACK  15
027.052 Recv DATA 0 13, ID 20080
027.052 Deliver DATA 0, ID 20080
027.052 Slide RECV window, expect 1 next
027.179 ---- ACK timeout
027.179 Send ACK  0
027.274 Impose noise on received data, 2/182496=1.1E-05
027.322 Recv DATA 1 13, ID 20081
027.322 Deliver DATA 1, ID 20081
027.322 Slide RECV window, expect 2 next
027.449 ---- ACK timeout
027.449 Send ACK  1
027.591 **** Receiver Error, Bad CRC Checksum
027.591 Request NAK for 2
027.592 Send NAK  2
027.607 Recv ACK  15
027.607 Acked DATA 14, slide SEND window
027.607 Acked DATA 15, slide SEND window
027.608 Send DATA 6 1, ID 10086
027.609 Send DATA 7 1, ID 10087
027.639 Recv ACK  0
027.639 Acked DATA 0, slide SEND window
027.639 Send DATA 8 1, ID 10088
027.671 Recv ACK  1
027.671 Acked DATA 1, slide SEND window
027.671 Send DATA 9 1, ID 10089
027.687 Recv ACK  2
027.687 Acked DATA 2, slide SEND window
027.687 Send DATA 10 1, ID 10090
027.702 Recv ACK  3
027.702 Acked DATA 3, slide SEND window
027.702 Send DATA 11 1, ID 10091
027.718 Recv ACK  4
027.718 Acked DATA 4, slide SEND window
027.718 Send DATA 12 1, ID 10092
027.876 Recv DATA 3 5, ID 20083
027.876 Acked DATA 5, slide SEND window
027.876 Send DATA 13 1, ID 10093
028.146 Recv DATA 4 5, ID 20084
028.417 Recv DATA 5 5, ID 20085
028.687 Recv DATA 6 5, ID 20086
028.942 Recv DATA 7 5, ID 20087
029.212 Recv DATA 8 5, ID 20088
029.483 Recv DATA 9 5, ID 20089
029.736 Recv DATA 2 5, ID 20082
029.736 Deliver DATA 2, ID 20082
029.736 .... 83 packets received, 5920 bps, 74.00%, Err 2 (1.0e-05)
029.736 Deliver DATA 3, ID 20083
029.737 Deliver DATA 4, ID 20084
029.737 Deliver DATA 5, ID 20085
029.737 Deliver DATA 6, ID 20086
029.737 Deliver DATA 7, ID 20087
029.737 Deliver DATA 8, ID 20088
029.737 Deliver DATA 9, ID 20089
029.737 Slide RECV window, expect 10 next
029.752 Recv ACK  6
029.752 Acked DATA 6, slide SEND window
029.752 Send DATA 14 9, ID 10094
029.783 Recv ACK  7
029.784 Acked DATA 7, slide SEND window
029.784 Send DATA 15 9, ID 10095
029.863 Recv ACK  8
029.863 Acked DATA 8, slide SEND window
029.863 Send DATA 0 9, ID 10096
030.132 Recv ACK  9
030.132 Acked DATA 9, slide SEND window
030.133 Send DATA 1 9, ID 10097
030.402 Recv ACK  10
030.402 Acked DATA 10, slide SEND window
030.402 Send DATA 2 9, ID 10098
030.561 Recv ACK  11
030.561 Acked DATA 11, slide SEND window
030.561 Send DATA 3 9, ID 10099
030.592 Recv ACK  12
030.592 Acked DATA 12, slide SEND window
030.593 Send DATA 4 9, ID 10100
030.624 Recv ACK  13
030.624 Acked DATA 13, slide SEND window
030.624 Send DATA 5 9, ID 10101
030.799 Recv DATA 10 14, ID 20090
030.799 Deliver DATA 10, ID 20090
030.799 Slide RECV window, expect 11 next
030.799 Acked DATA 14, slide SEND window
030.799 Send DATA 6 10, ID 10102
031.069 Recv DATA 11 14, ID 20091
031.069 Deliver DATA 11, ID 20091
031.069 Slide RECV window, expect 12 next
031.196 ---- ACK timeout
031.196 Send ACK  11
031.323 Recv DATA 12 14, ID 20092
031.323 Deliver DATA 12, ID 20092
031.323 Slide RECV window, expect 13 next
031.449 ---- ACK timeout
031.449 Send ACK  12
031.592 Recv DATA 13 14, ID 20093
031.592 Deliver DATA 13, ID 20093
031.592 Slide RECV window, expect 14 next
031.719 ---- ACK timeout
031.719 Send ACK  13
031.863 Recv DATA 14 14, ID 20094
031.863 Deliver DATA 14, ID 20094
031.863 .... 95 packets received, 6308 bps, 78.85%, Err 2 (9.4e-06)
031.863 Slide RECV window, expect 15 next
031.990 ---- ACK timeout
031.990 Send ACK  14
032.117 Recv DATA 15 14, ID 20095
032.117 Deliver DATA 15, ID 20095
032.117 Slide RECV window, expect 0 next
032.244 ---- ACK timeout
032.244 Send ACK  15
032.387 Recv DATA 0 14, ID 20096
032.387 Deliver DATA 0, ID 20096
032.387 Slide RECV window, expect 1 next
032.467 Impose noise on received data, 3/218104=1.4E-05
032.514 ---- ACK timeout
032.514 Send ACK  0
032.673 Recv DATA 1 14, ID 20097
032.673 Deliver DATA 1, ID 20097
032.673 Slide RECV window, expect 2 next
032.689 Recv ACK  15
032.689 Acked DATA 15, slide SEND window
032.689 Send DATA 7 1, ID 10103
032.720 Recv ACK  0
032.720 Acked DATA 0, slide SEND window
032.720 Recv ACK  1
032.720 Acked DATA 1, slide SEND window
032.721 Send DATA 8 1, ID 10104
032.721 Send DATA 9 1, ID 10105
032.736 Recv ACK  2
032.736 Acked DATA 2, slide SEND window
032.737 Send DATA 10 1, ID 10106
032.768 Recv ACK  3
032.768 Acked DATA 3, slide SEND window
032.768 Send DATA 11 1, ID 10107
032.784 Recv ACK  4
032.784 Acked DATA 4, slide SEND window
032.784 Recv NAK  5
032.784 ---- Resend DATA 5 on NAK
032.784 Send DATA 5 1, ID 10101
032.785 Send DATA 12 1, ID 10108
032.959 **** Receiver Error, Bad CRC Checksum
032.959 Request NAK for 2
032.959 Send NAK  2
033.245 Recv DATA 3 4, ID 20099
033.483 Recv DATA 4 4, ID 20100
033.769 Recv DATA 5 4, ID 20101
034.022 Recv DATA 6 4, ID 20102
034.292 Recv DATA 7 4, ID 20103
034.546 Recv DATA 8 4, ID 20104
034.831 Recv DATA 9 4, ID 20105
034.958 Recv ACK  5
034.958 Acked DATA 5, slide SEND window
034.958 Send DATA 13 1, ID 10109
035.101 Recv NAK  6
035.101 ---- Resend DATA 6 on NAK
035.101 Send DATA 6 1, ID 10102
035.768 Recv DATA 2 5, ID 20098
035.768 Deliver DATA 2, ID 20098
035.768 .... 99 packets received, 5835 bps, 72.94%, Err 3 (1.3e-05)
035.768 Deliver DATA 3, ID 20099
035.768 Deliver DATA 4, ID 20100
035.768 Deliver DATA 5, ID 20101
035.768 Deliver DATA 6, ID 20102
035.768 Deliver DATA 7, ID 20103
035.777 Deliver DATA 8, ID 20104
035.777 Deliver DATA 9, ID 20105
035.777 Slide RECV window, expect 10 next
035.800 ---- DATA 7 timeout
035.800 Send DATA 7 9, ID 10103
036.163 Recv ACK  13
036.163 Acked DATA 6, slide SEND window
036.163 Acked DATA 7, slide SEND window
036.163 Acked DATA 8, slide SEND window
036.163 Acked DATA 9, slide SEND window
036.163 Acked DATA 10, slide SEND window
036.163 Acked DATA 11, slide SEND window
036.163 Acked DATA 12, slide SEND window
036.163 Acked DATA 13, slide SEND window
036.163 Send DATA 14 9, ID 10110
036.164 Send DATA 15 9, ID 10111
036.164 Send DATA 0 9, ID 10112
036.164 Send DATA 1 9, ID 10113
036.164 Send DATA 2 9, ID 10114
036.164 Send DATA 3 9, ID 10115
036.164 Send DATA 4 9, ID 10116
036.164 Send DATA 5 9, ID 10117
036.623 Recv DATA 3 13, ID 20099
036.623 Ignore out-of-window DATA 3
036.751 ---- ACK timeout
036.751 Send ACK  9
036.878 Recv DATA 10 13, ID 20106
036.878 Deliver DATA 10, ID 20106
036.878 Slide RECV window, expect 11 next
037.004 ---- ACK timeout
037.004 Send ACK  10
037.146 Recv DATA 11 13, ID 20107
037.146 Deliver DATA 11, ID 20107
037.146 Slide RECV window, expect 12 next
037.273 ---- ACK timeout
037.273 Send ACK  11
037.415 Recv DATA 12 13, ID 20108
037.415 Deliver DATA 12, ID 20108
037.415 Slide RECV window, expect 13 next
037.542 ---- ACK timeout
037.542 Send ACK  12
037.685 Recv DATA 13 13, ID 20109
037.685 Deliver DATA 13, ID 20109
037.685 Slide RECV window, expect 14 next
037.812 ---- ACK timeout
037.812 Send ACK  13
037.940 Recv DATA 14 13, ID 20110
037.940 Deliver DATA 14, ID 20110
037.940 .... 111 packets received, 6157 bps, 76.97%, Err 3 (1.2e-05)
037.940 Slide RECV window, expect 15 next
038.067 ---- ACK timeout
038.067 Send ACK  14
038.209 Recv DATA 15 13, ID 20111
038.209 Deliver DATA 15, ID 20111
038.209 Slide RECV window, expect 0 next
038.335 ---- ACK timeout
038.335 Send ACK  15
038.479 Recv DATA 0 13, ID 20112
038.479 Deliver DATA 0, ID 20112
038.479 Slide RECV window, expect 1 next
038.605 ---- ACK timeout
038.605 Send ACK  0
038.733 Recv DATA 1 13, ID 20113
038.733 Deliver DATA 1, ID 20113
038.733 Slide RECV window, expect 2 next
038.749 Recv ACK  14
038.749 Acked DATA 14, slide SEND window
038.749 Send DATA 6 1, ID 10118
038.780 Recv ACK  15
038.780 Acked DATA 15, slide SEND window
038.780 Recv ACK  0
038.780 Acked DATA 0, slide SEND window
038.780 Send DATA 7 1, ID 10119
038.781 Send DATA 8 1, ID 10120
038.892 Recv ACK  1
038.892 Acked DATA 1, slide SEND window
038.892 Send DATA 9 1, ID 10121
038.908 Recv ACK  2
038.908 Acked DATA 2, slide SEND window
038.908 Send DATA 10 1, ID 10122
038.940 Recv ACK  3
038.940 Acked DATA 3, slide SEND window
038.940 Send DATA 11 1, ID 10123
038.955 Recv ACK  4
038.955 Acked DATA 4, slide SEND window
038.956 Send DATA 12 1, ID 10124
039.162 Recv DATA 2 5, ID 20114
039.162 Deliver DATA 2, ID 20114
039.162 Slide RECV window, expect 3 next
039.162 Acked DATA 5, slide SEND window
039.162 Send DATA 13 2, ID 10125
039.432 Recv DATA 3 5, ID 20115
039.432 Deliver DATA 3, ID 20115
039.432 Slide RECV window, expect 4 next
039.559 ---- ACK timeout
039.559 Send ACK  3
039.698 Recv DATA 4 5, ID 20116
039.698 Deliver DATA 4, ID 20116
039.698 Slide RECV window, expect 5 next
039.831 ---- ACK timeout
039.831 Send ACK  4
039.973 Recv DATA 5 5, ID 20117
039.973 Deliver DATA 5, ID 20117
039.973 .... 118 packets received, 6204 bps, 77.55%, Err 3 (1.1e-05)
039.973 Slide RECV window, expect 6 next
040.099 ---- ACK timeout
040.099 Send ACK  5
040.227 Recv DATA 6 5, ID 20118
040.227 Deliver DATA 6, ID 20118
040.227 Slide RECV window, expect 7 next
040.355 ---- ACK timeout
040.355 Send ACK  6
040.497 Recv DATA 7 5, ID 20119
040.497 Deliver DATA 7, ID 20119
040.497 Slide RECV window, expect 8 next
040.624 ---- ACK timeout
040.624 Send ACK  7
040.735 Recv DATA 8 5, ID 20120
040.735 Deliver DATA 8, ID 20120
040.735 Slide RECV window, expect 9 next
040.862 ---- ACK timeout
040.862 Send ACK  8
041.005 Recv DATA 9 6, ID 20121
041.006 Deliver DATA 9, ID 20121
041.006 Slide RECV window, expect 10 next
041.006 Acked DATA 6, slide SEND window
041.007 Send DATA 14 9, ID 10126
041.037 Recv ACK  7
041.037 Acked DATA 7, slide SEND window
041.037 Send DATA 15 9, ID 10127
041.275 Recv ACK  8
041.275 Acked DATA 8, slide SEND window
041.275 Send DATA 0 9, ID 10128
041.417 Recv ACK  9
041.417 Acked DATA 9, slide SEND window
041.418 Send DATA 1 9, ID 10129
041.449 Recv ACK  10
041.449 Acked DATA 10, slide SEND window
041.449 Send DATA 2 9, ID 10130
041.481 Recv ACK  11
041.481 Acked DATA 11, slide SEND window
041.481 Send DATA 3 9, ID 10131
041.529 Recv ACK  12
041.529 Acked DATA 12, slide SEND window
041.529 Send DATA 4 9, ID 10132
041.545 Recv NAK  13
041.545 ---- Resend DATA 13 on NAK
041.545 Send DATA 13 9, ID 10125
041.687 Recv DATA 10 12, ID 20122
041.687 Deliver DATA 10, ID 20122
041.687 Slide RECV window, expect 11 next
041.814 ---- ACK timeout
041.814 Send ACK  10
041.957 Recv DATA 11 12, ID 20123
041.957 Deliver DATA 11, ID 20123
041.957 Slide RECV window, expect 12 next
042.084 ---- ACK timeout
042.084 Send ACK  11
042.211 Recv DATA 12 12, ID 20124
042.211 Deliver DATA 12, ID 20124
042.211 .... 125 packets received, 6215 bps, 77.69%, Err 3 (1.1e-05)
042.211 Slide RECV window, expect 13 next
042.338 ---- ACK timeout
042.338 Send ACK  12
042.480 Recv DATA 13 12, ID 20125
042.480 Deliver DATA 13, ID 20125
042.480 Slide RECV window, expect 14 next
042.607 ---- ACK timeout
042.607 Send ACK  13
042.750 Recv DATA 14 12, ID 20126
042.750 Deliver DATA 14, ID 20126
042.750 Slide RECV window, expect 15 next
042.876 ---- ACK timeout
042.876 Send ACK  14
043.003 Recv DATA 15 12, ID 20127
043.003 Deliver DATA 15, ID 20127
043.003 Slide RECV window, expect 0 next
043.130 ---- ACK timeout
043.130 Send ACK  15
043.273 Recv DATA 0 12, ID 20128
043.274 Deliver DATA 0, ID 20128
043.274 Slide RECV window, expect 1 next
043.401 ---- ACK timeout
043.401 Send ACK  0
043.543 Recv DATA 1 12, ID 20129
043.543 Deliver DATA 1, ID 20129
043.543 Slide RECV window, expect 2 next
043.670 ---- ACK timeout
043.670 Send ACK  1
043.923 Recv DATA 2 4, ID 20130
043.923 Deliver DATA 2, ID 20130
043.923 Slide RECV window, expect 3 next
043.923 Acked DATA 13, slide SEND window
043.923 Acked DATA 14, slide SEND window
043.923 Acked DATA 15, slide SEND window
043.924 Acked DATA 0, slide SEND window
043.924 Acked DATA 1, slide SEND window
043.924 Acked DATA 2, slide SEND window
043.924 Acked DATA 3, slide SEND window
043.924 Acked DATA 4, slide SEND window
043.924 Send DATA 5 2, ID 10133
043.925 Send DATA 6 2, ID 10134
043.925 Send DATA 7 2, ID 10135
043.925 Send DATA 8 2, ID 10136
043.925 Send DATA 9 2, ID 10137
043.925 Send DATA 10 2, ID 10138
043.925 Send DATA 11 2, ID 10139
043.925 Send DATA 12 2, ID 10140
044.193 Recv DATA 3 4, ID 20131
044.193 Deliver DATA 3, ID 20131
044.193 Slide RECV window, expect 4 next
044.320 ---- ACK timeout
044.320 Send ACK  3
044.463 Recv DATA 4 4, ID 20132
044.463 Deliver DATA 4, ID 20132
044.463 .... 133 packets received, 6270 bps, 78.38%, Err 3 (1.0e-05)
044.463 Slide RECV window, expect 5 next
044.590 ---- ACK timeout
044.590 Send ACK  4
044.734 Recv DATA 5 4, ID 20133
044.734 Deliver DATA 5, ID 20133
044.734 Slide RECV window, expect 6 next
044.861 ---- ACK timeout
044.861 Send ACK  5
045.004 Recv DATA 6 4, ID 20134
045.004 Deliver DATA 6, ID 20134
045.004 Slide RECV window, expect 7 next
045.130 ---- ACK timeout
045.130 Send ACK  6
045.255 Recv DATA 7 4, ID 20135
045.255 Deliver DATA 7, ID 20135
045.255 Slide RECV window, expect 8 next
045.380 ---- ACK timeout
045.380 Send ACK  7
045.523 Recv DATA 8 4, ID 20136
045.523 Deliver DATA 8, ID 20136
045.523 Slide RECV window, expect 9 next
045.650 ---- ACK timeout
045.650 Send ACK  8
045.792 Recv DATA 9 4, ID 20137
045.792 Deliver DATA 9, ID 20137
045.792 Slide RECV window, expect 10 next
045.919 ---- ACK timeout
045.919 Send ACK  9
046.062 Recv DATA 10 5, ID 20138
046.062 Deliver DATA 10, ID 20138
046.062 Slide RECV window, expect 11 next
046.062 Acked DATA 5, slide SEND window
046.062 Send DATA 13 10, ID 10141
046.078 Recv ACK  6
046.078 Acked DATA 6, slide SEND window
046.078 Send DATA 14 10, ID 10142
046.188 Recv ACK  7
046.197 Acked DATA 7, slide SEND window
046.197 Send DATA 15 10, ID 10143
046.458 Recv ACK  8
046.458 Acked DATA 8, slide SEND window
046.458 Send DATA 0 10, ID 10144
046.633 Recv ACK  9
046.633 Acked DATA 9, slide SEND window
046.633 Send DATA 1 10, ID 10145
046.664 Recv ACK  10
046.664 Acked DATA 10, slide SEND window
046.665 Send DATA 2 10, ID 10146
046.680 Recv ACK  11
046.680 Acked DATA 11, slide SEND window
046.681 Send DATA 3 10, ID 10147
046.855 Recv DATA 11 12, ID 20139
046.855 Deliver DATA 11, ID 20139
046.855 .... 140 packets received, 6256 bps, 78.20%, Err 3 (9.6e-06)
046.855 Slide RECV window, expect 12 next
046.855 Acked DATA 12, slide SEND window
046.855 Send DATA 4 11, ID 10148
047.125 Recv DATA 12 12, ID 20140
047.125 Deliver DATA 12, ID 20140
047.125 Slide RECV window, expect 13 next
047.252 ---- ACK timeout
047.252 Send ACK  12
047.394 Recv DATA 13 12, ID 20141
047.394 Deliver DATA 13, ID 20141
047.394 Slide RECV window, expect 14 next
047.522 ---- ACK timeout
047.522 Send ACK  13
047.649 Recv DATA 14 12, ID 20142
047.649 Deliver DATA 14, ID 20142
047.649 Slide RECV window, expect 15 next
047.777 ---- ACK timeout
047.777 Send ACK  14
047.919 Recv DATA 15 12, ID 20143
047.919 Deliver DATA 15, ID 20143
047.919 Slide RECV window, expect 0 next
048.046 ---- ACK timeout
048.046 Send ACK  15
048.188 Recv DATA 0 12, ID 20144
048.188 Deliver DATA 0, ID 20144
048.188 Slide RECV window, expect 1 next
048.314 ---- ACK timeout
048.314 Send ACK  0
048.441 Recv DATA 1 12, ID 20145
048.441 Deliver DATA 1, ID 20145
048.441 Slide RECV window, expect 2 next
048.568 ---- ACK timeout
048.568 Send ACK  1
048.711 Recv DATA 2 13, ID 20146
048.711 Deliver DATA 2, ID 20146
048.711 Slide RECV window, expect 3 next
048.711 Acked DATA 13, slide SEND window
048.711 Send DATA 5 2, ID 10149
048.743 Recv ACK  14
048.743 Acked DATA 14, slide SEND window
048.743 Send DATA 6 2, ID 10150
048.759 Recv ACK  15
048.759 Acked DATA 15, slide SEND window
048.759 Send DATA 7 2, ID 10151
048.775 Recv ACK  0
048.775 Acked DATA 0, slide SEND window
048.775 Send DATA 8 2, ID 10152
048.791 Recv ACK  1
048.791 Acked DATA 1, slide SEND window
048.791 Send DATA 9 2, ID 10153
048.807 Recv ACK  2
048.807 Acked DATA 2, slide SEND window
048.807 Send DATA 10 2, ID 10154
048.822 Recv ACK  3
048.822 Acked DATA 3, slide SEND window
048.823 Send DATA 11 2, ID 10155
049.013 Recv DATA 3 4, ID 20147
049.013 Deliver DATA 3, ID 20147
049.013 .... 148 packets received, 6316 bps, 78.95%, Err 3 (9.1e-06)
049.013 Slide RECV window, expect 4 next
049.013 Acked DATA 4, slide SEND window
049.013 Send DATA 12 3, ID 10156
049.283 Recv DATA 4 4, ID 20148
049.283 Deliver DATA 4, ID 20148
049.283 Slide RECV window, expect 5 next
049.411 ---- ACK timeout
049.411 Send ACK  4
049.538 Recv DATA 5 4, ID 20149
049.538 Deliver DATA 5, ID 20149
049.538 Slide RECV window, expect 6 next
049.665 ---- ACK timeout
049.665 Send ACK  5
049.697 Impose noise on received data, 4/336872=1.2E-05
049.807 Recv DATA 6 4, ID 20150
049.807 Deliver DATA 6, ID 20150
049.807 Slide RECV window, expect 7 next
049.935 ---- ACK timeout
049.935 Send ACK  6
050.061 Recv DATA 7 4, ID 20151
050.061 Deliver DATA 7, ID 20151
050.061 Slide RECV window, expect 8 next
050.188 ---- ACK timeout
050.188 Send ACK  7
050.330 Recv DATA 8 4, ID 20152
050.330 Deliver DATA 8, ID 20152
050.330 Slide RECV window, expect 9 next
050.458 ---- ACK timeout
050.458 Send ACK  8
050.601 Recv DATA 9 4, ID 20153
050.601 Deliver DATA 9, ID 20153
050.601 Slide RECV window, expect 10 next
050.728 ---- ACK timeout
050.728 Send ACK  9
050.855 Recv DATA 10 5, ID 20154
050.855 Deliver DATA 10, ID 20154
050.855 Slide RECV window, expect 11 next
050.855 Acked DATA 5, slide SEND window
050.855 Send DATA 13 10, ID 10157
050.887 Recv ACK  6
050.887 Acked DATA 6, slide SEND window
050.887 Send DATA 14 10, ID 10158
051.379 Recv ACK  7
051.379 Acked DATA 7, slide SEND window
051.379 Send DATA 15 10, ID 10159
051.411 Recv ACK  8
051.411 Acked DATA 8, slide SEND window
051.412 Send DATA 0 10, ID 10160
051.427 Recv NAK  9
051.427 ---- Resend DATA 9 on NAK
051.436 Send DATA 9 10, ID 10153
051.618 Recv DATA 11 8, ID 20155
051.618 Deliver DATA 11, ID 20155
051.618 .... 156 packets received, 6314 bps, 78.93%, Err 4 (1.1e-05)
051.618 Slide RECV window, expect 12 next
051.745 ---- ACK timeout
051.745 Send ACK  11
051.888 Recv DATA 12 8, ID 20156
051.888 Deliver DATA 12, ID 20156
051.888 Slide RECV window, expect 13 next
052.015 ---- ACK timeout
052.015 Send ACK  12
052.143 Recv DATA 13 8, ID 20157
052.143 Deliver DATA 13, ID 20157
052.143 Slide RECV window, expect 14 next
052.270 ---- ACK timeout
052.270 Send ACK  13
052.413 Recv DATA 14 8, ID 20158
052.413 Deliver DATA 14, ID 20158
052.413 Slide RECV window, expect 15 next
052.540 ---- ACK timeout
052.540 Send ACK  14
052.682 Recv DATA 15 8, ID 20159
052.683 Deliver DATA 15, ID 20159
052.683 Slide RECV window, expect 0 next
052.810 ---- ACK timeout
052.810 Send ACK  15
052.953 Recv DATA 0 8, ID 20160
052.953 Deliver DATA 0, ID 20160
052.953 Slide RECV window, expect 1 next
053.080 ---- ACK timeout
053.080 Send ACK  0
053.222 Recv DATA 1 8, ID 20161
053.222 Deliver DATA 1, ID 20161
053.222 Slide RECV window, expect 2 next
053.350 ---- ACK timeout
053.350 Send ACK  1
053.477 Recv DATA 2 8, ID 20162
053.477 Deliver DATA 2, ID 20162
053.477 Slide RECV window, expect 3 next
053.603 ---- ACK timeout
053.603 Send ACK  2
053.747 Recv DATA 3 0, ID 20163
053.747 Deliver DATA 3, ID 20163
053.747 .... 164 packets received, 6370 bps, 79.63%, Err 4 (1.1e-05)
053.747 Slide RECV window, expect 4 next
053.747 Acked DATA 9, slide SEND window
053.747 Acked DATA 10, slide SEND window
053.747 Acked DATA 11, slide SEND window
053.747 Acked DATA 12, slide SEND window
053.747 Acked DATA 13, slide SEND window
053.747 Acked DATA 14, slide SEND window
053.747 Acked DATA 15, slide SEND window
053.747 Acked DATA 0, slide SEND window
053.747 Send DATA 1 3, ID 10161
053.748 Send DATA 2 3, ID 10162
053.748 Send DATA 3 3, ID 10163
053.748 Send DATA 4 3, ID 10164
053.749 Send DATA 5 3, ID 10165
053.749 Send DATA 6 3, ID 10166
053.749 Send DATA 7 3, ID 10167
053.749 Send DATA 8 3, ID 10168
054.016 Recv DATA 4 0, ID 20164
054.016 Deliver DATA 4, ID 20164
054.016 Slide RECV window, expect 5 next
054.143 ---- ACK timeout
054.144 Send ACK  4
054.255 Recv DATA 5 0, ID 20165
054.255 Deliver DATA 5, ID 20165
054.255 Slide RECV window, expect 6 next
054.382 ---- ACK timeout
054.382 Send ACK  5
054.525 Recv DATA 6 0, ID 20166
054.525 Deliver DATA 6, ID 20166
054.525 Slide RECV window, expect 7 next
054.652 ---- ACK timeout
054.652 Send ACK  6
054.795 Recv DATA 7 0, ID 20167
054.795 Deliver DATA 7, ID 20167
054.795 Slide RECV window, expect 8 next
054.922 ---- ACK timeout
054.922 Send ACK  7
055.065 Recv DATA 8 0, ID 20168
055.065 Deliver DATA 8, ID 20168
055.065 Slide RECV window, expect 9 next
055.193 ---- ACK timeout
055.193 Send ACK  8
055.335 Recv DATA 9 0, ID 20169
055.336 Deliver DATA 9, ID 20169
055.336 Slide RECV window, expect 10 next
055.462 ---- ACK timeout
055.462 Send ACK  9
055.589 Recv DATA 10 0, ID 20170
055.589 Deliver DATA 10, ID 20170
055.589 Slide RECV window, expect 11 next
055.716 ---- ACK timeout
055.716 Send ACK  10
055.843 Recv DATA 11 1, ID 20171
055.843 Deliver DATA 11, ID 20171
055.843 .... 172 packets received, 6425 bps, 80.32%, Err 4 (1.1e-05)
055.843 Slide RECV window, expect 12 next
055.844 Acked DATA 1, slide SEND window
055.844 Send DATA 9 11, ID 10169
055.859 Recv ACK  2
055.859 Acked DATA 2, slide SEND window
055.859 Send DATA 10 11, ID 10170
055.891 Recv ACK  3
055.891 Acked DATA 3, slide SEND window
055.891 Send DATA 11 11, ID 10171
056.018 Recv ACK  4
056.018 Acked DATA 4, slide SEND window
056.018 Send DATA 12 11, ID 10172
056.288 Recv ACK  5
056.288 Acked DATA 5, slide SEND window
056.288 Send DATA 13 11, ID 10173
056.431 Recv ACK  6
056.431 Acked DATA 6, slide SEND window
056.431 Send DATA 14 11, ID 10174
056.462 Recv ACK  7
056.462 Acked DATA 7, slide SEND window
056.463 Send DATA 15 11, ID 10175
056.670 Recv DATA 12 8, ID 20172
056.670 Deliver DATA 12, ID 20172
056.670 Slide RECV window, expect 13 next
056.670 Acked DATA 8, slide SEND window
056.679 Send DATA 0 12, ID 10176
056.955 Recv DATA 13 8, ID 20173
056.955 Deliver DATA 13, ID 20173
056.955 Slide RECV window, expect 14 next
057.083 ---- ACK timeout
057.083 Send ACK  13
057.194 Recv DATA 14 8, ID 20174
057.194 Deliver DATA 14, ID 20174
057.194 Slide RECV window, expect 15 next
057.320 ---- ACK timeout
057.320 Send ACK  14
057.463 Recv DATA 15 8, ID 20175
057.463 Deliver DATA 15, ID 20175
057.463 Slide RECV window, expect 0 next
057.606 ---- ACK timeout
057.606 Send ACK  15
057.748 Recv DATA 0 8, ID 20176
057.748 Deliver DATA 0, ID 20176
057.748 Slide RECV window, expect 1 next
057.875 ---- ACK timeout
057.875 Send ACK  0
058.002 Recv DATA 1 8, ID 20177
058.002 Deliver DATA 1, ID 20177
058.002 .... 178 packets received, 6398 bps, 79.97%, Err 4 (1.0e-05)
058.002 Slide RECV window, expect 2 next
058.129 ---- ACK timeout
058.129 Send ACK  1
058.257 Recv DATA 2 8, ID 20178
058.257 Deliver DATA 2, ID 20178
058.257 Slide RECV window, expect 3 next
058.384 ---- ACK timeout
058.384 Send ACK  2
058.527 Recv DATA 3 9, ID 20179
058.527 Deliver DATA 3, ID 20179
058.527 Slide RECV window, expect 4 next
058.527 Acked DATA 9, slide SEND window
058.527 Send DATA 1 3, ID 10177
058.558 Recv ACK  10
058.558 Acked DATA 10, slide SEND window
058.558 Send DATA 2 3, ID 10178
058.574 Recv ACK  11
058.574 Acked DATA 11, slide SEND window
058.574 Send DATA 3 3, ID 10179
058.589 Recv ACK  12
058.589 Acked DATA 12, slide SEND window
058.589 Send DATA 4 3, ID 10180
058.605 Recv ACK  13
058.605 Acked DATA 13, slide SEND window
058.606 Send DATA 5 3, ID 10181
058.637 Recv ACK  14
058.637 Acked DATA 14, slide SEND window
058.638 Send DATA 6 3, ID 10182
058.653 Recv ACK  15
058.653 Acked DATA 15, slide SEND window
058.653 Send DATA 7 3, ID 10183
058.827 Recv DATA 4 0, ID 20180
058.827 Deliver DATA 4, ID 20180
058.827 Slide RECV window, expect 5 next
058.827 Acked DATA 0, slide SEND window
058.827 Send DATA 8 4, ID 10184
059.051 Impose noise on received data, 5/403808=1.2E-05
059.098 Recv DATA 5 0, ID 20181
059.098 Deliver DATA 5, ID 20181
059.098 Slide RECV window, expect 6 next
059.226 ---- ACK timeout
059.226 Send ACK  5
059.369 Recv DATA 6 0, ID 20182
059.369 Deliver DATA 6, ID 20182
059.369 Slide RECV window, expect 7 next
059.496 ---- ACK timeout
059.496 Send ACK  6
059.639 Recv DATA 7 0, ID 20183
059.639 Deliver DATA 7, ID 20183
059.639 Slide RECV window, expect 8 next
059.765 ---- ACK timeout
059.765 Send ACK  7
059.877 Recv DATA 8 0, ID 20184
059.877 Deliver DATA 8, ID 20184
059.877 Slide RECV window, expect 9 next
060.004 ---- ACK timeout
060.004 Send ACK  8
060.146 Recv DATA 9 0, ID 20185
060.146 Deliver DATA 9, ID 20185
060.146 .... 186 packets received, 6443 bps, 80.53%, Err 5 (1.2e-05)
060.147 Slide RECV window, expect 10 next
060.273 ---- ACK timeout
060.273 Send ACK  9
060.415 Recv DATA 10 0, ID 20186
060.415 Deliver DATA 10, ID 20186
060.415 Slide RECV window, expect 11 next
060.542 ---- ACK timeout
060.542 Send ACK  10
060.685 Recv DATA 11 1, ID 20187
060.685 Deliver DATA 11, ID 20187
060.685 Slide RECV window, expect 12 next
060.685 Acked DATA 1, slide SEND window
060.685 Send DATA 9 11, ID 10185
060.717 Recv ACK  2
060.717 Acked DATA 2, slide SEND window
060.717 Send DATA 10 11, ID 10186
060.764 Recv ACK  3
060.764 Acked DATA 3, slide SEND window
060.765 Send DATA 11 11, ID 10187
060.780 Recv ACK  4
060.780 Acked DATA 4, slide SEND window
060.781 Send DATA 12 11, ID 10188
061.034 Recv ACK  5
061.034 Acked DATA 5, slide SEND window
061.034 Send DATA 13 11, ID 10189
061.049 Recv ACK  6
061.049 Acked DATA 6, slide SEND window
061.049 Send DATA 14 11, ID 10190
061.208 Recv ACK  7
061.208 Acked DATA 7, slide SEND window
061.208 Send DATA 15 11, ID 10191
061.446 Recv DATA 12 8, ID 20188
061.446 Deliver DATA 12, ID 20188
061.446 Slide RECV window, expect 13 next
061.446 Acked DATA 8, slide SEND window
061.446 Send DATA 0 12, ID 10192
061.715 Recv DATA 13 8, ID 20189
061.715 Deliver DATA 13, ID 20189
061.715 Slide RECV window, expect 14 next
061.795 Impose noise on received data, 6/422000=1.4E-05
061.843 ---- ACK timeout
061.843 Send ACK  13
061.986 Recv DATA 14 8, ID 20190
061.986 Deliver DATA 14, ID 20190
061.986 Slide RECV window, expect 15 next
062.113 ---- ACK timeout
062.114 Send ACK  14
062.240 **** Receiver Error, Bad CRC Checksum
062.240 Request NAK for 15
062.240 Send NAK  15
062.510 Recv DATA 0 8, ID 20192
062.779 Recv DATA 1 8, ID 20193
063.049 Recv DATA 2 8, ID 20194
063.318 Recv DATA 3 9, ID 20195
063.318 Acked DATA 9, slide SEND window
063.318 Send DATA 1 14, ID 10193
063.349 Recv ACK  10
063.349 Acked DATA 10, slide SEND window
063.349 Recv ACK  11
063.349 Acked DATA 11, slide SEND window
063.350 Send DATA 2 14, ID 10194
063.350 Send DATA 3 14, ID 10195
063.381 Recv ACK  12
063.381 Acked DATA 12, slide SEND window
063.381 Send DATA 4 14, ID 10196
063.397 Recv ACK  13
063.397 Acked DATA 13, slide SEND window
063.397 Send DATA 5 14, ID 10197
063.414 Recv ACK  14
063.414 Acked DATA 14, slide SEND window
063.414 Send DATA 6 14, ID 10198
063.429 Recv ACK  15
063.429 Acked DATA 15, slide SEND window
063.430 Send DATA 7 14, ID 10199
063.620 Recv DATA 4 0, ID 20196
063.620 Acked DATA 0, slide SEND window
063.621 Send DATA 8 14, ID 10200
063.874 Recv DATA 5 0, ID 20197
064.127 Recv DATA 6 0, ID 20198
064.413 Recv DATA 15 0, ID 20191
064.413 Deliver DATA 15, ID 20191
064.413 .... 192 packets received, 6203 bps, 77.54%, Err 6 (1.4e-05)
064.413 Deliver DATA 0, ID 20192
064.413 Deliver DATA 1, ID 20193
064.413 Deliver DATA 2, ID 20194
064.413 Deliver DATA 3, ID 20195
064.413 Deliver DATA 4, ID 20196
064.413 Deliver DATA 5, ID 20197
064.413 Deliver DATA 6, ID 20198
064.413 Slide RECV window, expect 7 next
064.524 Recv ACK  1
064.524 Acked DATA 1, slide SEND window
064.524 Send DATA 9 6, ID 10201
064.777 Recv ACK  2
064.777 Acked DATA 2, slide SEND window
064.777 Send DATA 10 6, ID 10202
065.047 Recv ACK  3
065.047 Acked DATA 3, slide SEND window
065.047 Send DATA 11 6, ID 10203
065.079 Recv ACK  4
065.079 Acked DATA 4, slide SEND window
065.079 Send DATA 12 6, ID 10204
065.348 Recv ACK  5
065.348 Acked DATA 5, slide SEND window
065.348 Send DATA 13 6, ID 10205
065.586 Recv ACK  6
065.586 Acked DATA 6, slide SEND window
065.587 Send DATA 14 6, ID 10206
065.855 Recv ACK  7
065.856 Acked DATA 7, slide SEND window
065.856 Send DATA 15 6, ID 10207
066.142 Recv ACK  8
066.142 Acked DATA 8, slide SEND window
066.142 Send DATA 0 6, ID 10208
066.506 Recv DATA 7 9, ID 20199
066.506 Deliver DATA 7, ID 20199
066.507 .... 200 packets received, 6255 bps, 78.19%, Err 6 (1.3e-05)
066.507 Slide RECV window, expect 8 next
066.507 Acked DATA 9, slide SEND window
066.507 Send DATA 1 7, ID 10209
066.777 Recv DATA 8 9, ID 20200
066.777 Deliver DATA 8, ID 20200
066.777 Slide RECV window, expect 9 next
066.904 ---- ACK timeout
066.904 Send ACK  8
067.015 Recv DATA 9 9, ID 20201
067.015 Deliver DATA 9, ID 20201
067.015 Slide RECV window, expect 10 next
067.142 ---- ACK timeout
067.142 Send ACK  9
067.300 Recv DATA 10 9, ID 20202
067.300 Deliver DATA 10, ID 20202
067.300 Slide RECV window, expect 11 next
067.427 ---- ACK timeout
067.427 Send ACK  10
067.570 Recv DATA 11 9, ID 20203
067.570 Deliver DATA 11, ID 20203
067.570 Slide RECV window, expect 12 next
067.698 ---- ACK timeout
067.698 Send ACK  11
067.809 Recv DATA 12 9, ID 20204
067.809 Deliver DATA 12, ID 20204
067.809 Slide RECV window, expect 13 next
067.936 ---- ACK timeout
067.936 Send ACK  12
068.079 Recv DATA 13 9, ID 20205
068.079 Deliver DATA 13, ID 20205
068.079 Slide RECV window, expect 14 next
068.207 ---- ACK timeout
068.207 Send ACK  13
068.350 Recv DATA 14 9, ID 20206
068.350 Deliver DATA 14, ID 20206
068.350 Slide RECV window, expect 15 next
068.366 Recv ACK  10
068.366 Acked DATA 10, slide SEND window
068.366 Send DATA 2 14, ID 10210
068.398 Recv ACK  11
068.398 Acked DATA 11, slide SEND window
068.398 Send DATA 3 14, ID 10211
068.414 Recv ACK  12
068.414 Acked DATA 12, slide SEND window
068.414 Send DATA 4 14, ID 10212
068.430 Recv ACK  13
068.430 Acked DATA 13, slide SEND window
068.430 Send DATA 5 14, ID 10213
068.446 Recv ACK  14
068.446 Acked DATA 14, slide SEND window
068.455 Recv ACK  15
068.455 Acked DATA 15, slide SEND window
068.455 Send DATA 6 14, ID 10214
068.455 Send DATA 7 14, ID 10215
068.477 Recv ACK  0
068.477 Acked DATA 0, slide SEND window
068.478 Send DATA 8 14, ID 10216
068.667 Recv DATA 15 1, ID 20207
068.667 Deliver DATA 15, ID 20207
068.667 .... 208 packets received, 6297 bps, 78.72%, Err 6 (1.3e-05)
068.668 Slide RECV window, expect 0 next
068.668 Acked DATA 1, slide SEND window
068.668 Send DATA 9 15, ID 10217
068.937 Recv DATA 0 1, ID 20208
068.937 Deliver DATA 0, ID 20208
068.937 Slide RECV window, expect 1 next
069.065 ---- ACK timeout
069.065 Send ACK  0
069.191 Recv DATA 1 1, ID 20209
069.191 Deliver DATA 1, ID 20209
069.191 Slide RECV window, expect 2 next
069.318 ---- ACK timeout
069.318 Send ACK  1
069.461 Recv DATA 2 1, ID 20210
069.461 Deliver DATA 2, ID 20210
069.461 Slide RECV window, expect 3 next
069.588 ---- ACK timeout
069.588 Send ACK  2
069.730 Recv DATA 3 1, ID 20211
069.730 Deliver DATA 3, ID 20211
069.730 Slide RECV window, expect 4 next
069.858 ---- ACK timeout
069.858 Send ACK  3
069.968 Recv DATA 4 1, ID 20212
069.968 Deliver DATA 4, ID 20212
069.968 Slide RECV window, expect 5 next
070.095 ---- ACK timeout
070.095 Send ACK  4
070.254 Recv DATA 5 1, ID 20213
070.254 Deliver DATA 5, ID 20213
070.254 Slide RECV window, expect 6 next
070.381 ---- ACK timeout
070.381 Send ACK  5
070.508 Recv DATA 6 2, ID 20214
070.508 Deliver DATA 6, ID 20214
070.508 Slide RECV window, expect 7 next
070.508 Acked DATA 2, slide SEND window
070.508 Send DATA 10 6, ID 10218
071.048 Recv NAK  3
071.048 ---- Resend DATA 3 on NAK
071.048 Send DATA 3 6, ID 10211
071.301 Recv DATA 7 2, ID 20215
071.301 Deliver DATA 7, ID 20215
071.301 .... 216 packets received, 6294 bps, 78.68%, Err 6 (1.3e-05)
071.301 Slide RECV window, expect 8 next
071.428 ---- ACK timeout
071.428 Send ACK  7
071.555 Recv DATA 8 2, ID 20216
071.555 Deliver DATA 8, ID 20216
071.555 Slide RECV window, expect 9 next
071.683 ---- ACK timeout
071.683 Send ACK  8
071.826 Recv DATA 9 2, ID 20217
071.826 Deliver DATA 9, ID 20217
071.826 Slide RECV window, expect 10 next
071.953 ---- ACK timeout
071.953 Send ACK  9
072.097 Recv DATA 10 2, ID 20218
072.097 Deliver DATA 10, ID 20218
072.097 Slide RECV window, expect 11 next
072.223 ---- ACK timeout
072.223 Send ACK  10
072.366 Recv DATA 11 2, ID 20219
072.366 Deliver DATA 11, ID 20219
072.366 Slide RECV window, expect 12 next
072.477 ---- DATA 4 timeout
072.477 Send DATA 4 11, ID 10212
072.619 Recv DATA 12 2, ID 20220
072.619 Deliver DATA 12, ID 20220
072.619 Slide RECV window, expect 13 next
072.746 ---- ACK timeout
072.746 Send ACK  12
072.873 Recv DATA 13 2, ID 20221
072.873 Deliver DATA 13, ID 20221
072.873 Slide RECV window, expect 14 next
072.983 ---- DATA 5 timeout
072.983 Send DATA 5 13, ID 10213
073.156 Recv DATA 14 2, ID 20222
073.156 Deliver DATA 14, ID 20222
073.156 Slide RECV window, expect 15 next
073.172 Recv ACK  10
073.172 Acked DATA 3, slide SEND window
073.172 Acked DATA 4, slide SEND window
073.172 Acked DATA 5, slide SEND window
073.172 Acked DATA 6, slide SEND window
073.172 Acked DATA 7, slide SEND window
073.172 Acked DATA 8, slide SEND window
073.172 Acked DATA 9, slide SEND window
073.172 Acked DATA 10, slide SEND window
073.172 Send DATA 11 14, ID 10219
073.172 Send DATA 12 14, ID 10220
073.172 Send DATA 13 14, ID 10221
073.172 Send DATA 14 14, ID 10222
073.172 Send DATA 15 14, ID 10223
073.173 Send DATA 0 14, ID 10224
073.173 Send DATA 1 14, ID 10225
073.173 Send DATA 2 14, ID 10226
073.426 Recv DATA 15 10, ID 20223
073.426 Deliver DATA 15, ID 20223
073.426 .... 224 packets received, 6336 bps, 79.20%, Err 6 (1.2e-05)
073.426 Slide RECV window, expect 0 next
073.553 ---- ACK timeout
073.553 Send ACK  15
073.664 Recv DATA 0 10, ID 20224
073.664 Deliver DATA 0, ID 20224
073.664 Slide RECV window, expect 1 next
073.791 ---- ACK timeout
073.791 Send ACK  0
073.935 Recv DATA 1 10, ID 20225
073.935 Deliver DATA 1, ID 20225
073.935 Slide RECV window, expect 2 next
074.062 ---- ACK timeout
074.062 Send ACK  1
074.220 Recv DATA 2 10, ID 20226
074.229 Deliver DATA 2, ID 20226
074.230 Slide RECV window, expect 3 next
074.348 ---- ACK timeout
074.348 Send ACK  2
074.475 Recv DATA 3 10, ID 20227
074.475 Deliver DATA 3, ID 20227
074.475 Slide RECV window, expect 4 next
074.603 ---- ACK timeout
074.603 Send ACK  3
074.729 Recv DATA 4 10, ID 20228
074.729 Deliver DATA 4, ID 20228
074.729 Slide RECV window, expect 5 next
074.856 ---- ACK timeout
074.856 Send ACK  4
074.982 Recv DATA 5 10, ID 20229
074.982 Deliver DATA 5, ID 20229
074.982 Slide RECV window, expect 6 next
075.110 ---- ACK timeout
075.110 Send ACK  5
075.253 Recv DATA 6 11, ID 20230
075.253 Deliver DATA 6, ID 20230
075.253 Slide RECV window, expect 7 next
075.253 Acked DATA 11, slide SEND window
075.253 Send DATA 3 6, ID 10227
075.283 Recv ACK  12
075.284 Acked DATA 12, slide SEND window
075.284 Send DATA 4 6, ID 10228
075.506 Recv ACK  13
075.506 Acked DATA 13, slide SEND window
075.506 Send DATA 5 6, ID 10229
075.777 Recv ACK  14
075.777 Acked DATA 14, slide SEND window
075.777 Send DATA 6 6, ID 10230
075.793 Recv ACK  15
075.793 Acked DATA 15, slide SEND window
075.793 Send DATA 7 6, ID 10231
075.921 Recv ACK  0
075.921 Acked DATA 0, slide SEND window
075.921 Send DATA 8 6, ID 10232
075.937 Recv ACK  1
075.937 Acked DATA 1, slide SEND window
075.937 Send DATA 9 6, ID 10233
076.174 Recv DATA 7 2, ID 20231
076.174 Deliver DATA 7, ID 20231
076.174 .... 232 packets received, 6322 bps, 79.03%, Err 6 (1.2e-05)
076.174 Slide RECV window, expect 8 next
076.174 Acked DATA 2, slide SEND window
076.175 Send DATA 10 7, ID 10234
076.442 Recv DATA 8 2, ID 20232
076.442 Deliver DATA 8, ID 20232
076.442 Slide RECV window, expect 9 next
076.569 ---- ACK timeout
076.569 Send ACK  8
076.702 Recv DATA 9 2, ID 20233
076.703 Deliver DATA 9, ID 20233
076.703 Slide RECV window, expect 10 next
076.830 ---- ACK timeout
076.830 Send ACK  9
076.972 Recv DATA 10 2, ID 20234
076.972 Deliver DATA 10, ID 20234
076.972 Slide RECV window, expect 11 next
077.099 ---- ACK timeout
077.099 Send ACK  10
077.226 Recv DATA 11 2, ID 20235
077.226 Deliver DATA 11, ID 20235
077.226 Slide RECV window, expect 12 next
077.353 ---- ACK timeout
077.353 Send ACK  11
077.496 Recv DATA 12 2, ID 20236
077.496 Deliver DATA 12, ID 20236
077.496 Slide RECV window, expect 13 next
077.623 ---- ACK timeout
077.623 Send ACK  12
077.766 Recv DATA 13 2, ID 20237
077.766 Deliver DATA 13, ID 20237
077.766 Slide RECV window, expect 14 next
077.892 ---- ACK timeout
077.892 Send ACK  13
078.034 Recv DATA 14 3, ID 20238
078.034 Deliver DATA 14, ID 20238
078.034 Slide RECV window, expect 15 next
078.034 Acked DATA 3, slide SEND window
078.034 Send DATA 11 14, ID 10235
078.066 Recv ACK  4
078.066 Acked DATA 4, slide SEND window
078.066 Send DATA 12 14, ID 10236
078.082 Recv ACK  5
078.082 Acked DATA 5, slide SEND window
078.082 Send DATA 13 14, ID 10237
078.114 Recv ACK  6
078.114 Acked DATA 6, slide SEND window
078.114 Send DATA 14 14, ID 10238
078.129 Recv ACK  7
078.129 Acked DATA 7, slide SEND window
078.130 Send DATA 15 14, ID 10239
078.145 Recv NAK  8
078.145 ---- Resend DATA 8 on NAK
078.145 Send DATA 8 14, ID 10232
078.336 Recv DATA 15 7, ID 20239
078.336 Deliver DATA 15, ID 20239
078.336 .... 240 packets received, 6357 bps, 79.47%, Err 6 (1.1e-05)
078.336 Slide RECV window, expect 0 next
078.464 ---- ACK timeout
078.464 Send ACK  15
078.591 Recv DATA 0 7, ID 20240
078.591 Deliver DATA 0, ID 20240
078.591 Slide RECV window, expect 1 next
078.718 ---- ACK timeout
078.718 Send ACK  0
078.844 Recv DATA 1 7, ID 20241
078.844 Deliver DATA 1, ID 20241
078.844 Slide RECV window, expect 2 next
078.970 ---- ACK timeout
078.971 Send ACK  1
079.129 Recv DATA 2 7, ID 20242
079.129 Deliver DATA 2, ID 20242
079.129 Slide RECV window, expect 3 next
079.256 ---- ACK timeout
079.256 Send ACK  2
079.399 Recv DATA 3 7, ID 20243
079.399 Deliver DATA 3, ID 20243
079.399 Slide RECV window, expect 4 next
079.525 ---- ACK timeout
079.525 Send ACK  3
079.636 Recv DATA 4 7, ID 20244
079.636 Deliver DATA 4, ID 20244
079.636 Slide RECV window, expect 5 next
079.763 ---- ACK timeout
079.772 Send ACK  4
079.906 Recv DATA 5 7, ID 20245
079.906 Deliver DATA 5, ID 20245
079.906 Slide RECV window, expect 6 next
080.032 ---- ACK timeout
080.032 Send ACK  5
080.192 Recv DATA 6 7, ID 20246
080.192 Deliver DATA 6, ID 20246
080.192 Slide RECV window, expect 7 next
080.318 ---- ACK timeout
080.318 Send ACK  6
080.445 Recv DATA 7 10, ID 20247
080.445 Deliver DATA 7, ID 20247
080.445 .... 248 packets received, 6395 bps, 79.94%, Err 6 (1.1e-05)
080.445 Slide RECV window, expect 8 next
080.445 Acked DATA 8, slide SEND window
080.445 Acked DATA 9, slide SEND window
080.445 Acked DATA 10, slide SEND window
080.445 Send DATA 0 7, ID 10240
080.447 Send DATA 1 7, ID 10241
080.447 Send DATA 2 7, ID 10242
080.714 Recv DATA 8 10, ID 20248
080.714 Deliver DATA 8, ID 20248
080.714 Slide RECV window, expect 9 next
080.841 ---- ACK timeout
080.841 Send ACK  8
080.984 Recv DATA 9 10, ID 20249
080.984 Deliver DATA 9, ID 20249
080.984 Slide RECV window, expect 10 next
081.111 ---- ACK timeout
081.111 Send ACK  9
081.143 ---- DATA 11 timeout
081.143 Send DATA 11 9, ID 10235
081.222 Recv DATA 10 10, ID 20250
081.222 Deliver DATA 10, ID 20250
081.222 Slide RECV window, expect 11 next
081.348 ---- ACK timeout
081.348 Send ACK  10
081.508 Recv DATA 11 10, ID 20251
081.508 Deliver DATA 11, ID 20251
081.508 Slide RECV window, expect 12 next
081.635 ---- DATA 12 timeout
081.635 Send DATA 12 11, ID 10236
081.777 Recv DATA 12 10, ID 20252
081.777 Deliver DATA 12, ID 20252
081.777 Slide RECV window, expect 13 next
081.904 ---- ACK timeout
081.904 Send ACK  12
082.031 Recv DATA 13 10, ID 20253
082.032 Deliver DATA 13, ID 20253
082.032 Slide RECV window, expect 14 next
082.142 ---- DATA 13 timeout
082.143 Send DATA 13 13, ID 10237
082.302 Recv DATA 14 10, ID 20254
082.302 Deliver DATA 14, ID 20254
082.302 Slide RECV window, expect 15 next
082.333 Recv NAK  11
082.333 ---- Resend DATA 11 on NAK
082.333 Send DATA 11 14, ID 10235
082.571 Recv DATA 15 10, ID 20255
082.571 Deliver DATA 15, ID 20255
082.571 .... 256 packets received, 6429 bps, 80.36%, Err 6 (1.1e-05)
082.572 Slide RECV window, expect 0 next
082.635 ---- DATA 14 timeout
082.635 Send DATA 14 15, ID 10238
082.842 Recv DATA 0 10, ID 20256
082.842 Deliver DATA 0, ID 20256
082.842 Slide RECV window, expect 1 next
082.968 ---- ACK timeout
082.968 Send ACK  0
083.094 Recv DATA 1 10, ID 20257
083.094 Deliver DATA 1, ID 20257
083.094 Slide RECV window, expect 2 next
083.157 ---- DATA 15 timeout
083.158 Send DATA 15 1, ID 10239
083.379 Recv DATA 2 2, ID 20258
083.379 Deliver DATA 2, ID 20258
083.379 Slide RECV window, expect 3 next
083.379 Acked DATA 11, slide SEND window
083.379 Acked DATA 12, slide SEND window
083.379 Acked DATA 13, slide SEND window
083.379 Acked DATA 14, slide SEND window
083.379 Acked DATA 15, slide SEND window
083.379 Acked DATA 0, slide SEND window
083.379 Acked DATA 1, slide SEND window
083.379 Acked DATA 2, slide SEND window
083.379 Send DATA 3 2, ID 10243
083.379 Send DATA 4 2, ID 10244
083.379 Send DATA 5 2, ID 10245
083.379 Send DATA 6 2, ID 10246
083.379 Send DATA 7 2, ID 10247
083.379 Send DATA 8 2, ID 10248
083.379 Send DATA 9 2, ID 10249
083.379 Send DATA 10 2, ID 10250
083.617 Recv DATA 3 2, ID 20259
083.617 Deliver DATA 3, ID 20259
083.617 Slide RECV window, expect 4 next
083.744 ---- ACK timeout
083.744 Send ACK  3
083.886 Recv DATA 4 2, ID 20260
083.886 Deliver DATA 4, ID 20260
083.886 Slide RECV window, expect 5 next
084.014 ---- ACK timeout
084.014 Send ACK  4
084.156 Recv DATA 5 2, ID 20261
084.156 Deliver DATA 5, ID 20261
084.156 Slide RECV window, expect 6 next
084.284 ---- ACK timeout
084.284 Send ACK  5
084.427 Recv DATA 6 2, ID 20262
084.427 Deliver DATA 6, ID 20262
084.427 Slide RECV window, expect 7 next
084.555 ---- ACK timeout
084.555 Send ACK  6
084.681 Recv DATA 7 2, ID 20263
084.681 Deliver DATA 7, ID 20263
084.681 .... 264 packets received, 6463 bps, 80.78%, Err 6 (1.0e-05)
084.681 Slide RECV window, expect 8 next
084.808 ---- ACK timeout
084.808 Send ACK  7
084.935 Recv DATA 8 2, ID 20264
084.935 Deliver DATA 8, ID 20264
084.935 Slide RECV window, expect 9 next
085.061 ---- ACK timeout
085.061 Send ACK  8
085.205 Recv DATA 9 2, ID 20265
085.205 Deliver DATA 9, ID 20265
085.205 Slide RECV window, expect 10 next
085.332 ---- ACK timeout
085.333 Send ACK  9
085.459 Recv DATA 10 3, ID 20266
085.459 Deliver DATA 10, ID 20266
085.459 Slide RECV window, expect 11 next
085.459 Acked DATA 3, slide SEND window
085.459 Send DATA 11 10, ID 10251
085.475 Recv ACK  4
085.475 Acked DATA 4, slide SEND window
085.475 Send DATA 12 10, ID 10252
085.507 Recv ACK  5
085.507 Acked DATA 5, slide SEND window
085.507 Send DATA 13 10, ID 10253
085.682 Recv ACK  6
085.682 Acked DATA 6, slide SEND window
085.682 Send DATA 14 10, ID 10254
085.952 Recv ACK  7
085.952 Acked DATA 7, slide SEND window
085.953 Send DATA 15 10, ID 10255
086.127 Recv ACK  8
086.127 Acked DATA 8, slide SEND window
086.127 Send DATA 0 10, ID 10256
086.158 Recv ACK  9
086.158 Acked DATA 9, slide SEND window
086.159 Send DATA 1 10, ID 10257
086.365 Recv DATA 11 10, ID 20267
086.365 Deliver DATA 11, ID 20267
086.365 Slide RECV window, expect 12 next
086.365 Acked DATA 10, slide SEND window
086.365 Send DATA 2 11, ID 10258
086.634 Recv DATA 12 10, ID 20268
086.634 Deliver DATA 12, ID 20268
086.634 Slide RECV window, expect 13 next
086.761 ---- ACK timeout
086.761 Send ACK  12
086.904 Recv DATA 13 10, ID 20269
086.904 Deliver DATA 13, ID 20269
086.904 .... 270 packets received, 6439 bps, 80.48%, Err 6 (1.0e-05)
086.904 Slide RECV window, expect 14 next
087.030 ---- ACK timeout
087.030 Send ACK  13
087.173 Recv DATA 14 10, ID 20270
087.173 Deliver DATA 14, ID 20270
087.173 Slide RECV window, expect 15 next
087.300 ---- ACK timeout
087.300 Send ACK  14
087.442 Recv DATA 15 10, ID 20271
087.442 Deliver DATA 15, ID 20271
087.442 Slide RECV window, expect 0 next
087.569 ---- ACK timeout
087.569 Send ACK  15
087.680 Recv DATA 0 10, ID 20272
087.680 Deliver DATA 0, ID 20272
087.680 Slide RECV window, expect 1 next
087.807 ---- ACK timeout
087.807 Send ACK  0
087.949 Recv DATA 1 10, ID 20273
087.949 Deliver DATA 1, ID 20273
087.949 Slide RECV window, expect 2 next
088.074 ---- ACK timeout
088.074 Send ACK  1
088.218 Recv DATA 2 11, ID 20274
088.218 Deliver DATA 2, ID 20274
088.218 Slide RECV window, expect 3 next
088.218 Acked DATA 11, slide SEND window
088.218 Send DATA 3 2, ID 10259
088.250 Recv ACK  12
088.250 Acked DATA 12, slide SEND window
088.250 Send DATA 4 2, ID 10260
088.266 Recv ACK  13
088.266 Acked DATA 13, slide SEND window
088.266 Send DATA 5 2, ID 10261
088.282 Recv ACK  14
088.282 Acked DATA 14, slide SEND window
088.283 Send DATA 6 2, ID 10262
088.298 Recv ACK  15
088.298 Acked DATA 15, slide SEND window
088.298 Send DATA 7 2, ID 10263
088.314 Recv ACK  0
088.314 Acked DATA 0, slide SEND window
088.314 Send DATA 8 2, ID 10264
088.346 Recv ACK  1
088.346 Acked DATA 1, slide SEND window
088.346 Send DATA 9 2, ID 10265
088.520 Recv DATA 3 2, ID 20275
088.520 Deliver DATA 3, ID 20275
088.520 Slide RECV window, expect 4 next
088.520 Acked DATA 2, slide SEND window
088.520 Send DATA 10 3, ID 10266
088.789 Recv DATA 4 2, ID 20276
088.789 Deliver DATA 4, ID 20276
088.789 Slide RECV window, expect 5 next
088.916 ---- ACK timeout
088.916 Send ACK  4
089.058 Recv DATA 5 2, ID 20277
089.058 Deliver DATA 5, ID 20277
089.058 .... 278 packets received, 6467 bps, 80.84%, Err 6 (9.8e-06)
089.058 Slide RECV window, expect 6 next
089.184 ---- ACK timeout
089.185 Send ACK  5
089.328 Recv DATA 6 2, ID 20278
089.328 Deliver DATA 6, ID 20278
089.328 Slide RECV window, expect 7 next
089.455 ---- ACK timeout
089.455 Send ACK  6
089.597 Recv DATA 7 2, ID 20279
089.597 Deliver DATA 7, ID 20279
089.597 Slide RECV window, expect 8 next
089.725 ---- ACK timeout
089.725 Send ACK  7
089.852 Recv DATA 8 2, ID 20280
089.852 Deliver DATA 8, ID 20280
089.852 Slide RECV window, expect 9 next
089.979 ---- ACK timeout
089.979 Send ACK  8
090.123 Recv DATA 9 2, ID 20281
090.123 Deliver DATA 9, ID 20281
090.123 Slide RECV window, expect 10 next
090.250 ---- ACK timeout
090.250 Send ACK  9
090.393 Recv DATA 10 3, ID 20282
090.393 Deliver DATA 10, ID 20282
090.407 Slide RECV window, expect 11 next
090.407 Acked DATA 3, slide SEND window
090.407 Send DATA 11 10, ID 10267
090.488 Recv ACK  4
090.488 Acked DATA 4, slide SEND window
090.488 Send DATA 12 10, ID 10268
090.742 Recv ACK  5
090.742 Acked DATA 5, slide SEND window
090.742 Send DATA 13 10, ID 10269
090.900 Recv ACK  6
090.900 Acked DATA 6, slide SEND window
090.900 Send DATA 14 10, ID 10270
090.916 Recv ACK  7
090.916 Acked DATA 7, slide SEND window
090.916 Send DATA 15 10, ID 10271
090.948 Recv ACK  8
090.948 Acked DATA 8, slide SEND window
090.948 Send DATA 0 10, ID 10272
090.980 Recv ACK  9
090.980 Acked DATA 9, slide SEND window
090.980 Send DATA 1 10, ID 10273
091.139 Recv DATA 11 10, ID 20283
091.139 Deliver DATA 11, ID 20283
091.139 .... 284 packets received, 6454 bps, 80.68%, Err 6 (9.6e-06)
091.139 Slide RECV window, expect 12 next
091.139 Acked DATA 10, slide SEND window
091.139 Send DATA 2 11, ID 10274
091.408 Recv DATA 12 10, ID 20284
091.408 Deliver DATA 12, ID 20284
091.408 Slide RECV window, expect 13 next
091.534 ---- ACK timeout
091.534 Send ACK  12
091.677 Recv DATA 13 10, ID 20285
091.677 Deliver DATA 13, ID 20285
091.677 Slide RECV window, expect 14 next
091.805 ---- ACK timeout
091.805 Send ACK  13
091.947 Recv DATA 14 10, ID 20286
091.947 Deliver DATA 14, ID 20286
091.947 Slide RECV window, expect 15 next
092.073 ---- ACK timeout
092.073 Send ACK  14
092.216 Recv DATA 15 10, ID 20287
092.216 Deliver DATA 15, ID 20287
092.216 Slide RECV window, expect 0 next
092.342 ---- ACK timeout
092.342 Send ACK  15
092.453 Recv DATA 0 10, ID 20288
092.453 Deliver DATA 0, ID 20288
092.453 Slide RECV window, expect 1 next
092.580 ---- ACK timeout
092.580 Send ACK  0
092.739 Recv DATA 1 10, ID 20289
092.739 Deliver DATA 1, ID 20289
092.739 Slide RECV window, expect 2 next
092.865 ---- ACK timeout
092.865 Send ACK  1
093.024 Recv DATA 2 11, ID 20290
093.024 Deliver DATA 2, ID 20290
093.024 Slide RECV window, expect 3 next
093.024 Acked DATA 11, slide SEND window
093.024 Recv ACK  12
093.024 Acked DATA 12, slide SEND window
093.024 Send DATA 3 2, ID 10275
093.026 Send DATA 4 2, ID 10276
093.056 Recv ACK  13
093.056 Acked DATA 13, slide SEND window
093.056 Send DATA 5 2, ID 10277
093.056 Impose noise on received data, 7/640136=1.1E-05
093.072 Recv ACK  14
093.072 Acked DATA 14, slide SEND window
093.072 Send DATA 6 2, ID 10278
093.103 Recv ACK  15
093.103 Acked DATA 15, slide SEND window
093.104 Send DATA 7 2, ID 10279
093.119 Recv ACK  0
093.119 Acked DATA 0, slide SEND window
093.119 Send DATA 8 2, ID 10280
093.135 Recv ACK  1
093.135 Acked DATA 1, slide SEND window
093.135 Send DATA 9 2, ID 10281
093.324 Recv DATA 3 2, ID 20291
093.324 Deliver DATA 3, ID 20291
093.324 .... 292 packets received, 6479 bps, 80.99%, Err 7 (1.1e-05)
093.324 Slide RECV window, expect 4 next
093.324 Acked DATA 2, slide SEND window
093.324 Send DATA 10 3, ID 10282
093.578 **** Receiver Error, Bad CRC Checksum
093.578 Request NAK for 4
093.578 Send NAK  4
093.831 Recv DATA 5 2, ID 20293
094.116 Recv DATA 6 2, ID 20294
094.386 Recv DATA 7 2, ID 20295
094.640 Recv DATA 8 2, ID 20296
094.894 Recv DATA 9 2, ID 20297
095.163 Recv DATA 10 3, ID 20298
095.164 Acked DATA 3, slide SEND window
095.164 Send DATA 11 3, ID 10283
095.195 Recv ACK  4
095.195 Acked DATA 4, slide SEND window
095.195 Send DATA 12 3, ID 10284
095.291 Recv ACK  5
095.291 Acked DATA 5, slide SEND window
095.291 Send DATA 13 3, ID 10285
095.560 Recv ACK  6
095.560 Acked DATA 6, slide SEND window
095.560 Send DATA 14 3, ID 10286
095.687 Recv ACK  7
095.688 Acked DATA 7, slide SEND window
095.688 Send DATA 15 3, ID 10287
095.720 Recv ACK  8
095.720 Acked DATA 8, slide SEND window
095.720 Send DATA 0 3, ID 10288
095.735 Recv ACK  9
095.735 Acked DATA 9, slide SEND window
095.735 Send DATA 1 3, ID 10289
095.942 Recv DATA 11 10, ID 20299
095.942 Acked DATA 10, slide SEND window
095.942 Send DATA 2 3, ID 10290
096.197 Recv DATA 4 10, ID 20292
096.197 Deliver DATA 4, ID 20292
096.197 .... 293 packets received, 6305 bps, 78.81%, Err 7 (1.1e-05)
096.197 Deliver DATA 5, ID 20293
096.199 Deliver DATA 6, ID 20294
096.199 Deliver DATA 7, ID 20295
096.199 Deliver DATA 8, ID 20296
096.199 Deliver DATA 9, ID 20297
096.199 Deliver DATA 10, ID 20298
096.199 Deliver DATA 11, ID 20299
096.199 Slide RECV window, expect 12 next
096.325 ---- ACK timeout
096.325 Send ACK  11
096.388 Recv ACK  11
096.388 Acked DATA 11, slide SEND window
096.388 Send DATA 3 11, ID 10291
096.642 Recv ACK  12
096.642 Acked DATA 12, slide SEND window
096.642 Send DATA 4 11, ID 10292
096.880 Recv ACK  13
096.880 Acked DATA 13, slide SEND window
096.880 Send DATA 5 11, ID 10293
097.119 Recv DATA 5 14, ID 20293
097.119 Ignore out-of-window DATA 5
097.119 Acked DATA 14, slide SEND window
097.119 Send DATA 6 11, ID 10294
097.182 Recv ACK  15
097.182 Acked DATA 15, slide SEND window
097.182 Send DATA 7 11, ID 10295
097.643 Recv DATA 6 0, ID 20294
097.643 Ignore out-of-window DATA 6
097.643 Acked DATA 0, slide SEND window
097.643 Send DATA 8 11, ID 10296
097.706 Recv ACK  1
097.706 Acked DATA 1, slide SEND window
097.706 Send DATA 9 11, ID 10297
098.007 Recv DATA 7 1, ID 20295
098.007 Ignore out-of-window DATA 7
098.134 ---- ACK timeout
098.134 Send ACK  11
098.276 Recv DATA 12 2, ID 20300
098.276 Deliver DATA 12, ID 20300
098.276 .... 301 packets received, 6338 bps, 79.23%, Err 7 (1.0e-05)
098.276 Slide RECV window, expect 13 next
098.277 Acked DATA 2, slide SEND window
098.277 Send DATA 10 12, ID 10298
098.545 Recv DATA 13 2, ID 20301
098.545 Deliver DATA 13, ID 20301
098.545 Slide RECV window, expect 14 next
098.672 ---- ACK timeout
098.672 Send ACK  13
098.799 Recv DATA 14 2, ID 20302
098.799 Deliver DATA 14, ID 20302
098.799 Slide RECV window, expect 15 next
098.926 ---- ACK timeout
098.926 Send ACK  14
099.085 Recv DATA 15 2, ID 20303
099.085 Deliver DATA 15, ID 20303
099.085 Slide RECV window, expect 0 next
099.212 ---- ACK timeout
099.212 Send ACK  15
099.323 Recv DATA 0 2, ID 20304
099.323 Deliver DATA 0, ID 20304
099.323 Slide RECV window, expect 1 next
099.450 ---- ACK timeout
099.450 Send ACK  0
099.609 Recv DATA 1 2, ID 20305
099.609 Deliver DATA 1, ID 20305
099.609 Slide RECV window, expect 2 next
099.736 ---- ACK timeout
099.736 Send ACK  1
099.879 Recv DATA 2 2, ID 20306
099.879 Deliver DATA 2, ID 20306
099.879 Slide RECV window, expect 3 next
100.005 ---- ACK timeout
100.005 Send ACK  2
100.117 Recv DATA 3 2, ID 20307
100.117 Deliver DATA 3, ID 20307
100.117 Slide RECV window, expect 4 next
100.149 Recv ACK  3
100.149 Acked DATA 3, slide SEND window
100.149 Send DATA 11 3, ID 10299
100.181 Recv ACK  4
100.181 Acked DATA 4, slide SEND window
100.181 Recv ACK  5
100.181 Acked DATA 5, slide SEND window
100.181 Send DATA 12 3, ID 10300
100.181 Send DATA 13 3, ID 10301
100.197 Recv ACK  6
100.197 Acked DATA 6, slide SEND window
100.197 Send DATA 14 3, ID 10302
100.212 Recv ACK  7
100.212 Acked DATA 7, slide SEND window
100.213 Send DATA 15 3, ID 10303
100.229 Recv ACK  8
100.229 Acked DATA 8, slide SEND window
100.229 Send DATA 0 3, ID 10304
100.244 Recv ACK  9
100.244 Acked DATA 9, slide SEND window
100.244 Send DATA 1 3, ID 10305
100.450 Recv DATA 4 10, ID 20308
100.450 Deliver DATA 4, ID 20308
100.450 .... 309 packets received, 6365 bps, 79.56%, Err 7 (1.0e-05)
100.450 Slide RECV window, expect 5 next
100.450 Acked DATA 10, slide SEND window
100.450 Send DATA 2 4, ID 10306
100.704 Recv DATA 5 10, ID 20309
100.704 Deliver DATA 5, ID 20309
100.704 Slide RECV window, expect 6 next
100.832 ---- ACK timeout
100.832 Send ACK  5
100.975 Recv DATA 6 10, ID 20310
100.975 Deliver DATA 6, ID 20310
100.975 Slide RECV window, expect 7 next
101.102 ---- ACK timeout
101.102 Send ACK  6
101.244 Recv DATA 7 10, ID 20311
101.244 Deliver DATA 7, ID 20311
101.244 Slide RECV window, expect 8 next
101.371 ---- ACK timeout
101.371 Send ACK  7
101.498 Recv DATA 8 10, ID 20312
101.498 Deliver DATA 8, ID 20312
101.498 Slide RECV window, expect 9 next
101.625 ---- ACK timeout
101.625 Send ACK  8
101.752 Recv DATA 9 10, ID 20313
101.752 Deliver DATA 9, ID 20313
101.752 Slide RECV window, expect 10 next
101.879 ---- ACK timeout
101.879 Send ACK  9
102.021 Recv DATA 10 10, ID 20314
102.021 Deliver DATA 10, ID 20314
102.021 Slide RECV window, expect 11 next
102.148 ---- ACK timeout
102.148 Send ACK  10
102.291 Recv DATA 11 11, ID 20315
102.291 Deliver DATA 11, ID 20315
102.291 Slide RECV window, expect 12 next
102.291 Acked DATA 11, slide SEND window
102.291 Send DATA 3 11, ID 10307
102.323 Recv ACK  12
102.323 Acked DATA 12, slide SEND window
102.324 Send DATA 4 11, ID 10308
102.418 Recv ACK  13
102.418 Acked DATA 13, slide SEND window
102.418 Send DATA 5 11, ID 10309
102.672 Recv ACK  14
102.672 Acked DATA 14, slide SEND window
102.672 Send DATA 6 11, ID 10310
102.815 Recv ACK  15
102.815 Acked DATA 15, slide SEND window
102.815 Send DATA 7 11, ID 10311
102.846 Recv ACK  0
102.846 Acked DATA 0, slide SEND window
102.846 Send DATA 8 11, ID 10312
102.878 Recv ACK  1
102.878 Acked DATA 1, slide SEND window
102.878 Send DATA 9 11, ID 10313
103.069 Recv DATA 12 2, ID 20316
103.069 Deliver DATA 12, ID 20316
103.069 .... 317 packets received, 6362 bps, 79.52%, Err 7 (9.9e-06)
103.069 Slide RECV window, expect 13 next
103.069 Acked DATA 2, slide SEND window
103.069 Send DATA 10 12, ID 10314
103.339 Recv DATA 13 2, ID 20317
103.339 Deliver DATA 13, ID 20317
103.339 Slide RECV window, expect 14 next
103.465 ---- ACK timeout
103.466 Send ACK  13
103.577 Recv DATA 14 2, ID 20318
103.577 Deliver DATA 14, ID 20318
103.577 Slide RECV window, expect 15 next
103.703 ---- ACK timeout
103.703 Send ACK  14
103.846 Recv DATA 15 2, ID 20319
103.846 Deliver DATA 15, ID 20319
103.846 Slide RECV window, expect 0 next
103.989 ---- ACK timeout
103.989 Send ACK  15
104.115 Recv DATA 0 2, ID 20320
104.115 Deliver DATA 0, ID 20320
104.115 Slide RECV window, expect 1 next
104.242 ---- ACK timeout
104.242 Send ACK  0
104.370 Recv DATA 1 2, ID 20321
104.370 Deliver DATA 1, ID 20321
104.370 Slide RECV window, expect 2 next
104.497 ---- ACK timeout
104.497 Send ACK  1
104.640 Recv DATA 2 2, ID 20322
104.640 Deliver DATA 2, ID 20322
104.640 Slide RECV window, expect 3 next
104.768 ---- ACK timeout
104.768 Send ACK  2
104.927 Recv DATA 3 3, ID 20323
104.927 Deliver DATA 3, ID 20323
104.927 Slide RECV window, expect 4 next
104.927 Acked DATA 3, slide SEND window
104.927 Send DATA 11 3, ID 10315
104.959 Recv ACK  4
104.959 Acked DATA 4, slide SEND window
104.959 Recv ACK  5
104.959 Acked DATA 5, slide SEND window
104.959 Send DATA 12 3, ID 10316
104.959 Send DATA 13 3, ID 10317
104.975 Recv ACK  6
104.975 Acked DATA 6, slide SEND window
104.975 Send DATA 14 3, ID 10318
105.007 Recv ACK  7
105.007 Acked DATA 7, slide SEND window
105.007 Send DATA 15 3, ID 10319
105.023 Recv ACK  8
105.023 Acked DATA 8, slide SEND window
105.023 Send DATA 0 3, ID 10320
105.039 Recv ACK  9
105.039 Acked DATA 9, slide SEND window
105.039 Send DATA 1 3, ID 10321
105.230 Recv DATA 4 10, ID 20324
105.230 Deliver DATA 4, ID 20324
105.230 .... 325 packets received, 6387 bps, 79.84%, Err 7 (9.7e-06)
105.230 Slide RECV window, expect 5 next
105.230 Acked DATA 10, slide SEND window
105.230 Send DATA 2 4, ID 10322
105.483 Recv DATA 5 10, ID 20325
105.483 Deliver DATA 5, ID 20325
105.483 Slide RECV window, expect 6 next
105.610 ---- ACK timeout
105.610 Send ACK  5
105.737 Recv DATA 6 10, ID 20326
105.737 Deliver DATA 6, ID 20326
105.737 Slide RECV window, expect 7 next
105.864 ---- ACK timeout
105.864 Send ACK  6
106.006 Recv DATA 7 10, ID 20327
106.006 Deliver DATA 7, ID 20327
106.007 Slide RECV window, expect 8 next
106.133 ---- ACK timeout
106.133 Send ACK  7
106.276 Recv DATA 8 10, ID 20328
106.276 Deliver DATA 8, ID 20328
106.276 Slide RECV window, expect 9 next
106.404 ---- ACK timeout
106.404 Send ACK  8
106.547 Recv DATA 9 10, ID 20329
106.547 Deliver DATA 9, ID 20329
106.547 Slide RECV window, expect 10 next
106.673 ---- ACK timeout
106.673 Send ACK  9
106.817 Recv DATA 10 10, ID 20330
106.817 Deliver DATA 10, ID 20330
106.817 Slide RECV window, expect 11 next
106.943 ---- ACK timeout
106.944 Send ACK  10
107.055 Recv DATA 11 11, ID 20331
107.055 Deliver DATA 11, ID 20331
107.055 Slide RECV window, expect 12 next
107.055 Acked DATA 11, slide SEND window
107.057 Send DATA 3 11, ID 10323
107.087 Recv ACK  12
107.087 Acked DATA 12, slide SEND window
107.087 Recv ACK  13
107.087 Acked DATA 13, slide SEND window
107.087 Send DATA 4 11, ID 10324
107.087 Send DATA 5 11, ID 10325
107.182 Recv ACK  14
107.182 Acked DATA 14, slide SEND window
107.182 Send DATA 6 11, ID 10326
107.450 Recv ACK  15
107.450 Acked DATA 15, slide SEND window
107.450 Send DATA 7 11, ID 10327
107.609 Recv ACK  0
107.609 Acked DATA 0, slide SEND window
107.609 Send DATA 8 11, ID 10328
107.641 Recv ACK  1
107.641 Acked DATA 1, slide SEND window
107.642 Send DATA 9 11, ID 10329
107.863 Recv DATA 12 2, ID 20332
107.863 Deliver DATA 12, ID 20332
107.863 .... 333 packets received, 6383 bps, 79.79%, Err 7 (9.5e-06)
107.864 Slide RECV window, expect 13 next
107.864 Acked DATA 2, slide SEND window
107.864 Send DATA 10 12, ID 10330
108.117 Recv DATA 13 2, ID 20333
108.117 Deliver DATA 13, ID 20333
108.117 Slide RECV window, expect 14 next
108.244 ---- ACK timeout
108.245 Send ACK  13
108.387 Recv DATA 14 2, ID 20334
108.387 Deliver DATA 14, ID 20334
108.387 Slide RECV window, expect 15 next
108.515 ---- ACK timeout
108.515 Send ACK  14
108.642 Recv DATA 15 2, ID 20335
108.642 Deliver DATA 15, ID 20335
108.642 Slide RECV window, expect 0 next
108.768 ---- ACK timeout
108.768 Send ACK  15
108.926 Recv DATA 0 2, ID 20336
108.926 Deliver DATA 0, ID 20336
108.926 Slide RECV window, expect 1 next
109.054 ---- ACK timeout
109.054 Send ACK  0
109.165 Recv DATA 1 2, ID 20337
109.165 Deliver DATA 1, ID 20337
109.165 Slide RECV window, expect 2 next
109.292 ---- ACK timeout
109.292 Send ACK  1
109.435 Recv DATA 2 2, ID 20338
109.435 Deliver DATA 2, ID 20338
109.435 Slide RECV window, expect 3 next
109.562 ---- ACK timeout
109.562 Send ACK  2
109.704 Recv DATA 3 3, ID 20339
109.704 Deliver DATA 3, ID 20339
109.704 Slide RECV window, expect 4 next
109.704 Acked DATA 3, slide SEND window
109.704 Send DATA 11 3, ID 10331
109.736 Recv ACK  4
109.736 Acked DATA 4, slide SEND window
109.736 Send DATA 12 3, ID 10332
109.752 Recv ACK  5
109.752 Acked DATA 5, slide SEND window
109.752 Send DATA 13 3, ID 10333
109.767 Recv ACK  6
109.767 Acked DATA 6, slide SEND window
109.768 Send DATA 14 3, ID 10334
109.783 Recv ACK  7
109.783 Acked DATA 7, slide SEND window
109.783 Send DATA 15 3, ID 10335
109.799 Recv ACK  8
109.799 Acked DATA 8, slide SEND window
109.799 Send DATA 0 3, ID 10336
109.815 Recv ACK  9
109.815 Acked DATA 9, slide SEND window
109.815 Send DATA 1 3, ID 10337
110.006 Recv DATA 4 10, ID 20340
110.008 Deliver DATA 4, ID 20340
110.008 .... 341 packets received, 6408 bps, 80.10%, Err 7 (9.3e-06)
110.008 Slide RECV window, expect 5 next
110.008 Acked DATA 10, slide SEND window
110.008 Send DATA 2 4, ID 10338
110.276 Recv DATA 5 10, ID 20341
110.276 Deliver DATA 5, ID 20341
110.276 Slide RECV window, expect 6 next
110.404 ---- ACK timeout
110.404 Send ACK  5
110.546 Recv DATA 6 10, ID 20342
110.546 Deliver DATA 6, ID 20342
110.546 Slide RECV window, expect 7 next
110.674 ---- ACK timeout
110.674 Send ACK  6
110.816 Recv DATA 7 10, ID 20343
110.816 Deliver DATA 7, ID 20343
110.816 Slide RECV window, expect 8 next
110.944 ---- ACK timeout
110.944 Send ACK  7
111.055 Recv DATA 8 10, ID 20344
111.055 Deliver DATA 8, ID 20344
111.055 Slide RECV window, expect 9 next
111.182 ---- ACK timeout
111.182 Send ACK  8
111.341 Recv DATA 9 10, ID 20345
111.341 Deliver DATA 9, ID 20345
111.341 Slide RECV window, expect 10 next
111.468 ---- ACK timeout
111.468 Send ACK  9
111.579 Recv DATA 10 10, ID 20346
111.579 Deliver DATA 10, ID 20346
111.579 Slide RECV window, expect 11 next
111.706 ---- ACK timeout
111.706 Send ACK  10
111.849 Recv DATA 11 11, ID 20347
111.849 Deliver DATA 11, ID 20347
111.849 Slide RECV window, expect 12 next
111.849 Acked DATA 11, slide SEND window
111.849 Send DATA 3 11, ID 10339
111.881 Recv ACK  12
111.881 Acked DATA 12, slide SEND window
111.881 Send DATA 4 11, ID 10340
111.976 Recv ACK  13
111.976 Acked DATA 13, slide SEND window
111.976 Send DATA 5 11, ID 10341
112.231 Recv ACK  14
112.233 Acked DATA 14, slide SEND window
112.233 Send DATA 6 11, ID 10342
112.374 Recv ACK  15
112.374 Acked DATA 15, slide SEND window
112.374 Send DATA 7 11, ID 10343
112.405 Recv ACK  0
112.405 Acked DATA 0, slide SEND window
112.405 Send DATA 8 11, ID 10344
112.421 Recv ACK  1
112.421 Acked DATA 1, slide SEND window
112.421 Send DATA 9 11, ID 10345
112.627 Recv DATA 12 2, ID 20348
112.627 Deliver DATA 12, ID 20348
112.627 .... 349 packets received, 6404 bps, 80.05%, Err 7 (9.0e-06)
112.628 Slide RECV window, expect 13 next
112.628 Acked DATA 2, slide SEND window
112.628 Send DATA 10 12, ID 10346
112.898 Recv DATA 13 2, ID 20349
112.898 Deliver DATA 13, ID 20349
112.898 Slide RECV window, expect 14 next
113.025 ---- ACK timeout
113.025 Send ACK  13
113.136 Recv DATA 14 2, ID 20350
113.136 Deliver DATA 14, ID 20350
113.136 Slide RECV window, expect 15 next
113.262 ---- ACK timeout
113.262 Send ACK  14
113.405 Recv DATA 15 2, ID 20351
113.405 Deliver DATA 15, ID 20351
113.405 Slide RECV window, expect 0 next
113.532 ---- ACK timeout
113.532 Send ACK  15
113.675 Recv DATA 0 2, ID 20352
113.675 Deliver DATA 0, ID 20352
113.675 Slide RECV window, expect 1 next
113.802 ---- ACK timeout
113.802 Send ACK  0
113.929 Recv DATA 1 2, ID 20353
113.929 Deliver DATA 1, ID 20353
113.929 Slide RECV window, expect 2 next
114.056 ---- ACK timeout
114.056 Send ACK  1
114.199 Recv DATA 2 2, ID 20354
114.199 Deliver DATA 2, ID 20354
114.199 Slide RECV window, expect 3 next
114.325 ---- ACK timeout
114.326 Send ACK  2
114.468 Recv DATA 3 3, ID 20355
114.468 Deliver DATA 3, ID 20355
114.468 Slide RECV window, expect 4 next
114.468 Acked DATA 3, slide SEND window
114.468 Send DATA 11 3, ID 10347
114.500 Recv ACK  4
114.500 Acked DATA 4, slide SEND window
114.500 Recv ACK  5
114.500 Acked DATA 5, slide SEND window
114.500 Send DATA 12 3, ID 10348
114.500 Send DATA 13 3, ID 10349
114.516 Recv ACK  6
114.516 Acked DATA 6, slide SEND window
114.516 Send DATA 14 3, ID 10350
114.532 Recv ACK  7
114.532 Acked DATA 7, slide SEND window
114.532 Send DATA 15 3, ID 10351
114.564 Recv ACK  8
114.564 Acked DATA 8, slide SEND window
114.564 Send DATA 0 3, ID 10352
114.579 Recv ACK  9
114.579 Acked DATA 9, slide SEND window
114.579 Send DATA 1 3, ID 10353
114.770 Recv DATA 4 10, ID 20356
114.770 Deliver DATA 4, ID 20356
114.770 .... 357 packets received, 6428 bps, 80.35%, Err 7 (8.9e-06)
114.770 Slide RECV window, expect 5 next
114.770 Acked DATA 10, slide SEND window
114.771 Send DATA 2 4, ID 10354
115.041 Recv DATA 5 10, ID 20357
115.041 Deliver DATA 5, ID 20357
115.041 Slide RECV window, expect 6 next
115.168 ---- ACK timeout
115.168 Send ACK  5
115.312 Recv DATA 6 10, ID 20358
115.312 Deliver DATA 6, ID 20358
115.312 Slide RECV window, expect 7 next
115.438 ---- ACK timeout
115.438 Send ACK  6
115.581 Recv DATA 7 10, ID 20359
115.581 Deliver DATA 7, ID 20359
115.581 Slide RECV window, expect 8 next
115.708 ---- ACK timeout
115.708 Send ACK  7
115.834 Recv DATA 8 10, ID 20360
115.834 Deliver DATA 8, ID 20360
115.834 Slide RECV window, expect 9 next
115.962 ---- ACK timeout
115.962 Send ACK  8
116.088 Recv DATA 9 10, ID 20361
116.088 Deliver DATA 9, ID 20361
116.088 Slide RECV window, expect 10 next
116.215 ---- ACK timeout
116.215 Send ACK  9
116.358 Recv DATA 10 10, ID 20362
116.358 Deliver DATA 10, ID 20362
116.358 Slide RECV window, expect 11 next
116.485 ---- ACK timeout
116.485 Send ACK  10
116.612 Recv DATA 11 11, ID 20363
116.613 Deliver DATA 11, ID 20363
116.613 Slide RECV window, expect 12 next
116.613 Acked DATA 11, slide SEND window
116.613 Send DATA 3 11, ID 10355
116.644 Recv ACK  12
116.644 Acked DATA 12, slide SEND window
116.644 Send DATA 4 11, ID 10356
116.660 Recv ACK  13
116.660 Acked DATA 13, slide SEND window
116.660 Send DATA 5 11, ID 10357
116.740 Recv ACK  14
116.740 Acked DATA 14, slide SEND window
116.740 Send DATA 6 11, ID 10358
116.994 Recv ACK  15
116.994 Acked DATA 15, slide SEND window
116.995 Send DATA 7 11, ID 10359
117.010 Recv ACK  0
117.010 Acked DATA 0, slide SEND window
117.010 Send DATA 8 11, ID 10360
117.137 Recv ACK  1
117.146 Acked DATA 1, slide SEND window
117.146 Send DATA 9 11, ID 10361
117.375 Recv DATA 12 2, ID 20364
117.375 Deliver DATA 12, ID 20364
117.375 .... 365 packets received, 6425 bps, 80.31%, Err 7 (8.7e-06)
117.375 Slide RECV window, expect 13 next
117.375 Acked DATA 2, slide SEND window
117.375 Send DATA 10 12, ID 10362
117.645 Recv DATA 13 2, ID 20365
117.645 Deliver DATA 13, ID 20365
117.645 Slide RECV window, expect 14 next
117.773 ---- ACK timeout
117.773 Send ACK  13
117.899 Recv DATA 14 2, ID 20366
117.899 Deliver DATA 14, ID 20366
117.899 Slide RECV window, expect 15 next
118.027 ---- ACK timeout
118.027 Send ACK  14
118.186 Recv DATA 15 2, ID 20367
118.186 Deliver DATA 15, ID 20367
118.186 Slide RECV window, expect 0 next
118.313 ---- ACK timeout
118.313 Send ACK  15
118.456 Recv DATA 0 2, ID 20368
118.456 Deliver DATA 0, ID 20368
118.456 Slide RECV window, expect 1 next
118.583 ---- ACK timeout
118.583 Send ACK  0
118.710 Recv DATA 1 2, ID 20369
118.710 Deliver DATA 1, ID 20369
118.710 Slide RECV window, expect 2 next
118.837 ---- ACK timeout
118.837 Send ACK  1
118.964 Recv DATA 2 2, ID 20370
118.964 Deliver DATA 2, ID 20370
118.964 Slide RECV window, expect 3 next
119.011 Impose noise on received data, 8/821120=9.7E-06
119.090 ---- ACK timeout
119.090 Send ACK  2
119.233 Recv DATA 3 3, ID 20371
119.233 Deliver DATA 3, ID 20371
119.233 Slide RECV window, expect 4 next
119.233 Acked DATA 3, slide SEND window
119.233 Send DATA 11 3, ID 10363
119.265 Recv ACK  4
119.265 Acked DATA 4, slide SEND window
119.265 Send DATA 12 3, ID 10364
119.281 Recv ACK  5
119.281 Acked DATA 5, slide SEND window
119.281 Send DATA 13 3, ID 10365
119.297 Recv ACK  6
119.297 Acked DATA 6, slide SEND window
119.297 Send DATA 14 3, ID 10366
119.313 Recv ACK  7
119.313 Acked DATA 7, slide SEND window
119.313 Send DATA 15 3, ID 10367
119.329 Recv ACK  8
119.329 Acked DATA 8, slide SEND window
119.329 Send DATA 0 3, ID 10368
119.345 Recv ACK  9
119.345 Acked DATA 9, slide SEND window
119.345 Send DATA 1 3, ID 10369
119.535 **** Receiver Error, Bad CRC Checksum
119.535 Request NAK for 4
119.535 Send NAK  4
119.805 Recv DATA 5 10, ID 20373
119.805 Acked DATA 10, slide SEND window
119.806 Send DATA 2 3, ID 10370
120.028 Quit.
