000.000 =============================================================
000.000                     Station A                               
000.000 -------------------------------------------------------------
000.000 Protocol.lib, version 4.0, jiangyanjun0718@bupt.edu.cn
000.000 Channel: 8000 bps, 270 ms propagation delay, bit error rate 1.0E-05
000.000 Log file "C:\Users\YOUNG\Desktop\workplace\2025_2026_2\计算机网络\lab\Lab1-DataLink(Win+Linux)(1)\Lab1-Windows-VS2017\docs\测试记录\参数优化-DATA_TIMER-MAX_PHL_BACKLOG\01-粗筛-2min\dt2600-bg6-default-flood-20260509-220249-A.log", TCP port 59920, debug mask 0x07
000.000 Station A is waiting for station B on TCP port 59920 ... Done.
000.619 New epoch: Sat May  9 22:02:50 2026
000.619 =================================================================
000.619 
000.619 Designed by Jiang Yanjun, build: May  9 2026  22:02:49
000.619 Send DATA 0 15, ID 10000
000.619 Send DATA 1 15, ID 10001
000.619 Send DATA 2 15, ID 10002
000.619 Send DATA 3 15, ID 10003
000.619 Send DATA 4 15, ID 10004
000.619 Send DATA 5 15, ID 10005
001.168 Recv DATA 0 15, ID 20000
001.168 Deliver DATA 0, ID 20000
001.169 Slide RECV window, expect 1 next
001.169 Send DATA 6 0, ID 10006
001.169 Send DATA 7 0, ID 10007
001.437 Recv DATA 1 15, ID 20001
001.437 Deliver DATA 1, ID 20001
001.437 Slide RECV window, expect 2 next
001.437 Impose noise on received data, 1/6544=1.5E-04
001.564 ---- ACK timeout
001.564 Send ACK  1
001.706 Recv DATA 2 15, ID 20002
001.706 Deliver DATA 2, ID 20002
001.706 Slide RECV window, expect 3 next
001.833 ---- ACK timeout
001.833 Send ACK  2
001.960 **** Receiver Error, Bad CRC Checksum
001.960 Request NAK for 3
001.960 Send NAK  3
002.229 Recv DATA 4 15, ID 20004
002.499 Recv DATA 5 15, ID 20005
002.752 Recv DATA 6 0, ID 20006
002.752 Acked DATA 0, slide SEND window
002.752 Send DATA 8 2, ID 10008
003.023 Recv DATA 7 0, ID 20007
003.054 Recv ACK  1
003.054 Acked DATA 1, slide SEND window
003.054 Send DATA 9 2, ID 10009
003.086 Recv ACK  2
003.086 Acked DATA 2, slide SEND window
003.086 Send DATA 10 2, ID 10010
003.118 Recv ACK  3
003.118 Acked DATA 3, slide SEND window
003.118 Send DATA 11 2, ID 10011
003.150 Recv ACK  4
003.150 Acked DATA 4, slide SEND window
003.150 Send DATA 12 2, ID 10012
003.166 Recv ACK  5
003.166 Acked DATA 5, slide SEND window
003.166 Send DATA 13 2, ID 10013
003.325 Recv DATA 8 6, ID 20008
003.325 Acked DATA 6, slide SEND window
003.325 Send DATA 14 2, ID 10014
003.594 Recv DATA 9 7, ID 20009
003.594 Acked DATA 7, slide SEND window
003.594 Send DATA 15 2, ID 10015
003.833 Recv DATA 10 7, ID 20010
004.102 Recv DATA 3 7, ID 20003
004.102 Deliver DATA 3, ID 20003
004.102 .... 4 packets received, 2550 bps, 31.88%, Err 1 (3.9e-05)
004.102 Deliver DATA 4, ID 20004
004.102 Deliver DATA 5, ID 20005
004.102 Deliver DATA 6, ID 20006
004.102 Deliver DATA 7, ID 20007
004.102 Deliver DATA 8, ID 20008
004.102 Deliver DATA 9, ID 20009
004.102 Deliver DATA 10, ID 20010
004.102 Slide RECV window, expect 11 next
004.134 Recv ACK  8
004.134 Acked DATA 8, slide SEND window
004.134 Send DATA 0 10, ID 10016
004.261 Recv ACK  9
004.261 Acked DATA 9, slide SEND window
004.261 Send DATA 1 10, ID 10017
004.532 Recv ACK  10
004.532 Acked DATA 10, slide SEND window
004.532 Send DATA 2 10, ID 10018
004.801 Recv ACK  11
004.801 Acked DATA 11, slide SEND window
004.801 Send DATA 3 10, ID 10019
005.101 Recv ACK  12
005.101 Acked DATA 12, slide SEND window
005.101 Send DATA 4 10, ID 10020
005.340 Recv ACK  13
005.340 Acked DATA 13, slide SEND window
005.340 Send DATA 5 10, ID 10021
005.595 Recv ACK  14
005.595 Acked DATA 14, slide SEND window
005.596 Send DATA 6 10, ID 10022
005.738 Recv ACK  15
005.738 Acked DATA 15, slide SEND window
005.738 Send DATA 7 10, ID 10023
005.992 Recv DATA 11 0, ID 20011
005.992 Deliver DATA 11, ID 20011
005.992 Slide RECV window, expect 12 next
005.992 Acked DATA 0, slide SEND window
005.992 Send DATA 8 11, ID 10024
006.247 Recv DATA 12 0, ID 20012
006.247 Deliver DATA 12, ID 20012
006.247 .... 13 packets received, 4970 bps, 62.12%, Err 1 (3.1e-05)
006.247 Slide RECV window, expect 13 next
006.374 ---- ACK timeout
006.374 Send ACK  12
006.517 Recv DATA 13 0, ID 20013
006.517 Deliver DATA 13, ID 20013
006.517 Slide RECV window, expect 14 next
006.644 ---- ACK timeout
006.644 Send ACK  13
006.787 Recv DATA 14 0, ID 20014
006.787 Deliver DATA 14, ID 20014
006.787 Slide RECV window, expect 15 next
006.915 ---- ACK timeout
006.915 Send ACK  14
007.058 Recv DATA 15 0, ID 20015
007.058 Deliver DATA 15, ID 20015
007.058 Slide RECV window, expect 0 next
007.186 ---- ACK timeout
007.186 Send ACK  15
007.312 Recv DATA 0 0, ID 20016
007.313 Deliver DATA 0, ID 20016
007.313 Slide RECV window, expect 1 next
007.440 ---- ACK timeout
007.440 Send ACK  0
007.583 Recv DATA 1 0, ID 20017
007.583 Deliver DATA 1, ID 20017
007.583 Slide RECV window, expect 2 next
007.615 Recv ACK  1
007.615 Acked DATA 1, slide SEND window
007.615 Send DATA 9 1, ID 10025
007.853 Recv DATA 2 1, ID 20018
007.853 Deliver DATA 2, ID 20018
007.853 Slide RECV window, expect 3 next
007.885 Recv ACK  2
007.885 Acked DATA 2, slide SEND window
007.885 Recv ACK  3
007.885 Acked DATA 3, slide SEND window
007.885 Send DATA 10 2, ID 10026
007.886 Send DATA 11 2, ID 10027
007.917 Recv ACK  4
007.917 Acked DATA 4, slide SEND window
007.917 Send DATA 12 2, ID 10028
007.949 Recv ACK  5
007.949 Acked DATA 5, slide SEND window
007.949 Send DATA 13 2, ID 10029
007.981 Recv ACK  6
007.981 Acked DATA 6, slide SEND window
007.981 Send DATA 14 2, ID 10030
008.012 Recv ACK  7
008.012 Acked DATA 7, slide SEND window
008.012 Send DATA 15 2, ID 10031
008.154 Recv DATA 3 8, ID 20019
008.154 Deliver DATA 3, ID 20019
008.154 Slide RECV window, expect 4 next
008.154 Acked DATA 8, slide SEND window
008.155 Send DATA 0 3, ID 10032
008.424 Recv DATA 4 8, ID 20020
008.424 Deliver DATA 4, ID 20020
008.424 .... 21 packets received, 5709 bps, 71.36%, Err 1 (2.0e-05)
008.424 Slide RECV window, expect 5 next
008.551 ---- ACK timeout
008.551 Send ACK  4
008.678 Recv DATA 5 8, ID 20021
008.678 Deliver DATA 5, ID 20021
008.678 Slide RECV window, expect 6 next
008.805 ---- ACK timeout
008.805 Send ACK  5
008.948 Recv DATA 6 8, ID 20022
008.948 Deliver DATA 6, ID 20022
008.948 Slide RECV window, expect 7 next
009.075 ---- ACK timeout
009.075 Send ACK  6
009.218 Recv DATA 7 8, ID 20023
009.218 Deliver DATA 7, ID 20023
009.218 Slide RECV window, expect 8 next
009.346 ---- ACK timeout
009.346 Send ACK  7
009.457 Recv DATA 8 8, ID 20024
009.457 Deliver DATA 8, ID 20024
009.457 Slide RECV window, expect 9 next
009.584 ---- ACK timeout
009.584 Send ACK  8
009.727 Recv DATA 9 9, ID 20025
009.727 Deliver DATA 9, ID 20025
009.727 Slide RECV window, expect 10 next
009.727 Acked DATA 9, slide SEND window
009.727 Send DATA 1 9, ID 10033
009.998 Recv DATA 10 10, ID 20026
009.998 Deliver DATA 10, ID 20026
009.998 Slide RECV window, expect 11 next
009.998 Acked DATA 10, slide SEND window
009.999 Send DATA 2 10, ID 10034
010.030 Recv ACK  11
010.030 Acked DATA 11, slide SEND window
010.031 Send DATA 3 10, ID 10035
010.158 Recv ACK  12
010.158 Acked DATA 12, slide SEND window
010.158 Send DATA 4 10, ID 10036
010.300 Recv ACK  13
010.300 Acked DATA 13, slide SEND window
010.301 Send DATA 5 10, ID 10037
010.332 Recv ACK  14
010.332 Acked DATA 14, slide SEND window
010.332 Send DATA 6 10, ID 10038
010.364 Recv ACK  15
010.364 Acked DATA 15, slide SEND window
010.364 Send DATA 7 10, ID 10039
010.538 Recv DATA 11 0, ID 20027
010.538 Deliver DATA 11, ID 20027
010.538 .... 28 packets received, 5944 bps, 74.30%, Err 1 (1.5e-05)
010.538 Slide RECV window, expect 12 next
010.538 Acked DATA 0, slide SEND window
010.539 Send DATA 8 11, ID 10040
010.806 Recv DATA 12 0, ID 20028
010.806 Deliver DATA 12, ID 20028
010.806 Slide RECV window, expect 13 next
010.934 ---- ACK timeout
010.934 Send ACK  12
011.076 Recv DATA 13 0, ID 20029
011.076 Deliver DATA 13, ID 20029
011.076 Slide RECV window, expect 14 next
011.203 ---- ACK timeout
011.203 Send ACK  13
011.346 Recv DATA 14 0, ID 20030
011.346 Deliver DATA 14, ID 20030
011.346 Slide RECV window, expect 15 next
011.473 ---- ACK timeout
011.473 Send ACK  14
011.599 Recv DATA 15 0, ID 20031
011.599 Deliver DATA 15, ID 20031
011.599 Slide RECV window, expect 0 next
011.727 ---- ACK timeout
011.727 Send ACK  15
011.886 Recv DATA 0 0, ID 20032
011.886 Deliver DATA 0, ID 20032
011.886 Slide RECV window, expect 1 next
012.013 ---- ACK timeout
012.013 Send ACK  0
012.155 Recv DATA 1 1, ID 20033
012.155 Deliver DATA 1, ID 20033
012.155 Slide RECV window, expect 2 next
012.155 Acked DATA 1, slide SEND window
012.155 Send DATA 9 1, ID 10041
012.410 Recv DATA 2 2, ID 20034
012.410 Deliver DATA 2, ID 20034
012.410 Slide RECV window, expect 3 next
012.410 Acked DATA 2, slide SEND window
012.410 Send DATA 10 2, ID 10042
012.442 Recv ACK  3
012.451 Acked DATA 3, slide SEND window
012.451 Recv ACK  4
012.451 Acked DATA 4, slide SEND window
012.451 Recv ACK  5
012.451 Acked DATA 5, slide SEND window
012.451 Send DATA 11 2, ID 10043
012.451 Send DATA 12 2, ID 10044
012.451 Send DATA 13 2, ID 10045
012.489 Recv ACK  6
012.489 Acked DATA 6, slide SEND window
012.489 Send DATA 14 2, ID 10046
012.521 Recv ACK  7
012.521 Acked DATA 7, slide SEND window
012.521 Send DATA 15 2, ID 10047
012.713 Recv DATA 3 8, ID 20035
012.713 Deliver DATA 3, ID 20035
012.713 .... 36 packets received, 6237 bps, 77.96%, Err 1 (1.2e-05)
012.713 Slide RECV window, expect 4 next
012.713 Acked DATA 8, slide SEND window
012.713 Send DATA 0 3, ID 10048
012.982 Recv DATA 4 8, ID 20036
012.982 Deliver DATA 4, ID 20036
012.982 Slide RECV window, expect 5 next
013.110 ---- ACK timeout
013.110 Send ACK  4
013.236 Recv DATA 5 8, ID 20037
013.236 Deliver DATA 5, ID 20037
013.236 Slide RECV window, expect 6 next
013.365 ---- ACK timeout
013.365 Send ACK  5
013.524 Recv DATA 6 8, ID 20038
013.524 Deliver DATA 6, ID 20038
013.524 Slide RECV window, expect 7 next
013.652 ---- ACK timeout
013.652 Send ACK  6
013.748 Recv DATA 7 8, ID 20039
013.748 Deliver DATA 7, ID 20039
013.748 Slide RECV window, expect 8 next
013.876 ---- ACK timeout
013.876 Send ACK  7
014.019 Recv DATA 8 8, ID 20040
014.019 Deliver DATA 8, ID 20040
014.019 Slide RECV window, expect 9 next
014.146 ---- ACK timeout
014.146 Send ACK  8
014.290 Recv DATA 9 9, ID 20041
014.290 Deliver DATA 9, ID 20041
014.290 Slide RECV window, expect 10 next
014.290 Acked DATA 9, slide SEND window
014.291 Send DATA 1 9, ID 10049
014.545 Recv DATA 10 10, ID 20042
014.545 Deliver DATA 10, ID 20042
014.545 Slide RECV window, expect 11 next
014.545 Acked DATA 10, slide SEND window
014.546 Send DATA 2 10, ID 10050
014.561 Recv ACK  11
014.561 Acked DATA 11, slide SEND window
014.561 Send DATA 3 10, ID 10051
014.609 Recv ACK  12
014.609 Acked DATA 12, slide SEND window
014.609 Send DATA 4 10, ID 10052
014.689 Recv ACK  13
014.689 Acked DATA 13, slide SEND window
014.689 Send DATA 5 10, ID 10053
014.817 Recv ACK  14
014.817 Acked DATA 14, slide SEND window
014.817 Send DATA 6 10, ID 10054
014.848 Recv ACK  15
014.848 Acked DATA 15, slide SEND window
014.848 Send DATA 7 10, ID 10055
015.070 Recv DATA 11 0, ID 20043
015.070 Deliver DATA 11, ID 20043
015.070 .... 44 packets received, 6355 bps, 79.44%, Err 1 (1.0e-05)
015.070 Slide RECV window, expect 12 next
015.070 Acked DATA 0, slide SEND window
015.070 Send DATA 8 11, ID 10056
015.324 Recv DATA 12 0, ID 20044
015.324 Deliver DATA 12, ID 20044
015.324 Slide RECV window, expect 13 next
015.451 ---- ACK timeout
015.451 Send ACK  12
015.594 Recv DATA 13 0, ID 20045
015.594 Deliver DATA 13, ID 20045
015.594 Slide RECV window, expect 14 next
015.721 ---- ACK timeout
015.721 Send ACK  13
015.848 Recv DATA 14 0, ID 20046
015.848 Deliver DATA 14, ID 20046
015.848 Slide RECV window, expect 15 next
015.975 ---- ACK timeout
015.975 Send ACK  14
016.118 Recv DATA 15 0, ID 20047
016.118 Deliver DATA 15, ID 20047
016.118 Slide RECV window, expect 0 next
016.245 ---- ACK timeout
016.245 Send ACK  15
016.372 Recv DATA 0 0, ID 20048
016.372 Deliver DATA 0, ID 20048
016.372 Slide RECV window, expect 1 next
016.499 ---- ACK timeout
016.499 Send ACK  0
016.643 Recv DATA 1 1, ID 20049
016.643 Deliver DATA 1, ID 20049
016.643 Slide RECV window, expect 2 next
016.643 Acked DATA 1, slide SEND window
016.643 Send DATA 9 1, ID 10057
016.910 Recv DATA 2 2, ID 20050
016.910 Deliver DATA 2, ID 20050
016.910 Slide RECV window, expect 3 next
016.910 Acked DATA 2, slide SEND window
016.910 Send DATA 10 2, ID 10058
016.942 Recv ACK  3
016.942 Acked DATA 3, slide SEND window
016.942 Send DATA 11 2, ID 10059
016.957 Recv ACK  4
016.957 Acked DATA 4, slide SEND window
016.957 Send DATA 12 2, ID 10060
016.989 Recv ACK  5
016.989 Acked DATA 5, slide SEND window
016.989 Send DATA 13 2, ID 10061
017.005 Recv ACK  6
017.005 Acked DATA 6, slide SEND window
017.005 Send DATA 14 2, ID 10062
017.037 Recv ACK  7
017.037 Acked DATA 7, slide SEND window
017.039 Send DATA 15 2, ID 10063
017.212 Recv DATA 3 8, ID 20051
017.212 Deliver DATA 3, ID 20051
017.212 .... 52 packets received, 6525 bps, 81.56%, Err 1 (8.6e-06)
017.212 Slide RECV window, expect 4 next
017.212 Acked DATA 8, slide SEND window
017.212 Send DATA 0 3, ID 10064
017.467 Recv DATA 4 8, ID 20052
017.467 Deliver DATA 4, ID 20052
017.467 Slide RECV window, expect 5 next
017.594 ---- ACK timeout
017.594 Send ACK  4
017.754 Recv DATA 5 8, ID 20053
017.754 Deliver DATA 5, ID 20053
017.754 Slide RECV window, expect 6 next
017.881 ---- ACK timeout
017.881 Send ACK  5
017.991 Recv DATA 6 8, ID 20054
017.992 Deliver DATA 6, ID 20054
017.992 Slide RECV window, expect 7 next
018.119 ---- ACK timeout
018.119 Send ACK  6
018.261 Recv DATA 7 8, ID 20055
018.261 Deliver DATA 7, ID 20055
018.261 Slide RECV window, expect 8 next
018.389 ---- ACK timeout
018.389 Send ACK  7
018.516 Recv DATA 8 8, ID 20056
018.516 Deliver DATA 8, ID 20056
018.516 Slide RECV window, expect 9 next
018.643 ---- ACK timeout
018.643 Send ACK  8
018.785 Recv DATA 9 9, ID 20057
018.785 Deliver DATA 9, ID 20057
018.785 Slide RECV window, expect 10 next
018.785 Acked DATA 9, slide SEND window
018.785 Send DATA 1 9, ID 10065
019.056 Recv DATA 10 10, ID 20058
019.056 Deliver DATA 10, ID 20058
019.056 Slide RECV window, expect 11 next
019.056 Acked DATA 10, slide SEND window
019.056 Send DATA 2 10, ID 10066
019.087 Recv ACK  11
019.088 Acked DATA 11, slide SEND window
019.088 Send DATA 3 10, ID 10067
019.184 Recv ACK  12
019.184 Acked DATA 12, slide SEND window
019.184 Send DATA 4 10, ID 10068
019.294 Recv ACK  13
019.294 Acked DATA 13, slide SEND window
019.294 Send DATA 5 10, ID 10069
019.310 Recv ACK  14
019.310 Acked DATA 14, slide SEND window
019.310 Send DATA 6 10, ID 10070
019.326 Recv ACK  15
019.326 Acked DATA 15, slide SEND window
019.327 Send DATA 7 10, ID 10071
019.549 Recv DATA 11 0, ID 20059
019.549 Deliver DATA 11, ID 20059
019.549 .... 60 packets received, 6586 bps, 82.32%, Err 1 (7.5e-06)
019.549 Slide RECV window, expect 12 next
019.549 Acked DATA 0, slide SEND window
019.549 Send DATA 8 11, ID 10072
019.817 Recv DATA 12 0, ID 20060
019.817 Deliver DATA 12, ID 20060
019.817 Slide RECV window, expect 13 next
019.944 ---- ACK timeout
019.944 Send ACK  12
020.087 Recv DATA 13 0, ID 20061
020.087 Deliver DATA 13, ID 20061
020.087 Slide RECV window, expect 14 next
020.214 ---- ACK timeout
020.214 Send ACK  13
020.341 Recv DATA 14 0, ID 20062
020.341 Deliver DATA 14, ID 20062
020.341 Slide RECV window, expect 15 next
020.468 ---- ACK timeout
020.468 Send ACK  14
020.610 Recv DATA 15 0, ID 20063
020.610 Deliver DATA 15, ID 20063
020.610 Slide RECV window, expect 0 next
020.737 ---- ACK timeout
020.737 Send ACK  15
020.865 Recv DATA 0 0, ID 20064
020.865 Deliver DATA 0, ID 20064
020.865 Slide RECV window, expect 1 next
021.008 ---- ACK timeout
021.008 Send ACK  0
021.135 Recv DATA 1 1, ID 20065
021.135 Deliver DATA 1, ID 20065
021.135 Slide RECV window, expect 2 next
021.135 Acked DATA 1, slide SEND window
021.135 Send DATA 9 1, ID 10073
021.406 Recv DATA 2 2, ID 20066
021.406 Deliver DATA 2, ID 20066
021.406 Slide RECV window, expect 3 next
021.406 Acked DATA 2, slide SEND window
021.406 Send DATA 10 2, ID 10074
021.438 Recv ACK  3
021.438 Acked DATA 3, slide SEND window
021.438 Send DATA 11 2, ID 10075
021.454 Recv ACK  4
021.454 Acked DATA 4, slide SEND window
021.454 Send DATA 12 2, ID 10076
021.485 Recv ACK  5
021.486 Acked DATA 5, slide SEND window
021.486 Send DATA 13 2, ID 10077
021.502 Recv NAK  6
021.502 ---- Resend DATA 6 on NAK
021.502 Send DATA 6 2, ID 10070
021.708 Recv DATA 3 5, ID 20067
021.708 Deliver DATA 3, ID 20067
021.708 .... 68 packets received, 6690 bps, 83.62%, Err 1 (6.6e-06)
021.708 Slide RECV window, expect 4 next
021.836 ---- ACK timeout
021.836 Send ACK  3
021.979 Recv DATA 4 5, ID 20068
021.979 Deliver DATA 4, ID 20068
021.979 Slide RECV window, expect 5 next
022.105 ---- ACK timeout
022.105 Send ACK  4
022.233 Recv DATA 5 5, ID 20069
022.233 Deliver DATA 5, ID 20069
022.233 Slide RECV window, expect 6 next
022.360 ---- ACK timeout
022.360 Send ACK  5
022.487 Recv DATA 6 5, ID 20070
022.487 Deliver DATA 6, ID 20070
022.487 Slide RECV window, expect 7 next
022.614 ---- ACK timeout
022.615 Send ACK  6
022.773 Recv DATA 7 5, ID 20071
022.773 Deliver DATA 7, ID 20071
022.773 Slide RECV window, expect 8 next
022.900 ---- ACK timeout
022.900 Send ACK  7
023.043 Recv DATA 8 5, ID 20072
023.043 Deliver DATA 8, ID 20072
023.043 Slide RECV window, expect 9 next
023.171 ---- ACK timeout
023.171 Send ACK  8
023.314 Recv DATA 9 5, ID 20073
023.314 Deliver DATA 9, ID 20073
023.314 Slide RECV window, expect 10 next
023.440 ---- ACK timeout
023.440 Send ACK  9
023.566 Recv DATA 10 5, ID 20074
023.566 Deliver DATA 10, ID 20074
023.566 Slide RECV window, expect 11 next
023.693 ---- ACK timeout
023.693 Send ACK  10
023.819 Recv DATA 11 13, ID 20075
023.819 Deliver DATA 11, ID 20075
023.819 .... 76 packets received, 6788 bps, 84.85%, Err 1 (6.0e-06)
023.820 Slide RECV window, expect 12 next
023.820 Acked DATA 6, slide SEND window
023.820 Acked DATA 7, slide SEND window
023.820 Acked DATA 8, slide SEND window
023.820 Acked DATA 9, slide SEND window
023.820 Acked DATA 10, slide SEND window
023.820 Acked DATA 11, slide SEND window
023.820 Acked DATA 12, slide SEND window
023.820 Acked DATA 13, slide SEND window
023.820 Send DATA 14 11, ID 10078
023.821 Send DATA 15 11, ID 10079
023.821 Send DATA 0 11, ID 10080
023.821 Send DATA 1 11, ID 10081
023.821 Send DATA 2 11, ID 10082
023.821 Send DATA 3 11, ID 10083
023.821 Send DATA 4 11, ID 10084
024.089 Recv DATA 12 13, ID 20076
024.089 Deliver DATA 12, ID 20076
024.089 Slide RECV window, expect 13 next
024.089 Send DATA 5 12, ID 10085
024.344 Recv DATA 13 13, ID 20077
024.344 Deliver DATA 13, ID 20077
024.344 Slide RECV window, expect 14 next
024.471 ---- ACK timeout
024.471 Send ACK  13
024.598 Recv DATA 14 13, ID 20078
024.598 Deliver DATA 14, ID 20078
024.598 Slide RECV window, expect 15 next
024.726 ---- ACK timeout
024.726 Send ACK  14
024.869 Recv DATA 15 13, ID 20079
024.869 Deliver DATA 15, ID 20079
024.869 Slide RECV window, expect 0 next
024.996 ---- ACK timeout
024.996 Send ACK  15
025.138 Recv DATA 0 13, ID 20080
025.138 Deliver DATA 0, ID 20080
025.138 Slide RECV window, expect 1 next
025.265 ---- ACK timeout
025.265 Send ACK  0
025.391 Recv DATA 1 13, ID 20081
025.391 Deliver DATA 1, ID 20081
025.391 Slide RECV window, expect 2 next
025.519 ---- ACK timeout
025.519 Send ACK  1
025.662 Recv DATA 2 13, ID 20082
025.662 Deliver DATA 2, ID 20082
025.662 Slide RECV window, expect 3 next
025.788 ---- ACK timeout
025.788 Send ACK  2
025.914 Recv DATA 3 14, ID 20083
025.915 Deliver DATA 3, ID 20083
025.915 .... 84 packets received, 6875 bps, 85.93%, Err 1 (5.5e-06)
025.915 Slide RECV window, expect 4 next
025.915 Acked DATA 14, slide SEND window
025.915 Send DATA 6 3, ID 10086
025.930 Recv ACK  15
025.930 Acked DATA 15, slide SEND window
025.931 Send DATA 7 3, ID 10087
025.962 Recv ACK  0
025.962 Acked DATA 0, slide SEND window
025.962 Send DATA 8 3, ID 10088
026.089 Recv ACK  1
026.089 Acked DATA 1, slide SEND window
026.089 Send DATA 9 3, ID 10089
026.360 Recv ACK  2
026.360 Acked DATA 2, slide SEND window
026.360 Send DATA 10 3, ID 10090
026.487 Recv ACK  3
026.487 Acked DATA 3, slide SEND window
026.487 Send DATA 11 3, ID 10091
026.519 Recv ACK  4
026.519 Acked DATA 4, slide SEND window
026.519 Send DATA 12 3, ID 10092
026.725 Recv DATA 4 5, ID 20084
026.725 Deliver DATA 4, ID 20084
026.725 Slide RECV window, expect 5 next
026.725 Acked DATA 5, slide SEND window
026.725 Send DATA 13 4, ID 10093
026.996 Recv DATA 5 5, ID 20085
026.996 Deliver DATA 5, ID 20085
026.996 Slide RECV window, expect 6 next
027.044 Impose noise on received data, 2/189464=1.1E-05
027.123 ---- ACK timeout
027.123 Send ACK  5
027.265 Recv DATA 6 5, ID 20086
027.265 Deliver DATA 6, ID 20086
027.265 Slide RECV window, expect 7 next
027.393 ---- ACK timeout
027.393 Send ACK  6
027.552 **** Receiver Error, Bad CRC Checksum
027.552 Request NAK for 7
027.552 Send NAK  7
027.774 Recv DATA 8 5, ID 20088
028.043 Recv DATA 9 5, ID 20089
028.313 Recv DATA 10 5, ID 20090
028.586 Recv DATA 11 6, ID 20091
028.586 Acked DATA 6, slide SEND window
028.586 Send DATA 14 6, ID 10094
028.617 Recv ACK  7
028.617 Acked DATA 7, slide SEND window
028.617 Send DATA 15 6, ID 10095
028.649 Recv ACK  8
028.649 Acked DATA 8, slide SEND window
028.649 Send DATA 0 6, ID 10096
028.680 Recv ACK  9
028.680 Acked DATA 9, slide SEND window
028.680 Send DATA 1 6, ID 10097
028.696 Recv ACK  10
028.696 Acked DATA 10, slide SEND window
028.696 Send DATA 2 6, ID 10098
028.712 Recv ACK  11
028.712 Acked DATA 11, slide SEND window
028.712 Send DATA 3 6, ID 10099
028.728 Recv ACK  12
028.728 Acked DATA 12, slide SEND window
028.728 Send DATA 4 6, ID 10100
028.903 Recv DATA 12 13, ID 20092
028.903 Acked DATA 13, slide SEND window
028.903 Send DATA 5 6, ID 10101
029.409 Recv DATA 13 13, ID 20093
029.663 Recv DATA 14 13, ID 20094
029.932 Recv DATA 7 13, ID 20087
029.932 Deliver DATA 7, ID 20087
029.932 .... 88 packets received, 6206 bps, 77.57%, Err 2 (9.6e-06)
029.932 Deliver DATA 8, ID 20088
029.932 Deliver DATA 9, ID 20089
029.932 Deliver DATA 10, ID 20090
029.932 Deliver DATA 11, ID 20091
029.932 Deliver DATA 12, ID 20092
029.932 Deliver DATA 13, ID 20093
029.932 Deliver DATA 14, ID 20094
029.932 Slide RECV window, expect 15 next
030.059 Recv ACK  14
030.059 Acked DATA 14, slide SEND window
030.059 Send DATA 6 14, ID 10102
030.330 Recv ACK  15
030.330 Acked DATA 15, slide SEND window
030.330 Send DATA 7 14, ID 10103
030.585 Recv ACK  0
030.585 Acked DATA 0, slide SEND window
030.585 Send DATA 8 14, ID 10104
030.855 Recv ACK  1
030.855 Acked DATA 1, slide SEND window
030.855 Send DATA 9 14, ID 10105
031.126 Recv ACK  2
031.126 Acked DATA 2, slide SEND window
031.126 Send DATA 10 14, ID 10106
031.364 Recv ACK  3
031.364 Acked DATA 3, slide SEND window
031.364 Send DATA 11 14, ID 10107
031.523 Recv ACK  4
031.523 Acked DATA 4, slide SEND window
031.524 Send DATA 12 14, ID 10108
031.555 Recv ACK  5
031.555 Acked DATA 5, slide SEND window
031.555 Send DATA 13 14, ID 10109
031.776 Recv DATA 15 6, ID 20095
031.776 Deliver DATA 15, ID 20095
031.776 Slide RECV window, expect 0 next
031.776 Acked DATA 6, slide SEND window
031.777 Send DATA 14 15, ID 10110
032.031 Recv DATA 0 6, ID 20096
032.031 Deliver DATA 0, ID 20096
032.031 .... 97 packets received, 6379 bps, 79.74%, Err 2 (9.3e-06)
032.031 Slide RECV window, expect 1 next
032.157 ---- ACK timeout
032.157 Send ACK  0
032.300 Recv DATA 1 6, ID 20097
032.300 Deliver DATA 1, ID 20097
032.300 Slide RECV window, expect 2 next
032.428 ---- ACK timeout
032.428 Send ACK  1
032.555 Recv DATA 2 6, ID 20098
032.555 Deliver DATA 2, ID 20098
032.555 Slide RECV window, expect 3 next
032.682 ---- ACK timeout
032.682 Send ACK  2
032.825 Recv DATA 3 6, ID 20099
032.825 Deliver DATA 3, ID 20099
032.825 Slide RECV window, expect 4 next
032.952 ---- ACK timeout
032.952 Send ACK  3
033.094 Recv DATA 4 6, ID 20100
033.094 Deliver DATA 4, ID 20100
033.095 Slide RECV window, expect 5 next
033.221 ---- ACK timeout
033.222 Send ACK  4
033.363 Recv DATA 5 6, ID 20101
033.363 Deliver DATA 5, ID 20101
033.364 Slide RECV window, expect 6 next
033.379 Recv NAK  7
033.379 ---- Resend DATA 7 on NAK
033.379 Send DATA 7 5, ID 10103
033.634 Recv DATA 6 6, ID 20102
033.634 Deliver DATA 6, ID 20102
033.634 Slide RECV window, expect 7 next
033.761 ---- ACK timeout
033.761 Send ACK  6
033.888 Recv DATA 7 6, ID 20103
033.888 Deliver DATA 7, ID 20103
033.888 Slide RECV window, expect 8 next
034.015 ---- ACK timeout
034.015 Send ACK  7
034.158 Recv DATA 8 6, ID 20104
034.158 Deliver DATA 8, ID 20104
034.158 .... 105 packets received, 6464 bps, 80.80%, Err 2 (8.6e-06)
034.158 Slide RECV window, expect 9 next
034.285 ---- ACK timeout
034.285 Send ACK  8
034.428 Recv DATA 9 6, ID 20105
034.428 Deliver DATA 9, ID 20105
034.428 Slide RECV window, expect 10 next
034.555 ---- ACK timeout
034.555 Send ACK  9
034.683 Recv DATA 10 6, ID 20106
034.683 Deliver DATA 10, ID 20106
034.683 Slide RECV window, expect 11 next
034.810 ---- ACK timeout
034.810 Send ACK  10
034.952 Recv DATA 11 6, ID 20107
034.954 Deliver DATA 11, ID 20107
034.954 Slide RECV window, expect 12 next
034.984 ---- DATA 8 timeout
034.984 Send DATA 8 11, ID 10104
035.222 Recv DATA 12 6, ID 20108
035.222 Deliver DATA 12, ID 20108
035.222 Slide RECV window, expect 13 next
035.222 ---- DATA 9 timeout
035.222 Send DATA 9 12, ID 10105
035.477 Recv DATA 13 7, ID 20109
035.477 Deliver DATA 13, ID 20109
035.477 Slide RECV window, expect 14 next
035.477 Acked DATA 7, slide SEND window
035.477 Send DATA 15 13, ID 10111
035.477 ---- DATA 10 timeout
035.477 Send DATA 10 13, ID 10106
035.732 Recv DATA 14 7, ID 20110
035.732 Deliver DATA 14, ID 20110
035.732 Slide RECV window, expect 15 next
035.764 ---- DATA 11 timeout
035.764 Send DATA 11 14, ID 10107
036.002 Recv DATA 15 7, ID 20111
036.002 Deliver DATA 15, ID 20111
036.002 Slide RECV window, expect 0 next
036.129 ---- ACK timeout
036.129 Send ACK  15
036.145 ---- DATA 12 timeout
036.145 Send DATA 12 15, ID 10108
036.256 Recv DATA 0 7, ID 20112
036.256 Deliver DATA 0, ID 20112
036.256 .... 113 packets received, 6544 bps, 81.80%, Err 2 (8.0e-06)
036.256 Slide RECV window, expect 1 next
036.383 ---- ACK timeout
036.383 Send ACK  0
036.525 Recv DATA 1 7, ID 20113
036.526 Deliver DATA 1, ID 20113
036.526 Slide RECV window, expect 2 next
036.637 ---- DATA 13 timeout
036.637 Send DATA 13 1, ID 10109
036.796 Recv DATA 2 7, ID 20114
036.796 Deliver DATA 2, ID 20114
036.796 Slide RECV window, expect 3 next
036.924 ---- ACK timeout
036.924 Send ACK  2
036.940 ---- DATA 14 timeout
036.940 Send DATA 14 2, ID 10110
037.066 Recv DATA 3 14, ID 20115
037.066 Deliver DATA 3, ID 20115
037.067 Slide RECV window, expect 4 next
037.067 Acked DATA 8, slide SEND window
037.067 Acked DATA 9, slide SEND window
037.067 Acked DATA 10, slide SEND window
037.067 Acked DATA 11, slide SEND window
037.067 Acked DATA 12, slide SEND window
037.067 Acked DATA 13, slide SEND window
037.067 Acked DATA 14, slide SEND window
037.067 Send DATA 0 3, ID 10112
037.067 Send DATA 1 3, ID 10113
037.067 Send DATA 2 3, ID 10114
037.067 Send DATA 3 3, ID 10115
037.067 Send DATA 4 3, ID 10116
037.067 Send DATA 5 3, ID 10117
037.336 Recv DATA 4 14, ID 20116
037.336 Deliver DATA 4, ID 20116
037.336 Slide RECV window, expect 5 next
037.336 Send DATA 6 4, ID 10118
037.590 Recv DATA 5 15, ID 20117
037.590 Deliver DATA 5, ID 20117
037.590 Slide RECV window, expect 6 next
037.590 Acked DATA 15, slide SEND window
037.590 Send DATA 7 5, ID 10119
037.606 Recv ACK  15
037.861 Recv DATA 6 15, ID 20118
037.861 Deliver DATA 6, ID 20118
037.861 Slide RECV window, expect 7 next
037.988 ---- ACK timeout
037.988 Send ACK  6
038.131 Recv DATA 7 15, ID 20119
038.131 Deliver DATA 7, ID 20119
038.131 Slide RECV window, expect 8 next
038.258 ---- ACK timeout
038.258 Send ACK  7
038.386 Recv DATA 8 15, ID 20120
038.386 Deliver DATA 8, ID 20120
038.386 .... 121 packets received, 6609 bps, 82.61%, Err 2 (7.5e-06)
038.386 Slide RECV window, expect 9 next
038.513 ---- ACK timeout
038.513 Send ACK  8
038.656 Recv DATA 9 15, ID 20121
038.656 Deliver DATA 9, ID 20121
038.656 Slide RECV window, expect 10 next
038.783 ---- ACK timeout
038.783 Send ACK  9
038.926 Recv DATA 10 15, ID 20122
038.926 Deliver DATA 10, ID 20122
038.926 Slide RECV window, expect 11 next
038.958 Recv ACK  15
039.053 ---- ACK timeout
039.053 Send ACK  10
039.180 Recv DATA 11 0, ID 20123
039.180 Deliver DATA 11, ID 20123
039.180 Slide RECV window, expect 12 next
039.180 Acked DATA 0, slide SEND window
039.180 Send DATA 8 11, ID 10120
039.196 Recv ACK  1
039.196 Acked DATA 1, slide SEND window
039.196 Send DATA 9 11, ID 10121
039.212 Recv ACK  2
039.212 Acked DATA 2, slide SEND window
039.212 Send DATA 10 11, ID 10122
039.481 Recv ACK  3
039.481 Acked DATA 3, slide SEND window
039.481 Send DATA 11 11, ID 10123
039.607 Recv ACK  4
039.607 Acked DATA 4, slide SEND window
039.608 Send DATA 12 11, ID 10124
039.640 Recv ACK  5
039.640 Acked DATA 5, slide SEND window
039.640 Send DATA 13 11, ID 10125
039.860 Recv DATA 12 6, ID 20124
039.860 Deliver DATA 12, ID 20124
039.860 Slide RECV window, expect 13 next
039.860 Acked DATA 6, slide SEND window
039.862 Send DATA 14 12, ID 10126
040.130 Recv DATA 13 7, ID 20125
040.131 Deliver DATA 13, ID 20125
040.131 Slide RECV window, expect 14 next
040.131 Acked DATA 7, slide SEND window
040.131 Send DATA 15 13, ID 10127
040.400 Recv DATA 14 7, ID 20126
040.400 Deliver DATA 14, ID 20126
040.400 .... 127 packets received, 6583 bps, 82.29%, Err 2 (7.2e-06)
040.400 Slide RECV window, expect 15 next
040.527 ---- ACK timeout
040.527 Send ACK  14
040.638 Recv DATA 15 7, ID 20127
040.638 Deliver DATA 15, ID 20127
040.638 Slide RECV window, expect 0 next
040.763 ---- ACK timeout
040.763 Send ACK  15
040.906 Recv DATA 0 7, ID 20128
040.906 Deliver DATA 0, ID 20128
040.906 Slide RECV window, expect 1 next
041.033 ---- ACK timeout
041.033 Send ACK  0
041.175 Recv DATA 1 7, ID 20129
041.175 Deliver DATA 1, ID 20129
041.175 Slide RECV window, expect 2 next
041.302 ---- ACK timeout
041.302 Send ACK  1
041.428 Recv DATA 2 7, ID 20130
041.428 Deliver DATA 2, ID 20130
041.428 Slide RECV window, expect 3 next
041.555 ---- ACK timeout
041.555 Send ACK  2
041.714 Recv DATA 3 8, ID 20131
041.715 Deliver DATA 3, ID 20131
041.715 Slide RECV window, expect 4 next
041.715 Acked DATA 8, slide SEND window
041.715 Send DATA 0 3, ID 10128
041.746 Recv ACK  9
041.746 Acked DATA 9, slide SEND window
041.747 Send DATA 1 3, ID 10129
041.762 Recv ACK  10
041.762 Acked DATA 10, slide SEND window
041.763 Send DATA 2 3, ID 10130
041.794 Recv ACK  11
041.794 Acked DATA 11, slide SEND window
041.794 Send DATA 3 3, ID 10131
041.810 Recv ACK  12
041.810 Acked DATA 12, slide SEND window
041.811 Send DATA 4 3, ID 10132
041.826 Recv ACK  13
041.826 Acked DATA 13, slide SEND window
041.826 Send DATA 5 3, ID 10133
042.016 Recv DATA 4 14, ID 20132
042.016 Deliver DATA 4, ID 20132
042.016 Slide RECV window, expect 5 next
042.016 Acked DATA 14, slide SEND window
042.016 Send DATA 6 4, ID 10134
042.285 Recv DATA 5 15, ID 20133
042.285 Deliver DATA 5, ID 20133
042.285 Slide RECV window, expect 6 next
042.285 Acked DATA 15, slide SEND window
042.285 Send DATA 7 5, ID 10135
042.538 Recv DATA 6 15, ID 20134
042.538 Deliver DATA 6, ID 20134
042.538 .... 135 packets received, 6638 bps, 82.98%, Err 2 (6.8e-06)
042.539 Slide RECV window, expect 7 next
042.665 ---- ACK timeout
042.665 Send ACK  6
042.807 Recv DATA 7 15, ID 20135
042.807 Deliver DATA 7, ID 20135
042.807 Slide RECV window, expect 8 next
042.934 ---- ACK timeout
042.934 Send ACK  7
043.077 Recv DATA 8 15, ID 20136
043.077 Deliver DATA 8, ID 20136
043.077 Slide RECV window, expect 9 next
043.219 ---- ACK timeout
043.219 Send ACK  8
043.346 Recv DATA 9 15, ID 20137
043.346 Deliver DATA 9, ID 20137
043.346 Slide RECV window, expect 10 next
043.472 ---- ACK timeout
043.472 Send ACK  9
043.583 Recv DATA 10 15, ID 20138
043.584 Deliver DATA 10, ID 20138
043.584 Slide RECV window, expect 11 next
043.711 ---- ACK timeout
043.711 Send ACK  10
043.854 Recv DATA 11 0, ID 20139
043.854 Deliver DATA 11, ID 20139
043.854 Slide RECV window, expect 12 next
043.854 Acked DATA 0, slide SEND window
043.854 Send DATA 8 11, ID 10136
043.886 Recv ACK  1
043.886 Acked DATA 1, slide SEND window
043.886 Send DATA 9 11, ID 10137
043.981 Recv ACK  2
043.981 Acked DATA 2, slide SEND window
043.981 Send DATA 10 11, ID 10138
044.123 Recv ACK  3
044.124 Acked DATA 3, slide SEND window
044.124 Send DATA 11 11, ID 10139
044.139 Recv ACK  4
044.139 Acked DATA 4, slide SEND window
044.140 Send DATA 12 11, ID 10140
044.155 Recv ACK  5
044.155 Acked DATA 5, slide SEND window
044.155 Send DATA 13 11, ID 10141
044.377 Recv DATA 12 6, ID 20140
044.377 Deliver DATA 12, ID 20140
044.377 Slide RECV window, expect 13 next
044.377 Acked DATA 6, slide SEND window
044.377 Send DATA 14 12, ID 10142
044.646 Recv DATA 13 7, ID 20141
044.646 Deliver DATA 13, ID 20141
044.646 .... 142 packets received, 6646 bps, 83.08%, Err 2 (6.4e-06)
044.646 Slide RECV window, expect 14 next
044.646 Acked DATA 7, slide SEND window
044.646 Send DATA 15 13, ID 10143
044.916 Recv DATA 14 7, ID 20142
044.916 Deliver DATA 14, ID 20142
044.916 Slide RECV window, expect 15 next
045.044 ---- ACK timeout
045.044 Send ACK  14
045.171 Recv DATA 15 7, ID 20143
045.171 Deliver DATA 15, ID 20143
045.171 Slide RECV window, expect 0 next
045.298 ---- ACK timeout
045.298 Send ACK  15
045.426 Recv DATA 0 7, ID 20144
045.426 Deliver DATA 0, ID 20144
045.426 Slide RECV window, expect 1 next
045.553 ---- ACK timeout
045.554 Send ACK  0
045.697 Recv DATA 1 7, ID 20145
045.697 Deliver DATA 1, ID 20145
045.697 Slide RECV window, expect 2 next
045.825 ---- ACK timeout
045.825 Send ACK  1
045.968 Recv DATA 2 7, ID 20146
045.968 Deliver DATA 2, ID 20146
045.968 Slide RECV window, expect 3 next
046.095 ---- ACK timeout
046.095 Send ACK  2
046.237 Recv DATA 3 8, ID 20147
046.237 Deliver DATA 3, ID 20147
046.237 Slide RECV window, expect 4 next
046.237 Acked DATA 8, slide SEND window
046.237 Send DATA 0 3, ID 10144
046.268 Recv ACK  9
046.268 Acked DATA 9, slide SEND window
046.268 Send DATA 1 3, ID 10145
046.300 Recv ACK  10
046.300 Acked DATA 10, slide SEND window
046.300 Send DATA 2 3, ID 10146
046.316 Recv ACK  11
046.316 Acked DATA 11, slide SEND window
046.316 Send DATA 3 3, ID 10147
046.348 Recv ACK  12
046.348 Acked DATA 12, slide SEND window
046.348 Send DATA 4 3, ID 10148
046.364 Recv ACK  13
046.364 Acked DATA 13, slide SEND window
046.364 Send DATA 5 3, ID 10149
046.539 Recv DATA 4 14, ID 20148
046.539 Deliver DATA 4, ID 20148
046.539 Slide RECV window, expect 5 next
046.539 Acked DATA 14, slide SEND window
046.539 Send DATA 6 4, ID 10150
046.792 Recv DATA 5 15, ID 20149
046.792 Deliver DATA 5, ID 20149
046.792 .... 150 packets received, 6693 bps, 83.66%, Err 2 (6.1e-06)
046.792 Slide RECV window, expect 6 next
046.792 Acked DATA 15, slide SEND window
046.792 Send DATA 7 5, ID 10151
047.061 Recv DATA 6 15, ID 20150
047.061 Deliver DATA 6, ID 20150
047.062 Slide RECV window, expect 7 next
047.188 ---- ACK timeout
047.188 Send ACK  6
047.315 Recv DATA 7 15, ID 20151
047.315 Deliver DATA 7, ID 20151
047.315 Slide RECV window, expect 8 next
047.442 ---- ACK timeout
047.442 Send ACK  7
047.585 Recv DATA 8 15, ID 20152
047.585 Deliver DATA 8, ID 20152
047.585 Slide RECV window, expect 9 next
047.713 ---- ACK timeout
047.713 Send ACK  8
047.855 Recv DATA 9 15, ID 20153
047.855 Deliver DATA 9, ID 20153
047.855 Slide RECV window, expect 10 next
047.982 ---- ACK timeout
047.982 Send ACK  9
048.110 Recv DATA 10 15, ID 20154
048.110 Deliver DATA 10, ID 20154
048.110 Slide RECV window, expect 11 next
048.237 ---- ACK timeout
048.237 Send ACK  10
048.380 Recv DATA 11 0, ID 20155
048.380 Deliver DATA 11, ID 20155
048.381 Slide RECV window, expect 12 next
048.381 Acked DATA 0, slide SEND window
048.381 Send DATA 8 11, ID 10152
048.412 Recv ACK  1
048.412 Acked DATA 1, slide SEND window
048.412 Send DATA 9 11, ID 10153
048.507 Recv ACK  2
048.507 Acked DATA 2, slide SEND window
048.507 Send DATA 10 11, ID 10154
048.651 Recv ACK  3
048.651 Acked DATA 3, slide SEND window
048.651 Send DATA 11 11, ID 10155
048.682 Recv ACK  4
048.682 Acked DATA 4, slide SEND window
048.682 Send DATA 12 11, ID 10156
048.714 Recv ACK  5
048.714 Acked DATA 5, slide SEND window
048.714 Send DATA 13 11, ID 10157
048.904 Recv DATA 12 6, ID 20156
048.904 Deliver DATA 12, ID 20156
048.904 .... 157 packets received, 6697 bps, 83.71%, Err 2 (5.8e-06)
048.904 Slide RECV window, expect 13 next
048.904 Acked DATA 6, slide SEND window
048.904 Send DATA 14 12, ID 10158
049.174 Recv DATA 13 7, ID 20157
049.174 Deliver DATA 13, ID 20157
049.174 Slide RECV window, expect 14 next
049.174 Acked DATA 7, slide SEND window
049.175 Send DATA 15 13, ID 10159
049.428 Recv DATA 14 7, ID 20158
049.428 Deliver DATA 14, ID 20158
049.428 Slide RECV window, expect 15 next
049.555 ---- ACK timeout
049.555 Send ACK  14
049.699 Recv DATA 15 7, ID 20159
049.699 Deliver DATA 15, ID 20159
049.699 Slide RECV window, expect 0 next
049.827 ---- ACK timeout
049.827 Send ACK  15
049.970 Recv DATA 0 7, ID 20160
049.970 Deliver DATA 0, ID 20160
049.970 Slide RECV window, expect 1 next
050.096 ---- ACK timeout
050.096 Send ACK  0
050.207 Impose noise on received data, 3/354000=8.5E-06
050.239 Recv DATA 1 7, ID 20161
050.239 Deliver DATA 1, ID 20161
050.239 Slide RECV window, expect 2 next
050.367 ---- ACK timeout
050.367 Send ACK  1
050.477 **** Receiver Error, Bad CRC Checksum
050.477 Request NAK for 2
050.477 Send NAK  2
050.746 Recv DATA 3 8, ID 20163
050.746 Acked DATA 8, slide SEND window
050.746 Send DATA 0 1, ID 10160
050.778 Recv ACK  9
050.778 Acked DATA 9, slide SEND window
050.778 Send DATA 1 1, ID 10161
050.793 Recv ACK  10
050.793 Acked DATA 10, slide SEND window
050.794 Send DATA 2 1, ID 10162
050.809 Recv ACK  11
050.810 Acked DATA 11, slide SEND window
050.810 Send DATA 3 1, ID 10163
050.841 Recv ACK  12
050.841 Acked DATA 12, slide SEND window
050.842 Send DATA 4 1, ID 10164
050.873 Recv ACK  13
050.873 Acked DATA 13, slide SEND window
050.873 Send DATA 5 1, ID 10165
051.048 Recv DATA 4 14, ID 20164
051.048 Acked DATA 14, slide SEND window
051.048 Send DATA 6 1, ID 10166
051.317 Recv DATA 5 15, ID 20165
051.317 Acked DATA 15, slide SEND window
051.317 Send DATA 7 1, ID 10167
051.571 Recv DATA 6 15, ID 20166
051.841 Recv DATA 7 15, ID 20167
052.112 Recv DATA 8 15, ID 20168
052.382 Recv DATA 9 15, ID 20169
052.651 Recv DATA 2 15, ID 20162
052.651 Deliver DATA 2, ID 20162
052.651 .... 163 packets received, 6449 bps, 80.62%, Err 3 (8.1e-06)
052.651 Deliver DATA 3, ID 20163
052.651 Deliver DATA 4, ID 20164
052.652 Deliver DATA 5, ID 20165
052.652 Deliver DATA 6, ID 20166
052.652 Deliver DATA 7, ID 20167
052.652 Deliver DATA 8, ID 20168
052.652 Deliver DATA 9, ID 20169
052.652 Slide RECV window, expect 10 next
052.683 Recv ACK  0
052.683 Acked DATA 0, slide SEND window
052.683 Send DATA 8 9, ID 10168
052.762 Recv ACK  1
052.762 Acked DATA 1, slide SEND window
052.762 Send DATA 9 9, ID 10169
053.016 Recv ACK  2
053.016 Acked DATA 2, slide SEND window
053.017 Send DATA 10 9, ID 10170
053.287 Recv ACK  3
053.287 Acked DATA 3, slide SEND window
053.287 Send DATA 11 9, ID 10171
053.541 Recv ACK  4
053.541 Acked DATA 4, slide SEND window
053.541 Send DATA 12 9, ID 10172
053.683 Recv ACK  5
053.683 Acked DATA 5, slide SEND window
053.683 Send DATA 13 9, ID 10173
053.715 Recv ACK  6
053.715 Acked DATA 6, slide SEND window
053.715 Send DATA 14 9, ID 10174
053.746 Recv ACK  7
053.746 Acked DATA 7, slide SEND window
053.747 Send DATA 15 9, ID 10175
053.936 Recv DATA 10 8, ID 20170
053.936 Deliver DATA 10, ID 20170
053.937 Slide RECV window, expect 11 next
053.937 Acked DATA 8, slide SEND window
053.937 Send DATA 0 10, ID 10176
054.207 Recv DATA 11 8, ID 20171
054.207 Deliver DATA 11, ID 20171
054.207 Slide RECV window, expect 12 next
054.334 ---- ACK timeout
054.334 Send ACK  11
054.461 Recv DATA 12 8, ID 20172
054.461 Deliver DATA 12, ID 20172
054.461 Slide RECV window, expect 13 next
054.588 ---- ACK timeout
054.588 Send ACK  12
054.730 Recv DATA 13 8, ID 20173
054.730 Deliver DATA 13, ID 20173
054.730 .... 174 packets received, 6619 bps, 82.73%, Err 3 (7.9e-06)
054.730 Slide RECV window, expect 14 next
054.857 ---- ACK timeout
054.857 Send ACK  13
055.000 Recv DATA 14 8, ID 20174
055.000 Deliver DATA 14, ID 20174
055.000 Slide RECV window, expect 15 next
055.128 ---- ACK timeout
055.128 Send ACK  14
055.239 Recv DATA 15 8, ID 20175
055.239 Deliver DATA 15, ID 20175
055.239 Slide RECV window, expect 0 next
055.366 ---- ACK timeout
055.366 Send ACK  15
055.526 Recv DATA 0 8, ID 20176
055.526 Deliver DATA 0, ID 20176
055.526 Slide RECV window, expect 1 next
055.542 Recv ACK  9
055.542 Acked DATA 9, slide SEND window
055.542 Send DATA 1 0, ID 10177
055.796 Recv DATA 1 9, ID 20177
055.796 Deliver DATA 1, ID 20177
055.796 Slide RECV window, expect 2 next
055.811 Recv ACK  10
055.811 Acked DATA 10, slide SEND window
055.811 Send DATA 2 1, ID 10178
055.843 Recv ACK  11
055.843 Acked DATA 11, slide SEND window
055.843 Send DATA 3 1, ID 10179
055.859 Recv ACK  12
055.859 Acked DATA 12, slide SEND window
055.859 Send DATA 4 1, ID 10180
055.891 Recv ACK  13
055.891 Acked DATA 13, slide SEND window
055.891 Send DATA 5 1, ID 10181
055.922 Recv ACK  14
055.923 Acked DATA 14, slide SEND window
055.925 Send DATA 6 1, ID 10182
055.954 Recv ACK  15
055.954 Acked DATA 15, slide SEND window
055.955 Send DATA 7 1, ID 10183
056.098 Recv DATA 2 0, ID 20178
056.098 Deliver DATA 2, ID 20178
056.098 Slide RECV window, expect 3 next
056.098 Acked DATA 0, slide SEND window
056.098 Send DATA 8 2, ID 10184
056.367 Recv DATA 3 0, ID 20179
056.367 Deliver DATA 3, ID 20179
056.367 Slide RECV window, expect 4 next
056.495 ---- ACK timeout
056.495 Send ACK  3
056.607 Recv DATA 4 0, ID 20180
056.607 Deliver DATA 4, ID 20180
056.607 Slide RECV window, expect 5 next
056.734 ---- ACK timeout
056.734 Send ACK  4
056.893 Recv DATA 5 0, ID 20181
056.893 Deliver DATA 5, ID 20181
056.893 .... 182 packets received, 6656 bps, 83.20%, Err 3 (7.5e-06)
056.893 Slide RECV window, expect 6 next
057.020 ---- ACK timeout
057.020 Send ACK  5
057.147 Recv DATA 6 0, ID 20182
057.147 Deliver DATA 6, ID 20182
057.147 Slide RECV window, expect 7 next
057.273 ---- ACK timeout
057.273 Send ACK  6
057.401 Recv DATA 7 0, ID 20183
057.401 Deliver DATA 7, ID 20183
057.401 Slide RECV window, expect 8 next
057.528 ---- ACK timeout
057.528 Send ACK  7
057.671 Recv DATA 8 1, ID 20184
057.671 Deliver DATA 8, ID 20184
057.671 Slide RECV window, expect 9 next
057.671 Acked DATA 1, slide SEND window
057.671 Send DATA 9 8, ID 10185
057.941 Recv DATA 9 2, ID 20185
057.941 Deliver DATA 9, ID 20185
057.941 Slide RECV window, expect 10 next
057.941 Acked DATA 2, slide SEND window
057.941 Send DATA 10 9, ID 10186
057.973 Recv ACK  3
057.973 Acked DATA 3, slide SEND window
057.973 Send DATA 11 9, ID 10187
058.068 Recv ACK  4
058.068 Acked DATA 4, slide SEND window
058.068 Send DATA 12 9, ID 10188
058.211 Recv ACK  5
058.211 Acked DATA 5, slide SEND window
058.211 Send DATA 13 9, ID 10189
058.244 Recv ACK  6
058.244 Acked DATA 6, slide SEND window
058.244 Send DATA 14 9, ID 10190
058.276 Recv ACK  7
058.276 Acked DATA 7, slide SEND window
058.276 Send DATA 15 9, ID 10191
058.465 Recv DATA 10 8, ID 20186
058.465 Deliver DATA 10, ID 20186
058.465 Slide RECV window, expect 11 next
058.465 Acked DATA 8, slide SEND window
058.466 Send DATA 0 10, ID 10192
058.735 Recv DATA 11 8, ID 20187
058.735 Deliver DATA 11, ID 20187
058.735 Slide RECV window, expect 12 next
058.862 ---- ACK timeout
058.862 Send ACK  11
058.973 Recv DATA 12 8, ID 20188
058.973 Deliver DATA 12, ID 20188
058.973 .... 189 packets received, 6664 bps, 83.30%, Err 3 (7.2e-06)
058.973 Slide RECV window, expect 13 next
059.100 ---- ACK timeout
059.100 Send ACK  12
059.243 Recv DATA 13 8, ID 20189
059.243 Deliver DATA 13, ID 20189
059.243 Slide RECV window, expect 14 next
059.369 ---- ACK timeout
059.369 Send ACK  13
059.543 Recv DATA 14 8, ID 20190
059.543 Deliver DATA 14, ID 20190
059.543 Slide RECV window, expect 15 next
059.670 ---- ACK timeout
059.670 Send ACK  14
059.766 Recv DATA 15 8, ID 20191
059.766 Deliver DATA 15, ID 20191
059.766 Slide RECV window, expect 0 next
059.892 ---- ACK timeout
059.892 Send ACK  15
060.052 Recv DATA 0 9, ID 20192
060.052 Deliver DATA 0, ID 20192
060.052 Slide RECV window, expect 1 next
060.052 Acked DATA 9, slide SEND window
060.052 Send DATA 1 0, ID 10193
060.322 Recv DATA 1 10, ID 20193
060.322 Deliver DATA 1, ID 20193
060.322 Slide RECV window, expect 2 next
060.322 Acked DATA 10, slide SEND window
060.322 Send DATA 2 1, ID 10194
060.353 Recv ACK  11
060.353 Acked DATA 11, slide SEND window
060.354 Send DATA 3 1, ID 10195
060.369 Recv ACK  12
060.369 Acked DATA 12, slide SEND window
060.369 Send DATA 4 1, ID 10196
060.401 Recv ACK  13
060.401 Acked DATA 13, slide SEND window
060.401 Send DATA 5 1, ID 10197
060.449 Recv ACK  14
060.449 Acked DATA 14, slide SEND window
060.449 Send DATA 6 1, ID 10198
060.464 Recv ACK  15
060.464 Acked DATA 15, slide SEND window
060.464 Send DATA 7 1, ID 10199
060.624 Recv DATA 2 0, ID 20194
060.624 Deliver DATA 2, ID 20194
060.624 Slide RECV window, expect 3 next
060.624 Acked DATA 0, slide SEND window
060.624 Send DATA 8 2, ID 10200
060.894 Recv DATA 3 0, ID 20195
060.894 Deliver DATA 3, ID 20195
060.894 Slide RECV window, expect 4 next
061.022 ---- ACK timeout
061.031 Send ACK  3
061.133 Recv DATA 4 0, ID 20196
061.133 Deliver DATA 4, ID 20196
061.133 .... 197 packets received, 6697 bps, 83.71%, Err 3 (7.0e-06)
061.133 Slide RECV window, expect 5 next
061.260 ---- ACK timeout
061.260 Send ACK  4
061.418 Recv DATA 5 0, ID 20197
061.418 Deliver DATA 5, ID 20197
061.418 Slide RECV window, expect 6 next
061.545 ---- ACK timeout
061.545 Send ACK  5
061.687 Recv DATA 6 0, ID 20198
061.687 Deliver DATA 6, ID 20198
061.687 Slide RECV window, expect 7 next
061.814 ---- ACK timeout
061.814 Send ACK  6
061.940 Recv DATA 7 0, ID 20199
061.940 Deliver DATA 7, ID 20199
061.940 Slide RECV window, expect 8 next
062.067 ---- ACK timeout
062.067 Send ACK  7
062.209 Recv DATA 8 1, ID 20200
062.209 Deliver DATA 8, ID 20200
062.209 Slide RECV window, expect 9 next
062.209 Acked DATA 1, slide SEND window
062.209 Send DATA 9 8, ID 10201
062.480 Recv DATA 9 2, ID 20201
062.480 Deliver DATA 9, ID 20201
062.480 Slide RECV window, expect 10 next
062.480 Acked DATA 2, slide SEND window
062.480 Send DATA 10 9, ID 10202
062.574 Recv ACK  3
062.574 Acked DATA 3, slide SEND window
062.574 Send DATA 11 9, ID 10203
062.733 Recv ACK  4
062.733 Acked DATA 4, slide SEND window
062.733 Send DATA 12 9, ID 10204
062.749 Recv ACK  5
062.749 Acked DATA 5, slide SEND window
062.749 Send DATA 13 9, ID 10205
062.797 Recv ACK  6
062.797 Acked DATA 6, slide SEND window
062.797 Send DATA 14 9, ID 10206
062.828 Recv ACK  7
062.828 Acked DATA 7, slide SEND window
062.829 Send DATA 15 9, ID 10207
062.987 Recv DATA 10 8, ID 20202
062.987 Deliver DATA 10, ID 20202
062.987 Slide RECV window, expect 11 next
062.987 Acked DATA 8, slide SEND window
062.987 Send DATA 0 10, ID 10208
063.241 Recv DATA 11 8, ID 20203
063.241 Deliver DATA 11, ID 20203
063.241 .... 204 packets received, 6701 bps, 83.76%, Err 3 (6.7e-06)
063.241 Slide RECV window, expect 12 next
063.369 ---- ACK timeout
063.369 Send ACK  11
063.503 Recv DATA 12 8, ID 20204
063.503 Deliver DATA 12, ID 20204
063.503 Slide RECV window, expect 13 next
063.634 ---- ACK timeout
063.634 Send ACK  12
063.761 Recv DATA 13 8, ID 20205
063.761 Deliver DATA 13, ID 20205
063.761 Slide RECV window, expect 14 next
063.761 Impose noise on received data, 4/450984=8.9E-06
063.887 ---- ACK timeout
063.887 Send ACK  13
064.031 **** Receiver Error, Bad CRC Checksum
064.031 Request NAK for 14
064.031 Send NAK  14
064.302 Recv DATA 15 8, ID 20207
064.572 Recv DATA 0 9, ID 20208
064.572 Acked DATA 9, slide SEND window
064.572 Send DATA 1 13, ID 10209
064.841 Recv DATA 1 10, ID 20209
064.841 Acked DATA 10, slide SEND window
064.841 Send DATA 2 13, ID 10210
064.873 Recv ACK  11
064.873 Acked DATA 11, slide SEND window
064.873 Send DATA 3 13, ID 10211
064.888 Recv ACK  12
064.888 Acked DATA 12, slide SEND window
064.889 Send DATA 4 13, ID 10212
064.920 Recv ACK  13
064.921 Acked DATA 13, slide SEND window
064.921 Send DATA 5 13, ID 10213
064.952 Recv ACK  14
064.952 Acked DATA 14, slide SEND window
064.952 Send DATA 6 13, ID 10214
064.999 Recv ACK  15
064.999 Acked DATA 15, slide SEND window
064.999 Send DATA 7 13, ID 10215
065.142 Recv DATA 2 0, ID 20210
065.142 Acked DATA 0, slide SEND window
065.142 Send DATA 8 13, ID 10216
065.396 Recv DATA 3 0, ID 20211
065.665 Recv DATA 4 0, ID 20212
065.934 Recv DATA 5 0, ID 20213
066.205 Recv DATA 14 0, ID 20206
066.205 Deliver DATA 14, ID 20206
066.205 .... 207 packets received, 6491 bps, 81.13%, Err 4 (8.5e-06)
066.205 Deliver DATA 15, ID 20207
066.205 Deliver DATA 0, ID 20208
066.205 Deliver DATA 1, ID 20209
066.205 Deliver DATA 2, ID 20210
066.205 Deliver DATA 3, ID 20211
066.205 Deliver DATA 4, ID 20212
066.205 Deliver DATA 5, ID 20213
066.205 Slide RECV window, expect 6 next
066.300 Recv ACK  1
066.300 Acked DATA 1, slide SEND window
066.300 Send DATA 9 5, ID 10217
066.569 Recv ACK  2
066.569 Acked DATA 2, slide SEND window
066.570 Send DATA 10 5, ID 10218
066.840 Recv ACK  3
066.841 Acked DATA 3, slide SEND window
066.841 Send DATA 11 5, ID 10219
067.110 Recv ACK  4
067.110 Acked DATA 4, slide SEND window
067.111 Send DATA 12 5, ID 10220
067.142 Recv ACK  5
067.142 Acked DATA 5, slide SEND window
067.142 Send DATA 13 5, ID 10221
067.381 Recv ACK  6
067.381 Acked DATA 6, slide SEND window
067.382 Send DATA 14 5, ID 10222
067.524 Recv ACK  7
067.524 Acked DATA 7, slide SEND window
067.524 Send DATA 15 5, ID 10223
067.556 Recv ACK  8
067.556 Acked DATA 8, slide SEND window
067.556 Send DATA 0 5, ID 10224
067.761 Recv DATA 6 9, ID 20214
067.761 Deliver DATA 6, ID 20214
067.761 Slide RECV window, expect 7 next
067.761 Acked DATA 9, slide SEND window
067.761 Send DATA 1 6, ID 10225
068.031 Recv DATA 7 9, ID 20215
068.031 Deliver DATA 7, ID 20215
068.031 Slide RECV window, expect 8 next
068.158 ---- ACK timeout
068.158 Send ACK  7
068.285 Recv DATA 8 9, ID 20216
068.285 Deliver DATA 8, ID 20216
068.285 .... 217 packets received, 6594 bps, 82.43%, Err 4 (8.4e-06)
068.285 Slide RECV window, expect 9 next
068.412 ---- ACK timeout
068.412 Send ACK  8
068.556 Recv DATA 9 9, ID 20217
068.556 Deliver DATA 9, ID 20217
068.556 Slide RECV window, expect 10 next
068.682 ---- ACK timeout
068.682 Send ACK  9
068.825 Recv DATA 10 9, ID 20218
068.825 Deliver DATA 10, ID 20218
068.825 Slide RECV window, expect 11 next
068.952 ---- ACK timeout
068.952 Send ACK  10
069.079 Recv DATA 11 9, ID 20219
069.079 Deliver DATA 11, ID 20219
069.079 Slide RECV window, expect 12 next
069.206 ---- ACK timeout
069.207 Send ACK  11
069.348 Recv DATA 12 9, ID 20220
069.348 Deliver DATA 12, ID 20220
069.348 Slide RECV window, expect 13 next
069.380 Recv ACK  10
069.380 Acked DATA 10, slide SEND window
069.380 Send DATA 2 12, ID 10226
069.618 Recv DATA 13 10, ID 20221
069.618 Deliver DATA 13, ID 20221
069.618 Slide RECV window, expect 14 next
069.650 Recv ACK  11
069.650 Acked DATA 11, slide SEND window
069.650 Recv ACK  12
069.650 Acked DATA 12, slide SEND window
069.650 Send DATA 3 13, ID 10227
069.652 Send DATA 4 13, ID 10228
069.682 Recv ACK  13
069.682 Acked DATA 13, slide SEND window
069.682 Send DATA 5 13, ID 10229
069.714 Recv ACK  14
069.714 Acked DATA 14, slide SEND window
069.714 Send DATA 6 13, ID 10230
069.746 Recv NAK  15
069.746 ---- Resend DATA 15 on NAK
069.746 Send DATA 15 13, ID 10223
069.920 Recv DATA 14 14, ID 20222
069.920 Deliver DATA 14, ID 20222
069.920 Slide RECV window, expect 15 next
070.046 ---- ACK timeout
070.046 Send ACK  14
070.174 Recv DATA 15 14, ID 20223
070.174 Deliver DATA 15, ID 20223
070.174 Slide RECV window, expect 0 next
070.302 ---- ACK timeout
070.302 Send ACK  15
070.444 Recv DATA 0 14, ID 20224
070.444 Deliver DATA 0, ID 20224
070.444 .... 225 packets received, 6625 bps, 82.81%, Err 4 (8.1e-06)
070.444 Slide RECV window, expect 1 next
070.571 ---- ACK timeout
070.571 Send ACK  0
070.730 Recv DATA 1 14, ID 20225
070.730 Deliver DATA 1, ID 20225
070.730 Slide RECV window, expect 2 next
070.857 ---- ACK timeout
070.857 Send ACK  1
070.968 Recv DATA 2 14, ID 20226
070.968 Deliver DATA 2, ID 20226
070.968 Slide RECV window, expect 3 next
071.095 ---- ACK timeout
071.095 Send ACK  2
071.239 Recv DATA 3 14, ID 20227
071.239 Deliver DATA 3, ID 20227
071.239 Slide RECV window, expect 4 next
071.365 ---- ACK timeout
071.365 Send ACK  3
071.508 Recv DATA 4 14, ID 20228
071.508 Deliver DATA 4, ID 20228
071.508 Slide RECV window, expect 5 next
071.635 ---- ACK timeout
071.635 Send ACK  4
071.779 Recv DATA 5 14, ID 20229
071.779 Deliver DATA 5, ID 20229
071.779 Slide RECV window, expect 6 next
071.906 ---- ACK timeout
071.906 Send ACK  5
072.049 Recv DATA 6 6, ID 20230
072.049 Deliver DATA 6, ID 20230
072.049 Slide RECV window, expect 7 next
072.049 Acked DATA 15, slide SEND window
072.049 Acked DATA 0, slide SEND window
072.049 Acked DATA 1, slide SEND window
072.049 Acked DATA 2, slide SEND window
072.049 Acked DATA 3, slide SEND window
072.049 Acked DATA 4, slide SEND window
072.049 Acked DATA 5, slide SEND window
072.049 Acked DATA 6, slide SEND window
072.049 Send DATA 7 6, ID 10231
072.051 Send DATA 8 6, ID 10232
072.051 Send DATA 9 6, ID 10233
072.052 Send DATA 10 6, ID 10234
072.052 Send DATA 11 6, ID 10235
072.052 Send DATA 12 6, ID 10236
072.052 Send DATA 13 6, ID 10237
072.304 Recv DATA 7 6, ID 20231
072.304 Deliver DATA 7, ID 20231
072.304 Slide RECV window, expect 8 next
072.431 ---- ACK timeout
072.431 Send ACK  7
072.431 Send DATA 14 7, ID 10238
072.574 Recv DATA 8 6, ID 20232
072.574 Deliver DATA 8, ID 20232
072.574 .... 233 packets received, 6657 bps, 83.21%, Err 4 (7.8e-06)
072.574 Slide RECV window, expect 9 next
072.701 ---- ACK timeout
072.701 Send ACK  8
072.827 Recv DATA 9 6, ID 20233
072.827 Deliver DATA 9, ID 20233
072.827 Slide RECV window, expect 10 next
072.954 ---- ACK timeout
072.954 Send ACK  9
073.080 Recv DATA 10 6, ID 20234
073.080 Deliver DATA 10, ID 20234
073.080 Slide RECV window, expect 11 next
073.207 ---- ACK timeout
073.207 Send ACK  10
073.350 Recv DATA 11 6, ID 20235
073.350 Deliver DATA 11, ID 20235
073.350 Slide RECV window, expect 12 next
073.477 ---- ACK timeout
073.477 Send ACK  11
073.619 Recv DATA 12 6, ID 20236
073.619 Deliver DATA 12, ID 20236
073.619 Slide RECV window, expect 13 next
073.746 ---- ACK timeout
073.746 Send ACK  12
073.873 Recv DATA 13 6, ID 20237
073.873 Deliver DATA 13, ID 20237
073.873 Slide RECV window, expect 14 next
074.000 ---- ACK timeout
074.001 Send ACK  13
074.144 Recv DATA 14 7, ID 20238
074.144 Deliver DATA 14, ID 20238
074.144 Slide RECV window, expect 15 next
074.144 Acked DATA 7, slide SEND window
074.144 Send DATA 15 14, ID 10239
074.175 Recv ACK  8
074.175 Acked DATA 8, slide SEND window
074.176 Send DATA 0 14, ID 10240
074.319 Recv ACK  9
074.319 Acked DATA 9, slide SEND window
074.319 Send DATA 1 14, ID 10241
074.478 Recv ACK  10
074.478 Acked DATA 10, slide SEND window
074.478 Send DATA 2 14, ID 10242
074.510 Recv ACK  11
074.510 Acked DATA 11, slide SEND window
074.510 Send DATA 3 14, ID 10243
074.541 Recv ACK  12
074.541 Acked DATA 12, slide SEND window
074.541 Send DATA 4 14, ID 10244
074.716 Recv DATA 15 13, ID 20239
074.716 Deliver DATA 15, ID 20239
074.716 .... 240 packets received, 6658 bps, 83.22%, Err 4 (7.6e-06)
074.716 Slide RECV window, expect 0 next
074.716 Acked DATA 13, slide SEND window
074.716 Send DATA 5 15, ID 10245
074.986 Recv DATA 0 14, ID 20240
074.986 Deliver DATA 0, ID 20240
074.986 Slide RECV window, expect 1 next
074.986 Acked DATA 14, slide SEND window
074.986 Send DATA 6 0, ID 10246
075.256 Recv DATA 1 14, ID 20241
075.256 Deliver DATA 1, ID 20241
075.256 Slide RECV window, expect 2 next
075.384 ---- ACK timeout
075.384 Send ACK  1
075.511 Recv DATA 2 14, ID 20242
075.511 Deliver DATA 2, ID 20242
075.511 Slide RECV window, expect 3 next
075.638 ---- ACK timeout
075.638 Send ACK  2
075.781 Recv DATA 3 14, ID 20243
075.781 Deliver DATA 3, ID 20243
075.782 Slide RECV window, expect 4 next
075.909 ---- ACK timeout
075.909 Send ACK  3
076.051 Recv DATA 4 14, ID 20244
076.051 Deliver DATA 4, ID 20244
076.051 Slide RECV window, expect 5 next
076.179 ---- ACK timeout
076.179 Send ACK  4
076.306 Recv DATA 5 14, ID 20245
076.306 Deliver DATA 5, ID 20245
076.306 Slide RECV window, expect 6 next
076.433 ---- ACK timeout
076.433 Send ACK  5
076.576 Recv DATA 6 15, ID 20246
076.576 Deliver DATA 6, ID 20246
076.576 Slide RECV window, expect 7 next
076.576 Acked DATA 15, slide SEND window
076.576 Send DATA 7 6, ID 10247
076.608 Recv ACK  0
076.608 Acked DATA 0, slide SEND window
076.608 Send DATA 8 6, ID 10248
076.624 Recv ACK  1
076.624 Acked DATA 1, slide SEND window
076.624 Send DATA 9 6, ID 10249
076.640 Recv ACK  2
076.640 Acked DATA 2, slide SEND window
076.640 Send DATA 10 6, ID 10250
076.656 Recv ACK  3
076.656 Acked DATA 3, slide SEND window
076.656 Send DATA 11 6, ID 10251
076.672 Recv ACK  4
076.672 Acked DATA 4, slide SEND window
076.672 Send DATA 12 6, ID 10252
076.879 Recv DATA 7 5, ID 20247
076.879 Deliver DATA 7, ID 20247
076.879 .... 248 packets received, 6684 bps, 83.55%, Err 4 (7.4e-06)
076.880 Slide RECV window, expect 8 next
076.880 Acked DATA 5, slide SEND window
076.880 Send DATA 13 7, ID 10253
077.133 Recv DATA 8 6, ID 20248
077.133 Deliver DATA 8, ID 20248
077.133 Slide RECV window, expect 9 next
077.133 Acked DATA 6, slide SEND window
077.134 Send DATA 14 8, ID 10254
077.402 Recv DATA 9 6, ID 20249
077.402 Deliver DATA 9, ID 20249
077.402 Slide RECV window, expect 10 next
077.529 ---- ACK timeout
077.529 Send ACK  9
077.671 Recv DATA 10 6, ID 20250
077.671 Deliver DATA 10, ID 20250
077.671 Slide RECV window, expect 11 next
077.798 ---- ACK timeout
077.798 Send ACK  10
077.925 Recv DATA 11 6, ID 20251
077.925 Deliver DATA 11, ID 20251
077.925 Slide RECV window, expect 12 next
078.052 ---- ACK timeout
078.052 Send ACK  11
078.194 Recv DATA 12 6, ID 20252
078.194 Deliver DATA 12, ID 20252
078.194 Slide RECV window, expect 13 next
078.321 ---- ACK timeout
078.321 Send ACK  12
078.448 Recv DATA 13 6, ID 20253
078.448 Deliver DATA 13, ID 20253
078.448 Slide RECV window, expect 14 next
078.575 ---- ACK timeout
078.575 Send ACK  13
078.719 Recv DATA 14 7, ID 20254
078.719 Deliver DATA 14, ID 20254
078.719 Slide RECV window, expect 15 next
078.719 Acked DATA 7, slide SEND window
078.719 Send DATA 15 14, ID 10255
078.972 Recv NAK  8
078.972 ---- Resend DATA 8 on NAK
078.972 Send DATA 8 14, ID 10248
079.227 Recv DATA 15 7, ID 20255
079.227 Deliver DATA 15, ID 20255
079.227 .... 256 packets received, 6693 bps, 83.66%, Err 4 (7.1e-06)
079.227 Slide RECV window, expect 0 next
079.354 ---- ACK timeout
079.354 Send ACK  15
079.481 Recv DATA 0 7, ID 20256
079.481 Deliver DATA 0, ID 20256
079.481 Slide RECV window, expect 1 next
079.608 ---- ACK timeout
079.608 Send ACK  0
079.751 Recv DATA 1 7, ID 20257
079.751 Deliver DATA 1, ID 20257
079.751 Slide RECV window, expect 2 next
079.877 ---- ACK timeout
079.877 Send ACK  1
080.021 Recv DATA 2 7, ID 20258
080.021 Deliver DATA 2, ID 20258
080.021 Slide RECV window, expect 3 next
080.147 ---- ACK timeout
080.147 Send ACK  2
080.291 Recv DATA 3 7, ID 20259
080.291 Deliver DATA 3, ID 20259
080.291 Slide RECV window, expect 4 next
080.418 ---- ACK timeout
080.418 Send ACK  3
080.560 Recv DATA 4 7, ID 20260
080.560 Deliver DATA 4, ID 20260
080.560 Slide RECV window, expect 5 next
080.687 ---- DATA 9 timeout
080.688 Send DATA 9 4, ID 10249
080.815 Recv DATA 5 7, ID 20261
080.815 Deliver DATA 5, ID 20261
080.815 Slide RECV window, expect 6 next
080.941 ---- ACK timeout
080.941 Send ACK  5
081.084 Recv DATA 6 7, ID 20262
081.084 Deliver DATA 6, ID 20262
081.084 Slide RECV window, expect 7 next
081.194 ---- DATA 10 timeout
081.194 Send DATA 10 6, ID 10250
081.353 Recv DATA 7 11, ID 20263
081.353 Deliver DATA 7, ID 20263
081.353 .... 264 packets received, 6720 bps, 83.99%, Err 4 (6.9e-06)
081.353 Slide RECV window, expect 8 next
081.353 Acked DATA 8, slide SEND window
081.353 Acked DATA 9, slide SEND window
081.353 Acked DATA 10, slide SEND window
081.353 Acked DATA 11, slide SEND window
081.353 Send DATA 0 7, ID 10256
081.353 Send DATA 1 7, ID 10257
081.353 Send DATA 2 7, ID 10258
081.354 Send DATA 3 7, ID 10259
081.608 Recv DATA 8 11, ID 20264
081.608 Deliver DATA 8, ID 20264
081.608 Slide RECV window, expect 9 next
081.735 ---- ACK timeout
081.735 Send ACK  8
081.830 ---- DATA 15 timeout
081.830 Send DATA 15 8, ID 10255
081.877 Recv DATA 9 11, ID 20265
081.877 Deliver DATA 9, ID 20265
081.877 Slide RECV window, expect 10 next
082.005 ---- ACK timeout
082.005 Send ACK  9
082.131 Recv DATA 10 11, ID 20266
082.131 Deliver DATA 10, ID 20266
082.131 Slide RECV window, expect 11 next
082.227 ---- DATA 12 timeout
082.227 Send DATA 12 10, ID 10252
082.402 Recv DATA 11 11, ID 20267
082.402 Deliver DATA 11, ID 20267
082.402 Slide RECV window, expect 12 next
082.529 ---- ACK timeout
082.529 Send ACK  11
082.545 ---- DATA 13 timeout
082.545 Send DATA 13 11, ID 10253
082.656 Recv DATA 12 11, ID 20268
082.656 Deliver DATA 12, ID 20268
082.656 Slide RECV window, expect 13 next
082.784 ---- ACK timeout
082.784 Send ACK  12
082.815 ---- DATA 14 timeout
082.815 Send DATA 14 12, ID 10254
082.910 Recv DATA 13 11, ID 20269
082.910 Deliver DATA 13, ID 20269
082.910 Slide RECV window, expect 14 next
083.037 ---- ACK timeout
083.037 Send ACK  13
083.180 Recv DATA 14 11, ID 20270
083.180 Deliver DATA 14, ID 20270
083.180 Slide RECV window, expect 15 next
083.212 Recv NAK  12
083.221 ---- Resend DATA 12 on NAK
083.221 Send DATA 12 14, ID 10252
083.465 Recv DATA 15 11, ID 20271
083.466 Deliver DATA 15, ID 20271
083.466 .... 272 packets received, 6746 bps, 84.33%, Err 4 (6.7e-06)
083.466 Slide RECV window, expect 0 next
083.593 ---- ACK timeout
083.593 Send ACK  15
083.721 Recv DATA 0 11, ID 20272
083.721 Deliver DATA 0, ID 20272
083.721 Slide RECV window, expect 1 next
083.847 ---- ACK timeout
083.847 Send ACK  0
083.974 Recv DATA 1 11, ID 20273
083.974 Deliver DATA 1, ID 20273
083.974 Slide RECV window, expect 2 next
084.102 ---- ACK timeout
084.102 Send ACK  1
084.245 Recv DATA 2 3, ID 20274
084.245 Deliver DATA 2, ID 20274
084.245 Slide RECV window, expect 3 next
084.245 Acked DATA 12, slide SEND window
084.245 Acked DATA 13, slide SEND window
084.245 Acked DATA 14, slide SEND window
084.245 Acked DATA 15, slide SEND window
084.245 Acked DATA 0, slide SEND window
084.245 Acked DATA 1, slide SEND window
084.245 Acked DATA 2, slide SEND window
084.245 Acked DATA 3, slide SEND window
084.245 Send DATA 4 2, ID 10260
084.246 Send DATA 5 2, ID 10261
084.246 Send DATA 6 2, ID 10262
084.246 Send DATA 7 2, ID 10263
084.246 Send DATA 8 2, ID 10264
084.247 Send DATA 9 2, ID 10265
084.247 Send DATA 10 2, ID 10266
084.514 Recv DATA 3 3, ID 20275
084.514 Deliver DATA 3, ID 20275
084.514 Slide RECV window, expect 4 next
084.514 Send DATA 11 3, ID 10267
084.767 Recv DATA 4 3, ID 20276
084.767 Deliver DATA 4, ID 20276
084.767 Slide RECV window, expect 5 next
084.894 ---- ACK timeout
084.894 Send ACK  4
085.037 Recv DATA 5 3, ID 20277
085.037 Deliver DATA 5, ID 20277
085.037 Slide RECV window, expect 6 next
085.164 ---- ACK timeout
085.164 Send ACK  5
085.291 Recv DATA 6 3, ID 20278
085.291 Deliver DATA 6, ID 20278
085.291 Slide RECV window, expect 7 next
085.418 ---- ACK timeout
085.418 Send ACK  6
085.561 Recv DATA 7 3, ID 20279
085.561 Deliver DATA 7, ID 20279
085.561 .... 280 packets received, 6773 bps, 84.66%, Err 4 (6.5e-06)
085.561 Slide RECV window, expect 8 next
085.688 ---- ACK timeout
085.688 Send ACK  7
085.831 Recv DATA 8 3, ID 20280
085.831 Deliver DATA 8, ID 20280
085.831 Slide RECV window, expect 9 next
085.958 ---- ACK timeout
085.958 Send ACK  8
086.086 Recv DATA 9 3, ID 20281
086.086 Deliver DATA 9, ID 20281
086.086 Slide RECV window, expect 10 next
086.212 ---- ACK timeout
086.212 Send ACK  9
086.370 Recv DATA 10 4, ID 20282
086.371 Deliver DATA 10, ID 20282
086.371 Slide RECV window, expect 11 next
086.371 Acked DATA 4, slide SEND window
086.371 Send DATA 12 10, ID 10268
086.386 Recv ACK  5
086.386 Acked DATA 5, slide SEND window
086.387 Send DATA 13 10, ID 10269
086.497 Recv ACK  6
086.497 Acked DATA 6, slide SEND window
086.498 Send DATA 14 10, ID 10270
086.767 Recv ACK  7
086.767 Acked DATA 7, slide SEND window
086.768 Send DATA 15 10, ID 10271
086.911 Recv ACK  8
086.911 Acked DATA 8, slide SEND window
086.911 Send DATA 0 10, ID 10272
086.943 Recv ACK  9
086.943 Acked DATA 9, slide SEND window
086.943 Send DATA 1 10, ID 10273
086.959 Recv ACK  10
086.959 Acked DATA 10, slide SEND window
086.959 Send DATA 2 10, ID 10274
087.150 Recv DATA 11 11, ID 20283
087.150 Deliver DATA 11, ID 20283
087.150 Slide RECV window, expect 12 next
087.150 Acked DATA 11, slide SEND window
087.151 Send DATA 3 11, ID 10275
087.420 Recv DATA 12 11, ID 20284
087.420 Deliver DATA 12, ID 20284
087.420 Slide RECV window, expect 13 next
087.547 ---- ACK timeout
087.547 Send ACK  12
087.674 Recv DATA 13 11, ID 20285
087.674 Deliver DATA 13, ID 20285
087.674 .... 286 packets received, 6749 bps, 84.37%, Err 4 (6.4e-06)
087.674 Slide RECV window, expect 14 next
087.800 ---- ACK timeout
087.800 Send ACK  13
087.944 Recv DATA 14 11, ID 20286
087.944 Deliver DATA 14, ID 20286
087.944 Slide RECV window, expect 15 next
088.086 ---- ACK timeout
088.086 Send ACK  14
088.213 Recv DATA 15 11, ID 20287
088.213 Deliver DATA 15, ID 20287
088.213 Slide RECV window, expect 0 next
088.355 ---- ACK timeout
088.355 Send ACK  15
088.465 Recv DATA 0 11, ID 20288
088.465 Deliver DATA 0, ID 20288
088.465 Slide RECV window, expect 1 next
088.591 ---- ACK timeout
088.591 Send ACK  0
088.735 Recv DATA 1 11, ID 20289
088.735 Deliver DATA 1, ID 20289
088.735 Slide RECV window, expect 2 next
088.862 ---- ACK timeout
088.862 Send ACK  1
089.022 Recv DATA 2 12, ID 20290
089.022 Deliver DATA 2, ID 20290
089.022 Slide RECV window, expect 3 next
089.022 Acked DATA 12, slide SEND window
089.022 Send DATA 4 2, ID 10276
089.053 Recv ACK  13
089.053 Acked DATA 13, slide SEND window
089.053 Recv ACK  14
089.053 Acked DATA 14, slide SEND window
089.054 Send DATA 5 2, ID 10277
089.054 Send DATA 6 2, ID 10278
089.070 Recv ACK  15
089.070 Acked DATA 15, slide SEND window
089.070 Send DATA 7 2, ID 10279
089.101 Recv ACK  0
089.101 Acked DATA 0, slide SEND window
089.101 Send DATA 8 2, ID 10280
089.148 Recv ACK  1
089.149 Acked DATA 1, slide SEND window
089.149 Recv ACK  2
089.149 Acked DATA 2, slide SEND window
089.149 Send DATA 9 2, ID 10281
089.149 Send DATA 10 2, ID 10282
089.323 Recv DATA 3 3, ID 20291
089.323 Deliver DATA 3, ID 20291
089.323 Slide RECV window, expect 4 next
089.323 Acked DATA 3, slide SEND window
089.323 Send DATA 11 3, ID 10283
089.576 Recv DATA 4 3, ID 20292
089.576 Deliver DATA 4, ID 20292
089.576 Slide RECV window, expect 5 next
089.703 ---- ACK timeout
089.703 Send ACK  4
089.862 Recv DATA 5 3, ID 20293
089.862 Deliver DATA 5, ID 20293
089.862 .... 294 packets received, 6767 bps, 84.59%, Err 4 (6.2e-06)
089.862 Slide RECV window, expect 6 next
089.989 ---- ACK timeout
089.989 Send ACK  5
090.100 Recv DATA 6 3, ID 20294
090.100 Deliver DATA 6, ID 20294
090.100 Slide RECV window, expect 7 next
090.228 ---- ACK timeout
090.228 Send ACK  6
090.370 Recv DATA 7 3, ID 20295
090.370 Deliver DATA 7, ID 20295
090.370 Slide RECV window, expect 8 next
090.497 ---- ACK timeout
090.497 Send ACK  7
090.624 Recv DATA 8 3, ID 20296
090.624 Deliver DATA 8, ID 20296
090.624 Slide RECV window, expect 9 next
090.751 ---- ACK timeout
090.751 Send ACK  8
090.894 Recv DATA 9 3, ID 20297
090.894 Deliver DATA 9, ID 20297
090.894 Slide RECV window, expect 10 next
091.021 ---- ACK timeout
091.021 Send ACK  9
091.164 Recv DATA 10 4, ID 20298
091.164 Deliver DATA 10, ID 20298
091.164 Slide RECV window, expect 11 next
091.164 Acked DATA 4, slide SEND window
091.165 Send DATA 12 10, ID 10284
091.196 Recv ACK  5
091.196 Acked DATA 5, slide SEND window
091.196 Send DATA 13 10, ID 10285
091.275 Recv ACK  6
091.275 Acked DATA 6, slide SEND window
091.275 Send DATA 14 10, ID 10286
091.546 Recv ACK  7
091.546 Acked DATA 7, slide SEND window
091.546 Send DATA 15 10, ID 10287
091.686 Recv ACK  8
091.686 Acked DATA 8, slide SEND window
091.686 Send DATA 0 10, ID 10288
091.718 Recv ACK  9
091.718 Acked DATA 9, slide SEND window
091.718 Send DATA 1 10, ID 10289
091.750 Recv ACK  10
091.750 Acked DATA 10, slide SEND window
091.750 Send DATA 2 10, ID 10290
091.925 Recv DATA 11 11, ID 20299
091.925 Deliver DATA 11, ID 20299
091.925 .... 300 packets received, 6749 bps, 84.36%, Err 4 (6.1e-06)
091.925 Slide RECV window, expect 12 next
091.925 Acked DATA 11, slide SEND window
091.925 Send DATA 3 11, ID 10291
092.194 Recv DATA 12 11, ID 20300
092.194 Deliver DATA 12, ID 20300
092.194 Slide RECV window, expect 13 next
092.322 ---- ACK timeout
092.322 Send ACK  12
092.463 Recv DATA 13 11, ID 20301
092.463 Deliver DATA 13, ID 20301
092.463 Slide RECV window, expect 14 next
092.590 ---- ACK timeout
092.590 Send ACK  13
092.718 Recv DATA 14 11, ID 20302
092.718 Deliver DATA 14, ID 20302
092.718 Slide RECV window, expect 15 next
092.845 ---- ACK timeout
092.845 Send ACK  14
092.987 Recv DATA 15 11, ID 20303
092.987 Deliver DATA 15, ID 20303
092.987 Slide RECV window, expect 0 next
093.114 ---- ACK timeout
093.114 Send ACK  15
093.256 Recv DATA 0 11, ID 20304
093.257 Deliver DATA 0, ID 20304
093.257 Slide RECV window, expect 1 next
093.381 ---- ACK timeout
093.382 Send ACK  0
093.509 Recv DATA 1 11, ID 20305
093.509 Deliver DATA 1, ID 20305
093.509 Slide RECV window, expect 2 next
093.636 ---- ACK timeout
093.636 Send ACK  1
093.810 Recv DATA 2 12, ID 20306
093.810 Deliver DATA 2, ID 20306
093.810 Slide RECV window, expect 3 next
093.819 Acked DATA 12, slide SEND window
093.819 Recv ACK  13
093.819 Acked DATA 13, slide SEND window
093.819 Recv ACK  14
093.819 Acked DATA 14, slide SEND window
093.819 Send DATA 4 2, ID 10292
093.820 Send DATA 5 2, ID 10293
093.820 Send DATA 6 2, ID 10294
093.841 Recv ACK  15
093.841 Acked DATA 15, slide SEND window
093.842 Send DATA 7 2, ID 10295
093.857 Recv ACK  0
093.857 Acked DATA 0, slide SEND window
093.857 Send DATA 8 2, ID 10296
093.873 Recv ACK  1
093.873 Acked DATA 1, slide SEND window
093.873 Send DATA 9 2, ID 10297
093.889 Recv ACK  2
093.889 Acked DATA 2, slide SEND window
093.889 Send DATA 10 2, ID 10298
094.080 Recv DATA 3 3, ID 20307
094.080 Deliver DATA 3, ID 20307
094.080 .... 308 packets received, 6769 bps, 84.61%, Err 4 (6.0e-06)
094.080 Slide RECV window, expect 4 next
094.080 Acked DATA 3, slide SEND window
094.080 Send DATA 11 3, ID 10299
094.350 Recv DATA 4 3, ID 20308
094.350 Deliver DATA 4, ID 20308
094.350 Slide RECV window, expect 5 next
094.477 ---- ACK timeout
094.477 Send ACK  4
094.604 Impose noise on received data, 5/675808=7.4E-06
094.620 Recv DATA 5 3, ID 20309
094.620 Deliver DATA 5, ID 20309
094.620 Slide RECV window, expect 6 next
094.747 ---- ACK timeout
094.747 Send ACK  5
094.874 **** Receiver Error, Bad CRC Checksum
094.874 Request NAK for 6
094.874 Send NAK  6
095.161 Recv DATA 7 3, ID 20311
095.398 Recv DATA 8 3, ID 20312
095.684 Recv DATA 9 3, ID 20313
095.953 Recv DATA 10 4, ID 20314
095.953 Acked DATA 4, slide SEND window
095.953 Send DATA 12 5, ID 10300
096.064 Recv ACK  5
096.064 Acked DATA 5, slide SEND window
096.064 Send DATA 13 5, ID 10301
096.333 Recv ACK  6
096.333 Acked DATA 6, slide SEND window
096.333 Send DATA 14 5, ID 10302
096.349 Recv ACK  7
096.349 Acked DATA 7, slide SEND window
096.349 Send DATA 15 5, ID 10303
096.476 Recv ACK  8
096.476 Acked DATA 8, slide SEND window
096.476 Send DATA 0 5, ID 10304
096.508 Recv ACK  9
096.508 Acked DATA 9, slide SEND window
096.508 Send DATA 1 5, ID 10305
096.523 Recv ACK  10
096.523 Acked DATA 10, slide SEND window
096.523 Send DATA 2 5, ID 10306
096.729 Recv DATA 11 11, ID 20315
096.729 Acked DATA 11, slide SEND window
096.729 Send DATA 3 5, ID 10307
096.999 Recv DATA 12 11, ID 20316
097.252 Recv DATA 13 11, ID 20317
097.522 Recv DATA 6 11, ID 20310
097.522 Deliver DATA 6, ID 20310
097.522 .... 311 packets received, 6591 bps, 82.39%, Err 5 (7.2e-06)
097.522 Deliver DATA 7, ID 20311
097.522 Deliver DATA 8, ID 20312
097.522 Deliver DATA 9, ID 20313
097.522 Deliver DATA 10, ID 20314
097.522 Deliver DATA 11, ID 20315
097.522 Deliver DATA 12, ID 20316
097.522 Deliver DATA 13, ID 20317
097.522 Slide RECV window, expect 14 next
097.649 ---- ACK timeout
097.649 Send ACK  13
097.681 Recv ACK  12
097.681 Acked DATA 12, slide SEND window
097.681 Send DATA 4 13, ID 10308
097.951 Recv ACK  13
097.952 Acked DATA 13, slide SEND window
097.952 Send DATA 5 13, ID 10309
098.222 Recv ACK  14
098.222 Acked DATA 14, slide SEND window
098.222 Send DATA 6 13, ID 10310
098.490 Recv ACK  15
098.490 Acked DATA 15, slide SEND window
098.491 Send DATA 7 13, ID 10311
098.522 Recv ACK  0
098.523 Acked DATA 0, slide SEND window
098.523 Send DATA 8 13, ID 10312
098.554 Recv ACK  1
098.554 Acked DATA 1, slide SEND window
098.554 Send DATA 9 13, ID 10313
098.570 Recv ACK  2
098.570 Acked DATA 2, slide SEND window
098.570 Send DATA 10 13, ID 10314
098.760 Recv DATA 7 2, ID 20311
098.760 Ignore out-of-window DATA 7
098.887 ---- ACK timeout
098.887 Send ACK  13
099.030 Recv DATA 14 3, ID 20318
099.030 Deliver DATA 14, ID 20318
099.030 Slide RECV window, expect 15 next
099.030 Acked DATA 3, slide SEND window
099.030 Send DATA 11 14, ID 10315
099.299 Recv DATA 15 3, ID 20319
099.299 Deliver DATA 15, ID 20319
099.299 Slide RECV window, expect 0 next
099.426 ---- ACK timeout
099.426 Send ACK  15
099.538 Recv DATA 0 3, ID 20320
099.538 Deliver DATA 0, ID 20320
099.538 .... 321 packets received, 6664 bps, 83.30%, Err 5 (7.1e-06)
099.538 Slide RECV window, expect 1 next
099.664 ---- ACK timeout
099.664 Send ACK  0
099.808 Recv DATA 1 3, ID 20321
099.817 Deliver DATA 1, ID 20321
099.817 Slide RECV window, expect 2 next
099.934 ---- ACK timeout
099.934 Send ACK  1
100.061 Recv DATA 2 3, ID 20322
100.061 Deliver DATA 2, ID 20322
100.061 Slide RECV window, expect 3 next
100.188 ---- ACK timeout
100.189 Send ACK  2
100.347 Recv DATA 3 3, ID 20323
100.347 Deliver DATA 3, ID 20323
100.347 Slide RECV window, expect 4 next
100.489 ---- ACK timeout
100.489 Send ACK  3
100.617 Recv DATA 4 4, ID 20324
100.617 Deliver DATA 4, ID 20324
100.617 Slide RECV window, expect 5 next
100.617 Acked DATA 4, slide SEND window
100.617 Send DATA 12 4, ID 10316
100.871 Recv DATA 5 5, ID 20325
100.871 Deliver DATA 5, ID 20325
100.871 Slide RECV window, expect 6 next
100.871 Acked DATA 5, slide SEND window
100.871 Send DATA 13 5, ID 10317
100.887 Recv ACK  6
100.887 Acked DATA 6, slide SEND window
100.887 Send DATA 14 5, ID 10318
100.918 Recv ACK  7
100.918 Acked DATA 7, slide SEND window
100.919 Send DATA 15 5, ID 10319
100.950 Recv ACK  8
100.950 Acked DATA 8, slide SEND window
100.950 Send DATA 0 5, ID 10320
100.982 Recv ACK  9
100.982 Acked DATA 9, slide SEND window
100.982 Send DATA 1 5, ID 10321
101.013 Recv ACK  10
101.013 Acked DATA 10, slide SEND window
101.014 Send DATA 2 5, ID 10322
101.156 Recv DATA 6 11, ID 20326
101.156 Deliver DATA 6, ID 20326
101.156 Slide RECV window, expect 7 next
101.156 Acked DATA 11, slide SEND window
101.157 Send DATA 3 6, ID 10323
101.426 Recv DATA 7 11, ID 20327
101.427 Deliver DATA 7, ID 20327
101.427 Slide RECV window, expect 8 next
101.554 ---- ACK timeout
101.554 Send ACK  7
101.681 Recv DATA 8 11, ID 20328
101.681 Deliver DATA 8, ID 20328
101.681 .... 329 packets received, 6685 bps, 83.56%, Err 5 (6.9e-06)
101.681 Slide RECV window, expect 9 next
101.808 ---- ACK timeout
101.808 Send ACK  8
101.950 Recv DATA 9 11, ID 20329
101.950 Deliver DATA 9, ID 20329
101.950 Slide RECV window, expect 10 next
102.079 ---- ACK timeout
102.079 Send ACK  9
102.222 Recv DATA 10 11, ID 20330
102.222 Deliver DATA 10, ID 20330
102.222 Slide RECV window, expect 11 next
102.349 ---- ACK timeout
102.349 Send ACK  10
102.475 Recv DATA 11 11, ID 20331
102.475 Deliver DATA 11, ID 20331
102.475 Slide RECV window, expect 12 next
102.603 ---- ACK timeout
102.603 Send ACK  11
102.745 Recv DATA 12 12, ID 20332
102.745 Deliver DATA 12, ID 20332
102.745 Slide RECV window, expect 13 next
102.745 Acked DATA 12, slide SEND window
102.746 Send DATA 4 12, ID 10324
103.000 Recv DATA 13 13, ID 20333
103.000 Deliver DATA 13, ID 20333
103.000 Slide RECV window, expect 14 next
103.000 Acked DATA 13, slide SEND window
103.000 Send DATA 5 13, ID 10325
103.016 Recv ACK  14
103.016 Acked DATA 14, slide SEND window
103.016 Send DATA 6 13, ID 10326
103.047 Recv ACK  15
103.047 Acked DATA 15, slide SEND window
103.047 Send DATA 7 13, ID 10327
103.143 Recv ACK  0
103.143 Acked DATA 0, slide SEND window
103.143 Send DATA 8 13, ID 10328
103.269 Recv ACK  1
103.269 Acked DATA 1, slide SEND window
103.269 Send DATA 9 13, ID 10329
103.285 Recv ACK  2
103.285 Acked DATA 2, slide SEND window
103.286 Send DATA 10 13, ID 10330
103.538 Recv DATA 14 3, ID 20334
103.539 Deliver DATA 14, ID 20334
103.539 Slide RECV window, expect 15 next
103.539 Acked DATA 3, slide SEND window
103.539 Send DATA 11 14, ID 10331
103.793 Recv DATA 15 3, ID 20335
103.793 Deliver DATA 15, ID 20335
103.793 .... 336 packets received, 6687 bps, 83.59%, Err 5 (6.8e-06)
103.793 Slide RECV window, expect 0 next
103.920 ---- ACK timeout
103.920 Send ACK  15
104.062 Recv DATA 0 3, ID 20336
104.062 Deliver DATA 0, ID 20336
104.063 Slide RECV window, expect 1 next
104.189 ---- ACK timeout
104.189 Send ACK  0
104.317 Recv DATA 1 3, ID 20337
104.317 Deliver DATA 1, ID 20337
104.317 Slide RECV window, expect 2 next
104.445 ---- ACK timeout
104.445 Send ACK  1
104.588 Recv DATA 2 3, ID 20338
104.588 Deliver DATA 2, ID 20338
104.588 Slide RECV window, expect 3 next
104.715 ---- ACK timeout
104.715 Send ACK  2
104.857 Recv DATA 3 3, ID 20339
104.857 Deliver DATA 3, ID 20339
104.857 Slide RECV window, expect 4 next
104.984 ---- ACK timeout
104.992 Send ACK  3
105.127 Recv DATA 4 4, ID 20340
105.127 Deliver DATA 4, ID 20340
105.127 Slide RECV window, expect 5 next
105.127 Acked DATA 4, slide SEND window
105.127 Send DATA 12 4, ID 10332
105.396 Recv DATA 5 5, ID 20341
105.396 Deliver DATA 5, ID 20341
105.396 Slide RECV window, expect 6 next
105.396 Acked DATA 5, slide SEND window
105.396 Send DATA 13 5, ID 10333
105.428 Recv ACK  6
105.428 Acked DATA 6, slide SEND window
105.428 Send DATA 14 5, ID 10334
105.459 Recv ACK  7
105.459 Acked DATA 7, slide SEND window
105.459 Send DATA 15 5, ID 10335
105.491 Recv ACK  8
105.491 Acked DATA 8, slide SEND window
105.491 Send DATA 0 5, ID 10336
105.522 Recv ACK  9
105.522 Acked DATA 9, slide SEND window
105.522 Send DATA 1 5, ID 10337
105.554 Recv ACK  10
105.554 Acked DATA 10, slide SEND window
105.554 Send DATA 2 5, ID 10338
105.681 Recv DATA 6 11, ID 20342
105.681 Deliver DATA 6, ID 20342
105.681 Slide RECV window, expect 7 next
105.681 Acked DATA 11, slide SEND window
105.682 Send DATA 3 6, ID 10339
105.952 Recv DATA 7 11, ID 20343
105.952 Deliver DATA 7, ID 20343
105.952 .... 344 packets received, 6706 bps, 83.82%, Err 5 (6.6e-06)
105.952 Slide RECV window, expect 8 next
106.079 ---- ACK timeout
106.079 Send ACK  7
106.220 Recv DATA 8 11, ID 20344
106.220 Deliver DATA 8, ID 20344
106.220 Slide RECV window, expect 9 next
106.345 ---- ACK timeout
106.345 Send ACK  8
106.472 Recv DATA 9 11, ID 20345
106.472 Deliver DATA 9, ID 20345
106.472 Slide RECV window, expect 10 next
106.599 ---- ACK timeout
106.599 Send ACK  9
106.741 Recv DATA 10 11, ID 20346
106.741 Deliver DATA 10, ID 20346
106.741 Slide RECV window, expect 11 next
106.868 ---- ACK timeout
106.868 Send ACK  10
107.011 Recv DATA 11 11, ID 20347
107.011 Deliver DATA 11, ID 20347
107.011 Slide RECV window, expect 12 next
107.138 ---- ACK timeout
107.138 Send ACK  11
107.265 Recv DATA 12 12, ID 20348
107.265 Deliver DATA 12, ID 20348
107.265 Slide RECV window, expect 13 next
107.265 Acked DATA 12, slide SEND window
107.265 Send DATA 4 12, ID 10340
107.519 Recv DATA 13 13, ID 20349
107.519 Deliver DATA 13, ID 20349
107.519 Slide RECV window, expect 14 next
107.519 Acked DATA 13, slide SEND window
107.519 Send DATA 5 13, ID 10341
107.535 Recv ACK  14
107.535 Acked DATA 14, slide SEND window
107.535 Send DATA 6 13, ID 10342
107.567 Recv ACK  15
107.567 Acked DATA 15, slide SEND window
107.567 Send DATA 7 13, ID 10343
107.646 Recv ACK  0
107.646 Acked DATA 0, slide SEND window
107.646 Send DATA 8 13, ID 10344
107.789 Recv ACK  1
107.789 Acked DATA 1, slide SEND window
107.789 Send DATA 9 13, ID 10345
107.805 Recv ACK  2
107.805 Acked DATA 2, slide SEND window
107.805 Send DATA 10 13, ID 10346
108.028 Recv DATA 14 3, ID 20350
108.028 Deliver DATA 14, ID 20350
108.028 .... 351 packets received, 6710 bps, 83.87%, Err 5 (6.5e-06)
108.028 Slide RECV window, expect 15 next
108.028 Acked DATA 3, slide SEND window
108.028 Send DATA 11 14, ID 10347
108.298 Recv DATA 15 3, ID 20351
108.298 Deliver DATA 15, ID 20351
108.298 Slide RECV window, expect 0 next
108.425 ---- ACK timeout
108.425 Send ACK  15
108.456 Impose noise on received data, 6/771936=7.8E-06
108.567 Recv DATA 0 3, ID 20352
108.567 Deliver DATA 0, ID 20352
108.567 Slide RECV window, expect 1 next
108.694 ---- ACK timeout
108.694 Send ACK  0
108.838 **** Receiver Error, Bad CRC Checksum
108.838 Request NAK for 1
108.839 Send NAK  1
109.108 Recv DATA 2 3, ID 20354
109.346 Recv DATA 3 3, ID 20355
109.615 Recv DATA 4 4, ID 20356
109.616 Acked DATA 4, slide SEND window
109.616 Send DATA 12 0, ID 10348
109.886 Recv DATA 5 5, ID 20357
109.886 Acked DATA 5, slide SEND window
109.886 Recv ACK  6
109.886 Acked DATA 6, slide SEND window
109.886 Send DATA 13 0, ID 10349
109.887 Send DATA 14 0, ID 10350
109.918 Recv ACK  7
109.918 Acked DATA 7, slide SEND window
109.918 Send DATA 15 0, ID 10351
109.934 Recv ACK  8
109.934 Acked DATA 8, slide SEND window
109.934 Send DATA 0 0, ID 10352
109.966 Recv ACK  9
109.966 Acked DATA 9, slide SEND window
109.966 Send DATA 1 0, ID 10353
109.998 Recv ACK  10
109.998 Acked DATA 10, slide SEND window
110.005 Send DATA 2 0, ID 10354
110.187 Recv DATA 6 11, ID 20358
110.187 Acked DATA 11, slide SEND window
110.188 Send DATA 3 0, ID 10355
110.458 Recv DATA 7 11, ID 20359
110.713 Recv DATA 8 11, ID 20360
110.983 Recv DATA 1 11, ID 20353
110.983 Deliver DATA 1, ID 20353
110.983 .... 354 packets received, 6585 bps, 82.32%, Err 6 (7.6e-06)
110.983 Deliver DATA 2, ID 20354
110.983 Deliver DATA 3, ID 20355
110.983 Deliver DATA 4, ID 20356
110.983 Deliver DATA 5, ID 20357
110.984 Deliver DATA 6, ID 20358
110.984 Deliver DATA 7, ID 20359
110.984 Deliver DATA 8, ID 20360
110.984 Slide RECV window, expect 9 next
111.110 Recv ACK  12
111.110 Acked DATA 12, slide SEND window
111.111 Send DATA 4 8, ID 10356
111.349 Recv ACK  13
111.349 Acked DATA 13, slide SEND window
111.349 Send DATA 5 8, ID 10357
111.650 Recv ACK  14
111.650 Acked DATA 14, slide SEND window
111.650 Send DATA 6 8, ID 10358
111.887 Recv ACK  15
111.888 Acked DATA 15, slide SEND window
111.888 Send DATA 7 8, ID 10359
112.158 Recv ACK  0
112.158 Acked DATA 0, slide SEND window
112.158 Send DATA 8 8, ID 10360
112.174 Recv ACK  1
112.174 Acked DATA 1, slide SEND window
112.175 Send DATA 9 8, ID 10361
112.428 Recv ACK  2
112.428 Acked DATA 2, slide SEND window
112.429 Send DATA 10 8, ID 10362
112.556 Recv ACK  3
112.556 Acked DATA 3, slide SEND window
112.556 Send DATA 11 8, ID 10363
112.794 Recv DATA 9 4, ID 20361
112.794 Deliver DATA 9, ID 20361
112.794 Slide RECV window, expect 10 next
112.794 Acked DATA 4, slide SEND window
112.794 Send DATA 12 9, ID 10364
113.064 Recv DATA 10 4, ID 20362
113.064 Deliver DATA 10, ID 20362
113.064 .... 363 packets received, 6627 bps, 82.84%, Err 6 (7.5e-06)
113.064 Slide RECV window, expect 11 next
113.191 ---- ACK timeout
113.191 Send ACK  10
113.333 Recv DATA 11 4, ID 20363
113.333 Deliver DATA 11, ID 20363
113.334 Slide RECV window, expect 12 next
113.460 ---- ACK timeout
113.460 Send ACK  11
113.603 Recv DATA 12 4, ID 20364
113.603 Deliver DATA 12, ID 20364
113.603 Slide RECV window, expect 13 next
113.730 ---- ACK timeout
113.730 Send ACK  12
113.857 Recv DATA 13 4, ID 20365
113.857 Deliver DATA 13, ID 20365
113.858 Slide RECV window, expect 14 next
113.984 ---- ACK timeout
113.984 Send ACK  13
114.128 Recv DATA 14 4, ID 20366
114.128 Deliver DATA 14, ID 20366
114.128 Slide RECV window, expect 15 next
114.254 ---- ACK timeout
114.254 Send ACK  14
114.380 Recv DATA 15 4, ID 20367
114.380 Deliver DATA 15, ID 20367
114.380 Slide RECV window, expect 0 next
114.508 ---- ACK timeout
114.508 Send ACK  15
114.651 Recv DATA 0 5, ID 20368
114.651 Deliver DATA 0, ID 20368
114.651 Slide RECV window, expect 1 next
114.651 Acked DATA 5, slide SEND window
114.651 Send DATA 13 0, ID 10365
114.682 Recv ACK  6
114.682 Acked DATA 6, slide SEND window
114.682 Send DATA 14 0, ID 10366
114.714 Recv ACK  7
114.714 Acked DATA 7, slide SEND window
114.714 Send DATA 15 0, ID 10367
114.730 Recv ACK  8
114.730 Acked DATA 8, slide SEND window
114.730 Send DATA 0 0, ID 10368
114.746 Recv ACK  9
114.746 Acked DATA 9, slide SEND window
114.746 Send DATA 1 0, ID 10369
114.761 Recv ACK  10
114.761 Acked DATA 10, slide SEND window
114.761 Send DATA 2 0, ID 10370
114.777 Recv ACK  11
114.777 Acked DATA 11, slide SEND window
114.778 Send DATA 3 0, ID 10371
114.951 Recv DATA 1 12, ID 20369
114.951 Deliver DATA 1, ID 20369
114.951 Slide RECV window, expect 2 next
114.951 Acked DATA 12, slide SEND window
114.952 Send DATA 4 1, ID 10372
115.220 Recv DATA 2 12, ID 20370
115.220 Deliver DATA 2, ID 20370
115.221 .... 371 packets received, 6646 bps, 83.07%, Err 6 (7.4e-06)
115.221 Slide RECV window, expect 3 next
115.348 ---- ACK timeout
115.348 Send ACK  2
115.475 Recv DATA 3 12, ID 20371
115.475 Deliver DATA 3, ID 20371
115.475 Slide RECV window, expect 4 next
115.602 ---- ACK timeout
115.602 Send ACK  3
115.744 Recv DATA 4 12, ID 20372
115.744 Deliver DATA 4, ID 20372
115.744 Slide RECV window, expect 5 next
115.872 ---- ACK timeout
115.872 Send ACK  4
115.999 Recv DATA 5 12, ID 20373
115.999 Deliver DATA 5, ID 20373
115.999 Slide RECV window, expect 6 next
116.126 ---- ACK timeout
116.126 Send ACK  5
116.269 Recv DATA 6 12, ID 20374
116.269 Deliver DATA 6, ID 20374
116.269 Slide RECV window, expect 7 next
116.398 ---- ACK timeout
116.398 Send ACK  6
116.556 Recv DATA 7 12, ID 20375
116.556 Deliver DATA 7, ID 20375
116.556 Slide RECV window, expect 8 next
116.683 ---- ACK timeout
116.683 Send ACK  7
116.795 Recv DATA 8 13, ID 20376
116.795 Deliver DATA 8, ID 20376
116.795 Slide RECV window, expect 9 next
116.795 Acked DATA 13, slide SEND window
116.795 Send DATA 5 8, ID 10373
116.826 Recv ACK  14
116.826 Acked DATA 14, slide SEND window
116.826 Send DATA 6 8, ID 10374
116.842 Recv ACK  15
116.842 Acked DATA 15, slide SEND window
116.842 Send DATA 7 8, ID 10375
116.921 Recv ACK  0
116.921 Acked DATA 0, slide SEND window
116.921 Send DATA 8 8, ID 10376
117.174 Recv ACK  1
117.174 Acked DATA 1, slide SEND window
117.175 Send DATA 9 8, ID 10377
117.333 Recv ACK  2
117.333 Acked DATA 2, slide SEND window
117.333 Send DATA 10 8, ID 10378
117.364 Recv ACK  3
117.364 Acked DATA 3, slide SEND window
117.364 Send DATA 11 8, ID 10379
117.586 Recv DATA 9 4, ID 20377
117.586 Deliver DATA 9, ID 20377
117.586 .... 378 packets received, 6634 bps, 82.92%, Err 6 (7.2e-06)
117.586 Slide RECV window, expect 10 next
117.587 Acked DATA 4, slide SEND window
117.587 Send DATA 12 9, ID 10380
117.841 Recv DATA 10 4, ID 20378
117.841 Deliver DATA 10, ID 20378
117.841 Slide RECV window, expect 11 next
117.967 ---- ACK timeout
117.967 Send ACK  10
118.109 Recv DATA 11 4, ID 20379
118.109 Deliver DATA 11, ID 20379
118.109 Slide RECV window, expect 12 next
118.237 ---- ACK timeout
118.237 Send ACK  11
118.363 Recv DATA 12 4, ID 20380
118.363 Deliver DATA 12, ID 20380
118.363 Slide RECV window, expect 13 next
118.491 ---- ACK timeout
118.491 Send ACK  12
118.633 Recv DATA 13 4, ID 20381
118.633 Deliver DATA 13, ID 20381
118.633 Slide RECV window, expect 14 next
118.761 ---- ACK timeout
118.761 Send ACK  13
118.903 Recv DATA 14 4, ID 20382
118.903 Deliver DATA 14, ID 20382
118.903 Slide RECV window, expect 15 next
119.030 ---- ACK timeout
119.030 Send ACK  14
119.157 Recv DATA 15 4, ID 20383
119.157 Deliver DATA 15, ID 20383
119.157 Slide RECV window, expect 0 next
119.283 ---- ACK timeout
119.283 Send ACK  15
119.427 Recv DATA 0 5, ID 20384
119.427 Deliver DATA 0, ID 20384
119.427 Slide RECV window, expect 1 next
119.427 Acked DATA 5, slide SEND window
119.427 Send DATA 13 0, ID 10381
119.459 Recv ACK  6
119.459 Acked DATA 6, slide SEND window
119.459 Send DATA 14 0, ID 10382
119.474 Recv ACK  7
119.474 Acked DATA 7, slide SEND window
119.475 Send DATA 15 0, ID 10383
119.490 Recv ACK  8
119.490 Acked DATA 8, slide SEND window
119.491 Send DATA 0 0, ID 10384
119.506 Recv ACK  9
119.506 Acked DATA 9, slide SEND window
119.506 Send DATA 1 0, ID 10385
119.522 Recv ACK  10
119.522 Acked DATA 10, slide SEND window
119.522 Send DATA 2 0, ID 10386
119.537 Recv ACK  11
119.537 Acked DATA 11, slide SEND window
119.538 Send DATA 3 0, ID 10387
119.728 Recv DATA 1 12, ID 20385
119.728 Deliver DATA 1, ID 20385
119.728 .... 386 packets received, 6652 bps, 83.15%, Err 6 (7.1e-06)
119.728 Slide RECV window, expect 2 next
119.728 Acked DATA 12, slide SEND window
119.728 Send DATA 4 1, ID 10388
119.998 Recv DATA 2 12, ID 20386
119.998 Deliver DATA 2, ID 20386
119.998 Slide RECV window, expect 3 next
120.030 Quit.
