000.000 =============================================================
000.000                     Station B                               
000.000 -------------------------------------------------------------
000.000 Protocol.lib, version 4.0, jiangyanjun0718@bupt.edu.cn
000.000 Channel: 8000 bps, 270 ms propagation delay, bit error rate 1.0E-05
000.000 Log file "C:\Users\YOUNG\Desktop\workplace\2025_2026_2\计算机网络\lab\Lab1-DataLink(Win+Linux)(1)\Lab1-Windows-VS2017\docs\测试记录\参数优化-DATA_TIMER-MAX_PHL_BACKLOG\01-粗筛-2min\dt3000-bg6-default-flood-20260509-221057-B.log", TCP port 59924, debug mask 0x07
000.000 Station B is connecting station A (TCP port 59924) ... Done.
000.123 New epoch: Sat May  9 22:10:59 2026
000.123 =================================================================
000.123 
000.123 Designed by Jiang Yanjun, build: May  9 2026  22:10:57
000.123 Send DATA 0 15, ID 20000
000.123 Send DATA 1 15, ID 20001
000.123 Send DATA 2 15, ID 20002
000.123 Send DATA 3 15, ID 20003
000.123 Send DATA 4 15, ID 20004
000.123 Send DATA 5 15, ID 20005
000.685 Recv DATA 0 15, ID 10000
000.685 Deliver DATA 0, ID 10000
000.685 Slide RECV window, expect 1 next
000.685 Send DATA 6 0, ID 20006
000.685 Send DATA 7 0, ID 20007
000.938 Recv DATA 1 15, ID 10001
000.938 Deliver DATA 1, ID 10001
000.938 Slide RECV window, expect 2 next
001.066 ---- ACK timeout
001.066 Send ACK  1
001.193 Recv DATA 2 15, ID 10002
001.193 Deliver DATA 2, ID 10002
001.193 Slide RECV window, expect 3 next
001.321 ---- ACK timeout
001.321 Send ACK  2
001.464 Recv DATA 3 15, ID 10003
001.464 Deliver DATA 3, ID 10003
001.464 Slide RECV window, expect 4 next
001.591 ---- ACK timeout
001.591 Send ACK  3
001.734 Recv DATA 4 15, ID 10004
001.734 Deliver DATA 4, ID 10004
001.734 Slide RECV window, expect 5 next
001.862 ---- ACK timeout
001.862 Send ACK  4
001.988 Recv DATA 5 15, ID 10005
001.988 Deliver DATA 5, ID 10005
001.988 Slide RECV window, expect 6 next
002.116 ---- ACK timeout
002.116 Send ACK  5
002.258 Recv DATA 6 0, ID 10006
002.258 Deliver DATA 6, ID 10006
002.258 Slide RECV window, expect 7 next
002.258 Acked DATA 0, slide SEND window
002.258 Send DATA 8 6, ID 20008
002.528 Recv DATA 7 0, ID 10007
002.528 Deliver DATA 7, ID 10007
002.528 .... 8 packets received, 7670 bps, 95.88%, Err 0 (0.0e+00)
002.528 Slide RECV window, expect 8 next
002.559 Recv ACK  1
002.559 Acked DATA 1, slide SEND window
002.559 Send DATA 9 7, ID 20009
002.575 Recv NAK  2
002.575 ---- Resend DATA 2 on NAK
002.575 Send DATA 2 7, ID 20002
002.798 Recv DATA 8 1, ID 10008
002.798 Deliver DATA 8, ID 10008
002.798 Slide RECV window, expect 9 next
002.925 ---- ACK timeout
002.925 Send ACK  8
003.067 Recv DATA 9 1, ID 10009
003.067 Deliver DATA 9, ID 10009
003.067 Slide RECV window, expect 10 next
003.194 ---- ACK timeout
003.194 Send ACK  9
003.338 Recv DATA 10 1, ID 10010
003.338 Deliver DATA 10, ID 10010
003.338 Slide RECV window, expect 11 next
003.465 ---- ACK timeout
003.465 Send ACK  10
003.609 Recv DATA 11 1, ID 10011
003.609 Deliver DATA 11, ID 10011
003.609 Slide RECV window, expect 12 next
003.736 ---- ACK timeout
003.736 Send ACK  11
003.894 Recv DATA 12 1, ID 10012
003.894 Deliver DATA 12, ID 10012
003.894 Slide RECV window, expect 13 next
004.022 ---- ACK timeout
004.022 Send ACK  12
004.149 Recv DATA 13 1, ID 10013
004.149 Deliver DATA 13, ID 10013
004.149 Slide RECV window, expect 14 next
004.277 ---- ACK timeout
004.277 Send ACK  13
004.404 Recv DATA 14 1, ID 10014
004.404 Deliver DATA 14, ID 10014
004.404 Slide RECV window, expect 15 next
004.530 ---- ACK timeout
004.531 Send ACK  14
004.674 Recv DATA 15 1, ID 10015
004.674 Deliver DATA 15, ID 10015
004.674 .... 16 packets received, 7652 bps, 95.66%, Err 0 (0.0e+00)
004.674 Slide RECV window, expect 0 next
004.800 ---- ACK timeout
004.800 Send ACK  15
004.927 Recv DATA 0 9, ID 10016
004.927 Deliver DATA 0, ID 10016
004.927 Slide RECV window, expect 1 next
004.927 Acked DATA 2, slide SEND window
004.927 Acked DATA 3, slide SEND window
004.927 Acked DATA 4, slide SEND window
004.927 Acked DATA 5, slide SEND window
004.927 Acked DATA 6, slide SEND window
004.927 Acked DATA 7, slide SEND window
004.927 Acked DATA 8, slide SEND window
004.927 Acked DATA 9, slide SEND window
004.927 Send DATA 10 0, ID 20010
004.929 Send DATA 11 0, ID 20011
004.929 Send DATA 12 0, ID 20012
004.929 Send DATA 13 0, ID 20013
004.929 Send DATA 14 0, ID 20014
004.929 Send DATA 15 0, ID 20015
004.929 Send DATA 0 0, ID 20016
005.197 Recv DATA 1 9, ID 10017
005.197 Deliver DATA 1, ID 10017
005.197 Slide RECV window, expect 2 next
005.197 Send DATA 1 1, ID 20017
005.451 Recv DATA 2 9, ID 10018
005.451 Deliver DATA 2, ID 10018
005.451 Slide RECV window, expect 3 next
005.578 ---- ACK timeout
005.578 Send ACK  2
005.704 Recv DATA 3 9, ID 10019
005.704 Deliver DATA 3, ID 10019
005.704 Slide RECV window, expect 4 next
005.831 ---- ACK timeout
005.831 Send ACK  3
005.973 Recv DATA 4 9, ID 10020
005.973 Deliver DATA 4, ID 10020
005.973 Slide RECV window, expect 5 next
006.100 ---- ACK timeout
006.100 Send ACK  4
006.243 Recv DATA 5 9, ID 10021
006.243 Deliver DATA 5, ID 10021
006.243 Slide RECV window, expect 6 next
006.369 ---- ACK timeout
006.369 Send ACK  5
006.496 Recv DATA 6 9, ID 10022
006.496 Deliver DATA 6, ID 10022
006.496 Slide RECV window, expect 7 next
006.623 ---- ACK timeout
006.623 Send ACK  6
006.781 Recv DATA 7 9, ID 10023
006.781 Deliver DATA 7, ID 10023
006.781 .... 24 packets received, 7693 bps, 96.17%, Err 0 (0.0e+00)
006.782 Slide RECV window, expect 8 next
006.909 ---- ACK timeout
006.909 Send ACK  7
007.052 Recv DATA 8 10, ID 10024
007.052 Deliver DATA 8, ID 10024
007.052 Slide RECV window, expect 9 next
007.052 Acked DATA 10, slide SEND window
007.053 Send DATA 2 8, ID 20018
007.195 Recv ACK  11
007.195 Acked DATA 11, slide SEND window
007.195 Send DATA 3 8, ID 20019
007.449 Recv ACK  12
007.449 Acked DATA 12, slide SEND window
007.449 Send DATA 4 8, ID 20020
007.592 Recv ACK  13
007.592 Acked DATA 13, slide SEND window
007.592 Send DATA 5 8, ID 20021
007.623 Recv ACK  14
007.623 Acked DATA 14, slide SEND window
007.623 Send DATA 6 8, ID 20022
007.639 Recv ACK  15
007.639 Acked DATA 15, slide SEND window
007.639 Send DATA 7 8, ID 20023
007.671 Recv ACK  0
007.671 Acked DATA 0, slide SEND window
007.671 Send DATA 8 8, ID 20024
007.845 Recv DATA 9 1, ID 10025
007.846 Deliver DATA 9, ID 10025
007.846 Slide RECV window, expect 10 next
007.846 Acked DATA 1, slide SEND window
007.846 Send DATA 9 9, ID 20025
008.116 Recv DATA 10 1, ID 10026
008.116 Deliver DATA 10, ID 10026
008.116 Slide RECV window, expect 11 next
008.244 ---- ACK timeout
008.244 Send ACK  10
008.354 Recv DATA 11 1, ID 10027
008.354 Deliver DATA 11, ID 10027
008.354 Slide RECV window, expect 12 next
008.482 ---- ACK timeout
008.482 Send ACK  11
008.642 Recv DATA 12 1, ID 10028
008.642 Deliver DATA 12, ID 10028
008.642 Slide RECV window, expect 13 next
008.770 ---- ACK timeout
008.770 Send ACK  12
008.912 Recv DATA 13 1, ID 10029
008.912 Deliver DATA 13, ID 10029
008.912 .... 30 packets received, 7211 bps, 90.14%, Err 0 (0.0e+00)
008.912 Slide RECV window, expect 14 next
009.039 ---- ACK timeout
009.039 Send ACK  13
009.165 Recv DATA 14 1, ID 10030
009.165 Deliver DATA 14, ID 10030
009.165 Slide RECV window, expect 15 next
009.293 ---- ACK timeout
009.293 Send ACK  14
009.420 Recv DATA 15 1, ID 10031
009.420 Deliver DATA 15, ID 10031
009.420 Slide RECV window, expect 0 next
009.548 ---- ACK timeout
009.548 Send ACK  15
009.690 Recv DATA 0 2, ID 10032
009.690 Deliver DATA 0, ID 10032
009.690 Slide RECV window, expect 1 next
009.690 Acked DATA 2, slide SEND window
009.690 Send DATA 10 0, ID 20026
009.722 Recv ACK  3
009.722 Acked DATA 3, slide SEND window
009.722 Send DATA 11 0, ID 20027
009.739 Recv ACK  4
009.739 Acked DATA 4, slide SEND window
009.739 Send DATA 12 0, ID 20028
009.754 Recv ACK  5
009.754 Acked DATA 5, slide SEND window
009.754 Send DATA 13 0, ID 20029
009.786 Recv ACK  6
009.786 Acked DATA 6, slide SEND window
009.786 Send DATA 14 0, ID 20030
009.801 Recv ACK  7
009.801 Acked DATA 7, slide SEND window
009.801 Send DATA 15 0, ID 20031
009.817 Recv ACK  8
009.817 Acked DATA 8, slide SEND window
009.818 Send DATA 0 0, ID 20032
009.993 Recv DATA 1 9, ID 10033
009.993 Deliver DATA 1, ID 10033
009.993 Slide RECV window, expect 2 next
009.993 Acked DATA 9, slide SEND window
009.993 Send DATA 1 1, ID 20033
010.278 Recv DATA 2 9, ID 10034
010.278 Deliver DATA 2, ID 10034
010.278 Slide RECV window, expect 3 next
010.405 ---- ACK timeout
010.405 Send ACK  2
010.532 Recv DATA 3 9, ID 10035
010.532 Deliver DATA 3, ID 10035
010.533 Slide RECV window, expect 4 next
010.660 ---- ACK timeout
010.660 Send ACK  3
010.803 Recv DATA 4 9, ID 10036
010.803 Deliver DATA 4, ID 10036
010.803 Slide RECV window, expect 5 next
010.931 ---- ACK timeout
010.931 Send ACK  4
011.057 Recv DATA 5 9, ID 10037
011.057 Deliver DATA 5, ID 10037
011.057 .... 38 packets received, 7297 bps, 91.21%, Err 0 (0.0e+00)
011.057 Slide RECV window, expect 6 next
011.184 ---- ACK timeout
011.184 Send ACK  5
011.328 Recv DATA 6 9, ID 10038
011.328 Deliver DATA 6, ID 10038
011.328 Slide RECV window, expect 7 next
011.455 ---- ACK timeout
011.455 Send ACK  6
011.598 Recv DATA 7 9, ID 10039
011.598 Deliver DATA 7, ID 10039
011.598 Slide RECV window, expect 8 next
011.725 ---- ACK timeout
011.725 Send ACK  7
011.836 Recv DATA 8 10, ID 10040
011.836 Deliver DATA 8, ID 10040
011.836 Slide RECV window, expect 9 next
011.836 Acked DATA 10, slide SEND window
011.836 Send DATA 2 8, ID 20034
011.868 Recv ACK  11
011.868 Acked DATA 11, slide SEND window
011.868 Recv ACK  12
011.868 Acked DATA 12, slide SEND window
011.868 Send DATA 3 8, ID 20035
011.868 Send DATA 4 8, ID 20036
011.931 Recv ACK  13
011.931 Acked DATA 13, slide SEND window
011.932 Send DATA 5 8, ID 20037
011.962 Recv ACK  14
011.962 Acked DATA 14, slide SEND window
011.963 Send DATA 6 8, ID 20038
012.231 Recv ACK  15
012.231 Acked DATA 15, slide SEND window
012.231 Send DATA 7 8, ID 20039
012.374 Recv ACK  0
012.374 Acked DATA 0, slide SEND window
012.375 Send DATA 8 8, ID 20040
012.629 Recv DATA 9 1, ID 10041
012.629 Deliver DATA 9, ID 10041
012.629 Slide RECV window, expect 10 next
012.629 Acked DATA 1, slide SEND window
012.629 Send DATA 9 9, ID 20041
012.883 Recv DATA 10 1, ID 10042
012.883 Deliver DATA 10, ID 10042
012.883 Slide RECV window, expect 11 next
013.010 ---- ACK timeout
013.010 Send ACK  10
013.153 Recv DATA 11 1, ID 10043
013.153 Deliver DATA 11, ID 10043
013.153 .... 44 packets received, 7062 bps, 88.27%, Err 0 (0.0e+00)
013.153 Slide RECV window, expect 12 next
013.279 ---- ACK timeout
013.279 Send ACK  11
013.406 Recv DATA 12 1, ID 10044
013.406 Deliver DATA 12, ID 10044
013.406 Slide RECV window, expect 13 next
013.469 Impose noise on received data, 1/98888=1.0E-05
013.533 ---- ACK timeout
013.533 Send ACK  12
013.676 Recv DATA 13 1, ID 10045
013.676 Deliver DATA 13, ID 10045
013.676 Slide RECV window, expect 14 next
013.803 ---- ACK timeout
013.803 Send ACK  13
013.946 **** Receiver Error, Bad CRC Checksum
013.946 Request NAK for 14
013.946 Send NAK  14
014.200 Recv DATA 15 1, ID 10047
014.470 Recv DATA 0 2, ID 10048
014.470 Acked DATA 2, slide SEND window
014.470 Send DATA 10 13, ID 20042
014.502 Recv ACK  3
014.502 Acked DATA 3, slide SEND window
014.502 Send DATA 11 13, ID 20043
014.518 Recv ACK  4
014.518 Acked DATA 4, slide SEND window
014.518 Send DATA 12 13, ID 20044
014.549 Recv ACK  5
014.549 Acked DATA 5, slide SEND window
014.549 Send DATA 13 13, ID 20045
014.565 Recv ACK  6
014.565 Acked DATA 6, slide SEND window
014.565 Send DATA 14 13, ID 20046
014.581 Recv ACK  7
014.581 Acked DATA 7, slide SEND window
014.581 Send DATA 15 13, ID 20047
014.597 Recv ACK  8
014.597 Acked DATA 8, slide SEND window
014.597 Send DATA 0 13, ID 20048
014.772 Recv DATA 1 9, ID 10049
014.772 Acked DATA 9, slide SEND window
014.772 Send DATA 1 13, ID 20049
015.043 Recv DATA 2 9, ID 10050
015.297 Recv DATA 3 9, ID 10051
015.566 Recv DATA 4 9, ID 10052
015.836 Recv DATA 5 9, ID 10053
016.107 Recv DATA 14 9, ID 10046
016.107 Deliver DATA 14, ID 10046
016.107 .... 47 packets received, 6125 bps, 76.57%, Err 1 (8.5e-06)
016.107 Deliver DATA 15, ID 10047
016.107 Deliver DATA 0, ID 10048
016.107 Deliver DATA 1, ID 10049
016.107 Deliver DATA 2, ID 10050
016.107 Deliver DATA 3, ID 10051
016.107 Deliver DATA 4, ID 10052
016.107 Deliver DATA 5, ID 10053
016.107 Slide RECV window, expect 6 next
016.122 Recv ACK  10
016.122 Acked DATA 10, slide SEND window
016.123 Send DATA 2 5, ID 20050
016.202 Recv ACK  11
016.202 Acked DATA 11, slide SEND window
016.202 Send DATA 3 5, ID 20051
016.473 Recv ACK  12
016.473 Acked DATA 12, slide SEND window
016.473 Send DATA 4 5, ID 20052
016.743 Recv ACK  13
016.743 Acked DATA 13, slide SEND window
016.743 Send DATA 5 5, ID 20053
017.012 Recv ACK  14
017.012 Acked DATA 14, slide SEND window
017.012 Send DATA 6 5, ID 20054
017.266 Recv ACK  15
017.266 Acked DATA 15, slide SEND window
017.266 Send DATA 7 5, ID 20055
017.425 Recv ACK  0
017.425 Acked DATA 0, slide SEND window
017.425 Send DATA 8 5, ID 20056
017.456 Recv ACK  1
017.456 Acked DATA 1, slide SEND window
017.456 Send DATA 9 5, ID 20057
017.678 Recv DATA 6 2, ID 10054
017.678 Deliver DATA 6, ID 10054
017.678 Slide RECV window, expect 7 next
017.678 Acked DATA 2, slide SEND window
017.678 Send DATA 10 6, ID 20058
017.944 Recv DATA 7 2, ID 10055
017.944 Deliver DATA 7, ID 10055
017.944 Slide RECV window, expect 8 next
018.071 ---- ACK timeout
018.071 Send ACK  7
018.213 Recv DATA 8 2, ID 10056
018.213 Deliver DATA 8, ID 10056
018.213 .... 57 packets received, 6550 bps, 81.88%, Err 1 (7.9e-06)
018.213 Slide RECV window, expect 9 next
018.340 ---- ACK timeout
018.340 Send ACK  8
018.452 Recv DATA 9 2, ID 10057
018.452 Deliver DATA 9, ID 10057
018.452 Slide RECV window, expect 10 next
018.579 ---- ACK timeout
018.579 Send ACK  9
018.723 Recv DATA 10 2, ID 10058
018.723 Deliver DATA 10, ID 10058
018.723 Slide RECV window, expect 11 next
018.851 ---- ACK timeout
018.851 Send ACK  10
018.978 Recv DATA 11 2, ID 10059
018.978 Deliver DATA 11, ID 10059
018.978 Slide RECV window, expect 12 next
019.106 ---- ACK timeout
019.106 Send ACK  11
019.248 Recv DATA 12 2, ID 10060
019.248 Deliver DATA 12, ID 10060
019.248 Slide RECV window, expect 13 next
019.280 Recv ACK  3
019.280 Acked DATA 3, slide SEND window
019.280 Send DATA 11 12, ID 20059
019.281 Impose noise on received data, 2/135320=1.5E-05
019.519 Recv DATA 13 3, ID 10061
019.519 Deliver DATA 13, ID 10061
019.519 Slide RECV window, expect 14 next
019.551 Recv ACK  4
019.551 Acked DATA 4, slide SEND window
019.551 Recv ACK  5
019.551 Acked DATA 5, slide SEND window
019.551 Send DATA 12 13, ID 20060
019.551 Send DATA 13 13, ID 20061
019.582 Recv ACK  6
019.582 Acked DATA 6, slide SEND window
019.583 Send DATA 14 13, ID 20062
019.614 Recv ACK  7
019.614 Acked DATA 7, slide SEND window
019.614 Send DATA 15 13, ID 20063
019.646 **** Receiver Error, Bad CRC Checksum
019.646 Request NAK for 14
019.646 Send NAK  14
019.678 Recv ACK  9
019.678 Acked DATA 8, slide SEND window
019.678 Acked DATA 9, slide SEND window
019.678 Send DATA 0 13, ID 20064
019.678 Send DATA 1 13, ID 20065
019.836 Recv DATA 14 10, ID 10062
019.836 Deliver DATA 14, ID 10062
019.836 Slide RECV window, expect 15 next
019.836 Acked DATA 10, slide SEND window
019.836 Send DATA 2 14, ID 20066
020.090 Recv DATA 15 10, ID 10063
020.090 Deliver DATA 15, ID 10063
020.090 Slide RECV window, expect 0 next
020.218 ---- ACK timeout
020.218 Send ACK  15
020.361 Recv DATA 0 10, ID 10064
020.361 Deliver DATA 0, ID 10064
020.361 .... 65 packets received, 6666 bps, 83.33%, Err 2 (1.4e-05)
020.361 Slide RECV window, expect 1 next
020.488 ---- ACK timeout
020.488 Send ACK  0
020.630 Recv DATA 1 10, ID 10065
020.631 Deliver DATA 1, ID 10065
020.631 Slide RECV window, expect 2 next
020.757 ---- ACK timeout
020.757 Send ACK  1
020.884 Recv DATA 2 10, ID 10066
020.884 Deliver DATA 2, ID 10066
020.885 Slide RECV window, expect 3 next
021.011 ---- ACK timeout
021.012 Send ACK  2
021.155 Recv DATA 3 10, ID 10067
021.155 Deliver DATA 3, ID 10067
021.155 Slide RECV window, expect 4 next
021.282 ---- ACK timeout
021.282 Send ACK  3
021.425 Recv DATA 4 11, ID 10068
021.425 Deliver DATA 4, ID 10068
021.425 Slide RECV window, expect 5 next
021.425 Acked DATA 11, slide SEND window
021.425 Send DATA 3 4, ID 20067
021.695 Recv DATA 5 12, ID 10069
021.695 Deliver DATA 5, ID 10069
021.695 Slide RECV window, expect 6 next
021.695 Acked DATA 12, slide SEND window
021.695 Send DATA 4 5, ID 20068
021.727 Recv ACK  13
021.727 Acked DATA 13, slide SEND window
021.727 Send DATA 5 5, ID 20069
021.743 Recv ACK  14
021.743 Acked DATA 14, slide SEND window
021.743 Send DATA 6 5, ID 20070
021.965 Recv DATA 14 15, ID 10062
021.965 Ignore out-of-window DATA 14
021.965 Acked DATA 15, slide SEND window
021.965 Send DATA 7 5, ID 20071
021.997 Recv ACK  0
021.997 Acked DATA 0, slide SEND window
021.997 Send DATA 8 5, ID 20072
022.006 Recv ACK  1
022.006 Acked DATA 1, slide SEND window
022.006 Send DATA 9 5, ID 20073
022.235 Recv DATA 6 2, ID 10070
022.235 Deliver DATA 6, ID 10070
022.235 Slide RECV window, expect 7 next
022.235 Acked DATA 2, slide SEND window
022.235 Send DATA 10 6, ID 20074
022.489 Recv DATA 7 2, ID 10071
022.489 Deliver DATA 7, ID 10071
022.489 .... 72 packets received, 6673 bps, 83.41%, Err 2 (1.2e-05)
022.489 Slide RECV window, expect 8 next
022.616 ---- ACK timeout
022.616 Send ACK  7
022.758 Recv DATA 8 2, ID 10072
022.758 Deliver DATA 8, ID 10072
022.758 Slide RECV window, expect 9 next
022.885 ---- ACK timeout
022.885 Send ACK  8
023.028 Recv DATA 9 2, ID 10073
023.028 Deliver DATA 9, ID 10073
023.028 Slide RECV window, expect 10 next
023.155 ---- ACK timeout
023.155 Send ACK  9
023.297 Recv DATA 10 2, ID 10074
023.297 Deliver DATA 10, ID 10074
023.297 Slide RECV window, expect 11 next
023.424 ---- ACK timeout
023.425 Send ACK  10
023.567 Recv DATA 11 2, ID 10075
023.567 Deliver DATA 11, ID 10075
023.567 Slide RECV window, expect 12 next
023.694 ---- ACK timeout
023.694 Send ACK  11
023.819 Recv DATA 12 3, ID 10076
023.819 Deliver DATA 12, ID 10076
023.819 Slide RECV window, expect 13 next
023.819 Acked DATA 3, slide SEND window
023.819 Send DATA 11 12, ID 20075
024.088 Recv DATA 13 4, ID 10077
024.088 Deliver DATA 13, ID 10077
024.088 Slide RECV window, expect 14 next
024.088 Acked DATA 4, slide SEND window
024.088 Recv ACK  5
024.088 Acked DATA 5, slide SEND window
024.088 Send DATA 12 13, ID 20076
024.090 Send DATA 13 13, ID 20077
024.120 Recv ACK  6
024.120 Acked DATA 6, slide SEND window
024.120 Send DATA 14 13, ID 20078
024.136 Recv ACK  7
024.136 Acked DATA 7, slide SEND window
024.136 Send DATA 15 13, ID 20079
024.167 Recv ACK  8
024.167 Acked DATA 8, slide SEND window
024.167 Send DATA 0 13, ID 20080
024.183 Recv ACK  9
024.183 Acked DATA 9, slide SEND window
024.183 Send DATA 1 13, ID 20081
024.388 Recv DATA 14 10, ID 10078
024.388 Deliver DATA 14, ID 10078
024.388 Slide RECV window, expect 15 next
024.388 Acked DATA 10, slide SEND window
024.389 Send DATA 2 14, ID 20082
024.659 Recv DATA 15 10, ID 10079
024.659 Deliver DATA 15, ID 10079
024.659 .... 80 packets received, 6752 bps, 84.39%, Err 2 (1.1e-05)
024.659 Slide RECV window, expect 0 next
024.787 ---- ACK timeout
024.787 Send ACK  15
024.897 Recv DATA 0 10, ID 10080
024.897 Deliver DATA 0, ID 10080
024.897 Slide RECV window, expect 1 next
025.025 ---- ACK timeout
025.025 Send ACK  0
025.167 Recv DATA 1 10, ID 10081
025.167 Deliver DATA 1, ID 10081
025.167 Slide RECV window, expect 2 next
025.294 ---- ACK timeout
025.294 Send ACK  1
025.452 Recv DATA 2 10, ID 10082
025.452 Deliver DATA 2, ID 10082
025.452 Slide RECV window, expect 3 next
025.579 ---- ACK timeout
025.579 Send ACK  2
025.691 Recv DATA 3 10, ID 10083
025.691 Deliver DATA 3, ID 10083
025.691 Slide RECV window, expect 4 next
025.817 ---- ACK timeout
025.817 Send ACK  3
025.960 Recv DATA 4 11, ID 10084
025.960 Deliver DATA 4, ID 10084
025.960 Slide RECV window, expect 5 next
025.960 Acked DATA 11, slide SEND window
025.960 Send DATA 3 4, ID 20083
026.230 Recv DATA 5 12, ID 10085
026.230 Deliver DATA 5, ID 10085
026.230 Slide RECV window, expect 6 next
026.230 Acked DATA 12, slide SEND window
026.230 Send DATA 4 5, ID 20084
026.261 Recv ACK  13
026.261 Acked DATA 13, slide SEND window
026.261 Send DATA 5 5, ID 20085
026.340 Recv ACK  14
026.340 Acked DATA 14, slide SEND window
026.340 Send DATA 6 5, ID 20086
026.483 Recv ACK  15
026.483 Acked DATA 15, slide SEND window
026.483 Send DATA 7 5, ID 20087
026.499 Recv ACK  0
026.499 Acked DATA 0, slide SEND window
026.499 Send DATA 8 5, ID 20088
026.530 Recv ACK  1
026.530 Acked DATA 1, slide SEND window
026.530 Send DATA 9 5, ID 20089
026.721 Recv DATA 6 2, ID 10086
026.721 Deliver DATA 6, ID 10086
026.721 .... 87 packets received, 6767 bps, 84.59%, Err 2 (1.0e-05)
026.721 Slide RECV window, expect 7 next
026.721 Acked DATA 2, slide SEND window
026.722 Send DATA 10 6, ID 20090
026.992 Recv DATA 7 2, ID 10087
026.992 Deliver DATA 7, ID 10087
027.001 Slide RECV window, expect 8 next
027.119 ---- ACK timeout
027.119 Send ACK  7
027.261 Recv DATA 8 2, ID 10088
027.261 Deliver DATA 8, ID 10088
027.261 Slide RECV window, expect 9 next
027.389 ---- ACK timeout
027.389 Send ACK  8
027.516 Recv DATA 9 2, ID 10089
027.516 Deliver DATA 9, ID 10089
027.516 Slide RECV window, expect 10 next
027.643 ---- ACK timeout
027.643 Send ACK  9
027.785 Recv DATA 10 2, ID 10090
027.786 Deliver DATA 10, ID 10090
027.786 Slide RECV window, expect 11 next
027.913 ---- ACK timeout
027.913 Send ACK  10
028.039 Recv DATA 11 2, ID 10091
028.039 Deliver DATA 11, ID 10091
028.039 Slide RECV window, expect 12 next
028.166 ---- ACK timeout
028.166 Send ACK  11
028.309 Recv DATA 12 3, ID 10092
028.310 Deliver DATA 12, ID 10092
028.310 Slide RECV window, expect 13 next
028.310 Acked DATA 3, slide SEND window
028.310 Send DATA 11 12, ID 20091
028.341 Recv NAK  4
028.341 ---- Resend DATA 4 on NAK
028.341 Send DATA 4 12, ID 20084
028.579 Recv DATA 13 3, ID 10093
028.579 Deliver DATA 13, ID 10093
028.580 Slide RECV window, expect 14 next
028.706 ---- ACK timeout
028.706 Send ACK  13
028.881 Recv DATA 14 3, ID 10094
028.881 Deliver DATA 14, ID 10094
028.881 .... 95 packets received, 6829 bps, 85.37%, Err 2 (9.5e-06)
028.881 Slide RECV window, expect 15 next
029.009 ---- ACK timeout
029.009 Send ACK  14
029.151 Recv DATA 15 3, ID 10095
029.151 Deliver DATA 15, ID 10095
029.151 Slide RECV window, expect 0 next
029.279 ---- ACK timeout
029.279 Send ACK  15
029.422 Recv DATA 0 3, ID 10096
029.422 Deliver DATA 0, ID 10096
029.422 Slide RECV window, expect 1 next
029.549 ---- ACK timeout
029.549 Send ACK  0
029.692 Recv DATA 1 3, ID 10097
029.692 Deliver DATA 1, ID 10097
029.692 Slide RECV window, expect 2 next
029.819 ---- ACK timeout
029.819 Send ACK  1
029.961 Recv DATA 2 3, ID 10098
029.961 Deliver DATA 2, ID 10098
029.961 Slide RECV window, expect 3 next
030.088 ---- ACK timeout
030.088 Send ACK  2
030.214 Recv DATA 3 3, ID 10099
030.214 Deliver DATA 3, ID 10099
030.214 Slide RECV window, expect 4 next
030.230 Impose noise on received data, 3/220872=1.4E-05
030.246 ---- DATA 5 timeout
030.246 Send DATA 5 3, ID 20085
030.468 Recv DATA 4 3, ID 10100
030.468 Deliver DATA 4, ID 10100
030.468 Slide RECV window, expect 5 next
030.500 Recv ACK  11
030.500 Acked DATA 4, slide SEND window
030.500 Acked DATA 5, slide SEND window
030.500 Acked DATA 6, slide SEND window
030.500 Acked DATA 7, slide SEND window
030.500 Acked DATA 8, slide SEND window
030.500 Acked DATA 9, slide SEND window
030.500 Acked DATA 10, slide SEND window
030.500 Acked DATA 11, slide SEND window
030.500 Send DATA 12 4, ID 20092
030.501 Send DATA 13 4, ID 20093
030.501 Send DATA 14 4, ID 20094
030.501 Send DATA 15 4, ID 20095
030.501 Send DATA 0 4, ID 20096
030.501 Send DATA 1 4, ID 20097
030.501 Send DATA 2 4, ID 20098
030.737 Recv DATA 5 11, ID 10101
030.737 Deliver DATA 5, ID 10101
030.737 Slide RECV window, expect 6 next
030.864 ---- ACK timeout
030.864 Send ACK  5
030.864 Send DATA 3 5, ID 20099
031.007 Recv DATA 6 11, ID 10102
031.007 Deliver DATA 6, ID 10102
031.007 .... 103 packets received, 6890 bps, 86.13%, Err 3 (1.3e-05)
031.007 Slide RECV window, expect 7 next
031.134 ---- ACK timeout
031.134 Send ACK  6
031.277 Recv DATA 7 11, ID 10103
031.277 Deliver DATA 7, ID 10103
031.277 Slide RECV window, expect 8 next
031.405 ---- ACK timeout
031.405 Send ACK  7
031.548 Recv DATA 8 11, ID 10104
031.548 Deliver DATA 8, ID 10104
031.548 Slide RECV window, expect 9 next
031.675 ---- ACK timeout
031.675 Send ACK  8
031.787 Recv DATA 9 11, ID 10105
031.787 Deliver DATA 9, ID 10105
031.787 Slide RECV window, expect 10 next
031.913 ---- ACK timeout
031.913 Send ACK  9
032.072 Recv DATA 10 11, ID 10106
032.072 Deliver DATA 10, ID 10106
032.072 Slide RECV window, expect 11 next
032.200 ---- ACK timeout
032.200 Send ACK  10
032.326 Recv DATA 11 11, ID 10107
032.326 Deliver DATA 11, ID 10107
032.326 Slide RECV window, expect 12 next
032.453 ---- ACK timeout
032.453 Send ACK  11
032.596 Recv DATA 12 12, ID 10108
032.596 Deliver DATA 12, ID 10108
032.596 Slide RECV window, expect 13 next
032.598 Acked DATA 12, slide SEND window
032.598 Send DATA 4 12, ID 20100
032.627 Recv ACK  13
032.627 Acked DATA 13, slide SEND window
032.628 Send DATA 5 12, ID 20101
032.786 Recv ACK  14
032.786 Acked DATA 14, slide SEND window
032.787 Send DATA 6 12, ID 20102
032.930 Recv ACK  15
032.930 Acked DATA 15, slide SEND window
032.930 Send DATA 7 12, ID 20103
032.962 Recv ACK  0
032.962 Acked DATA 0, slide SEND window
032.962 Send DATA 8 12, ID 20104
032.994 Recv ACK  1
032.994 Acked DATA 1, slide SEND window
032.994 Send DATA 9 12, ID 20105
033.184 Recv DATA 13 2, ID 10109
033.184 Deliver DATA 13, ID 10109
033.184 .... 110 packets received, 6870 bps, 85.87%, Err 3 (1.2e-05)
033.184 Slide RECV window, expect 14 next
033.184 Acked DATA 2, slide SEND window
033.185 Send DATA 10 13, ID 20106
033.439 Recv DATA 14 3, ID 10110
033.439 Deliver DATA 14, ID 10110
033.439 Slide RECV window, expect 15 next
033.439 Acked DATA 3, slide SEND window
033.439 Send DATA 11 14, ID 20107
033.708 Recv DATA 15 3, ID 10111
033.708 Deliver DATA 15, ID 10111
033.708 Slide RECV window, expect 0 next
033.836 ---- ACK timeout
033.836 Send ACK  15
033.963 Recv DATA 0 3, ID 10112
033.963 Deliver DATA 0, ID 10112
033.963 Slide RECV window, expect 1 next
034.090 ---- ACK timeout
034.090 Send ACK  0
034.232 Recv DATA 1 3, ID 10113
034.232 Deliver DATA 1, ID 10113
034.232 Slide RECV window, expect 2 next
034.359 ---- ACK timeout
034.360 Send ACK  1
034.503 Recv DATA 2 3, ID 10114
034.503 Deliver DATA 2, ID 10114
034.503 Slide RECV window, expect 3 next
034.630 ---- ACK timeout
034.630 Send ACK  2
034.771 Recv DATA 3 3, ID 10115
034.771 Deliver DATA 3, ID 10115
034.771 Slide RECV window, expect 4 next
034.898 ---- ACK timeout
034.898 Send ACK  3
035.040 Recv DATA 4 4, ID 10116
035.040 Deliver DATA 4, ID 10116
035.040 Slide RECV window, expect 5 next
035.040 Acked DATA 4, slide SEND window
035.040 Send DATA 12 4, ID 20108
035.072 Recv ACK  5
035.072 Acked DATA 5, slide SEND window
035.072 Send DATA 13 4, ID 20109
035.104 Recv ACK  6
035.104 Acked DATA 6, slide SEND window
035.104 Send DATA 14 4, ID 20110
035.120 Recv ACK  7
035.120 Acked DATA 7, slide SEND window
035.120 Send DATA 15 4, ID 20111
035.135 Recv ACK  8
035.135 Acked DATA 8, slide SEND window
035.135 Send DATA 0 4, ID 20112
035.151 Recv ACK  9
035.151 Acked DATA 9, slide SEND window
035.151 Send DATA 1 4, ID 20113
035.342 Recv DATA 5 10, ID 10117
035.342 Deliver DATA 5, ID 10117
035.342 .... 118 packets received, 6915 bps, 86.43%, Err 3 (1.2e-05)
035.342 Slide RECV window, expect 6 next
035.342 Acked DATA 10, slide SEND window
035.342 Send DATA 2 5, ID 20114
035.581 Recv DATA 6 11, ID 10118
035.581 Deliver DATA 6, ID 10118
035.581 Slide RECV window, expect 7 next
035.581 Acked DATA 11, slide SEND window
035.581 Send DATA 3 6, ID 20115
035.851 Recv DATA 7 11, ID 10119
035.851 Deliver DATA 7, ID 10119
035.851 Slide RECV window, expect 8 next
035.978 ---- ACK timeout
035.978 Send ACK  7
036.120 Recv DATA 8 11, ID 10120
036.120 Deliver DATA 8, ID 10120
036.120 Slide RECV window, expect 9 next
036.247 ---- ACK timeout
036.247 Send ACK  8
036.390 Recv DATA 9 11, ID 10121
036.390 Deliver DATA 9, ID 10121
036.390 Slide RECV window, expect 10 next
036.518 ---- ACK timeout
036.518 Send ACK  9
036.644 Recv DATA 10 11, ID 10122
036.644 Deliver DATA 10, ID 10122
036.644 Slide RECV window, expect 11 next
036.771 ---- ACK timeout
036.772 Send ACK  10
036.913 Recv DATA 11 11, ID 10123
036.913 Deliver DATA 11, ID 10123
036.913 Slide RECV window, expect 12 next
037.040 ---- ACK timeout
037.040 Send ACK  11
037.167 Recv DATA 12 12, ID 10124
037.167 Deliver DATA 12, ID 10124
037.167 Slide RECV window, expect 13 next
037.167 Acked DATA 12, slide SEND window
037.167 Send DATA 4 12, ID 20116
037.199 Recv ACK  13
037.199 Acked DATA 13, slide SEND window
037.199 Send DATA 5 12, ID 20117
037.278 Recv ACK  14
037.278 Acked DATA 14, slide SEND window
037.279 Send DATA 6 12, ID 20118
037.294 Recv ACK  15
037.294 Acked DATA 15, slide SEND window
037.294 Send DATA 7 12, ID 20119
037.437 Recv ACK  0
037.446 Acked DATA 0, slide SEND window
037.446 Send DATA 8 12, ID 20120
037.469 Recv ACK  1
037.469 Acked DATA 1, slide SEND window
037.469 Send DATA 9 12, ID 20121
037.690 Recv DATA 13 2, ID 10125
037.691 Deliver DATA 13, ID 10125
037.691 .... 126 packets received, 6919 bps, 86.48%, Err 3 (1.1e-05)
037.691 Slide RECV window, expect 14 next
037.691 Acked DATA 2, slide SEND window
037.691 Send DATA 10 13, ID 20122
037.960 Recv DATA 14 3, ID 10126
037.960 Deliver DATA 14, ID 10126
037.960 Slide RECV window, expect 15 next
037.960 Acked DATA 3, slide SEND window
037.960 Send DATA 11 14, ID 20123
038.230 Recv DATA 15 3, ID 10127
038.230 Deliver DATA 15, ID 10127
038.230 Slide RECV window, expect 0 next
038.357 ---- ACK timeout
038.357 Send ACK  15
038.484 Recv DATA 0 3, ID 10128
038.484 Deliver DATA 0, ID 10128
038.484 Slide RECV window, expect 1 next
038.484 Impose noise on received data, 4/282864=1.4E-05
038.612 ---- ACK timeout
038.612 Send ACK  0
038.756 Recv DATA 1 3, ID 10129
038.756 Deliver DATA 1, ID 10129
038.756 Slide RECV window, expect 2 next
038.884 ---- ACK timeout
038.884 Send ACK  1
039.027 **** Receiver Error, Bad CRC Checksum
039.027 Request NAK for 2
039.027 Send NAK  2
039.297 Recv DATA 3 3, ID 10131
039.583 Recv DATA 4 4, ID 10132
039.583 Acked DATA 4, slide SEND window
039.583 Send DATA 12 1, ID 20124
039.615 Recv ACK  5
039.615 Acked DATA 5, slide SEND window
039.615 Send DATA 13 1, ID 20125
039.630 Recv ACK  6
039.630 Acked DATA 6, slide SEND window
039.631 Send DATA 14 1, ID 20126
039.646 Recv ACK  7
039.646 Acked DATA 7, slide SEND window
039.646 Send DATA 15 1, ID 20127
039.662 Recv ACK  8
039.662 Acked DATA 8, slide SEND window
039.662 Send DATA 0 1, ID 20128
039.694 Recv ACK  9
039.694 Acked DATA 9, slide SEND window
039.694 Send DATA 1 1, ID 20129
039.869 Recv DATA 5 10, ID 10133
039.869 Acked DATA 10, slide SEND window
039.869 Send DATA 2 1, ID 20130
040.123 Recv DATA 6 11, ID 10134
040.123 Acked DATA 11, slide SEND window
040.123 Send DATA 3 1, ID 20131
040.393 Recv DATA 7 11, ID 10135
040.662 Recv DATA 8 11, ID 10136
040.901 Recv DATA 9 11, ID 10137
041.187 Recv DATA 2 11, ID 10130
041.187 Deliver DATA 2, ID 10130
041.187 .... 131 packets received, 6576 bps, 82.21%, Err 4 (1.3e-05)
041.187 Deliver DATA 3, ID 10131
041.187 Deliver DATA 4, ID 10132
041.187 Deliver DATA 5, ID 10133
041.187 Deliver DATA 6, ID 10134
041.187 Deliver DATA 7, ID 10135
041.187 Deliver DATA 8, ID 10136
041.187 Deliver DATA 9, ID 10137
041.187 Slide RECV window, expect 10 next
041.314 ---- ACK timeout
041.314 Send ACK  9
041.330 Recv ACK  12
041.330 Acked DATA 12, slide SEND window
041.330 Send DATA 4 9, ID 20132
041.582 Recv ACK  13
041.583 Acked DATA 13, slide SEND window
041.583 Send DATA 5 9, ID 20133
041.852 Recv ACK  14
041.852 Acked DATA 14, slide SEND window
041.852 Send DATA 6 9, ID 20134
041.868 Recv ACK  15
041.868 Acked DATA 15, slide SEND window
041.868 Send DATA 7 9, ID 20135
042.122 Recv ACK  0
042.122 Acked DATA 0, slide SEND window
042.122 Send DATA 8 9, ID 20136
042.138 Recv ACK  1
042.138 Acked DATA 1, slide SEND window
042.138 Send DATA 9 9, ID 20137
042.280 Recv ACK  2
042.280 Acked DATA 2, slide SEND window
042.281 Send DATA 10 9, ID 20138
042.534 Recv DATA 10 3, ID 10138
042.534 Deliver DATA 10, ID 10138
042.534 Slide RECV window, expect 11 next
042.534 Acked DATA 3, slide SEND window
042.534 Send DATA 11 10, ID 20139
042.804 Recv DATA 11 3, ID 10139
042.804 Deliver DATA 11, ID 10139
042.804 Slide RECV window, expect 12 next
042.931 ---- ACK timeout
042.931 Send ACK  11
043.043 Recv DATA 12 3, ID 10140
043.043 Deliver DATA 12, ID 10140
043.043 Slide RECV window, expect 13 next
043.169 ---- ACK timeout
043.169 Send ACK  12
043.312 Recv DATA 13 3, ID 10141
043.312 Deliver DATA 13, ID 10141
043.312 .... 142 packets received, 6776 bps, 84.70%, Err 4 (1.3e-05)
043.313 Slide RECV window, expect 14 next
043.439 ---- ACK timeout
043.439 Send ACK  13
043.581 Recv DATA 14 3, ID 10142
043.581 Deliver DATA 14, ID 10142
043.581 Slide RECV window, expect 15 next
043.709 ---- ACK timeout
043.709 Send ACK  14
043.835 Recv DATA 15 3, ID 10143
043.835 Deliver DATA 15, ID 10143
043.835 Slide RECV window, expect 0 next
043.963 ---- ACK timeout
043.963 Send ACK  15
044.104 Recv DATA 0 3, ID 10144
044.104 Deliver DATA 0, ID 10144
044.104 Slide RECV window, expect 1 next
044.136 Recv ACK  4
044.136 Acked DATA 4, slide SEND window
044.136 Send DATA 12 0, ID 20140
044.374 Recv DATA 1 4, ID 10145
044.374 Deliver DATA 1, ID 10145
044.374 Slide RECV window, expect 2 next
044.405 Recv ACK  5
044.405 Acked DATA 5, slide SEND window
044.405 Recv ACK  6
044.405 Acked DATA 6, slide SEND window
044.405 Send DATA 13 1, ID 20141
044.406 Send DATA 14 1, ID 20142
044.437 Recv ACK  7
044.437 Acked DATA 7, slide SEND window
044.437 Send DATA 15 1, ID 20143
044.453 Recv ACK  8
044.453 Acked DATA 8, slide SEND window
044.453 Send DATA 0 1, ID 20144
044.484 Recv ACK  9
044.484 Acked DATA 9, slide SEND window
044.484 Send DATA 1 1, ID 20145
044.500 Recv ACK  10
044.500 Acked DATA 10, slide SEND window
044.500 Send DATA 2 1, ID 20146
044.675 Recv DATA 2 11, ID 10146
044.675 Deliver DATA 2, ID 10146
044.675 Slide RECV window, expect 3 next
044.675 Acked DATA 11, slide SEND window
044.675 Send DATA 3 2, ID 20147
044.945 Recv DATA 3 11, ID 10147
044.945 Deliver DATA 3, ID 10147
044.945 Slide RECV window, expect 4 next
045.071 ---- ACK timeout
045.071 Send ACK  3
045.214 Recv DATA 4 11, ID 10148
045.214 Deliver DATA 4, ID 10148
045.214 Slide RECV window, expect 5 next
045.342 ---- ACK timeout
045.342 Send ACK  4
045.469 Recv DATA 5 11, ID 10149
045.469 Deliver DATA 5, ID 10149
045.469 .... 150 packets received, 6815 bps, 85.19%, Err 4 (1.2e-05)
045.469 Slide RECV window, expect 6 next
045.596 ---- ACK timeout
045.596 Send ACK  5
045.739 Recv DATA 6 11, ID 10150
045.739 Deliver DATA 6, ID 10150
045.739 Slide RECV window, expect 7 next
045.866 ---- ACK timeout
045.866 Send ACK  6
046.007 Recv DATA 7 11, ID 10151
046.008 Deliver DATA 7, ID 10151
046.008 Slide RECV window, expect 8 next
046.135 ---- ACK timeout
046.135 Send ACK  7
046.277 Recv DATA 8 12, ID 10152
046.277 Deliver DATA 8, ID 10152
046.277 Slide RECV window, expect 9 next
046.277 Acked DATA 12, slide SEND window
046.277 Send DATA 4 8, ID 20148
046.546 Recv DATA 9 13, ID 10153
046.546 Deliver DATA 9, ID 10153
046.546 Slide RECV window, expect 10 next
046.546 Acked DATA 13, slide SEND window
046.546 Send DATA 5 9, ID 20149
046.578 Recv ACK  14
046.578 Acked DATA 14, slide SEND window
046.578 Send DATA 6 9, ID 20150
046.689 Recv ACK  15
046.689 Acked DATA 15, slide SEND window
046.690 Send DATA 7 9, ID 20151
046.784 Recv ACK  0
046.784 Acked DATA 0, slide SEND window
046.784 Send DATA 8 9, ID 20152
046.800 Recv ACK  1
046.800 Acked DATA 1, slide SEND window
046.800 Send DATA 9 9, ID 20153
046.816 Recv ACK  2
046.816 Acked DATA 2, slide SEND window
046.816 Send DATA 10 9, ID 20154
047.039 Recv DATA 10 3, ID 10154
047.039 Deliver DATA 10, ID 10154
047.039 Slide RECV window, expect 11 next
047.039 Acked DATA 3, slide SEND window
047.040 Send DATA 11 10, ID 20155
047.310 Recv DATA 11 3, ID 10155
047.310 Deliver DATA 11, ID 10155
047.310 Slide RECV window, expect 12 next
047.438 ---- ACK timeout
047.438 Send ACK  11
047.580 Recv DATA 12 3, ID 10156
047.580 Deliver DATA 12, ID 10156
047.580 .... 157 packets received, 6814 bps, 85.17%, Err 4 (1.2e-05)
047.580 Slide RECV window, expect 13 next
047.706 ---- ACK timeout
047.706 Send ACK  12
047.833 Recv DATA 13 3, ID 10157
047.833 Deliver DATA 13, ID 10157
047.833 Slide RECV window, expect 14 next
047.961 ---- ACK timeout
047.961 Send ACK  13
048.120 Recv DATA 14 3, ID 10158
048.120 Deliver DATA 14, ID 10158
048.120 Slide RECV window, expect 15 next
048.246 ---- ACK timeout
048.246 Send ACK  14
048.357 Recv DATA 15 3, ID 10159
048.357 Deliver DATA 15, ID 10159
048.357 Slide RECV window, expect 0 next
048.483 ---- ACK timeout
048.483 Send ACK  15
048.626 Recv DATA 0 4, ID 10160
048.626 Deliver DATA 0, ID 10160
048.626 Slide RECV window, expect 1 next
048.626 Acked DATA 4, slide SEND window
048.626 Send DATA 12 0, ID 20156
048.897 Recv DATA 1 5, ID 10161
048.898 Deliver DATA 1, ID 10161
048.898 Slide RECV window, expect 2 next
048.898 Acked DATA 5, slide SEND window
048.898 Send DATA 13 1, ID 20157
048.928 Recv ACK  6
048.928 Acked DATA 6, slide SEND window
048.929 Send DATA 14 1, ID 20158
048.960 Recv ACK  7
048.960 Acked DATA 7, slide SEND window
048.960 Send DATA 15 1, ID 20159
048.992 Recv ACK  8
048.992 Acked DATA 8, slide SEND window
048.992 Send DATA 0 1, ID 20160
049.024 Recv ACK  9
049.024 Acked DATA 9, slide SEND window
049.024 Send DATA 1 1, ID 20161
049.055 Recv ACK  10
049.055 Acked DATA 10, slide SEND window
049.056 Send DATA 2 1, ID 20162
049.214 Recv DATA 2 11, ID 10162
049.214 Deliver DATA 2, ID 10162
049.214 Slide RECV window, expect 3 next
049.214 Acked DATA 11, slide SEND window
049.214 Send DATA 3 2, ID 20163
049.468 Recv DATA 3 11, ID 10163
049.468 Deliver DATA 3, ID 10163
049.468 Slide RECV window, expect 4 next
049.595 ---- ACK timeout
049.595 Send ACK  3
049.738 Recv DATA 4 11, ID 10164
049.738 Deliver DATA 4, ID 10164
049.738 .... 165 packets received, 6848 bps, 85.60%, Err 4 (1.1e-05)
049.738 Slide RECV window, expect 5 next
049.754 Impose noise on received data, 5/362904=1.4E-05
049.865 ---- ACK timeout
049.865 Send ACK  4
049.991 Recv DATA 5 11, ID 10165
049.991 Deliver DATA 5, ID 10165
049.991 Slide RECV window, expect 6 next
050.118 ---- ACK timeout
050.118 Send ACK  5
050.276 **** Receiver Error, Bad CRC Checksum
050.276 Request NAK for 6
050.276 Send NAK  6
050.515 Recv DATA 7 11, ID 10167
050.547 Recv NAK  12
050.547 ---- Resend DATA 12 on NAK
050.547 Send DATA 12 5, ID 20156
050.786 Recv DATA 8 11, ID 10168
051.056 Recv DATA 9 11, ID 10169
051.565 Recv DATA 10 11, ID 10170
051.835 Recv DATA 11 11, ID 10171
052.089 Recv DATA 12 11, ID 10172
052.359 Recv DATA 13 11, ID 10173
052.406 ---- DATA 13 timeout
052.406 Send DATA 13 5, ID 20157
052.629 Recv DATA 6 11, ID 10166
052.629 Deliver DATA 6, ID 10166
052.629 .... 167 packets received, 6547 bps, 81.84%, Err 5 (1.3e-05)
052.629 Deliver DATA 7, ID 10167
052.629 Deliver DATA 8, ID 10168
052.630 Deliver DATA 9, ID 10169
052.630 Deliver DATA 10, ID 10170
052.630 Deliver DATA 11, ID 10171
052.630 Deliver DATA 12, ID 10172
052.630 Deliver DATA 13, ID 10173
052.630 Slide RECV window, expect 14 next
052.630 Recv ACK  3
052.630 Acked DATA 12, slide SEND window
052.630 Acked DATA 13, slide SEND window
052.630 Acked DATA 14, slide SEND window
052.630 Acked DATA 15, slide SEND window
052.630 Acked DATA 0, slide SEND window
052.630 Acked DATA 1, slide SEND window
052.630 Acked DATA 2, slide SEND window
052.630 Acked DATA 3, slide SEND window
052.630 Send DATA 4 13, ID 20164
052.630 Send DATA 5 13, ID 20165
052.630 Send DATA 6 13, ID 20166
052.630 Send DATA 7 13, ID 20167
052.630 Send DATA 8 13, ID 20168
052.630 Send DATA 9 13, ID 20169
053.359 Recv ACK  3
053.359 Send DATA 10 13, ID 20170
053.359 Send DATA 11 13, ID 20171
053.757 Recv DATA 14 4, ID 10174
053.757 Deliver DATA 14, ID 10174
053.757 Slide RECV window, expect 15 next
053.757 Acked DATA 4, slide SEND window
053.757 Send DATA 12 14, ID 20172
054.028 Recv DATA 15 4, ID 10175
054.028 Deliver DATA 15, ID 10175
054.028 Slide RECV window, expect 0 next
054.154 ---- ACK timeout
054.154 Send ACK  15
054.266 Recv DATA 0 4, ID 10176
054.266 Deliver DATA 0, ID 10176
054.266 Slide RECV window, expect 1 next
054.393 ---- ACK timeout
054.393 Send ACK  0
054.535 Recv DATA 1 4, ID 10177
054.535 Deliver DATA 1, ID 10177
054.536 Slide RECV window, expect 2 next
054.662 ---- ACK timeout
054.662 Send ACK  1
054.805 Recv DATA 2 4, ID 10178
054.805 Deliver DATA 2, ID 10178
054.805 .... 179 packets received, 6737 bps, 84.22%, Err 5 (1.3e-05)
054.805 Slide RECV window, expect 3 next
054.932 ---- ACK timeout
054.932 Send ACK  2
055.059 Recv DATA 3 4, ID 10179
055.059 Deliver DATA 3, ID 10179
055.059 Slide RECV window, expect 4 next
055.186 ---- ACK timeout
055.186 Send ACK  3
055.329 Recv DATA 4 4, ID 10180
055.329 Deliver DATA 4, ID 10180
055.329 Slide RECV window, expect 5 next
055.455 ---- ACK timeout
055.455 Send ACK  4
055.597 Recv DATA 5 5, ID 10181
055.597 Deliver DATA 5, ID 10181
055.606 Slide RECV window, expect 6 next
055.606 Acked DATA 5, slide SEND window
055.606 Send DATA 13 5, ID 20173
055.629 Recv ACK  6
055.629 Acked DATA 6, slide SEND window
055.629 Send DATA 14 5, ID 20174
055.645 Recv ACK  7
055.645 Acked DATA 7, slide SEND window
055.645 Send DATA 15 5, ID 20175
055.676 Recv ACK  8
055.676 Acked DATA 8, slide SEND window
055.676 Send DATA 0 5, ID 20176
055.692 Recv ACK  9
055.692 Acked DATA 9, slide SEND window
055.692 Send DATA 1 5, ID 20177
055.708 Recv ACK  10
055.708 Acked DATA 10, slide SEND window
055.708 Send DATA 2 5, ID 20178
055.724 Recv ACK  11
055.724 Acked DATA 11, slide SEND window
055.724 Send DATA 3 5, ID 20179
055.898 Recv DATA 6 12, ID 10182
055.898 Deliver DATA 6, ID 10182
055.898 Slide RECV window, expect 7 next
055.898 Acked DATA 12, slide SEND window
055.899 Send DATA 4 6, ID 20180
056.168 Recv DATA 7 12, ID 10183
056.168 Deliver DATA 7, ID 10183
056.168 Slide RECV window, expect 8 next
056.295 ---- ACK timeout
056.295 Send ACK  7
056.421 Recv DATA 8 12, ID 10184
056.421 Deliver DATA 8, ID 10184
056.422 Slide RECV window, expect 9 next
056.549 ---- ACK timeout
056.549 Send ACK  8
056.691 Recv DATA 9 12, ID 10185
056.691 Deliver DATA 9, ID 10185
056.691 Slide RECV window, expect 10 next
056.819 ---- ACK timeout
056.819 Send ACK  9
056.946 Recv DATA 10 12, ID 10186
056.946 Deliver DATA 10, ID 10186
056.946 .... 187 packets received, 6772 bps, 84.65%, Err 5 (1.2e-05)
056.946 Slide RECV window, expect 11 next
057.073 ---- ACK timeout
057.073 Send ACK  10
057.216 Recv DATA 11 12, ID 10187
057.216 Deliver DATA 11, ID 10187
057.216 Slide RECV window, expect 12 next
057.344 ---- ACK timeout
057.344 Send ACK  11
057.486 Recv DATA 12 12, ID 10188
057.486 Deliver DATA 12, ID 10188
057.486 Slide RECV window, expect 13 next
057.613 ---- ACK timeout
057.613 Send ACK  12
057.741 Recv DATA 13 13, ID 10189
057.741 Deliver DATA 13, ID 10189
057.741 Slide RECV window, expect 14 next
057.741 Acked DATA 13, slide SEND window
057.741 Send DATA 5 13, ID 20181
057.757 Recv ACK  14
057.757 Acked DATA 14, slide SEND window
057.757 Send DATA 6 13, ID 20182
057.788 Recv ACK  15
057.789 Acked DATA 15, slide SEND window
057.789 Send DATA 7 13, ID 20183
057.869 Recv ACK  0
057.869 Acked DATA 0, slide SEND window
057.869 Send DATA 8 13, ID 20184
058.139 Recv ACK  1
058.139 Acked DATA 1, slide SEND window
058.139 Send DATA 9 13, ID 20185
058.266 Recv ACK  2
058.266 Acked DATA 2, slide SEND window
058.266 Send DATA 10 13, ID 20186
058.297 Recv ACK  3
058.297 Acked DATA 3, slide SEND window
058.298 Send DATA 11 13, ID 20187
058.504 Recv DATA 14 4, ID 10190
058.504 Deliver DATA 14, ID 10190
058.504 Slide RECV window, expect 15 next
058.504 Acked DATA 4, slide SEND window
058.504 Send DATA 12 14, ID 20188
058.773 Recv DATA 15 4, ID 10191
058.773 Deliver DATA 15, ID 10191
058.773 Slide RECV window, expect 0 next
058.900 ---- ACK timeout
058.900 Send ACK  15
059.027 Recv DATA 0 4, ID 10192
059.027 Deliver DATA 0, ID 10192
059.027 .... 193 packets received, 6741 bps, 84.26%, Err 5 (1.2e-05)
059.027 Slide RECV window, expect 1 next
059.154 ---- ACK timeout
059.154 Send ACK  0
059.296 Recv DATA 1 4, ID 10193
059.296 Deliver DATA 1, ID 10193
059.296 Slide RECV window, expect 2 next
059.423 ---- ACK timeout
059.423 Send ACK  1
059.566 Recv DATA 2 4, ID 10194
059.566 Deliver DATA 2, ID 10194
059.566 Slide RECV window, expect 3 next
059.693 ---- ACK timeout
059.693 Send ACK  2
059.820 Recv DATA 3 4, ID 10195
059.820 Deliver DATA 3, ID 10195
059.820 Slide RECV window, expect 4 next
059.947 ---- ACK timeout
059.947 Send ACK  3
060.090 Recv DATA 4 4, ID 10196
060.090 Deliver DATA 4, ID 10196
060.090 Slide RECV window, expect 5 next
060.232 ---- ACK timeout
060.232 Send ACK  4
060.359 Recv DATA 5 5, ID 10197
060.359 Deliver DATA 5, ID 10197
060.359 Slide RECV window, expect 6 next
060.359 Acked DATA 5, slide SEND window
060.359 Send DATA 13 5, ID 20189
060.390 Recv ACK  6
060.390 Acked DATA 6, slide SEND window
060.390 Send DATA 14 5, ID 20190
060.406 Recv ACK  7
060.406 Acked DATA 7, slide SEND window
060.416 Recv ACK  8
060.416 Acked DATA 8, slide SEND window
060.416 Send DATA 15 5, ID 20191
060.416 Send DATA 0 5, ID 20192
060.454 Recv ACK  9
060.454 Acked DATA 9, slide SEND window
060.454 Send DATA 1 5, ID 20193
060.470 Recv ACK  10
060.470 Acked DATA 10, slide SEND window
060.470 Send DATA 2 5, ID 20194
060.502 Recv ACK  11
060.502 Acked DATA 11, slide SEND window
060.502 Send DATA 3 5, ID 20195
060.661 Recv DATA 6 12, ID 10198
060.661 Deliver DATA 6, ID 10198
060.661 Slide RECV window, expect 7 next
060.661 Acked DATA 12, slide SEND window
060.661 Send DATA 4 6, ID 20196
060.930 Recv DATA 7 12, ID 10199
060.930 Deliver DATA 7, ID 10199
060.930 Slide RECV window, expect 8 next
061.058 ---- ACK timeout
061.058 Send ACK  7
061.200 Recv DATA 8 12, ID 10200
061.200 Deliver DATA 8, ID 10200
061.200 .... 201 packets received, 6770 bps, 84.62%, Err 5 (1.1e-05)
061.200 Slide RECV window, expect 9 next
061.327 ---- ACK timeout
061.327 Send ACK  8
061.454 Recv DATA 9 12, ID 10201
061.454 Deliver DATA 9, ID 10201
061.454 Slide RECV window, expect 10 next
061.581 ---- ACK timeout
061.581 Send ACK  9
061.739 Recv DATA 10 12, ID 10202
061.739 Deliver DATA 10, ID 10202
061.739 Slide RECV window, expect 11 next
061.770 Recv NAK  13
061.770 ---- Resend DATA 13 on NAK
061.770 Send DATA 13 10, ID 20189
062.008 Recv DATA 11 12, ID 10203
062.008 Deliver DATA 11, ID 10203
062.008 Slide RECV window, expect 12 next
062.136 ---- ACK timeout
062.136 Send ACK  11
062.246 Recv DATA 12 12, ID 10204
062.246 Deliver DATA 12, ID 10204
062.246 Slide RECV window, expect 13 next
062.373 ---- ACK timeout
062.373 Send ACK  12
062.514 Recv DATA 13 13, ID 10205
062.514 Deliver DATA 13, ID 10205
062.514 Slide RECV window, expect 14 next
062.514 Acked DATA 13, slide SEND window
062.514 Send DATA 5 13, ID 20197
062.545 Recv ACK  14
062.545 Acked DATA 14, slide SEND window
062.546 Send DATA 6 13, ID 20198
062.608 Recv ACK  15
062.608 Acked DATA 15, slide SEND window
062.608 Send DATA 7 13, ID 20199
062.877 Recv ACK  0
062.877 Acked DATA 0, slide SEND window
062.877 Send DATA 8 13, ID 20200
063.036 Recv ACK  1
063.036 Acked DATA 1, slide SEND window
063.036 Send DATA 9 13, ID 20201
063.067 Recv ACK  2
063.067 Acked DATA 2, slide SEND window
063.067 Send DATA 10 13, ID 20202
063.114 Recv ACK  3
063.114 Acked DATA 3, slide SEND window
063.114 Send DATA 11 13, ID 20203
063.303 Recv DATA 14 4, ID 10206
063.303 Deliver DATA 14, ID 10206
063.303 .... 207 packets received, 6739 bps, 84.23%, Err 5 (1.1e-05)
063.304 Slide RECV window, expect 15 next
063.304 Acked DATA 4, slide SEND window
063.304 Send DATA 12 14, ID 20204
063.559 Recv DATA 15 4, ID 10207
063.559 Deliver DATA 15, ID 10207
063.559 Slide RECV window, expect 0 next
063.686 ---- ACK timeout
063.686 Send ACK  15
063.796 Recv DATA 0 4, ID 10208
063.796 Deliver DATA 0, ID 10208
063.796 Slide RECV window, expect 1 next
063.924 ---- ACK timeout
063.924 Send ACK  0
064.082 Recv DATA 1 4, ID 10209
064.082 Deliver DATA 1, ID 10209
064.082 Slide RECV window, expect 2 next
064.209 ---- ACK timeout
064.209 Send ACK  1
064.352 Recv DATA 2 4, ID 10210
064.352 Deliver DATA 2, ID 10210
064.352 Slide RECV window, expect 3 next
064.479 ---- ACK timeout
064.479 Send ACK  2
064.590 Recv DATA 3 4, ID 10211
064.590 Deliver DATA 3, ID 10211
064.590 Slide RECV window, expect 4 next
064.716 ---- ACK timeout
064.716 Send ACK  3
064.875 Recv DATA 4 4, ID 10212
064.875 Deliver DATA 4, ID 10212
064.875 Slide RECV window, expect 5 next
065.002 ---- ACK timeout
065.002 Send ACK  4
065.130 Recv DATA 5 5, ID 10213
065.130 Deliver DATA 5, ID 10213
065.130 Slide RECV window, expect 6 next
065.130 Acked DATA 5, slide SEND window
065.130 Send DATA 13 5, ID 20205
065.162 Recv ACK  6
065.162 Acked DATA 6, slide SEND window
065.162 Send DATA 14 5, ID 20206
065.273 Recv ACK  7
065.273 Acked DATA 7, slide SEND window
065.273 Send DATA 15 5, ID 20207
065.304 Recv ACK  8
065.304 Acked DATA 8, slide SEND window
065.304 Send DATA 0 5, ID 20208
065.431 Recv ACK  9
065.431 Acked DATA 9, slide SEND window
065.431 Send DATA 1 5, ID 20209
065.463 Recv ACK  10
065.463 Acked DATA 10, slide SEND window
065.463 Send DATA 2 5, ID 20210
065.479 Recv ACK  11
065.479 Acked DATA 11, slide SEND window
065.479 Send DATA 3 5, ID 20211
065.700 Recv DATA 6 12, ID 10214
065.700 Deliver DATA 6, ID 10214
065.700 .... 215 packets received, 6742 bps, 84.28%, Err 5 (1.1e-05)
065.701 Slide RECV window, expect 7 next
065.701 Acked DATA 12, slide SEND window
065.701 Send DATA 4 6, ID 20212
065.970 Recv DATA 7 12, ID 10215
065.970 Deliver DATA 7, ID 10215
065.970 Slide RECV window, expect 8 next
066.097 ---- ACK timeout
066.097 Send ACK  7
066.224 Recv DATA 8 12, ID 10216
066.224 Deliver DATA 8, ID 10216
066.224 Slide RECV window, expect 9 next
066.352 ---- ACK timeout
066.352 Send ACK  8
066.479 Recv DATA 9 12, ID 10217
066.479 Deliver DATA 9, ID 10217
066.479 Slide RECV window, expect 10 next
066.606 ---- ACK timeout
066.606 Send ACK  9
066.765 Recv DATA 10 12, ID 10218
066.765 Deliver DATA 10, ID 10218
066.765 Slide RECV window, expect 11 next
066.892 ---- ACK timeout
066.892 Send ACK  10
067.004 Recv DATA 11 12, ID 10219
067.004 Deliver DATA 11, ID 10219
067.004 Slide RECV window, expect 12 next
067.132 ---- ACK timeout
067.132 Send ACK  11
067.274 Recv DATA 12 12, ID 10220
067.274 Deliver DATA 12, ID 10220
067.274 Slide RECV window, expect 13 next
067.401 ---- ACK timeout
067.401 Send ACK  12
067.528 Recv DATA 13 13, ID 10221
067.528 Deliver DATA 13, ID 10221
067.528 Slide RECV window, expect 14 next
067.528 Acked DATA 13, slide SEND window
067.528 Send DATA 5 13, ID 20213
067.560 Recv ACK  14
067.560 Acked DATA 14, slide SEND window
067.560 Send DATA 6 13, ID 20214
067.576 Recv ACK  15
067.576 Acked DATA 15, slide SEND window
067.576 Send DATA 7 13, ID 20215
067.592 Recv ACK  0
067.592 Acked DATA 0, slide SEND window
067.592 Send DATA 8 13, ID 20216
067.655 Recv ACK  1
067.655 Acked DATA 1, slide SEND window
067.655 Send DATA 9 13, ID 20217
067.797 Recv ACK  2
067.797 Acked DATA 2, slide SEND window
067.797 Send DATA 10 13, ID 20218
067.829 Recv ACK  3
067.829 Acked DATA 3, slide SEND window
067.829 Send DATA 11 13, ID 20219
068.035 Recv DATA 14 4, ID 10222
068.035 Deliver DATA 14, ID 10222
068.035 .... 223 packets received, 6752 bps, 84.40%, Err 5 (1.0e-05)
068.035 Slide RECV window, expect 15 next
068.035 Acked DATA 4, slide SEND window
068.035 Send DATA 12 14, ID 20220
068.306 Recv DATA 15 4, ID 10223
068.306 Deliver DATA 15, ID 10223
068.306 Slide RECV window, expect 0 next
068.433 ---- ACK timeout
068.433 Send ACK  15
068.560 Recv DATA 0 4, ID 10224
068.560 Deliver DATA 0, ID 10224
068.560 Slide RECV window, expect 1 next
068.687 ---- ACK timeout
068.687 Send ACK  0
068.830 Recv DATA 1 4, ID 10225
068.830 Deliver DATA 1, ID 10225
068.830 Slide RECV window, expect 2 next
068.957 ---- ACK timeout
068.957 Send ACK  1
069.099 Recv DATA 2 4, ID 10226
069.099 Deliver DATA 2, ID 10226
069.099 Slide RECV window, expect 3 next
069.227 ---- ACK timeout
069.227 Send ACK  2
069.369 Recv DATA 3 4, ID 10227
069.369 Deliver DATA 3, ID 10227
069.369 Slide RECV window, expect 4 next
069.496 ---- ACK timeout
069.496 Send ACK  3
069.623 Recv DATA 4 4, ID 10228
069.623 Deliver DATA 4, ID 10228
069.623 Slide RECV window, expect 5 next
069.750 ---- ACK timeout
069.750 Send ACK  4
069.894 Recv DATA 5 5, ID 10229
069.894 Deliver DATA 5, ID 10229
069.894 Slide RECV window, expect 6 next
069.894 Acked DATA 5, slide SEND window
069.894 Send DATA 13 5, ID 20221
069.926 Recv ACK  6
069.926 Acked DATA 6, slide SEND window
069.926 Send DATA 14 5, ID 20222
069.957 Recv ACK  7
069.957 Acked DATA 7, slide SEND window
069.957 Send DATA 15 5, ID 20223
070.069 Recv ACK  8
070.069 Acked DATA 8, slide SEND window
070.069 Send DATA 0 5, ID 20224
070.195 Recv ACK  9
070.195 Acked DATA 9, slide SEND window
070.195 Send DATA 1 5, ID 20225
070.227 Recv ACK  10
070.228 Acked DATA 10, slide SEND window
070.228 Send DATA 2 5, ID 20226
070.259 Recv ACK  11
070.259 Acked DATA 11, slide SEND window
070.259 Send DATA 3 5, ID 20227
070.434 Recv DATA 6 12, ID 10230
070.434 Deliver DATA 6, ID 10230
070.434 .... 231 packets received, 6754 bps, 84.43%, Err 5 (9.9e-06)
070.443 Slide RECV window, expect 7 next
070.443 Acked DATA 12, slide SEND window
070.443 Send DATA 4 6, ID 20228
070.704 Recv DATA 7 12, ID 10231
070.704 Deliver DATA 7, ID 10231
070.704 Slide RECV window, expect 8 next
070.830 ---- ACK timeout
070.830 Send ACK  7
070.973 Recv DATA 8 12, ID 10232
070.973 Deliver DATA 8, ID 10232
070.973 Slide RECV window, expect 9 next
071.101 ---- ACK timeout
071.101 Send ACK  8
071.228 Recv DATA 9 12, ID 10233
071.228 Deliver DATA 9, ID 10233
071.228 Slide RECV window, expect 10 next
071.355 ---- ACK timeout
071.355 Send ACK  9
071.498 Recv DATA 10 12, ID 10234
071.498 Deliver DATA 10, ID 10234
071.498 Slide RECV window, expect 11 next
071.624 ---- ACK timeout
071.624 Send ACK  10
071.767 Recv DATA 11 12, ID 10235
071.767 Deliver DATA 11, ID 10235
071.767 Slide RECV window, expect 12 next
071.894 ---- ACK timeout
071.894 Send ACK  11
072.036 Recv DATA 12 12, ID 10236
072.036 Deliver DATA 12, ID 10236
072.036 Slide RECV window, expect 13 next
072.163 ---- ACK timeout
072.163 Send ACK  12
072.306 Recv DATA 13 13, ID 10237
072.306 Deliver DATA 13, ID 10237
072.306 Slide RECV window, expect 14 next
072.306 Acked DATA 13, slide SEND window
072.306 Send DATA 5 13, ID 20229
072.337 Recv ACK  14
072.337 Acked DATA 14, slide SEND window
072.338 Send DATA 6 13, ID 20230
072.416 Recv ACK  15
072.417 Acked DATA 15, slide SEND window
072.417 Send DATA 7 13, ID 20231
072.559 Recv ACK  0
072.559 Acked DATA 0, slide SEND window
072.559 Send DATA 8 13, ID 20232
072.575 Recv ACK  1
072.575 Acked DATA 1, slide SEND window
072.575 Send DATA 9 13, ID 20233
072.607 Recv ACK  2
072.607 Acked DATA 2, slide SEND window
072.607 Send DATA 10 13, ID 20234
072.638 Recv ACK  3
072.638 Acked DATA 3, slide SEND window
072.638 Send DATA 11 13, ID 20235
072.813 Recv DATA 14 4, ID 10238
072.813 Deliver DATA 14, ID 10238
072.813 .... 239 packets received, 6759 bps, 84.48%, Err 5 (9.5e-06)
072.813 Slide RECV window, expect 15 next
072.813 Acked DATA 4, slide SEND window
072.814 Send DATA 12 14, ID 20236
073.066 Recv DATA 15 4, ID 10239
073.066 Deliver DATA 15, ID 10239
073.066 Slide RECV window, expect 0 next
073.193 ---- ACK timeout
073.193 Send ACK  15
073.320 Recv DATA 0 4, ID 10240
073.321 Deliver DATA 0, ID 10240
073.321 Slide RECV window, expect 1 next
073.448 ---- ACK timeout
073.448 Send ACK  0
073.591 Recv DATA 1 4, ID 10241
073.591 Deliver DATA 1, ID 10241
073.591 Slide RECV window, expect 2 next
073.734 ---- ACK timeout
073.734 Send ACK  1
073.861 Recv DATA 2 4, ID 10242
073.861 Deliver DATA 2, ID 10242
073.861 Slide RECV window, expect 3 next
073.988 ---- ACK timeout
073.988 Send ACK  2
074.131 Recv DATA 3 4, ID 10243
074.131 Deliver DATA 3, ID 10243
074.132 Slide RECV window, expect 4 next
074.258 ---- ACK timeout
074.258 Send ACK  3
074.385 Recv DATA 4 4, ID 10244
074.385 Deliver DATA 4, ID 10244
074.385 Slide RECV window, expect 5 next
074.512 ---- ACK timeout
074.512 Send ACK  4
074.655 Recv DATA 5 5, ID 10245
074.655 Deliver DATA 5, ID 10245
074.655 Slide RECV window, expect 6 next
074.655 Acked DATA 5, slide SEND window
074.655 Send DATA 13 5, ID 20237
074.687 Recv ACK  6
074.687 Acked DATA 6, slide SEND window
074.687 Send DATA 14 5, ID 20238
074.829 Recv ACK  7
074.829 Acked DATA 7, slide SEND window
074.829 Send DATA 15 5, ID 20239
074.988 Recv ACK  8
074.988 Acked DATA 8, slide SEND window
074.988 Send DATA 0 5, ID 20240
075.020 Recv ACK  9
075.020 Acked DATA 9, slide SEND window
075.020 Send DATA 1 5, ID 20241
075.051 Recv ACK  10
075.051 Acked DATA 10, slide SEND window
075.052 Send DATA 2 5, ID 20242
075.083 Recv ACK  11
075.083 Acked DATA 11, slide SEND window
075.083 Send DATA 3 5, ID 20243
075.225 Recv DATA 6 12, ID 10246
075.225 Deliver DATA 6, ID 10246
075.225 .... 247 packets received, 6760 bps, 84.50%, Err 5 (9.2e-06)
075.225 Slide RECV window, expect 7 next
075.225 Acked DATA 12, slide SEND window
075.225 Send DATA 4 6, ID 20244
075.257 Impose noise on received data, 6/541464=1.1E-05
075.496 Recv DATA 7 12, ID 10247
075.496 Deliver DATA 7, ID 10247
075.505 Slide RECV window, expect 8 next
075.623 ---- ACK timeout
075.623 Send ACK  7
075.766 **** Receiver Error, Bad CRC Checksum
075.766 Request NAK for 8
075.766 Send NAK  8
076.036 Recv DATA 9 12, ID 10249
076.290 Recv DATA 10 12, ID 10250
076.560 Recv DATA 11 12, ID 10251
076.830 Recv DATA 12 12, ID 10252
077.100 Recv DATA 13 13, ID 10253
077.100 Acked DATA 13, slide SEND window
077.100 Send DATA 5 7, ID 20245
077.132 Recv ACK  14
077.132 Acked DATA 14, slide SEND window
077.132 Recv ACK  15
077.132 Acked DATA 15, slide SEND window
077.132 Send DATA 6 7, ID 20246
077.132 Send DATA 7 7, ID 20247
077.196 Recv ACK  0
077.196 Acked DATA 0, slide SEND window
077.196 Send DATA 8 7, ID 20248
077.323 Recv ACK  1
077.323 Acked DATA 1, slide SEND window
077.324 Send DATA 9 7, ID 20249
077.355 Recv ACK  2
077.355 Acked DATA 2, slide SEND window
077.356 Send DATA 10 7, ID 20250
077.371 Recv ACK  3
077.371 Acked DATA 3, slide SEND window
077.371 Send DATA 11 7, ID 20251
077.562 Recv DATA 14 4, ID 10254
077.562 Acked DATA 4, slide SEND window
077.562 Send DATA 12 7, ID 20252
077.929 Recv DATA 15 4, ID 10255
078.198 Recv DATA 8 4, ID 10248
078.198 Deliver DATA 8, ID 10248
078.199 .... 249 packets received, 6554 bps, 81.93%, Err 6 (1.1e-05)
078.199 Deliver DATA 9, ID 10249
078.199 Deliver DATA 10, ID 10250
078.199 Deliver DATA 11, ID 10251
078.199 Deliver DATA 12, ID 10252
078.199 Deliver DATA 13, ID 10253
078.199 Deliver DATA 14, ID 10254
078.199 Deliver DATA 15, ID 10255
078.199 Slide RECV window, expect 0 next
078.326 Recv ACK  5
078.326 Acked DATA 5, slide SEND window
078.326 Send DATA 13 15, ID 20253
078.580 Recv ACK  6
078.580 Acked DATA 6, slide SEND window
078.580 Send DATA 14 15, ID 20254
078.849 Recv ACK  7
078.849 Acked DATA 7, slide SEND window
078.849 Send DATA 15 15, ID 20255
079.102 Recv ACK  8
079.102 Acked DATA 8, slide SEND window
079.103 Send DATA 0 15, ID 20256
079.373 Recv ACK  9
079.373 Acked DATA 9, slide SEND window
079.373 Send DATA 1 15, ID 20257
079.389 Recv ACK  10
079.389 Acked DATA 10, slide SEND window
079.389 Send DATA 2 15, ID 20258
079.643 Recv ACK  11
079.643 Acked DATA 11, slide SEND window
079.644 Send DATA 3 15, ID 20259
079.898 Recv ACK  12
079.898 Acked DATA 12, slide SEND window
079.898 Send DATA 4 15, ID 20260
080.216 Recv DATA 9 12, ID 10249
080.216 Ignore out-of-window DATA 9
080.342 ---- ACK timeout
080.342 Send ACK  15
080.483 Recv DATA 0 13, ID 10256
080.483 Deliver DATA 0, ID 10256
080.483 .... 257 packets received, 6572 bps, 82.15%, Err 6 (1.1e-05)
080.483 Slide RECV window, expect 1 next
080.483 Acked DATA 13, slide SEND window
080.483 Send DATA 5 0, ID 20261
080.737 Recv DATA 1 13, ID 10257
080.737 Deliver DATA 1, ID 10257
080.737 Slide RECV window, expect 2 next
080.865 ---- ACK timeout
080.865 Send ACK  1
081.023 Recv DATA 2 13, ID 10258
081.023 Deliver DATA 2, ID 10258
081.023 Slide RECV window, expect 3 next
081.150 ---- ACK timeout
081.150 Send ACK  2
081.293 Recv DATA 3 13, ID 10259
081.293 Deliver DATA 3, ID 10259
081.293 Slide RECV window, expect 4 next
081.420 ---- ACK timeout
081.420 Send ACK  3
081.532 Recv DATA 4 13, ID 10260
081.532 Deliver DATA 4, ID 10260
081.532 Slide RECV window, expect 5 next
081.659 ---- ACK timeout
081.659 Send ACK  4
081.801 Recv DATA 5 13, ID 10261
081.801 Deliver DATA 5, ID 10261
081.801 Slide RECV window, expect 6 next
081.929 ---- ACK timeout
081.929 Send ACK  5
082.072 Recv DATA 6 14, ID 10262
082.072 Deliver DATA 6, ID 10262
082.072 Slide RECV window, expect 7 next
082.072 Acked DATA 14, slide SEND window
082.072 Send DATA 6 6, ID 20262
082.342 Recv DATA 7 15, ID 10263
082.342 Deliver DATA 7, ID 10263
082.342 Slide RECV window, expect 8 next
082.342 Acked DATA 15, slide SEND window
082.342 Recv ACK  0
082.342 Acked DATA 0, slide SEND window
082.342 Send DATA 7 7, ID 20263
082.344 Send DATA 8 7, ID 20264
082.374 Recv ACK  1
082.374 Acked DATA 1, slide SEND window
082.374 Send DATA 9 7, ID 20265
082.421 Recv ACK  2
082.421 Acked DATA 2, slide SEND window
082.421 Send DATA 10 7, ID 20266
082.453 Recv ACK  3
082.453 Acked DATA 3, slide SEND window
082.462 Recv ACK  4
082.462 Acked DATA 4, slide SEND window
082.462 Send DATA 11 7, ID 20267
082.462 Send DATA 12 7, ID 20268
082.643 Recv DATA 8 5, ID 10264
082.643 Deliver DATA 8, ID 10264
082.643 .... 265 packets received, 6598 bps, 82.48%, Err 6 (1.0e-05)
082.643 Slide RECV window, expect 9 next
082.643 Acked DATA 5, slide SEND window
082.644 Send DATA 13 8, ID 20269
082.913 Recv DATA 9 5, ID 10265
082.913 Deliver DATA 9, ID 10265
082.914 Slide RECV window, expect 10 next
083.041 ---- ACK timeout
083.041 Send ACK  9
083.151 Recv DATA 10 5, ID 10266
083.151 Deliver DATA 10, ID 10266
083.151 Slide RECV window, expect 11 next
083.278 ---- ACK timeout
083.278 Send ACK  10
083.421 Recv DATA 11 5, ID 10267
083.421 Deliver DATA 11, ID 10267
083.421 Slide RECV window, expect 12 next
083.547 ---- ACK timeout
083.547 Send ACK  11
083.690 Recv DATA 12 5, ID 10268
083.690 Deliver DATA 12, ID 10268
083.690 Slide RECV window, expect 13 next
083.818 ---- ACK timeout
083.818 Send ACK  12
083.961 Recv DATA 13 5, ID 10269
083.961 Deliver DATA 13, ID 10269
083.961 Slide RECV window, expect 14 next
084.088 ---- ACK timeout
084.088 Send ACK  13
084.215 Recv DATA 14 6, ID 10270
084.215 Deliver DATA 14, ID 10270
084.215 Slide RECV window, expect 15 next
084.215 Acked DATA 6, slide SEND window
084.215 Send DATA 14 14, ID 20270
084.468 Recv DATA 15 7, ID 10271
084.468 Deliver DATA 15, ID 10271
084.468 Slide RECV window, expect 0 next
084.468 Acked DATA 7, slide SEND window
084.469 Send DATA 15 15, ID 20271
084.484 Recv ACK  8
084.484 Acked DATA 8, slide SEND window
084.485 Send DATA 0 15, ID 20272
084.516 Recv ACK  9
084.516 Acked DATA 9, slide SEND window
084.517 Send DATA 1 15, ID 20273
084.612 Recv ACK  10
084.612 Acked DATA 10, slide SEND window
084.612 Send DATA 2 15, ID 20274
084.739 Recv ACK  11
084.739 Acked DATA 11, slide SEND window
084.739 Send DATA 3 15, ID 20275
084.755 Recv ACK  12
084.755 Acked DATA 12, slide SEND window
084.755 Send DATA 4 15, ID 20276
085.010 Recv DATA 0 13, ID 10272
085.010 Deliver DATA 0, ID 10272
085.010 .... 273 packets received, 6607 bps, 82.59%, Err 6 (1.0e-05)
085.010 Slide RECV window, expect 1 next
085.010 Acked DATA 13, slide SEND window
085.010 Send DATA 5 0, ID 20277
085.281 Recv DATA 1 13, ID 10273
085.281 Deliver DATA 1, ID 10273
085.281 Slide RECV window, expect 2 next
085.408 ---- ACK timeout
085.408 Send ACK  1
085.534 Recv DATA 2 13, ID 10274
085.534 Deliver DATA 2, ID 10274
085.534 Slide RECV window, expect 3 next
085.662 ---- ACK timeout
085.662 Send ACK  2
085.804 Recv DATA 3 13, ID 10275
085.804 Deliver DATA 3, ID 10275
085.804 Slide RECV window, expect 4 next
085.931 ---- ACK timeout
085.931 Send ACK  3
086.059 Recv DATA 4 13, ID 10276
086.059 Deliver DATA 4, ID 10276
086.059 Slide RECV window, expect 5 next
086.186 ---- ACK timeout
086.186 Send ACK  4
086.313 Recv DATA 5 13, ID 10277
086.313 Deliver DATA 5, ID 10277
086.313 Slide RECV window, expect 6 next
086.440 ---- ACK timeout
086.440 Send ACK  5
086.583 Recv DATA 6 14, ID 10278
086.583 Deliver DATA 6, ID 10278
086.583 Slide RECV window, expect 7 next
086.583 Acked DATA 14, slide SEND window
086.583 Send DATA 6 6, ID 20278
086.853 Recv DATA 7 15, ID 10279
086.853 Deliver DATA 7, ID 10279
086.853 Slide RECV window, expect 8 next
086.853 Acked DATA 15, slide SEND window
086.853 Recv ACK  0
086.853 Acked DATA 0, slide SEND window
086.853 Send DATA 7 7, ID 20279
086.855 Send DATA 8 7, ID 20280
086.884 Recv ACK  1
086.884 Acked DATA 1, slide SEND window
086.885 Send DATA 9 7, ID 20281
086.901 Recv ACK  2
086.901 Acked DATA 2, slide SEND window
086.901 Send DATA 10 7, ID 20282
086.916 Recv ACK  3
086.916 Acked DATA 3, slide SEND window
086.917 Send DATA 11 7, ID 20283
086.932 Recv ACK  4
086.932 Acked DATA 4, slide SEND window
086.933 Send DATA 12 7, ID 20284
087.155 Recv DATA 8 5, ID 10280
087.155 Deliver DATA 8, ID 10280
087.155 .... 281 packets received, 6633 bps, 82.91%, Err 6 (9.7e-06)
087.155 Slide RECV window, expect 9 next
087.155 Acked DATA 5, slide SEND window
087.155 Send DATA 13 8, ID 20285
087.423 Recv DATA 9 5, ID 10281
087.433 Deliver DATA 9, ID 10281
087.433 Slide RECV window, expect 10 next
087.551 ---- ACK timeout
087.551 Send ACK  9
087.678 Recv DATA 10 5, ID 10282
087.678 Deliver DATA 10, ID 10282
087.678 Slide RECV window, expect 11 next
087.805 ---- ACK timeout
087.805 Send ACK  10
087.947 Recv DATA 11 5, ID 10283
087.948 Deliver DATA 11, ID 10283
087.948 Slide RECV window, expect 12 next
088.075 ---- ACK timeout
088.075 Send ACK  11
088.217 Recv DATA 12 5, ID 10284
088.217 Deliver DATA 12, ID 10284
088.217 Slide RECV window, expect 13 next
088.345 ---- ACK timeout
088.345 Send ACK  12
088.471 Recv DATA 13 5, ID 10285
088.471 Deliver DATA 13, ID 10285
088.471 Slide RECV window, expect 14 next
088.597 ---- ACK timeout
088.597 Send ACK  13
088.740 Recv DATA 14 6, ID 10286
088.740 Deliver DATA 14, ID 10286
088.740 Slide RECV window, expect 15 next
088.740 Acked DATA 6, slide SEND window
088.741 Send DATA 14 14, ID 20286
089.010 Recv DATA 15 7, ID 10287
089.010 Deliver DATA 15, ID 10287
089.010 Slide RECV window, expect 0 next
089.010 Acked DATA 7, slide SEND window
089.010 Send DATA 15 15, ID 20287
089.105 Recv ACK  8
089.105 Acked DATA 8, slide SEND window
089.106 Send DATA 0 15, ID 20288
089.248 Recv ACK  9
089.248 Acked DATA 9, slide SEND window
089.249 Send DATA 1 15, ID 20289
089.280 Recv ACK  10
089.280 Acked DATA 10, slide SEND window
089.280 Send DATA 2 15, ID 20290
089.312 Recv ACK  11
089.312 Acked DATA 11, slide SEND window
089.312 Send DATA 3 15, ID 20291
089.344 Recv ACK  12
089.344 Acked DATA 12, slide SEND window
089.344 Send DATA 4 15, ID 20292
089.486 Recv DATA 0 13, ID 10288
089.486 Deliver DATA 0, ID 10288
089.486 .... 289 packets received, 6643 bps, 83.04%, Err 6 (9.4e-06)
089.486 Slide RECV window, expect 1 next
089.486 Acked DATA 13, slide SEND window
089.486 Send DATA 5 0, ID 20293
089.756 Recv DATA 1 13, ID 10289
089.756 Deliver DATA 1, ID 10289
089.756 Slide RECV window, expect 2 next
089.883 ---- ACK timeout
089.883 Send ACK  1
090.026 Recv DATA 2 13, ID 10290
090.026 Deliver DATA 2, ID 10290
090.026 Slide RECV window, expect 3 next
090.152 ---- ACK timeout
090.152 Send ACK  2
090.279 Recv DATA 3 13, ID 10291
090.279 Deliver DATA 3, ID 10291
090.279 Slide RECV window, expect 4 next
090.406 ---- ACK timeout
090.406 Send ACK  3
090.548 Recv DATA 4 13, ID 10292
090.548 Deliver DATA 4, ID 10292
090.548 Slide RECV window, expect 5 next
090.675 ---- ACK timeout
090.675 Send ACK  4
090.817 Recv DATA 5 13, ID 10293
090.817 Deliver DATA 5, ID 10293
090.817 Slide RECV window, expect 6 next
090.945 ---- ACK timeout
090.945 Send ACK  5
091.087 Recv DATA 6 14, ID 10294
091.087 Deliver DATA 6, ID 10294
091.087 Slide RECV window, expect 7 next
091.087 Acked DATA 14, slide SEND window
091.087 Send DATA 6 6, ID 20294
091.358 Recv DATA 7 15, ID 10295
091.358 Deliver DATA 7, ID 10295
091.358 Slide RECV window, expect 8 next
091.358 Acked DATA 15, slide SEND window
091.358 Send DATA 7 7, ID 20295
091.390 Recv ACK  0
091.390 Acked DATA 0, slide SEND window
091.390 Send DATA 8 7, ID 20296
091.422 Recv ACK  1
091.422 Acked DATA 1, slide SEND window
091.422 Send DATA 9 7, ID 20297
091.453 Recv ACK  2
091.453 Acked DATA 2, slide SEND window
091.454 Send DATA 10 7, ID 20298
091.485 Recv ACK  3
091.485 Acked DATA 3, slide SEND window
091.485 Send DATA 11 7, ID 20299
091.517 Recv ACK  4
091.517 Acked DATA 4, slide SEND window
091.517 Send DATA 12 7, ID 20300
091.660 Recv DATA 8 5, ID 10296
091.660 Deliver DATA 8, ID 10296
091.660 .... 297 packets received, 6665 bps, 83.31%, Err 6 (9.2e-06)
091.660 Slide RECV window, expect 9 next
091.660 Acked DATA 5, slide SEND window
091.660 Send DATA 13 8, ID 20301
091.930 Recv DATA 9 5, ID 10297
091.930 Deliver DATA 9, ID 10297
091.930 Slide RECV window, expect 10 next
092.057 ---- ACK timeout
092.057 Send ACK  9
092.199 Recv DATA 10 5, ID 10298
092.199 Deliver DATA 10, ID 10298
092.199 Slide RECV window, expect 11 next
092.326 ---- ACK timeout
092.326 Send ACK  10
092.453 Recv DATA 11 5, ID 10299
092.453 Deliver DATA 11, ID 10299
092.453 Slide RECV window, expect 12 next
092.580 ---- ACK timeout
092.582 Send ACK  11
092.730 Recv DATA 12 5, ID 10300
092.730 Deliver DATA 12, ID 10300
092.730 Slide RECV window, expect 13 next
092.850 ---- ACK timeout
092.850 Send ACK  12
092.977 Recv DATA 13 5, ID 10301
092.977 Deliver DATA 13, ID 10301
092.977 Slide RECV window, expect 14 next
093.104 ---- ACK timeout
093.104 Send ACK  13
093.246 Recv DATA 14 6, ID 10302
093.246 Deliver DATA 14, ID 10302
093.246 Slide RECV window, expect 15 next
093.246 Acked DATA 6, slide SEND window
093.246 Send DATA 14 14, ID 20302
093.516 Recv DATA 15 7, ID 10303
093.516 Deliver DATA 15, ID 10303
093.516 Slide RECV window, expect 0 next
093.516 Acked DATA 7, slide SEND window
093.516 Send DATA 15 15, ID 20303
093.548 Recv ACK  8
093.548 Acked DATA 8, slide SEND window
093.548 Send DATA 0 15, ID 20304
093.612 Recv ACK  9
093.612 Acked DATA 9, slide SEND window
093.612 Send DATA 1 15, ID 20305
093.627 Recv ACK  10
093.627 Acked DATA 10, slide SEND window
093.628 Send DATA 2 15, ID 20306
093.755 Recv ACK  11
093.755 Acked DATA 11, slide SEND window
093.755 Send DATA 3 15, ID 20307
093.786 Recv ACK  12
093.786 Acked DATA 12, slide SEND window
093.786 Send DATA 4 15, ID 20308
094.008 Recv DATA 0 13, ID 10304
094.008 Deliver DATA 0, ID 10304
094.008 .... 305 packets received, 6672 bps, 83.40%, Err 6 (8.9e-06)
094.008 Slide RECV window, expect 1 next
094.008 Acked DATA 13, slide SEND window
094.008 Send DATA 5 0, ID 20309
094.263 Recv DATA 1 13, ID 10305
094.263 Deliver DATA 1, ID 10305
094.263 Slide RECV window, expect 2 next
094.390 ---- ACK timeout
094.390 Send ACK  1
094.516 Recv DATA 2 13, ID 10306
094.516 Deliver DATA 2, ID 10306
094.516 Slide RECV window, expect 3 next
094.643 ---- ACK timeout
094.643 Send ACK  2
094.691 Impose noise on received data, 7/675992=1.0E-05
094.785 Recv DATA 3 13, ID 10307
094.785 Deliver DATA 3, ID 10307
094.785 Slide RECV window, expect 4 next
094.913 ---- ACK timeout
094.913 Send ACK  3
095.054 **** Receiver Error, Bad CRC Checksum
095.054 Request NAK for 4
095.054 Send NAK  4
095.325 Recv DATA 5 13, ID 10309
095.579 Recv DATA 6 14, ID 10310
095.579 Acked DATA 14, slide SEND window
095.579 Send DATA 6 3, ID 20310
095.848 Recv DATA 7 15, ID 10311
095.848 Acked DATA 15, slide SEND window
095.848 Send DATA 7 3, ID 20311
095.880 Recv ACK  0
095.880 Acked DATA 0, slide SEND window
095.880 Send DATA 8 3, ID 20312
095.928 Recv ACK  1
095.928 Acked DATA 1, slide SEND window
095.928 Send DATA 9 3, ID 20313
095.960 Recv ACK  2
095.960 Acked DATA 2, slide SEND window
095.960 Send DATA 10 3, ID 20314
095.976 Recv NAK  3
095.976 ---- Resend DATA 3 on NAK
095.976 Send DATA 3 3, ID 20307
096.182 Recv DATA 8 2, ID 10312
096.469 Recv DATA 9 2, ID 10313
096.691 Recv DATA 10 2, ID 10314
096.977 Recv DATA 11 2, ID 10315
097.232 Recv DATA 4 2, ID 10308
097.232 Deliver DATA 4, ID 10308
097.232 .... 309 packets received, 6535 bps, 81.69%, Err 7 (1.0e-05)
097.232 Deliver DATA 5, ID 10309
097.232 Deliver DATA 6, ID 10310
097.232 Deliver DATA 7, ID 10311
097.232 Deliver DATA 8, ID 10312
097.232 Deliver DATA 9, ID 10313
097.232 Deliver DATA 10, ID 10314
097.232 Deliver DATA 11, ID 10315
097.232 Slide RECV window, expect 12 next
097.359 ---- ACK timeout
097.359 Send ACK  11
097.852 Recv ACK  10
097.852 Acked DATA 3, slide SEND window
097.852 Acked DATA 4, slide SEND window
097.852 Acked DATA 5, slide SEND window
097.852 Acked DATA 6, slide SEND window
097.852 Acked DATA 7, slide SEND window
097.852 Acked DATA 8, slide SEND window
097.852 Acked DATA 9, slide SEND window
097.852 Acked DATA 10, slide SEND window
097.852 Send DATA 11 11, ID 20315
097.853 Send DATA 12 11, ID 20316
097.854 Send DATA 13 11, ID 20317
097.854 Send DATA 14 11, ID 20318
097.854 Send DATA 15 11, ID 20319
097.854 Send DATA 0 11, ID 20320
097.854 Send DATA 1 11, ID 20321
098.185 Recv DATA 12 10, ID 10316
098.185 Deliver DATA 12, ID 10316
098.185 Slide RECV window, expect 13 next
098.185 Send DATA 2 12, ID 20322
098.440 Recv DATA 13 10, ID 10317
098.440 Deliver DATA 13, ID 10317
098.440 Slide RECV window, expect 14 next
098.567 ---- ACK timeout
098.567 Send ACK  13
098.710 Recv DATA 14 10, ID 10318
098.710 Deliver DATA 14, ID 10318
098.710 Slide RECV window, expect 15 next
098.838 ---- ACK timeout
098.838 Send ACK  14
098.981 Recv DATA 15 10, ID 10319
098.981 Deliver DATA 15, ID 10319
098.981 Slide RECV window, expect 0 next
099.108 ---- ACK timeout
099.108 Send ACK  15
099.235 Recv DATA 0 10, ID 10320
099.235 Deliver DATA 0, ID 10320
099.235 .... 321 packets received, 6651 bps, 83.14%, Err 7 (9.9e-06)
099.236 Slide RECV window, expect 1 next
099.363 ---- ACK timeout
099.363 Send ACK  0
099.506 Recv DATA 1 10, ID 10321
099.506 Deliver DATA 1, ID 10321
099.506 Slide RECV window, expect 2 next
099.633 ---- ACK timeout
099.633 Send ACK  1
099.775 Recv DATA 2 10, ID 10322
099.775 Deliver DATA 2, ID 10322
099.775 Slide RECV window, expect 3 next
099.902 ---- ACK timeout
099.902 Send ACK  2
100.014 Recv DATA 3 11, ID 10323
100.014 Deliver DATA 3, ID 10323
100.014 Slide RECV window, expect 4 next
100.014 Acked DATA 11, slide SEND window
100.014 Send DATA 3 3, ID 20323
100.045 Recv ACK  12
100.045 Acked DATA 12, slide SEND window
100.046 Send DATA 4 3, ID 20324
100.125 Recv ACK  13
100.125 Acked DATA 13, slide SEND window
100.125 Send DATA 5 3, ID 20325
100.395 Recv ACK  14
100.395 Acked DATA 14, slide SEND window
100.395 Send DATA 6 3, ID 20326
100.521 Recv ACK  15
100.521 Acked DATA 15, slide SEND window
100.521 Send DATA 7 3, ID 20327
100.553 Recv ACK  0
100.553 Acked DATA 0, slide SEND window
100.553 Send DATA 8 3, ID 20328
100.585 Recv ACK  1
100.585 Acked DATA 1, slide SEND window
100.585 Send DATA 9 3, ID 20329
100.776 Recv DATA 4 2, ID 10324
100.776 Deliver DATA 4, ID 10324
100.776 Slide RECV window, expect 5 next
100.776 Acked DATA 2, slide SEND window
100.776 Send DATA 10 4, ID 20330
101.030 Recv DATA 5 2, ID 10325
101.030 Deliver DATA 5, ID 10325
101.030 Slide RECV window, expect 6 next
101.157 ---- ACK timeout
101.157 Send ACK  5
101.283 Recv DATA 6 2, ID 10326
101.283 Deliver DATA 6, ID 10326
101.283 .... 327 packets received, 6638 bps, 82.97%, Err 7 (9.7e-06)
101.283 Slide RECV window, expect 7 next
101.410 ---- ACK timeout
101.410 Send ACK  6
101.553 Recv DATA 7 2, ID 10327
101.553 Deliver DATA 7, ID 10327
101.553 Slide RECV window, expect 8 next
101.680 ---- ACK timeout
101.680 Send ACK  7
101.822 Recv DATA 8 2, ID 10328
101.822 Deliver DATA 8, ID 10328
101.822 Slide RECV window, expect 9 next
101.950 ---- ACK timeout
101.950 Send ACK  8
102.092 Recv DATA 9 2, ID 10329
102.092 Deliver DATA 9, ID 10329
102.092 Slide RECV window, expect 10 next
102.219 ---- ACK timeout
102.219 Send ACK  9
102.251 Impose noise on received data, 8/727296=1.1E-05
102.346 Recv DATA 10 2, ID 10330
102.346 Deliver DATA 10, ID 10330
102.346 Slide RECV window, expect 11 next
102.473 ---- ACK timeout
102.473 Send ACK  10
102.632 **** Receiver Error, Bad CRC Checksum
102.632 Request NAK for 11
102.632 Send NAK  11
102.664 Recv ACK  4
102.664 Acked DATA 3, slide SEND window
102.664 Acked DATA 4, slide SEND window
102.664 Recv ACK  5
102.664 Acked DATA 5, slide SEND window
102.664 Send DATA 11 10, ID 20331
102.667 Send DATA 12 10, ID 20332
102.667 Send DATA 13 10, ID 20333
102.695 Recv ACK  6
102.695 Acked DATA 6, slide SEND window
102.695 Recv ACK  7
102.695 Acked DATA 7, slide SEND window
102.695 Send DATA 14 10, ID 20334
102.695 Send DATA 15 10, ID 20335
102.711 Recv ACK  8
102.711 Acked DATA 8, slide SEND window
102.711 Send DATA 0 10, ID 20336
102.727 Recv ACK  9
102.727 Acked DATA 9, slide SEND window
102.727 Send DATA 1 10, ID 20337
102.933 Recv DATA 12 10, ID 10332
102.934 Acked DATA 10, slide SEND window
102.934 Send DATA 2 10, ID 20338
103.188 Recv DATA 13 10, ID 10333
103.458 Recv DATA 14 10, ID 10334
103.727 Recv DATA 15 10, ID 10335
103.981 Recv DATA 0 10, ID 10336
104.251 Recv DATA 1 10, ID 10337
104.522 Recv DATA 2 10, ID 10338
104.791 Recv DATA 11 10, ID 10331
104.791 Deliver DATA 11, ID 10331
104.791 .... 332 packets received, 6513 bps, 81.41%, Err 8 (1.1e-05)
104.791 Deliver DATA 12, ID 10332
104.791 Deliver DATA 13, ID 10333
104.791 Deliver DATA 14, ID 10334
104.791 Deliver DATA 15, ID 10335
104.793 Deliver DATA 0, ID 10336
104.793 Deliver DATA 1, ID 10337
104.793 Deliver DATA 2, ID 10338
104.793 Slide RECV window, expect 3 next
104.823 Recv ACK  11
104.823 Acked DATA 11, slide SEND window
104.823 Send DATA 3 2, ID 20339
104.918 Recv ACK  12
104.918 Acked DATA 12, slide SEND window
104.918 Send DATA 4 2, ID 20340
105.186 Recv ACK  13
105.186 Acked DATA 13, slide SEND window
105.187 Send DATA 5 2, ID 20341
105.456 Recv ACK  14
105.456 Acked DATA 14, slide SEND window
105.457 Send DATA 6 2, ID 20342
105.472 Recv ACK  15
105.472 Acked DATA 15, slide SEND window
105.472 Send DATA 7 2, ID 20343
105.615 Recv ACK  0
105.615 Acked DATA 0, slide SEND window
105.615 Send DATA 8 2, ID 20344
105.647 Recv ACK  1
105.647 Acked DATA 1, slide SEND window
105.647 Send DATA 9 2, ID 20345
105.679 Recv ACK  2
105.679 Acked DATA 2, slide SEND window
105.679 Send DATA 10 2, ID 20346
105.869 Recv DATA 3 3, ID 10339
105.869 Deliver DATA 3, ID 10339
105.869 Slide RECV window, expect 4 next
105.869 Acked DATA 3, slide SEND window
105.869 Send DATA 11 3, ID 20347
106.123 Recv DATA 4 3, ID 10340
106.123 Deliver DATA 4, ID 10340
106.123 Slide RECV window, expect 5 next
106.251 ---- ACK timeout
106.251 Send ACK  4
106.393 Recv DATA 5 3, ID 10341
106.393 Deliver DATA 5, ID 10341
106.393 Slide RECV window, expect 6 next
106.520 ---- ACK timeout
106.520 Send ACK  5
106.663 Recv DATA 6 3, ID 10342
106.663 Deliver DATA 6, ID 10342
106.663 Slide RECV window, expect 7 next
106.790 ---- ACK timeout
106.790 Send ACK  6
106.933 Recv DATA 7 3, ID 10343
106.933 Deliver DATA 7, ID 10343
106.933 .... 344 packets received, 6613 bps, 82.66%, Err 8 (1.1e-05)
106.933 Slide RECV window, expect 8 next
107.061 ---- ACK timeout
107.061 Send ACK  7
107.172 Recv DATA 8 3, ID 10344
107.172 Deliver DATA 8, ID 10344
107.172 Slide RECV window, expect 9 next
107.299 ---- ACK timeout
107.299 Send ACK  8
107.441 Recv DATA 9 3, ID 10345
107.441 Deliver DATA 9, ID 10345
107.441 Slide RECV window, expect 10 next
107.568 ---- ACK timeout
107.568 Send ACK  9
107.725 Recv DATA 10 4, ID 10346
107.725 Deliver DATA 10, ID 10346
107.725 Slide RECV window, expect 11 next
107.725 Acked DATA 4, slide SEND window
107.725 Send DATA 12 10, ID 20348
107.757 Recv ACK  5
107.757 Acked DATA 5, slide SEND window
107.757 Recv ACK  6
107.757 Acked DATA 6, slide SEND window
107.757 Send DATA 13 10, ID 20349
107.757 Send DATA 14 10, ID 20350
107.773 Recv ACK  7
107.773 Acked DATA 7, slide SEND window
107.773 Send DATA 15 10, ID 20351
107.805 Recv ACK  8
107.805 Acked DATA 8, slide SEND window
107.805 Send DATA 0 10, ID 20352
107.821 Recv ACK  9
107.821 Acked DATA 9, slide SEND window
107.821 Send DATA 1 10, ID 20353
107.837 Recv ACK  10
107.837 Acked DATA 10, slide SEND window
107.837 Send DATA 2 10, ID 20354
108.026 Recv DATA 11 11, ID 10347
108.026 Deliver DATA 11, ID 10347
108.027 Slide RECV window, expect 12 next
108.027 Acked DATA 11, slide SEND window
108.027 Send DATA 3 11, ID 20355
108.296 Recv DATA 12 11, ID 10348
108.296 Deliver DATA 12, ID 10348
108.296 Slide RECV window, expect 13 next
108.423 ---- ACK timeout
108.423 Send ACK  12
108.550 Recv DATA 13 11, ID 10349
108.550 Deliver DATA 13, ID 10349
108.550 Slide RECV window, expect 14 next
108.677 ---- ACK timeout
108.677 Send ACK  13
108.820 Recv DATA 14 11, ID 10350
108.820 Deliver DATA 14, ID 10350
108.820 Slide RECV window, expect 15 next
108.948 ---- ACK timeout
108.948 Send ACK  14
109.059 Recv DATA 15 11, ID 10351
109.059 Deliver DATA 15, ID 10351
109.059 .... 352 packets received, 6634 bps, 82.92%, Err 8 (1.0e-05)
109.059 Slide RECV window, expect 0 next
109.186 ---- ACK timeout
109.186 Send ACK  15
109.344 Recv DATA 0 11, ID 10352
109.344 Deliver DATA 0, ID 10352
109.344 Slide RECV window, expect 1 next
109.472 ---- ACK timeout
109.472 Send ACK  0
109.615 Recv DATA 1 11, ID 10353
109.615 Deliver DATA 1, ID 10353
109.615 Slide RECV window, expect 2 next
109.742 ---- ACK timeout
109.742 Send ACK  1
109.869 Recv DATA 2 12, ID 10354
109.869 Deliver DATA 2, ID 10354
109.869 Slide RECV window, expect 3 next
109.869 Acked DATA 12, slide SEND window
109.871 Send DATA 4 2, ID 20356
109.900 Recv ACK  13
109.900 Acked DATA 13, slide SEND window
109.900 Send DATA 5 2, ID 20357
109.995 Recv ACK  14
109.995 Acked DATA 14, slide SEND window
109.996 Send DATA 6 2, ID 20358
110.250 Recv ACK  15
110.250 Acked DATA 15, slide SEND window
110.250 Send DATA 7 2, ID 20359
110.392 Recv ACK  0
110.392 Acked DATA 0, slide SEND window
110.392 Send DATA 8 2, ID 20360
110.424 Recv ACK  1
110.424 Acked DATA 1, slide SEND window
110.424 Send DATA 9 2, ID 20361
110.440 Recv ACK  2
110.440 Acked DATA 2, slide SEND window
110.440 Send DATA 10 2, ID 20362
110.647 Recv DATA 3 3, ID 10355
110.647 Deliver DATA 3, ID 10355
110.647 Slide RECV window, expect 4 next
110.647 Acked DATA 3, slide SEND window
110.647 Send DATA 11 3, ID 20363
110.917 Recv DATA 4 3, ID 10356
110.917 Deliver DATA 4, ID 10356
110.917 Slide RECV window, expect 5 next
111.044 ---- ACK timeout
111.044 Send ACK  4
111.172 Recv DATA 5 3, ID 10357
111.172 Deliver DATA 5, ID 10357
111.172 .... 358 packets received, 6618 bps, 82.73%, Err 8 (1.0e-05)
111.172 Slide RECV window, expect 6 next
111.298 ---- ACK timeout
111.298 Send ACK  5
111.425 Recv DATA 6 3, ID 10358
111.425 Deliver DATA 6, ID 10358
111.425 Slide RECV window, expect 7 next
111.552 ---- ACK timeout
111.552 Send ACK  6
111.695 Recv DATA 7 3, ID 10359
111.695 Deliver DATA 7, ID 10359
111.695 Slide RECV window, expect 8 next
111.821 ---- ACK timeout
111.821 Send ACK  7
111.949 Recv DATA 8 3, ID 10360
111.949 Deliver DATA 8, ID 10360
111.949 Slide RECV window, expect 9 next
112.076 ---- ACK timeout
112.076 Send ACK  8
112.219 Recv DATA 9 3, ID 10361
112.219 Deliver DATA 9, ID 10361
112.219 Slide RECV window, expect 10 next
112.345 ---- ACK timeout
112.345 Send ACK  9
112.488 Recv DATA 10 4, ID 10362
112.488 Deliver DATA 10, ID 10362
112.488 Slide RECV window, expect 11 next
112.488 Acked DATA 4, slide SEND window
112.488 Send DATA 12 10, ID 20364
112.520 Recv ACK  5
112.520 Acked DATA 5, slide SEND window
112.520 Send DATA 13 10, ID 20365
112.536 Recv ACK  6
112.536 Acked DATA 6, slide SEND window
112.536 Send DATA 14 10, ID 20366
112.552 Recv ACK  7
112.552 Acked DATA 7, slide SEND window
112.552 Send DATA 15 10, ID 20367
112.584 Recv ACK  8
112.584 Acked DATA 8, slide SEND window
112.584 Send DATA 0 10, ID 20368
112.599 Recv ACK  9
112.599 Acked DATA 9, slide SEND window
112.600 Send DATA 1 10, ID 20369
112.616 Recv ACK  10
112.616 Acked DATA 10, slide SEND window
112.616 Send DATA 2 10, ID 20370
112.791 Recv DATA 11 11, ID 10363
112.791 Deliver DATA 11, ID 10363
112.791 Slide RECV window, expect 12 next
112.791 Acked DATA 11, slide SEND window
112.791 Send DATA 3 11, ID 20371
113.078 Recv DATA 12 11, ID 10364
113.078 Deliver DATA 12, ID 10364
113.078 Slide RECV window, expect 13 next
113.205 ---- ACK timeout
113.205 Send ACK  12
113.315 Recv DATA 13 11, ID 10365
113.316 Deliver DATA 13, ID 10365
113.316 .... 366 packets received, 6638 bps, 82.97%, Err 8 (9.9e-06)
113.316 Slide RECV window, expect 14 next
113.443 ---- ACK timeout
113.443 Send ACK  13
113.585 Recv DATA 14 11, ID 10366
113.585 Deliver DATA 14, ID 10366
113.585 Slide RECV window, expect 15 next
113.712 ---- ACK timeout
113.712 Send ACK  14
113.855 Recv DATA 15 11, ID 10367
113.856 Deliver DATA 15, ID 10367
113.856 Slide RECV window, expect 0 next
113.982 ---- ACK timeout
113.982 Send ACK  15
114.125 Recv DATA 0 11, ID 10368
114.125 Deliver DATA 0, ID 10368
114.125 Slide RECV window, expect 1 next
114.268 ---- ACK timeout
114.268 Send ACK  0
114.379 Recv DATA 1 11, ID 10369
114.379 Deliver DATA 1, ID 10369
114.379 Slide RECV window, expect 2 next
114.506 ---- ACK timeout
114.506 Send ACK  1
114.649 Recv DATA 2 12, ID 10370
114.649 Deliver DATA 2, ID 10370
114.650 Slide RECV window, expect 3 next
114.650 Acked DATA 12, slide SEND window
114.650 Send DATA 4 2, ID 20372
114.681 Recv ACK  13
114.682 Acked DATA 13, slide SEND window
114.682 Send DATA 5 2, ID 20373
114.745 Recv ACK  14
114.745 Acked DATA 14, slide SEND window
114.745 Send DATA 6 2, ID 20374
115.015 Recv ACK  15
115.015 Acked DATA 15, slide SEND window
115.016 Send DATA 7 2, ID 20375
115.157 Recv ACK  0
115.157 Acked DATA 0, slide SEND window
115.157 Send DATA 8 2, ID 20376
115.188 Recv ACK  1
115.188 Acked DATA 1, slide SEND window
115.189 Send DATA 9 2, ID 20377
115.220 Recv ACK  2
115.220 Acked DATA 2, slide SEND window
115.220 Send DATA 10 2, ID 20378
115.411 Recv DATA 3 3, ID 10371
115.411 Deliver DATA 3, ID 10371
115.411 .... 372 packets received, 6624 bps, 82.80%, Err 8 (9.8e-06)
115.411 Slide RECV window, expect 4 next
115.411 Acked DATA 3, slide SEND window
115.411 Send DATA 11 3, ID 20379
115.680 Recv DATA 4 3, ID 10372
115.680 Deliver DATA 4, ID 10372
115.680 Slide RECV window, expect 5 next
115.809 ---- ACK timeout
115.809 Send ACK  4
115.919 Recv DATA 5 3, ID 10373
115.919 Deliver DATA 5, ID 10373
115.919 Slide RECV window, expect 6 next
116.046 ---- ACK timeout
116.046 Send ACK  5
116.204 Recv DATA 6 3, ID 10374
116.204 Deliver DATA 6, ID 10374
116.204 Slide RECV window, expect 7 next
116.331 ---- ACK timeout
116.331 Send ACK  6
116.458 Recv DATA 7 3, ID 10375
116.458 Deliver DATA 7, ID 10375
116.458 Slide RECV window, expect 8 next
116.584 ---- ACK timeout
116.584 Send ACK  7
116.711 Recv DATA 8 3, ID 10376
116.711 Deliver DATA 8, ID 10376
116.711 Slide RECV window, expect 9 next
116.839 ---- ACK timeout
116.839 Send ACK  8
116.981 Recv DATA 9 3, ID 10377
116.981 Deliver DATA 9, ID 10377
116.981 Slide RECV window, expect 10 next
117.109 ---- ACK timeout
117.109 Send ACK  9
117.252 Recv DATA 10 4, ID 10378
117.252 Deliver DATA 10, ID 10378
117.252 Slide RECV window, expect 11 next
117.252 Acked DATA 4, slide SEND window
117.252 Send DATA 12 10, ID 20380
117.284 Recv ACK  5
117.284 Acked DATA 5, slide SEND window
117.284 Send DATA 13 10, ID 20381
117.300 Recv ACK  6
117.300 Acked DATA 6, slide SEND window
117.300 Send DATA 14 10, ID 20382
117.331 Recv ACK  7
117.332 Acked DATA 7, slide SEND window
117.332 Send DATA 15 10, ID 20383
117.363 Recv ACK  8
117.363 Acked DATA 8, slide SEND window
117.363 Send DATA 0 10, ID 20384
117.379 Recv ACK  9
117.379 Acked DATA 9, slide SEND window
117.379 Recv ACK  10
117.379 Acked DATA 10, slide SEND window
117.379 Send DATA 1 10, ID 20385
117.379 Send DATA 2 10, ID 20386
117.570 Recv DATA 11 11, ID 10379
117.570 Deliver DATA 11, ID 10379
117.570 .... 380 packets received, 6642 bps, 83.02%, Err 8 (9.6e-06)
117.570 Slide RECV window, expect 12 next
117.570 Acked DATA 11, slide SEND window
117.570 Send DATA 3 11, ID 20387
117.838 Recv DATA 12 11, ID 10380
117.838 Deliver DATA 12, ID 10380
117.838 Slide RECV window, expect 13 next
117.966 ---- ACK timeout
117.966 Send ACK  12
118.108 Recv DATA 13 11, ID 10381
118.108 Deliver DATA 13, ID 10381
118.108 Slide RECV window, expect 14 next
118.235 ---- ACK timeout
118.235 Send ACK  13
118.378 Recv DATA 14 11, ID 10382
118.378 Deliver DATA 14, ID 10382
118.378 Slide RECV window, expect 15 next
118.505 ---- ACK timeout
118.505 Send ACK  14
118.632 Recv DATA 15 11, ID 10383
118.632 Deliver DATA 15, ID 10383
118.632 Slide RECV window, expect 0 next
118.759 ---- ACK timeout
118.759 Send ACK  15
118.886 Recv DATA 0 11, ID 10384
118.886 Deliver DATA 0, ID 10384
118.886 Slide RECV window, expect 1 next
119.013 ---- ACK timeout
119.013 Send ACK  0
119.155 Recv DATA 1 11, ID 10385
119.155 Deliver DATA 1, ID 10385
119.155 Slide RECV window, expect 2 next
119.283 ---- ACK timeout
119.283 Send ACK  1
119.442 Recv DATA 2 12, ID 10386
119.442 Deliver DATA 2, ID 10386
119.442 Slide RECV window, expect 3 next
119.442 Acked DATA 12, slide SEND window
119.442 Send DATA 4 2, ID 20388
119.506 Recv ACK  13
119.506 Acked DATA 13, slide SEND window
119.507 Send DATA 5 2, ID 20389
119.777 Recv ACK  14
119.777 Acked DATA 14, slide SEND window
119.777 Send DATA 6 2, ID 20390
119.936 Recv ACK  15
119.936 Acked DATA 15, slide SEND window
119.936 Send DATA 7 2, ID 20391
119.967 Recv ACK  0
119.967 Acked DATA 0, slide SEND window
119.967 Send DATA 8 2, ID 20392
119.999 Recv ACK  1
119.999 Acked DATA 1, slide SEND window
119.999 Send DATA 9 2, ID 20393
120.031 Quit.
