000.000 =============================================================
000.000                     Station B                               
000.000 -------------------------------------------------------------
000.000 Protocol.lib, version 4.0, jiangyanjun0718@bupt.edu.cn
000.000 Channel: 8000 bps, 270 ms propagation delay, bit error rate 1.0E-05
000.000 Log file "C:\Users\YOUNG\Desktop\workplace\2025_2026_2\计算机网络\lab\Lab1-DataLink(Win+Linux)(1)\Lab1-Windows-VS2017\docs\测试记录\参数优化-DATA_TIMER-MAX_PHL_BACKLOG\01-粗筛-2min\dt3000-bg3-default-flood-20260509-220653-B.log", TCP port 59922, debug mask 0x07
000.000 Station B is connecting station A (TCP port 59922) ... Done.
000.870 New epoch: Sat May  9 22:06:54 2026
000.870 =================================================================
000.870 
000.870 Designed by Jiang Yanjun, build: May  9 2026  22:06:53
000.870 Send DATA 0 15, ID 20000
000.870 Send DATA 1 15, ID 20001
000.870 Send DATA 2 15, ID 20002
001.409 Recv DATA 0 15, ID 10000
001.409 Deliver DATA 0, ID 10000
001.409 Slide RECV window, expect 1 next
001.409 Send DATA 3 0, ID 20003
001.409 Send DATA 4 0, ID 20004
001.409 Send DATA 5 0, ID 20005
001.678 Recv DATA 1 15, ID 10001
001.678 Deliver DATA 1, ID 10001
001.678 Slide RECV window, expect 2 next
001.805 ---- ACK timeout
001.805 Send ACK  1
001.805 Send DATA 6 1, ID 20006
001.948 Recv DATA 2 15, ID 10002
001.948 Deliver DATA 2, ID 10002
001.948 Slide RECV window, expect 3 next
002.076 ---- ACK timeout
002.076 Send ACK  2
002.076 Send DATA 7 2, ID 20007
002.204 Recv DATA 3 0, ID 10003
002.204 Deliver DATA 3, ID 10003
002.204 Slide RECV window, expect 4 next
002.204 Acked DATA 0, slide SEND window
002.331 ---- ACK timeout
002.331 Send ACK  3
002.331 Send DATA 8 3, ID 20008
002.474 Recv DATA 4 0, ID 10004
002.474 Deliver DATA 4, ID 10004
002.474 Slide RECV window, expect 5 next
002.602 ---- ACK timeout
002.602 Send ACK  4
002.743 Recv DATA 5 0, ID 10005
002.743 Deliver DATA 5, ID 10005
002.743 Slide RECV window, expect 6 next
002.870 ---- ACK timeout
002.870 Send ACK  5
003.013 Recv DATA 6 1, ID 10006
003.013 Deliver DATA 6, ID 10006
003.013 Slide RECV window, expect 7 next
003.013 Acked DATA 1, slide SEND window
003.013 Send DATA 9 6, ID 20009
003.044 Recv NAK  2
003.044 ---- Resend DATA 2 on NAK
003.044 Send DATA 2 6, ID 20002
003.282 Recv DATA 7 1, ID 10007
003.282 Deliver DATA 7, ID 10007
003.282 .... 8 packets received, 7645 bps, 95.57%, Err 0 (0.0e+00)
003.282 Slide RECV window, expect 8 next
003.409 ---- ACK timeout
003.409 Send ACK  7
003.552 Recv DATA 8 1, ID 10008
003.552 Deliver DATA 8, ID 10008
003.552 Slide RECV window, expect 9 next
003.679 ---- ACK timeout
003.679 Send ACK  8
003.790 Recv DATA 9 1, ID 10009
003.790 Deliver DATA 9, ID 10009
003.790 Slide RECV window, expect 10 next
003.918 ---- ACK timeout
003.918 Send ACK  9
004.061 Recv DATA 10 1, ID 10010
004.061 Deliver DATA 10, ID 10010
004.061 Slide RECV window, expect 11 next
004.187 ---- ACK timeout
004.187 Send ACK  10
004.330 Recv DATA 11 1, ID 10011
004.330 Deliver DATA 11, ID 10011
004.330 Slide RECV window, expect 12 next
004.457 ---- ACK timeout
004.457 Send ACK  11
004.599 Recv DATA 12 1, ID 10012
004.599 Deliver DATA 12, ID 10012
004.599 Slide RECV window, expect 13 next
004.727 ---- ACK timeout
004.727 Send ACK  12
004.869 Recv DATA 13 1, ID 10013
004.869 Deliver DATA 13, ID 10013
004.869 Slide RECV window, expect 14 next
004.997 ---- ACK timeout
004.997 Send ACK  13
005.124 Recv DATA 14 1, ID 10014
005.124 Deliver DATA 14, ID 10014
005.124 Slide RECV window, expect 15 next
005.251 ---- ACK timeout
005.251 Send ACK  14
005.393 Recv DATA 15 9, ID 10015
005.393 Deliver DATA 15, ID 10015
005.393 .... 16 packets received, 7703 bps, 96.29%, Err 0 (0.0e+00)
005.393 Slide RECV window, expect 0 next
005.393 Acked DATA 2, slide SEND window
005.393 Acked DATA 3, slide SEND window
005.393 Acked DATA 4, slide SEND window
005.393 Acked DATA 5, slide SEND window
005.393 Acked DATA 6, slide SEND window
005.394 Acked DATA 7, slide SEND window
005.394 Acked DATA 8, slide SEND window
005.394 Acked DATA 9, slide SEND window
005.394 Send DATA 10 15, ID 20010
005.395 Send DATA 11 15, ID 20011
005.396 Send DATA 12 15, ID 20012
005.396 Send DATA 13 15, ID 20013
005.647 Recv DATA 0 9, ID 10016
005.647 Deliver DATA 0, ID 10016
005.647 Slide RECV window, expect 1 next
005.774 ---- ACK timeout
005.775 Send ACK  0
005.775 Send DATA 14 0, ID 20014
005.917 Recv DATA 1 9, ID 10017
005.917 Deliver DATA 1, ID 10017
005.917 Slide RECV window, expect 2 next
006.044 ---- ACK timeout
006.044 Send ACK  1
006.044 Send DATA 15 1, ID 20015
006.187 Recv DATA 2 9, ID 10018
006.187 Deliver DATA 2, ID 10018
006.187 Slide RECV window, expect 3 next
006.314 ---- ACK timeout
006.314 Send ACK  2
006.316 Send DATA 0 2, ID 20016
006.456 Recv DATA 3 9, ID 10019
006.456 Deliver DATA 3, ID 10019
006.456 Slide RECV window, expect 4 next
006.583 ---- ACK timeout
006.583 Send ACK  3
006.583 Send DATA 1 3, ID 20017
006.710 Recv DATA 4 9, ID 10020
006.710 Deliver DATA 4, ID 10020
006.710 Slide RECV window, expect 5 next
006.838 ---- ACK timeout
006.838 Send ACK  4
006.964 Recv DATA 5 9, ID 10021
006.964 Deliver DATA 5, ID 10021
006.965 Slide RECV window, expect 6 next
007.092 ---- ACK timeout
007.092 Send ACK  5
007.218 Recv DATA 6 10, ID 10022
007.218 Deliver DATA 6, ID 10022
007.218 Slide RECV window, expect 7 next
007.218 Acked DATA 10, slide SEND window
007.218 Send DATA 2 6, ID 20018
007.519 Recv DATA 7 11, ID 10023
007.519 Deliver DATA 7, ID 10023
007.519 .... 24 packets received, 7704 bps, 96.30%, Err 0 (0.0e+00)
007.519 Slide RECV window, expect 8 next
007.519 Acked DATA 11, slide SEND window
007.519 Send DATA 3 7, ID 20019
007.551 Recv ACK  12
007.551 Acked DATA 12, slide SEND window
007.551 Send DATA 4 7, ID 20020
007.773 Recv DATA 8 13, ID 10024
007.773 Deliver DATA 8, ID 10024
007.774 Slide RECV window, expect 9 next
007.774 Acked DATA 13, slide SEND window
007.774 Send DATA 5 8, ID 20021
008.044 Recv DATA 9 14, ID 10025
008.044 Deliver DATA 9, ID 10025
008.044 Slide RECV window, expect 10 next
008.044 Acked DATA 14, slide SEND window
008.044 Send DATA 6 9, ID 20022
008.297 Recv DATA 10 15, ID 10026
008.297 Deliver DATA 10, ID 10026
008.297 Slide RECV window, expect 11 next
008.297 Acked DATA 15, slide SEND window
008.297 Send DATA 7 10, ID 20023
008.568 Recv DATA 11 0, ID 10027
008.568 Deliver DATA 11, ID 10027
008.568 Slide RECV window, expect 12 next
008.568 Acked DATA 0, slide SEND window
008.568 Send DATA 8 11, ID 20024
008.838 Recv DATA 12 1, ID 10028
008.838 Deliver DATA 12, ID 10028
008.839 Slide RECV window, expect 13 next
008.839 Acked DATA 1, slide SEND window
008.839 Send DATA 9 12, ID 20025
009.093 Recv DATA 13 1, ID 10029
009.093 Deliver DATA 13, ID 10029
009.093 Slide RECV window, expect 14 next
009.220 ---- ACK timeout
009.220 Send ACK  13
009.348 Recv DATA 14 2, ID 10030
009.348 Deliver DATA 14, ID 10030
009.348 Slide RECV window, expect 15 next
009.348 Acked DATA 2, slide SEND window
009.348 Send DATA 10 14, ID 20026
009.617 Recv DATA 15 3, ID 10031
009.617 Deliver DATA 15, ID 10031
009.617 .... 32 packets received, 7730 bps, 96.63%, Err 0 (0.0e+00)
009.617 Slide RECV window, expect 0 next
009.617 Acked DATA 3, slide SEND window
009.617 Send DATA 11 15, ID 20027
009.649 Recv ACK  4
009.649 Acked DATA 4, slide SEND window
009.649 Send DATA 12 15, ID 20028
009.888 Recv DATA 0 5, ID 10032
009.888 Deliver DATA 0, ID 10032
009.888 Slide RECV window, expect 1 next
009.888 Acked DATA 5, slide SEND window
009.888 Send DATA 13 0, ID 20029
010.144 Recv DATA 1 6, ID 10033
010.144 Deliver DATA 1, ID 10033
010.144 Slide RECV window, expect 2 next
010.144 Acked DATA 6, slide SEND window
010.144 Send DATA 14 1, ID 20030
010.414 Recv DATA 2 7, ID 10034
010.414 Deliver DATA 2, ID 10034
010.414 Slide RECV window, expect 3 next
010.414 Acked DATA 7, slide SEND window
010.414 Send DATA 15 2, ID 20031
010.668 Recv DATA 3 8, ID 10035
010.668 Deliver DATA 3, ID 10035
010.669 Slide RECV window, expect 4 next
010.669 Acked DATA 8, slide SEND window
010.669 Send DATA 0 3, ID 20032
010.954 Recv DATA 4 9, ID 10036
010.954 Deliver DATA 4, ID 10036
010.955 Slide RECV window, expect 5 next
010.955 Acked DATA 9, slide SEND window
010.955 Send DATA 1 4, ID 20033
011.209 Recv DATA 5 9, ID 10037
011.210 Deliver DATA 5, ID 10037
011.210 Slide RECV window, expect 6 next
011.337 ---- ACK timeout
011.337 Send ACK  5
011.480 Recv DATA 6 10, ID 10038
011.480 Deliver DATA 6, ID 10038
011.480 Slide RECV window, expect 7 next
011.480 Acked DATA 10, slide SEND window
011.480 Send DATA 2 6, ID 20034
011.750 Recv DATA 7 11, ID 10039
011.750 Deliver DATA 7, ID 10039
011.750 .... 40 packets received, 7720 bps, 96.50%, Err 0 (0.0e+00)
011.750 Slide RECV window, expect 8 next
011.750 Acked DATA 11, slide SEND window
011.750 Send DATA 3 7, ID 20035
011.782 Recv ACK  12
011.782 Acked DATA 12, slide SEND window
011.782 Send DATA 4 7, ID 20036
012.003 Recv DATA 8 13, ID 10040
012.003 Deliver DATA 8, ID 10040
012.003 Slide RECV window, expect 9 next
012.003 Acked DATA 13, slide SEND window
012.003 Send DATA 5 8, ID 20037
012.273 Recv DATA 9 14, ID 10041
012.273 Deliver DATA 9, ID 10041
012.273 Slide RECV window, expect 10 next
012.273 Acked DATA 14, slide SEND window
012.273 Send DATA 6 9, ID 20038
012.529 Recv DATA 10 15, ID 10042
012.529 Deliver DATA 10, ID 10042
012.529 Slide RECV window, expect 11 next
012.529 Acked DATA 15, slide SEND window
012.529 Send DATA 7 10, ID 20039
012.799 Recv DATA 11 0, ID 10043
012.799 Deliver DATA 11, ID 10043
012.799 Slide RECV window, expect 12 next
012.799 Acked DATA 0, slide SEND window
012.799 Send DATA 8 11, ID 20040
013.069 Recv DATA 12 1, ID 10044
013.069 Deliver DATA 12, ID 10044
013.069 Slide RECV window, expect 13 next
013.069 Acked DATA 1, slide SEND window
013.069 Send DATA 9 12, ID 20041
013.322 Recv DATA 13 1, ID 10045
013.322 Deliver DATA 13, ID 10045
013.322 Slide RECV window, expect 14 next
013.450 ---- ACK timeout
013.450 Send ACK  13
013.576 Recv DATA 14 2, ID 10046
013.576 Deliver DATA 14, ID 10046
013.576 Slide RECV window, expect 15 next
013.576 Acked DATA 2, slide SEND window
013.577 Send DATA 10 14, ID 20042
013.846 Recv DATA 15 3, ID 10047
013.846 Deliver DATA 15, ID 10047
013.846 .... 48 packets received, 7736 bps, 96.70%, Err 0 (0.0e+00)
013.846 Slide RECV window, expect 0 next
013.846 Acked DATA 3, slide SEND window
013.847 Send DATA 11 15, ID 20043
013.878 Recv ACK  4
013.878 Acked DATA 4, slide SEND window
013.878 Send DATA 12 15, ID 20044
014.118 Recv DATA 0 5, ID 10048
014.118 Deliver DATA 0, ID 10048
014.118 Slide RECV window, expect 1 next
014.118 Acked DATA 5, slide SEND window
014.119 Send DATA 13 0, ID 20045
014.402 Recv DATA 1 6, ID 10049
014.403 Deliver DATA 1, ID 10049
014.403 Slide RECV window, expect 2 next
014.403 Acked DATA 6, slide SEND window
014.403 Send DATA 14 1, ID 20046
014.673 Recv DATA 2 7, ID 10050
014.673 Deliver DATA 2, ID 10050
014.673 Slide RECV window, expect 3 next
014.673 Acked DATA 7, slide SEND window
014.673 Send DATA 15 2, ID 20047
014.911 Recv DATA 3 8, ID 10051
014.911 Deliver DATA 3, ID 10051
014.911 Slide RECV window, expect 4 next
014.911 Acked DATA 8, slide SEND window
014.911 Send DATA 0 3, ID 20048
015.181 Recv DATA 4 9, ID 10052
015.181 Deliver DATA 4, ID 10052
015.181 Slide RECV window, expect 5 next
015.181 Acked DATA 9, slide SEND window
015.181 Send DATA 1 4, ID 20049
015.451 Recv DATA 5 9, ID 10053
015.451 Deliver DATA 5, ID 10053
015.451 Slide RECV window, expect 6 next
015.577 ---- ACK timeout
015.577 Send ACK  5
015.720 Recv DATA 6 10, ID 10054
015.720 Deliver DATA 6, ID 10054
015.720 Slide RECV window, expect 7 next
015.720 Acked DATA 10, slide SEND window
015.720 Send DATA 2 6, ID 20050
015.975 Recv DATA 7 11, ID 10055
015.975 Deliver DATA 7, ID 10055
015.975 .... 56 packets received, 7730 bps, 96.63%, Err 0 (0.0e+00)
015.975 Slide RECV window, expect 8 next
015.975 Acked DATA 11, slide SEND window
015.975 Send DATA 3 7, ID 20051
015.991 Recv ACK  12
015.991 Acked DATA 12, slide SEND window
015.991 Send DATA 4 7, ID 20052
016.243 Recv DATA 8 13, ID 10056
016.243 Deliver DATA 8, ID 10056
016.243 Slide RECV window, expect 9 next
016.243 Acked DATA 13, slide SEND window
016.244 Send DATA 5 8, ID 20053
016.513 Recv DATA 9 14, ID 10057
016.513 Deliver DATA 9, ID 10057
016.513 Slide RECV window, expect 10 next
016.513 Acked DATA 14, slide SEND window
016.513 Send DATA 6 9, ID 20054
016.781 Recv DATA 10 15, ID 10058
016.781 Deliver DATA 10, ID 10058
016.781 Slide RECV window, expect 11 next
016.781 Acked DATA 15, slide SEND window
016.781 Send DATA 7 10, ID 20055
017.051 Recv DATA 11 0, ID 10059
017.051 Deliver DATA 11, ID 10059
017.051 Slide RECV window, expect 12 next
017.051 Acked DATA 0, slide SEND window
017.051 Send DATA 8 11, ID 20056
017.304 Recv DATA 12 1, ID 10060
017.304 Deliver DATA 12, ID 10060
017.304 Slide RECV window, expect 13 next
017.312 Acked DATA 1, slide SEND window
017.312 Send DATA 9 12, ID 20057
017.575 Recv DATA 13 1, ID 10061
017.575 Deliver DATA 13, ID 10061
017.575 Slide RECV window, expect 14 next
017.702 ---- ACK timeout
017.702 Send ACK  13
017.845 Recv DATA 14 2, ID 10062
017.845 Deliver DATA 14, ID 10062
017.845 Slide RECV window, expect 15 next
017.845 Acked DATA 2, slide SEND window
017.845 Send DATA 10 14, ID 20058
018.099 Recv DATA 15 3, ID 10063
018.099 Deliver DATA 15, ID 10063
018.099 .... 64 packets received, 7728 bps, 96.60%, Err 0 (0.0e+00)
018.099 Slide RECV window, expect 0 next
018.099 Acked DATA 3, slide SEND window
018.100 Send DATA 11 15, ID 20059
018.115 Recv ACK  4
018.115 Acked DATA 4, slide SEND window
018.116 Send DATA 12 15, ID 20060
018.354 Recv DATA 0 5, ID 10064
018.354 Deliver DATA 0, ID 10064
018.354 Slide RECV window, expect 1 next
018.354 Acked DATA 5, slide SEND window
018.355 Send DATA 13 0, ID 20061
018.625 Recv DATA 1 6, ID 10065
018.625 Deliver DATA 1, ID 10065
018.625 Slide RECV window, expect 2 next
018.625 Acked DATA 6, slide SEND window
018.625 Send DATA 14 1, ID 20062
018.893 Recv DATA 2 7, ID 10066
018.894 Deliver DATA 2, ID 10066
018.894 Slide RECV window, expect 3 next
018.894 Acked DATA 7, slide SEND window
018.894 Impose noise on received data, 1/144184=6.9E-06
018.894 Send DATA 15 2, ID 20063
019.149 Recv DATA 3 8, ID 10067
019.149 Deliver DATA 3, ID 10067
019.149 Slide RECV window, expect 4 next
019.149 Acked DATA 8, slide SEND window
019.149 Send DATA 0 3, ID 20064
019.419 **** Receiver Error, Bad CRC Checksum
019.419 Request NAK for 4
019.419 Send NAK  4
019.690 Recv DATA 5 9, ID 10069
019.690 Acked DATA 9, slide SEND window
019.690 Send DATA 1 3, ID 20065
019.943 Recv DATA 6 10, ID 10070
019.943 Acked DATA 10, slide SEND window
019.943 Send DATA 2 3, ID 20066
020.150 Impose noise on received data, 2/154240=1.3E-05
020.213 Recv DATA 7 11, ID 10071
020.213 Acked DATA 11, slide SEND window
020.213 Send DATA 3 3, ID 20067
020.245 Recv ACK  12
020.245 Acked DATA 12, slide SEND window
020.245 Send DATA 4 3, ID 20068
020.482 **** Receiver Error, Bad CRC Checksum
020.753 Recv DATA 9 14, ID 10073
020.753 Acked DATA 13, slide SEND window
020.753 Acked DATA 14, slide SEND window
020.753 Send DATA 5 3, ID 20069
020.753 Send DATA 6 3, ID 20070
021.024 Recv DATA 10 15, ID 10074
021.024 Acked DATA 15, slide SEND window
021.024 Send DATA 7 3, ID 20071
021.261 Recv DATA 11 0, ID 10075
021.261 Acked DATA 0, slide SEND window
021.262 Send DATA 8 3, ID 20072
021.531 Recv DATA 4 0, ID 10068
021.532 Deliver DATA 4, ID 10068
021.532 .... 69 packets received, 6930 bps, 86.62%, Err 2 (1.2e-05)
021.532 Deliver DATA 5, ID 10069
021.532 Deliver DATA 6, ID 10070
021.532 Deliver DATA 7, ID 10071
021.532 Slide RECV window, expect 8 next
021.563 Recv ACK  1
021.563 Acked DATA 1, slide SEND window
021.563 Send DATA 9 7, ID 20073
021.706 Recv ACK  2
021.706 Acked DATA 2, slide SEND window
021.706 Send DATA 10 7, ID 20074
021.721 Recv ACK  3
021.722 Acked DATA 3, slide SEND window
021.976 Recv ACK  4
021.976 Acked DATA 4, slide SEND window
021.976 Send DATA 11 7, ID 20075
022.007 Recv ACK  5
022.007 Acked DATA 5, slide SEND window
022.277 Recv ACK  6
022.277 Acked DATA 6, slide SEND window
022.277 Send DATA 12 7, ID 20076
022.532 Recv ACK  7
022.532 Acked DATA 7, slide SEND window
022.532 Send DATA 13 7, ID 20077
022.801 Recv ACK  8
022.801 Acked DATA 8, slide SEND window
022.801 Send DATA 14 7, ID 20078
023.198 Recv DATA 12 9, ID 10076
023.198 Request NAK for 8
023.198 Acked DATA 9, slide SEND window
023.198 Send NAK  8
023.198 Send DATA 15 7, ID 20079
023.199 Send DATA 0 7, ID 20080
023.469 Recv DATA 13 9, ID 10077
023.469 Send DATA 1 7, ID 20081
023.706 Recv DATA 14 9, ID 10078
023.975 Recv DATA 15 9, ID 10079
024.007 Recv ACK  10
024.007 Acked DATA 10, slide SEND window
024.007 Send DATA 2 7, ID 20082
024.102 Recv ACK  11
024.102 Acked DATA 11, slide SEND window
024.102 Send DATA 3 7, ID 20083
024.229 Recv ACK  12
024.229 Acked DATA 12, slide SEND window
024.229 Send DATA 4 7, ID 20084
024.261 Recv ACK  13
024.261 Acked DATA 13, slide SEND window
024.483 Recv DATA 8 13, ID 10072
024.483 Deliver DATA 8, ID 10072
024.483 .... 73 packets received, 6404 bps, 80.05%, Err 2 (1.1e-05)
024.483 Deliver DATA 9, ID 10073
024.483 Deliver DATA 10, ID 10074
024.483 Deliver DATA 11, ID 10075
024.483 Deliver DATA 12, ID 10076
024.483 Deliver DATA 13, ID 10077
024.483 Deliver DATA 14, ID 10078
024.483 Deliver DATA 15, ID 10079
024.483 Slide RECV window, expect 0 next
024.610 ---- ACK timeout
024.610 Send ACK  15
024.610 Send DATA 5 15, ID 20085
024.752 Recv DATA 8 14, ID 10072
024.752 Ignore out-of-window DATA 8
024.752 Acked DATA 14, slide SEND window
024.879 ---- ACK timeout
024.879 Send ACK  15
024.879 Send DATA 6 15, ID 20086
025.006 Recv DATA 9 14, ID 10073
025.006 Ignore out-of-window DATA 9
025.038 Recv ACK  15
025.038 Acked DATA 15, slide SEND window
025.038 Send DATA 7 15, ID 20087
025.290 Recv DATA 10 15, ID 10074
025.290 Ignore out-of-window DATA 10
025.306 Recv ACK  0
025.306 Acked DATA 0, slide SEND window
025.306 Send DATA 8 15, ID 20088
025.543 Recv DATA 11 0, ID 10075
025.543 Ignore out-of-window DATA 11
025.559 Recv ACK  1
025.559 Acked DATA 1, slide SEND window
025.685 ---- ACK timeout
025.685 Send ACK  15
025.685 Send DATA 9 15, ID 20089
025.717 Recv ACK  2
025.717 Acked DATA 2, slide SEND window
025.860 Recv ACK  3
025.860 Acked DATA 3, slide SEND window
025.860 Send DATA 10 15, ID 20090
026.114 Recv DATA 0 4, ID 10080
026.114 Deliver DATA 0, ID 10080
026.114 Slide RECV window, expect 1 next
026.114 Acked DATA 4, slide SEND window
026.114 Send DATA 11 0, ID 20091
026.385 Recv DATA 1 4, ID 10081
026.385 Deliver DATA 1, ID 10081
026.385 Slide RECV window, expect 2 next
026.385 Send DATA 12 1, ID 20092
026.624 Recv DATA 2 4, ID 10082
026.624 Deliver DATA 2, ID 10082
026.624 .... 83 packets received, 6670 bps, 83.37%, Err 2 (1.0e-05)
026.624 Slide RECV window, expect 3 next
026.751 ---- ACK timeout
026.751 Send ACK  2
026.895 Recv DATA 3 4, ID 10083
026.895 Deliver DATA 3, ID 10083
026.895 Slide RECV window, expect 4 next
027.022 ---- ACK timeout
027.022 Send ACK  3
027.150 Recv DATA 4 5, ID 10084
027.150 Deliver DATA 4, ID 10084
027.150 Slide RECV window, expect 5 next
027.150 Acked DATA 5, slide SEND window
027.150 Send DATA 13 4, ID 20093
027.182 Recv ACK  6
027.182 Acked DATA 6, slide SEND window
027.182 Send DATA 14 4, ID 20094
027.435 Recv DATA 5 6, ID 10085
027.435 Deliver DATA 5, ID 10085
027.435 Slide RECV window, expect 6 next
027.451 Recv ACK  7
027.451 Acked DATA 7, slide SEND window
027.451 Send DATA 15 5, ID 20095
027.722 Recv DATA 6 7, ID 10086
027.722 Deliver DATA 6, ID 10086
027.722 Slide RECV window, expect 7 next
027.754 Recv NAK  8
027.754 ---- Resend DATA 8 on NAK
027.754 Send DATA 8 6, ID 20088
027.976 Recv DATA 7 7, ID 10087
027.976 Deliver DATA 7, ID 10087
027.976 Slide RECV window, expect 8 next
028.103 ---- ACK timeout
028.103 Send ACK  7
028.246 Recv DATA 8 7, ID 10088
028.246 Deliver DATA 8, ID 10088
028.246 Slide RECV window, expect 9 next
028.373 ---- ACK timeout
028.373 Send ACK  8
028.516 Recv DATA 9 7, ID 10089
028.516 Deliver DATA 9, ID 10089
028.516 Slide RECV window, expect 10 next
028.643 ---- ACK timeout
028.643 Send ACK  9
028.770 Recv DATA 10 7, ID 10090
028.770 Deliver DATA 10, ID 10090
028.771 .... 91 packets received, 6745 bps, 84.31%, Err 2 (9.6e-06)
028.771 Slide RECV window, expect 11 next
028.897 ---- ACK timeout
028.897 Send ACK  10
029.040 Recv DATA 11 7, ID 10091
029.040 Deliver DATA 11, ID 10091
029.040 Slide RECV window, expect 12 next
029.167 ---- ACK timeout
029.167 Send ACK  11
029.310 Recv DATA 12 7, ID 10092
029.310 Deliver DATA 12, ID 10092
029.310 Slide RECV window, expect 13 next
029.437 ---- ACK timeout
029.437 Send ACK  12
029.563 Recv DATA 13 7, ID 10093
029.563 Deliver DATA 13, ID 10093
029.563 Slide RECV window, expect 14 next
029.690 ---- ACK timeout
029.690 Send ACK  13
029.833 Recv DATA 14 15, ID 10094
029.833 Deliver DATA 14, ID 10094
029.833 Slide RECV window, expect 15 next
029.833 Acked DATA 8, slide SEND window
029.833 Acked DATA 9, slide SEND window
029.833 Acked DATA 10, slide SEND window
029.842 Acked DATA 11, slide SEND window
029.842 Acked DATA 12, slide SEND window
029.842 Acked DATA 13, slide SEND window
029.842 Acked DATA 14, slide SEND window
029.842 Acked DATA 15, slide SEND window
029.842 Send DATA 0 14, ID 20096
029.844 Send DATA 1 14, ID 20097
029.844 Send DATA 2 14, ID 20098
029.844 Send DATA 3 14, ID 20099
030.103 Recv DATA 15 15, ID 10095
030.103 Deliver DATA 15, ID 10095
030.103 Slide RECV window, expect 0 next
030.103 Send DATA 4 15, ID 20100
030.357 Recv DATA 0 15, ID 10096
030.357 Deliver DATA 0, ID 10096
030.357 Slide RECV window, expect 1 next
030.486 ---- ACK timeout
030.486 Send ACK  0
030.486 Send DATA 5 0, ID 20101
030.629 Recv DATA 1 15, ID 10097
030.629 Deliver DATA 1, ID 10097
030.629 Slide RECV window, expect 2 next
030.756 ---- ACK timeout
030.756 Send ACK  1
030.757 Send DATA 6 1, ID 20102
030.883 Recv DATA 2 15, ID 10098
030.883 Deliver DATA 2, ID 10098
030.883 .... 99 packets received, 6817 bps, 85.21%, Err 2 (8.9e-06)
030.883 Slide RECV window, expect 3 next
031.010 ---- ACK timeout
031.010 Send ACK  2
031.010 Send DATA 7 2, ID 20103
031.153 Recv DATA 3 15, ID 10099
031.154 Deliver DATA 3, ID 10099
031.154 Slide RECV window, expect 4 next
031.280 ---- ACK timeout
031.280 Send ACK  3
031.423 Recv DATA 4 15, ID 10100
031.423 Deliver DATA 4, ID 10100
031.423 Slide RECV window, expect 5 next
031.548 ---- ACK timeout
031.549 Send ACK  4
031.676 Recv DATA 5 0, ID 10101
031.676 Deliver DATA 5, ID 10101
031.676 Slide RECV window, expect 6 next
031.676 Acked DATA 0, slide SEND window
031.676 Send DATA 8 5, ID 20104
031.915 Impose noise on received data, 3/233880=1.3E-05
031.946 Recv DATA 6 1, ID 10102
031.946 Deliver DATA 6, ID 10102
031.947 Slide RECV window, expect 7 next
031.947 Acked DATA 1, slide SEND window
031.947 Send DATA 9 6, ID 20105
031.978 Recv ACK  2
031.978 Acked DATA 2, slide SEND window
031.978 Send DATA 10 6, ID 20106
032.009 Recv ACK  3
032.009 Acked DATA 3, slide SEND window
032.009 Send DATA 11 6, ID 20107
032.215 **** Receiver Error, Bad CRC Checksum
032.215 Request NAK for 7
032.247 Impose noise on received data, 4/236528=1.7E-05
032.484 Recv DATA 8 4, ID 10104
032.484 Acked DATA 4, slide SEND window
032.484 Send NAK  7
032.484 Send DATA 12 6, ID 20108
032.754 **** Receiver Error, Bad CRC Checksum
032.993 Recv DATA 10 6, ID 10106
032.993 Acked DATA 5, slide SEND window
032.993 Acked DATA 6, slide SEND window
032.993 Send DATA 13 6, ID 20109
032.993 Send DATA 14 6, ID 20110
033.263 Recv DATA 11 7, ID 10107
033.263 Acked DATA 7, slide SEND window
033.263 Send DATA 15 6, ID 20111
033.533 Recv DATA 12 7, ID 10108
033.787 Recv DATA 13 8, ID 10109
033.787 Acked DATA 8, slide SEND window
033.787 Send DATA 0 6, ID 20112
034.057 Recv DATA 14 9, ID 10110
034.057 Acked DATA 9, slide SEND window
034.057 Send DATA 1 6, ID 20113
034.088 Recv ACK  10
034.088 Acked DATA 10, slide SEND window
034.089 Send DATA 2 6, ID 20114
034.104 Recv NAK  11
034.104 ---- Resend DATA 11 on NAK
034.104 Send DATA 11 6, ID 20107
034.328 Recv DATA 7 10, ID 10103
034.328 Deliver DATA 7, ID 10103
034.328 .... 104 packets received, 6418 bps, 80.22%, Err 4 (1.6e-05)
034.328 Deliver DATA 8, ID 10104
034.328 Slide RECV window, expect 9 next
034.455 ---- ACK timeout
034.455 Send ACK  8
035.852 Recv ACK  2
035.852 Acked DATA 11, slide SEND window
035.852 Acked DATA 12, slide SEND window
035.852 Acked DATA 13, slide SEND window
035.852 Acked DATA 14, slide SEND window
035.852 Acked DATA 15, slide SEND window
035.852 Acked DATA 0, slide SEND window
035.852 Acked DATA 1, slide SEND window
035.852 Acked DATA 2, slide SEND window
035.852 Send DATA 3 8, ID 20115
035.854 Send DATA 4 8, ID 20116
035.854 Send DATA 5 8, ID 20117
035.854 Send DATA 6 8, ID 20118
036.487 Recv DATA 8 2, ID 10104
036.487 Ignore out-of-window DATA 8
036.487 Send DATA 7 8, ID 20119
036.487 Send DATA 8 8, ID 20120
036.741 Recv DATA 15 2, ID 10111
036.741 Request NAK for 9
036.741 Send NAK  9
036.741 Send DATA 9 8, ID 20121
037.011 Recv DATA 0 2, ID 10112
037.011 Send DATA 10 8, ID 20122
037.281 Recv DATA 9 2, ID 10105
037.290 Deliver DATA 9, ID 10105
037.290 .... 106 packets received, 6007 bps, 75.08%, Err 4 (1.5e-05)
037.290 Deliver DATA 10, ID 10106
037.290 Deliver DATA 11, ID 10107
037.290 Deliver DATA 12, ID 10108
037.290 Deliver DATA 13, ID 10109
037.290 Deliver DATA 14, ID 10110
037.290 Deliver DATA 15, ID 10111
037.290 Deliver DATA 0, ID 10112
037.290 Slide RECV window, expect 1 next
037.408 ---- ACK timeout
037.408 Send ACK  0
037.534 Recv DATA 10 3, ID 10106
037.534 Ignore out-of-window DATA 10
037.534 Acked DATA 3, slide SEND window
037.535 Send DATA 11 0, ID 20123
037.797 Recv DATA 11 4, ID 10107
037.797 Ignore out-of-window DATA 11
037.797 Acked DATA 4, slide SEND window
037.798 Send DATA 12 0, ID 20124
037.829 Recv ACK  5
037.829 Acked DATA 5, slide SEND window
037.829 Send DATA 13 0, ID 20125
038.080 Recv DATA 12 6, ID 10108
038.080 Ignore out-of-window DATA 12
038.080 Acked DATA 6, slide SEND window
038.081 Send DATA 14 0, ID 20126
038.351 Recv DATA 13 7, ID 10109
038.351 Ignore out-of-window DATA 13
038.351 Acked DATA 7, slide SEND window
038.351 Send DATA 15 0, ID 20127
038.606 Recv DATA 9 8, ID 10105
038.606 Ignore out-of-window DATA 9
038.606 Acked DATA 8, slide SEND window
038.606 Send DATA 0 0, ID 20128
038.876 Recv DATA 14 8, ID 10110
038.876 Ignore out-of-window DATA 14
038.908 Recv ACK  9
038.908 Acked DATA 9, slide SEND window
038.910 Send DATA 1 0, ID 20129
039.130 Recv DATA 1 10, ID 10113
039.130 Deliver DATA 1, ID 10113
039.130 Slide RECV window, expect 2 next
039.130 Acked DATA 10, slide SEND window
039.131 Send DATA 2 1, ID 20130
039.400 Recv DATA 2 10, ID 10114
039.400 Deliver DATA 2, ID 10114
039.400 .... 115 packets received, 6156 bps, 76.95%, Err 4 (1.4e-05)
039.401 Slide RECV window, expect 3 next
039.527 ---- ACK timeout
039.527 Send ACK  2
039.655 Recv DATA 3 11, ID 10115
039.655 Deliver DATA 3, ID 10115
039.655 Slide RECV window, expect 4 next
039.655 Acked DATA 11, slide SEND window
039.655 Send DATA 3 3, ID 20131
039.925 Recv DATA 4 12, ID 10116
039.925 Deliver DATA 4, ID 10116
039.925 Slide RECV window, expect 5 next
039.925 Acked DATA 12, slide SEND window
039.925 Send DATA 4 4, ID 20132
040.194 Recv DATA 5 13, ID 10117
040.194 Deliver DATA 5, ID 10117
040.194 Slide RECV window, expect 6 next
040.194 Acked DATA 13, slide SEND window
040.194 Send DATA 5 5, ID 20133
040.449 Recv DATA 6 14, ID 10118
040.449 Deliver DATA 6, ID 10118
040.449 Slide RECV window, expect 7 next
040.449 Acked DATA 14, slide SEND window
040.450 Send DATA 6 6, ID 20134
040.718 Recv DATA 7 15, ID 10119
040.718 Deliver DATA 7, ID 10119
040.718 Slide RECV window, expect 8 next
040.718 Acked DATA 15, slide SEND window
040.718 Send DATA 7 7, ID 20135
040.988 Recv DATA 8 0, ID 10120
040.988 Deliver DATA 8, ID 10120
040.988 Slide RECV window, expect 9 next
040.988 Acked DATA 0, slide SEND window
040.988 Send DATA 8 8, ID 20136
041.020 Recv ACK  1
041.020 Acked DATA 1, slide SEND window
041.020 Send DATA 9 8, ID 20137
041.258 Recv DATA 9 2, ID 10121
041.258 Deliver DATA 9, ID 10121
041.258 Slide RECV window, expect 10 next
041.258 Acked DATA 2, slide SEND window
041.259 Send DATA 10 9, ID 20138
041.530 Recv DATA 10 2, ID 10122
041.530 Deliver DATA 10, ID 10122
041.530 .... 123 packets received, 6237 bps, 77.96%, Err 4 (1.4e-05)
041.530 Slide RECV window, expect 11 next
041.657 ---- ACK timeout
041.657 Send ACK  10
041.769 Recv DATA 11 3, ID 10123
041.769 Deliver DATA 11, ID 10123
041.769 Slide RECV window, expect 12 next
041.769 Acked DATA 3, slide SEND window
041.769 Impose noise on received data, 5/297768=1.7E-05
041.769 Send DATA 11 11, ID 20139
042.038 Recv DATA 12 4, ID 10124
042.038 Deliver DATA 12, ID 10124
042.038 Slide RECV window, expect 13 next
042.038 Acked DATA 4, slide SEND window
042.038 Send DATA 12 12, ID 20140
042.309 **** Receiver Error, Bad CRC Checksum
042.309 Request NAK for 13
042.309 Send NAK  13
042.561 Recv DATA 14 6, ID 10126
042.561 Acked DATA 5, slide SEND window
042.561 Acked DATA 6, slide SEND window
042.561 Send DATA 13 12, ID 20141
042.561 Send DATA 14 12, ID 20142
042.830 Recv DATA 15 7, ID 10127
042.832 Acked DATA 7, slide SEND window
042.832 Send DATA 15 12, ID 20143
043.099 Recv DATA 0 8, ID 10128
043.099 Acked DATA 8, slide SEND window
043.099 Send DATA 0 12, ID 20144
043.130 Recv ACK  9
043.130 Acked DATA 9, slide SEND window
043.130 Send DATA 1 12, ID 20145
043.369 Recv DATA 1 10, ID 10129
043.369 Acked DATA 10, slide SEND window
043.369 Send DATA 2 12, ID 20146
043.624 Recv DATA 2 10, ID 10130
043.910 Recv DATA 3 11, ID 10131
043.910 Acked DATA 11, slide SEND window
043.910 Send DATA 3 12, ID 20147
044.165 Recv DATA 4 12, ID 10132
044.165 Acked DATA 12, slide SEND window
044.165 Send DATA 4 12, ID 20148
044.434 Recv DATA 13 12, ID 10125
044.434 Deliver DATA 13, ID 10125
044.434 .... 126 packets received, 5960 bps, 74.50%, Err 5 (1.6e-05)
044.434 Deliver DATA 14, ID 10126
044.434 Deliver DATA 15, ID 10127
044.434 Deliver DATA 0, ID 10128
044.434 Deliver DATA 1, ID 10129
044.434 Deliver DATA 2, ID 10130
044.434 Deliver DATA 3, ID 10131
044.434 Deliver DATA 4, ID 10132
044.434 Slide RECV window, expect 5 next
044.561 ---- ACK timeout
044.561 Send ACK  4
045.432 Recv ACK  13
045.432 Acked DATA 13, slide SEND window
045.432 Send DATA 5 4, ID 20149
045.464 Recv ACK  14
045.464 Acked DATA 14, slide SEND window
045.464 Send DATA 6 4, ID 20150
045.495 Recv NAK  15
045.495 ---- Resend DATA 15 on NAK
045.495 Send DATA 15 4, ID 20143
045.686 Recv DATA 5 14, ID 10133
045.686 Deliver DATA 5, ID 10133
045.686 Slide RECV window, expect 6 next
045.813 ---- ACK timeout
045.813 Send ACK  5
045.940 Recv DATA 6 14, ID 10134
045.940 Deliver DATA 6, ID 10134
045.940 Slide RECV window, expect 7 next
046.066 ---- ACK timeout
046.066 Send ACK  6
046.209 Recv DATA 7 14, ID 10135
046.209 Deliver DATA 7, ID 10135
046.209 Slide RECV window, expect 8 next
046.335 ---- ACK timeout
046.335 Send ACK  7
046.462 Recv DATA 8 14, ID 10136
046.462 Deliver DATA 8, ID 10136
046.462 .... 137 packets received, 6191 bps, 77.38%, Err 5 (1.5e-05)
046.462 Slide RECV window, expect 9 next
046.589 ---- ACK timeout
046.589 Send ACK  8
046.732 Recv DATA 9 14, ID 10137
046.732 Deliver DATA 9, ID 10137
046.732 Slide RECV window, expect 10 next
046.860 ---- ACK timeout
046.860 Send ACK  9
047.002 Recv DATA 10 14, ID 10138
047.002 Deliver DATA 10, ID 10138
047.002 Slide RECV window, expect 11 next
047.129 ---- ACK timeout
047.129 Send ACK  10
047.257 Recv DATA 11 14, ID 10139
047.257 Deliver DATA 11, ID 10139
047.257 Slide RECV window, expect 12 next
047.384 ---- ACK timeout
047.384 Send ACK  11
047.495 ---- DATA 0 timeout
047.495 Send DATA 0 11, ID 20144
047.543 Recv DATA 12 14, ID 10140
047.543 Deliver DATA 12, ID 10140
047.543 Slide RECV window, expect 13 next
047.671 ---- ACK timeout
047.671 Send ACK  12
047.798 Recv DATA 13 6, ID 10141
047.798 Deliver DATA 13, ID 10141
047.798 Slide RECV window, expect 14 next
047.798 Acked DATA 15, slide SEND window
047.798 Acked DATA 0, slide SEND window
047.798 Acked DATA 1, slide SEND window
047.798 Acked DATA 2, slide SEND window
047.798 Acked DATA 3, slide SEND window
047.798 Acked DATA 4, slide SEND window
047.798 Acked DATA 5, slide SEND window
047.798 Acked DATA 6, slide SEND window
047.798 Send DATA 7 13, ID 20151
047.799 Send DATA 8 13, ID 20152
047.799 Send DATA 9 13, ID 20153
047.800 Send DATA 10 13, ID 20154
048.067 Recv DATA 14 6, ID 10142
048.067 Deliver DATA 14, ID 10142
048.067 Slide RECV window, expect 15 next
048.067 Send DATA 11 14, ID 20155
048.336 Recv DATA 15 6, ID 10143
048.336 Deliver DATA 15, ID 10143
048.336 Slide RECV window, expect 0 next
048.336 Send DATA 12 15, ID 20156
048.574 Recv DATA 0 6, ID 10144
048.574 Deliver DATA 0, ID 10144
048.575 .... 145 packets received, 6260 bps, 78.25%, Err 5 (1.5e-05)
048.575 Slide RECV window, expect 1 next
048.702 ---- ACK timeout
048.702 Send ACK  0
048.702 Send DATA 13 0, ID 20157
048.845 Recv DATA 1 6, ID 10145
048.845 Deliver DATA 1, ID 10145
048.845 Slide RECV window, expect 2 next
048.972 ---- ACK timeout
048.972 Send ACK  1
048.972 Send DATA 14 1, ID 20158
049.115 Recv DATA 2 6, ID 10146
049.115 Deliver DATA 2, ID 10146
049.115 Slide RECV window, expect 3 next
049.242 ---- ACK timeout
049.242 Send ACK  2
049.385 Recv DATA 3 6, ID 10147
049.385 Deliver DATA 3, ID 10147
049.385 Slide RECV window, expect 4 next
049.512 ---- ACK timeout
049.512 Send ACK  3
049.654 Recv DATA 4 7, ID 10148
049.654 Deliver DATA 4, ID 10148
049.654 Slide RECV window, expect 5 next
049.654 Acked DATA 7, slide SEND window
049.654 Send DATA 15 4, ID 20159
049.892 Recv DATA 5 8, ID 10149
049.892 Deliver DATA 5, ID 10149
049.892 Slide RECV window, expect 6 next
049.892 Acked DATA 8, slide SEND window
049.892 Send DATA 0 5, ID 20160
049.923 Recv ACK  9
049.923 Acked DATA 9, slide SEND window
049.924 Send DATA 1 5, ID 20161
049.955 Recv ACK  10
049.955 Acked DATA 10, slide SEND window
049.955 Send DATA 2 5, ID 20162
050.193 Recv DATA 6 11, ID 10150
050.193 Deliver DATA 6, ID 10150
050.193 Slide RECV window, expect 7 next
050.194 Acked DATA 11, slide SEND window
050.321 ---- ACK timeout
050.321 Send ACK  6
050.321 Send DATA 3 6, ID 20163
050.463 Recv DATA 7 12, ID 10151
050.463 Deliver DATA 7, ID 10151
050.463 Slide RECV window, expect 8 next
050.463 Acked DATA 12, slide SEND window
050.590 ---- ACK timeout
050.590 Send ACK  7
050.590 Send DATA 4 7, ID 20164
050.717 Recv DATA 8 12, ID 10152
050.717 Deliver DATA 8, ID 10152
050.717 .... 153 packets received, 6320 bps, 79.00%, Err 5 (1.4e-05)
050.717 Slide RECV window, expect 9 next
050.765 Impose noise on received data, 6/361992=1.7E-05
050.844 ---- ACK timeout
050.844 Send ACK  8
050.987 Recv DATA 9 13, ID 10153
050.987 Deliver DATA 9, ID 10153
050.987 Slide RECV window, expect 10 next
050.987 Acked DATA 13, slide SEND window
050.987 Send DATA 5 9, ID 20165
051.241 **** Receiver Error, Bad CRC Checksum
051.241 Request NAK for 10
051.241 Send NAK  10
051.496 Recv DATA 11 14, ID 10155
051.496 Acked DATA 14, slide SEND window
051.496 Send DATA 6 9, ID 20166
051.765 Recv DATA 12 15, ID 10156
051.765 Acked DATA 15, slide SEND window
051.765 Send DATA 7 9, ID 20167
052.035 Recv DATA 13 0, ID 10157
052.035 Acked DATA 0, slide SEND window
052.035 Send DATA 8 9, ID 20168
052.066 Recv ACK  1
052.066 Acked DATA 1, slide SEND window
052.067 Send DATA 9 9, ID 20169
052.305 Recv DATA 14 2, ID 10158
052.305 Acked DATA 2, slide SEND window
052.306 Send DATA 10 9, ID 20170
052.574 Recv DATA 15 3, ID 10159
052.574 Acked DATA 3, slide SEND window
052.574 Send DATA 11 9, ID 20171
052.845 Recv DATA 0 4, ID 10160
052.845 Acked DATA 4, slide SEND window
052.845 Send DATA 12 9, ID 20172
052.941 Impose noise on received data, 7/379400=1.8E-05
053.100 Recv DATA 1 5, ID 10161
053.100 Acked DATA 5, slide SEND window
053.100 Send DATA 13 9, ID 20173
053.369 **** Receiver Error, Bad CRC Checksum
053.543 Recv ACK  6
053.543 Acked DATA 6, slide SEND window
053.543 Send DATA 14 9, ID 20174
053.812 Recv ACK  7
053.812 Acked DATA 7, slide SEND window
053.812 Send DATA 15 9, ID 20175
054.081 Recv ACK  8
054.082 Acked DATA 8, slide SEND window
054.082 Send DATA 0 9, ID 20176
054.352 Recv ACK  9
054.352 Acked DATA 9, slide SEND window
054.352 Send DATA 1 9, ID 20177
054.622 Recv ACK  10
054.622 Acked DATA 10, slide SEND window
054.622 Send DATA 2 9, ID 20178
054.860 Recv ACK  11
054.860 Acked DATA 11, slide SEND window
054.860 Send DATA 3 9, ID 20179
055.162 Recv ACK  12
055.162 Acked DATA 12, slide SEND window
055.162 Send DATA 4 9, ID 20180
055.416 Recv ACK  13
055.416 Acked DATA 13, slide SEND window
055.417 Send DATA 5 9, ID 20181
055.496 Recv ACK  14
055.496 Acked DATA 14, slide SEND window
055.496 Send DATA 6 9, ID 20182
055.528 Recv ACK  15
055.528 Acked DATA 15, slide SEND window
055.528 Send DATA 7 9, ID 20183
055.559 Recv ACK  0
055.559 Acked DATA 0, slide SEND window
055.749 Recv DATA 11 0, ID 10155
055.764 Recv ACK  1
055.764 Acked DATA 1, slide SEND window
056.019 Recv DATA 12 1, ID 10156
056.019 Send DATA 8 9, ID 20184
056.035 Recv ACK  2
056.035 Acked DATA 2, slide SEND window
056.287 Recv DATA 13 2, ID 10157
056.287 Send DATA 9 9, ID 20185
056.288 Send DATA 10 9, ID 20186
056.558 Recv DATA 14 2, ID 10158
056.590 Recv ACK  3
056.590 Acked DATA 3, slide SEND window
056.599 Send DATA 11 9, ID 20187
056.828 Recv DATA 15 3, ID 10159
056.860 Recv ACK  4
056.860 Acked DATA 4, slide SEND window
056.860 Send DATA 12 9, ID 20188
057.098 Recv DATA 0 4, ID 10160
057.130 Recv ACK  5
057.130 Acked DATA 5, slide SEND window
057.130 Send DATA 13 9, ID 20189
057.368 Recv DATA 1 5, ID 10161
057.400 Recv ACK  6
057.400 Acked DATA 6, slide SEND window
057.400 Send DATA 14 9, ID 20190
057.432 Recv ACK  7
057.432 Acked DATA 7, slide SEND window
057.670 Recv DATA 10 7, ID 10154
057.670 Deliver DATA 10, ID 10154
057.670 .... 155 packets received, 5615 bps, 70.19%, Err 7 (1.8e-05)
057.670 Deliver DATA 11, ID 10155
057.670 Deliver DATA 12, ID 10156
057.671 Deliver DATA 13, ID 10157
057.671 Deliver DATA 14, ID 10158
057.671 Deliver DATA 15, ID 10159
057.671 Deliver DATA 0, ID 10160
057.671 Deliver DATA 1, ID 10161
057.671 Slide RECV window, expect 2 next
057.671 Send DATA 15 1, ID 20191
057.781 Recv ACK  8
057.781 Acked DATA 8, slide SEND window
058.036 Recv ACK  9
058.036 Acked DATA 9, slide SEND window
058.036 Send DATA 0 1, ID 20192
058.306 Recv ACK  10
058.306 Acked DATA 10, slide SEND window
058.306 Send DATA 1 1, ID 20193
058.560 Recv ACK  11
058.560 Acked DATA 11, slide SEND window
058.560 Send DATA 2 1, ID 20194
058.829 Recv ACK  12
058.829 Acked DATA 12, slide SEND window
058.829 Send DATA 3 1, ID 20195
059.003 Recv ACK  13
059.003 Acked DATA 13, slide SEND window
059.003 Send DATA 4 1, ID 20196
059.241 Recv DATA 11 14, ID 10155
059.241 Ignore out-of-window DATA 11
059.241 Acked DATA 14, slide SEND window
059.242 Send DATA 5 1, ID 20197
059.511 Recv DATA 2 15, ID 10162
059.511 Deliver DATA 2, ID 10162
059.511 Slide RECV window, expect 3 next
059.511 Acked DATA 15, slide SEND window
059.511 Send DATA 6 2, ID 20198
059.764 Recv DATA 3 15, ID 10163
059.764 Deliver DATA 3, ID 10163
059.764 .... 164 packets received, 5729 bps, 71.61%, Err 7 (1.7e-05)
059.764 Slide RECV window, expect 4 next
059.764 Send DATA 7 3, ID 20199
060.034 Recv DATA 4 15, ID 10164
060.034 Deliver DATA 4, ID 10164
060.034 Slide RECV window, expect 5 next
060.161 ---- ACK timeout
060.161 Send ACK  4
060.320 Recv DATA 5 0, ID 10165
060.320 Deliver DATA 5, ID 10165
060.320 Slide RECV window, expect 6 next
060.320 Acked DATA 0, slide SEND window
060.321 Send DATA 8 5, ID 20200
060.558 Recv DATA 6 1, ID 10166
060.558 Deliver DATA 6, ID 10166
060.558 Slide RECV window, expect 7 next
060.558 Acked DATA 1, slide SEND window
060.559 Send DATA 9 6, ID 20201
060.828 Recv DATA 7 2, ID 10167
060.828 Deliver DATA 7, ID 10167
060.828 Slide RECV window, expect 8 next
060.828 Acked DATA 2, slide SEND window
060.828 Send DATA 10 7, ID 20202
061.099 Recv DATA 8 3, ID 10168
061.099 Deliver DATA 8, ID 10168
061.099 Slide RECV window, expect 9 next
061.099 Acked DATA 3, slide SEND window
061.099 Send DATA 11 8, ID 20203
061.368 Recv DATA 9 4, ID 10169
061.368 Deliver DATA 9, ID 10169
061.368 Slide RECV window, expect 10 next
061.368 Acked DATA 4, slide SEND window
061.369 Send DATA 12 9, ID 20204
061.400 Recv ACK  5
061.400 Acked DATA 5, slide SEND window
061.400 Send DATA 13 9, ID 20205
061.638 Recv DATA 10 6, ID 10170
061.638 Deliver DATA 10, ID 10170
061.638 Slide RECV window, expect 11 next
061.638 Acked DATA 6, slide SEND window
061.638 Send DATA 14 10, ID 20206
061.908 Recv DATA 11 7, ID 10171
061.908 Deliver DATA 11, ID 10171
061.908 .... 172 packets received, 5797 bps, 72.46%, Err 7 (1.7e-05)
061.908 Slide RECV window, expect 12 next
061.908 Acked DATA 7, slide SEND window
061.908 Send DATA 15 11, ID 20207
062.177 Recv DATA 12 7, ID 10172
062.177 Deliver DATA 12, ID 10172
062.177 Slide RECV window, expect 13 next
062.304 ---- ACK timeout
062.304 Send ACK  12
062.430 Recv DATA 13 8, ID 10173
062.430 Deliver DATA 13, ID 10173
062.430 Slide RECV window, expect 14 next
062.430 Acked DATA 8, slide SEND window
062.430 Send DATA 0 13, ID 20208
062.699 Recv DATA 14 9, ID 10174
062.699 Deliver DATA 14, ID 10174
062.699 Slide RECV window, expect 15 next
062.699 Acked DATA 9, slide SEND window
062.699 Send DATA 1 14, ID 20209
062.969 Recv DATA 15 10, ID 10175
062.978 Deliver DATA 15, ID 10175
062.978 Slide RECV window, expect 0 next
062.978 Acked DATA 10, slide SEND window
062.978 Send DATA 2 15, ID 20210
063.222 Recv DATA 0 11, ID 10176
063.222 Deliver DATA 0, ID 10176
063.222 Slide RECV window, expect 1 next
063.222 Acked DATA 11, slide SEND window
063.222 Send DATA 3 0, ID 20211
063.253 Recv NAK  12
063.253 ---- Resend DATA 12 on NAK
063.253 Send DATA 12 0, ID 20204
063.475 Recv DATA 1 11, ID 10177
063.475 Deliver DATA 1, ID 10177
063.475 Slide RECV window, expect 2 next
063.602 ---- ACK timeout
063.602 Send ACK  1
063.745 Recv DATA 2 11, ID 10178
063.745 Deliver DATA 2, ID 10178
063.745 Slide RECV window, expect 3 next
063.872 ---- ACK timeout
063.872 Send ACK  2
064.015 Recv DATA 3 11, ID 10179
064.015 Deliver DATA 3, ID 10179
064.015 .... 180 packets received, 5863 bps, 73.29%, Err 7 (1.6e-05)
064.015 Slide RECV window, expect 4 next
064.143 ---- ACK timeout
064.143 Send ACK  3
064.301 Recv DATA 4 11, ID 10180
064.301 Deliver DATA 4, ID 10180
064.301 Slide RECV window, expect 5 next
064.428 ---- ACK timeout
064.428 Send ACK  4
064.571 Recv DATA 5 11, ID 10181
064.571 Deliver DATA 5, ID 10181
064.571 Slide RECV window, expect 6 next
064.699 ---- ACK timeout
064.699 Send ACK  5
064.826 Recv DATA 6 11, ID 10182
064.826 Deliver DATA 6, ID 10182
064.826 Slide RECV window, expect 7 next
064.953 ---- ACK timeout
064.953 Send ACK  6
065.080 Recv DATA 7 11, ID 10183
065.080 Deliver DATA 7, ID 10183
065.080 Slide RECV window, expect 8 next
065.208 ---- ACK timeout
065.208 Send ACK  7
065.365 Recv DATA 8 11, ID 10184
065.366 Deliver DATA 8, ID 10184
065.366 Slide RECV window, expect 9 next
065.493 ---- ACK timeout
065.493 Send ACK  8
065.605 Recv DATA 9 3, ID 10185
065.605 Deliver DATA 9, ID 10185
065.605 Slide RECV window, expect 10 next
065.605 Acked DATA 12, slide SEND window
065.605 Acked DATA 13, slide SEND window
065.605 Acked DATA 14, slide SEND window
065.605 Acked DATA 15, slide SEND window
065.605 Acked DATA 0, slide SEND window
065.605 Acked DATA 1, slide SEND window
065.605 Acked DATA 2, slide SEND window
065.605 Acked DATA 3, slide SEND window
065.605 Send DATA 4 9, ID 20212
065.607 Send DATA 5 9, ID 20213
065.607 Send DATA 6 9, ID 20214
065.607 Send DATA 7 9, ID 20215
065.859 Recv DATA 10 3, ID 10186
065.859 Deliver DATA 10, ID 10186
065.859 Slide RECV window, expect 11 next
065.986 ---- ACK timeout
065.986 Send ACK  10
065.987 Send DATA 8 10, ID 20216
066.129 Recv DATA 11 3, ID 10187
066.129 Deliver DATA 11, ID 10187
066.129 .... 188 packets received, 5924 bps, 74.05%, Err 7 (1.5e-05)
066.129 Slide RECV window, expect 12 next
066.255 ---- ACK timeout
066.255 Send ACK  11
066.255 Send DATA 9 11, ID 20217
066.382 Recv DATA 12 3, ID 10188
066.382 Deliver DATA 12, ID 10188
066.382 Slide RECV window, expect 13 next
066.510 ---- ACK timeout
066.510 Send ACK  12
066.510 Send DATA 10 12, ID 20218
066.653 Recv DATA 13 3, ID 10189
066.653 Deliver DATA 13, ID 10189
066.653 Slide RECV window, expect 14 next
066.780 ---- ACK timeout
066.780 Send ACK  13
066.780 Send DATA 11 13, ID 20219
066.905 Recv DATA 14 3, ID 10190
066.906 Deliver DATA 14, ID 10190
066.906 Slide RECV window, expect 15 next
067.033 ---- ACK timeout
067.033 Send ACK  14
067.175 Recv DATA 15 3, ID 10191
067.175 Deliver DATA 15, ID 10191
067.175 Slide RECV window, expect 0 next
067.302 ---- ACK timeout
067.302 Send ACK  15
067.446 Recv DATA 0 4, ID 10192
067.446 Deliver DATA 0, ID 10192
067.446 Slide RECV window, expect 1 next
067.446 Acked DATA 4, slide SEND window
067.446 Send DATA 12 0, ID 20220
067.699 Recv DATA 1 5, ID 10193
067.699 Deliver DATA 1, ID 10193
067.699 Slide RECV window, expect 2 next
067.699 Acked DATA 5, slide SEND window
067.700 Send DATA 13 1, ID 20221
067.715 Recv ACK  6
067.715 Acked DATA 6, slide SEND window
067.715 Send DATA 14 1, ID 20222
067.986 Recv DATA 2 7, ID 10194
067.987 Deliver DATA 2, ID 10194
067.987 Slide RECV window, expect 3 next
067.987 Acked DATA 7, slide SEND window
067.987 Send DATA 15 2, ID 20223
068.240 Recv DATA 3 8, ID 10195
068.240 Deliver DATA 3, ID 10195
068.242 .... 196 packets received, 5982 bps, 74.78%, Err 7 (1.5e-05)
068.242 Slide RECV window, expect 4 next
068.242 Acked DATA 8, slide SEND window
068.242 Send DATA 0 3, ID 20224
068.511 Recv DATA 4 9, ID 10196
068.511 Deliver DATA 4, ID 10196
068.511 Slide RECV window, expect 5 next
068.511 Acked DATA 9, slide SEND window
068.513 Send DATA 1 4, ID 20225
068.782 Recv DATA 5 10, ID 10197
068.782 Deliver DATA 5, ID 10197
068.782 Slide RECV window, expect 6 next
068.782 Acked DATA 10, slide SEND window
068.782 Send DATA 2 5, ID 20226
069.051 Recv DATA 6 11, ID 10198
069.051 Deliver DATA 6, ID 10198
069.051 Slide RECV window, expect 7 next
069.051 Acked DATA 11, slide SEND window
069.052 Send DATA 3 6, ID 20227
069.321 Recv DATA 7 11, ID 10199
069.322 Deliver DATA 7, ID 10199
069.322 Slide RECV window, expect 8 next
069.449 ---- ACK timeout
069.449 Send ACK  7
069.576 Recv DATA 8 12, ID 10200
069.576 Deliver DATA 8, ID 10200
069.576 Slide RECV window, expect 9 next
069.576 Acked DATA 12, slide SEND window
069.576 Send DATA 4 8, ID 20228
069.846 Recv DATA 9 13, ID 10201
069.846 Deliver DATA 9, ID 10201
069.846 Slide RECV window, expect 10 next
069.846 Acked DATA 13, slide SEND window
069.846 Send DATA 5 9, ID 20229
069.877 Recv ACK  14
069.877 Acked DATA 14, slide SEND window
069.878 Send DATA 6 9, ID 20230
070.115 Recv DATA 10 15, ID 10202
070.115 Deliver DATA 10, ID 10202
070.115 Slide RECV window, expect 11 next
070.115 Acked DATA 15, slide SEND window
070.115 Send DATA 7 10, ID 20231
070.369 Recv DATA 11 0, ID 10203
070.369 Deliver DATA 11, ID 10203
070.369 .... 204 packets received, 6035 bps, 75.44%, Err 7 (1.4e-05)
070.369 Slide RECV window, expect 12 next
070.369 Acked DATA 0, slide SEND window
070.369 Send DATA 8 11, ID 20232
070.638 Recv DATA 12 1, ID 10204
070.638 Deliver DATA 12, ID 10204
070.638 Slide RECV window, expect 13 next
070.638 Acked DATA 1, slide SEND window
070.638 Send DATA 9 12, ID 20233
070.907 Recv DATA 13 2, ID 10205
070.907 Deliver DATA 13, ID 10205
070.907 Slide RECV window, expect 14 next
070.907 Acked DATA 2, slide SEND window
070.907 Send DATA 10 13, ID 20234
071.145 Recv DATA 14 3, ID 10206
071.145 Deliver DATA 14, ID 10206
071.145 Slide RECV window, expect 15 next
071.145 Acked DATA 3, slide SEND window
071.145 Send DATA 11 14, ID 20235
071.416 Recv DATA 15 3, ID 10207
071.416 Deliver DATA 15, ID 10207
071.416 Slide RECV window, expect 0 next
071.543 ---- ACK timeout
071.543 Send ACK  15
071.685 Recv DATA 0 4, ID 10208
071.685 Deliver DATA 0, ID 10208
071.685 Slide RECV window, expect 1 next
071.685 Acked DATA 4, slide SEND window
071.686 Send DATA 12 0, ID 20236
071.939 Recv DATA 1 5, ID 10209
071.939 Deliver DATA 1, ID 10209
071.939 Slide RECV window, expect 2 next
071.939 Acked DATA 5, slide SEND window
071.939 Send DATA 13 1, ID 20237
071.955 Recv ACK  6
071.955 Acked DATA 6, slide SEND window
071.955 Send DATA 14 1, ID 20238
072.177 Impose noise on received data, 8/506488=1.6E-05
072.209 Recv DATA 2 7, ID 10210
072.209 Deliver DATA 2, ID 10210
072.209 Slide RECV window, expect 3 next
072.209 Acked DATA 7, slide SEND window
072.210 Send DATA 15 2, ID 20239
072.479 **** Receiver Error, Bad CRC Checksum
072.479 Request NAK for 3
072.479 Send NAK  3
072.766 Recv DATA 4 9, ID 10212
072.766 Acked DATA 8, slide SEND window
072.766 Acked DATA 9, slide SEND window
072.766 Send DATA 0 2, ID 20240
072.766 Send DATA 1 2, ID 20241
073.004 Recv DATA 5 10, ID 10213
073.004 Acked DATA 10, slide SEND window
073.005 Send DATA 2 2, ID 20242
073.274 Recv DATA 6 11, ID 10214
073.274 Acked DATA 11, slide SEND window
073.275 Send DATA 3 2, ID 20243
073.545 Recv DATA 7 11, ID 10215
073.814 Recv DATA 8 12, ID 10216
073.814 Acked DATA 12, slide SEND window
073.815 Send DATA 4 2, ID 20244
074.084 Recv DATA 9 13, ID 10217
074.084 Acked DATA 13, slide SEND window
074.085 Send DATA 5 2, ID 20245
074.116 Recv ACK  14
074.116 Acked DATA 14, slide SEND window
074.117 Send DATA 6 2, ID 20246
074.338 Recv DATA 10 15, ID 10218
074.338 Acked DATA 15, slide SEND window
074.338 Send DATA 7 2, ID 20247
074.607 Recv DATA 3 15, ID 10211
074.616 Deliver DATA 3, ID 10211
074.616 .... 212 packets received, 5910 bps, 73.87%, Err 8 (1.5e-05)
074.616 Deliver DATA 4, ID 10212
074.616 Deliver DATA 5, ID 10213
074.616 Deliver DATA 6, ID 10214
074.616 Deliver DATA 7, ID 10215
074.616 Deliver DATA 8, ID 10216
074.616 Deliver DATA 9, ID 10217
074.616 Deliver DATA 10, ID 10218
074.616 Slide RECV window, expect 11 next
074.638 Recv ACK  0
074.638 Acked DATA 0, slide SEND window
074.639 Send DATA 8 10, ID 20248
074.797 Recv ACK  1
074.797 Acked DATA 1, slide SEND window
074.797 Send DATA 9 10, ID 20249
075.066 Recv ACK  2
075.066 Acked DATA 2, slide SEND window
075.066 Send DATA 10 10, ID 20250
075.336 Recv ACK  3
075.336 Acked DATA 3, slide SEND window
075.336 Send DATA 11 10, ID 20251
075.590 Recv ACK  4
075.590 Acked DATA 4, slide SEND window
075.590 Send DATA 12 10, ID 20252
075.861 Recv ACK  5
075.861 Acked DATA 5, slide SEND window
075.861 Send DATA 13 10, ID 20253
076.004 Recv ACK  6
076.004 Acked DATA 6, slide SEND window
076.004 Send DATA 14 10, ID 20254
076.036 Recv ACK  7
076.036 Acked DATA 7, slide SEND window
076.258 Recv DATA 11 8, ID 10219
076.258 Deliver DATA 11, ID 10219
076.258 Slide RECV window, expect 12 next
076.258 Acked DATA 8, slide SEND window
076.258 Send DATA 15 11, ID 20255
076.528 Recv DATA 12 8, ID 10220
076.528 Deliver DATA 12, ID 10220
076.528 Slide RECV window, expect 13 next
076.528 Send DATA 0 12, ID 20256
076.781 Recv DATA 13 8, ID 10221
076.781 Deliver DATA 13, ID 10221
076.781 .... 222 packets received, 6011 bps, 75.13%, Err 8 (1.5e-05)
076.781 Slide RECV window, expect 14 next
076.908 ---- ACK timeout
076.908 Send ACK  13
077.051 Recv DATA 14 8, ID 10222
077.051 Deliver DATA 14, ID 10222
077.051 Slide RECV window, expect 15 next
077.083 Recv ACK  9
077.083 Acked DATA 9, slide SEND window
077.084 Send DATA 1 14, ID 20257
077.320 Recv DATA 15 9, ID 10223
077.320 Deliver DATA 15, ID 10223
077.320 Slide RECV window, expect 0 next
077.352 Recv ACK  10
077.352 Acked DATA 10, slide SEND window
077.352 Send DATA 2 15, ID 20258
077.589 Recv DATA 0 10, ID 10224
077.590 Deliver DATA 0, ID 10224
077.590 Slide RECV window, expect 1 next
077.622 Recv ACK  11
077.622 Acked DATA 11, slide SEND window
077.622 Send DATA 3 0, ID 20259
077.844 Recv DATA 1 11, ID 10225
077.844 Deliver DATA 1, ID 10225
077.844 Slide RECV window, expect 2 next
077.876 Recv ACK  12
077.876 Acked DATA 12, slide SEND window
077.876 Send DATA 4 1, ID 20260
078.114 Recv DATA 2 12, ID 10226
078.114 Deliver DATA 2, ID 10226
078.114 Slide RECV window, expect 3 next
078.146 Recv ACK  13
078.146 Acked DATA 13, slide SEND window
078.146 Send DATA 5 2, ID 20261
078.178 Recv ACK  14
078.178 Acked DATA 14, slide SEND window
078.178 Send DATA 6 2, ID 20262
078.416 Recv DATA 3 15, ID 10227
078.416 Deliver DATA 3, ID 10227
078.416 Slide RECV window, expect 4 next
078.416 Acked DATA 15, slide SEND window
078.416 Send DATA 7 3, ID 20263
078.669 Recv DATA 4 0, ID 10228
078.669 Deliver DATA 4, ID 10228
078.669 Slide RECV window, expect 5 next
078.669 Acked DATA 0, slide SEND window
078.669 Send DATA 8 4, ID 20264
078.923 Recv DATA 5 0, ID 10229
078.923 Deliver DATA 5, ID 10229
078.923 .... 230 packets received, 6056 bps, 75.70%, Err 8 (1.5e-05)
078.923 Slide RECV window, expect 6 next
079.051 ---- ACK timeout
079.051 Send ACK  5
079.194 Recv DATA 6 1, ID 10230
079.194 Deliver DATA 6, ID 10230
079.194 Slide RECV window, expect 7 next
079.194 Acked DATA 1, slide SEND window
079.195 Send DATA 9 6, ID 20265
079.463 Recv DATA 7 2, ID 10231
079.463 Deliver DATA 7, ID 10231
079.463 Slide RECV window, expect 8 next
079.463 Acked DATA 2, slide SEND window
079.463 Send DATA 10 7, ID 20266
079.733 Recv DATA 8 3, ID 10232
079.733 Deliver DATA 8, ID 10232
079.733 Slide RECV window, expect 9 next
079.733 Acked DATA 3, slide SEND window
079.733 Send DATA 11 8, ID 20267
079.986 Recv DATA 9 4, ID 10233
079.986 Deliver DATA 9, ID 10233
079.986 Slide RECV window, expect 10 next
079.986 Acked DATA 4, slide SEND window
079.987 Send DATA 12 9, ID 20268
080.241 Recv DATA 10 5, ID 10234
080.250 Deliver DATA 10, ID 10234
080.250 Slide RECV window, expect 11 next
080.250 Acked DATA 5, slide SEND window
080.250 Recv ACK  6
080.250 Acked DATA 6, slide SEND window
080.250 Send DATA 13 10, ID 20269
080.250 Send DATA 14 10, ID 20270
080.510 Recv DATA 11 7, ID 10235
080.510 Deliver DATA 11, ID 10235
080.510 Slide RECV window, expect 12 next
080.510 Acked DATA 7, slide SEND window
080.511 Send DATA 15 11, ID 20271
080.780 Recv DATA 12 8, ID 10236
080.780 Deliver DATA 12, ID 10236
080.780 Slide RECV window, expect 13 next
080.780 Acked DATA 8, slide SEND window
080.781 Send DATA 0 12, ID 20272
081.051 Recv DATA 13 8, ID 10237
081.051 Deliver DATA 13, ID 10237
081.051 .... 238 packets received, 6100 bps, 76.24%, Err 8 (1.4e-05)
081.051 Slide RECV window, expect 14 next
081.084 Impose noise on received data, 9/567136=1.6E-05
081.178 ---- ACK timeout
081.178 Send ACK  13
081.305 Recv DATA 14 9, ID 10238
081.305 Deliver DATA 14, ID 10238
081.305 Slide RECV window, expect 15 next
081.305 Acked DATA 9, slide SEND window
081.306 Send DATA 1 14, ID 20273
081.575 **** Receiver Error, Bad CRC Checksum
081.576 Request NAK for 15
081.576 Send NAK  15
081.830 Recv DATA 0 11, ID 10240
081.830 Acked DATA 10, slide SEND window
081.830 Acked DATA 11, slide SEND window
081.831 Send DATA 2 14, ID 20274
081.831 Send DATA 3 14, ID 20275
081.957 Impose noise on received data, 10/574128=1.7E-05
082.100 Recv DATA 1 12, ID 10241
082.100 Acked DATA 12, slide SEND window
082.100 Send DATA 4 14, ID 20276
082.371 **** Receiver Error, Bad CRC Checksum
082.386 Recv ACK  14
082.386 Acked DATA 13, slide SEND window
082.386 Acked DATA 14, slide SEND window
082.387 Send DATA 5 14, ID 20277
082.387 Send DATA 6 14, ID 20278
082.641 Recv DATA 3 15, ID 10243
082.641 Acked DATA 15, slide SEND window
082.641 Send DATA 7 14, ID 20279
082.910 Recv DATA 4 0, ID 10244
082.910 Acked DATA 0, slide SEND window
082.910 Send DATA 8 14, ID 20280
083.180 Recv DATA 5 0, ID 10245
083.451 Recv DATA 6 1, ID 10246
083.451 Acked DATA 1, slide SEND window
083.451 Send DATA 9 14, ID 20281
083.705 Recv DATA 15 1, ID 10239
083.705 Deliver DATA 15, ID 10239
083.705 .... 240 packets received, 5953 bps, 74.41%, Err 10 (1.7e-05)
083.705 Deliver DATA 0, ID 10240
083.705 Deliver DATA 1, ID 10241
083.705 Slide RECV window, expect 2 next
083.816 Recv ACK  2
083.816 Acked DATA 2, slide SEND window
083.816 Send DATA 10 1, ID 20282
084.069 Recv ACK  3
084.069 Acked DATA 3, slide SEND window
084.070 Send DATA 11 1, ID 20283
084.339 Recv ACK  4
084.339 Acked DATA 4, slide SEND window
084.339 Send DATA 12 1, ID 20284
084.609 Recv ACK  5
084.609 Acked DATA 5, slide SEND window
084.609 Send DATA 13 1, ID 20285
084.863 Recv ACK  6
084.863 Acked DATA 6, slide SEND window
084.863 Send DATA 14 1, ID 20286
085.006 Recv ACK  7
085.006 Acked DATA 7, slide SEND window
085.006 Send DATA 15 1, ID 20287
085.038 Recv ACK  8
085.038 Acked DATA 8, slide SEND window
085.038 Send DATA 0 1, ID 20288
085.069 Recv ACK  9
085.069 Acked DATA 9, slide SEND window
085.260 Recv DATA 7 10, ID 10247
085.261 Request NAK for 2
085.261 Acked DATA 10, slide SEND window
085.261 Send NAK  2
085.261 Send DATA 1 1, ID 20289
085.530 Recv DATA 8 10, ID 10248
085.530 Send DATA 2 1, ID 20290
085.784 Recv DATA 9 10, ID 10249
085.910 Recv ACK  11
085.910 Acked DATA 11, slide SEND window
085.910 Send DATA 3 1, ID 20291
086.181 Recv ACK  12
086.181 Acked DATA 12, slide SEND window
086.181 Send DATA 4 1, ID 20292
086.213 Recv ACK  13
086.213 Acked DATA 13, slide SEND window
086.244 Recv ACK  14
086.244 Acked DATA 14, slide SEND window
086.434 Recv DATA 2 14, ID 10242
086.434 Deliver DATA 2, ID 10242
086.434 .... 243 packets received, 5835 bps, 72.93%, Err 10 (1.7e-05)
086.434 Deliver DATA 3, ID 10243
086.434 Deliver DATA 4, ID 10244
086.434 Deliver DATA 5, ID 10245
086.434 Deliver DATA 6, ID 10246
086.434 Deliver DATA 7, ID 10247
086.434 Deliver DATA 8, ID 10248
086.434 Deliver DATA 9, ID 10249
086.434 Slide RECV window, expect 10 next
086.434 Send DATA 5 9, ID 20293
086.703 Recv DATA 3 14, ID 10243
086.703 Ignore out-of-window DATA 3
086.705 Send DATA 6 9, ID 20294
086.972 Recv DATA 4 15, ID 10244
086.972 Ignore out-of-window DATA 4
086.972 Acked DATA 15, slide SEND window
086.973 Send DATA 7 9, ID 20295
087.227 Recv DATA 2 0, ID 10242
087.227 Ignore out-of-window DATA 2
087.227 Acked DATA 0, slide SEND window
087.227 Send DATA 8 9, ID 20296
087.497 Recv DATA 5 1, ID 10245
087.497 Ignore out-of-window DATA 5
087.497 Acked DATA 1, slide SEND window
087.497 Send DATA 9 9, ID 20297
087.529 Recv ACK  2
087.529 Acked DATA 2, slide SEND window
087.783 Recv DATA 6 2, ID 10246
087.784 Ignore out-of-window DATA 6
087.784 Send DATA 10 9, ID 20298
087.799 Recv ACK  3
087.799 Acked DATA 3, slide SEND window
087.894 Recv ACK  4
087.894 Acked DATA 4, slide SEND window
087.894 Send DATA 11 9, ID 20299
088.148 Recv DATA 10 5, ID 10250
088.148 Deliver DATA 10, ID 10250
088.148 Slide RECV window, expect 11 next
088.148 Acked DATA 5, slide SEND window
088.148 Send DATA 12 10, ID 20300
088.416 Recv DATA 11 5, ID 10251
088.416 Deliver DATA 11, ID 10251
088.416 Slide RECV window, expect 12 next
088.416 Send DATA 13 11, ID 20301
088.654 Recv DATA 12 5, ID 10252
088.654 Deliver DATA 12, ID 10252
088.654 .... 253 packets received, 5921 bps, 74.01%, Err 10 (1.6e-05)
088.654 Slide RECV window, expect 13 next
088.781 ---- ACK timeout
088.781 Send ACK  12
088.924 Recv DATA 13 5, ID 10253
088.924 Deliver DATA 13, ID 10253
088.924 Slide RECV window, expect 14 next
089.052 ---- ACK timeout
089.052 Send ACK  13
089.193 Recv DATA 14 6, ID 10254
089.193 Deliver DATA 14, ID 10254
089.193 Slide RECV window, expect 15 next
089.193 Acked DATA 6, slide SEND window
089.193 Send DATA 14 14, ID 20302
089.447 Recv DATA 15 7, ID 10255
089.447 Deliver DATA 15, ID 10255
089.447 Slide RECV window, expect 0 next
089.447 Acked DATA 7, slide SEND window
089.447 Send DATA 15 15, ID 20303
089.463 Recv ACK  8
089.463 Acked DATA 8, slide SEND window
089.463 Send DATA 0 15, ID 20304
089.733 Recv DATA 0 8, ID 10256
089.733 Deliver DATA 0, ID 10256
089.733 Slide RECV window, expect 1 next
089.764 Recv ACK  9
089.764 Acked DATA 9, slide SEND window
089.764 Send DATA 1 0, ID 20305
090.002 Recv DATA 1 9, ID 10257
090.002 Deliver DATA 1, ID 10257
090.002 Slide RECV window, expect 2 next
090.034 Recv ACK  10
090.034 Acked DATA 10, slide SEND window
090.034 Send DATA 2 1, ID 20306
090.066 Recv ACK  11
090.066 Acked DATA 11, slide SEND window
090.066 Send DATA 3 1, ID 20307
090.272 Recv DATA 2 12, ID 10258
090.272 Deliver DATA 2, ID 10258
090.272 Slide RECV window, expect 3 next
090.272 Acked DATA 12, slide SEND window
090.272 Send DATA 4 2, ID 20308
090.541 Recv DATA 3 13, ID 10259
090.541 Deliver DATA 3, ID 10259
090.541 Slide RECV window, expect 4 next
090.541 Acked DATA 13, slide SEND window
090.541 Send DATA 5 3, ID 20309
090.795 Recv DATA 4 13, ID 10260
090.795 Deliver DATA 4, ID 10260
090.795 .... 261 packets received, 5962 bps, 74.52%, Err 10 (1.6e-05)
090.795 Slide RECV window, expect 5 next
090.921 ---- ACK timeout
090.922 Send ACK  4
091.064 Recv DATA 5 13, ID 10261
091.065 Deliver DATA 5, ID 10261
091.065 Slide RECV window, expect 6 next
091.192 ---- ACK timeout
091.192 Send ACK  5
091.366 Recv DATA 6 14, ID 10262
091.366 Deliver DATA 6, ID 10262
091.366 Slide RECV window, expect 7 next
091.366 Acked DATA 14, slide SEND window
091.366 Send DATA 6 6, ID 20310
091.398 Recv ACK  15
091.398 Acked DATA 15, slide SEND window
091.398 Send DATA 7 6, ID 20311
091.620 Recv DATA 7 15, ID 10263
091.620 Deliver DATA 7, ID 10263
091.620 Slide RECV window, expect 8 next
091.636 Recv ACK  0
091.636 Acked DATA 0, slide SEND window
091.636 Send DATA 8 7, ID 20312
091.891 Recv DATA 8 1, ID 10264
091.891 Deliver DATA 8, ID 10264
091.891 Slide RECV window, expect 9 next
091.891 Acked DATA 1, slide SEND window
091.891 Send DATA 9 8, ID 20313
092.128 Recv DATA 9 2, ID 10265
092.128 Deliver DATA 9, ID 10265
092.128 Slide RECV window, expect 10 next
092.129 Acked DATA 2, slide SEND window
092.129 Send DATA 10 9, ID 20314
092.160 Recv ACK  3
092.160 Acked DATA 3, slide SEND window
092.160 Send DATA 11 9, ID 20315
092.429 Recv DATA 10 4, ID 10266
092.431 Deliver DATA 10, ID 10266
092.431 Slide RECV window, expect 11 next
092.431 Acked DATA 4, slide SEND window
092.431 Send DATA 12 10, ID 20316
092.684 Recv DATA 11 5, ID 10267
092.684 Deliver DATA 11, ID 10267
092.684 Slide RECV window, expect 12 next
092.684 Acked DATA 5, slide SEND window
092.684 Send DATA 13 11, ID 20317
092.954 Recv DATA 12 5, ID 10268
092.954 Deliver DATA 12, ID 10268
092.954 .... 269 packets received, 6000 bps, 75.00%, Err 10 (1.5e-05)
092.954 Slide RECV window, expect 13 next
093.081 ---- ACK timeout
093.081 Send ACK  12
093.192 Recv DATA 13 5, ID 10269
093.192 Deliver DATA 13, ID 10269
093.192 Slide RECV window, expect 14 next
093.224 Recv ACK  6
093.224 Acked DATA 6, slide SEND window
093.224 Send DATA 14 13, ID 20318
093.493 Recv DATA 14 6, ID 10270
093.493 Deliver DATA 14, ID 10270
093.493 Slide RECV window, expect 15 next
093.525 Recv ACK  7
093.525 Acked DATA 7, slide SEND window
093.525 Send DATA 15 14, ID 20319
093.747 Recv DATA 15 8, ID 10271
093.747 Deliver DATA 15, ID 10271
093.747 Slide RECV window, expect 0 next
093.747 Acked DATA 8, slide SEND window
093.747 Send DATA 0 15, ID 20320
093.763 Recv NAK  9
093.763 ---- Resend DATA 9 on NAK
093.763 Send DATA 9 15, ID 20313
094.017 Recv DATA 0 8, ID 10272
094.017 Deliver DATA 0, ID 10272
094.017 Slide RECV window, expect 1 next
094.143 ---- ACK timeout
094.143 Send ACK  0
094.301 Recv DATA 1 8, ID 10273
094.301 Deliver DATA 1, ID 10273
094.301 Slide RECV window, expect 2 next
094.428 ---- ACK timeout
094.428 Send ACK  1
094.555 Recv DATA 2 8, ID 10274
094.555 Deliver DATA 2, ID 10274
094.555 Slide RECV window, expect 3 next
094.683 ---- ACK timeout
094.683 Send ACK  2
094.825 Recv DATA 3 8, ID 10275
094.825 Deliver DATA 3, ID 10275
094.825 Slide RECV window, expect 4 next
094.952 ---- ACK timeout
094.952 Send ACK  3
095.079 Recv DATA 4 8, ID 10276
095.079 Deliver DATA 4, ID 10276
095.079 .... 277 packets received, 6039 bps, 75.49%, Err 10 (1.5e-05)
095.079 Slide RECV window, expect 5 next
095.206 ---- ACK timeout
095.206 Send ACK  4
095.364 Recv DATA 5 8, ID 10277
095.364 Deliver DATA 5, ID 10277
095.364 Slide RECV window, expect 6 next
095.491 ---- ACK timeout
095.491 Send ACK  5
095.618 Recv DATA 6 8, ID 10278
095.618 Deliver DATA 6, ID 10278
095.618 Slide RECV window, expect 7 next
095.745 ---- ACK timeout
095.745 Send ACK  6
095.888 Recv DATA 7 8, ID 10279
095.888 Deliver DATA 7, ID 10279
095.888 Slide RECV window, expect 8 next
096.015 ---- ACK timeout
096.015 Send ACK  7
096.142 Recv DATA 8 12, ID 10280
096.142 Deliver DATA 8, ID 10280
096.142 Slide RECV window, expect 9 next
096.142 Acked DATA 9, slide SEND window
096.142 Acked DATA 10, slide SEND window
096.142 Acked DATA 11, slide SEND window
096.142 Acked DATA 12, slide SEND window
096.142 Send DATA 1 8, ID 20321
096.144 Send DATA 2 8, ID 20322
096.144 Send DATA 3 8, ID 20323
096.144 Send DATA 4 8, ID 20324
096.426 Recv DATA 9 12, ID 10281
096.426 Deliver DATA 9, ID 10281
096.426 Slide RECV window, expect 10 next
096.554 ---- ACK timeout
096.554 Send ACK  9
096.649 Recv DATA 10 12, ID 10282
096.649 Deliver DATA 10, ID 10282
096.649 Slide RECV window, expect 11 next
096.776 ---- ACK timeout
096.776 Send ACK  10
096.918 Recv DATA 11 12, ID 10283
096.918 Deliver DATA 11, ID 10283
096.918 Slide RECV window, expect 12 next
097.045 ---- ACK timeout
097.045 Send ACK  11
097.187 Recv DATA 12 12, ID 10284
097.188 Deliver DATA 12, ID 10284
097.188 .... 285 packets received, 6077 bps, 75.96%, Err 10 (1.5e-05)
097.188 Slide RECV window, expect 13 next
097.315 ---- ACK timeout
097.315 Send ACK  12
097.442 Recv DATA 13 12, ID 10285
097.442 Deliver DATA 13, ID 10285
097.442 Slide RECV window, expect 14 next
097.569 ---- ACK timeout
097.569 Send ACK  13
097.723 ---- DATA 13 timeout
097.723 Send DATA 13 13, ID 20317
097.724 Recv DATA 14 12, ID 10286
097.724 Deliver DATA 14, ID 10286
097.724 Slide RECV window, expect 15 next
097.724 ---- DATA 14 timeout
097.724 Send DATA 14 14, ID 20318
097.742 Recv NAK  13
097.742 ---- Resend DATA 13 on NAK
097.742 Send DATA 13 14, ID 20317
097.943 ---- DATA 15 timeout
097.943 Send DATA 15 14, ID 20319
097.991 Recv DATA 15 12, ID 10287
097.991 Deliver DATA 15, ID 10287
097.991 Slide RECV window, expect 0 next
098.119 ---- ACK timeout
098.119 Send ACK  15
098.262 ---- DATA 0 timeout
098.262 Send DATA 0 15, ID 20320
098.262 Recv DATA 0 12, ID 10288
098.262 Deliver DATA 0, ID 10288
098.262 Slide RECV window, expect 1 next
098.389 ---- ACK timeout
098.389 Send ACK  0
098.501 Recv DATA 1 12, ID 10289
098.501 Deliver DATA 1, ID 10289
098.501 Slide RECV window, expect 2 next
098.628 ---- ACK timeout
098.628 Send ACK  1
098.787 Recv DATA 2 12, ID 10290
098.787 Deliver DATA 2, ID 10290
098.787 Slide RECV window, expect 3 next
098.916 ---- ACK timeout
098.916 Send ACK  2
099.058 Recv DATA 3 12, ID 10291
099.058 Deliver DATA 3, ID 10291
099.058 Slide RECV window, expect 4 next
099.185 ---- ACK timeout
099.185 Send ACK  3
099.297 Recv DATA 4 12, ID 10292
099.297 Deliver DATA 4, ID 10292
099.297 .... 293 packets received, 6113 bps, 76.42%, Err 10 (1.4e-05)
099.297 Slide RECV window, expect 5 next
099.313 Recv ACK  4
099.313 Acked DATA 13, slide SEND window
099.313 Acked DATA 14, slide SEND window
099.313 Acked DATA 15, slide SEND window
099.313 Acked DATA 0, slide SEND window
099.313 Acked DATA 1, slide SEND window
099.313 Acked DATA 2, slide SEND window
099.313 Acked DATA 3, slide SEND window
099.313 Acked DATA 4, slide SEND window
099.313 Send DATA 5 4, ID 20325
099.314 Send DATA 6 4, ID 20326
099.315 Send DATA 7 4, ID 20327
099.315 Send DATA 8 4, ID 20328
099.567 Recv DATA 5 4, ID 10293
099.567 Deliver DATA 5, ID 10293
099.567 Slide RECV window, expect 6 next
099.695 ---- ACK timeout
099.695 Send ACK  5
099.695 Send DATA 9 5, ID 20329
099.838 Recv DATA 6 4, ID 10294
099.838 Deliver DATA 6, ID 10294
099.838 Slide RECV window, expect 7 next
099.870 Recv ACK  4
099.870 Send DATA 10 6, ID 20330
100.124 Recv DATA 7 4, ID 10295
100.124 Deliver DATA 7, ID 10295
100.124 Slide RECV window, expect 8 next
100.124 Send DATA 11 7, ID 20331
100.362 Recv DATA 8 4, ID 10296
100.362 Deliver DATA 8, ID 10296
100.362 Slide RECV window, expect 9 next
100.489 ---- ACK timeout
100.489 Send ACK  8
100.490 Send DATA 12 8, ID 20332
100.632 Recv DATA 9 4, ID 10297
100.632 Deliver DATA 9, ID 10297
100.632 Slide RECV window, expect 10 next
100.760 ---- ACK timeout
100.760 Send ACK  9
100.903 Recv DATA 10 4, ID 10298
100.903 Deliver DATA 10, ID 10298
100.903 Slide RECV window, expect 11 next
101.030 ---- ACK timeout
101.030 Send ACK  10
101.156 Recv DATA 11 5, ID 10299
101.156 Deliver DATA 11, ID 10299
101.156 Slide RECV window, expect 12 next
101.156 Acked DATA 5, slide SEND window
101.156 Send DATA 13 11, ID 20333
101.427 Recv DATA 12 6, ID 10300
101.427 Deliver DATA 12, ID 10300
101.427 .... 301 packets received, 6147 bps, 76.83%, Err 10 (1.4e-05)
101.427 Slide RECV window, expect 13 next
101.427 Acked DATA 6, slide SEND window
101.427 Send DATA 14 12, ID 20334
101.459 Recv ACK  7
101.459 Acked DATA 7, slide SEND window
101.459 Send DATA 15 12, ID 20335
101.696 Recv DATA 13 8, ID 10301
101.696 Deliver DATA 13, ID 10301
101.696 Slide RECV window, expect 14 next
101.696 Acked DATA 8, slide SEND window
101.697 Send DATA 0 13, ID 20336
101.728 Recv ACK  9
101.728 Acked DATA 9, slide SEND window
101.967 Recv DATA 14 10, ID 10302
101.967 Deliver DATA 14, ID 10302
101.967 Slide RECV window, expect 15 next
101.967 Acked DATA 10, slide SEND window
101.967 Send DATA 1 14, ID 20337
101.967 Send DATA 2 14, ID 20338
102.236 Recv DATA 15 11, ID 10303
102.236 Deliver DATA 15, ID 10303
102.236 Slide RECV window, expect 0 next
102.236 Acked DATA 11, slide SEND window
102.363 ---- ACK timeout
102.363 Send ACK  15
102.363 Send DATA 3 15, ID 20339
102.506 Recv DATA 0 11, ID 10304
102.506 Deliver DATA 0, ID 10304
102.506 Slide RECV window, expect 1 next
102.633 ---- ACK timeout
102.633 Send ACK  0
102.760 Recv DATA 1 12, ID 10305
102.760 Deliver DATA 1, ID 10305
102.760 Slide RECV window, expect 2 next
102.760 Acked DATA 12, slide SEND window
102.760 Send DATA 4 1, ID 20340
103.031 Recv DATA 2 12, ID 10306
103.033 Deliver DATA 2, ID 10306
103.033 Slide RECV window, expect 3 next
103.158 ---- ACK timeout
103.158 Send ACK  2
103.285 Recv DATA 3 13, ID 10307
103.285 Deliver DATA 3, ID 10307
103.285 Slide RECV window, expect 4 next
103.285 Acked DATA 13, slide SEND window
103.285 Send DATA 5 3, ID 20341
103.555 Recv DATA 4 14, ID 10308
103.555 Deliver DATA 4, ID 10308
103.555 .... 309 packets received, 6179 bps, 77.24%, Err 10 (1.4e-05)
103.555 Slide RECV window, expect 5 next
103.555 Acked DATA 14, slide SEND window
103.556 Send DATA 6 4, ID 20342
103.588 Recv ACK  15
103.588 Acked DATA 15, slide SEND window
103.588 Send DATA 7 4, ID 20343
103.826 Recv DATA 5 0, ID 10309
103.826 Deliver DATA 5, ID 10309
103.826 Slide RECV window, expect 6 next
103.826 Acked DATA 0, slide SEND window
103.826 Send DATA 8 5, ID 20344
104.081 Recv DATA 6 1, ID 10310
104.081 Deliver DATA 6, ID 10310
104.081 Slide RECV window, expect 7 next
104.081 Acked DATA 1, slide SEND window
104.081 Send DATA 9 6, ID 20345
104.351 Recv DATA 7 2, ID 10311
104.351 Deliver DATA 7, ID 10311
104.351 Slide RECV window, expect 8 next
104.351 Acked DATA 2, slide SEND window
104.351 Send DATA 10 7, ID 20346
104.622 Recv DATA 8 3, ID 10312
104.622 Deliver DATA 8, ID 10312
104.622 Slide RECV window, expect 9 next
104.622 Acked DATA 3, slide SEND window
104.622 Send DATA 11 8, ID 20347
104.892 Recv DATA 9 4, ID 10313
104.892 Deliver DATA 9, ID 10313
104.892 Slide RECV window, expect 10 next
104.892 Acked DATA 4, slide SEND window
104.892 Send DATA 12 9, ID 20348
105.162 Recv DATA 10 4, ID 10314
105.162 Deliver DATA 10, ID 10314
105.163 Slide RECV window, expect 11 next
105.290 ---- ACK timeout
105.290 Send ACK  10
105.418 Recv DATA 11 5, ID 10315
105.418 Deliver DATA 11, ID 10315
105.418 Slide RECV window, expect 12 next
105.418 Acked DATA 5, slide SEND window
105.418 Send DATA 13 11, ID 20349
105.687 Recv DATA 12 6, ID 10316
105.687 Deliver DATA 12, ID 10316
105.687 .... 317 packets received, 6210 bps, 77.62%, Err 10 (1.3e-05)
105.687 Slide RECV window, expect 13 next
105.687 Acked DATA 6, slide SEND window
105.687 Send DATA 14 12, ID 20350
105.719 Recv ACK  7
105.719 Acked DATA 7, slide SEND window
105.719 Send DATA 15 12, ID 20351
105.941 Recv DATA 13 8, ID 10317
105.941 Deliver DATA 13, ID 10317
105.941 Slide RECV window, expect 14 next
105.941 Acked DATA 8, slide SEND window
105.941 Send DATA 0 13, ID 20352
106.210 Recv DATA 14 9, ID 10318
106.210 Deliver DATA 14, ID 10318
106.210 Slide RECV window, expect 15 next
106.210 Acked DATA 9, slide SEND window
106.211 Send DATA 1 14, ID 20353
106.479 Recv DATA 15 10, ID 10319
106.479 Deliver DATA 15, ID 10319
106.479 Slide RECV window, expect 0 next
106.479 Acked DATA 10, slide SEND window
106.479 Send DATA 2 15, ID 20354
106.748 Recv DATA 0 11, ID 10320
106.748 Deliver DATA 0, ID 10320
106.748 Slide RECV window, expect 1 next
106.748 Acked DATA 11, slide SEND window
106.748 Send DATA 3 0, ID 20355
107.002 Recv DATA 1 12, ID 10321
107.002 Deliver DATA 1, ID 10321
107.002 Slide RECV window, expect 2 next
107.002 Acked DATA 12, slide SEND window
107.003 Send DATA 4 1, ID 20356
107.271 Recv DATA 2 12, ID 10322
107.271 Deliver DATA 2, ID 10322
107.271 Slide RECV window, expect 3 next
107.399 ---- ACK timeout
107.399 Send ACK  2
107.526 Recv DATA 3 13, ID 10323
107.526 Deliver DATA 3, ID 10323
107.526 Slide RECV window, expect 4 next
107.526 Acked DATA 13, slide SEND window
107.526 Send DATA 5 3, ID 20357
107.796 Recv DATA 4 14, ID 10324
107.796 Deliver DATA 4, ID 10324
107.796 .... 325 packets received, 6241 bps, 78.01%, Err 10 (1.3e-05)
107.796 Slide RECV window, expect 5 next
107.796 Acked DATA 14, slide SEND window
107.797 Send DATA 6 4, ID 20358
107.828 Recv ACK  15
107.828 Acked DATA 15, slide SEND window
107.828 Send DATA 7 4, ID 20359
108.067 Recv DATA 5 0, ID 10325
108.067 Deliver DATA 5, ID 10325
108.067 Slide RECV window, expect 6 next
108.067 Acked DATA 0, slide SEND window
108.067 Send DATA 8 5, ID 20360
108.336 Recv DATA 6 1, ID 10326
108.336 Deliver DATA 6, ID 10326
108.336 Slide RECV window, expect 7 next
108.336 Acked DATA 1, slide SEND window
108.338 Send DATA 9 6, ID 20361
108.590 Recv DATA 7 2, ID 10327
108.590 Deliver DATA 7, ID 10327
108.590 Slide RECV window, expect 8 next
108.590 Acked DATA 2, slide SEND window
108.591 Send DATA 10 7, ID 20362
108.860 Recv DATA 8 3, ID 10328
108.860 Deliver DATA 8, ID 10328
108.860 Slide RECV window, expect 9 next
108.860 Acked DATA 3, slide SEND window
108.860 Send DATA 11 8, ID 20363
109.131 Recv DATA 9 4, ID 10329
109.131 Deliver DATA 9, ID 10329
109.131 Slide RECV window, expect 10 next
109.131 Acked DATA 4, slide SEND window
109.132 Send DATA 12 9, ID 20364
109.385 Recv DATA 10 4, ID 10330
109.385 Deliver DATA 10, ID 10330
109.386 Slide RECV window, expect 11 next
109.514 ---- ACK timeout
109.514 Send ACK  10
109.656 Recv DATA 11 5, ID 10331
109.656 Deliver DATA 11, ID 10331
109.656 Slide RECV window, expect 12 next
109.656 Acked DATA 5, slide SEND window
109.656 Send DATA 13 11, ID 20365
109.924 Recv DATA 12 6, ID 10332
109.924 Deliver DATA 12, ID 10332
109.924 .... 333 packets received, 6269 bps, 78.36%, Err 10 (1.3e-05)
109.924 Slide RECV window, expect 13 next
109.924 Acked DATA 6, slide SEND window
109.924 Send DATA 14 12, ID 20366
109.955 Recv ACK  7
109.955 Acked DATA 7, slide SEND window
109.956 Send DATA 15 12, ID 20367
110.178 Recv DATA 13 8, ID 10333
110.178 Deliver DATA 13, ID 10333
110.178 Slide RECV window, expect 14 next
110.178 Acked DATA 8, slide SEND window
110.178 Send DATA 0 13, ID 20368
110.448 Recv DATA 14 9, ID 10334
110.448 Deliver DATA 14, ID 10334
110.448 Slide RECV window, expect 15 next
110.448 Acked DATA 9, slide SEND window
110.448 Send DATA 1 14, ID 20369
110.717 Recv DATA 15 10, ID 10335
110.717 Deliver DATA 15, ID 10335
110.717 Slide RECV window, expect 0 next
110.717 Acked DATA 10, slide SEND window
110.717 Send DATA 2 15, ID 20370
110.971 Recv DATA 0 11, ID 10336
110.971 Deliver DATA 0, ID 10336
110.971 Slide RECV window, expect 1 next
110.971 Acked DATA 11, slide SEND window
110.971 Send DATA 3 0, ID 20371
111.241 Recv DATA 1 12, ID 10337
111.241 Deliver DATA 1, ID 10337
111.241 Slide RECV window, expect 2 next
111.241 Acked DATA 12, slide SEND window
111.241 Send DATA 4 1, ID 20372
111.495 Recv DATA 2 12, ID 10338
111.495 Deliver DATA 2, ID 10338
111.495 Slide RECV window, expect 3 next
111.622 ---- ACK timeout
111.622 Send ACK  2
111.764 Recv DATA 3 13, ID 10339
111.765 Deliver DATA 3, ID 10339
111.765 Slide RECV window, expect 4 next
111.765 Acked DATA 13, slide SEND window
111.765 Send DATA 5 3, ID 20373
112.035 Recv DATA 4 14, ID 10340
112.035 Deliver DATA 4, ID 10340
112.035 .... 341 packets received, 6298 bps, 78.72%, Err 10 (1.2e-05)
112.035 Slide RECV window, expect 5 next
112.035 Acked DATA 14, slide SEND window
112.035 Send DATA 6 4, ID 20374
112.066 Recv ACK  15
112.066 Acked DATA 15, slide SEND window
112.066 Send DATA 7 4, ID 20375
112.304 Recv DATA 5 0, ID 10341
112.304 Deliver DATA 5, ID 10341
112.304 Slide RECV window, expect 6 next
112.304 Acked DATA 0, slide SEND window
112.304 Send DATA 8 5, ID 20376
112.573 Recv DATA 6 1, ID 10342
112.573 Deliver DATA 6, ID 10342
112.573 Slide RECV window, expect 7 next
112.573 Acked DATA 1, slide SEND window
112.573 Send DATA 9 6, ID 20377
112.827 Recv DATA 7 2, ID 10343
112.827 Deliver DATA 7, ID 10343
112.828 Slide RECV window, expect 8 next
112.828 Acked DATA 2, slide SEND window
112.828 Send DATA 10 7, ID 20378
113.098 Recv DATA 8 3, ID 10344
113.099 Deliver DATA 8, ID 10344
113.099 Slide RECV window, expect 9 next
113.099 Acked DATA 3, slide SEND window
113.099 Send DATA 11 8, ID 20379
113.353 Recv DATA 9 4, ID 10345
113.353 Deliver DATA 9, ID 10345
113.353 Slide RECV window, expect 10 next
113.353 Acked DATA 4, slide SEND window
113.353 Send DATA 12 9, ID 20380
113.622 Recv DATA 10 4, ID 10346
113.622 Deliver DATA 10, ID 10346
113.622 Slide RECV window, expect 11 next
113.748 ---- ACK timeout
113.748 Send ACK  10
113.890 Recv DATA 11 5, ID 10347
113.890 Deliver DATA 11, ID 10347
113.890 Slide RECV window, expect 12 next
113.890 Acked DATA 5, slide SEND window
113.890 Send DATA 13 11, ID 20381
114.160 Recv DATA 12 6, ID 10348
114.160 Deliver DATA 12, ID 10348
114.161 .... 349 packets received, 6324 bps, 79.05%, Err 10 (1.2e-05)
114.161 Slide RECV window, expect 13 next
114.161 Acked DATA 6, slide SEND window
114.161 Send DATA 14 12, ID 20382
114.192 Recv ACK  7
114.192 Acked DATA 7, slide SEND window
114.192 Send DATA 15 12, ID 20383
114.415 Recv DATA 13 8, ID 10349
114.415 Deliver DATA 13, ID 10349
114.415 Slide RECV window, expect 14 next
114.415 Acked DATA 8, slide SEND window
114.415 Send DATA 0 13, ID 20384
114.684 Recv DATA 14 9, ID 10350
114.684 Deliver DATA 14, ID 10350
114.684 Slide RECV window, expect 15 next
114.684 Acked DATA 9, slide SEND window
114.684 Send DATA 1 14, ID 20385
114.937 Recv DATA 15 10, ID 10351
114.937 Deliver DATA 15, ID 10351
114.937 Slide RECV window, expect 0 next
114.937 Acked DATA 10, slide SEND window
114.937 Send DATA 2 15, ID 20386
115.207 Recv DATA 0 11, ID 10352
115.207 Deliver DATA 0, ID 10352
115.207 Slide RECV window, expect 1 next
115.207 Acked DATA 11, slide SEND window
115.207 Send DATA 3 0, ID 20387
115.477 Recv DATA 1 12, ID 10353
115.477 Deliver DATA 1, ID 10353
115.477 Slide RECV window, expect 2 next
115.477 Acked DATA 12, slide SEND window
115.477 Send DATA 4 1, ID 20388
115.747 Recv DATA 2 12, ID 10354
115.747 Deliver DATA 2, ID 10354
115.747 Slide RECV window, expect 3 next
115.874 ---- ACK timeout
115.874 Send ACK  2
116.017 Recv DATA 3 13, ID 10355
116.017 Deliver DATA 3, ID 10355
116.017 Slide RECV window, expect 4 next
116.017 Acked DATA 13, slide SEND window
116.017 Send DATA 5 3, ID 20389
116.285 Recv DATA 4 14, ID 10356
116.285 Deliver DATA 4, ID 10356
116.285 .... 357 packets received, 6350 bps, 79.37%, Err 10 (1.2e-05)
116.285 Slide RECV window, expect 5 next
116.285 Acked DATA 14, slide SEND window
116.285 Send DATA 6 4, ID 20390
116.317 Recv ACK  15
116.317 Acked DATA 15, slide SEND window
116.317 Send DATA 7 4, ID 20391
116.555 Recv DATA 5 0, ID 10357
116.555 Deliver DATA 5, ID 10357
116.555 Slide RECV window, expect 6 next
116.555 Acked DATA 0, slide SEND window
116.556 Send DATA 8 5, ID 20392
116.809 Recv DATA 6 1, ID 10358
116.809 Deliver DATA 6, ID 10358
116.809 Slide RECV window, expect 7 next
116.809 Acked DATA 1, slide SEND window
116.809 Send DATA 9 6, ID 20393
117.079 Recv DATA 7 2, ID 10359
117.079 Deliver DATA 7, ID 10359
117.079 Slide RECV window, expect 8 next
117.079 Acked DATA 2, slide SEND window
117.079 Send DATA 10 7, ID 20394
117.333 Recv DATA 8 3, ID 10360
117.333 Deliver DATA 8, ID 10360
117.333 Slide RECV window, expect 9 next
117.333 Acked DATA 3, slide SEND window
117.333 Send DATA 11 8, ID 20395
117.586 Recv DATA 9 4, ID 10361
117.586 Deliver DATA 9, ID 10361
117.586 Slide RECV window, expect 10 next
117.586 Acked DATA 4, slide SEND window
117.587 Send DATA 12 9, ID 20396
117.856 Recv DATA 10 4, ID 10362
117.856 Deliver DATA 10, ID 10362
117.856 Slide RECV window, expect 11 next
117.983 ---- ACK timeout
117.983 Send ACK  10
118.126 Recv DATA 11 5, ID 10363
118.126 Deliver DATA 11, ID 10363
118.126 Slide RECV window, expect 12 next
118.126 Acked DATA 5, slide SEND window
118.126 Send DATA 13 11, ID 20397
118.379 Recv DATA 12 6, ID 10364
118.379 Deliver DATA 12, ID 10364
118.379 .... 365 packets received, 6376 bps, 79.70%, Err 10 (1.2e-05)
118.379 Slide RECV window, expect 13 next
118.379 Acked DATA 6, slide SEND window
118.380 Send DATA 14 12, ID 20398
118.411 Recv ACK  7
118.411 Acked DATA 7, slide SEND window
118.411 Send DATA 15 12, ID 20399
118.649 Recv DATA 13 8, ID 10365
118.649 Deliver DATA 13, ID 10365
118.649 Slide RECV window, expect 14 next
118.649 Acked DATA 8, slide SEND window
118.649 Send DATA 0 13, ID 20400
118.920 Recv DATA 14 9, ID 10366
118.920 Deliver DATA 14, ID 10366
118.920 Slide RECV window, expect 15 next
118.920 Acked DATA 9, slide SEND window
118.920 Send DATA 1 14, ID 20401
119.190 Recv DATA 15 10, ID 10367
119.190 Deliver DATA 15, ID 10367
119.190 Slide RECV window, expect 0 next
119.190 Acked DATA 10, slide SEND window
119.190 Send DATA 2 15, ID 20402
119.444 Recv DATA 0 11, ID 10368
119.445 Deliver DATA 0, ID 10368
119.445 Slide RECV window, expect 1 next
119.445 Acked DATA 11, slide SEND window
119.445 Send DATA 3 0, ID 20403
119.714 Recv DATA 1 12, ID 10369
119.714 Deliver DATA 1, ID 10369
119.714 Slide RECV window, expect 2 next
119.714 Acked DATA 12, slide SEND window
119.714 Send DATA 4 1, ID 20404
119.984 Recv DATA 2 12, ID 10370
119.984 Deliver DATA 2, ID 10370
119.984 Slide RECV window, expect 3 next
120.031 Quit.
